<?xml version="1.0" encoding="UTF-8"?>
<testsuite name="cleanTest.VulnerabilityTest" tests="1" skipped="0" failures="0" errors="0" timestamp="2021-04-07T03:46:45" hostname="DESKTOP-4KAFSOH" time="110.374">
  <properties/>
  <testcase name="startVulnerabilityAttackOwasp" classname="cleanTest.VulnerabilityTest" time="110.374"/>
  <system-out><![CDATA[Request URL: http://localhost:8080/JSON/ascan/action/scan/?url=https://todoist.com/
Request BODY: null
Response CODE: 200
Response BODY: {"scan":"0"}
Request URL: http://localhost:8080/JSON/ascan/view/status/?scanId=0
Request BODY: null
Response CODE: 200
Response BODY: {"status":"0"}
* Percentage Status: 0%
Request URL: http://localhost:8080/JSON/alert/view/alerts/?baseurl=https://todoist.com/
Request BODY: null
Response CODE: 200
Response BODY: {"alerts":[{"sourceid":"3","other":"","method":"GET","evidence":"Set-Cookie: AWSALB","pluginId":"10010","cweid":"16","confidence":"Medium","wascid":"13","description":"A cookie has been set without the HttpOnly flag, which means that the cookie can be accessed by JavaScript. If a malicious script can be run on this page then the cookie will be accessible and can be transmitted to another site. If this is a session cookie then session hijacking may be possible.","messageId":"3","url":"https://todoist.com/","reference":"https://owasp.org/www-community/HttpOnly","solution":"Ensure that the HttpOnly flag is set for all cookies.","alert":"Cookie No HttpOnly Flag","param":"AWSALB","attack":"","name":"Cookie No HttpOnly Flag","risk":"Low","id":"0","alertRef":"10010"},{"sourceid":"3","other":"","method":"GET","evidence":"Set-Cookie: AWSALBCORS","pluginId":"10010","cweid":"16","confidence":"Medium","wascid":"13","description":"A cookie has been set without the HttpOnly flag, which means that the cookie can be accessed by JavaScript. If a malicious script can be run on this page then the cookie will be accessible and can be transmitted to another site. If this is a session cookie then session hijacking may be possible.","messageId":"3","url":"https://todoist.com/","reference":"https://owasp.org/www-community/HttpOnly","solution":"Ensure that the HttpOnly flag is set for all cookies.","alert":"Cookie No HttpOnly Flag","param":"AWSALBCORS","attack":"","name":"Cookie No HttpOnly Flag","risk":"Low","id":"1","alertRef":"10010"},{"sourceid":"3","other":"","method":"GET","evidence":"Set-Cookie: _csrf","pluginId":"10010","cweid":"16","confidence":"Medium","wascid":"13","description":"A cookie has been set without the HttpOnly flag, which means that the cookie can be accessed by JavaScript. If a malicious script can be run on this page then the cookie will be accessible and can be transmitted to another site. If this is a session cookie then session hijacking may be possible.","messageId":"3","url":"https://todoist.com/","reference":"https://owasp.org/www-community/HttpOnly","solution":"Ensure that the HttpOnly flag is set for all cookies.","alert":"Cookie No HttpOnly Flag","param":"_csrf","attack":"","name":"Cookie No HttpOnly Flag","risk":"Low","id":"2","alertRef":"10010"},{"sourceid":"3","other":"","method":"GET","evidence":"Set-Cookie: next-i18next","pluginId":"10010","cweid":"16","confidence":"Medium","wascid":"13","description":"A cookie has been set without the HttpOnly flag, which means that the cookie can be accessed by JavaScript. If a malicious script can be run on this page then the cookie will be accessible and can be transmitted to another site. If this is a session cookie then session hijacking may be possible.","messageId":"3","url":"https://todoist.com/","reference":"https://owasp.org/www-community/HttpOnly","solution":"Ensure that the HttpOnly flag is set for all cookies.","alert":"Cookie No HttpOnly Flag","param":"next-i18next","attack":"","name":"Cookie No HttpOnly Flag","risk":"Low","id":"3","alertRef":"10010"},{"sourceid":"3","other":"","method":"GET","evidence":"Set-Cookie: AWSALB","pluginId":"10054","cweid":"16","confidence":"Medium","wascid":"13","description":"A cookie has been set without the SameSite attribute, which means that the cookie can be sent as a result of a 'cross-site' request. The SameSite attribute is an effective counter measure to cross-site request forgery, cross-site script inclusion, and timing attacks.","messageId":"3","url":"https://todoist.com/","reference":"https://tools.ietf.org/html/draft-ietf-httpbis-cookie-same-site","solution":"Ensure that the SameSite attribute is set to either 'lax' or ideally 'strict' for all cookies.","alert":"Cookie Without SameSite Attribute","param":"AWSALB","attack":"","name":"Cookie Without SameSite Attribute","risk":"Low","id":"4","alertRef":"10054"},{"sourceid":"3","other":"","method":"GET","evidence":"Set-Cookie: AWSALBCORS","pluginId":"10054","cweid":"16","confidence":"Medium","wascid":"13","description":"A cookie has been set with an invalid SameSite attribute value, which means that the cookie can be sent as a result of a 'cross-site' request. The SameSite attribute is an effective counter measure to cross-site request forgery, cross-site script inclusion, and timing attacks.","messageId":"3","url":"https://todoist.com/","reference":"https://tools.ietf.org/html/draft-ietf-httpbis-cookie-same-site","solution":"Ensure that the SameSite attribute is set to either 'lax' or ideally 'strict' for all cookies.","alert":"Cookie Without SameSite Attribute","param":"AWSALBCORS","attack":"","name":"Cookie Without SameSite Attribute","risk":"Low","id":"5","alertRef":"10054"},{"sourceid":"3","other":"","method":"GET","evidence":"Set-Cookie: _csrf","pluginId":"10054","cweid":"16","confidence":"Medium","wascid":"13","description":"A cookie has been set without the SameSite attribute, which means that the cookie can be sent as a result of a 'cross-site' request. The SameSite attribute is an effective counter measure to cross-site request forgery, cross-site script inclusion, and timing attacks.","messageId":"3","url":"https://todoist.com/","reference":"https://tools.ietf.org/html/draft-ietf-httpbis-cookie-same-site","solution":"Ensure that the SameSite attribute is set to either 'lax' or ideally 'strict' for all cookies.","alert":"Cookie Without SameSite Attribute","param":"_csrf","attack":"","name":"Cookie Without SameSite Attribute","risk":"Low","id":"6","alertRef":"10054"},{"sourceid":"3","other":"","method":"GET","evidence":"Set-Cookie: AWSALB","pluginId":"10011","cweid":"614","confidence":"Medium","wascid":"13","description":"A cookie has been set without the secure flag, which means that the cookie can be accessed via unencrypted connections.","messageId":"3","url":"https://todoist.com/","reference":"https://owasp.org/www-project-web-security-testing-guide/v41/4-Web_Application_Security_Testing/06-Session_Management_Testing/02-Testing_for_Cookies_Attributes.html","solution":"Whenever a cookie contains sensitive information or is a session token, then it should always be passed using an encrypted channel. Ensure that the secure flag is set for cookies containing such sensitive information.","alert":"Cookie Without Secure Flag","param":"AWSALB","attack":"","name":"Cookie Without Secure Flag","risk":"Low","id":"7","alertRef":"10011"},{"sourceid":"3","other":"","method":"GET","evidence":"Set-Cookie: _csrf","pluginId":"10011","cweid":"614","confidence":"Medium","wascid":"13","description":"A cookie has been set without the secure flag, which means that the cookie can be accessed via unencrypted connections.","messageId":"3","url":"https://todoist.com/","reference":"https://owasp.org/www-project-web-security-testing-guide/v41/4-Web_Application_Security_Testing/06-Session_Management_Testing/02-Testing_for_Cookies_Attributes.html","solution":"Whenever a cookie contains sensitive information or is a session token, then it should always be passed using an encrypted channel. Ensure that the secure flag is set for cookies containing such sensitive information.","alert":"Cookie Without Secure Flag","param":"_csrf","attack":"","name":"Cookie Without Secure Flag","risk":"Low","id":"8","alertRef":"10011"},{"sourceid":"3","other":"","method":"GET","evidence":"Set-Cookie: next-i18next","pluginId":"10011","cweid":"614","confidence":"Medium","wascid":"13","description":"A cookie has been set without the secure flag, which means that the cookie can be accessed via unencrypted connections.","messageId":"3","url":"https://todoist.com/","reference":"https://owasp.org/www-project-web-security-testing-guide/v41/4-Web_Application_Security_Testing/06-Session_Management_Testing/02-Testing_for_Cookies_Attributes.html","solution":"Whenever a cookie contains sensitive information or is a session token, then it should always be passed using an encrypted channel. Ensure that the secure flag is set for cookies containing such sensitive information.","alert":"Cookie Without Secure Flag","param":"next-i18next","attack":"","name":"Cookie Without Secure Flag","risk":"Low","id":"9","alertRef":"10011"},{"sourceid":"3","other":"","method":"GET","evidence":"","pluginId":"10015","cweid":"525","confidence":"Medium","wascid":"13","description":"The cache-control and pragma HTTP header have not been set properly or are missing allowing the browser and proxies to cache content.","messageId":"5","url":"https://todoist.com/es","reference":"https://cheatsheetseries.owasp.org/cheatsheets/Session_Management_Cheat_Sheet.html#web-content-caching","solution":"Whenever possible ensure the cache-control HTTP header is set with no-cache, no-store, must-revalidate; and that the pragma HTTP header is set with no-cache.","alert":"Incomplete or No Cache-control and Pragma HTTP Header Set","param":"Cache-Control","attack":"","name":"Incomplete or No Cache-control and Pragma HTTP Header Set","risk":"Low","id":"10","alertRef":"10015"},{"sourceid":"3","other":"","method":"GET","evidence":"Set-Cookie: AWSALB","pluginId":"10010","cweid":"16","confidence":"Medium","wascid":"13","description":"A cookie has been set without the HttpOnly flag, which means that the cookie can be accessed by JavaScript. If a malicious script can be run on this page then the cookie will be accessible and can be transmitted to another site. If this is a session cookie then session hijacking may be possible.","messageId":"5","url":"https://todoist.com/es","reference":"https://owasp.org/www-community/HttpOnly","solution":"Ensure that the HttpOnly flag is set for all cookies.","alert":"Cookie No HttpOnly Flag","param":"AWSALB","attack":"","name":"Cookie No HttpOnly Flag","risk":"Low","id":"11","alertRef":"10010"},{"sourceid":"3","other":"","method":"GET","evidence":"Set-Cookie: AWSALBCORS","pluginId":"10010","cweid":"16","confidence":"Medium","wascid":"13","description":"A cookie has been set without the HttpOnly flag, which means that the cookie can be accessed by JavaScript. If a malicious script can be run on this page then the cookie will be accessible and can be transmitted to another site. If this is a session cookie then session hijacking may be possible.","messageId":"5","url":"https://todoist.com/es","reference":"https://owasp.org/www-community/HttpOnly","solution":"Ensure that the HttpOnly flag is set for all cookies.","alert":"Cookie No HttpOnly Flag","param":"AWSALBCORS","attack":"","name":"Cookie No HttpOnly Flag","risk":"Low","id":"12","alertRef":"10010"},{"sourceid":"3","other":"","method":"GET","evidence":"Set-Cookie: next-i18next","pluginId":"10010","cweid":"16","confidence":"Medium","wascid":"13","description":"A cookie has been set without the HttpOnly flag, which means that the cookie can be accessed by JavaScript. If a malicious script can be run on this page then the cookie will be accessible and can be transmitted to another site. If this is a session cookie then session hijacking may be possible.","messageId":"5","url":"https://todoist.com/es","reference":"https://owasp.org/www-community/HttpOnly","solution":"Ensure that the HttpOnly flag is set for all cookies.","alert":"Cookie No HttpOnly Flag","param":"next-i18next","attack":"","name":"Cookie No HttpOnly Flag","risk":"Low","id":"13","alertRef":"10010"},{"sourceid":"3","other":"","method":"GET","evidence":"Set-Cookie: AWSALB","pluginId":"10054","cweid":"16","confidence":"Medium","wascid":"13","description":"A cookie has been set without the SameSite attribute, which means that the cookie can be sent as a result of a 'cross-site' request. The SameSite attribute is an effective counter measure to cross-site request forgery, cross-site script inclusion, and timing attacks.","messageId":"5","url":"https://todoist.com/es","reference":"https://tools.ietf.org/html/draft-ietf-httpbis-cookie-same-site","solution":"Ensure that the SameSite attribute is set to either 'lax' or ideally 'strict' for all cookies.","alert":"Cookie Without SameSite Attribute","param":"AWSALB","attack":"","name":"Cookie Without SameSite Attribute","risk":"Low","id":"14","alertRef":"10054"},{"sourceid":"3","other":"","method":"GET","evidence":"Set-Cookie: AWSALBCORS","pluginId":"10054","cweid":"16","confidence":"Medium","wascid":"13","description":"A cookie has been set with an invalid SameSite attribute value, which means that the cookie can be sent as a result of a 'cross-site' request. The SameSite attribute is an effective counter measure to cross-site request forgery, cross-site script inclusion, and timing attacks.","messageId":"5","url":"https://todoist.com/es","reference":"https://tools.ietf.org/html/draft-ietf-httpbis-cookie-same-site","solution":"Ensure that the SameSite attribute is set to either 'lax' or ideally 'strict' for all cookies.","alert":"Cookie Without SameSite Attribute","param":"AWSALBCORS","attack":"","name":"Cookie Without SameSite Attribute","risk":"Low","id":"15","alertRef":"10054"},{"sourceid":"3","other":"","method":"GET","evidence":"Set-Cookie: AWSALB","pluginId":"10011","cweid":"614","confidence":"Medium","wascid":"13","description":"A cookie has been set without the secure flag, which means that the cookie can be accessed via unencrypted connections.","messageId":"5","url":"https://todoist.com/es","reference":"https://owasp.org/www-project-web-security-testing-guide/v41/4-Web_Application_Security_Testing/06-Session_Management_Testing/02-Testing_for_Cookies_Attributes.html","solution":"Whenever a cookie contains sensitive information or is a session token, then it should always be passed using an encrypted channel. Ensure that the secure flag is set for cookies containing such sensitive information.","alert":"Cookie Without Secure Flag","param":"AWSALB","attack":"","name":"Cookie Without Secure Flag","risk":"Low","id":"16","alertRef":"10011"},{"sourceid":"3","other":"","method":"GET","evidence":"Set-Cookie: next-i18next","pluginId":"10011","cweid":"614","confidence":"Medium","wascid":"13","description":"A cookie has been set without the secure flag, which means that the cookie can be accessed via unencrypted connections.","messageId":"5","url":"https://todoist.com/es","reference":"https://owasp.org/www-project-web-security-testing-guide/v41/4-Web_Application_Security_Testing/06-Session_Management_Testing/02-Testing_for_Cookies_Attributes.html","solution":"Whenever a cookie contains sensitive information or is a session token, then it should always be passed using an encrypted channel. Ensure that the secure flag is set for cookies containing such sensitive information.","alert":"Cookie Without Secure Flag","param":"next-i18next","attack":"","name":"Cookie Without Secure Flag","risk":"Low","id":"17","alertRef":"10011"},{"sourceid":"3","other":"","method":"GET","evidence":"<script src=\"https://www.googleoptimize.com/optimize.js?id=OPT-PNP389R\"><\/script>","pluginId":"10017","cweid":"829","confidence":"Medium","wascid":"15","description":"The page includes one or more script files from a third-party domain.","messageId":"5","url":"https://todoist.com/es","reference":"","solution":"Ensure JavaScript source files are loaded from only trusted sources, and the sources can't be controlled by end users of the application.","alert":"Cross-Domain JavaScript Source File Inclusion","param":"https://www.googleoptimize.com/optimize.js?id=OPT-PNP389R","attack":"","name":"Cross-Domain JavaScript Source File Inclusion","risk":"Low","id":"18","alertRef":"10017"},{"sourceid":"3","other":"The following pattern was used: \\bTODO\\b and was detected in the element starting with: \"<script id=\"__NEXT_DATA__\" type=\"application/json\">{\"props\":{\"initialI18nStore\":{\"es\":{\"index\":{\"seoTitle\":\"Todoist: La \\\"to do \", see evidence field for the suspicious comment/snippet.","method":"GET","evidence":"todo","pluginId":"10027","cweid":"200","confidence":"Low","wascid":"13","description":"The response appears to contain suspicious comments which may help an attacker. Note: Matches made within script blocks or files are against the entire content not only comments.","messageId":"5","url":"https://todoist.com/es","reference":"","solution":"Remove all comments that return information that may help an attacker and fix any underlying problems they refer to.","alert":"Information Disclosure - Suspicious Comments","param":"","attack":"","name":"Information Disclosure - Suspicious Comments","risk":"Informational","id":"19","alertRef":"10027"},{"sourceid":"3","other":"This issue still applies to error type pages (401, 403, 500, etc.) as those pages are often still affected by injection issues, in which case there is still concern for browsers sniffing pages away from their actual content type.\nAt \"High\" threshold this scan rule will not alert on client or server error responses.","method":"GET","evidence":"","pluginId":"10021","cweid":"16","confidence":"Medium","wascid":"15","description":"The Anti-MIME-Sniffing header X-Content-Type-Options was not set to 'nosniff'. This allows older versions of Internet Explorer and Chrome to perform MIME-sniffing on the response body, potentially causing the response body to be interpreted and displayed as a content type other than the declared content type. Current (early 2014) and legacy versions of Firefox will use the declared content type (if one is set), rather than performing MIME-sniffing.","messageId":"5","url":"https://todoist.com/es","reference":"http://msdn.microsoft.com/en-us/library/ie/gg622941%28v=vs.85%29.aspx\nhttps://owasp.org/www-community/Security_Headers","solution":"Ensure that the application/web server sets the Content-Type header appropriately, and that it sets the X-Content-Type-Options header to 'nosniff' for all web pages.\nIf possible, ensure that the end user uses a standards-compliant and modern web browser that does not perform MIME-sniffing at all, or that can be directed by the web application/web server to not perform MIME-sniffing.","alert":"X-Content-Type-Options Header Missing","param":"X-Content-Type-Options","attack":"","name":"X-Content-Type-Options Header Missing","risk":"Low","id":"20","alertRef":"10021"},{"sourceid":"3","other":"","method":"GET","evidence":"public, max-age=31536000, immutable","pluginId":"10015","cweid":"525","confidence":"Medium","wascid":"13","description":"The cache-control and pragma HTTP header have not been set properly or are missing allowing the browser and proxies to cache content.","messageId":"6","url":"https://todoist.com/_next/static/css/a5174a254d143c3d3d02321814728bdd71b6ab95_CSS.d9deec97.chunk.css","reference":"https://cheatsheetseries.owasp.org/cheatsheets/Session_Management_Cheat_Sheet.html#web-content-caching","solution":"Whenever possible ensure the cache-control HTTP header is set with no-cache, no-store, must-revalidate; and that the pragma HTTP header is set with no-cache.","alert":"Incomplete or No Cache-control and Pragma HTTP Header Set","param":"Cache-Control","attack":"","name":"Incomplete or No Cache-control and Pragma HTTP Header Set","risk":"Low","id":"21","alertRef":"10015"},{"sourceid":"3","other":"This issue still applies to error type pages (401, 403, 500, etc.) as those pages are often still affected by injection issues, in which case there is still concern for browsers sniffing pages away from their actual content type.\nAt \"High\" threshold this scan rule will not alert on client or server error responses.","method":"GET","evidence":"","pluginId":"10021","cweid":"16","confidence":"Medium","wascid":"15","description":"The Anti-MIME-Sniffing header X-Content-Type-Options was not set to 'nosniff'. This allows older versions of Internet Explorer and Chrome to perform MIME-sniffing on the response body, potentially causing the response body to be interpreted and displayed as a content type other than the declared content type. Current (early 2014) and legacy versions of Firefox will use the declared content type (if one is set), rather than performing MIME-sniffing.","messageId":"6","url":"https://todoist.com/_next/static/css/a5174a254d143c3d3d02321814728bdd71b6ab95_CSS.d9deec97.chunk.css","reference":"http://msdn.microsoft.com/en-us/library/ie/gg622941%28v=vs.85%29.aspx\nhttps://owasp.org/www-community/Security_Headers","solution":"Ensure that the application/web server sets the Content-Type header appropriately, and that it sets the X-Content-Type-Options header to 'nosniff' for all web pages.\nIf possible, ensure that the end user uses a standards-compliant and modern web browser that does not perform MIME-sniffing at all, or that can be directed by the web application/web server to not perform MIME-sniffing.","alert":"X-Content-Type-Options Header Missing","param":"X-Content-Type-Options","attack":"","name":"X-Content-Type-Options Header Missing","risk":"Low","id":"22","alertRef":"10021"},{"sourceid":"3","other":"This issue still applies to error type pages (401, 403, 500, etc.) as those pages are often still affected by injection issues, in which case there is still concern for browsers sniffing pages away from their actual content type.\nAt \"High\" threshold this scan rule will not alert on client or server error responses.","method":"GET","evidence":"","pluginId":"10021","cweid":"16","confidence":"Medium","wascid":"15","description":"The Anti-MIME-Sniffing header X-Content-Type-Options was not set to 'nosniff'. This allows older versions of Internet Explorer and Chrome to perform MIME-sniffing on the response body, potentially causing the response body to be interpreted and displayed as a content type other than the declared content type. Current (early 2014) and legacy versions of Firefox will use the declared content type (if one is set), rather than performing MIME-sniffing.","messageId":"10","url":"https://todoist.com/_next/static/chunks/webpack-3bde8603facc0c807a2b.js","reference":"http://msdn.microsoft.com/en-us/library/ie/gg622941%28v=vs.85%29.aspx\nhttps://owasp.org/www-community/Security_Headers","solution":"Ensure that the application/web server sets the Content-Type header appropriately, and that it sets the X-Content-Type-Options header to 'nosniff' for all web pages.\nIf possible, ensure that the end user uses a standards-compliant and modern web browser that does not perform MIME-sniffing at all, or that can be directed by the web application/web server to not perform MIME-sniffing.","alert":"X-Content-Type-Options Header Missing","param":"X-Content-Type-Options","attack":"","name":"X-Content-Type-Options Header Missing","risk":"Low","id":"23","alertRef":"10021"},{"sourceid":"3","other":"","method":"GET","evidence":"public, max-age=31536000, immutable","pluginId":"10015","cweid":"525","confidence":"Medium","wascid":"13","description":"The cache-control and pragma HTTP header have not been set properly or are missing allowing the browser and proxies to cache content.","messageId":"12","url":"https://todoist.com/_next/static/css/pages/index.e740e94c.chunk.css","reference":"https://cheatsheetseries.owasp.org/cheatsheets/Session_Management_Cheat_Sheet.html#web-content-caching","solution":"Whenever possible ensure the cache-control HTTP header is set with no-cache, no-store, must-revalidate; and that the pragma HTTP header is set with no-cache.","alert":"Incomplete or No Cache-control and Pragma HTTP Header Set","param":"Cache-Control","attack":"","name":"Incomplete or No Cache-control and Pragma HTTP Header Set","risk":"Low","id":"24","alertRef":"10015"},{"sourceid":"3","other":"This issue still applies to error type pages (401, 403, 500, etc.) as those pages are often still affected by injection issues, in which case there is still concern for browsers sniffing pages away from their actual content type.\nAt \"High\" threshold this scan rule will not alert on client or server error responses.","method":"GET","evidence":"","pluginId":"10021","cweid":"16","confidence":"Medium","wascid":"15","description":"The Anti-MIME-Sniffing header X-Content-Type-Options was not set to 'nosniff'. This allows older versions of Internet Explorer and Chrome to perform MIME-sniffing on the response body, potentially causing the response body to be interpreted and displayed as a content type other than the declared content type. Current (early 2014) and legacy versions of Firefox will use the declared content type (if one is set), rather than performing MIME-sniffing.","messageId":"12","url":"https://todoist.com/_next/static/css/pages/index.e740e94c.chunk.css","reference":"http://msdn.microsoft.com/en-us/library/ie/gg622941%28v=vs.85%29.aspx\nhttps://owasp.org/www-community/Security_Headers","solution":"Ensure that the application/web server sets the Content-Type header appropriately, and that it sets the X-Content-Type-Options header to 'nosniff' for all web pages.\nIf possible, ensure that the end user uses a standards-compliant and modern web browser that does not perform MIME-sniffing at all, or that can be directed by the web application/web server to not perform MIME-sniffing.","alert":"X-Content-Type-Options Header Missing","param":"X-Content-Type-Options","attack":"","name":"X-Content-Type-Options Header Missing","risk":"Low","id":"25","alertRef":"10021"},{"sourceid":"3","other":"The following pattern was used: \\bQUERY\\b and was detected in the element starting with: \"_N_E=(window.webpackJsonp_N_E=window.webpackJsonp_N_E||[]).push([[28],{\"0sNQ\":function(e,t){\"trimStart\"in String.prototype||(Str\", see evidence field for the suspicious comment/snippet.","method":"GET","evidence":"query","pluginId":"10027","cweid":"200","confidence":"Low","wascid":"13","description":"The response appears to contain suspicious comments which may help an attacker. Note: Matches made within script blocks or files are against the entire content not only comments.","messageId":"13","url":"https://todoist.com/_next/static/chunks/main-1ca0aabf0fb4e4d9fa88.js","reference":"","solution":"Remove all comments that return information that may help an attacker and fix any underlying problems they refer to.","alert":"Information Disclosure - Suspicious Comments","param":"","attack":"","name":"Information Disclosure - Suspicious Comments","risk":"Informational","id":"26","alertRef":"10027"},{"sourceid":"3","other":"This issue still applies to error type pages (401, 403, 500, etc.) as those pages are often still affected by injection issues, in which case there is still concern for browsers sniffing pages away from their actual content type.\nAt \"High\" threshold this scan rule will not alert on client or server error responses.","method":"GET","evidence":"","pluginId":"10021","cweid":"16","confidence":"Medium","wascid":"15","description":"The Anti-MIME-Sniffing header X-Content-Type-Options was not set to 'nosniff'. This allows older versions of Internet Explorer and Chrome to perform MIME-sniffing on the response body, potentially causing the response body to be interpreted and displayed as a content type other than the declared content type. Current (early 2014) and legacy versions of Firefox will use the declared content type (if one is set), rather than performing MIME-sniffing.","messageId":"13","url":"https://todoist.com/_next/static/chunks/main-1ca0aabf0fb4e4d9fa88.js","reference":"http://msdn.microsoft.com/en-us/library/ie/gg622941%28v=vs.85%29.aspx\nhttps://owasp.org/www-community/Security_Headers","solution":"Ensure that the application/web server sets the Content-Type header appropriately, and that it sets the X-Content-Type-Options header to 'nosniff' for all web pages.\nIf possible, ensure that the end user uses a standards-compliant and modern web browser that does not perform MIME-sniffing at all, or that can be directed by the web application/web server to not perform MIME-sniffing.","alert":"X-Content-Type-Options Header Missing","param":"X-Content-Type-Options","attack":"","name":"X-Content-Type-Options Header Missing","risk":"Low","id":"27","alertRef":"10021"},{"sourceid":"3","other":"The following pattern was used: \\bSELECT\\b and was detected in the element starting with: \"(window.webpackJsonp_N_E=window.webpackJsonp_N_E||[]).push([[2],{\"+wdc\":function(e,t,n){\"use strict\";var r,l,i,a,o;if(\"undefined\", see evidence field for the suspicious comment/snippet.","method":"GET","evidence":"select","pluginId":"10027","cweid":"200","confidence":"Low","wascid":"13","description":"The response appears to contain suspicious comments which may help an attacker. Note: Matches made within script blocks or files are against the entire content not only comments.","messageId":"15","url":"https://todoist.com/_next/static/chunks/framework.dc73b2df61134dea1baf.js","reference":"","solution":"Remove all comments that return information that may help an attacker and fix any underlying problems they refer to.","alert":"Information Disclosure - Suspicious Comments","param":"","attack":"","name":"Information Disclosure - Suspicious Comments","risk":"Informational","id":"28","alertRef":"10027"},{"sourceid":"3","other":"1073741823, which evaluates to: 2004-01-10 08:37:03","method":"GET","evidence":"1073741823","pluginId":"10096","cweid":"200","confidence":"Low","wascid":"13","description":"A timestamp was disclosed by the application/web server - Unix","messageId":"15","url":"https://todoist.com/_next/static/chunks/framework.dc73b2df61134dea1baf.js","reference":"http://projects.webappsec.org/w/page/13246936/Information%20Leakage","solution":"Manually confirm that the timestamp data is not sensitive, and that the data cannot be aggregated to disclose exploitable patterns.","alert":"Timestamp Disclosure - Unix","param":"","attack":"","name":"Timestamp Disclosure - Unix","risk":"Informational","id":"29","alertRef":"10096"},{"sourceid":"3","other":"1073741821, which evaluates to: 2004-01-10 08:37:01","method":"GET","evidence":"1073741821","pluginId":"10096","cweid":"200","confidence":"Low","wascid":"13","description":"A timestamp was disclosed by the application/web server - Unix","messageId":"15","url":"https://todoist.com/_next/static/chunks/framework.dc73b2df61134dea1baf.js","reference":"http://projects.webappsec.org/w/page/13246936/Information%20Leakage","solution":"Manually confirm that the timestamp data is not sensitive, and that the data cannot be aggregated to disclose exploitable patterns.","alert":"Timestamp Disclosure - Unix","param":"","attack":"","name":"Timestamp Disclosure - Unix","risk":"Informational","id":"30","alertRef":"10096"},{"sourceid":"3","other":"1073741822, which evaluates to: 2004-01-10 08:37:02","method":"GET","evidence":"1073741822","pluginId":"10096","cweid":"200","confidence":"Low","wascid":"13","description":"A timestamp was disclosed by the application/web server - Unix","messageId":"15","url":"https://todoist.com/_next/static/chunks/framework.dc73b2df61134dea1baf.js","reference":"http://projects.webappsec.org/w/page/13246936/Information%20Leakage","solution":"Manually confirm that the timestamp data is not sensitive, and that the data cannot be aggregated to disclose exploitable patterns.","alert":"Timestamp Disclosure - Unix","param":"","attack":"","name":"Timestamp Disclosure - Unix","risk":"Informational","id":"42","alertRef":"10096"},{"sourceid":"3","other":"This issue still applies to error type pages (401, 403, 500, etc.) as those pages are often still affected by injection issues, in which case there is still concern for browsers sniffing pages away from their actual content type.\nAt \"High\" threshold this scan rule will not alert on client or server error responses.","method":"GET","evidence":"","pluginId":"10021","cweid":"16","confidence":"Medium","wascid":"15","description":"The Anti-MIME-Sniffing header X-Content-Type-Options was not set to 'nosniff'. This allows older versions of Internet Explorer and Chrome to perform MIME-sniffing on the response body, potentially causing the response body to be interpreted and displayed as a content type other than the declared content type. Current (early 2014) and legacy versions of Firefox will use the declared content type (if one is set), rather than performing MIME-sniffing.","messageId":"15","url":"https://todoist.com/_next/static/chunks/framework.dc73b2df61134dea1baf.js","reference":"http://msdn.microsoft.com/en-us/library/ie/gg622941%28v=vs.85%29.aspx\nhttps://owasp.org/www-community/Security_Headers","solution":"Ensure that the application/web server sets the Content-Type header appropriately, and that it sets the X-Content-Type-Options header to 'nosniff' for all web pages.\nIf possible, ensure that the end user uses a standards-compliant and modern web browser that does not perform MIME-sniffing at all, or that can be directed by the web application/web server to not perform MIME-sniffing.","alert":"X-Content-Type-Options Header Missing","param":"X-Content-Type-Options","attack":"","name":"X-Content-Type-Options Header Missing","risk":"Low","id":"70","alertRef":"10021"},{"sourceid":"3","other":"The following pattern was used: \\bQUERY\\b and was detected in the element starting with: \"(window.webpackJsonp_N_E=window.webpackJsonp_N_E||[]).push([[0],{\"/GRZ\":function(e,t){e.exports=function(e,t){if(!(e instanceof \", see evidence field for the suspicious comment/snippet.","method":"GET","evidence":"query","pluginId":"10027","cweid":"200","confidence":"Low","wascid":"13","description":"The response appears to contain suspicious comments which may help an attacker. Note: Matches made within script blocks or files are against the entire content not only comments.","messageId":"16","url":"https://todoist.com/_next/static/chunks/commons.7f9eaa719ef400edb831.js","reference":"","solution":"Remove all comments that return information that may help an attacker and fix any underlying problems they refer to.","alert":"Information Disclosure - Suspicious Comments","param":"","attack":"","name":"Information Disclosure - Suspicious Comments","risk":"Informational","id":"71","alertRef":"10027"},{"sourceid":"3","other":"This issue still applies to error type pages (401, 403, 500, etc.) as those pages are often still affected by injection issues, in which case there is still concern for browsers sniffing pages away from their actual content type.\nAt \"High\" threshold this scan rule will not alert on client or server error responses.","method":"GET","evidence":"","pluginId":"10021","cweid":"16","confidence":"Medium","wascid":"15","description":"The Anti-MIME-Sniffing header X-Content-Type-Options was not set to 'nosniff'. This allows older versions of Internet Explorer and Chrome to perform MIME-sniffing on the response body, potentially causing the response body to be interpreted and displayed as a content type other than the declared content type. Current (early 2014) and legacy versions of Firefox will use the declared content type (if one is set), rather than performing MIME-sniffing.","messageId":"16","url":"https://todoist.com/_next/static/chunks/commons.7f9eaa719ef400edb831.js","reference":"http://msdn.microsoft.com/en-us/library/ie/gg622941%28v=vs.85%29.aspx\nhttps://owasp.org/www-community/Security_Headers","solution":"Ensure that the application/web server sets the Content-Type header appropriately, and that it sets the X-Content-Type-Options header to 'nosniff' for all web pages.\nIf possible, ensure that the end user uses a standards-compliant and modern web browser that does not perform MIME-sniffing at all, or that can be directed by the web application/web server to not perform MIME-sniffing.","alert":"X-Content-Type-Options Header Missing","param":"X-Content-Type-Options","attack":"","name":"X-Content-Type-Options Header Missing","risk":"Low","id":"72","alertRef":"10021"},{"sourceid":"3","other":"","method":"GET","evidence":"public, max-age=31536000, immutable","pluginId":"10015","cweid":"525","confidence":"Medium","wascid":"13","description":"The cache-control and pragma HTTP header have not been set properly or are missing allowing the browser and proxies to cache content.","messageId":"17","url":"https://todoist.com/_next/static/css/styles.0f6e09ec.chunk.css","reference":"https://cheatsheetseries.owasp.org/cheatsheets/Session_Management_Cheat_Sheet.html#web-content-caching","solution":"Whenever possible ensure the cache-control HTTP header is set with no-cache, no-store, must-revalidate; and that the pragma HTTP header is set with no-cache.","alert":"Incomplete or No Cache-control and Pragma HTTP Header Set","param":"Cache-Control","attack":"","name":"Incomplete or No Cache-control and Pragma HTTP Header Set","risk":"Low","id":"73","alertRef":"10015"},{"sourceid":"3","other":"This issue still applies to error type pages (401, 403, 500, etc.) as those pages are often still affected by injection issues, in which case there is still concern for browsers sniffing pages away from their actual content type.\nAt \"High\" threshold this scan rule will not alert on client or server error responses.","method":"GET","evidence":"","pluginId":"10021","cweid":"16","confidence":"Medium","wascid":"15","description":"The Anti-MIME-Sniffing header X-Content-Type-Options was not set to 'nosniff'. This allows older versions of Internet Explorer and Chrome to perform MIME-sniffing on the response body, potentially causing the response body to be interpreted and displayed as a content type other than the declared content type. Current (early 2014) and legacy versions of Firefox will use the declared content type (if one is set), rather than performing MIME-sniffing.","messageId":"17","url":"https://todoist.com/_next/static/css/styles.0f6e09ec.chunk.css","reference":"http://msdn.microsoft.com/en-us/library/ie/gg622941%28v=vs.85%29.aspx\nhttps://owasp.org/www-community/Security_Headers","solution":"Ensure that the application/web server sets the Content-Type header appropriately, and that it sets the X-Content-Type-Options header to 'nosniff' for all web pages.\nIf possible, ensure that the end user uses a standards-compliant and modern web browser that does not perform MIME-sniffing at all, or that can be directed by the web application/web server to not perform MIME-sniffing.","alert":"X-Content-Type-Options Header Missing","param":"X-Content-Type-Options","attack":"","name":"X-Content-Type-Options Header Missing","risk":"Low","id":"74","alertRef":"10021"},{"sourceid":"3","other":"The following pattern was used: \\bUSER\\b and was detected in the element starting with: \"(window.webpackJsonp_N_E=window.webpackJsonp_N_E||[]).push([[5],{\"2SVd\":function(e,t,n){\"use strict\";e.exports=function(e){retur\", see evidence field for the suspicious comment/snippet.","method":"GET","evidence":"user","pluginId":"10027","cweid":"200","confidence":"Low","wascid":"13","description":"The response appears to contain suspicious comments which may help an attacker. Note: Matches made within script blocks or files are against the entire content not only comments.","messageId":"18","url":"https://todoist.com/_next/static/chunks/98618d58f2d1dd3f4c8f42b4970db65e004fbfe5.6c003068d2db4fbc855f.js","reference":"","solution":"Remove all comments that return information that may help an attacker and fix any underlying problems they refer to.","alert":"Information Disclosure - Suspicious Comments","param":"","attack":"","name":"Information Disclosure - Suspicious Comments","risk":"Informational","id":"75","alertRef":"10027"},{"sourceid":"3","other":"This issue still applies to error type pages (401, 403, 500, etc.) as those pages are often still affected by injection issues, in which case there is still concern for browsers sniffing pages away from their actual content type.\nAt \"High\" threshold this scan rule will not alert on client or server error responses.","method":"GET","evidence":"","pluginId":"10021","cweid":"16","confidence":"Medium","wascid":"15","description":"The Anti-MIME-Sniffing header X-Content-Type-Options was not set to 'nosniff'. This allows older versions of Internet Explorer and Chrome to perform MIME-sniffing on the response body, potentially causing the response body to be interpreted and displayed as a content type other than the declared content type. Current (early 2014) and legacy versions of Firefox will use the declared content type (if one is set), rather than performing MIME-sniffing.","messageId":"18","url":"https://todoist.com/_next/static/chunks/98618d58f2d1dd3f4c8f42b4970db65e004fbfe5.6c003068d2db4fbc855f.js","reference":"http://msdn.microsoft.com/en-us/library/ie/gg622941%28v=vs.85%29.aspx\nhttps://owasp.org/www-community/Security_Headers","solution":"Ensure that the application/web server sets the Content-Type header appropriately, and that it sets the X-Content-Type-Options header to 'nosniff' for all web pages.\nIf possible, ensure that the end user uses a standards-compliant and modern web browser that does not perform MIME-sniffing at all, or that can be directed by the web application/web server to not perform MIME-sniffing.","alert":"X-Content-Type-Options Header Missing","param":"X-Content-Type-Options","attack":"","name":"X-Content-Type-Options Header Missing","risk":"Low","id":"76","alertRef":"10021"},{"sourceid":"3","other":"The following pattern was used: \\bSELECT\\b and was detected in the element starting with: \"(window.webpackJsonp_N_E=window.webpackJsonp_N_E||[]).push([[3],{\"+ipW\":function(e,t,r){\"use strict\";r.d(t,\"a\",(function(){retur\", see evidence field for the suspicious comment/snippet.","method":"GET","evidence":"SELECT","pluginId":"10027","cweid":"200","confidence":"Low","wascid":"13","description":"The response appears to contain suspicious comments which may help an attacker. Note: Matches made within script blocks or files are against the entire content not only comments.","messageId":"19","url":"https://todoist.com/_next/static/chunks/0e8f85b20ed9ab0a6102c8b8298bac1d6cb4c89b.0fe8d2aa3a66f036f1d2.js","reference":"","solution":"Remove all comments that return information that may help an attacker and fix any underlying problems they refer to.","alert":"Information Disclosure - Suspicious Comments","param":"","attack":"","name":"Information Disclosure - Suspicious Comments","risk":"Informational","id":"77","alertRef":"10027"},{"sourceid":"3","other":"268435455, which evaluates to: 1978-07-04 16:24:15","method":"GET","evidence":"268435455","pluginId":"10096","cweid":"200","confidence":"Low","wascid":"13","description":"A timestamp was disclosed by the application/web server - Unix","messageId":"19","url":"https://todoist.com/_next/static/chunks/0e8f85b20ed9ab0a6102c8b8298bac1d6cb4c89b.0fe8d2aa3a66f036f1d2.js","reference":"http://projects.webappsec.org/w/page/13246936/Information%20Leakage","solution":"Manually confirm that the timestamp data is not sensitive, and that the data cannot be aggregated to disclose exploitable patterns.","alert":"Timestamp Disclosure - Unix","param":"","attack":"","name":"Timestamp Disclosure - Unix","risk":"Informational","id":"78","alertRef":"10096"},{"sourceid":"3","other":"1732584193, which evaluates to: 2024-11-25 20:23:13","method":"GET","evidence":"1732584193","pluginId":"10096","cweid":"200","confidence":"Low","wascid":"13","description":"A timestamp was disclosed by the application/web server - Unix","messageId":"19","url":"https://todoist.com/_next/static/chunks/0e8f85b20ed9ab0a6102c8b8298bac1d6cb4c89b.0fe8d2aa3a66f036f1d2.js","reference":"http://projects.webappsec.org/w/page/13246936/Information%20Leakage","solution":"Manually confirm that the timestamp data is not sensitive, and that the data cannot be aggregated to disclose exploitable patterns.","alert":"Timestamp Disclosure - Unix","param":"","attack":"","name":"Timestamp Disclosure - Unix","risk":"Informational","id":"80","alertRef":"10096"},{"sourceid":"3","other":"271733879, which evaluates to: 1978-08-11 20:37:59","method":"GET","evidence":"271733879","pluginId":"10096","cweid":"200","confidence":"Low","wascid":"13","description":"A timestamp was disclosed by the application/web server - Unix","messageId":"19","url":"https://todoist.com/_next/static/chunks/0e8f85b20ed9ab0a6102c8b8298bac1d6cb4c89b.0fe8d2aa3a66f036f1d2.js","reference":"http://projects.webappsec.org/w/page/13246936/Information%20Leakage","solution":"Manually confirm that the timestamp data is not sensitive, and that the data cannot be aggregated to disclose exploitable patterns.","alert":"Timestamp Disclosure - Unix","param":"","attack":"","name":"Timestamp Disclosure - Unix","risk":"Informational","id":"81","alertRef":"10096"},{"sourceid":"3","other":"1732584194, which evaluates to: 2024-11-25 20:23:14","method":"GET","evidence":"1732584194","pluginId":"10096","cweid":"200","confidence":"Low","wascid":"13","description":"A timestamp was disclosed by the application/web server - Unix","messageId":"19","url":"https://todoist.com/_next/static/chunks/0e8f85b20ed9ab0a6102c8b8298bac1d6cb4c89b.0fe8d2aa3a66f036f1d2.js","reference":"http://projects.webappsec.org/w/page/13246936/Information%20Leakage","solution":"Manually confirm that the timestamp data is not sensitive, and that the data cannot be aggregated to disclose exploitable patterns.","alert":"Timestamp Disclosure - Unix","param":"","attack":"","name":"Timestamp Disclosure - Unix","risk":"Informational","id":"82","alertRef":"10096"},{"sourceid":"3","other":"271733878, which evaluates to: 1978-08-11 20:37:58","method":"GET","evidence":"271733878","pluginId":"10096","cweid":"200","confidence":"Low","wascid":"13","description":"A timestamp was disclosed by the application/web server - Unix","messageId":"19","url":"https://todoist.com/_next/static/chunks/0e8f85b20ed9ab0a6102c8b8298bac1d6cb4c89b.0fe8d2aa3a66f036f1d2.js","reference":"http://projects.webappsec.org/w/page/13246936/Information%20Leakage","solution":"Manually confirm that the timestamp data is not sensitive, and that the data cannot be aggregated to disclose exploitable patterns.","alert":"Timestamp Disclosure - Unix","param":"","attack":"","name":"Timestamp Disclosure - Unix","risk":"Informational","id":"83","alertRef":"10096"},{"sourceid":"3","other":"680876936, which evaluates to: 1991-07-30 07:28:56","method":"GET","evidence":"680876936","pluginId":"10096","cweid":"200","confidence":"Low","wascid":"13","description":"A timestamp was disclosed by the application/web server - Unix","messageId":"19","url":"https://todoist.com/_next/static/chunks/0e8f85b20ed9ab0a6102c8b8298bac1d6cb4c89b.0fe8d2aa3a66f036f1d2.js","reference":"http://projects.webappsec.org/w/page/13246936/Information%20Leakage","solution":"Manually confirm that the timestamp data is not sensitive, and that the data cannot be aggregated to disclose exploitable patterns.","alert":"Timestamp Disclosure - Unix","param":"","attack":"","name":"Timestamp Disclosure - Unix","risk":"Informational","id":"84","alertRef":"10096"},{"sourceid":"3","other":"389564586, which evaluates to: 1982-05-06 15:23:06","method":"GET","evidence":"389564586","pluginId":"10096","cweid":"200","confidence":"Low","wascid":"13","description":"A timestamp was disclosed by the application/web server - Unix","messageId":"19","url":"https://todoist.com/_next/static/chunks/0e8f85b20ed9ab0a6102c8b8298bac1d6cb4c89b.0fe8d2aa3a66f036f1d2.js","reference":"http://projects.webappsec.org/w/page/13246936/Information%20Leakage","solution":"Manually confirm that the timestamp data is not sensitive, and that the data cannot be aggregated to disclose exploitable patterns.","alert":"Timestamp Disclosure - Unix","param":"","attack":"","name":"Timestamp Disclosure - Unix","risk":"Informational","id":"85","alertRef":"10096"},{"sourceid":"3","other":"606105819, which evaluates to: 1989-03-16 21:43:39","method":"GET","evidence":"606105819","pluginId":"10096","cweid":"200","confidence":"Low","wascid":"13","description":"A timestamp was disclosed by the application/web server - Unix","messageId":"19","url":"https://todoist.com/_next/static/chunks/0e8f85b20ed9ab0a6102c8b8298bac1d6cb4c89b.0fe8d2aa3a66f036f1d2.js","reference":"http://projects.webappsec.org/w/page/13246936/Information%20Leakage","solution":"Manually confirm that the timestamp data is not sensitive, and that the data cannot be aggregated to disclose exploitable patterns.","alert":"Timestamp Disclosure - Unix","param":"","attack":"","name":"Timestamp Disclosure - Unix","risk":"Informational","id":"86","alertRef":"10096"},{"sourceid":"3","other":"1044525330, which evaluates to: 2003-02-06 04:55:30","method":"GET","evidence":"1044525330","pluginId":"10096","cweid":"200","confidence":"Low","wascid":"13","description":"A timestamp was disclosed by the application/web server - Unix","messageId":"19","url":"https://todoist.com/_next/static/chunks/0e8f85b20ed9ab0a6102c8b8298bac1d6cb4c89b.0fe8d2aa3a66f036f1d2.js","reference":"http://projects.webappsec.org/w/page/13246936/Information%20Leakage","solution":"Manually confirm that the timestamp data is not sensitive, and that the data cannot be aggregated to disclose exploitable patterns.","alert":"Timestamp Disclosure - Unix","param":"","attack":"","name":"Timestamp Disclosure - Unix","risk":"Informational","id":"87","alertRef":"10096"},{"sourceid":"3","other":"176418897, which evaluates to: 1975-08-04 16:14:57","method":"GET","evidence":"176418897","pluginId":"10096","cweid":"200","confidence":"Low","wascid":"13","description":"A timestamp was disclosed by the application/web server - Unix","messageId":"19","url":"https://todoist.com/_next/static/chunks/0e8f85b20ed9ab0a6102c8b8298bac1d6cb4c89b.0fe8d2aa3a66f036f1d2.js","reference":"http://projects.webappsec.org/w/page/13246936/Information%20Leakage","solution":"Manually confirm that the timestamp data is not sensitive, and that the data cannot be aggregated to disclose exploitable patterns.","alert":"Timestamp Disclosure - Unix","param":"","attack":"","name":"Timestamp Disclosure - Unix","risk":"Informational","id":"88","alertRef":"10096"},{"sourceid":"3","other":"1200080426, which evaluates to: 2008-01-11 14:40:26","method":"GET","evidence":"1200080426","pluginId":"10096","cweid":"200","confidence":"Low","wascid":"13","description":"A timestamp was disclosed by the application/web server - Unix","messageId":"19","url":"https://todoist.com/_next/static/chunks/0e8f85b20ed9ab0a6102c8b8298bac1d6cb4c89b.0fe8d2aa3a66f036f1d2.js","reference":"http://projects.webappsec.org/w/page/13246936/Information%20Leakage","solution":"Manually confirm that the timestamp data is not sensitive, and that the data cannot be aggregated to disclose exploitable patterns.","alert":"Timestamp Disclosure - Unix","param":"","attack":"","name":"Timestamp Disclosure - Unix","risk":"Informational","id":"89","alertRef":"10096"},{"sourceid":"3","other":"1473231341, which evaluates to: 2016-09-07 01:55:41","method":"GET","evidence":"1473231341","pluginId":"10096","cweid":"200","confidence":"Low","wascid":"13","description":"A timestamp was disclosed by the application/web server - Unix","messageId":"19","url":"https://todoist.com/_next/static/chunks/0e8f85b20ed9ab0a6102c8b8298bac1d6cb4c89b.0fe8d2aa3a66f036f1d2.js","reference":"http://projects.webappsec.org/w/page/13246936/Information%20Leakage","solution":"Manually confirm that the timestamp data is not sensitive, and that the data cannot be aggregated to disclose exploitable patterns.","alert":"Timestamp Disclosure - Unix","param":"","attack":"","name":"Timestamp Disclosure - Unix","risk":"Informational","id":"90","alertRef":"10096"},{"sourceid":"3","other":"45705983, which evaluates to: 1971-06-13 19:06:23","method":"GET","evidence":"45705983","pluginId":"10096","cweid":"200","confidence":"Low","wascid":"13","description":"A timestamp was disclosed by the application/web server - Unix","messageId":"19","url":"https://todoist.com/_next/static/chunks/0e8f85b20ed9ab0a6102c8b8298bac1d6cb4c89b.0fe8d2aa3a66f036f1d2.js","reference":"http://projects.webappsec.org/w/page/13246936/Information%20Leakage","solution":"Manually confirm that the timestamp data is not sensitive, and that the data cannot be aggregated to disclose exploitable patterns.","alert":"Timestamp Disclosure - Unix","param":"","attack":"","name":"Timestamp Disclosure - Unix","risk":"Informational","id":"91","alertRef":"10096"},{"sourceid":"3","other":"1770035416, which evaluates to: 2026-02-02 07:30:16","method":"GET","evidence":"1770035416","pluginId":"10096","cweid":"200","confidence":"Low","wascid":"13","description":"A timestamp was disclosed by the application/web server - Unix","messageId":"19","url":"https://todoist.com/_next/static/chunks/0e8f85b20ed9ab0a6102c8b8298bac1d6cb4c89b.0fe8d2aa3a66f036f1d2.js","reference":"http://projects.webappsec.org/w/page/13246936/Information%20Leakage","solution":"Manually confirm that the timestamp data is not sensitive, and that the data cannot be aggregated to disclose exploitable patterns.","alert":"Timestamp Disclosure - Unix","param":"","attack":"","name":"Timestamp Disclosure - Unix","risk":"Informational","id":"92","alertRef":"10096"},{"sourceid":"3","other":"1958414417, which evaluates to: 2032-01-22 15:00:17","method":"GET","evidence":"1958414417","pluginId":"10096","cweid":"200","confidence":"Low","wascid":"13","description":"A timestamp was disclosed by the application/web server - Unix","messageId":"19","url":"https://todoist.com/_next/static/chunks/0e8f85b20ed9ab0a6102c8b8298bac1d6cb4c89b.0fe8d2aa3a66f036f1d2.js","reference":"http://projects.webappsec.org/w/page/13246936/Information%20Leakage","solution":"Manually confirm that the timestamp data is not sensitive, and that the data cannot be aggregated to disclose exploitable patterns.","alert":"Timestamp Disclosure - Unix","param":"","attack":"","name":"Timestamp Disclosure - Unix","risk":"Informational","id":"93","alertRef":"10096"},{"sourceid":"3","other":"1990404162, which evaluates to: 2033-01-26 21:02:42","method":"GET","evidence":"1990404162","pluginId":"10096","cweid":"200","confidence":"Low","wascid":"13","description":"A timestamp was disclosed by the application/web server - Unix","messageId":"19","url":"https://todoist.com/_next/static/chunks/0e8f85b20ed9ab0a6102c8b8298bac1d6cb4c89b.0fe8d2aa3a66f036f1d2.js","reference":"http://projects.webappsec.org/w/page/13246936/Information%20Leakage","solution":"Manually confirm that the timestamp data is not sensitive, and that the data cannot be aggregated to disclose exploitable patterns.","alert":"Timestamp Disclosure - Unix","param":"","attack":"","name":"Timestamp Disclosure - Unix","risk":"Informational","id":"94","alertRef":"10096"},{"sourceid":"3","other":"1804603682, which evaluates to: 2027-03-09 09:48:02","method":"GET","evidence":"1804603682","pluginId":"10096","cweid":"200","confidence":"Low","wascid":"13","description":"A timestamp was disclosed by the application/web server - Unix","messageId":"19","url":"https://todoist.com/_next/static/chunks/0e8f85b20ed9ab0a6102c8b8298bac1d6cb4c89b.0fe8d2aa3a66f036f1d2.js","reference":"http://projects.webappsec.org/w/page/13246936/Information%20Leakage","solution":"Manually confirm that the timestamp data is not sensitive, and that the data cannot be aggregated to disclose exploitable patterns.","alert":"Timestamp Disclosure - Unix","param":"","attack":"","name":"Timestamp Disclosure - Unix","risk":"Informational","id":"95","alertRef":"10096"},{"sourceid":"3","other":"40341101, which evaluates to: 1971-04-12 16:51:41","method":"GET","evidence":"40341101","pluginId":"10096","cweid":"200","confidence":"Low","wascid":"13","description":"A timestamp was disclosed by the application/web server - Unix","messageId":"19","url":"https://todoist.com/_next/static/chunks/0e8f85b20ed9ab0a6102c8b8298bac1d6cb4c89b.0fe8d2aa3a66f036f1d2.js","reference":"http://projects.webappsec.org/w/page/13246936/Information%20Leakage","solution":"Manually confirm that the timestamp data is not sensitive, and that the data cannot be aggregated to disclose exploitable patterns.","alert":"Timestamp Disclosure - Unix","param":"","attack":"","name":"Timestamp Disclosure - Unix","risk":"Informational","id":"96","alertRef":"10096"},{"sourceid":"3","other":"1502002290, which evaluates to: 2017-08-06 01:51:30","method":"GET","evidence":"1502002290","pluginId":"10096","cweid":"200","confidence":"Low","wascid":"13","description":"A timestamp was disclosed by the application/web server - Unix","messageId":"19","url":"https://todoist.com/_next/static/chunks/0e8f85b20ed9ab0a6102c8b8298bac1d6cb4c89b.0fe8d2aa3a66f036f1d2.js","reference":"http://projects.webappsec.org/w/page/13246936/Information%20Leakage","solution":"Manually confirm that the timestamp data is not sensitive, and that the data cannot be aggregated to disclose exploitable patterns.","alert":"Timestamp Disclosure - Unix","param":"","attack":"","name":"Timestamp Disclosure - Unix","risk":"Informational","id":"97","alertRef":"10096"},{"sourceid":"3","other":"1236535329, which evaluates to: 2009-03-08 13:02:09","method":"GET","evidence":"1236535329","pluginId":"10096","cweid":"200","confidence":"Low","wascid":"13","description":"A timestamp was disclosed by the application/web server - Unix","messageId":"19","url":"https://todoist.com/_next/static/chunks/0e8f85b20ed9ab0a6102c8b8298bac1d6cb4c89b.0fe8d2aa3a66f036f1d2.js","reference":"http://projects.webappsec.org/w/page/13246936/Information%20Leakage","solution":"Manually confirm that the timestamp data is not sensitive, and that the data cannot be aggregated to disclose exploitable patterns.","alert":"Timestamp Disclosure - Unix","param":"","attack":"","name":"Timestamp Disclosure - Unix","risk":"Informational","id":"98","alertRef":"10096"},{"sourceid":"3","other":"165796510, which evaluates to: 1975-04-03 17:35:10","method":"GET","evidence":"165796510","pluginId":"10096","cweid":"200","confidence":"Low","wascid":"13","description":"A timestamp was disclosed by the application/web server - Unix","messageId":"19","url":"https://todoist.com/_next/static/chunks/0e8f85b20ed9ab0a6102c8b8298bac1d6cb4c89b.0fe8d2aa3a66f036f1d2.js","reference":"http://projects.webappsec.org/w/page/13246936/Information%20Leakage","solution":"Manually confirm that the timestamp data is not sensitive, and that the data cannot be aggregated to disclose exploitable patterns.","alert":"Timestamp Disclosure - Unix","param":"","attack":"","name":"Timestamp Disclosure - Unix","risk":"Informational","id":"99","alertRef":"10096"},{"sourceid":"3","other":"1069501632, which evaluates to: 2003-11-22 06:47:12","method":"GET","evidence":"1069501632","pluginId":"10096","cweid":"200","confidence":"Low","wascid":"13","description":"A timestamp was disclosed by the application/web server - Unix","messageId":"19","url":"https://todoist.com/_next/static/chunks/0e8f85b20ed9ab0a6102c8b8298bac1d6cb4c89b.0fe8d2aa3a66f036f1d2.js","reference":"http://projects.webappsec.org/w/page/13246936/Information%20Leakage","solution":"Manually confirm that the timestamp data is not sensitive, and that the data cannot be aggregated to disclose exploitable patterns.","alert":"Timestamp Disclosure - Unix","param":"","attack":"","name":"Timestamp Disclosure - Unix","risk":"Informational","id":"100","alertRef":"10096"},{"sourceid":"3","other":"643717713, which evaluates to: 1990-05-26 05:28:33","method":"GET","evidence":"643717713","pluginId":"10096","cweid":"200","confidence":"Low","wascid":"13","description":"A timestamp was disclosed by the application/web server - Unix","messageId":"19","url":"https://todoist.com/_next/static/chunks/0e8f85b20ed9ab0a6102c8b8298bac1d6cb4c89b.0fe8d2aa3a66f036f1d2.js","reference":"http://projects.webappsec.org/w/page/13246936/Information%20Leakage","solution":"Manually confirm that the timestamp data is not sensitive, and that the data cannot be aggregated to disclose exploitable patterns.","alert":"Timestamp Disclosure - Unix","param":"","attack":"","name":"Timestamp Disclosure - Unix","risk":"Informational","id":"101","alertRef":"10096"},{"sourceid":"3","other":"373897302, which evaluates to: 1981-11-06 07:21:42","method":"GET","evidence":"373897302","pluginId":"10096","cweid":"200","confidence":"Low","wascid":"13","description":"A timestamp was disclosed by the application/web server - Unix","messageId":"19","url":"https://todoist.com/_next/static/chunks/0e8f85b20ed9ab0a6102c8b8298bac1d6cb4c89b.0fe8d2aa3a66f036f1d2.js","reference":"http://projects.webappsec.org/w/page/13246936/Information%20Leakage","solution":"Manually confirm that the timestamp data is not sensitive, and that the data cannot be aggregated to disclose exploitable patterns.","alert":"Timestamp Disclosure - Unix","param":"","attack":"","name":"Timestamp Disclosure - Unix","risk":"Informational","id":"102","alertRef":"10096"},{"sourceid":"3","other":"701558691, which evaluates to: 1992-03-25 16:24:51","method":"GET","evidence":"701558691","pluginId":"10096","cweid":"200","confidence":"Low","wascid":"13","description":"A timestamp was disclosed by the application/web server - Unix","messageId":"19","url":"https://todoist.com/_next/static/chunks/0e8f85b20ed9ab0a6102c8b8298bac1d6cb4c89b.0fe8d2aa3a66f036f1d2.js","reference":"http://projects.webappsec.org/w/page/13246936/Information%20Leakage","solution":"Manually confirm that the timestamp data is not sensitive, and that the data cannot be aggregated to disclose exploitable patterns.","alert":"Timestamp Disclosure - Unix","param":"","attack":"","name":"Timestamp Disclosure - Unix","risk":"Informational","id":"103","alertRef":"10096"},{"sourceid":"3","other":"38016083, which evaluates to: 1971-03-16 19:01:23","method":"GET","evidence":"38016083","pluginId":"10096","cweid":"200","confidence":"Low","wascid":"13","description":"A timestamp was disclosed by the application/web server - Unix","messageId":"19","url":"https://todoist.com/_next/static/chunks/0e8f85b20ed9ab0a6102c8b8298bac1d6cb4c89b.0fe8d2aa3a66f036f1d2.js","reference":"http://projects.webappsec.org/w/page/13246936/Information%20Leakage","solution":"Manually confirm that the timestamp data is not sensitive, and that the data cannot be aggregated to disclose exploitable patterns.","alert":"Timestamp Disclosure - Unix","param":"","attack":"","name":"Timestamp Disclosure - Unix","risk":"Informational","id":"104","alertRef":"10096"},{"sourceid":"3","other":"660478335, which evaluates to: 1990-12-06 05:12:15","method":"GET","evidence":"660478335","pluginId":"10096","cweid":"200","confidence":"Low","wascid":"13","description":"A timestamp was disclosed by the application/web server - Unix","messageId":"19","url":"https://todoist.com/_next/static/chunks/0e8f85b20ed9ab0a6102c8b8298bac1d6cb4c89b.0fe8d2aa3a66f036f1d2.js","reference":"http://projects.webappsec.org/w/page/13246936/Information%20Leakage","solution":"Manually confirm that the timestamp data is not sensitive, and that the data cannot be aggregated to disclose exploitable patterns.","alert":"Timestamp Disclosure - Unix","param":"","attack":"","name":"Timestamp Disclosure - Unix","risk":"Informational","id":"105","alertRef":"10096"},{"sourceid":"3","other":"405537848, which evaluates to: 1982-11-07 12:24:08","method":"GET","evidence":"405537848","pluginId":"10096","cweid":"200","confidence":"Low","wascid":"13","description":"A timestamp was disclosed by the application/web server - Unix","messageId":"19","url":"https://todoist.com/_next/static/chunks/0e8f85b20ed9ab0a6102c8b8298bac1d6cb4c89b.0fe8d2aa3a66f036f1d2.js","reference":"http://projects.webappsec.org/w/page/13246936/Information%20Leakage","solution":"Manually confirm that the timestamp data is not sensitive, and that the data cannot be aggregated to disclose exploitable patterns.","alert":"Timestamp Disclosure - Unix","param":"","attack":"","name":"Timestamp Disclosure - Unix","risk":"Informational","id":"106","alertRef":"10096"},{"sourceid":"3","other":"568446438, which evaluates to: 1988-01-06 00:47:18","method":"GET","evidence":"568446438","pluginId":"10096","cweid":"200","confidence":"Low","wascid":"13","description":"A timestamp was disclosed by the application/web server - Unix","messageId":"19","url":"https://todoist.com/_next/static/chunks/0e8f85b20ed9ab0a6102c8b8298bac1d6cb4c89b.0fe8d2aa3a66f036f1d2.js","reference":"http://projects.webappsec.org/w/page/13246936/Information%20Leakage","solution":"Manually confirm that the timestamp data is not sensitive, and that the data cannot be aggregated to disclose exploitable patterns.","alert":"Timestamp Disclosure - Unix","param":"","attack":"","name":"Timestamp Disclosure - Unix","risk":"Informational","id":"107","alertRef":"10096"},{"sourceid":"3","other":"1019803690, which evaluates to: 2002-04-26 01:48:10","method":"GET","evidence":"1019803690","pluginId":"10096","cweid":"200","confidence":"Low","wascid":"13","description":"A timestamp was disclosed by the application/web server - Unix","messageId":"19","url":"https://todoist.com/_next/static/chunks/0e8f85b20ed9ab0a6102c8b8298bac1d6cb4c89b.0fe8d2aa3a66f036f1d2.js","reference":"http://projects.webappsec.org/w/page/13246936/Information%20Leakage","solution":"Manually confirm that the timestamp data is not sensitive, and that the data cannot be aggregated to disclose exploitable patterns.","alert":"Timestamp Disclosure - Unix","param":"","attack":"","name":"Timestamp Disclosure - Unix","risk":"Informational","id":"108","alertRef":"10096"},{"sourceid":"3","other":"187363961, which evaluates to: 1975-12-09 08:32:41","method":"GET","evidence":"187363961","pluginId":"10096","cweid":"200","confidence":"Low","wascid":"13","description":"A timestamp was disclosed by the application/web server - Unix","messageId":"19","url":"https://todoist.com/_next/static/chunks/0e8f85b20ed9ab0a6102c8b8298bac1d6cb4c89b.0fe8d2aa3a66f036f1d2.js","reference":"http://projects.webappsec.org/w/page/13246936/Information%20Leakage","solution":"Manually confirm that the timestamp data is not sensitive, and that the data cannot be aggregated to disclose exploitable patterns.","alert":"Timestamp Disclosure - Unix","param":"","attack":"","name":"Timestamp Disclosure - Unix","risk":"Informational","id":"109","alertRef":"10096"},{"sourceid":"3","other":"1163531501, which evaluates to: 2006-11-14 14:11:41","method":"GET","evidence":"1163531501","pluginId":"10096","cweid":"200","confidence":"Low","wascid":"13","description":"A timestamp was disclosed by the application/web server - Unix","messageId":"19","url":"https://todoist.com/_next/static/chunks/0e8f85b20ed9ab0a6102c8b8298bac1d6cb4c89b.0fe8d2aa3a66f036f1d2.js","reference":"http://projects.webappsec.org/w/page/13246936/Information%20Leakage","solution":"Manually confirm that the timestamp data is not sensitive, and that the data cannot be aggregated to disclose exploitable patterns.","alert":"Timestamp Disclosure - Unix","param":"","attack":"","name":"Timestamp Disclosure - Unix","risk":"Informational","id":"110","alertRef":"10096"},{"sourceid":"3","other":"1444681467, which evaluates to: 2015-10-12 15:24:27","method":"GET","evidence":"1444681467","pluginId":"10096","cweid":"200","confidence":"Low","wascid":"13","description":"A timestamp was disclosed by the application/web server - Unix","messageId":"19","url":"https://todoist.com/_next/static/chunks/0e8f85b20ed9ab0a6102c8b8298bac1d6cb4c89b.0fe8d2aa3a66f036f1d2.js","reference":"http://projects.webappsec.org/w/page/13246936/Information%20Leakage","solution":"Manually confirm that the timestamp data is not sensitive, and that the data cannot be aggregated to disclose exploitable patterns.","alert":"Timestamp Disclosure - Unix","param":"","attack":"","name":"Timestamp Disclosure - Unix","risk":"Informational","id":"111","alertRef":"10096"},{"sourceid":"3","other":"51403784, which evaluates to: 1971-08-18 17:49:44","method":"GET","evidence":"51403784","pluginId":"10096","cweid":"200","confidence":"Low","wascid":"13","description":"A timestamp was disclosed by the application/web server - Unix","messageId":"19","url":"https://todoist.com/_next/static/chunks/0e8f85b20ed9ab0a6102c8b8298bac1d6cb4c89b.0fe8d2aa3a66f036f1d2.js","reference":"http://projects.webappsec.org/w/page/13246936/Information%20Leakage","solution":"Manually confirm that the timestamp data is not sensitive, and that the data cannot be aggregated to disclose exploitable patterns.","alert":"Timestamp Disclosure - Unix","param":"","attack":"","name":"Timestamp Disclosure - Unix","risk":"Informational","id":"112","alertRef":"10096"},{"sourceid":"3","other":"1735328473, which evaluates to: 2024-12-27 14:41:13","method":"GET","evidence":"1735328473","pluginId":"10096","cweid":"200","confidence":"Low","wascid":"13","description":"A timestamp was disclosed by the application/web server - Unix","messageId":"19","url":"https://todoist.com/_next/static/chunks/0e8f85b20ed9ab0a6102c8b8298bac1d6cb4c89b.0fe8d2aa3a66f036f1d2.js","reference":"http://projects.webappsec.org/w/page/13246936/Information%20Leakage","solution":"Manually confirm that the timestamp data is not sensitive, and that the data cannot be aggregated to disclose exploitable patterns.","alert":"Timestamp Disclosure - Unix","param":"","attack":"","name":"Timestamp Disclosure - Unix","risk":"Informational","id":"113","alertRef":"10096"},{"sourceid":"3","other":"1926607734, which evaluates to: 2031-01-19 11:48:54","method":"GET","evidence":"1926607734","pluginId":"10096","cweid":"200","confidence":"Low","wascid":"13","description":"A timestamp was disclosed by the application/web server - Unix","messageId":"19","url":"https://todoist.com/_next/static/chunks/0e8f85b20ed9ab0a6102c8b8298bac1d6cb4c89b.0fe8d2aa3a66f036f1d2.js","reference":"http://projects.webappsec.org/w/page/13246936/Information%20Leakage","solution":"Manually confirm that the timestamp data is not sensitive, and that the data cannot be aggregated to disclose exploitable patterns.","alert":"Timestamp Disclosure - Unix","param":"","attack":"","name":"Timestamp Disclosure - Unix","risk":"Informational","id":"114","alertRef":"10096"},{"sourceid":"3","other":"2022574463, which evaluates to: 2034-02-03 05:14:23","method":"GET","evidence":"2022574463","pluginId":"10096","cweid":"200","confidence":"Low","wascid":"13","description":"A timestamp was disclosed by the application/web server - Unix","messageId":"19","url":"https://todoist.com/_next/static/chunks/0e8f85b20ed9ab0a6102c8b8298bac1d6cb4c89b.0fe8d2aa3a66f036f1d2.js","reference":"http://projects.webappsec.org/w/page/13246936/Information%20Leakage","solution":"Manually confirm that the timestamp data is not sensitive, and that the data cannot be aggregated to disclose exploitable patterns.","alert":"Timestamp Disclosure - Unix","param":"","attack":"","name":"Timestamp Disclosure - Unix","risk":"Informational","id":"115","alertRef":"10096"},{"sourceid":"3","other":"1839030562, which evaluates to: 2028-04-10 20:49:22","method":"GET","evidence":"1839030562","pluginId":"10096","cweid":"200","confidence":"Low","wascid":"13","description":"A timestamp was disclosed by the application/web server - Unix","messageId":"19","url":"https://todoist.com/_next/static/chunks/0e8f85b20ed9ab0a6102c8b8298bac1d6cb4c89b.0fe8d2aa3a66f036f1d2.js","reference":"http://projects.webappsec.org/w/page/13246936/Information%20Leakage","solution":"Manually confirm that the timestamp data is not sensitive, and that the data cannot be aggregated to disclose exploitable patterns.","alert":"Timestamp Disclosure - Unix","param":"","attack":"","name":"Timestamp Disclosure - Unix","risk":"Informational","id":"116","alertRef":"10096"},{"sourceid":"3","other":"35309556, which evaluates to: 1971-02-13 11:12:36","method":"GET","evidence":"35309556","pluginId":"10096","cweid":"200","confidence":"Low","wascid":"13","description":"A timestamp was disclosed by the application/web server - Unix","messageId":"19","url":"https://todoist.com/_next/static/chunks/0e8f85b20ed9ab0a6102c8b8298bac1d6cb4c89b.0fe8d2aa3a66f036f1d2.js","reference":"http://projects.webappsec.org/w/page/13246936/Information%20Leakage","solution":"Manually confirm that the timestamp data is not sensitive, and that the data cannot be aggregated to disclose exploitable patterns.","alert":"Timestamp Disclosure - Unix","param":"","attack":"","name":"Timestamp Disclosure - Unix","risk":"Informational","id":"117","alertRef":"10096"},{"sourceid":"3","other":"1530992060, which evaluates to: 2018-07-07 14:34:20","method":"GET","evidence":"1530992060","pluginId":"10096","cweid":"200","confidence":"Low","wascid":"13","description":"A timestamp was disclosed by the application/web server - Unix","messageId":"19","url":"https://todoist.com/_next/static/chunks/0e8f85b20ed9ab0a6102c8b8298bac1d6cb4c89b.0fe8d2aa3a66f036f1d2.js","reference":"http://projects.webappsec.org/w/page/13246936/Information%20Leakage","solution":"Manually confirm that the timestamp data is not sensitive, and that the data cannot be aggregated to disclose exploitable patterns.","alert":"Timestamp Disclosure - Unix","param":"","attack":"","name":"Timestamp Disclosure - Unix","risk":"Informational","id":"118","alertRef":"10096"},{"sourceid":"3","other":"1272893353, which evaluates to: 2010-05-03 08:29:13","method":"GET","evidence":"1272893353","pluginId":"10096","cweid":"200","confidence":"Low","wascid":"13","description":"A timestamp was disclosed by the application/web server - Unix","messageId":"19","url":"https://todoist.com/_next/static/chunks/0e8f85b20ed9ab0a6102c8b8298bac1d6cb4c89b.0fe8d2aa3a66f036f1d2.js","reference":"http://projects.webappsec.org/w/page/13246936/Information%20Leakage","solution":"Manually confirm that the timestamp data is not sensitive, and that the data cannot be aggregated to disclose exploitable patterns.","alert":"Timestamp Disclosure - Unix","param":"","attack":"","name":"Timestamp Disclosure - Unix","risk":"Informational","id":"119","alertRef":"10096"},{"sourceid":"3","other":"155497632, which evaluates to: 1974-12-05 12:47:12","method":"GET","evidence":"155497632","pluginId":"10096","cweid":"200","confidence":"Low","wascid":"13","description":"A timestamp was disclosed by the application/web server - Unix","messageId":"19","url":"https://todoist.com/_next/static/chunks/0e8f85b20ed9ab0a6102c8b8298bac1d6cb4c89b.0fe8d2aa3a66f036f1d2.js","reference":"http://projects.webappsec.org/w/page/13246936/Information%20Leakage","solution":"Manually confirm that the timestamp data is not sensitive, and that the data cannot be aggregated to disclose exploitable patterns.","alert":"Timestamp Disclosure - Unix","param":"","attack":"","name":"Timestamp Disclosure - Unix","risk":"Informational","id":"120","alertRef":"10096"},{"sourceid":"3","other":"1094730640, which evaluates to: 2004-09-09 06:50:40","method":"GET","evidence":"1094730640","pluginId":"10096","cweid":"200","confidence":"Low","wascid":"13","description":"A timestamp was disclosed by the application/web server - Unix","messageId":"19","url":"https://todoist.com/_next/static/chunks/0e8f85b20ed9ab0a6102c8b8298bac1d6cb4c89b.0fe8d2aa3a66f036f1d2.js","reference":"http://projects.webappsec.org/w/page/13246936/Information%20Leakage","solution":"Manually confirm that the timestamp data is not sensitive, and that the data cannot be aggregated to disclose exploitable patterns.","alert":"Timestamp Disclosure - Unix","param":"","attack":"","name":"Timestamp Disclosure - Unix","risk":"Informational","id":"121","alertRef":"10096"},{"sourceid":"3","other":"681279174, which evaluates to: 1991-08-03 23:12:54","method":"GET","evidence":"681279174","pluginId":"10096","cweid":"200","confidence":"Low","wascid":"13","description":"A timestamp was disclosed by the application/web server - Unix","messageId":"19","url":"https://todoist.com/_next/static/chunks/0e8f85b20ed9ab0a6102c8b8298bac1d6cb4c89b.0fe8d2aa3a66f036f1d2.js","reference":"http://projects.webappsec.org/w/page/13246936/Information%20Leakage","solution":"Manually confirm that the timestamp data is not sensitive, and that the data cannot be aggregated to disclose exploitable patterns.","alert":"Timestamp Disclosure - Unix","param":"","attack":"","name":"Timestamp Disclosure - Unix","risk":"Informational","id":"122","alertRef":"10096"},{"sourceid":"3","other":"358537222, which evaluates to: 1981-05-12 12:40:22","method":"GET","evidence":"358537222","pluginId":"10096","cweid":"200","confidence":"Low","wascid":"13","description":"A timestamp was disclosed by the application/web server - Unix","messageId":"19","url":"https://todoist.com/_next/static/chunks/0e8f85b20ed9ab0a6102c8b8298bac1d6cb4c89b.0fe8d2aa3a66f036f1d2.js","reference":"http://projects.webappsec.org/w/page/13246936/Information%20Leakage","solution":"Manually confirm that the timestamp data is not sensitive, and that the data cannot be aggregated to disclose exploitable patterns.","alert":"Timestamp Disclosure - Unix","param":"","attack":"","name":"Timestamp Disclosure - Unix","risk":"Informational","id":"123","alertRef":"10096"},{"sourceid":"3","other":"722521979, which evaluates to: 1992-11-23 08:32:59","method":"GET","evidence":"722521979","pluginId":"10096","cweid":"200","confidence":"Low","wascid":"13","description":"A timestamp was disclosed by the application/web server - Unix","messageId":"19","url":"https://todoist.com/_next/static/chunks/0e8f85b20ed9ab0a6102c8b8298bac1d6cb4c89b.0fe8d2aa3a66f036f1d2.js","reference":"http://projects.webappsec.org/w/page/13246936/Information%20Leakage","solution":"Manually confirm that the timestamp data is not sensitive, and that the data cannot be aggregated to disclose exploitable patterns.","alert":"Timestamp Disclosure - Unix","param":"","attack":"","name":"Timestamp Disclosure - Unix","risk":"Informational","id":"124","alertRef":"10096"},{"sourceid":"3","other":"76029189, which evaluates to: 1972-05-29 18:13:09","method":"GET","evidence":"76029189","pluginId":"10096","cweid":"200","confidence":"Low","wascid":"13","description":"A timestamp was disclosed by the application/web server - Unix","messageId":"19","url":"https://todoist.com/_next/static/chunks/0e8f85b20ed9ab0a6102c8b8298bac1d6cb4c89b.0fe8d2aa3a66f036f1d2.js","reference":"http://projects.webappsec.org/w/page/13246936/Information%20Leakage","solution":"Manually confirm that the timestamp data is not sensitive, and that the data cannot be aggregated to disclose exploitable patterns.","alert":"Timestamp Disclosure - Unix","param":"","attack":"","name":"Timestamp Disclosure - Unix","risk":"Informational","id":"125","alertRef":"10096"},{"sourceid":"3","other":"640364487, which evaluates to: 1990-04-17 10:01:27","method":"GET","evidence":"640364487","pluginId":"10096","cweid":"200","confidence":"Low","wascid":"13","description":"A timestamp was disclosed by the application/web server - Unix","messageId":"19","url":"https://todoist.com/_next/static/chunks/0e8f85b20ed9ab0a6102c8b8298bac1d6cb4c89b.0fe8d2aa3a66f036f1d2.js","reference":"http://projects.webappsec.org/w/page/13246936/Information%20Leakage","solution":"Manually confirm that the timestamp data is not sensitive, and that the data cannot be aggregated to disclose exploitable patterns.","alert":"Timestamp Disclosure - Unix","param":"","attack":"","name":"Timestamp Disclosure - Unix","risk":"Informational","id":"126","alertRef":"10096"},{"sourceid":"3","other":"421815835, which evaluates to: 1983-05-14 22:03:55","method":"GET","evidence":"421815835","pluginId":"10096","cweid":"200","confidence":"Low","wascid":"13","description":"A timestamp was disclosed by the application/web server - Unix","messageId":"19","url":"https://todoist.com/_next/static/chunks/0e8f85b20ed9ab0a6102c8b8298bac1d6cb4c89b.0fe8d2aa3a66f036f1d2.js","reference":"http://projects.webappsec.org/w/page/13246936/Information%20Leakage","solution":"Manually confirm that the timestamp data is not sensitive, and that the data cannot be aggregated to disclose exploitable patterns.","alert":"Timestamp Disclosure - Unix","param":"","attack":"","name":"Timestamp Disclosure - Unix","risk":"Informational","id":"127","alertRef":"10096"},{"sourceid":"3","other":"530742520, which evaluates to: 1986-10-26 15:28:40","method":"GET","evidence":"530742520","pluginId":"10096","cweid":"200","confidence":"Low","wascid":"13","description":"A timestamp was disclosed by the application/web server - Unix","messageId":"19","url":"https://todoist.com/_next/static/chunks/0e8f85b20ed9ab0a6102c8b8298bac1d6cb4c89b.0fe8d2aa3a66f036f1d2.js","reference":"http://projects.webappsec.org/w/page/13246936/Information%20Leakage","solution":"Manually confirm that the timestamp data is not sensitive, and that the data cannot be aggregated to disclose exploitable patterns.","alert":"Timestamp Disclosure - Unix","param":"","attack":"","name":"Timestamp Disclosure - Unix","risk":"Informational","id":"128","alertRef":"10096"},{"sourceid":"3","other":"995338651, which evaluates to: 2001-07-16 21:57:31","method":"GET","evidence":"995338651","pluginId":"10096","cweid":"200","confidence":"Low","wascid":"13","description":"A timestamp was disclosed by the application/web server - Unix","messageId":"19","url":"https://todoist.com/_next/static/chunks/0e8f85b20ed9ab0a6102c8b8298bac1d6cb4c89b.0fe8d2aa3a66f036f1d2.js","reference":"http://projects.webappsec.org/w/page/13246936/Information%20Leakage","solution":"Manually confirm that the timestamp data is not sensitive, and that the data cannot be aggregated to disclose exploitable patterns.","alert":"Timestamp Disclosure - Unix","param":"","attack":"","name":"Timestamp Disclosure - Unix","risk":"Informational","id":"129","alertRef":"10096"},{"sourceid":"3","other":"198630844, which evaluates to: 1976-04-17 18:14:04","method":"GET","evidence":"198630844","pluginId":"10096","cweid":"200","confidence":"Low","wascid":"13","description":"A timestamp was disclosed by the application/web server - Unix","messageId":"19","url":"https://todoist.com/_next/static/chunks/0e8f85b20ed9ab0a6102c8b8298bac1d6cb4c89b.0fe8d2aa3a66f036f1d2.js","reference":"http://projects.webappsec.org/w/page/13246936/Information%20Leakage","solution":"Manually confirm that the timestamp data is not sensitive, and that the data cannot be aggregated to disclose exploitable patterns.","alert":"Timestamp Disclosure - Unix","param":"","attack":"","name":"Timestamp Disclosure - Unix","risk":"Informational","id":"130","alertRef":"10096"},{"sourceid":"3","other":"1126891415, which evaluates to: 2005-09-16 12:23:35","method":"GET","evidence":"1126891415","pluginId":"10096","cweid":"200","confidence":"Low","wascid":"13","description":"A timestamp was disclosed by the application/web server - Unix","messageId":"19","url":"https://todoist.com/_next/static/chunks/0e8f85b20ed9ab0a6102c8b8298bac1d6cb4c89b.0fe8d2aa3a66f036f1d2.js","reference":"http://projects.webappsec.org/w/page/13246936/Information%20Leakage","solution":"Manually confirm that the timestamp data is not sensitive, and that the data cannot be aggregated to disclose exploitable patterns.","alert":"Timestamp Disclosure - Unix","param":"","attack":"","name":"Timestamp Disclosure - Unix","risk":"Informational","id":"131","alertRef":"10096"},{"sourceid":"3","other":"1416354905, which evaluates to: 2014-11-18 18:55:05","method":"GET","evidence":"1416354905","pluginId":"10096","cweid":"200","confidence":"Low","wascid":"13","description":"A timestamp was disclosed by the application/web server - Unix","messageId":"19","url":"https://todoist.com/_next/static/chunks/0e8f85b20ed9ab0a6102c8b8298bac1d6cb4c89b.0fe8d2aa3a66f036f1d2.js","reference":"http://projects.webappsec.org/w/page/13246936/Information%20Leakage","solution":"Manually confirm that the timestamp data is not sensitive, and that the data cannot be aggregated to disclose exploitable patterns.","alert":"Timestamp Disclosure - Unix","param":"","attack":"","name":"Timestamp Disclosure - Unix","risk":"Informational","id":"132","alertRef":"10096"},{"sourceid":"3","other":"57434055, which evaluates to: 1971-10-27 12:54:15","method":"GET","evidence":"57434055","pluginId":"10096","cweid":"200","confidence":"Low","wascid":"13","description":"A timestamp was disclosed by the application/web server - Unix","messageId":"19","url":"https://todoist.com/_next/static/chunks/0e8f85b20ed9ab0a6102c8b8298bac1d6cb4c89b.0fe8d2aa3a66f036f1d2.js","reference":"http://projects.webappsec.org/w/page/13246936/Information%20Leakage","solution":"Manually confirm that the timestamp data is not sensitive, and that the data cannot be aggregated to disclose exploitable patterns.","alert":"Timestamp Disclosure - Unix","param":"","attack":"","name":"Timestamp Disclosure - Unix","risk":"Informational","id":"133","alertRef":"10096"},{"sourceid":"3","other":"1700485571, which evaluates to: 2023-11-20 08:06:11","method":"GET","evidence":"1700485571","pluginId":"10096","cweid":"200","confidence":"Low","wascid":"13","description":"A timestamp was disclosed by the application/web server - Unix","messageId":"19","url":"https://todoist.com/_next/static/chunks/0e8f85b20ed9ab0a6102c8b8298bac1d6cb4c89b.0fe8d2aa3a66f036f1d2.js","reference":"http://projects.webappsec.org/w/page/13246936/Information%20Leakage","solution":"Manually confirm that the timestamp data is not sensitive, and that the data cannot be aggregated to disclose exploitable patterns.","alert":"Timestamp Disclosure - Unix","param":"","attack":"","name":"Timestamp Disclosure - Unix","risk":"Informational","id":"134","alertRef":"10096"},{"sourceid":"3","other":"1894986606, which evaluates to: 2030-01-18 12:10:06","method":"GET","evidence":"1894986606","pluginId":"10096","cweid":"200","confidence":"Low","wascid":"13","description":"A timestamp was disclosed by the application/web server - Unix","messageId":"19","url":"https://todoist.com/_next/static/chunks/0e8f85b20ed9ab0a6102c8b8298bac1d6cb4c89b.0fe8d2aa3a66f036f1d2.js","reference":"http://projects.webappsec.org/w/page/13246936/Information%20Leakage","solution":"Manually confirm that the timestamp data is not sensitive, and that the data cannot be aggregated to disclose exploitable patterns.","alert":"Timestamp Disclosure - Unix","param":"","attack":"","name":"Timestamp Disclosure - Unix","risk":"Informational","id":"135","alertRef":"10096"},{"sourceid":"3","other":"2054922799, which evaluates to: 2035-02-12 14:53:19","method":"GET","evidence":"2054922799","pluginId":"10096","cweid":"200","confidence":"Low","wascid":"13","description":"A timestamp was disclosed by the application/web server - Unix","messageId":"19","url":"https://todoist.com/_next/static/chunks/0e8f85b20ed9ab0a6102c8b8298bac1d6cb4c89b.0fe8d2aa3a66f036f1d2.js","reference":"http://projects.webappsec.org/w/page/13246936/Information%20Leakage","solution":"Manually confirm that the timestamp data is not sensitive, and that the data cannot be aggregated to disclose exploitable patterns.","alert":"Timestamp Disclosure - Unix","param":"","attack":"","name":"Timestamp Disclosure - Unix","risk":"Informational","id":"136","alertRef":"10096"},{"sourceid":"3","other":"1873313359, which evaluates to: 2029-05-12 15:49:19","method":"GET","evidence":"1873313359","pluginId":"10096","cweid":"200","confidence":"Low","wascid":"13","description":"A timestamp was disclosed by the application/web server - Unix","messageId":"19","url":"https://todoist.com/_next/static/chunks/0e8f85b20ed9ab0a6102c8b8298bac1d6cb4c89b.0fe8d2aa3a66f036f1d2.js","reference":"http://projects.webappsec.org/w/page/13246936/Information%20Leakage","solution":"Manually confirm that the timestamp data is not sensitive, and that the data cannot be aggregated to disclose exploitable patterns.","alert":"Timestamp Disclosure - Unix","param":"","attack":"","name":"Timestamp Disclosure - Unix","risk":"Informational","id":"137","alertRef":"10096"},{"sourceid":"3","other":"30611744, which evaluates to: 1970-12-21 02:15:44","method":"GET","evidence":"30611744","pluginId":"10096","cweid":"200","confidence":"Low","wascid":"13","description":"A timestamp was disclosed by the application/web server - Unix","messageId":"19","url":"https://todoist.com/_next/static/chunks/0e8f85b20ed9ab0a6102c8b8298bac1d6cb4c89b.0fe8d2aa3a66f036f1d2.js","reference":"http://projects.webappsec.org/w/page/13246936/Information%20Leakage","solution":"Manually confirm that the timestamp data is not sensitive, and that the data cannot be aggregated to disclose exploitable patterns.","alert":"Timestamp Disclosure - Unix","param":"","attack":"","name":"Timestamp Disclosure - Unix","risk":"Informational","id":"138","alertRef":"10096"},{"sourceid":"3","other":"1560198380, which evaluates to: 2019-06-10 15:26:20","method":"GET","evidence":"1560198380","pluginId":"10096","cweid":"200","confidence":"Low","wascid":"13","description":"A timestamp was disclosed by the application/web server - Unix","messageId":"19","url":"https://todoist.com/_next/static/chunks/0e8f85b20ed9ab0a6102c8b8298bac1d6cb4c89b.0fe8d2aa3a66f036f1d2.js","reference":"http://projects.webappsec.org/w/page/13246936/Information%20Leakage","solution":"Manually confirm that the timestamp data is not sensitive, and that the data cannot be aggregated to disclose exploitable patterns.","alert":"Timestamp Disclosure - Unix","param":"","attack":"","name":"Timestamp Disclosure - Unix","risk":"Informational","id":"139","alertRef":"10096"},{"sourceid":"3","other":"1309151649, which evaluates to: 2011-06-27 00:14:09","method":"GET","evidence":"1309151649","pluginId":"10096","cweid":"200","confidence":"Low","wascid":"13","description":"A timestamp was disclosed by the application/web server - Unix","messageId":"19","url":"https://todoist.com/_next/static/chunks/0e8f85b20ed9ab0a6102c8b8298bac1d6cb4c89b.0fe8d2aa3a66f036f1d2.js","reference":"http://projects.webappsec.org/w/page/13246936/Information%20Leakage","solution":"Manually confirm that the timestamp data is not sensitive, and that the data cannot be aggregated to disclose exploitable patterns.","alert":"Timestamp Disclosure - Unix","param":"","attack":"","name":"Timestamp Disclosure - Unix","risk":"Informational","id":"140","alertRef":"10096"},{"sourceid":"3","other":"145523070, which evaluates to: 1974-08-12 02:04:30","method":"GET","evidence":"145523070","pluginId":"10096","cweid":"200","confidence":"Low","wascid":"13","description":"A timestamp was disclosed by the application/web server - Unix","messageId":"19","url":"https://todoist.com/_next/static/chunks/0e8f85b20ed9ab0a6102c8b8298bac1d6cb4c89b.0fe8d2aa3a66f036f1d2.js","reference":"http://projects.webappsec.org/w/page/13246936/Information%20Leakage","solution":"Manually confirm that the timestamp data is not sensitive, and that the data cannot be aggregated to disclose exploitable patterns.","alert":"Timestamp Disclosure - Unix","param":"","attack":"","name":"Timestamp Disclosure - Unix","risk":"Informational","id":"141","alertRef":"10096"},{"sourceid":"3","other":"1120210379, which evaluates to: 2005-07-01 04:32:59","method":"GET","evidence":"1120210379","pluginId":"10096","cweid":"200","confidence":"Low","wascid":"13","description":"A timestamp was disclosed by the application/web server - Unix","messageId":"19","url":"https://todoist.com/_next/static/chunks/0e8f85b20ed9ab0a6102c8b8298bac1d6cb4c89b.0fe8d2aa3a66f036f1d2.js","reference":"http://projects.webappsec.org/w/page/13246936/Information%20Leakage","solution":"Manually confirm that the timestamp data is not sensitive, and that the data cannot be aggregated to disclose exploitable patterns.","alert":"Timestamp Disclosure - Unix","param":"","attack":"","name":"Timestamp Disclosure - Unix","risk":"Informational","id":"142","alertRef":"10096"},{"sourceid":"3","other":"718787259, which evaluates to: 1992-10-11 03:07:39","method":"GET","evidence":"718787259","pluginId":"10096","cweid":"200","confidence":"Low","wascid":"13","description":"A timestamp was disclosed by the application/web server - Unix","messageId":"19","url":"https://todoist.com/_next/static/chunks/0e8f85b20ed9ab0a6102c8b8298bac1d6cb4c89b.0fe8d2aa3a66f036f1d2.js","reference":"http://projects.webappsec.org/w/page/13246936/Information%20Leakage","solution":"Manually confirm that the timestamp data is not sensitive, and that the data cannot be aggregated to disclose exploitable patterns.","alert":"Timestamp Disclosure - Unix","param":"","attack":"","name":"Timestamp Disclosure - Unix","risk":"Informational","id":"143","alertRef":"10096"},{"sourceid":"3","other":"343485551, which evaluates to: 1980-11-19 07:39:11","method":"GET","evidence":"343485551","pluginId":"10096","cweid":"200","confidence":"Low","wascid":"13","description":"A timestamp was disclosed by the application/web server - Unix","messageId":"19","url":"https://todoist.com/_next/static/chunks/0e8f85b20ed9ab0a6102c8b8298bac1d6cb4c89b.0fe8d2aa3a66f036f1d2.js","reference":"http://projects.webappsec.org/w/page/13246936/Information%20Leakage","solution":"Manually confirm that the timestamp data is not sensitive, and that the data cannot be aggregated to disclose exploitable patterns.","alert":"Timestamp Disclosure - Unix","param":"","attack":"","name":"Timestamp Disclosure - Unix","risk":"Informational","id":"144","alertRef":"10096"},{"sourceid":"3","other":"1518500249, which evaluates to: 2018-02-13 00:37:29","method":"GET","evidence":"1518500249","pluginId":"10096","cweid":"200","confidence":"Low","wascid":"13","description":"A timestamp was disclosed by the application/web server - Unix","messageId":"19","url":"https://todoist.com/_next/static/chunks/0e8f85b20ed9ab0a6102c8b8298bac1d6cb4c89b.0fe8d2aa3a66f036f1d2.js","reference":"http://projects.webappsec.org/w/page/13246936/Information%20Leakage","solution":"Manually confirm that the timestamp data is not sensitive, and that the data cannot be aggregated to disclose exploitable patterns.","alert":"Timestamp Disclosure - Unix","param":"","attack":"","name":"Timestamp Disclosure - Unix","risk":"Informational","id":"145","alertRef":"10096"},{"sourceid":"3","other":"1859775393, which evaluates to: 2028-12-06 23:16:33","method":"GET","evidence":"1859775393","pluginId":"10096","cweid":"200","confidence":"Low","wascid":"13","description":"A timestamp was disclosed by the application/web server - Unix","messageId":"19","url":"https://todoist.com/_next/static/chunks/0e8f85b20ed9ab0a6102c8b8298bac1d6cb4c89b.0fe8d2aa3a66f036f1d2.js","reference":"http://projects.webappsec.org/w/page/13246936/Information%20Leakage","solution":"Manually confirm that the timestamp data is not sensitive, and that the data cannot be aggregated to disclose exploitable patterns.","alert":"Timestamp Disclosure - Unix","param":"","attack":"","name":"Timestamp Disclosure - Unix","risk":"Informational","id":"146","alertRef":"10096"},{"sourceid":"3","other":"00000000, which evaluates to: 1969-12-31 19:00:00","method":"GET","evidence":"00000000","pluginId":"10096","cweid":"200","confidence":"Low","wascid":"13","description":"A timestamp was disclosed by the application/web server - Unix","messageId":"19","url":"https://todoist.com/_next/static/chunks/0e8f85b20ed9ab0a6102c8b8298bac1d6cb4c89b.0fe8d2aa3a66f036f1d2.js","reference":"http://projects.webappsec.org/w/page/13246936/Information%20Leakage","solution":"Manually confirm that the timestamp data is not sensitive, and that the data cannot be aggregated to disclose exploitable patterns.","alert":"Timestamp Disclosure - Unix","param":"","attack":"","name":"Timestamp Disclosure - Unix","risk":"Informational","id":"149","alertRef":"10096"},{"sourceid":"3","other":"This issue still applies to error type pages (401, 403, 500, etc.) as those pages are often still affected by injection issues, in which case there is still concern for browsers sniffing pages away from their actual content type.\nAt \"High\" threshold this scan rule will not alert on client or server error responses.","method":"GET","evidence":"","pluginId":"10021","cweid":"16","confidence":"Medium","wascid":"15","description":"The Anti-MIME-Sniffing header X-Content-Type-Options was not set to 'nosniff'. This allows older versions of Internet Explorer and Chrome to perform MIME-sniffing on the response body, potentially causing the response body to be interpreted and displayed as a content type other than the declared content type. Current (early 2014) and legacy versions of Firefox will use the declared content type (if one is set), rather than performing MIME-sniffing.","messageId":"19","url":"https://todoist.com/_next/static/chunks/0e8f85b20ed9ab0a6102c8b8298bac1d6cb4c89b.0fe8d2aa3a66f036f1d2.js","reference":"http://msdn.microsoft.com/en-us/library/ie/gg622941%28v=vs.85%29.aspx\nhttps://owasp.org/www-community/Security_Headers","solution":"Ensure that the application/web server sets the Content-Type header appropriately, and that it sets the X-Content-Type-Options header to 'nosniff' for all web pages.\nIf possible, ensure that the end user uses a standards-compliant and modern web browser that does not perform MIME-sniffing at all, or that can be directed by the web application/web server to not perform MIME-sniffing.","alert":"X-Content-Type-Options Header Missing","param":"X-Content-Type-Options","attack":"","name":"X-Content-Type-Options Header Missing","risk":"Low","id":"151","alertRef":"10021"},{"sourceid":"3","other":"The following pattern was used: \\bDB\\b and was detected in the element starting with: \"(window.webpackJsonp_N_E=window.webpackJsonp_N_E||[]).push([[4],{WNiU:function(e,t,r){!function(e,t){for(var r in t)e[r]=t[r]}(t\", see evidence field for the suspicious comment/snippet.","method":"GET","evidence":"Db","pluginId":"10027","cweid":"200","confidence":"Low","wascid":"13","description":"The response appears to contain suspicious comments which may help an attacker. Note: Matches made within script blocks or files are against the entire content not only comments.","messageId":"20","url":"https://todoist.com/_next/static/chunks/4af5f773.1851fbd0845d20ef7104.js","reference":"","solution":"Remove all comments that return information that may help an attacker and fix any underlying problems they refer to.","alert":"Information Disclosure - Suspicious Comments","param":"","attack":"","name":"Information Disclosure - Suspicious Comments","risk":"Informational","id":"152","alertRef":"10027"},{"sourceid":"3","other":"This issue still applies to error type pages (401, 403, 500, etc.) as those pages are often still affected by injection issues, in which case there is still concern for browsers sniffing pages away from their actual content type.\nAt \"High\" threshold this scan rule will not alert on client or server error responses.","method":"GET","evidence":"","pluginId":"10021","cweid":"16","confidence":"Medium","wascid":"15","description":"The Anti-MIME-Sniffing header X-Content-Type-Options was not set to 'nosniff'. This allows older versions of Internet Explorer and Chrome to perform MIME-sniffing on the response body, potentially causing the response body to be interpreted and displayed as a content type other than the declared content type. Current (early 2014) and legacy versions of Firefox will use the declared content type (if one is set), rather than performing MIME-sniffing.","messageId":"20","url":"https://todoist.com/_next/static/chunks/4af5f773.1851fbd0845d20ef7104.js","reference":"http://msdn.microsoft.com/en-us/library/ie/gg622941%28v=vs.85%29.aspx\nhttps://owasp.org/www-community/Security_Headers","solution":"Ensure that the application/web server sets the Content-Type header appropriately, and that it sets the X-Content-Type-Options header to 'nosniff' for all web pages.\nIf possible, ensure that the end user uses a standards-compliant and modern web browser that does not perform MIME-sniffing at all, or that can be directed by the web application/web server to not perform MIME-sniffing.","alert":"X-Content-Type-Options Header Missing","param":"X-Content-Type-Options","attack":"","name":"X-Content-Type-Options Header Missing","risk":"Low","id":"153","alertRef":"10021"},{"sourceid":"3","other":"The following pattern was used: \\bQUERY\\b and was detected in the element starting with: \"(window.webpackJsonp_N_E=window.webpackJsonp_N_E||[]).push([[6],{\"+90V\":function(e,t,n){\"use strict\";var r=n(\"TqRt\");n(\"HAE/\"),O\", see evidence field for the suspicious comment/snippet.","method":"GET","evidence":"query","pluginId":"10027","cweid":"200","confidence":"Low","wascid":"13","description":"The response appears to contain suspicious comments which may help an attacker. Note: Matches made within script blocks or files are against the entire content not only comments.","messageId":"21","url":"https://todoist.com/_next/static/chunks/46300902bf7c6e1374dd592a461ea5a5a6d02de9.dcfb80a6e6abd69835ad.js","reference":"","solution":"Remove all comments that return information that may help an attacker and fix any underlying problems they refer to.","alert":"Information Disclosure - Suspicious Comments","param":"","attack":"","name":"Information Disclosure - Suspicious Comments","risk":"Informational","id":"154","alertRef":"10027"},{"sourceid":"3","other":"This issue still applies to error type pages (401, 403, 500, etc.) as those pages are often still affected by injection issues, in which case there is still concern for browsers sniffing pages away from their actual content type.\nAt \"High\" threshold this scan rule will not alert on client or server error responses.","method":"GET","evidence":"","pluginId":"10021","cweid":"16","confidence":"Medium","wascid":"15","description":"The Anti-MIME-Sniffing header X-Content-Type-Options was not set to 'nosniff'. This allows older versions of Internet Explorer and Chrome to perform MIME-sniffing on the response body, potentially causing the response body to be interpreted and displayed as a content type other than the declared content type. Current (early 2014) and legacy versions of Firefox will use the declared content type (if one is set), rather than performing MIME-sniffing.","messageId":"21","url":"https://todoist.com/_next/static/chunks/46300902bf7c6e1374dd592a461ea5a5a6d02de9.dcfb80a6e6abd69835ad.js","reference":"http://msdn.microsoft.com/en-us/library/ie/gg622941%28v=vs.85%29.aspx\nhttps://owasp.org/www-community/Security_Headers","solution":"Ensure that the application/web server sets the Content-Type header appropriately, and that it sets the X-Content-Type-Options header to 'nosniff' for all web pages.\nIf possible, ensure that the end user uses a standards-compliant and modern web browser that does not perform MIME-sniffing at all, or that can be directed by the web application/web server to not perform MIME-sniffing.","alert":"X-Content-Type-Options Header Missing","param":"X-Content-Type-Options","attack":"","name":"X-Content-Type-Options Header Missing","risk":"Low","id":"155","alertRef":"10021"},{"sourceid":"3","other":"The following pattern was used: \\bQUERY\\b and was detected in the element starting with: \"_N_E=(window.webpackJsonp_N_E=window.webpackJsonp_N_E||[]).push([[29],{\"1TCz\":function(t,e,n){\"use strict\";n.r(e);var r=n(\"o0o1\"\", see evidence field for the suspicious comment/snippet.","method":"GET","evidence":"query","pluginId":"10027","cweid":"200","confidence":"Low","wascid":"13","description":"The response appears to contain suspicious comments which may help an attacker. Note: Matches made within script blocks or files are against the entire content not only comments.","messageId":"22","url":"https://todoist.com/_next/static/chunks/pages/_app-3b4743dbd65bee2727de.js","reference":"","solution":"Remove all comments that return information that may help an attacker and fix any underlying problems they refer to.","alert":"Information Disclosure - Suspicious Comments","param":"","attack":"","name":"Information Disclosure - Suspicious Comments","risk":"Informational","id":"156","alertRef":"10027"},{"sourceid":"3","other":"This issue still applies to error type pages (401, 403, 500, etc.) as those pages are often still affected by injection issues, in which case there is still concern for browsers sniffing pages away from their actual content type.\nAt \"High\" threshold this scan rule will not alert on client or server error responses.","method":"GET","evidence":"","pluginId":"10021","cweid":"16","confidence":"Medium","wascid":"15","description":"The Anti-MIME-Sniffing header X-Content-Type-Options was not set to 'nosniff'. This allows older versions of Internet Explorer and Chrome to perform MIME-sniffing on the response body, potentially causing the response body to be interpreted and displayed as a content type other than the declared content type. Current (early 2014) and legacy versions of Firefox will use the declared content type (if one is set), rather than performing MIME-sniffing.","messageId":"22","url":"https://todoist.com/_next/static/chunks/pages/_app-3b4743dbd65bee2727de.js","reference":"http://msdn.microsoft.com/en-us/library/ie/gg622941%28v=vs.85%29.aspx\nhttps://owasp.org/www-community/Security_Headers","solution":"Ensure that the application/web server sets the Content-Type header appropriately, and that it sets the X-Content-Type-Options header to 'nosniff' for all web pages.\nIf possible, ensure that the end user uses a standards-compliant and modern web browser that does not perform MIME-sniffing at all, or that can be directed by the web application/web server to not perform MIME-sniffing.","alert":"X-Content-Type-Options Header Missing","param":"X-Content-Type-Options","attack":"","name":"X-Content-Type-Options Header Missing","risk":"Low","id":"157","alertRef":"10021"},{"sourceid":"3","other":"The following pattern was used: \\bBUG\\b and was detected in the element starting with: \"(window.webpackJsonp_N_E=window.webpackJsonp_N_E||[]).push([[7],{\"+924\":function(e,t,n){\"use strict\";n.d(t,\"d\",(function(){retur\", see evidence field for the suspicious comment/snippet.","method":"GET","evidence":"bug","pluginId":"10027","cweid":"200","confidence":"Low","wascid":"13","description":"The response appears to contain suspicious comments which may help an attacker. Note: Matches made within script blocks or files are against the entire content not only comments.","messageId":"23","url":"https://todoist.com/_next/static/chunks/a7d9d3dc563f80f9bceeaf1fc394c88e9b2ce764.dc5ca8c774eddce1e0d7.js","reference":"","solution":"Remove all comments that return information that may help an attacker and fix any underlying problems they refer to.","alert":"Information Disclosure - Suspicious Comments","param":"","attack":"","name":"Information Disclosure - Suspicious Comments","risk":"Informational","id":"158","alertRef":"10027"},{"sourceid":"3","other":"123456789, which evaluates to: 1973-11-29 16:33:09","method":"GET","evidence":"123456789","pluginId":"10096","cweid":"200","confidence":"Low","wascid":"13","description":"A timestamp was disclosed by the application/web server - Unix","messageId":"23","url":"https://todoist.com/_next/static/chunks/a7d9d3dc563f80f9bceeaf1fc394c88e9b2ce764.dc5ca8c774eddce1e0d7.js","reference":"http://projects.webappsec.org/w/page/13246936/Information%20Leakage","solution":"Manually confirm that the timestamp data is not sensitive, and that the data cannot be aggregated to disclose exploitable patterns.","alert":"Timestamp Disclosure - Unix","param":"","attack":"","name":"Timestamp Disclosure - Unix","risk":"Informational","id":"159","alertRef":"10096"},{"sourceid":"3","other":"This issue still applies to error type pages (401, 403, 500, etc.) as those pages are often still affected by injection issues, in which case there is still concern for browsers sniffing pages away from their actual content type.\nAt \"High\" threshold this scan rule will not alert on client or server error responses.","method":"GET","evidence":"","pluginId":"10021","cweid":"16","confidence":"Medium","wascid":"15","description":"The Anti-MIME-Sniffing header X-Content-Type-Options was not set to 'nosniff'. This allows older versions of Internet Explorer and Chrome to perform MIME-sniffing on the response body, potentially causing the response body to be interpreted and displayed as a content type other than the declared content type. Current (early 2014) and legacy versions of Firefox will use the declared content type (if one is set), rather than performing MIME-sniffing.","messageId":"23","url":"https://todoist.com/_next/static/chunks/a7d9d3dc563f80f9bceeaf1fc394c88e9b2ce764.dc5ca8c774eddce1e0d7.js","reference":"http://msdn.microsoft.com/en-us/library/ie/gg622941%28v=vs.85%29.aspx\nhttps://owasp.org/www-community/Security_Headers","solution":"Ensure that the application/web server sets the Content-Type header appropriately, and that it sets the X-Content-Type-Options header to 'nosniff' for all web pages.\nIf possible, ensure that the end user uses a standards-compliant and modern web browser that does not perform MIME-sniffing at all, or that can be directed by the web application/web server to not perform MIME-sniffing.","alert":"X-Content-Type-Options Header Missing","param":"X-Content-Type-Options","attack":"","name":"X-Content-Type-Options Header Missing","risk":"Low","id":"165","alertRef":"10021"},{"sourceid":"3","other":"This issue still applies to error type pages (401, 403, 500, etc.) as those pages are often still affected by injection issues, in which case there is still concern for browsers sniffing pages away from their actual content type.\nAt \"High\" threshold this scan rule will not alert on client or server error responses.","method":"GET","evidence":"","pluginId":"10021","cweid":"16","confidence":"Medium","wascid":"15","description":"The Anti-MIME-Sniffing header X-Content-Type-Options was not set to 'nosniff'. This allows older versions of Internet Explorer and Chrome to perform MIME-sniffing on the response body, potentially causing the response body to be interpreted and displayed as a content type other than the declared content type. Current (early 2014) and legacy versions of Firefox will use the declared content type (if one is set), rather than performing MIME-sniffing.","messageId":"25","url":"https://todoist.com/_next/static/chunks/a5174a254d143c3d3d02321814728bdd71b6ab95_CSS.d6f2610c02ca1f2f8023.js","reference":"http://msdn.microsoft.com/en-us/library/ie/gg622941%28v=vs.85%29.aspx\nhttps://owasp.org/www-community/Security_Headers","solution":"Ensure that the application/web server sets the Content-Type header appropriately, and that it sets the X-Content-Type-Options header to 'nosniff' for all web pages.\nIf possible, ensure that the end user uses a standards-compliant and modern web browser that does not perform MIME-sniffing at all, or that can be directed by the web application/web server to not perform MIME-sniffing.","alert":"X-Content-Type-Options Header Missing","param":"X-Content-Type-Options","attack":"","name":"X-Content-Type-Options Header Missing","risk":"Low","id":"166","alertRef":"10021"},{"sourceid":"3","other":"This issue still applies to error type pages (401, 403, 500, etc.) as those pages are often still affected by injection issues, in which case there is still concern for browsers sniffing pages away from their actual content type.\nAt \"High\" threshold this scan rule will not alert on client or server error responses.","method":"GET","evidence":"","pluginId":"10021","cweid":"16","confidence":"Medium","wascid":"15","description":"The Anti-MIME-Sniffing header X-Content-Type-Options was not set to 'nosniff'. This allows older versions of Internet Explorer and Chrome to perform MIME-sniffing on the response body, potentially causing the response body to be interpreted and displayed as a content type other than the declared content type. Current (early 2014) and legacy versions of Firefox will use the declared content type (if one is set), rather than performing MIME-sniffing.","messageId":"26","url":"https://todoist.com/_next/static/chunks/styles.4b2dc012361942f5cf6e.js","reference":"http://msdn.microsoft.com/en-us/library/ie/gg622941%28v=vs.85%29.aspx\nhttps://owasp.org/www-community/Security_Headers","solution":"Ensure that the application/web server sets the Content-Type header appropriately, and that it sets the X-Content-Type-Options header to 'nosniff' for all web pages.\nIf possible, ensure that the end user uses a standards-compliant and modern web browser that does not perform MIME-sniffing at all, or that can be directed by the web application/web server to not perform MIME-sniffing.","alert":"X-Content-Type-Options Header Missing","param":"X-Content-Type-Options","attack":"","name":"X-Content-Type-Options Header Missing","risk":"Low","id":"167","alertRef":"10021"},{"sourceid":"3","other":"The following pattern was used: \\bDB\\b and was detected in the element starting with: \"_N_E=(window.webpackJsonp_N_E=window.webpackJsonp_N_E||[]).push([[44],{\"+RON\":function(e,t){e.exports=\"/_next/static/images/free\", see evidence field for the suspicious comment/snippet.","method":"GET","evidence":"DB","pluginId":"10027","cweid":"200","confidence":"Low","wascid":"13","description":"The response appears to contain suspicious comments which may help an attacker. Note: Matches made within script blocks or files are against the entire content not only comments.","messageId":"27","url":"https://todoist.com/_next/static/chunks/pages/index-50325ffabee779bfc84a.js","reference":"","solution":"Remove all comments that return information that may help an attacker and fix any underlying problems they refer to.","alert":"Information Disclosure - Suspicious Comments","param":"","attack":"","name":"Information Disclosure - Suspicious Comments","risk":"Informational","id":"168","alertRef":"10027"},{"sourceid":"3","other":"This issue still applies to error type pages (401, 403, 500, etc.) as those pages are often still affected by injection issues, in which case there is still concern for browsers sniffing pages away from their actual content type.\nAt \"High\" threshold this scan rule will not alert on client or server error responses.","method":"GET","evidence":"","pluginId":"10021","cweid":"16","confidence":"Medium","wascid":"15","description":"The Anti-MIME-Sniffing header X-Content-Type-Options was not set to 'nosniff'. This allows older versions of Internet Explorer and Chrome to perform MIME-sniffing on the response body, potentially causing the response body to be interpreted and displayed as a content type other than the declared content type. Current (early 2014) and legacy versions of Firefox will use the declared content type (if one is set), rather than performing MIME-sniffing.","messageId":"27","url":"https://todoist.com/_next/static/chunks/pages/index-50325ffabee779bfc84a.js","reference":"http://msdn.microsoft.com/en-us/library/ie/gg622941%28v=vs.85%29.aspx\nhttps://owasp.org/www-community/Security_Headers","solution":"Ensure that the application/web server sets the Content-Type header appropriately, and that it sets the X-Content-Type-Options header to 'nosniff' for all web pages.\nIf possible, ensure that the end user uses a standards-compliant and modern web browser that does not perform MIME-sniffing at all, or that can be directed by the web application/web server to not perform MIME-sniffing.","alert":"X-Content-Type-Options Header Missing","param":"X-Content-Type-Options","attack":"","name":"X-Content-Type-Options Header Missing","risk":"Low","id":"169","alertRef":"10021"},{"sourceid":"3","other":"The following pattern was used: \\bQUERY\\b and was detected in the element starting with: \"(window.webpackJsonp_N_E=window.webpackJsonp_N_E||[]).push([[8],{\"+9U2\":function(e,t,r){\"use strict\";let n,i,o,{isClean:s}=r(\"zo\", see evidence field for the suspicious comment/snippet.","method":"GET","evidence":"query","pluginId":"10027","cweid":"200","confidence":"Low","wascid":"13","description":"The response appears to contain suspicious comments which may help an attacker. Note: Matches made within script blocks or files are against the entire content not only comments.","messageId":"28","url":"https://todoist.com/_next/static/chunks/a5174a254d143c3d3d02321814728bdd71b6ab95.8aeeecc87435cd012b41.js","reference":"","solution":"Remove all comments that return information that may help an attacker and fix any underlying problems they refer to.","alert":"Information Disclosure - Suspicious Comments","param":"","attack":"","name":"Information Disclosure - Suspicious Comments","risk":"Informational","id":"170","alertRef":"10027"},{"sourceid":"3","other":"16711680, which evaluates to: 1970-07-13 05:08:00","method":"GET","evidence":"16711680","pluginId":"10096","cweid":"200","confidence":"Low","wascid":"13","description":"A timestamp was disclosed by the application/web server - Unix","messageId":"28","url":"https://todoist.com/_next/static/chunks/a5174a254d143c3d3d02321814728bdd71b6ab95.8aeeecc87435cd012b41.js","reference":"http://projects.webappsec.org/w/page/13246936/Information%20Leakage","solution":"Manually confirm that the timestamp data is not sensitive, and that the data cannot be aggregated to disclose exploitable patterns.","alert":"Timestamp Disclosure - Unix","param":"","attack":"","name":"Timestamp Disclosure - Unix","risk":"Informational","id":"171","alertRef":"10096"},{"sourceid":"3","other":"2147483647, which evaluates to: 2038-01-18 22:14:07","method":"GET","evidence":"2147483647","pluginId":"10096","cweid":"200","confidence":"Low","wascid":"13","description":"A timestamp was disclosed by the application/web server - Unix","messageId":"28","url":"https://todoist.com/_next/static/chunks/a5174a254d143c3d3d02321814728bdd71b6ab95.8aeeecc87435cd012b41.js","reference":"http://projects.webappsec.org/w/page/13246936/Information%20Leakage","solution":"Manually confirm that the timestamp data is not sensitive, and that the data cannot be aggregated to disclose exploitable patterns.","alert":"Timestamp Disclosure - Unix","param":"","attack":"","name":"Timestamp Disclosure - Unix","risk":"Informational","id":"172","alertRef":"10096"},{"sourceid":"3","other":"1073741823, which evaluates to: 2004-01-10 08:37:03","method":"GET","evidence":"1073741823","pluginId":"10096","cweid":"200","confidence":"Low","wascid":"13","description":"A timestamp was disclosed by the application/web server - Unix","messageId":"28","url":"https://todoist.com/_next/static/chunks/a5174a254d143c3d3d02321814728bdd71b6ab95.8aeeecc87435cd012b41.js","reference":"http://projects.webappsec.org/w/page/13246936/Information%20Leakage","solution":"Manually confirm that the timestamp data is not sensitive, and that the data cannot be aggregated to disclose exploitable patterns.","alert":"Timestamp Disclosure - Unix","param":"","attack":"","name":"Timestamp Disclosure - Unix","risk":"Informational","id":"173","alertRef":"10096"},{"sourceid":"3","other":"16777216, which evaluates to: 1970-07-13 23:20:16","method":"GET","evidence":"16777216","pluginId":"10096","cweid":"200","confidence":"Low","wascid":"13","description":"A timestamp was disclosed by the application/web server - Unix","messageId":"28","url":"https://todoist.com/_next/static/chunks/a5174a254d143c3d3d02321814728bdd71b6ab95.8aeeecc87435cd012b41.js","reference":"http://projects.webappsec.org/w/page/13246936/Information%20Leakage","solution":"Manually confirm that the timestamp data is not sensitive, and that the data cannot be aggregated to disclose exploitable patterns.","alert":"Timestamp Disclosure - Unix","param":"","attack":"","name":"Timestamp Disclosure - Unix","risk":"Informational","id":"176","alertRef":"10096"},{"sourceid":"3","other":"This issue still applies to error type pages (401, 403, 500, etc.) as those pages are often still affected by injection issues, in which case there is still concern for browsers sniffing pages away from their actual content type.\nAt \"High\" threshold this scan rule will not alert on client or server error responses.","method":"GET","evidence":"","pluginId":"10021","cweid":"16","confidence":"Medium","wascid":"15","description":"The Anti-MIME-Sniffing header X-Content-Type-Options was not set to 'nosniff'. This allows older versions of Internet Explorer and Chrome to perform MIME-sniffing on the response body, potentially causing the response body to be interpreted and displayed as a content type other than the declared content type. Current (early 2014) and legacy versions of Firefox will use the declared content type (if one is set), rather than performing MIME-sniffing.","messageId":"28","url":"https://todoist.com/_next/static/chunks/a5174a254d143c3d3d02321814728bdd71b6ab95.8aeeecc87435cd012b41.js","reference":"http://msdn.microsoft.com/en-us/library/ie/gg622941%28v=vs.85%29.aspx\nhttps://owasp.org/www-community/Security_Headers","solution":"Ensure that the application/web server sets the Content-Type header appropriately, and that it sets the X-Content-Type-Options header to 'nosniff' for all web pages.\nIf possible, ensure that the end user uses a standards-compliant and modern web browser that does not perform MIME-sniffing at all, or that can be directed by the web application/web server to not perform MIME-sniffing.","alert":"X-Content-Type-Options Header Missing","param":"X-Content-Type-Options","attack":"","name":"X-Content-Type-Options Header Missing","risk":"Low","id":"180","alertRef":"10021"},{"sourceid":"3","other":"The following pattern was used: \\bUSER\\b and was detected in the element starting with: \"self.__BUILD_MANIFEST = (function(a,b,c,d,e,f,g,h,i,j,k,l,m,n,o,p,q,r,s,t){return {__rewrites:[],\"/\":[\"static\\u002Fcss\\u002Fpage\", see evidence field for the suspicious comment/snippet.","method":"GET","evidence":"user","pluginId":"10027","cweid":"200","confidence":"Low","wascid":"13","description":"The response appears to contain suspicious comments which may help an attacker. Note: Matches made within script blocks or files are against the entire content not only comments.","messageId":"32","url":"https://todoist.com/_next/static/Su7XJ3Y1iReNK_fTNqchx/_buildManifest.js","reference":"","solution":"Remove all comments that return information that may help an attacker and fix any underlying problems they refer to.","alert":"Information Disclosure - Suspicious Comments","param":"","attack":"","name":"Information Disclosure - Suspicious Comments","risk":"Informational","id":"194","alertRef":"10027"},{"sourceid":"3","other":"This issue still applies to error type pages (401, 403, 500, etc.) as those pages are often still affected by injection issues, in which case there is still concern for browsers sniffing pages away from their actual content type.\nAt \"High\" threshold this scan rule will not alert on client or server error responses.","method":"GET","evidence":"","pluginId":"10021","cweid":"16","confidence":"Medium","wascid":"15","description":"The Anti-MIME-Sniffing header X-Content-Type-Options was not set to 'nosniff'. This allows older versions of Internet Explorer and Chrome to perform MIME-sniffing on the response body, potentially causing the response body to be interpreted and displayed as a content type other than the declared content type. Current (early 2014) and legacy versions of Firefox will use the declared content type (if one is set), rather than performing MIME-sniffing.","messageId":"32","url":"https://todoist.com/_next/static/Su7XJ3Y1iReNK_fTNqchx/_buildManifest.js","reference":"http://msdn.microsoft.com/en-us/library/ie/gg622941%28v=vs.85%29.aspx\nhttps://owasp.org/www-community/Security_Headers","solution":"Ensure that the application/web server sets the Content-Type header appropriately, and that it sets the X-Content-Type-Options header to 'nosniff' for all web pages.\nIf possible, ensure that the end user uses a standards-compliant and modern web browser that does not perform MIME-sniffing at all, or that can be directed by the web application/web server to not perform MIME-sniffing.","alert":"X-Content-Type-Options Header Missing","param":"X-Content-Type-Options","attack":"","name":"X-Content-Type-Options Header Missing","risk":"Low","id":"195","alertRef":"10021"},{"sourceid":"3","other":"This issue still applies to error type pages (401, 403, 500, etc.) as those pages are often still affected by injection issues, in which case there is still concern for browsers sniffing pages away from their actual content type.\nAt \"High\" threshold this scan rule will not alert on client or server error responses.","method":"GET","evidence":"","pluginId":"10021","cweid":"16","confidence":"Medium","wascid":"15","description":"The Anti-MIME-Sniffing header X-Content-Type-Options was not set to 'nosniff'. This allows older versions of Internet Explorer and Chrome to perform MIME-sniffing on the response body, potentially causing the response body to be interpreted and displayed as a content type other than the declared content type. Current (early 2014) and legacy versions of Firefox will use the declared content type (if one is set), rather than performing MIME-sniffing.","messageId":"35","url":"https://todoist.com/_next/static/Su7XJ3Y1iReNK_fTNqchx/_ssgManifest.js","reference":"http://msdn.microsoft.com/en-us/library/ie/gg622941%28v=vs.85%29.aspx\nhttps://owasp.org/www-community/Security_Headers","solution":"Ensure that the application/web server sets the Content-Type header appropriately, and that it sets the X-Content-Type-Options header to 'nosniff' for all web pages.\nIf possible, ensure that the end user uses a standards-compliant and modern web browser that does not perform MIME-sniffing at all, or that can be directed by the web application/web server to not perform MIME-sniffing.","alert":"X-Content-Type-Options Header Missing","param":"X-Content-Type-Options","attack":"","name":"X-Content-Type-Options Header Missing","risk":"Low","id":"196","alertRef":"10021"},{"sourceid":"3","other":"This issue still applies to error type pages (401, 403, 500, etc.) as those pages are often still affected by injection issues, in which case there is still concern for browsers sniffing pages away from their actual content type.\nAt \"High\" threshold this scan rule will not alert on client or server error responses.","method":"GET","evidence":"","pluginId":"10021","cweid":"16","confidence":"Medium","wascid":"15","description":"The Anti-MIME-Sniffing header X-Content-Type-Options was not set to 'nosniff'. This allows older versions of Internet Explorer and Chrome to perform MIME-sniffing on the response body, potentially causing the response body to be interpreted and displayed as a content type other than the declared content type. Current (early 2014) and legacy versions of Firefox will use the declared content type (if one is set), rather than performing MIME-sniffing.","messageId":"47","url":"https://todoist.com/static/fonts/Graphik-Regular-Web.woff","reference":"http://msdn.microsoft.com/en-us/library/ie/gg622941%28v=vs.85%29.aspx\nhttps://owasp.org/www-community/Security_Headers","solution":"Ensure that the application/web server sets the Content-Type header appropriately, and that it sets the X-Content-Type-Options header to 'nosniff' for all web pages.\nIf possible, ensure that the end user uses a standards-compliant and modern web browser that does not perform MIME-sniffing at all, or that can be directed by the web application/web server to not perform MIME-sniffing.","alert":"X-Content-Type-Options Header Missing","param":"X-Content-Type-Options","attack":"","name":"X-Content-Type-Options Header Missing","risk":"Low","id":"239","alertRef":"10021"},{"sourceid":"3","other":"This issue still applies to error type pages (401, 403, 500, etc.) as those pages are often still affected by injection issues, in which case there is still concern for browsers sniffing pages away from their actual content type.\nAt \"High\" threshold this scan rule will not alert on client or server error responses.","method":"GET","evidence":"","pluginId":"10021","cweid":"16","confidence":"Medium","wascid":"15","description":"The Anti-MIME-Sniffing header X-Content-Type-Options was not set to 'nosniff'. This allows older versions of Internet Explorer and Chrome to perform MIME-sniffing on the response body, potentially causing the response body to be interpreted and displayed as a content type other than the declared content type. Current (early 2014) and legacy versions of Firefox will use the declared content type (if one is set), rather than performing MIME-sniffing.","messageId":"48","url":"https://todoist.com/static/fonts/Graphik-Semibold-Web.woff","reference":"http://msdn.microsoft.com/en-us/library/ie/gg622941%28v=vs.85%29.aspx\nhttps://owasp.org/www-community/Security_Headers","solution":"Ensure that the application/web server sets the Content-Type header appropriately, and that it sets the X-Content-Type-Options header to 'nosniff' for all web pages.\nIf possible, ensure that the end user uses a standards-compliant and modern web browser that does not perform MIME-sniffing at all, or that can be directed by the web application/web server to not perform MIME-sniffing.","alert":"X-Content-Type-Options Header Missing","param":"X-Content-Type-Options","attack":"","name":"X-Content-Type-Options Header Missing","risk":"Low","id":"240","alertRef":"10021"},{"sourceid":"3","other":"This issue still applies to error type pages (401, 403, 500, etc.) as those pages are often still affected by injection issues, in which case there is still concern for browsers sniffing pages away from their actual content type.\nAt \"High\" threshold this scan rule will not alert on client or server error responses.","method":"GET","evidence":"","pluginId":"10021","cweid":"16","confidence":"Medium","wascid":"15","description":"The Anti-MIME-Sniffing header X-Content-Type-Options was not set to 'nosniff'. This allows older versions of Internet Explorer and Chrome to perform MIME-sniffing on the response body, potentially causing the response body to be interpreted and displayed as a content type other than the declared content type. Current (early 2014) and legacy versions of Firefox will use the declared content type (if one is set), rather than performing MIME-sniffing.","messageId":"51","url":"https://todoist.com/static/fonts/Caecilia-RegularItalic-Web.woff","reference":"http://msdn.microsoft.com/en-us/library/ie/gg622941%28v=vs.85%29.aspx\nhttps://owasp.org/www-community/Security_Headers","solution":"Ensure that the application/web server sets the Content-Type header appropriately, and that it sets the X-Content-Type-Options header to 'nosniff' for all web pages.\nIf possible, ensure that the end user uses a standards-compliant and modern web browser that does not perform MIME-sniffing at all, or that can be directed by the web application/web server to not perform MIME-sniffing.","alert":"X-Content-Type-Options Header Missing","param":"X-Content-Type-Options","attack":"","name":"X-Content-Type-Options Header Missing","risk":"Low","id":"241","alertRef":"10021"},{"sourceid":"3","other":"","method":"GET","evidence":"public, max-age=31536000, immutable","pluginId":"10015","cweid":"525","confidence":"Medium","wascid":"13","description":"The cache-control and pragma HTTP header have not been set properly or are missing allowing the browser and proxies to cache content.","messageId":"55","url":"https://todoist.com/static/locales/es/common.json","reference":"https://cheatsheetseries.owasp.org/cheatsheets/Session_Management_Cheat_Sheet.html#web-content-caching","solution":"Whenever possible ensure the cache-control HTTP header is set with no-cache, no-store, must-revalidate; and that the pragma HTTP header is set with no-cache.","alert":"Incomplete or No Cache-control and Pragma HTTP Header Set","param":"Cache-Control","attack":"","name":"Incomplete or No Cache-control and Pragma HTTP Header Set","risk":"Low","id":"244","alertRef":"10015"},{"sourceid":"3","other":"This issue still applies to error type pages (401, 403, 500, etc.) as those pages are often still affected by injection issues, in which case there is still concern for browsers sniffing pages away from their actual content type.\nAt \"High\" threshold this scan rule will not alert on client or server error responses.","method":"GET","evidence":"","pluginId":"10021","cweid":"16","confidence":"Medium","wascid":"15","description":"The Anti-MIME-Sniffing header X-Content-Type-Options was not set to 'nosniff'. This allows older versions of Internet Explorer and Chrome to perform MIME-sniffing on the response body, potentially causing the response body to be interpreted and displayed as a content type other than the declared content type. Current (early 2014) and legacy versions of Firefox will use the declared content type (if one is set), rather than performing MIME-sniffing.","messageId":"55","url":"https://todoist.com/static/locales/es/common.json","reference":"http://msdn.microsoft.com/en-us/library/ie/gg622941%28v=vs.85%29.aspx\nhttps://owasp.org/www-community/Security_Headers","solution":"Ensure that the application/web server sets the Content-Type header appropriately, and that it sets the X-Content-Type-Options header to 'nosniff' for all web pages.\nIf possible, ensure that the end user uses a standards-compliant and modern web browser that does not perform MIME-sniffing at all, or that can be directed by the web application/web server to not perform MIME-sniffing.","alert":"X-Content-Type-Options Header Missing","param":"X-Content-Type-Options","attack":"","name":"X-Content-Type-Options Header Missing","risk":"Low","id":"245","alertRef":"10021"},{"sourceid":"3","other":"","method":"GET","evidence":"public, max-age=31536000, immutable","pluginId":"10015","cweid":"525","confidence":"Medium","wascid":"13","description":"The cache-control and pragma HTTP header have not been set properly or are missing allowing the browser and proxies to cache content.","messageId":"58","url":"https://todoist.com/static/locales/en/common.json","reference":"https://cheatsheetseries.owasp.org/cheatsheets/Session_Management_Cheat_Sheet.html#web-content-caching","solution":"Whenever possible ensure the cache-control HTTP header is set with no-cache, no-store, must-revalidate; and that the pragma HTTP header is set with no-cache.","alert":"Incomplete or No Cache-control and Pragma HTTP Header Set","param":"Cache-Control","attack":"","name":"Incomplete or No Cache-control and Pragma HTTP Header Set","risk":"Low","id":"246","alertRef":"10015"},{"sourceid":"3","other":"This issue still applies to error type pages (401, 403, 500, etc.) as those pages are often still affected by injection issues, in which case there is still concern for browsers sniffing pages away from their actual content type.\nAt \"High\" threshold this scan rule will not alert on client or server error responses.","method":"GET","evidence":"","pluginId":"10021","cweid":"16","confidence":"Medium","wascid":"15","description":"The Anti-MIME-Sniffing header X-Content-Type-Options was not set to 'nosniff'. This allows older versions of Internet Explorer and Chrome to perform MIME-sniffing on the response body, potentially causing the response body to be interpreted and displayed as a content type other than the declared content type. Current (early 2014) and legacy versions of Firefox will use the declared content type (if one is set), rather than performing MIME-sniffing.","messageId":"58","url":"https://todoist.com/static/locales/en/common.json","reference":"http://msdn.microsoft.com/en-us/library/ie/gg622941%28v=vs.85%29.aspx\nhttps://owasp.org/www-community/Security_Headers","solution":"Ensure that the application/web server sets the Content-Type header appropriately, and that it sets the X-Content-Type-Options header to 'nosniff' for all web pages.\nIf possible, ensure that the end user uses a standards-compliant and modern web browser that does not perform MIME-sniffing at all, or that can be directed by the web application/web server to not perform MIME-sniffing.","alert":"X-Content-Type-Options Header Missing","param":"X-Content-Type-Options","attack":"","name":"X-Content-Type-Options Header Missing","risk":"Low","id":"247","alertRef":"10021"},{"sourceid":"3","other":"","method":"GET","evidence":"","pluginId":"10015","cweid":"525","confidence":"Medium","wascid":"13","description":"The cache-control and pragma HTTP header have not been set properly or are missing allowing the browser and proxies to cache content.","messageId":"132","url":"https://todoist.com/users/showlogin","reference":"https://cheatsheetseries.owasp.org/cheatsheets/Session_Management_Cheat_Sheet.html#web-content-caching","solution":"Whenever possible ensure the cache-control HTTP header is set with no-cache, no-store, must-revalidate; and that the pragma HTTP header is set with no-cache.","alert":"Incomplete or No Cache-control and Pragma HTTP Header Set","param":"Cache-Control","attack":"","name":"Incomplete or No Cache-control and Pragma HTTP Header Set","risk":"Low","id":"314","alertRef":"10015"},{"sourceid":"3","other":"","method":"GET","evidence":"Set-Cookie: csrf","pluginId":"10010","cweid":"16","confidence":"Medium","wascid":"13","description":"A cookie has been set without the HttpOnly flag, which means that the cookie can be accessed by JavaScript. If a malicious script can be run on this page then the cookie will be accessible and can be transmitted to another site. If this is a session cookie then session hijacking may be possible.","messageId":"132","url":"https://todoist.com/users/showlogin","reference":"https://owasp.org/www-community/HttpOnly","solution":"Ensure that the HttpOnly flag is set for all cookies.","alert":"Cookie No HttpOnly Flag","param":"csrf","attack":"","name":"Cookie No HttpOnly Flag","risk":"Low","id":"315","alertRef":"10010"},{"sourceid":"3","other":"","method":"GET","evidence":"Set-Cookie: csrf","pluginId":"10054","cweid":"16","confidence":"Medium","wascid":"13","description":"A cookie has been set with an invalid SameSite attribute value, which means that the cookie can be sent as a result of a 'cross-site' request. The SameSite attribute is an effective counter measure to cross-site request forgery, cross-site script inclusion, and timing attacks.","messageId":"132","url":"https://todoist.com/users/showlogin","reference":"https://tools.ietf.org/html/draft-ietf-httpbis-cookie-same-site","solution":"Ensure that the SameSite attribute is set to either 'lax' or ideally 'strict' for all cookies.","alert":"Cookie Without SameSite Attribute","param":"csrf","attack":"","name":"Cookie Without SameSite Attribute","risk":"Low","id":"316","alertRef":"10054"},{"sourceid":"3","other":"","method":"GET","evidence":"<script type=\"text/javascript\" src=\"https://d3ptyyxy2at9ui.cloudfront.net/es-ab54e0.js\"><\/script>","pluginId":"10017","cweid":"829","confidence":"Medium","wascid":"15","description":"The page includes one or more script files from a third-party domain.","messageId":"132","url":"https://todoist.com/users/showlogin","reference":"","solution":"Ensure JavaScript source files are loaded from only trusted sources, and the sources can't be controlled by end users of the application.","alert":"Cross-Domain JavaScript Source File Inclusion","param":"https://d3ptyyxy2at9ui.cloudfront.net/es-ab54e0.js","attack":"","name":"Cross-Domain JavaScript Source File Inclusion","risk":"Low","id":"317","alertRef":"10017"},{"sourceid":"3","other":"","method":"GET","evidence":"<script type=\"text/javascript\" src=\"https://d3ptyyxy2at9ui.cloudfront.net/Col_ICECollection-8b8f90.js\" ><\/script>","pluginId":"10017","cweid":"829","confidence":"Medium","wascid":"15","description":"The page includes one or more script files from a third-party domain.","messageId":"132","url":"https://todoist.com/users/showlogin","reference":"","solution":"Ensure JavaScript source files are loaded from only trusted sources, and the sources can't be controlled by end users of the application.","alert":"Cross-Domain JavaScript Source File Inclusion","param":"https://d3ptyyxy2at9ui.cloudfront.net/Col_ICECollection-8b8f90.js","attack":"","name":"Cross-Domain JavaScript Source File Inclusion","risk":"Low","id":"318","alertRef":"10017"},{"sourceid":"3","other":"","method":"GET","evidence":"<script type=\"text/javascript\" src=\"https://d3ptyyxy2at9ui.cloudfront.net/GreyBox-b6bb57.js\" ><\/script>","pluginId":"10017","cweid":"829","confidence":"Medium","wascid":"15","description":"The page includes one or more script files from a third-party domain.","messageId":"132","url":"https://todoist.com/users/showlogin","reference":"","solution":"Ensure JavaScript source files are loaded from only trusted sources, and the sources can't be controlled by end users of the application.","alert":"Cross-Domain JavaScript Source File Inclusion","param":"https://d3ptyyxy2at9ui.cloudfront.net/GreyBox-b6bb57.js","attack":"","name":"Cross-Domain JavaScript Source File Inclusion","risk":"Low","id":"319","alertRef":"10017"},{"sourceid":"3","other":"","method":"GET","evidence":"<script type=\"text/javascript\" src=\"https://d3ptyyxy2at9ui.cloudfront.net/Col_StandalonePageCollection-d72ac1.js\" ><\/script>","pluginId":"10017","cweid":"829","confidence":"Medium","wascid":"15","description":"The page includes one or more script files from a third-party domain.","messageId":"132","url":"https://todoist.com/users/showlogin","reference":"","solution":"Ensure JavaScript source files are loaded from only trusted sources, and the sources can't be controlled by end users of the application.","alert":"Cross-Domain JavaScript Source File Inclusion","param":"https://d3ptyyxy2at9ui.cloudfront.net/Col_StandalonePageCollection-d72ac1.js","attack":"","name":"Cross-Domain JavaScript Source File Inclusion","risk":"Low","id":"320","alertRef":"10017"},{"sourceid":"3","other":"","method":"GET","evidence":"<script type=\"text/javascript\" src=\"https://d3ptyyxy2at9ui.cloudfront.net/Col_PluginCollection-f907f0.js\" ><\/script>","pluginId":"10017","cweid":"829","confidence":"Medium","wascid":"15","description":"The page includes one or more script files from a third-party domain.","messageId":"132","url":"https://todoist.com/users/showlogin","reference":"","solution":"Ensure JavaScript source files are loaded from only trusted sources, and the sources can't be controlled by end users of the application.","alert":"Cross-Domain JavaScript Source File Inclusion","param":"https://d3ptyyxy2at9ui.cloudfront.net/Col_PluginCollection-f907f0.js","attack":"","name":"Cross-Domain JavaScript Source File Inclusion","risk":"Low","id":"322","alertRef":"10017"},{"sourceid":"3","other":"","method":"GET","evidence":"<script type=\"text/javascript\" src=\"https://d3ptyyxy2at9ui.cloudfront.net/ist_button-56a55c.js\" ><\/script>","pluginId":"10017","cweid":"829","confidence":"Medium","wascid":"15","description":"The page includes one or more script files from a third-party domain.","messageId":"132","url":"https://todoist.com/users/showlogin","reference":"","solution":"Ensure JavaScript source files are loaded from only trusted sources, and the sources can't be controlled by end users of the application.","alert":"Cross-Domain JavaScript Source File Inclusion","param":"https://d3ptyyxy2at9ui.cloudfront.net/ist_button-56a55c.js","attack":"","name":"Cross-Domain JavaScript Source File Inclusion","risk":"Low","id":"323","alertRef":"10017"},{"sourceid":"3","other":"","method":"GET","evidence":"<script type=\"text/javascript\" src=\"https://d3ptyyxy2at9ui.cloudfront.net/Col_LoginSignupCollection-976c4c.js\" ><\/script>","pluginId":"10017","cweid":"829","confidence":"Medium","wascid":"15","description":"The page includes one or more script files from a third-party domain.","messageId":"132","url":"https://todoist.com/users/showlogin","reference":"","solution":"Ensure JavaScript source files are loaded from only trusted sources, and the sources can't be controlled by end users of the application.","alert":"Cross-Domain JavaScript Source File Inclusion","param":"https://d3ptyyxy2at9ui.cloudfront.net/Col_LoginSignupCollection-976c4c.js","attack":"","name":"Cross-Domain JavaScript Source File Inclusion","risk":"Low","id":"324","alertRef":"10017"},{"sourceid":"3","other":"This issue still applies to error type pages (401, 403, 500, etc.) as those pages are often still affected by injection issues, in which case there is still concern for browsers sniffing pages away from their actual content type.\nAt \"High\" threshold this scan rule will not alert on client or server error responses.","method":"GET","evidence":"","pluginId":"10021","cweid":"16","confidence":"Medium","wascid":"15","description":"The Anti-MIME-Sniffing header X-Content-Type-Options was not set to 'nosniff'. This allows older versions of Internet Explorer and Chrome to perform MIME-sniffing on the response body, potentially causing the response body to be interpreted and displayed as a content type other than the declared content type. Current (early 2014) and legacy versions of Firefox will use the declared content type (if one is set), rather than performing MIME-sniffing.","messageId":"132","url":"https://todoist.com/users/showlogin","reference":"http://msdn.microsoft.com/en-us/library/ie/gg622941%28v=vs.85%29.aspx\nhttps://owasp.org/www-community/Security_Headers","solution":"Ensure that the application/web server sets the Content-Type header appropriately, and that it sets the X-Content-Type-Options header to 'nosniff' for all web pages.\nIf possible, ensure that the end user uses a standards-compliant and modern web browser that does not perform MIME-sniffing at all, or that can be directed by the web application/web server to not perform MIME-sniffing.","alert":"X-Content-Type-Options Header Missing","param":"X-Content-Type-Options","attack":"","name":"X-Content-Type-Options Header Missing","risk":"Low","id":"325","alertRef":"10021"},{"sourceid":"3","other":"","method":"GET","evidence":"","pluginId":"10020","cweid":"16","confidence":"Medium","wascid":"15","description":"X-Frame-Options header is not included in the HTTP response to protect against 'ClickJacking' attacks.","messageId":"132","url":"https://todoist.com/users/showlogin","reference":"https://developer.mozilla.org/en-US/docs/Web/HTTP/Headers/X-Frame-Options","solution":"Most modern Web browsers support the X-Frame-Options HTTP header. Ensure it's set on all web pages returned by your site (if you expect the page to be framed only by pages on your server (e.g. it's part of a FRAMESET) then you'll want to use SAMEORIGIN, otherwise if you never expect the page to be framed, you should use DENY. Alternatively consider implementing Content Security Policy's \"frame-ancestors\" directive. ","alert":"X-Frame-Options Header Not Set","param":"X-Frame-Options","attack":"","name":"X-Frame-Options Header Not Set","risk":"Medium","id":"326","alertRef":"10020"},{"sourceid":"3","other":"","method":"POST","evidence":"Set-Cookie: todoistd","pluginId":"10054","cweid":"16","confidence":"Medium","wascid":"13","description":"A cookie has been set with an invalid SameSite attribute value, which means that the cookie can be sent as a result of a 'cross-site' request. The SameSite attribute is an effective counter measure to cross-site request forgery, cross-site script inclusion, and timing attacks.","messageId":"156","url":"https://todoist.com/Users/login","reference":"https://tools.ietf.org/html/draft-ietf-httpbis-cookie-same-site","solution":"Ensure that the SameSite attribute is set to either 'lax' or ideally 'strict' for all cookies.","alert":"Cookie Without SameSite Attribute","param":"todoistd","attack":"","name":"Cookie Without SameSite Attribute","risk":"Low","id":"371","alertRef":"10054"},{"sourceid":"3","other":"31536000, which evaluates to: 1970-12-31 19:00:00","method":"POST","evidence":"31536000","pluginId":"10096","cweid":"200","confidence":"Low","wascid":"13","description":"A timestamp was disclosed by the application/web server - Unix","messageId":"156","url":"https://todoist.com/Users/login","reference":"http://projects.webappsec.org/w/page/13246936/Information%20Leakage","solution":"Manually confirm that the timestamp data is not sensitive, and that the data cannot be aggregated to disclose exploitable patterns.","alert":"Timestamp Disclosure - Unix","param":"","attack":"","name":"Timestamp Disclosure - Unix","risk":"Informational","id":"372","alertRef":"10096"},{"sourceid":"3","other":"The response contained multiple CSP headers, one or more of them contained a report-uri directive and therefore they could not be merged. The first identified header/policy was analyzed.","method":"GET","evidence":"default-src 'self' wss://*.todoist.com https://www.google-analytics.com https://o476415.ingest.sentry.io https://d3ptyyxy2at9ui.cloudfront.net https://dcff1xvirvpfp.cloudfront.net https://d266vjxpnndrqi.cloudfront.net https://x-api.rollout.io https://statestore.rollout.io https://conf.rollout.io https://push.rollout.io https://analytic.rollout.io https://browser.sentry-cdn.com https://www.dropbox.com/static/api/2/dropins.js https://apis.google.com https://*.todoist.com https://todoist.com https://maps.googleapis.com https://fonts.gstatic.com; style-src 'self' wss://*.todoist.com https://www.google-analytics.com https://o476415.ingest.sentry.io https://d3ptyyxy2at9ui.cloudfront.net https://dcff1xvirvpfp.cloudfront.net https://d266vjxpnndrqi.cloudfront.net https://x-api.rollout.io https://statestore.rollout.io https://conf.rollout.io https://push.rollout.io https://analytic.rollout.io https://browser.sentry-cdn.com https://www.dropbox.com/static/api/2/dropins.js https://apis.google.com https://*.todoist.com https://todoist.com https://maps.googleapis.com https://fonts.gstatic.com 'unsafe-inline' https://fonts.googleapis.com; img-src 'self' data:  https://d3ptyyxy2at9ui.cloudfront.net https://dcff1xvirvpfp.cloudfront.net https://d266vjxpnndrqi.cloudfront.net https://d1x0mwiac2rqwt.cloudfront.net https://avatars.doist.com https://image-resize.todoist.com https://maps.gstatic.com https://*.googleapis.com https://*.ggpht https://twemoji.maxcdn.com https://www.google-analytics.com; media-src 'self' https://d1ysz50cxb9zwl.cloudfront.net https://d3ptyyxy2at9ui.cloudfront.net https://files.todoist.com; frame-src 'self' https://www.dropbox.com https://accounts.google.com https://docs.google.com; report-uri /csp_report","pluginId":"10055","cweid":"16","confidence":"Medium","wascid":"15","description":"Info Items:\n1:1715: A draft of the next version of CSP deprecates report-uri in favour of a new report-to directive.\n","messageId":"158","url":"https://todoist.com/app/","reference":"http://www.w3.org/TR/CSP2/\nhttp://www.w3.org/TR/CSP/\nhttp://caniuse.com/#search=content+security+policy\nhttp://content-security-policy.com/\nhttps://github.com/shapesecurity/salvation\nhttps://developers.google.com/web/fundamentals/security/csp#policy_applies_to_a_wide_variety_of_resources","solution":"Ensure that your web server, application server, load balancer, etc. is properly configured to set the Content-Security-Policy header.","alert":"CSP: Notices","param":"Content-Security-Policy","attack":"","name":"CSP: Notices","risk":"Informational","id":"373","alertRef":"10055"},{"sourceid":"3","other":"The response contained multiple CSP headers, one or more of them contained a report-uri directive and therefore they could not be merged. The first identified header/policy was analyzed.","method":"GET","evidence":"default-src 'self' wss://*.todoist.com https://www.google-analytics.com https://o476415.ingest.sentry.io https://d3ptyyxy2at9ui.cloudfront.net https://dcff1xvirvpfp.cloudfront.net https://d266vjxpnndrqi.cloudfront.net https://x-api.rollout.io https://statestore.rollout.io https://conf.rollout.io https://push.rollout.io https://analytic.rollout.io https://browser.sentry-cdn.com https://www.dropbox.com/static/api/2/dropins.js https://apis.google.com https://*.todoist.com https://todoist.com https://maps.googleapis.com https://fonts.gstatic.com; style-src 'self' wss://*.todoist.com https://www.google-analytics.com https://o476415.ingest.sentry.io https://d3ptyyxy2at9ui.cloudfront.net https://dcff1xvirvpfp.cloudfront.net https://d266vjxpnndrqi.cloudfront.net https://x-api.rollout.io https://statestore.rollout.io https://conf.rollout.io https://push.rollout.io https://analytic.rollout.io https://browser.sentry-cdn.com https://www.dropbox.com/static/api/2/dropins.js https://apis.google.com https://*.todoist.com https://todoist.com https://maps.googleapis.com https://fonts.gstatic.com 'unsafe-inline' https://fonts.googleapis.com; img-src 'self' data:  https://d3ptyyxy2at9ui.cloudfront.net https://dcff1xvirvpfp.cloudfront.net https://d266vjxpnndrqi.cloudfront.net https://d1x0mwiac2rqwt.cloudfront.net https://avatars.doist.com https://image-resize.todoist.com https://maps.gstatic.com https://*.googleapis.com https://*.ggpht https://twemoji.maxcdn.com https://www.google-analytics.com; media-src 'self' https://d1ysz50cxb9zwl.cloudfront.net https://d3ptyyxy2at9ui.cloudfront.net https://files.todoist.com; frame-src 'self' https://www.dropbox.com https://accounts.google.com https://docs.google.com; report-uri /csp_report","pluginId":"10055","cweid":"16","confidence":"Medium","wascid":"15","description":"The following directives either allow wildcard sources (or ancestors), are not defined, or are overly broadly defined: \nframe-ancestors, form-action\n\nThe directive(s): frame-ancestors, form-action are among the directives that do not fallback to default-src, missing/excluding them is the same as allowing anything.","messageId":"158","url":"https://todoist.com/app/","reference":"http://www.w3.org/TR/CSP2/\nhttp://www.w3.org/TR/CSP/\nhttp://caniuse.com/#search=content+security+policy\nhttp://content-security-policy.com/\nhttps://github.com/shapesecurity/salvation\nhttps://developers.google.com/web/fundamentals/security/csp#policy_applies_to_a_wide_variety_of_resources","solution":"Ensure that your web server, application server, load balancer, etc. is properly configured to set the Content-Security-Policy header.","alert":"CSP: Wildcard Directive","param":"Content-Security-Policy","attack":"","name":"CSP: Wildcard Directive","risk":"Medium","id":"374","alertRef":"10055"},{"sourceid":"3","other":"The response contained multiple CSP headers, one or more of them contained a report-uri directive and therefore they could not be merged. The first identified header/policy was analyzed.","method":"GET","evidence":"default-src 'self' wss://*.todoist.com https://www.google-analytics.com https://o476415.ingest.sentry.io https://d3ptyyxy2at9ui.cloudfront.net https://dcff1xvirvpfp.cloudfront.net https://d266vjxpnndrqi.cloudfront.net https://x-api.rollout.io https://statestore.rollout.io https://conf.rollout.io https://push.rollout.io https://analytic.rollout.io https://browser.sentry-cdn.com https://www.dropbox.com/static/api/2/dropins.js https://apis.google.com https://*.todoist.com https://todoist.com https://maps.googleapis.com https://fonts.gstatic.com; style-src 'self' wss://*.todoist.com https://www.google-analytics.com https://o476415.ingest.sentry.io https://d3ptyyxy2at9ui.cloudfront.net https://dcff1xvirvpfp.cloudfront.net https://d266vjxpnndrqi.cloudfront.net https://x-api.rollout.io https://statestore.rollout.io https://conf.rollout.io https://push.rollout.io https://analytic.rollout.io https://browser.sentry-cdn.com https://www.dropbox.com/static/api/2/dropins.js https://apis.google.com https://*.todoist.com https://todoist.com https://maps.googleapis.com https://fonts.gstatic.com 'unsafe-inline' https://fonts.googleapis.com; img-src 'self' data:  https://d3ptyyxy2at9ui.cloudfront.net https://dcff1xvirvpfp.cloudfront.net https://d266vjxpnndrqi.cloudfront.net https://d1x0mwiac2rqwt.cloudfront.net https://avatars.doist.com https://image-resize.todoist.com https://maps.gstatic.com https://*.googleapis.com https://*.ggpht https://twemoji.maxcdn.com https://www.google-analytics.com; media-src 'self' https://d1ysz50cxb9zwl.cloudfront.net https://d3ptyyxy2at9ui.cloudfront.net https://files.todoist.com; frame-src 'self' https://www.dropbox.com https://accounts.google.com https://docs.google.com; report-uri /csp_report","pluginId":"10055","cweid":"16","confidence":"Medium","wascid":"15","description":"style-src includes unsafe-inline.","messageId":"158","url":"https://todoist.com/app/","reference":"http://www.w3.org/TR/CSP2/\nhttp://www.w3.org/TR/CSP/\nhttp://caniuse.com/#search=content+security+policy\nhttp://content-security-policy.com/\nhttps://github.com/shapesecurity/salvation\nhttps://developers.google.com/web/fundamentals/security/csp#policy_applies_to_a_wide_variety_of_resources","solution":"Ensure that your web server, application server, load balancer, etc. is properly configured to set the Content-Security-Policy header.","alert":"CSP: style-src unsafe-inline","param":"Content-Security-Policy","attack":"","name":"CSP: style-src unsafe-inline","risk":"Medium","id":"375","alertRef":"10055"},{"sourceid":"3","other":"","method":"GET","evidence":"<script src=\"https://d3ptyyxy2at9ui.cloudfront.net/assets/initTheme.b1a12b68f418d0aa0577144c7364b8ab.js\"><\/script>","pluginId":"10017","cweid":"829","confidence":"Medium","wascid":"15","description":"The page includes one or more script files from a third-party domain.","messageId":"158","url":"https://todoist.com/app/","reference":"","solution":"Ensure JavaScript source files are loaded from only trusted sources, and the sources can't be controlled by end users of the application.","alert":"Cross-Domain JavaScript Source File Inclusion","param":"https://d3ptyyxy2at9ui.cloudfront.net/assets/initTheme.b1a12b68f418d0aa0577144c7364b8ab.js","attack":"","name":"Cross-Domain JavaScript Source File Inclusion","risk":"Low","id":"376","alertRef":"10017"},{"sourceid":"3","other":"","method":"GET","evidence":"<script async src=\"https://www.google-analytics.com/analytics.js\"><\/script>","pluginId":"10017","cweid":"829","confidence":"Medium","wascid":"15","description":"The page includes one or more script files from a third-party domain.","messageId":"158","url":"https://todoist.com/app/","reference":"","solution":"Ensure JavaScript source files are loaded from only trusted sources, and the sources can't be controlled by end users of the application.","alert":"Cross-Domain JavaScript Source File Inclusion","param":"https://www.google-analytics.com/analytics.js","attack":"","name":"Cross-Domain JavaScript Source File Inclusion","risk":"Low","id":"377","alertRef":"10017"},{"sourceid":"3","other":"","method":"GET","evidence":"<script src=\"https://d3ptyyxy2at9ui.cloudfront.net/assets/vendor.c9e825411fdc24f1ec7a.js\"><\/script>","pluginId":"10017","cweid":"829","confidence":"Medium","wascid":"15","description":"The page includes one or more script files from a third-party domain.","messageId":"158","url":"https://todoist.com/app/","reference":"","solution":"Ensure JavaScript source files are loaded from only trusted sources, and the sources can't be controlled by end users of the application.","alert":"Cross-Domain JavaScript Source File Inclusion","param":"https://d3ptyyxy2at9ui.cloudfront.net/assets/vendor.c9e825411fdc24f1ec7a.js","attack":"","name":"Cross-Domain JavaScript Source File Inclusion","risk":"Low","id":"378","alertRef":"10017"},{"sourceid":"3","other":"","method":"GET","evidence":"<script src=\"https://d3ptyyxy2at9ui.cloudfront.net/assets/app.1cf113e26f9d2c0630ec.js\"><\/script>","pluginId":"10017","cweid":"829","confidence":"Medium","wascid":"15","description":"The page includes one or more script files from a third-party domain.","messageId":"158","url":"https://todoist.com/app/","reference":"","solution":"Ensure JavaScript source files are loaded from only trusted sources, and the sources can't be controlled by end users of the application.","alert":"Cross-Domain JavaScript Source File Inclusion","param":"https://d3ptyyxy2at9ui.cloudfront.net/assets/app.1cf113e26f9d2c0630ec.js","attack":"","name":"Cross-Domain JavaScript Source File Inclusion","risk":"Low","id":"379","alertRef":"10017"},{"sourceid":"3","other":"572688855, which evaluates to: 1988-02-24 03:14:15","method":"GET","evidence":"572688855","pluginId":"10096","cweid":"200","confidence":"Low","wascid":"13","description":"A timestamp was disclosed by the application/web server - Unix","messageId":"158","url":"https://todoist.com/app/","reference":"http://projects.webappsec.org/w/page/13246936/Information%20Leakage","solution":"Manually confirm that the timestamp data is not sensitive, and that the data cannot be aggregated to disclose exploitable patterns.","alert":"Timestamp Disclosure - Unix","param":"","attack":"","name":"Timestamp Disclosure - Unix","risk":"Informational","id":"380","alertRef":"10096"},{"sourceid":"3","other":"This issue still applies to error type pages (401, 403, 500, etc.) as those pages are often still affected by injection issues, in which case there is still concern for browsers sniffing pages away from their actual content type.\nAt \"High\" threshold this scan rule will not alert on client or server error responses.","method":"GET","evidence":"","pluginId":"10021","cweid":"16","confidence":"Medium","wascid":"15","description":"The Anti-MIME-Sniffing header X-Content-Type-Options was not set to 'nosniff'. This allows older versions of Internet Explorer and Chrome to perform MIME-sniffing on the response body, potentially causing the response body to be interpreted and displayed as a content type other than the declared content type. Current (early 2014) and legacy versions of Firefox will use the declared content type (if one is set), rather than performing MIME-sniffing.","messageId":"158","url":"https://todoist.com/app/","reference":"http://msdn.microsoft.com/en-us/library/ie/gg622941%28v=vs.85%29.aspx\nhttps://owasp.org/www-community/Security_Headers","solution":"Ensure that the application/web server sets the Content-Type header appropriately, and that it sets the X-Content-Type-Options header to 'nosniff' for all web pages.\nIf possible, ensure that the end user uses a standards-compliant and modern web browser that does not perform MIME-sniffing at all, or that can be directed by the web application/web server to not perform MIME-sniffing.","alert":"X-Content-Type-Options Header Missing","param":"X-Content-Type-Options","attack":"","name":"X-Content-Type-Options Header Missing","risk":"Low","id":"381","alertRef":"10021"},{"sourceid":"3","other":"","method":"GET","evidence":"","pluginId":"10020","cweid":"16","confidence":"Medium","wascid":"15","description":"X-Frame-Options header is not included in the HTTP response to protect against 'ClickJacking' attacks.","messageId":"158","url":"https://todoist.com/app/","reference":"https://developer.mozilla.org/en-US/docs/Web/HTTP/Headers/X-Frame-Options","solution":"Most modern Web browsers support the X-Frame-Options HTTP header. Ensure it's set on all web pages returned by your site (if you expect the page to be framed only by pages on your server (e.g. it's part of a FRAMESET) then you'll want to use SAMEORIGIN, otherwise if you never expect the page to be framed, you should use DENY. Alternatively consider implementing Content Security Policy's \"frame-ancestors\" directive. ","alert":"X-Frame-Options Header Not Set","param":"X-Frame-Options","attack":"","name":"X-Frame-Options Header Not Set","risk":"Medium","id":"382","alertRef":"10020"}]}
{"alerts":[{"sourceid":"3","other":"","method":"GET","evidence":"Set-Cookie: AWSALB","pluginId":"10010","cweid":"16","confidence":"Medium","wascid":"13","description":"A cookie has been set without the HttpOnly flag, which means that the cookie can be accessed by JavaScript. If a malicious script can be run on this page then the cookie will be accessible and can be transmitted to another site. If this is a session cookie then session hijacking may be possible.","messageId":"3","url":"https://todoist.com/","reference":"https://owasp.org/www-community/HttpOnly","solution":"Ensure that the HttpOnly flag is set for all cookies.","alert":"Cookie No HttpOnly Flag","param":"AWSALB","attack":"","name":"Cookie No HttpOnly Flag","risk":"Low","id":"0","alertRef":"10010"},{"sourceid":"3","other":"","method":"GET","evidence":"Set-Cookie: AWSALBCORS","pluginId":"10010","cweid":"16","confidence":"Medium","wascid":"13","description":"A cookie has been set without the HttpOnly flag, which means that the cookie can be accessed by JavaScript. If a malicious script can be run on this page then the cookie will be accessible and can be transmitted to another site. If this is a session cookie then session hijacking may be possible.","messageId":"3","url":"https://todoist.com/","reference":"https://owasp.org/www-community/HttpOnly","solution":"Ensure that the HttpOnly flag is set for all cookies.","alert":"Cookie No HttpOnly Flag","param":"AWSALBCORS","attack":"","name":"Cookie No HttpOnly Flag","risk":"Low","id":"1","alertRef":"10010"},{"sourceid":"3","other":"","method":"GET","evidence":"Set-Cookie: _csrf","pluginId":"10010","cweid":"16","confidence":"Medium","wascid":"13","description":"A cookie has been set without the HttpOnly flag, which means that the cookie can be accessed by JavaScript. If a malicious script can be run on this page then the cookie will be accessible and can be transmitted to another site. If this is a session cookie then session hijacking may be possible.","messageId":"3","url":"https://todoist.com/","reference":"https://owasp.org/www-community/HttpOnly","solution":"Ensure that the HttpOnly flag is set for all cookies.","alert":"Cookie No HttpOnly Flag","param":"_csrf","attack":"","name":"Cookie No HttpOnly Flag","risk":"Low","id":"2","alertRef":"10010"},{"sourceid":"3","other":"","method":"GET","evidence":"Set-Cookie: next-i18next","pluginId":"10010","cweid":"16","confidence":"Medium","wascid":"13","description":"A cookie has been set without the HttpOnly flag, which means that the cookie can be accessed by JavaScript. If a malicious script can be run on this page then the cookie will be accessible and can be transmitted to another site. If this is a session cookie then session hijacking may be possible.","messageId":"3","url":"https://todoist.com/","reference":"https://owasp.org/www-community/HttpOnly","solution":"Ensure that the HttpOnly flag is set for all cookies.","alert":"Cookie No HttpOnly Flag","param":"next-i18next","attack":"","name":"Cookie No HttpOnly Flag","risk":"Low","id":"3","alertRef":"10010"},{"sourceid":"3","other":"","method":"GET","evidence":"Set-Cookie: AWSALB","pluginId":"10054","cweid":"16","confidence":"Medium","wascid":"13","description":"A cookie has been set without the SameSite attribute, which means that the cookie can be sent as a result of a 'cross-site' request. The SameSite attribute is an effective counter measure to cross-site request forgery, cross-site script inclusion, and timing attacks.","messageId":"3","url":"https://todoist.com/","reference":"https://tools.ietf.org/html/draft-ietf-httpbis-cookie-same-site","solution":"Ensure that the SameSite attribute is set to either 'lax' or ideally 'strict' for all cookies.","alert":"Cookie Without SameSite Attribute","param":"AWSALB","attack":"","name":"Cookie Without SameSite Attribute","risk":"Low","id":"4","alertRef":"10054"},{"sourceid":"3","other":"","method":"GET","evidence":"Set-Cookie: AWSALBCORS","pluginId":"10054","cweid":"16","confidence":"Medium","wascid":"13","description":"A cookie has been set with an invalid SameSite attribute value, which means that the cookie can be sent as a result of a 'cross-site' request. The SameSite attribute is an effective counter measure to cross-site request forgery, cross-site script inclusion, and timing attacks.","messageId":"3","url":"https://todoist.com/","reference":"https://tools.ietf.org/html/draft-ietf-httpbis-cookie-same-site","solution":"Ensure that the SameSite attribute is set to either 'lax' or ideally 'strict' for all cookies.","alert":"Cookie Without SameSite Attribute","param":"AWSALBCORS","attack":"","name":"Cookie Without SameSite Attribute","risk":"Low","id":"5","alertRef":"10054"},{"sourceid":"3","other":"","method":"GET","evidence":"Set-Cookie: _csrf","pluginId":"10054","cweid":"16","confidence":"Medium","wascid":"13","description":"A cookie has been set without the SameSite attribute, which means that the cookie can be sent as a result of a 'cross-site' request. The SameSite attribute is an effective counter measure to cross-site request forgery, cross-site script inclusion, and timing attacks.","messageId":"3","url":"https://todoist.com/","reference":"https://tools.ietf.org/html/draft-ietf-httpbis-cookie-same-site","solution":"Ensure that the SameSite attribute is set to either 'lax' or ideally 'strict' for all cookies.","alert":"Cookie Without SameSite Attribute","param":"_csrf","attack":"","name":"Cookie Without SameSite Attribute","risk":"Low","id":"6","alertRef":"10054"},{"sourceid":"3","other":"","method":"GET","evidence":"Set-Cookie: AWSALB","pluginId":"10011","cweid":"614","confidence":"Medium","wascid":"13","description":"A cookie has been set without the secure flag, which means that the cookie can be accessed via unencrypted connections.","messageId":"3","url":"https://todoist.com/","reference":"https://owasp.org/www-project-web-security-testing-guide/v41/4-Web_Application_Security_Testing/06-Session_Management_Testing/02-Testing_for_Cookies_Attributes.html","solution":"Whenever a cookie contains sensitive information or is a session token, then it should always be passed using an encrypted channel. Ensure that the secure flag is set for cookies containing such sensitive information.","alert":"Cookie Without Secure Flag","param":"AWSALB","attack":"","name":"Cookie Without Secure Flag","risk":"Low","id":"7","alertRef":"10011"},{"sourceid":"3","other":"","method":"GET","evidence":"Set-Cookie: _csrf","pluginId":"10011","cweid":"614","confidence":"Medium","wascid":"13","description":"A cookie has been set without the secure flag, which means that the cookie can be accessed via unencrypted connections.","messageId":"3","url":"https://todoist.com/","reference":"https://owasp.org/www-project-web-security-testing-guide/v41/4-Web_Application_Security_Testing/06-Session_Management_Testing/02-Testing_for_Cookies_Attributes.html","solution":"Whenever a cookie contains sensitive information or is a session token, then it should always be passed using an encrypted channel. Ensure that the secure flag is set for cookies containing such sensitive information.","alert":"Cookie Without Secure Flag","param":"_csrf","attack":"","name":"Cookie Without Secure Flag","risk":"Low","id":"8","alertRef":"10011"},{"sourceid":"3","other":"","method":"GET","evidence":"Set-Cookie: next-i18next","pluginId":"10011","cweid":"614","confidence":"Medium","wascid":"13","description":"A cookie has been set without the secure flag, which means that the cookie can be accessed via unencrypted connections.","messageId":"3","url":"https://todoist.com/","reference":"https://owasp.org/www-project-web-security-testing-guide/v41/4-Web_Application_Security_Testing/06-Session_Management_Testing/02-Testing_for_Cookies_Attributes.html","solution":"Whenever a cookie contains sensitive information or is a session token, then it should always be passed using an encrypted channel. Ensure that the secure flag is set for cookies containing such sensitive information.","alert":"Cookie Without Secure Flag","param":"next-i18next","attack":"","name":"Cookie Without Secure Flag","risk":"Low","id":"9","alertRef":"10011"},{"sourceid":"3","other":"","method":"GET","evidence":"","pluginId":"10015","cweid":"525","confidence":"Medium","wascid":"13","description":"The cache-control and pragma HTTP header have not been set properly or are missing allowing the browser and proxies to cache content.","messageId":"5","url":"https://todoist.com/es","reference":"https://cheatsheetseries.owasp.org/cheatsheets/Session_Management_Cheat_Sheet.html#web-content-caching","solution":"Whenever possible ensure the cache-control HTTP header is set with no-cache, no-store, must-revalidate; and that the pragma HTTP header is set with no-cache.","alert":"Incomplete or No Cache-control and Pragma HTTP Header Set","param":"Cache-Control","attack":"","name":"Incomplete or No Cache-control and Pragma HTTP Header Set","risk":"Low","id":"10","alertRef":"10015"},{"sourceid":"3","other":"","method":"GET","evidence":"Set-Cookie: AWSALB","pluginId":"10010","cweid":"16","confidence":"Medium","wascid":"13","description":"A cookie has been set without the HttpOnly flag, which means that the cookie can be accessed by JavaScript. If a malicious script can be run on this page then the cookie will be accessible and can be transmitted to another site. If this is a session cookie then session hijacking may be possible.","messageId":"5","url":"https://todoist.com/es","reference":"https://owasp.org/www-community/HttpOnly","solution":"Ensure that the HttpOnly flag is set for all cookies.","alert":"Cookie No HttpOnly Flag","param":"AWSALB","attack":"","name":"Cookie No HttpOnly Flag","risk":"Low","id":"11","alertRef":"10010"},{"sourceid":"3","other":"","method":"GET","evidence":"Set-Cookie: AWSALBCORS","pluginId":"10010","cweid":"16","confidence":"Medium","wascid":"13","description":"A cookie has been set without the HttpOnly flag, which means that the cookie can be accessed by JavaScript. If a malicious script can be run on this page then the cookie will be accessible and can be transmitted to another site. If this is a session cookie then session hijacking may be possible.","messageId":"5","url":"https://todoist.com/es","reference":"https://owasp.org/www-community/HttpOnly","solution":"Ensure that the HttpOnly flag is set for all cookies.","alert":"Cookie No HttpOnly Flag","param":"AWSALBCORS","attack":"","name":"Cookie No HttpOnly Flag","risk":"Low","id":"12","alertRef":"10010"},{"sourceid":"3","other":"","method":"GET","evidence":"Set-Cookie: next-i18next","pluginId":"10010","cweid":"16","confidence":"Medium","wascid":"13","description":"A cookie has been set without the HttpOnly flag, which means that the cookie can be accessed by JavaScript. If a malicious script can be run on this page then the cookie will be accessible and can be transmitted to another site. If this is a session cookie then session hijacking may be possible.","messageId":"5","url":"https://todoist.com/es","reference":"https://owasp.org/www-community/HttpOnly","solution":"Ensure that the HttpOnly flag is set for all cookies.","alert":"Cookie No HttpOnly Flag","param":"next-i18next","attack":"","name":"Cookie No HttpOnly Flag","risk":"Low","id":"13","alertRef":"10010"},{"sourceid":"3","other":"","method":"GET","evidence":"Set-Cookie: AWSALB","pluginId":"10054","cweid":"16","confidence":"Medium","wascid":"13","description":"A cookie has been set without the SameSite attribute, which means that the cookie can be sent as a result of a 'cross-site' request. The SameSite attribute is an effective counter measure to cross-site request forgery, cross-site script inclusion, and timing attacks.","messageId":"5","url":"https://todoist.com/es","reference":"https://tools.ietf.org/html/draft-ietf-httpbis-cookie-same-site","solution":"Ensure that the SameSite attribute is set to either 'lax' or ideally 'strict' for all cookies.","alert":"Cookie Without SameSite Attribute","param":"AWSALB","attack":"","name":"Cookie Without SameSite Attribute","risk":"Low","id":"14","alertRef":"10054"},{"sourceid":"3","other":"","method":"GET","evidence":"Set-Cookie: AWSALBCORS","pluginId":"10054","cweid":"16","confidence":"Medium","wascid":"13","description":"A cookie has been set with an invalid SameSite attribute value, which means that the cookie can be sent as a result of a 'cross-site' request. The SameSite attribute is an effective counter measure to cross-site request forgery, cross-site script inclusion, and timing attacks.","messageId":"5","url":"https://todoist.com/es","reference":"https://tools.ietf.org/html/draft-ietf-httpbis-cookie-same-site","solution":"Ensure that the SameSite attribute is set to either 'lax' or ideally 'strict' for all cookies.","alert":"Cookie Without SameSite Attribute","param":"AWSALBCORS","attack":"","name":"Cookie Without SameSite Attribute","risk":"Low","id":"15","alertRef":"10054"},{"sourceid":"3","other":"","method":"GET","evidence":"Set-Cookie: AWSALB","pluginId":"10011","cweid":"614","confidence":"Medium","wascid":"13","description":"A cookie has been set without the secure flag, which means that the cookie can be accessed via unencrypted connections.","messageId":"5","url":"https://todoist.com/es","reference":"https://owasp.org/www-project-web-security-testing-guide/v41/4-Web_Application_Security_Testing/06-Session_Management_Testing/02-Testing_for_Cookies_Attributes.html","solution":"Whenever a cookie contains sensitive information or is a session token, then it should always be passed using an encrypted channel. Ensure that the secure flag is set for cookies containing such sensitive information.","alert":"Cookie Without Secure Flag","param":"AWSALB","attack":"","name":"Cookie Without Secure Flag","risk":"Low","id":"16","alertRef":"10011"},{"sourceid":"3","other":"","method":"GET","evidence":"Set-Cookie: next-i18next","pluginId":"10011","cweid":"614","confidence":"Medium","wascid":"13","description":"A cookie has been set without the secure flag, which means that the cookie can be accessed via unencrypted connections.","messageId":"5","url":"https://todoist.com/es","reference":"https://owasp.org/www-project-web-security-testing-guide/v41/4-Web_Application_Security_Testing/06-Session_Management_Testing/02-Testing_for_Cookies_Attributes.html","solution":"Whenever a cookie contains sensitive information or is a session token, then it should always be passed using an encrypted channel. Ensure that the secure flag is set for cookies containing such sensitive information.","alert":"Cookie Without Secure Flag","param":"next-i18next","attack":"","name":"Cookie Without Secure Flag","risk":"Low","id":"17","alertRef":"10011"},{"sourceid":"3","other":"","method":"GET","evidence":"<script src=\"https://www.googleoptimize.com/optimize.js?id=OPT-PNP389R\"><\/script>","pluginId":"10017","cweid":"829","confidence":"Medium","wascid":"15","description":"The page includes one or more script files from a third-party domain.","messageId":"5","url":"https://todoist.com/es","reference":"","solution":"Ensure JavaScript source files are loaded from only trusted sources, and the sources can't be controlled by end users of the application.","alert":"Cross-Domain JavaScript Source File Inclusion","param":"https://www.googleoptimize.com/optimize.js?id=OPT-PNP389R","attack":"","name":"Cross-Domain JavaScript Source File Inclusion","risk":"Low","id":"18","alertRef":"10017"},{"sourceid":"3","other":"The following pattern was used: \\bTODO\\b and was detected in the element starting with: \"<script id=\"__NEXT_DATA__\" type=\"application/json\">{\"props\":{\"initialI18nStore\":{\"es\":{\"index\":{\"seoTitle\":\"Todoist: La \\\"to do \", see evidence field for the suspicious comment/snippet.","method":"GET","evidence":"todo","pluginId":"10027","cweid":"200","confidence":"Low","wascid":"13","description":"The response appears to contain suspicious comments which may help an attacker. Note: Matches made within script blocks or files are against the entire content not only comments.","messageId":"5","url":"https://todoist.com/es","reference":"","solution":"Remove all comments that return information that may help an attacker and fix any underlying problems they refer to.","alert":"Information Disclosure - Suspicious Comments","param":"","attack":"","name":"Information Disclosure - Suspicious Comments","risk":"Informational","id":"19","alertRef":"10027"},{"sourceid":"3","other":"This issue still applies to error type pages (401, 403, 500, etc.) as those pages are often still affected by injection issues, in which case there is still concern for browsers sniffing pages away from their actual content type.\nAt \"High\" threshold this scan rule will not alert on client or server error responses.","method":"GET","evidence":"","pluginId":"10021","cweid":"16","confidence":"Medium","wascid":"15","description":"The Anti-MIME-Sniffing header X-Content-Type-Options was not set to 'nosniff'. This allows older versions of Internet Explorer and Chrome to perform MIME-sniffing on the response body, potentially causing the response body to be interpreted and displayed as a content type other than the declared content type. Current (early 2014) and legacy versions of Firefox will use the declared content type (if one is set), rather than performing MIME-sniffing.","messageId":"5","url":"https://todoist.com/es","reference":"http://msdn.microsoft.com/en-us/library/ie/gg622941%28v=vs.85%29.aspx\nhttps://owasp.org/www-community/Security_Headers","solution":"Ensure that the application/web server sets the Content-Type header appropriately, and that it sets the X-Content-Type-Options header to 'nosniff' for all web pages.\nIf possible, ensure that the end user uses a standards-compliant and modern web browser that does not perform MIME-sniffing at all, or that can be directed by the web application/web server to not perform MIME-sniffing.","alert":"X-Content-Type-Options Header Missing","param":"X-Content-Type-Options","attack":"","name":"X-Content-Type-Options Header Missing","risk":"Low","id":"20","alertRef":"10021"},{"sourceid":"3","other":"","method":"GET","evidence":"public, max-age=31536000, immutable","pluginId":"10015","cweid":"525","confidence":"Medium","wascid":"13","description":"The cache-control and pragma HTTP header have not been set properly or are missing allowing the browser and proxies to cache content.","messageId":"6","url":"https://todoist.com/_next/static/css/a5174a254d143c3d3d02321814728bdd71b6ab95_CSS.d9deec97.chunk.css","reference":"https://cheatsheetseries.owasp.org/cheatsheets/Session_Management_Cheat_Sheet.html#web-content-caching","solution":"Whenever possible ensure the cache-control HTTP header is set with no-cache, no-store, must-revalidate; and that the pragma HTTP header is set with no-cache.","alert":"Incomplete or No Cache-control and Pragma HTTP Header Set","param":"Cache-Control","attack":"","name":"Incomplete or No Cache-control and Pragma HTTP Header Set","risk":"Low","id":"21","alertRef":"10015"},{"sourceid":"3","other":"This issue still applies to error type pages (401, 403, 500, etc.) as those pages are often still affected by injection issues, in which case there is still concern for browsers sniffing pages away from their actual content type.\nAt \"High\" threshold this scan rule will not alert on client or server error responses.","method":"GET","evidence":"","pluginId":"10021","cweid":"16","confidence":"Medium","wascid":"15","description":"The Anti-MIME-Sniffing header X-Content-Type-Options was not set to 'nosniff'. This allows older versions of Internet Explorer and Chrome to perform MIME-sniffing on the response body, potentially causing the response body to be interpreted and displayed as a content type other than the declared content type. Current (early 2014) and legacy versions of Firefox will use the declared content type (if one is set), rather than performing MIME-sniffing.","messageId":"6","url":"https://todoist.com/_next/static/css/a5174a254d143c3d3d02321814728bdd71b6ab95_CSS.d9deec97.chunk.css","reference":"http://msdn.microsoft.com/en-us/library/ie/gg622941%28v=vs.85%29.aspx\nhttps://owasp.org/www-community/Security_Headers","solution":"Ensure that the application/web server sets the Content-Type header appropriately, and that it sets the X-Content-Type-Options header to 'nosniff' for all web pages.\nIf possible, ensure that the end user uses a standards-compliant and modern web browser that does not perform MIME-sniffing at all, or that can be directed by the web application/web server to not perform MIME-sniffing.","alert":"X-Content-Type-Options Header Missing","param":"X-Content-Type-Options","attack":"","name":"X-Content-Type-Options Header Missing","risk":"Low","id":"22","alertRef":"10021"},{"sourceid":"3","other":"This issue still applies to error type pages (401, 403, 500, etc.) as those pages are often still affected by injection issues, in which case there is still concern for browsers sniffing pages away from their actual content type.\nAt \"High\" threshold this scan rule will not alert on client or server error responses.","method":"GET","evidence":"","pluginId":"10021","cweid":"16","confidence":"Medium","wascid":"15","description":"The Anti-MIME-Sniffing header X-Content-Type-Options was not set to 'nosniff'. This allows older versions of Internet Explorer and Chrome to perform MIME-sniffing on the response body, potentially causing the response body to be interpreted and displayed as a content type other than the declared content type. Current (early 2014) and legacy versions of Firefox will use the declared content type (if one is set), rather than performing MIME-sniffing.","messageId":"10","url":"https://todoist.com/_next/static/chunks/webpack-3bde8603facc0c807a2b.js","reference":"http://msdn.microsoft.com/en-us/library/ie/gg622941%28v=vs.85%29.aspx\nhttps://owasp.org/www-community/Security_Headers","solution":"Ensure that the application/web server sets the Content-Type header appropriately, and that it sets the X-Content-Type-Options header to 'nosniff' for all web pages.\nIf possible, ensure that the end user uses a standards-compliant and modern web browser that does not perform MIME-sniffing at all, or that can be directed by the web application/web server to not perform MIME-sniffing.","alert":"X-Content-Type-Options Header Missing","param":"X-Content-Type-Options","attack":"","name":"X-Content-Type-Options Header Missing","risk":"Low","id":"23","alertRef":"10021"},{"sourceid":"3","other":"","method":"GET","evidence":"public, max-age=31536000, immutable","pluginId":"10015","cweid":"525","confidence":"Medium","wascid":"13","description":"The cache-control and pragma HTTP header have not been set properly or are missing allowing the browser and proxies to cache content.","messageId":"12","url":"https://todoist.com/_next/static/css/pages/index.e740e94c.chunk.css","reference":"https://cheatsheetseries.owasp.org/cheatsheets/Session_Management_Cheat_Sheet.html#web-content-caching","solution":"Whenever possible ensure the cache-control HTTP header is set with no-cache, no-store, must-revalidate; and that the pragma HTTP header is set with no-cache.","alert":"Incomplete or No Cache-control and Pragma HTTP Header Set","param":"Cache-Control","attack":"","name":"Incomplete or No Cache-control and Pragma HTTP Header Set","risk":"Low","id":"24","alertRef":"10015"},{"sourceid":"3","other":"This issue still applies to error type pages (401, 403, 500, etc.) as those pages are often still affected by injection issues, in which case there is still concern for browsers sniffing pages away from their actual content type.\nAt \"High\" threshold this scan rule will not alert on client or server error responses.","method":"GET","evidence":"","pluginId":"10021","cweid":"16","confidence":"Medium","wascid":"15","description":"The Anti-MIME-Sniffing header X-Content-Type-Options was not set to 'nosniff'. This allows older versions of Internet Explorer and Chrome to perform MIME-sniffing on the response body, potentially causing the response body to be interpreted and displayed as a content type other than the declared content type. Current (early 2014) and legacy versions of Firefox will use the declared content type (if one is set), rather than performing MIME-sniffing.","messageId":"12","url":"https://todoist.com/_next/static/css/pages/index.e740e94c.chunk.css","reference":"http://msdn.microsoft.com/en-us/library/ie/gg622941%28v=vs.85%29.aspx\nhttps://owasp.org/www-community/Security_Headers","solution":"Ensure that the application/web server sets the Content-Type header appropriately, and that it sets the X-Content-Type-Options header to 'nosniff' for all web pages.\nIf possible, ensure that the end user uses a standards-compliant and modern web browser that does not perform MIME-sniffing at all, or that can be directed by the web application/web server to not perform MIME-sniffing.","alert":"X-Content-Type-Options Header Missing","param":"X-Content-Type-Options","attack":"","name":"X-Content-Type-Options Header Missing","risk":"Low","id":"25","alertRef":"10021"},{"sourceid":"3","other":"The following pattern was used: \\bQUERY\\b and was detected in the element starting with: \"_N_E=(window.webpackJsonp_N_E=window.webpackJsonp_N_E||[]).push([[28],{\"0sNQ\":function(e,t){\"trimStart\"in String.prototype||(Str\", see evidence field for the suspicious comment/snippet.","method":"GET","evidence":"query","pluginId":"10027","cweid":"200","confidence":"Low","wascid":"13","description":"The response appears to contain suspicious comments which may help an attacker. Note: Matches made within script blocks or files are against the entire content not only comments.","messageId":"13","url":"https://todoist.com/_next/static/chunks/main-1ca0aabf0fb4e4d9fa88.js","reference":"","solution":"Remove all comments that return information that may help an attacker and fix any underlying problems they refer to.","alert":"Information Disclosure - Suspicious Comments","param":"","attack":"","name":"Information Disclosure - Suspicious Comments","risk":"Informational","id":"26","alertRef":"10027"},{"sourceid":"3","other":"This issue still applies to error type pages (401, 403, 500, etc.) as those pages are often still affected by injection issues, in which case there is still concern for browsers sniffing pages away from their actual content type.\nAt \"High\" threshold this scan rule will not alert on client or server error responses.","method":"GET","evidence":"","pluginId":"10021","cweid":"16","confidence":"Medium","wascid":"15","description":"The Anti-MIME-Sniffing header X-Content-Type-Options was not set to 'nosniff'. This allows older versions of Internet Explorer and Chrome to perform MIME-sniffing on the response body, potentially causing the response body to be interpreted and displayed as a content type other than the declared content type. Current (early 2014) and legacy versions of Firefox will use the declared content type (if one is set), rather than performing MIME-sniffing.","messageId":"13","url":"https://todoist.com/_next/static/chunks/main-1ca0aabf0fb4e4d9fa88.js","reference":"http://msdn.microsoft.com/en-us/library/ie/gg622941%28v=vs.85%29.aspx\nhttps://owasp.org/www-community/Security_Headers","solution":"Ensure that the application/web server sets the Content-Type header appropriately, and that it sets the X-Content-Type-Options header to 'nosniff' for all web pages.\nIf possible, ensure that the end user uses a standards-compliant and modern web browser that does not perform MIME-sniffing at all, or that can be directed by the web application/web server to not perform MIME-sniffing.","alert":"X-Content-Type-Options Header Missing","param":"X-Content-Type-Options","attack":"","name":"X-Content-Type-Options Header Missing","risk":"Low","id":"27","alertRef":"10021"},{"sourceid":"3","other":"The following pattern was used: \\bSELECT\\b and was detected in the element starting with: \"(window.webpackJsonp_N_E=window.webpackJsonp_N_E||[]).push([[2],{\"+wdc\":function(e,t,n){\"use strict\";var r,l,i,a,o;if(\"undefined\", see evidence field for the suspicious comment/snippet.","method":"GET","evidence":"select","pluginId":"10027","cweid":"200","confidence":"Low","wascid":"13","description":"The response appears to contain suspicious comments which may help an attacker. Note: Matches made within script blocks or files are against the entire content not only comments.","messageId":"15","url":"https://todoist.com/_next/static/chunks/framework.dc73b2df61134dea1baf.js","reference":"","solution":"Remove all comments that return information that may help an attacker and fix any underlying problems they refer to.","alert":"Information Disclosure - Suspicious Comments","param":"","attack":"","name":"Information Disclosure - Suspicious Comments","risk":"Informational","id":"28","alertRef":"10027"},{"sourceid":"3","other":"1073741823, which evaluates to: 2004-01-10 08:37:03","method":"GET","evidence":"1073741823","pluginId":"10096","cweid":"200","confidence":"Low","wascid":"13","description":"A timestamp was disclosed by the application/web server - Unix","messageId":"15","url":"https://todoist.com/_next/static/chunks/framework.dc73b2df61134dea1baf.js","reference":"http://projects.webappsec.org/w/page/13246936/Information%20Leakage","solution":"Manually confirm that the timestamp data is not sensitive, and that the data cannot be aggregated to disclose exploitable patterns.","alert":"Timestamp Disclosure - Unix","param":"","attack":"","name":"Timestamp Disclosure - Unix","risk":"Informational","id":"29","alertRef":"10096"},{"sourceid":"3","other":"1073741821, which evaluates to: 2004-01-10 08:37:01","method":"GET","evidence":"1073741821","pluginId":"10096","cweid":"200","confidence":"Low","wascid":"13","description":"A timestamp was disclosed by the application/web server - Unix","messageId":"15","url":"https://todoist.com/_next/static/chunks/framework.dc73b2df61134dea1baf.js","reference":"http://projects.webappsec.org/w/page/13246936/Information%20Leakage","solution":"Manually confirm that the timestamp data is not sensitive, and that the data cannot be aggregated to disclose exploitable patterns.","alert":"Timestamp Disclosure - Unix","param":"","attack":"","name":"Timestamp Disclosure - Unix","risk":"Informational","id":"30","alertRef":"10096"},{"sourceid":"3","other":"1073741822, which evaluates to: 2004-01-10 08:37:02","method":"GET","evidence":"1073741822","pluginId":"10096","cweid":"200","confidence":"Low","wascid":"13","description":"A timestamp was disclosed by the application/web server - Unix","messageId":"15","url":"https://todoist.com/_next/static/chunks/framework.dc73b2df61134dea1baf.js","reference":"http://projects.webappsec.org/w/page/13246936/Information%20Leakage","solution":"Manually confirm that the timestamp data is not sensitive, and that the data cannot be aggregated to disclose exploitable patterns.","alert":"Timestamp Disclosure - Unix","param":"","attack":"","name":"Timestamp Disclosure - Unix","risk":"Informational","id":"42","alertRef":"10096"},{"sourceid":"3","other":"This issue still applies to error type pages (401, 403, 500, etc.) as those pages are often still affected by injection issues, in which case there is still concern for browsers sniffing pages away from their actual content type.\nAt \"High\" threshold this scan rule will not alert on client or server error responses.","method":"GET","evidence":"","pluginId":"10021","cweid":"16","confidence":"Medium","wascid":"15","description":"The Anti-MIME-Sniffing header X-Content-Type-Options was not set to 'nosniff'. This allows older versions of Internet Explorer and Chrome to perform MIME-sniffing on the response body, potentially causing the response body to be interpreted and displayed as a content type other than the declared content type. Current (early 2014) and legacy versions of Firefox will use the declared content type (if one is set), rather than performing MIME-sniffing.","messageId":"15","url":"https://todoist.com/_next/static/chunks/framework.dc73b2df61134dea1baf.js","reference":"http://msdn.microsoft.com/en-us/library/ie/gg622941%28v=vs.85%29.aspx\nhttps://owasp.org/www-community/Security_Headers","solution":"Ensure that the application/web server sets the Content-Type header appropriately, and that it sets the X-Content-Type-Options header to 'nosniff' for all web pages.\nIf possible, ensure that the end user uses a standards-compliant and modern web browser that does not perform MIME-sniffing at all, or that can be directed by the web application/web server to not perform MIME-sniffing.","alert":"X-Content-Type-Options Header Missing","param":"X-Content-Type-Options","attack":"","name":"X-Content-Type-Options Header Missing","risk":"Low","id":"70","alertRef":"10021"},{"sourceid":"3","other":"The following pattern was used: \\bQUERY\\b and was detected in the element starting with: \"(window.webpackJsonp_N_E=window.webpackJsonp_N_E||[]).push([[0],{\"/GRZ\":function(e,t){e.exports=function(e,t){if(!(e instanceof \", see evidence field for the suspicious comment/snippet.","method":"GET","evidence":"query","pluginId":"10027","cweid":"200","confidence":"Low","wascid":"13","description":"The response appears to contain suspicious comments which may help an attacker. Note: Matches made within script blocks or files are against the entire content not only comments.","messageId":"16","url":"https://todoist.com/_next/static/chunks/commons.7f9eaa719ef400edb831.js","reference":"","solution":"Remove all comments that return information that may help an attacker and fix any underlying problems they refer to.","alert":"Information Disclosure - Suspicious Comments","param":"","attack":"","name":"Information Disclosure - Suspicious Comments","risk":"Informational","id":"71","alertRef":"10027"},{"sourceid":"3","other":"This issue still applies to error type pages (401, 403, 500, etc.) as those pages are often still affected by injection issues, in which case there is still concern for browsers sniffing pages away from their actual content type.\nAt \"High\" threshold this scan rule will not alert on client or server error responses.","method":"GET","evidence":"","pluginId":"10021","cweid":"16","confidence":"Medium","wascid":"15","description":"The Anti-MIME-Sniffing header X-Content-Type-Options was not set to 'nosniff'. This allows older versions of Internet Explorer and Chrome to perform MIME-sniffing on the response body, potentially causing the response body to be interpreted and displayed as a content type other than the declared content type. Current (early 2014) and legacy versions of Firefox will use the declared content type (if one is set), rather than performing MIME-sniffing.","messageId":"16","url":"https://todoist.com/_next/static/chunks/commons.7f9eaa719ef400edb831.js","reference":"http://msdn.microsoft.com/en-us/library/ie/gg622941%28v=vs.85%29.aspx\nhttps://owasp.org/www-community/Security_Headers","solution":"Ensure that the application/web server sets the Content-Type header appropriately, and that it sets the X-Content-Type-Options header to 'nosniff' for all web pages.\nIf possible, ensure that the end user uses a standards-compliant and modern web browser that does not perform MIME-sniffing at all, or that can be directed by the web application/web server to not perform MIME-sniffing.","alert":"X-Content-Type-Options Header Missing","param":"X-Content-Type-Options","attack":"","name":"X-Content-Type-Options Header Missing","risk":"Low","id":"72","alertRef":"10021"},{"sourceid":"3","other":"","method":"GET","evidence":"public, max-age=31536000, immutable","pluginId":"10015","cweid":"525","confidence":"Medium","wascid":"13","description":"The cache-control and pragma HTTP header have not been set properly or are missing allowing the browser and proxies to cache content.","messageId":"17","url":"https://todoist.com/_next/static/css/styles.0f6e09ec.chunk.css","reference":"https://cheatsheetseries.owasp.org/cheatsheets/Session_Management_Cheat_Sheet.html#web-content-caching","solution":"Whenever possible ensure the cache-control HTTP header is set with no-cache, no-store, must-revalidate; and that the pragma HTTP header is set with no-cache.","alert":"Incomplete or No Cache-control and Pragma HTTP Header Set","param":"Cache-Control","attack":"","name":"Incomplete or No Cache-control and Pragma HTTP Header Set","risk":"Low","id":"73","alertRef":"10015"},{"sourceid":"3","other":"This issue still applies to error type pages (401, 403, 500, etc.) as those pages are often still affected by injection issues, in which case there is still concern for browsers sniffing pages away from their actual content type.\nAt \"High\" threshold this scan rule will not alert on client or server error responses.","method":"GET","evidence":"","pluginId":"10021","cweid":"16","confidence":"Medium","wascid":"15","description":"The Anti-MIME-Sniffing header X-Content-Type-Options was not set to 'nosniff'. This allows older versions of Internet Explorer and Chrome to perform MIME-sniffing on the response body, potentially causing the response body to be interpreted and displayed as a content type other than the declared content type. Current (early 2014) and legacy versions of Firefox will use the declared content type (if one is set), rather than performing MIME-sniffing.","messageId":"17","url":"https://todoist.com/_next/static/css/styles.0f6e09ec.chunk.css","reference":"http://msdn.microsoft.com/en-us/library/ie/gg622941%28v=vs.85%29.aspx\nhttps://owasp.org/www-community/Security_Headers","solution":"Ensure that the application/web server sets the Content-Type header appropriately, and that it sets the X-Content-Type-Options header to 'nosniff' for all web pages.\nIf possible, ensure that the end user uses a standards-compliant and modern web browser that does not perform MIME-sniffing at all, or that can be directed by the web application/web server to not perform MIME-sniffing.","alert":"X-Content-Type-Options Header Missing","param":"X-Content-Type-Options","attack":"","name":"X-Content-Type-Options Header Missing","risk":"Low","id":"74","alertRef":"10021"},{"sourceid":"3","other":"The following pattern was used: \\bUSER\\b and was detected in the element starting with: \"(window.webpackJsonp_N_E=window.webpackJsonp_N_E||[]).push([[5],{\"2SVd\":function(e,t,n){\"use strict\";e.exports=function(e){retur\", see evidence field for the suspicious comment/snippet.","method":"GET","evidence":"user","pluginId":"10027","cweid":"200","confidence":"Low","wascid":"13","description":"The response appears to contain suspicious comments which may help an attacker. Note: Matches made within script blocks or files are against the entire content not only comments.","messageId":"18","url":"https://todoist.com/_next/static/chunks/98618d58f2d1dd3f4c8f42b4970db65e004fbfe5.6c003068d2db4fbc855f.js","reference":"","solution":"Remove all comments that return information that may help an attacker and fix any underlying problems they refer to.","alert":"Information Disclosure - Suspicious Comments","param":"","attack":"","name":"Information Disclosure - Suspicious Comments","risk":"Informational","id":"75","alertRef":"10027"},{"sourceid":"3","other":"This issue still applies to error type pages (401, 403, 500, etc.) as those pages are often still affected by injection issues, in which case there is still concern for browsers sniffing pages away from their actual content type.\nAt \"High\" threshold this scan rule will not alert on client or server error responses.","method":"GET","evidence":"","pluginId":"10021","cweid":"16","confidence":"Medium","wascid":"15","description":"The Anti-MIME-Sniffing header X-Content-Type-Options was not set to 'nosniff'. This allows older versions of Internet Explorer and Chrome to perform MIME-sniffing on the response body, potentially causing the response body to be interpreted and displayed as a content type other than the declared content type. Current (early 2014) and legacy versions of Firefox will use the declared content type (if one is set), rather than performing MIME-sniffing.","messageId":"18","url":"https://todoist.com/_next/static/chunks/98618d58f2d1dd3f4c8f42b4970db65e004fbfe5.6c003068d2db4fbc855f.js","reference":"http://msdn.microsoft.com/en-us/library/ie/gg622941%28v=vs.85%29.aspx\nhttps://owasp.org/www-community/Security_Headers","solution":"Ensure that the application/web server sets the Content-Type header appropriately, and that it sets the X-Content-Type-Options header to 'nosniff' for all web pages.\nIf possible, ensure that the end user uses a standards-compliant and modern web browser that does not perform MIME-sniffing at all, or that can be directed by the web application/web server to not perform MIME-sniffing.","alert":"X-Content-Type-Options Header Missing","param":"X-Content-Type-Options","attack":"","name":"X-Content-Type-Options Header Missing","risk":"Low","id":"76","alertRef":"10021"},{"sourceid":"3","other":"The following pattern was used: \\bSELECT\\b and was detected in the element starting with: \"(window.webpackJsonp_N_E=window.webpackJsonp_N_E||[]).push([[3],{\"+ipW\":function(e,t,r){\"use strict\";r.d(t,\"a\",(function(){retur\", see evidence field for the suspicious comment/snippet.","method":"GET","evidence":"SELECT","pluginId":"10027","cweid":"200","confidence":"Low","wascid":"13","description":"The response appears to contain suspicious comments which may help an attacker. Note: Matches made within script blocks or files are against the entire content not only comments.","messageId":"19","url":"https://todoist.com/_next/static/chunks/0e8f85b20ed9ab0a6102c8b8298bac1d6cb4c89b.0fe8d2aa3a66f036f1d2.js","reference":"","solution":"Remove all comments that return information that may help an attacker and fix any underlying problems they refer to.","alert":"Information Disclosure - Suspicious Comments","param":"","attack":"","name":"Information Disclosure - Suspicious Comments","risk":"Informational","id":"77","alertRef":"10027"},{"sourceid":"3","other":"268435455, which evaluates to: 1978-07-04 16:24:15","method":"GET","evidence":"268435455","pluginId":"10096","cweid":"200","confidence":"Low","wascid":"13","description":"A timestamp was disclosed by the application/web server - Unix","messageId":"19","url":"https://todoist.com/_next/static/chunks/0e8f85b20ed9ab0a6102c8b8298bac1d6cb4c89b.0fe8d2aa3a66f036f1d2.js","reference":"http://projects.webappsec.org/w/page/13246936/Information%20Leakage","solution":"Manually confirm that the timestamp data is not sensitive, and that the data cannot be aggregated to disclose exploitable patterns.","alert":"Timestamp Disclosure - Unix","param":"","attack":"","name":"Timestamp Disclosure - Unix","risk":"Informational","id":"78","alertRef":"10096"},{"sourceid":"3","other":"1732584193, which evaluates to: 2024-11-25 20:23:13","method":"GET","evidence":"1732584193","pluginId":"10096","cweid":"200","confidence":"Low","wascid":"13","description":"A timestamp was disclosed by the application/web server - Unix","messageId":"19","url":"https://todoist.com/_next/static/chunks/0e8f85b20ed9ab0a6102c8b8298bac1d6cb4c89b.0fe8d2aa3a66f036f1d2.js","reference":"http://projects.webappsec.org/w/page/13246936/Information%20Leakage","solution":"Manually confirm that the timestamp data is not sensitive, and that the data cannot be aggregated to disclose exploitable patterns.","alert":"Timestamp Disclosure - Unix","param":"","attack":"","name":"Timestamp Disclosure - Unix","risk":"Informational","id":"80","alertRef":"10096"},{"sourceid":"3","other":"271733879, which evaluates to: 1978-08-11 20:37:59","method":"GET","evidence":"271733879","pluginId":"10096","cweid":"200","confidence":"Low","wascid":"13","description":"A timestamp was disclosed by the application/web server - Unix","messageId":"19","url":"https://todoist.com/_next/static/chunks/0e8f85b20ed9ab0a6102c8b8298bac1d6cb4c89b.0fe8d2aa3a66f036f1d2.js","reference":"http://projects.webappsec.org/w/page/13246936/Information%20Leakage","solution":"Manually confirm that the timestamp data is not sensitive, and that the data cannot be aggregated to disclose exploitable patterns.","alert":"Timestamp Disclosure - Unix","param":"","attack":"","name":"Timestamp Disclosure - Unix","risk":"Informational","id":"81","alertRef":"10096"},{"sourceid":"3","other":"1732584194, which evaluates to: 2024-11-25 20:23:14","method":"GET","evidence":"1732584194","pluginId":"10096","cweid":"200","confidence":"Low","wascid":"13","description":"A timestamp was disclosed by the application/web server - Unix","messageId":"19","url":"https://todoist.com/_next/static/chunks/0e8f85b20ed9ab0a6102c8b8298bac1d6cb4c89b.0fe8d2aa3a66f036f1d2.js","reference":"http://projects.webappsec.org/w/page/13246936/Information%20Leakage","solution":"Manually confirm that the timestamp data is not sensitive, and that the data cannot be aggregated to disclose exploitable patterns.","alert":"Timestamp Disclosure - Unix","param":"","attack":"","name":"Timestamp Disclosure - Unix","risk":"Informational","id":"82","alertRef":"10096"},{"sourceid":"3","other":"271733878, which evaluates to: 1978-08-11 20:37:58","method":"GET","evidence":"271733878","pluginId":"10096","cweid":"200","confidence":"Low","wascid":"13","description":"A timestamp was disclosed by the application/web server - Unix","messageId":"19","url":"https://todoist.com/_next/static/chunks/0e8f85b20ed9ab0a6102c8b8298bac1d6cb4c89b.0fe8d2aa3a66f036f1d2.js","reference":"http://projects.webappsec.org/w/page/13246936/Information%20Leakage","solution":"Manually confirm that the timestamp data is not sensitive, and that the data cannot be aggregated to disclose exploitable patterns.","alert":"Timestamp Disclosure - Unix","param":"","attack":"","name":"Timestamp Disclosure - Unix","risk":"Informational","id":"83","alertRef":"10096"},{"sourceid":"3","other":"680876936, which evaluates to: 1991-07-30 07:28:56","method":"GET","evidence":"680876936","pluginId":"10096","cweid":"200","confidence":"Low","wascid":"13","description":"A timestamp was disclosed by the application/web server - Unix","messageId":"19","url":"https://todoist.com/_next/static/chunks/0e8f85b20ed9ab0a6102c8b8298bac1d6cb4c89b.0fe8d2aa3a66f036f1d2.js","reference":"http://projects.webappsec.org/w/page/13246936/Information%20Leakage","solution":"Manually confirm that the timestamp data is not sensitive, and that the data cannot be aggregated to disclose exploitable patterns.","alert":"Timestamp Disclosure - Unix","param":"","attack":"","name":"Timestamp Disclosure - Unix","risk":"Informational","id":"84","alertRef":"10096"},{"sourceid":"3","other":"389564586, which evaluates to: 1982-05-06 15:23:06","method":"GET","evidence":"389564586","pluginId":"10096","cweid":"200","confidence":"Low","wascid":"13","description":"A timestamp was disclosed by the application/web server - Unix","messageId":"19","url":"https://todoist.com/_next/static/chunks/0e8f85b20ed9ab0a6102c8b8298bac1d6cb4c89b.0fe8d2aa3a66f036f1d2.js","reference":"http://projects.webappsec.org/w/page/13246936/Information%20Leakage","solution":"Manually confirm that the timestamp data is not sensitive, and that the data cannot be aggregated to disclose exploitable patterns.","alert":"Timestamp Disclosure - Unix","param":"","attack":"","name":"Timestamp Disclosure - Unix","risk":"Informational","id":"85","alertRef":"10096"},{"sourceid":"3","other":"606105819, which evaluates to: 1989-03-16 21:43:39","method":"GET","evidence":"606105819","pluginId":"10096","cweid":"200","confidence":"Low","wascid":"13","description":"A timestamp was disclosed by the application/web server - Unix","messageId":"19","url":"https://todoist.com/_next/static/chunks/0e8f85b20ed9ab0a6102c8b8298bac1d6cb4c89b.0fe8d2aa3a66f036f1d2.js","reference":"http://projects.webappsec.org/w/page/13246936/Information%20Leakage","solution":"Manually confirm that the timestamp data is not sensitive, and that the data cannot be aggregated to disclose exploitable patterns.","alert":"Timestamp Disclosure - Unix","param":"","attack":"","name":"Timestamp Disclosure - Unix","risk":"Informational","id":"86","alertRef":"10096"},{"sourceid":"3","other":"1044525330, which evaluates to: 2003-02-06 04:55:30","method":"GET","evidence":"1044525330","pluginId":"10096","cweid":"200","confidence":"Low","wascid":"13","description":"A timestamp was disclosed by the application/web server - Unix","messageId":"19","url":"https://todoist.com/_next/static/chunks/0e8f85b20ed9ab0a6102c8b8298bac1d6cb4c89b.0fe8d2aa3a66f036f1d2.js","reference":"http://projects.webappsec.org/w/page/13246936/Information%20Leakage","solution":"Manually confirm that the timestamp data is not sensitive, and that the data cannot be aggregated to disclose exploitable patterns.","alert":"Timestamp Disclosure - Unix","param":"","attack":"","name":"Timestamp Disclosure - Unix","risk":"Informational","id":"87","alertRef":"10096"},{"sourceid":"3","other":"176418897, which evaluates to: 1975-08-04 16:14:57","method":"GET","evidence":"176418897","pluginId":"10096","cweid":"200","confidence":"Low","wascid":"13","description":"A timestamp was disclosed by the application/web server - Unix","messageId":"19","url":"https://todoist.com/_next/static/chunks/0e8f85b20ed9ab0a6102c8b8298bac1d6cb4c89b.0fe8d2aa3a66f036f1d2.js","reference":"http://projects.webappsec.org/w/page/13246936/Information%20Leakage","solution":"Manually confirm that the timestamp data is not sensitive, and that the data cannot be aggregated to disclose exploitable patterns.","alert":"Timestamp Disclosure - Unix","param":"","attack":"","name":"Timestamp Disclosure - Unix","risk":"Informational","id":"88","alertRef":"10096"},{"sourceid":"3","other":"1200080426, which evaluates to: 2008-01-11 14:40:26","method":"GET","evidence":"1200080426","pluginId":"10096","cweid":"200","confidence":"Low","wascid":"13","description":"A timestamp was disclosed by the application/web server - Unix","messageId":"19","url":"https://todoist.com/_next/static/chunks/0e8f85b20ed9ab0a6102c8b8298bac1d6cb4c89b.0fe8d2aa3a66f036f1d2.js","reference":"http://projects.webappsec.org/w/page/13246936/Information%20Leakage","solution":"Manually confirm that the timestamp data is not sensitive, and that the data cannot be aggregated to disclose exploitable patterns.","alert":"Timestamp Disclosure - Unix","param":"","attack":"","name":"Timestamp Disclosure - Unix","risk":"Informational","id":"89","alertRef":"10096"},{"sourceid":"3","other":"1473231341, which evaluates to: 2016-09-07 01:55:41","method":"GET","evidence":"1473231341","pluginId":"10096","cweid":"200","confidence":"Low","wascid":"13","description":"A timestamp was disclosed by the application/web server - Unix","messageId":"19","url":"https://todoist.com/_next/static/chunks/0e8f85b20ed9ab0a6102c8b8298bac1d6cb4c89b.0fe8d2aa3a66f036f1d2.js","reference":"http://projects.webappsec.org/w/page/13246936/Information%20Leakage","solution":"Manually confirm that the timestamp data is not sensitive, and that the data cannot be aggregated to disclose exploitable patterns.","alert":"Timestamp Disclosure - Unix","param":"","attack":"","name":"Timestamp Disclosure - Unix","risk":"Informational","id":"90","alertRef":"10096"},{"sourceid":"3","other":"45705983, which evaluates to: 1971-06-13 19:06:23","method":"GET","evidence":"45705983","pluginId":"10096","cweid":"200","confidence":"Low","wascid":"13","description":"A timestamp was disclosed by the application/web server - Unix","messageId":"19","url":"https://todoist.com/_next/static/chunks/0e8f85b20ed9ab0a6102c8b8298bac1d6cb4c89b.0fe8d2aa3a66f036f1d2.js","reference":"http://projects.webappsec.org/w/page/13246936/Information%20Leakage","solution":"Manually confirm that the timestamp data is not sensitive, and that the data cannot be aggregated to disclose exploitable patterns.","alert":"Timestamp Disclosure - Unix","param":"","attack":"","name":"Timestamp Disclosure - Unix","risk":"Informational","id":"91","alertRef":"10096"},{"sourceid":"3","other":"1770035416, which evaluates to: 2026-02-02 07:30:16","method":"GET","evidence":"1770035416","pluginId":"10096","cweid":"200","confidence":"Low","wascid":"13","description":"A timestamp was disclosed by the application/web server - Unix","messageId":"19","url":"https://todoist.com/_next/static/chunks/0e8f85b20ed9ab0a6102c8b8298bac1d6cb4c89b.0fe8d2aa3a66f036f1d2.js","reference":"http://projects.webappsec.org/w/page/13246936/Information%20Leakage","solution":"Manually confirm that the timestamp data is not sensitive, and that the data cannot be aggregated to disclose exploitable patterns.","alert":"Timestamp Disclosure - Unix","param":"","attack":"","name":"Timestamp Disclosure - Unix","risk":"Informational","id":"92","alertRef":"10096"},{"sourceid":"3","other":"1958414417, which evaluates to: 2032-01-22 15:00:17","method":"GET","evidence":"1958414417","pluginId":"10096","cweid":"200","confidence":"Low","wascid":"13","description":"A timestamp was disclosed by the application/web server - Unix","messageId":"19","url":"https://todoist.com/_next/static/chunks/0e8f85b20ed9ab0a6102c8b8298bac1d6cb4c89b.0fe8d2aa3a66f036f1d2.js","reference":"http://projects.webappsec.org/w/page/13246936/Information%20Leakage","solution":"Manually confirm that the timestamp data is not sensitive, and that the data cannot be aggregated to disclose exploitable patterns.","alert":"Timestamp Disclosure - Unix","param":"","attack":"","name":"Timestamp Disclosure - Unix","risk":"Informational","id":"93","alertRef":"10096"},{"sourceid":"3","other":"1990404162, which evaluates to: 2033-01-26 21:02:42","method":"GET","evidence":"1990404162","pluginId":"10096","cweid":"200","confidence":"Low","wascid":"13","description":"A timestamp was disclosed by the application/web server - Unix","messageId":"19","url":"https://todoist.com/_next/static/chunks/0e8f85b20ed9ab0a6102c8b8298bac1d6cb4c89b.0fe8d2aa3a66f036f1d2.js","reference":"http://projects.webappsec.org/w/page/13246936/Information%20Leakage","solution":"Manually confirm that the timestamp data is not sensitive, and that the data cannot be aggregated to disclose exploitable patterns.","alert":"Timestamp Disclosure - Unix","param":"","attack":"","name":"Timestamp Disclosure - Unix","risk":"Informational","id":"94","alertRef":"10096"},{"sourceid":"3","other":"1804603682, which evaluates to: 2027-03-09 09:48:02","method":"GET","evidence":"1804603682","pluginId":"10096","cweid":"200","confidence":"Low","wascid":"13","description":"A timestamp was disclosed by the application/web server - Unix","messageId":"19","url":"https://todoist.com/_next/static/chunks/0e8f85b20ed9ab0a6102c8b8298bac1d6cb4c89b.0fe8d2aa3a66f036f1d2.js","reference":"http://projects.webappsec.org/w/page/13246936/Information%20Leakage","solution":"Manually confirm that the timestamp data is not sensitive, and that the data cannot be aggregated to disclose exploitable patterns.","alert":"Timestamp Disclosure - Unix","param":"","attack":"","name":"Timestamp Disclosure - Unix","risk":"Informational","id":"95","alertRef":"10096"},{"sourceid":"3","other":"40341101, which evaluates to: 1971-04-12 16:51:41","method":"GET","evidence":"40341101","pluginId":"10096","cweid":"200","confidence":"Low","wascid":"13","description":"A timestamp was disclosed by the application/web server - Unix","messageId":"19","url":"https://todoist.com/_next/static/chunks/0e8f85b20ed9ab0a6102c8b8298bac1d6cb4c89b.0fe8d2aa3a66f036f1d2.js","reference":"http://projects.webappsec.org/w/page/13246936/Information%20Leakage","solution":"Manually confirm that the timestamp data is not sensitive, and that the data cannot be aggregated to disclose exploitable patterns.","alert":"Timestamp Disclosure - Unix","param":"","attack":"","name":"Timestamp Disclosure - Unix","risk":"Informational","id":"96","alertRef":"10096"},{"sourceid":"3","other":"1502002290, which evaluates to: 2017-08-06 01:51:30","method":"GET","evidence":"1502002290","pluginId":"10096","cweid":"200","confidence":"Low","wascid":"13","description":"A timestamp was disclosed by the application/web server - Unix","messageId":"19","url":"https://todoist.com/_next/static/chunks/0e8f85b20ed9ab0a6102c8b8298bac1d6cb4c89b.0fe8d2aa3a66f036f1d2.js","reference":"http://projects.webappsec.org/w/page/13246936/Information%20Leakage","solution":"Manually confirm that the timestamp data is not sensitive, and that the data cannot be aggregated to disclose exploitable patterns.","alert":"Timestamp Disclosure - Unix","param":"","attack":"","name":"Timestamp Disclosure - Unix","risk":"Informational","id":"97","alertRef":"10096"},{"sourceid":"3","other":"1236535329, which evaluates to: 2009-03-08 13:02:09","method":"GET","evidence":"1236535329","pluginId":"10096","cweid":"200","confidence":"Low","wascid":"13","description":"A timestamp was disclosed by the application/web server - Unix","messageId":"19","url":"https://todoist.com/_next/static/chunks/0e8f85b20ed9ab0a6102c8b8298bac1d6cb4c89b.0fe8d2aa3a66f036f1d2.js","reference":"http://projects.webappsec.org/w/page/13246936/Information%20Leakage","solution":"Manually confirm that the timestamp data is not sensitive, and that the data cannot be aggregated to disclose exploitable patterns.","alert":"Timestamp Disclosure - Unix","param":"","attack":"","name":"Timestamp Disclosure - Unix","risk":"Informational","id":"98","alertRef":"10096"},{"sourceid":"3","other":"165796510, which evaluates to: 1975-04-03 17:35:10","method":"GET","evidence":"165796510","pluginId":"10096","cweid":"200","confidence":"Low","wascid":"13","description":"A timestamp was disclosed by the application/web server - Unix","messageId":"19","url":"https://todoist.com/_next/static/chunks/0e8f85b20ed9ab0a6102c8b8298bac1d6cb4c89b.0fe8d2aa3a66f036f1d2.js","reference":"http://projects.webappsec.org/w/page/13246936/Information%20Leakage","solution":"Manually confirm that the timestamp data is not sensitive, and that the data cannot be aggregated to disclose exploitable patterns.","alert":"Timestamp Disclosure - Unix","param":"","attack":"","name":"Timestamp Disclosure - Unix","risk":"Informational","id":"99","alertRef":"10096"},{"sourceid":"3","other":"1069501632, which evaluates to: 2003-11-22 06:47:12","method":"GET","evidence":"1069501632","pluginId":"10096","cweid":"200","confidence":"Low","wascid":"13","description":"A timestamp was disclosed by the application/web server - Unix","messageId":"19","url":"https://todoist.com/_next/static/chunks/0e8f85b20ed9ab0a6102c8b8298bac1d6cb4c89b.0fe8d2aa3a66f036f1d2.js","reference":"http://projects.webappsec.org/w/page/13246936/Information%20Leakage","solution":"Manually confirm that the timestamp data is not sensitive, and that the data cannot be aggregated to disclose exploitable patterns.","alert":"Timestamp Disclosure - Unix","param":"","attack":"","name":"Timestamp Disclosure - Unix","risk":"Informational","id":"100","alertRef":"10096"},{"sourceid":"3","other":"643717713, which evaluates to: 1990-05-26 05:28:33","method":"GET","evidence":"643717713","pluginId":"10096","cweid":"200","confidence":"Low","wascid":"13","description":"A timestamp was disclosed by the application/web server - Unix","messageId":"19","url":"https://todoist.com/_next/static/chunks/0e8f85b20ed9ab0a6102c8b8298bac1d6cb4c89b.0fe8d2aa3a66f036f1d2.js","reference":"http://projects.webappsec.org/w/page/13246936/Information%20Leakage","solution":"Manually confirm that the timestamp data is not sensitive, and that the data cannot be aggregated to disclose exploitable patterns.","alert":"Timestamp Disclosure - Unix","param":"","attack":"","name":"Timestamp Disclosure - Unix","risk":"Informational","id":"101","alertRef":"10096"},{"sourceid":"3","other":"373897302, which evaluates to: 1981-11-06 07:21:42","method":"GET","evidence":"373897302","pluginId":"10096","cweid":"200","confidence":"Low","wascid":"13","description":"A timestamp was disclosed by the application/web server - Unix","messageId":"19","url":"https://todoist.com/_next/static/chunks/0e8f85b20ed9ab0a6102c8b8298bac1d6cb4c89b.0fe8d2aa3a66f036f1d2.js","reference":"http://projects.webappsec.org/w/page/13246936/Information%20Leakage","solution":"Manually confirm that the timestamp data is not sensitive, and that the data cannot be aggregated to disclose exploitable patterns.","alert":"Timestamp Disclosure - Unix","param":"","attack":"","name":"Timestamp Disclosure - Unix","risk":"Informational","id":"102","alertRef":"10096"},{"sourceid":"3","other":"701558691, which evaluates to: 1992-03-25 16:24:51","method":"GET","evidence":"701558691","pluginId":"10096","cweid":"200","confidence":"Low","wascid":"13","description":"A timestamp was disclosed by the application/web server - Unix","messageId":"19","url":"https://todoist.com/_next/static/chunks/0e8f85b20ed9ab0a6102c8b8298bac1d6cb4c89b.0fe8d2aa3a66f036f1d2.js","reference":"http://projects.webappsec.org/w/page/13246936/Information%20Leakage","solution":"Manually confirm that the timestamp data is not sensitive, and that the data cannot be aggregated to disclose exploitable patterns.","alert":"Timestamp Disclosure - Unix","param":"","attack":"","name":"Timestamp Disclosure - Unix","risk":"Informational","id":"103","alertRef":"10096"},{"sourceid":"3","other":"38016083, which evaluates to: 1971-03-16 19:01:23","method":"GET","evidence":"38016083","pluginId":"10096","cweid":"200","confidence":"Low","wascid":"13","description":"A timestamp was disclosed by the application/web server - Unix","messageId":"19","url":"https://todoist.com/_next/static/chunks/0e8f85b20ed9ab0a6102c8b8298bac1d6cb4c89b.0fe8d2aa3a66f036f1d2.js","reference":"http://projects.webappsec.org/w/page/13246936/Information%20Leakage","solution":"Manually confirm that the timestamp data is not sensitive, and that the data cannot be aggregated to disclose exploitable patterns.","alert":"Timestamp Disclosure - Unix","param":"","attack":"","name":"Timestamp Disclosure - Unix","risk":"Informational","id":"104","alertRef":"10096"},{"sourceid":"3","other":"660478335, which evaluates to: 1990-12-06 05:12:15","method":"GET","evidence":"660478335","pluginId":"10096","cweid":"200","confidence":"Low","wascid":"13","description":"A timestamp was disclosed by the application/web server - Unix","messageId":"19","url":"https://todoist.com/_next/static/chunks/0e8f85b20ed9ab0a6102c8b8298bac1d6cb4c89b.0fe8d2aa3a66f036f1d2.js","reference":"http://projects.webappsec.org/w/page/13246936/Information%20Leakage","solution":"Manually confirm that the timestamp data is not sensitive, and that the data cannot be aggregated to disclose exploitable patterns.","alert":"Timestamp Disclosure - Unix","param":"","attack":"","name":"Timestamp Disclosure - Unix","risk":"Informational","id":"105","alertRef":"10096"},{"sourceid":"3","other":"405537848, which evaluates to: 1982-11-07 12:24:08","method":"GET","evidence":"405537848","pluginId":"10096","cweid":"200","confidence":"Low","wascid":"13","description":"A timestamp was disclosed by the application/web server - Unix","messageId":"19","url":"https://todoist.com/_next/static/chunks/0e8f85b20ed9ab0a6102c8b8298bac1d6cb4c89b.0fe8d2aa3a66f036f1d2.js","reference":"http://projects.webappsec.org/w/page/13246936/Information%20Leakage","solution":"Manually confirm that the timestamp data is not sensitive, and that the data cannot be aggregated to disclose exploitable patterns.","alert":"Timestamp Disclosure - Unix","param":"","attack":"","name":"Timestamp Disclosure - Unix","risk":"Informational","id":"106","alertRef":"10096"},{"sourceid":"3","other":"568446438, which evaluates to: 1988-01-06 00:47:18","method":"GET","evidence":"568446438","pluginId":"10096","cweid":"200","confidence":"Low","wascid":"13","description":"A timestamp was disclosed by the application/web server - Unix","messageId":"19","url":"https://todoist.com/_next/static/chunks/0e8f85b20ed9ab0a6102c8b8298bac1d6cb4c89b.0fe8d2aa3a66f036f1d2.js","reference":"http://projects.webappsec.org/w/page/13246936/Information%20Leakage","solution":"Manually confirm that the timestamp data is not sensitive, and that the data cannot be aggregated to disclose exploitable patterns.","alert":"Timestamp Disclosure - Unix","param":"","attack":"","name":"Timestamp Disclosure - Unix","risk":"Informational","id":"107","alertRef":"10096"},{"sourceid":"3","other":"1019803690, which evaluates to: 2002-04-26 01:48:10","method":"GET","evidence":"1019803690","pluginId":"10096","cweid":"200","confidence":"Low","wascid":"13","description":"A timestamp was disclosed by the application/web server - Unix","messageId":"19","url":"https://todoist.com/_next/static/chunks/0e8f85b20ed9ab0a6102c8b8298bac1d6cb4c89b.0fe8d2aa3a66f036f1d2.js","reference":"http://projects.webappsec.org/w/page/13246936/Information%20Leakage","solution":"Manually confirm that the timestamp data is not sensitive, and that the data cannot be aggregated to disclose exploitable patterns.","alert":"Timestamp Disclosure - Unix","param":"","attack":"","name":"Timestamp Disclosure - Unix","risk":"Informational","id":"108","alertRef":"10096"},{"sourceid":"3","other":"187363961, which evaluates to: 1975-12-09 08:32:41","method":"GET","evidence":"187363961","pluginId":"10096","cweid":"200","confidence":"Low","wascid":"13","description":"A timestamp was disclosed by the application/web server - Unix","messageId":"19","url":"https://todoist.com/_next/static/chunks/0e8f85b20ed9ab0a6102c8b8298bac1d6cb4c89b.0fe8d2aa3a66f036f1d2.js","reference":"http://projects.webappsec.org/w/page/13246936/Information%20Leakage","solution":"Manually confirm that the timestamp data is not sensitive, and that the data cannot be aggregated to disclose exploitable patterns.","alert":"Timestamp Disclosure - Unix","param":"","attack":"","name":"Timestamp Disclosure - Unix","risk":"Informational","id":"109","alertRef":"10096"},{"sourceid":"3","other":"1163531501, which evaluates to: 2006-11-14 14:11:41","method":"GET","evidence":"1163531501","pluginId":"10096","cweid":"200","confidence":"Low","wascid":"13","description":"A timestamp was disclosed by the application/web server - Unix","messageId":"19","url":"https://todoist.com/_next/static/chunks/0e8f85b20ed9ab0a6102c8b8298bac1d6cb4c89b.0fe8d2aa3a66f036f1d2.js","reference":"http://projects.webappsec.org/w/page/13246936/Information%20Leakage","solution":"Manually confirm that the timestamp data is not sensitive, and that the data cannot be aggregated to disclose exploitable patterns.","alert":"Timestamp Disclosure - Unix","param":"","attack":"","name":"Timestamp Disclosure - Unix","risk":"Informational","id":"110","alertRef":"10096"},{"sourceid":"3","other":"1444681467, which evaluates to: 2015-10-12 15:24:27","method":"GET","evidence":"1444681467","pluginId":"10096","cweid":"200","confidence":"Low","wascid":"13","description":"A timestamp was disclosed by the application/web server - Unix","messageId":"19","url":"https://todoist.com/_next/static/chunks/0e8f85b20ed9ab0a6102c8b8298bac1d6cb4c89b.0fe8d2aa3a66f036f1d2.js","reference":"http://projects.webappsec.org/w/page/13246936/Information%20Leakage","solution":"Manually confirm that the timestamp data is not sensitive, and that the data cannot be aggregated to disclose exploitable patterns.","alert":"Timestamp Disclosure - Unix","param":"","attack":"","name":"Timestamp Disclosure - Unix","risk":"Informational","id":"111","alertRef":"10096"},{"sourceid":"3","other":"51403784, which evaluates to: 1971-08-18 17:49:44","method":"GET","evidence":"51403784","pluginId":"10096","cweid":"200","confidence":"Low","wascid":"13","description":"A timestamp was disclosed by the application/web server - Unix","messageId":"19","url":"https://todoist.com/_next/static/chunks/0e8f85b20ed9ab0a6102c8b8298bac1d6cb4c89b.0fe8d2aa3a66f036f1d2.js","reference":"http://projects.webappsec.org/w/page/13246936/Information%20Leakage","solution":"Manually confirm that the timestamp data is not sensitive, and that the data cannot be aggregated to disclose exploitable patterns.","alert":"Timestamp Disclosure - Unix","param":"","attack":"","name":"Timestamp Disclosure - Unix","risk":"Informational","id":"112","alertRef":"10096"},{"sourceid":"3","other":"1735328473, which evaluates to: 2024-12-27 14:41:13","method":"GET","evidence":"1735328473","pluginId":"10096","cweid":"200","confidence":"Low","wascid":"13","description":"A timestamp was disclosed by the application/web server - Unix","messageId":"19","url":"https://todoist.com/_next/static/chunks/0e8f85b20ed9ab0a6102c8b8298bac1d6cb4c89b.0fe8d2aa3a66f036f1d2.js","reference":"http://projects.webappsec.org/w/page/13246936/Information%20Leakage","solution":"Manually confirm that the timestamp data is not sensitive, and that the data cannot be aggregated to disclose exploitable patterns.","alert":"Timestamp Disclosure - Unix","param":"","attack":"","name":"Timestamp Disclosure - Unix","risk":"Informational","id":"113","alertRef":"10096"},{"sourceid":"3","other":"1926607734, which evaluates to: 2031-01-19 11:48:54","method":"GET","evidence":"1926607734","pluginId":"10096","cweid":"200","confidence":"Low","wascid":"13","description":"A timestamp was disclosed by the application/web server - Unix","messageId":"19","url":"https://todoist.com/_next/static/chunks/0e8f85b20ed9ab0a6102c8b8298bac1d6cb4c89b.0fe8d2aa3a66f036f1d2.js","reference":"http://projects.webappsec.org/w/page/13246936/Information%20Leakage","solution":"Manually confirm that the timestamp data is not sensitive, and that the data cannot be aggregated to disclose exploitable patterns.","alert":"Timestamp Disclosure - Unix","param":"","attack":"","name":"Timestamp Disclosure - Unix","risk":"Informational","id":"114","alertRef":"10096"},{"sourceid":"3","other":"2022574463, which evaluates to: 2034-02-03 05:14:23","method":"GET","evidence":"2022574463","pluginId":"10096","cweid":"200","confidence":"Low","wascid":"13","description":"A timestamp was disclosed by the application/web server - Unix","messageId":"19","url":"https://todoist.com/_next/static/chunks/0e8f85b20ed9ab0a6102c8b8298bac1d6cb4c89b.0fe8d2aa3a66f036f1d2.js","reference":"http://projects.webappsec.org/w/page/13246936/Information%20Leakage","solution":"Manually confirm that the timestamp data is not sensitive, and that the data cannot be aggregated to disclose exploitable patterns.","alert":"Timestamp Disclosure - Unix","param":"","attack":"","name":"Timestamp Disclosure - Unix","risk":"Informational","id":"115","alertRef":"10096"},{"sourceid":"3","other":"1839030562, which evaluates to: 2028-04-10 20:49:22","method":"GET","evidence":"1839030562","pluginId":"10096","cweid":"200","confidence":"Low","wascid":"13","description":"A timestamp was disclosed by the application/web server - Unix","messageId":"19","url":"https://todoist.com/_next/static/chunks/0e8f85b20ed9ab0a6102c8b8298bac1d6cb4c89b.0fe8d2aa3a66f036f1d2.js","reference":"http://projects.webappsec.org/w/page/13246936/Information%20Leakage","solution":"Manually confirm that the timestamp data is not sensitive, and that the data cannot be aggregated to disclose exploitable patterns.","alert":"Timestamp Disclosure - Unix","param":"","attack":"","name":"Timestamp Disclosure - Unix","risk":"Informational","id":"116","alertRef":"10096"},{"sourceid":"3","other":"35309556, which evaluates to: 1971-02-13 11:12:36","method":"GET","evidence":"35309556","pluginId":"10096","cweid":"200","confidence":"Low","wascid":"13","description":"A timestamp was disclosed by the application/web server - Unix","messageId":"19","url":"https://todoist.com/_next/static/chunks/0e8f85b20ed9ab0a6102c8b8298bac1d6cb4c89b.0fe8d2aa3a66f036f1d2.js","reference":"http://projects.webappsec.org/w/page/13246936/Information%20Leakage","solution":"Manually confirm that the timestamp data is not sensitive, and that the data cannot be aggregated to disclose exploitable patterns.","alert":"Timestamp Disclosure - Unix","param":"","attack":"","name":"Timestamp Disclosure - Unix","risk":"Informational","id":"117","alertRef":"10096"},{"sourceid":"3","other":"1530992060, which evaluates to: 2018-07-07 14:34:20","method":"GET","evidence":"1530992060","pluginId":"10096","cweid":"200","confidence":"Low","wascid":"13","description":"A timestamp was disclosed by the application/web server - Unix","messageId":"19","url":"https://todoist.com/_next/static/chunks/0e8f85b20ed9ab0a6102c8b8298bac1d6cb4c89b.0fe8d2aa3a66f036f1d2.js","reference":"http://projects.webappsec.org/w/page/13246936/Information%20Leakage","solution":"Manually confirm that the timestamp data is not sensitive, and that the data cannot be aggregated to disclose exploitable patterns.","alert":"Timestamp Disclosure - Unix","param":"","attack":"","name":"Timestamp Disclosure - Unix","risk":"Informational","id":"118","alertRef":"10096"},{"sourceid":"3","other":"1272893353, which evaluates to: 2010-05-03 08:29:13","method":"GET","evidence":"1272893353","pluginId":"10096","cweid":"200","confidence":"Low","wascid":"13","description":"A timestamp was disclosed by the application/web server - Unix","messageId":"19","url":"https://todoist.com/_next/static/chunks/0e8f85b20ed9ab0a6102c8b8298bac1d6cb4c89b.0fe8d2aa3a66f036f1d2.js","reference":"http://projects.webappsec.org/w/page/13246936/Information%20Leakage","solution":"Manually confirm that the timestamp data is not sensitive, and that the data cannot be aggregated to disclose exploitable patterns.","alert":"Timestamp Disclosure - Unix","param":"","attack":"","name":"Timestamp Disclosure - Unix","risk":"Informational","id":"119","alertRef":"10096"},{"sourceid":"3","other":"155497632, which evaluates to: 1974-12-05 12:47:12","method":"GET","evidence":"155497632","pluginId":"10096","cweid":"200","confidence":"Low","wascid":"13","description":"A timestamp was disclosed by the application/web server - Unix","messageId":"19","url":"https://todoist.com/_next/static/chunks/0e8f85b20ed9ab0a6102c8b8298bac1d6cb4c89b.0fe8d2aa3a66f036f1d2.js","reference":"http://projects.webappsec.org/w/page/13246936/Information%20Leakage","solution":"Manually confirm that the timestamp data is not sensitive, and that the data cannot be aggregated to disclose exploitable patterns.","alert":"Timestamp Disclosure - Unix","param":"","attack":"","name":"Timestamp Disclosure - Unix","risk":"Informational","id":"120","alertRef":"10096"},{"sourceid":"3","other":"1094730640, which evaluates to: 2004-09-09 06:50:40","method":"GET","evidence":"1094730640","pluginId":"10096","cweid":"200","confidence":"Low","wascid":"13","description":"A timestamp was disclosed by the application/web server - Unix","messageId":"19","url":"https://todoist.com/_next/static/chunks/0e8f85b20ed9ab0a6102c8b8298bac1d6cb4c89b.0fe8d2aa3a66f036f1d2.js","reference":"http://projects.webappsec.org/w/page/13246936/Information%20Leakage","solution":"Manually confirm that the timestamp data is not sensitive, and that the data cannot be aggregated to disclose exploitable patterns.","alert":"Timestamp Disclosure - Unix","param":"","attack":"","name":"Timestamp Disclosure - Unix","risk":"Informational","id":"121","alertRef":"10096"},{"sourceid":"3","other":"681279174, which evaluates to: 1991-08-03 23:12:54","method":"GET","evidence":"681279174","pluginId":"10096","cweid":"200","confidence":"Low","wascid":"13","description":"A timestamp was disclosed by the application/web server - Unix","messageId":"19","url":"https://todoist.com/_next/static/chunks/0e8f85b20ed9ab0a6102c8b8298bac1d6cb4c89b.0fe8d2aa3a66f036f1d2.js","reference":"http://projects.webappsec.org/w/page/13246936/Information%20Leakage","solution":"Manually confirm that the timestamp data is not sensitive, and that the data cannot be aggregated to disclose exploitable patterns.","alert":"Timestamp Disclosure - Unix","param":"","attack":"","name":"Timestamp Disclosure - Unix","risk":"Informational","id":"122","alertRef":"10096"},{"sourceid":"3","other":"358537222, which evaluates to: 1981-05-12 12:40:22","method":"GET","evidence":"358537222","pluginId":"10096","cweid":"200","confidence":"Low","wascid":"13","description":"A timestamp was disclosed by the application/web server - Unix","messageId":"19","url":"https://todoist.com/_next/static/chunks/0e8f85b20ed9ab0a6102c8b8298bac1d6cb4c89b.0fe8d2aa3a66f036f1d2.js","reference":"http://projects.webappsec.org/w/page/13246936/Information%20Leakage","solution":"Manually confirm that the timestamp data is not sensitive, and that the data cannot be aggregated to disclose exploitable patterns.","alert":"Timestamp Disclosure - Unix","param":"","attack":"","name":"Timestamp Disclosure - Unix","risk":"Informational","id":"123","alertRef":"10096"},{"sourceid":"3","other":"722521979, which evaluates to: 1992-11-23 08:32:59","method":"GET","evidence":"722521979","pluginId":"10096","cweid":"200","confidence":"Low","wascid":"13","description":"A timestamp was disclosed by the application/web server - Unix","messageId":"19","url":"https://todoist.com/_next/static/chunks/0e8f85b20ed9ab0a6102c8b8298bac1d6cb4c89b.0fe8d2aa3a66f036f1d2.js","reference":"http://projects.webappsec.org/w/page/13246936/Information%20Leakage","solution":"Manually confirm that the timestamp data is not sensitive, and that the data cannot be aggregated to disclose exploitable patterns.","alert":"Timestamp Disclosure - Unix","param":"","attack":"","name":"Timestamp Disclosure - Unix","risk":"Informational","id":"124","alertRef":"10096"},{"sourceid":"3","other":"76029189, which evaluates to: 1972-05-29 18:13:09","method":"GET","evidence":"76029189","pluginId":"10096","cweid":"200","confidence":"Low","wascid":"13","description":"A timestamp was disclosed by the application/web server - Unix","messageId":"19","url":"https://todoist.com/_next/static/chunks/0e8f85b20ed9ab0a6102c8b8298bac1d6cb4c89b.0fe8d2aa3a66f036f1d2.js","reference":"http://projects.webappsec.org/w/page/13246936/Information%20Leakage","solution":"Manually confirm that the timestamp data is not sensitive, and that the data cannot be aggregated to disclose exploitable patterns.","alert":"Timestamp Disclosure - Unix","param":"","attack":"","name":"Timestamp Disclosure - Unix","risk":"Informational","id":"125","alertRef":"10096"},{"sourceid":"3","other":"640364487, which evaluates to: 1990-04-17 10:01:27","method":"GET","evidence":"640364487","pluginId":"10096","cweid":"200","confidence":"Low","wascid":"13","description":"A timestamp was disclosed by the application/web server - Unix","messageId":"19","url":"https://todoist.com/_next/static/chunks/0e8f85b20ed9ab0a6102c8b8298bac1d6cb4c89b.0fe8d2aa3a66f036f1d2.js","reference":"http://projects.webappsec.org/w/page/13246936/Information%20Leakage","solution":"Manually confirm that the timestamp data is not sensitive, and that the data cannot be aggregated to disclose exploitable patterns.","alert":"Timestamp Disclosure - Unix","param":"","attack":"","name":"Timestamp Disclosure - Unix","risk":"Informational","id":"126","alertRef":"10096"},{"sourceid":"3","other":"421815835, which evaluates to: 1983-05-14 22:03:55","method":"GET","evidence":"421815835","pluginId":"10096","cweid":"200","confidence":"Low","wascid":"13","description":"A timestamp was disclosed by the application/web server - Unix","messageId":"19","url":"https://todoist.com/_next/static/chunks/0e8f85b20ed9ab0a6102c8b8298bac1d6cb4c89b.0fe8d2aa3a66f036f1d2.js","reference":"http://projects.webappsec.org/w/page/13246936/Information%20Leakage","solution":"Manually confirm that the timestamp data is not sensitive, and that the data cannot be aggregated to disclose exploitable patterns.","alert":"Timestamp Disclosure - Unix","param":"","attack":"","name":"Timestamp Disclosure - Unix","risk":"Informational","id":"127","alertRef":"10096"},{"sourceid":"3","other":"530742520, which evaluates to: 1986-10-26 15:28:40","method":"GET","evidence":"530742520","pluginId":"10096","cweid":"200","confidence":"Low","wascid":"13","description":"A timestamp was disclosed by the application/web server - Unix","messageId":"19","url":"https://todoist.com/_next/static/chunks/0e8f85b20ed9ab0a6102c8b8298bac1d6cb4c89b.0fe8d2aa3a66f036f1d2.js","reference":"http://projects.webappsec.org/w/page/13246936/Information%20Leakage","solution":"Manually confirm that the timestamp data is not sensitive, and that the data cannot be aggregated to disclose exploitable patterns.","alert":"Timestamp Disclosure - Unix","param":"","attack":"","name":"Timestamp Disclosure - Unix","risk":"Informational","id":"128","alertRef":"10096"},{"sourceid":"3","other":"995338651, which evaluates to: 2001-07-16 21:57:31","method":"GET","evidence":"995338651","pluginId":"10096","cweid":"200","confidence":"Low","wascid":"13","description":"A timestamp was disclosed by the application/web server - Unix","messageId":"19","url":"https://todoist.com/_next/static/chunks/0e8f85b20ed9ab0a6102c8b8298bac1d6cb4c89b.0fe8d2aa3a66f036f1d2.js","reference":"http://projects.webappsec.org/w/page/13246936/Information%20Leakage","solution":"Manually confirm that the timestamp data is not sensitive, and that the data cannot be aggregated to disclose exploitable patterns.","alert":"Timestamp Disclosure - Unix","param":"","attack":"","name":"Timestamp Disclosure - Unix","risk":"Informational","id":"129","alertRef":"10096"},{"sourceid":"3","other":"198630844, which evaluates to: 1976-04-17 18:14:04","method":"GET","evidence":"198630844","pluginId":"10096","cweid":"200","confidence":"Low","wascid":"13","description":"A timestamp was disclosed by the application/web server - Unix","messageId":"19","url":"https://todoist.com/_next/static/chunks/0e8f85b20ed9ab0a6102c8b8298bac1d6cb4c89b.0fe8d2aa3a66f036f1d2.js","reference":"http://projects.webappsec.org/w/page/13246936/Information%20Leakage","solution":"Manually confirm that the timestamp data is not sensitive, and that the data cannot be aggregated to disclose exploitable patterns.","alert":"Timestamp Disclosure - Unix","param":"","attack":"","name":"Timestamp Disclosure - Unix","risk":"Informational","id":"130","alertRef":"10096"},{"sourceid":"3","other":"1126891415, which evaluates to: 2005-09-16 12:23:35","method":"GET","evidence":"1126891415","pluginId":"10096","cweid":"200","confidence":"Low","wascid":"13","description":"A timestamp was disclosed by the application/web server - Unix","messageId":"19","url":"https://todoist.com/_next/static/chunks/0e8f85b20ed9ab0a6102c8b8298bac1d6cb4c89b.0fe8d2aa3a66f036f1d2.js","reference":"http://projects.webappsec.org/w/page/13246936/Information%20Leakage","solution":"Manually confirm that the timestamp data is not sensitive, and that the data cannot be aggregated to disclose exploitable patterns.","alert":"Timestamp Disclosure - Unix","param":"","attack":"","name":"Timestamp Disclosure - Unix","risk":"Informational","id":"131","alertRef":"10096"},{"sourceid":"3","other":"1416354905, which evaluates to: 2014-11-18 18:55:05","method":"GET","evidence":"1416354905","pluginId":"10096","cweid":"200","confidence":"Low","wascid":"13","description":"A timestamp was disclosed by the application/web server - Unix","messageId":"19","url":"https://todoist.com/_next/static/chunks/0e8f85b20ed9ab0a6102c8b8298bac1d6cb4c89b.0fe8d2aa3a66f036f1d2.js","reference":"http://projects.webappsec.org/w/page/13246936/Information%20Leakage","solution":"Manually confirm that the timestamp data is not sensitive, and that the data cannot be aggregated to disclose exploitable patterns.","alert":"Timestamp Disclosure - Unix","param":"","attack":"","name":"Timestamp Disclosure - Unix","risk":"Informational","id":"132","alertRef":"10096"},{"sourceid":"3","other":"57434055, which evaluates to: 1971-10-27 12:54:15","method":"GET","evidence":"57434055","pluginId":"10096","cweid":"200","confidence":"Low","wascid":"13","description":"A timestamp was disclosed by the application/web server - Unix","messageId":"19","url":"https://todoist.com/_next/static/chunks/0e8f85b20ed9ab0a6102c8b8298bac1d6cb4c89b.0fe8d2aa3a66f036f1d2.js","reference":"http://projects.webappsec.org/w/page/13246936/Information%20Leakage","solution":"Manually confirm that the timestamp data is not sensitive, and that the data cannot be aggregated to disclose exploitable patterns.","alert":"Timestamp Disclosure - Unix","param":"","attack":"","name":"Timestamp Disclosure - Unix","risk":"Informational","id":"133","alertRef":"10096"},{"sourceid":"3","other":"1700485571, which evaluates to: 2023-11-20 08:06:11","method":"GET","evidence":"1700485571","pluginId":"10096","cweid":"200","confidence":"Low","wascid":"13","description":"A timestamp was disclosed by the application/web server - Unix","messageId":"19","url":"https://todoist.com/_next/static/chunks/0e8f85b20ed9ab0a6102c8b8298bac1d6cb4c89b.0fe8d2aa3a66f036f1d2.js","reference":"http://projects.webappsec.org/w/page/13246936/Information%20Leakage","solution":"Manually confirm that the timestamp data is not sensitive, and that the data cannot be aggregated to disclose exploitable patterns.","alert":"Timestamp Disclosure - Unix","param":"","attack":"","name":"Timestamp Disclosure - Unix","risk":"Informational","id":"134","alertRef":"10096"},{"sourceid":"3","other":"1894986606, which evaluates to: 2030-01-18 12:10:06","method":"GET","evidence":"1894986606","pluginId":"10096","cweid":"200","confidence":"Low","wascid":"13","description":"A timestamp was disclosed by the application/web server - Unix","messageId":"19","url":"https://todoist.com/_next/static/chunks/0e8f85b20ed9ab0a6102c8b8298bac1d6cb4c89b.0fe8d2aa3a66f036f1d2.js","reference":"http://projects.webappsec.org/w/page/13246936/Information%20Leakage","solution":"Manually confirm that the timestamp data is not sensitive, and that the data cannot be aggregated to disclose exploitable patterns.","alert":"Timestamp Disclosure - Unix","param":"","attack":"","name":"Timestamp Disclosure - Unix","risk":"Informational","id":"135","alertRef":"10096"},{"sourceid":"3","other":"2054922799, which evaluates to: 2035-02-12 14:53:19","method":"GET","evidence":"2054922799","pluginId":"10096","cweid":"200","confidence":"Low","wascid":"13","description":"A timestamp was disclosed by the application/web server - Unix","messageId":"19","url":"https://todoist.com/_next/static/chunks/0e8f85b20ed9ab0a6102c8b8298bac1d6cb4c89b.0fe8d2aa3a66f036f1d2.js","reference":"http://projects.webappsec.org/w/page/13246936/Information%20Leakage","solution":"Manually confirm that the timestamp data is not sensitive, and that the data cannot be aggregated to disclose exploitable patterns.","alert":"Timestamp Disclosure - Unix","param":"","attack":"","name":"Timestamp Disclosure - Unix","risk":"Informational","id":"136","alertRef":"10096"},{"sourceid":"3","other":"1873313359, which evaluates to: 2029-05-12 15:49:19","method":"GET","evidence":"1873313359","pluginId":"10096","cweid":"200","confidence":"Low","wascid":"13","description":"A timestamp was disclosed by the application/web server - Unix","messageId":"19","url":"https://todoist.com/_next/static/chunks/0e8f85b20ed9ab0a6102c8b8298bac1d6cb4c89b.0fe8d2aa3a66f036f1d2.js","reference":"http://projects.webappsec.org/w/page/13246936/Information%20Leakage","solution":"Manually confirm that the timestamp data is not sensitive, and that the data cannot be aggregated to disclose exploitable patterns.","alert":"Timestamp Disclosure - Unix","param":"","attack":"","name":"Timestamp Disclosure - Unix","risk":"Informational","id":"137","alertRef":"10096"},{"sourceid":"3","other":"30611744, which evaluates to: 1970-12-21 02:15:44","method":"GET","evidence":"30611744","pluginId":"10096","cweid":"200","confidence":"Low","wascid":"13","description":"A timestamp was disclosed by the application/web server - Unix","messageId":"19","url":"https://todoist.com/_next/static/chunks/0e8f85b20ed9ab0a6102c8b8298bac1d6cb4c89b.0fe8d2aa3a66f036f1d2.js","reference":"http://projects.webappsec.org/w/page/13246936/Information%20Leakage","solution":"Manually confirm that the timestamp data is not sensitive, and that the data cannot be aggregated to disclose exploitable patterns.","alert":"Timestamp Disclosure - Unix","param":"","attack":"","name":"Timestamp Disclosure - Unix","risk":"Informational","id":"138","alertRef":"10096"},{"sourceid":"3","other":"1560198380, which evaluates to: 2019-06-10 15:26:20","method":"GET","evidence":"1560198380","pluginId":"10096","cweid":"200","confidence":"Low","wascid":"13","description":"A timestamp was disclosed by the application/web server - Unix","messageId":"19","url":"https://todoist.com/_next/static/chunks/0e8f85b20ed9ab0a6102c8b8298bac1d6cb4c89b.0fe8d2aa3a66f036f1d2.js","reference":"http://projects.webappsec.org/w/page/13246936/Information%20Leakage","solution":"Manually confirm that the timestamp data is not sensitive, and that the data cannot be aggregated to disclose exploitable patterns.","alert":"Timestamp Disclosure - Unix","param":"","attack":"","name":"Timestamp Disclosure - Unix","risk":"Informational","id":"139","alertRef":"10096"},{"sourceid":"3","other":"1309151649, which evaluates to: 2011-06-27 00:14:09","method":"GET","evidence":"1309151649","pluginId":"10096","cweid":"200","confidence":"Low","wascid":"13","description":"A timestamp was disclosed by the application/web server - Unix","messageId":"19","url":"https://todoist.com/_next/static/chunks/0e8f85b20ed9ab0a6102c8b8298bac1d6cb4c89b.0fe8d2aa3a66f036f1d2.js","reference":"http://projects.webappsec.org/w/page/13246936/Information%20Leakage","solution":"Manually confirm that the timestamp data is not sensitive, and that the data cannot be aggregated to disclose exploitable patterns.","alert":"Timestamp Disclosure - Unix","param":"","attack":"","name":"Timestamp Disclosure - Unix","risk":"Informational","id":"140","alertRef":"10096"},{"sourceid":"3","other":"145523070, which evaluates to: 1974-08-12 02:04:30","method":"GET","evidence":"145523070","pluginId":"10096","cweid":"200","confidence":"Low","wascid":"13","description":"A timestamp was disclosed by the application/web server - Unix","messageId":"19","url":"https://todoist.com/_next/static/chunks/0e8f85b20ed9ab0a6102c8b8298bac1d6cb4c89b.0fe8d2aa3a66f036f1d2.js","reference":"http://projects.webappsec.org/w/page/13246936/Information%20Leakage","solution":"Manually confirm that the timestamp data is not sensitive, and that the data cannot be aggregated to disclose exploitable patterns.","alert":"Timestamp Disclosure - Unix","param":"","attack":"","name":"Timestamp Disclosure - Unix","risk":"Informational","id":"141","alertRef":"10096"},{"sourceid":"3","other":"1120210379, which evaluates to: 2005-07-01 04:32:59","method":"GET","evidence":"1120210379","pluginId":"10096","cweid":"200","confidence":"Low","wascid":"13","description":"A timestamp was disclosed by the application/web server - Unix","messageId":"19","url":"https://todoist.com/_next/static/chunks/0e8f85b20ed9ab0a6102c8b8298bac1d6cb4c89b.0fe8d2aa3a66f036f1d2.js","reference":"http://projects.webappsec.org/w/page/13246936/Information%20Leakage","solution":"Manually confirm that the timestamp data is not sensitive, and that the data cannot be aggregated to disclose exploitable patterns.","alert":"Timestamp Disclosure - Unix","param":"","attack":"","name":"Timestamp Disclosure - Unix","risk":"Informational","id":"142","alertRef":"10096"},{"sourceid":"3","other":"718787259, which evaluates to: 1992-10-11 03:07:39","method":"GET","evidence":"718787259","pluginId":"10096","cweid":"200","confidence":"Low","wascid":"13","description":"A timestamp was disclosed by the application/web server - Unix","messageId":"19","url":"https://todoist.com/_next/static/chunks/0e8f85b20ed9ab0a6102c8b8298bac1d6cb4c89b.0fe8d2aa3a66f036f1d2.js","reference":"http://projects.webappsec.org/w/page/13246936/Information%20Leakage","solution":"Manually confirm that the timestamp data is not sensitive, and that the data cannot be aggregated to disclose exploitable patterns.","alert":"Timestamp Disclosure - Unix","param":"","attack":"","name":"Timestamp Disclosure - Unix","risk":"Informational","id":"143","alertRef":"10096"},{"sourceid":"3","other":"343485551, which evaluates to: 1980-11-19 07:39:11","method":"GET","evidence":"343485551","pluginId":"10096","cweid":"200","confidence":"Low","wascid":"13","description":"A timestamp was disclosed by the application/web server - Unix","messageId":"19","url":"https://todoist.com/_next/static/chunks/0e8f85b20ed9ab0a6102c8b8298bac1d6cb4c89b.0fe8d2aa3a66f036f1d2.js","reference":"http://projects.webappsec.org/w/page/13246936/Information%20Leakage","solution":"Manually confirm that the timestamp data is not sensitive, and that the data cannot be aggregated to disclose exploitable patterns.","alert":"Timestamp Disclosure - Unix","param":"","attack":"","name":"Timestamp Disclosure - Unix","risk":"Informational","id":"144","alertRef":"10096"},{"sourceid":"3","other":"1518500249, which evaluates to: 2018-02-13 00:37:29","method":"GET","evidence":"1518500249","pluginId":"10096","cweid":"200","confidence":"Low","wascid":"13","description":"A timestamp was disclosed by the application/web server - Unix","messageId":"19","url":"https://todoist.com/_next/static/chunks/0e8f85b20ed9ab0a6102c8b8298bac1d6cb4c89b.0fe8d2aa3a66f036f1d2.js","reference":"http://projects.webappsec.org/w/page/13246936/Information%20Leakage","solution":"Manually confirm that the timestamp data is not sensitive, and that the data cannot be aggregated to disclose exploitable patterns.","alert":"Timestamp Disclosure - Unix","param":"","attack":"","name":"Timestamp Disclosure - Unix","risk":"Informational","id":"145","alertRef":"10096"},{"sourceid":"3","other":"1859775393, which evaluates to: 2028-12-06 23:16:33","method":"GET","evidence":"1859775393","pluginId":"10096","cweid":"200","confidence":"Low","wascid":"13","description":"A timestamp was disclosed by the application/web server - Unix","messageId":"19","url":"https://todoist.com/_next/static/chunks/0e8f85b20ed9ab0a6102c8b8298bac1d6cb4c89b.0fe8d2aa3a66f036f1d2.js","reference":"http://projects.webappsec.org/w/page/13246936/Information%20Leakage","solution":"Manually confirm that the timestamp data is not sensitive, and that the data cannot be aggregated to disclose exploitable patterns.","alert":"Timestamp Disclosure - Unix","param":"","attack":"","name":"Timestamp Disclosure - Unix","risk":"Informational","id":"146","alertRef":"10096"},{"sourceid":"3","other":"00000000, which evaluates to: 1969-12-31 19:00:00","method":"GET","evidence":"00000000","pluginId":"10096","cweid":"200","confidence":"Low","wascid":"13","description":"A timestamp was disclosed by the application/web server - Unix","messageId":"19","url":"https://todoist.com/_next/static/chunks/0e8f85b20ed9ab0a6102c8b8298bac1d6cb4c89b.0fe8d2aa3a66f036f1d2.js","reference":"http://projects.webappsec.org/w/page/13246936/Information%20Leakage","solution":"Manually confirm that the timestamp data is not sensitive, and that the data cannot be aggregated to disclose exploitable patterns.","alert":"Timestamp Disclosure - Unix","param":"","attack":"","name":"Timestamp Disclosure - Unix","risk":"Informational","id":"149","alertRef":"10096"},{"sourceid":"3","other":"This issue still applies to error type pages (401, 403, 500, etc.) as those pages are often still affected by injection issues, in which case there is still concern for browsers sniffing pages away from their actual content type.\nAt \"High\" threshold this scan rule will not alert on client or server error responses.","method":"GET","evidence":"","pluginId":"10021","cweid":"16","confidence":"Medium","wascid":"15","description":"The Anti-MIME-Sniffing header X-Content-Type-Options was not set to 'nosniff'. This allows older versions of Internet Explorer and Chrome to perform MIME-sniffing on the response body, potentially causing the response body to be interpreted and displayed as a content type other than the declared content type. Current (early 2014) and legacy versions of Firefox will use the declared content type (if one is set), rather than performing MIME-sniffing.","messageId":"19","url":"https://todoist.com/_next/static/chunks/0e8f85b20ed9ab0a6102c8b8298bac1d6cb4c89b.0fe8d2aa3a66f036f1d2.js","reference":"http://msdn.microsoft.com/en-us/library/ie/gg622941%28v=vs.85%29.aspx\nhttps://owasp.org/www-community/Security_Headers","solution":"Ensure that the application/web server sets the Content-Type header appropriately, and that it sets the X-Content-Type-Options header to 'nosniff' for all web pages.\nIf possible, ensure that the end user uses a standards-compliant and modern web browser that does not perform MIME-sniffing at all, or that can be directed by the web application/web server to not perform MIME-sniffing.","alert":"X-Content-Type-Options Header Missing","param":"X-Content-Type-Options","attack":"","name":"X-Content-Type-Options Header Missing","risk":"Low","id":"151","alertRef":"10021"},{"sourceid":"3","other":"The following pattern was used: \\bDB\\b and was detected in the element starting with: \"(window.webpackJsonp_N_E=window.webpackJsonp_N_E||[]).push([[4],{WNiU:function(e,t,r){!function(e,t){for(var r in t)e[r]=t[r]}(t\", see evidence field for the suspicious comment/snippet.","method":"GET","evidence":"Db","pluginId":"10027","cweid":"200","confidence":"Low","wascid":"13","description":"The response appears to contain suspicious comments which may help an attacker. Note: Matches made within script blocks or files are against the entire content not only comments.","messageId":"20","url":"https://todoist.com/_next/static/chunks/4af5f773.1851fbd0845d20ef7104.js","reference":"","solution":"Remove all comments that return information that may help an attacker and fix any underlying problems they refer to.","alert":"Information Disclosure - Suspicious Comments","param":"","attack":"","name":"Information Disclosure - Suspicious Comments","risk":"Informational","id":"152","alertRef":"10027"},{"sourceid":"3","other":"This issue still applies to error type pages (401, 403, 500, etc.) as those pages are often still affected by injection issues, in which case there is still concern for browsers sniffing pages away from their actual content type.\nAt \"High\" threshold this scan rule will not alert on client or server error responses.","method":"GET","evidence":"","pluginId":"10021","cweid":"16","confidence":"Medium","wascid":"15","description":"The Anti-MIME-Sniffing header X-Content-Type-Options was not set to 'nosniff'. This allows older versions of Internet Explorer and Chrome to perform MIME-sniffing on the response body, potentially causing the response body to be interpreted and displayed as a content type other than the declared content type. Current (early 2014) and legacy versions of Firefox will use the declared content type (if one is set), rather than performing MIME-sniffing.","messageId":"20","url":"https://todoist.com/_next/static/chunks/4af5f773.1851fbd0845d20ef7104.js","reference":"http://msdn.microsoft.com/en-us/library/ie/gg622941%28v=vs.85%29.aspx\nhttps://owasp.org/www-community/Security_Headers","solution":"Ensure that the application/web server sets the Content-Type header appropriately, and that it sets the X-Content-Type-Options header to 'nosniff' for all web pages.\nIf possible, ensure that the end user uses a standards-compliant and modern web browser that does not perform MIME-sniffing at all, or that can be directed by the web application/web server to not perform MIME-sniffing.","alert":"X-Content-Type-Options Header Missing","param":"X-Content-Type-Options","attack":"","name":"X-Content-Type-Options Header Missing","risk":"Low","id":"153","alertRef":"10021"},{"sourceid":"3","other":"The following pattern was used: \\bQUERY\\b and was detected in the element starting with: \"(window.webpackJsonp_N_E=window.webpackJsonp_N_E||[]).push([[6],{\"+90V\":function(e,t,n){\"use strict\";var r=n(\"TqRt\");n(\"HAE/\"),O\", see evidence field for the suspicious comment/snippet.","method":"GET","evidence":"query","pluginId":"10027","cweid":"200","confidence":"Low","wascid":"13","description":"The response appears to contain suspicious comments which may help an attacker. Note: Matches made within script blocks or files are against the entire content not only comments.","messageId":"21","url":"https://todoist.com/_next/static/chunks/46300902bf7c6e1374dd592a461ea5a5a6d02de9.dcfb80a6e6abd69835ad.js","reference":"","solution":"Remove all comments that return information that may help an attacker and fix any underlying problems they refer to.","alert":"Information Disclosure - Suspicious Comments","param":"","attack":"","name":"Information Disclosure - Suspicious Comments","risk":"Informational","id":"154","alertRef":"10027"},{"sourceid":"3","other":"This issue still applies to error type pages (401, 403, 500, etc.) as those pages are often still affected by injection issues, in which case there is still concern for browsers sniffing pages away from their actual content type.\nAt \"High\" threshold this scan rule will not alert on client or server error responses.","method":"GET","evidence":"","pluginId":"10021","cweid":"16","confidence":"Medium","wascid":"15","description":"The Anti-MIME-Sniffing header X-Content-Type-Options was not set to 'nosniff'. This allows older versions of Internet Explorer and Chrome to perform MIME-sniffing on the response body, potentially causing the response body to be interpreted and displayed as a content type other than the declared content type. Current (early 2014) and legacy versions of Firefox will use the declared content type (if one is set), rather than performing MIME-sniffing.","messageId":"21","url":"https://todoist.com/_next/static/chunks/46300902bf7c6e1374dd592a461ea5a5a6d02de9.dcfb80a6e6abd69835ad.js","reference":"http://msdn.microsoft.com/en-us/library/ie/gg622941%28v=vs.85%29.aspx\nhttps://owasp.org/www-community/Security_Headers","solution":"Ensure that the application/web server sets the Content-Type header appropriately, and that it sets the X-Content-Type-Options header to 'nosniff' for all web pages.\nIf possible, ensure that the end user uses a standards-compliant and modern web browser that does not perform MIME-sniffing at all, or that can be directed by the web application/web server to not perform MIME-sniffing.","alert":"X-Content-Type-Options Header Missing","param":"X-Content-Type-Options","attack":"","name":"X-Content-Type-Options Header Missing","risk":"Low","id":"155","alertRef":"10021"},{"sourceid":"3","other":"The following pattern was used: \\bQUERY\\b and was detected in the element starting with: \"_N_E=(window.webpackJsonp_N_E=window.webpackJsonp_N_E||[]).push([[29],{\"1TCz\":function(t,e,n){\"use strict\";n.r(e);var r=n(\"o0o1\"\", see evidence field for the suspicious comment/snippet.","method":"GET","evidence":"query","pluginId":"10027","cweid":"200","confidence":"Low","wascid":"13","description":"The response appears to contain suspicious comments which may help an attacker. Note: Matches made within script blocks or files are against the entire content not only comments.","messageId":"22","url":"https://todoist.com/_next/static/chunks/pages/_app-3b4743dbd65bee2727de.js","reference":"","solution":"Remove all comments that return information that may help an attacker and fix any underlying problems they refer to.","alert":"Information Disclosure - Suspicious Comments","param":"","attack":"","name":"Information Disclosure - Suspicious Comments","risk":"Informational","id":"156","alertRef":"10027"},{"sourceid":"3","other":"This issue still applies to error type pages (401, 403, 500, etc.) as those pages are often still affected by injection issues, in which case there is still concern for browsers sniffing pages away from their actual content type.\nAt \"High\" threshold this scan rule will not alert on client or server error responses.","method":"GET","evidence":"","pluginId":"10021","cweid":"16","confidence":"Medium","wascid":"15","description":"The Anti-MIME-Sniffing header X-Content-Type-Options was not set to 'nosniff'. This allows older versions of Internet Explorer and Chrome to perform MIME-sniffing on the response body, potentially causing the response body to be interpreted and displayed as a content type other than the declared content type. Current (early 2014) and legacy versions of Firefox will use the declared content type (if one is set), rather than performing MIME-sniffing.","messageId":"22","url":"https://todoist.com/_next/static/chunks/pages/_app-3b4743dbd65bee2727de.js","reference":"http://msdn.microsoft.com/en-us/library/ie/gg622941%28v=vs.85%29.aspx\nhttps://owasp.org/www-community/Security_Headers","solution":"Ensure that the application/web server sets the Content-Type header appropriately, and that it sets the X-Content-Type-Options header to 'nosniff' for all web pages.\nIf possible, ensure that the end user uses a standards-compliant and modern web browser that does not perform MIME-sniffing at all, or that can be directed by the web application/web server to not perform MIME-sniffing.","alert":"X-Content-Type-Options Header Missing","param":"X-Content-Type-Options","attack":"","name":"X-Content-Type-Options Header Missing","risk":"Low","id":"157","alertRef":"10021"},{"sourceid":"3","other":"The following pattern was used: \\bBUG\\b and was detected in the element starting with: \"(window.webpackJsonp_N_E=window.webpackJsonp_N_E||[]).push([[7],{\"+924\":function(e,t,n){\"use strict\";n.d(t,\"d\",(function(){retur\", see evidence field for the suspicious comment/snippet.","method":"GET","evidence":"bug","pluginId":"10027","cweid":"200","confidence":"Low","wascid":"13","description":"The response appears to contain suspicious comments which may help an attacker. Note: Matches made within script blocks or files are against the entire content not only comments.","messageId":"23","url":"https://todoist.com/_next/static/chunks/a7d9d3dc563f80f9bceeaf1fc394c88e9b2ce764.dc5ca8c774eddce1e0d7.js","reference":"","solution":"Remove all comments that return information that may help an attacker and fix any underlying problems they refer to.","alert":"Information Disclosure - Suspicious Comments","param":"","attack":"","name":"Information Disclosure - Suspicious Comments","risk":"Informational","id":"158","alertRef":"10027"},{"sourceid":"3","other":"123456789, which evaluates to: 1973-11-29 16:33:09","method":"GET","evidence":"123456789","pluginId":"10096","cweid":"200","confidence":"Low","wascid":"13","description":"A timestamp was disclosed by the application/web server - Unix","messageId":"23","url":"https://todoist.com/_next/static/chunks/a7d9d3dc563f80f9bceeaf1fc394c88e9b2ce764.dc5ca8c774eddce1e0d7.js","reference":"http://projects.webappsec.org/w/page/13246936/Information%20Leakage","solution":"Manually confirm that the timestamp data is not sensitive, and that the data cannot be aggregated to disclose exploitable patterns.","alert":"Timestamp Disclosure - Unix","param":"","attack":"","name":"Timestamp Disclosure - Unix","risk":"Informational","id":"159","alertRef":"10096"},{"sourceid":"3","other":"This issue still applies to error type pages (401, 403, 500, etc.) as those pages are often still affected by injection issues, in which case there is still concern for browsers sniffing pages away from their actual content type.\nAt \"High\" threshold this scan rule will not alert on client or server error responses.","method":"GET","evidence":"","pluginId":"10021","cweid":"16","confidence":"Medium","wascid":"15","description":"The Anti-MIME-Sniffing header X-Content-Type-Options was not set to 'nosniff'. This allows older versions of Internet Explorer and Chrome to perform MIME-sniffing on the response body, potentially causing the response body to be interpreted and displayed as a content type other than the declared content type. Current (early 2014) and legacy versions of Firefox will use the declared content type (if one is set), rather than performing MIME-sniffing.","messageId":"23","url":"https://todoist.com/_next/static/chunks/a7d9d3dc563f80f9bceeaf1fc394c88e9b2ce764.dc5ca8c774eddce1e0d7.js","reference":"http://msdn.microsoft.com/en-us/library/ie/gg622941%28v=vs.85%29.aspx\nhttps://owasp.org/www-community/Security_Headers","solution":"Ensure that the application/web server sets the Content-Type header appropriately, and that it sets the X-Content-Type-Options header to 'nosniff' for all web pages.\nIf possible, ensure that the end user uses a standards-compliant and modern web browser that does not perform MIME-sniffing at all, or that can be directed by the web application/web server to not perform MIME-sniffing.","alert":"X-Content-Type-Options Header Missing","param":"X-Content-Type-Options","attack":"","name":"X-Content-Type-Options Header Missing","risk":"Low","id":"165","alertRef":"10021"},{"sourceid":"3","other":"This issue still applies to error type pages (401, 403, 500, etc.) as those pages are often still affected by injection issues, in which case there is still concern for browsers sniffing pages away from their actual content type.\nAt \"High\" threshold this scan rule will not alert on client or server error responses.","method":"GET","evidence":"","pluginId":"10021","cweid":"16","confidence":"Medium","wascid":"15","description":"The Anti-MIME-Sniffing header X-Content-Type-Options was not set to 'nosniff'. This allows older versions of Internet Explorer and Chrome to perform MIME-sniffing on the response body, potentially causing the response body to be interpreted and displayed as a content type other than the declared content type. Current (early 2014) and legacy versions of Firefox will use the declared content type (if one is set), rather than performing MIME-sniffing.","messageId":"25","url":"https://todoist.com/_next/static/chunks/a5174a254d143c3d3d02321814728bdd71b6ab95_CSS.d6f2610c02ca1f2f8023.js","reference":"http://msdn.microsoft.com/en-us/library/ie/gg622941%28v=vs.85%29.aspx\nhttps://owasp.org/www-community/Security_Headers","solution":"Ensure that the application/web server sets the Content-Type header appropriately, and that it sets the X-Content-Type-Options header to 'nosniff' for all web pages.\nIf possible, ensure that the end user uses a standards-compliant and modern web browser that does not perform MIME-sniffing at all, or that can be directed by the web application/web server to not perform MIME-sniffing.","alert":"X-Content-Type-Options Header Missing","param":"X-Content-Type-Options","attack":"","name":"X-Content-Type-Options Header Missing","risk":"Low","id":"166","alertRef":"10021"},{"sourceid":"3","other":"This issue still applies to error type pages (401, 403, 500, etc.) as those pages are often still affected by injection issues, in which case there is still concern for browsers sniffing pages away from their actual content type.\nAt \"High\" threshold this scan rule will not alert on client or server error responses.","method":"GET","evidence":"","pluginId":"10021","cweid":"16","confidence":"Medium","wascid":"15","description":"The Anti-MIME-Sniffing header X-Content-Type-Options was not set to 'nosniff'. This allows older versions of Internet Explorer and Chrome to perform MIME-sniffing on the response body, potentially causing the response body to be interpreted and displayed as a content type other than the declared content type. Current (early 2014) and legacy versions of Firefox will use the declared content type (if one is set), rather than performing MIME-sniffing.","messageId":"26","url":"https://todoist.com/_next/static/chunks/styles.4b2dc012361942f5cf6e.js","reference":"http://msdn.microsoft.com/en-us/library/ie/gg622941%28v=vs.85%29.aspx\nhttps://owasp.org/www-community/Security_Headers","solution":"Ensure that the application/web server sets the Content-Type header appropriately, and that it sets the X-Content-Type-Options header to 'nosniff' for all web pages.\nIf possible, ensure that the end user uses a standards-compliant and modern web browser that does not perform MIME-sniffing at all, or that can be directed by the web application/web server to not perform MIME-sniffing.","alert":"X-Content-Type-Options Header Missing","param":"X-Content-Type-Options","attack":"","name":"X-Content-Type-Options Header Missing","risk":"Low","id":"167","alertRef":"10021"},{"sourceid":"3","other":"The following pattern was used: \\bDB\\b and was detected in the element starting with: \"_N_E=(window.webpackJsonp_N_E=window.webpackJsonp_N_E||[]).push([[44],{\"+RON\":function(e,t){e.exports=\"/_next/static/images/free\", see evidence field for the suspicious comment/snippet.","method":"GET","evidence":"DB","pluginId":"10027","cweid":"200","confidence":"Low","wascid":"13","description":"The response appears to contain suspicious comments which may help an attacker. Note: Matches made within script blocks or files are against the entire content not only comments.","messageId":"27","url":"https://todoist.com/_next/static/chunks/pages/index-50325ffabee779bfc84a.js","reference":"","solution":"Remove all comments that return information that may help an attacker and fix any underlying problems they refer to.","alert":"Information Disclosure - Suspicious Comments","param":"","attack":"","name":"Information Disclosure - Suspicious Comments","risk":"Informational","id":"168","alertRef":"10027"},{"sourceid":"3","other":"This issue still applies to error type pages (401, 403, 500, etc.) as those pages are often still affected by injection issues, in which case there is still concern for browsers sniffing pages away from their actual content type.\nAt \"High\" threshold this scan rule will not alert on client or server error responses.","method":"GET","evidence":"","pluginId":"10021","cweid":"16","confidence":"Medium","wascid":"15","description":"The Anti-MIME-Sniffing header X-Content-Type-Options was not set to 'nosniff'. This allows older versions of Internet Explorer and Chrome to perform MIME-sniffing on the response body, potentially causing the response body to be interpreted and displayed as a content type other than the declared content type. Current (early 2014) and legacy versions of Firefox will use the declared content type (if one is set), rather than performing MIME-sniffing.","messageId":"27","url":"https://todoist.com/_next/static/chunks/pages/index-50325ffabee779bfc84a.js","reference":"http://msdn.microsoft.com/en-us/library/ie/gg622941%28v=vs.85%29.aspx\nhttps://owasp.org/www-community/Security_Headers","solution":"Ensure that the application/web server sets the Content-Type header appropriately, and that it sets the X-Content-Type-Options header to 'nosniff' for all web pages.\nIf possible, ensure that the end user uses a standards-compliant and modern web browser that does not perform MIME-sniffing at all, or that can be directed by the web application/web server to not perform MIME-sniffing.","alert":"X-Content-Type-Options Header Missing","param":"X-Content-Type-Options","attack":"","name":"X-Content-Type-Options Header Missing","risk":"Low","id":"169","alertRef":"10021"},{"sourceid":"3","other":"The following pattern was used: \\bQUERY\\b and was detected in the element starting with: \"(window.webpackJsonp_N_E=window.webpackJsonp_N_E||[]).push([[8],{\"+9U2\":function(e,t,r){\"use strict\";let n,i,o,{isClean:s}=r(\"zo\", see evidence field for the suspicious comment/snippet.","method":"GET","evidence":"query","pluginId":"10027","cweid":"200","confidence":"Low","wascid":"13","description":"The response appears to contain suspicious comments which may help an attacker. Note: Matches made within script blocks or files are against the entire content not only comments.","messageId":"28","url":"https://todoist.com/_next/static/chunks/a5174a254d143c3d3d02321814728bdd71b6ab95.8aeeecc87435cd012b41.js","reference":"","solution":"Remove all comments that return information that may help an attacker and fix any underlying problems they refer to.","alert":"Information Disclosure - Suspicious Comments","param":"","attack":"","name":"Information Disclosure - Suspicious Comments","risk":"Informational","id":"170","alertRef":"10027"},{"sourceid":"3","other":"16711680, which evaluates to: 1970-07-13 05:08:00","method":"GET","evidence":"16711680","pluginId":"10096","cweid":"200","confidence":"Low","wascid":"13","description":"A timestamp was disclosed by the application/web server - Unix","messageId":"28","url":"https://todoist.com/_next/static/chunks/a5174a254d143c3d3d02321814728bdd71b6ab95.8aeeecc87435cd012b41.js","reference":"http://projects.webappsec.org/w/page/13246936/Information%20Leakage","solution":"Manually confirm that the timestamp data is not sensitive, and that the data cannot be aggregated to disclose exploitable patterns.","alert":"Timestamp Disclosure - Unix","param":"","attack":"","name":"Timestamp Disclosure - Unix","risk":"Informational","id":"171","alertRef":"10096"},{"sourceid":"3","other":"2147483647, which evaluates to: 2038-01-18 22:14:07","method":"GET","evidence":"2147483647","pluginId":"10096","cweid":"200","confidence":"Low","wascid":"13","description":"A timestamp was disclosed by the application/web server - Unix","messageId":"28","url":"https://todoist.com/_next/static/chunks/a5174a254d143c3d3d02321814728bdd71b6ab95.8aeeecc87435cd012b41.js","reference":"http://projects.webappsec.org/w/page/13246936/Information%20Leakage","solution":"Manually confirm that the timestamp data is not sensitive, and that the data cannot be aggregated to disclose exploitable patterns.","alert":"Timestamp Disclosure - Unix","param":"","attack":"","name":"Timestamp Disclosure - Unix","risk":"Informational","id":"172","alertRef":"10096"},{"sourceid":"3","other":"1073741823, which evaluates to: 2004-01-10 08:37:03","method":"GET","evidence":"1073741823","pluginId":"10096","cweid":"200","confidence":"Low","wascid":"13","description":"A timestamp was disclosed by the application/web server - Unix","messageId":"28","url":"https://todoist.com/_next/static/chunks/a5174a254d143c3d3d02321814728bdd71b6ab95.8aeeecc87435cd012b41.js","reference":"http://projects.webappsec.org/w/page/13246936/Information%20Leakage","solution":"Manually confirm that the timestamp data is not sensitive, and that the data cannot be aggregated to disclose exploitable patterns.","alert":"Timestamp Disclosure - Unix","param":"","attack":"","name":"Timestamp Disclosure - Unix","risk":"Informational","id":"173","alertRef":"10096"},{"sourceid":"3","other":"16777216, which evaluates to: 1970-07-13 23:20:16","method":"GET","evidence":"16777216","pluginId":"10096","cweid":"200","confidence":"Low","wascid":"13","description":"A timestamp was disclosed by the application/web server - Unix","messageId":"28","url":"https://todoist.com/_next/static/chunks/a5174a254d143c3d3d02321814728bdd71b6ab95.8aeeecc87435cd012b41.js","reference":"http://projects.webappsec.org/w/page/13246936/Information%20Leakage","solution":"Manually confirm that the timestamp data is not sensitive, and that the data cannot be aggregated to disclose exploitable patterns.","alert":"Timestamp Disclosure - Unix","param":"","attack":"","name":"Timestamp Disclosure - Unix","risk":"Informational","id":"176","alertRef":"10096"},{"sourceid":"3","other":"This issue still applies to error type pages (401, 403, 500, etc.) as those pages are often still affected by injection issues, in which case there is still concern for browsers sniffing pages away from their actual content type.\nAt \"High\" threshold this scan rule will not alert on client or server error responses.","method":"GET","evidence":"","pluginId":"10021","cweid":"16","confidence":"Medium","wascid":"15","description":"The Anti-MIME-Sniffing header X-Content-Type-Options was not set to 'nosniff'. This allows older versions of Internet Explorer and Chrome to perform MIME-sniffing on the response body, potentially causing the response body to be interpreted and displayed as a content type other than the declared content type. Current (early 2014) and legacy versions of Firefox will use the declared content type (if one is set), rather than performing MIME-sniffing.","messageId":"28","url":"https://todoist.com/_next/static/chunks/a5174a254d143c3d3d02321814728bdd71b6ab95.8aeeecc87435cd012b41.js","reference":"http://msdn.microsoft.com/en-us/library/ie/gg622941%28v=vs.85%29.aspx\nhttps://owasp.org/www-community/Security_Headers","solution":"Ensure that the application/web server sets the Content-Type header appropriately, and that it sets the X-Content-Type-Options header to 'nosniff' for all web pages.\nIf possible, ensure that the end user uses a standards-compliant and modern web browser that does not perform MIME-sniffing at all, or that can be directed by the web application/web server to not perform MIME-sniffing.","alert":"X-Content-Type-Options Header Missing","param":"X-Content-Type-Options","attack":"","name":"X-Content-Type-Options Header Missing","risk":"Low","id":"180","alertRef":"10021"},{"sourceid":"3","other":"The following pattern was used: \\bUSER\\b and was detected in the element starting with: \"self.__BUILD_MANIFEST = (function(a,b,c,d,e,f,g,h,i,j,k,l,m,n,o,p,q,r,s,t){return {__rewrites:[],\"/\":[\"static\\u002Fcss\\u002Fpage\", see evidence field for the suspicious comment/snippet.","method":"GET","evidence":"user","pluginId":"10027","cweid":"200","confidence":"Low","wascid":"13","description":"The response appears to contain suspicious comments which may help an attacker. Note: Matches made within script blocks or files are against the entire content not only comments.","messageId":"32","url":"https://todoist.com/_next/static/Su7XJ3Y1iReNK_fTNqchx/_buildManifest.js","reference":"","solution":"Remove all comments that return information that may help an attacker and fix any underlying problems they refer to.","alert":"Information Disclosure - Suspicious Comments","param":"","attack":"","name":"Information Disclosure - Suspicious Comments","risk":"Informational","id":"194","alertRef":"10027"},{"sourceid":"3","other":"This issue still applies to error type pages (401, 403, 500, etc.) as those pages are often still affected by injection issues, in which case there is still concern for browsers sniffing pages away from their actual content type.\nAt \"High\" threshold this scan rule will not alert on client or server error responses.","method":"GET","evidence":"","pluginId":"10021","cweid":"16","confidence":"Medium","wascid":"15","description":"The Anti-MIME-Sniffing header X-Content-Type-Options was not set to 'nosniff'. This allows older versions of Internet Explorer and Chrome to perform MIME-sniffing on the response body, potentially causing the response body to be interpreted and displayed as a content type other than the declared content type. Current (early 2014) and legacy versions of Firefox will use the declared content type (if one is set), rather than performing MIME-sniffing.","messageId":"32","url":"https://todoist.com/_next/static/Su7XJ3Y1iReNK_fTNqchx/_buildManifest.js","reference":"http://msdn.microsoft.com/en-us/library/ie/gg622941%28v=vs.85%29.aspx\nhttps://owasp.org/www-community/Security_Headers","solution":"Ensure that the application/web server sets the Content-Type header appropriately, and that it sets the X-Content-Type-Options header to 'nosniff' for all web pages.\nIf possible, ensure that the end user uses a standards-compliant and modern web browser that does not perform MIME-sniffing at all, or that can be directed by the web application/web server to not perform MIME-sniffing.","alert":"X-Content-Type-Options Header Missing","param":"X-Content-Type-Options","attack":"","name":"X-Content-Type-Options Header Missing","risk":"Low","id":"195","alertRef":"10021"},{"sourceid":"3","other":"This issue still applies to error type pages (401, 403, 500, etc.) as those pages are often still affected by injection issues, in which case there is still concern for browsers sniffing pages away from their actual content type.\nAt \"High\" threshold this scan rule will not alert on client or server error responses.","method":"GET","evidence":"","pluginId":"10021","cweid":"16","confidence":"Medium","wascid":"15","description":"The Anti-MIME-Sniffing header X-Content-Type-Options was not set to 'nosniff'. This allows older versions of Internet Explorer and Chrome to perform MIME-sniffing on the response body, potentially causing the response body to be interpreted and displayed as a content type other than the declared content type. Current (early 2014) and legacy versions of Firefox will use the declared content type (if one is set), rather than performing MIME-sniffing.","messageId":"35","url":"https://todoist.com/_next/static/Su7XJ3Y1iReNK_fTNqchx/_ssgManifest.js","reference":"http://msdn.microsoft.com/en-us/library/ie/gg622941%28v=vs.85%29.aspx\nhttps://owasp.org/www-community/Security_Headers","solution":"Ensure that the application/web server sets the Content-Type header appropriately, and that it sets the X-Content-Type-Options header to 'nosniff' for all web pages.\nIf possible, ensure that the end user uses a standards-compliant and modern web browser that does not perform MIME-sniffing at all, or that can be directed by the web application/web server to not perform MIME-sniffing.","alert":"X-Content-Type-Options Header Missing","param":"X-Content-Type-Options","attack":"","name":"X-Content-Type-Options Header Missing","risk":"Low","id":"196","alertRef":"10021"},{"sourceid":"3","other":"This issue still applies to error type pages (401, 403, 500, etc.) as those pages are often still affected by injection issues, in which case there is still concern for browsers sniffing pages away from their actual content type.\nAt \"High\" threshold this scan rule will not alert on client or server error responses.","method":"GET","evidence":"","pluginId":"10021","cweid":"16","confidence":"Medium","wascid":"15","description":"The Anti-MIME-Sniffing header X-Content-Type-Options was not set to 'nosniff'. This allows older versions of Internet Explorer and Chrome to perform MIME-sniffing on the response body, potentially causing the response body to be interpreted and displayed as a content type other than the declared content type. Current (early 2014) and legacy versions of Firefox will use the declared content type (if one is set), rather than performing MIME-sniffing.","messageId":"47","url":"https://todoist.com/static/fonts/Graphik-Regular-Web.woff","reference":"http://msdn.microsoft.com/en-us/library/ie/gg622941%28v=vs.85%29.aspx\nhttps://owasp.org/www-community/Security_Headers","solution":"Ensure that the application/web server sets the Content-Type header appropriately, and that it sets the X-Content-Type-Options header to 'nosniff' for all web pages.\nIf possible, ensure that the end user uses a standards-compliant and modern web browser that does not perform MIME-sniffing at all, or that can be directed by the web application/web server to not perform MIME-sniffing.","alert":"X-Content-Type-Options Header Missing","param":"X-Content-Type-Options","attack":"","name":"X-Content-Type-Options Header Missing","risk":"Low","id":"239","alertRef":"10021"},{"sourceid":"3","other":"This issue still applies to error type pages (401, 403, 500, etc.) as those pages are often still affected by injection issues, in which case there is still concern for browsers sniffing pages away from their actual content type.\nAt \"High\" threshold this scan rule will not alert on client or server error responses.","method":"GET","evidence":"","pluginId":"10021","cweid":"16","confidence":"Medium","wascid":"15","description":"The Anti-MIME-Sniffing header X-Content-Type-Options was not set to 'nosniff'. This allows older versions of Internet Explorer and Chrome to perform MIME-sniffing on the response body, potentially causing the response body to be interpreted and displayed as a content type other than the declared content type. Current (early 2014) and legacy versions of Firefox will use the declared content type (if one is set), rather than performing MIME-sniffing.","messageId":"48","url":"https://todoist.com/static/fonts/Graphik-Semibold-Web.woff","reference":"http://msdn.microsoft.com/en-us/library/ie/gg622941%28v=vs.85%29.aspx\nhttps://owasp.org/www-community/Security_Headers","solution":"Ensure that the application/web server sets the Content-Type header appropriately, and that it sets the X-Content-Type-Options header to 'nosniff' for all web pages.\nIf possible, ensure that the end user uses a standards-compliant and modern web browser that does not perform MIME-sniffing at all, or that can be directed by the web application/web server to not perform MIME-sniffing.","alert":"X-Content-Type-Options Header Missing","param":"X-Content-Type-Options","attack":"","name":"X-Content-Type-Options Header Missing","risk":"Low","id":"240","alertRef":"10021"},{"sourceid":"3","other":"This issue still applies to error type pages (401, 403, 500, etc.) as those pages are often still affected by injection issues, in which case there is still concern for browsers sniffing pages away from their actual content type.\nAt \"High\" threshold this scan rule will not alert on client or server error responses.","method":"GET","evidence":"","pluginId":"10021","cweid":"16","confidence":"Medium","wascid":"15","description":"The Anti-MIME-Sniffing header X-Content-Type-Options was not set to 'nosniff'. This allows older versions of Internet Explorer and Chrome to perform MIME-sniffing on the response body, potentially causing the response body to be interpreted and displayed as a content type other than the declared content type. Current (early 2014) and legacy versions of Firefox will use the declared content type (if one is set), rather than performing MIME-sniffing.","messageId":"51","url":"https://todoist.com/static/fonts/Caecilia-RegularItalic-Web.woff","reference":"http://msdn.microsoft.com/en-us/library/ie/gg622941%28v=vs.85%29.aspx\nhttps://owasp.org/www-community/Security_Headers","solution":"Ensure that the application/web server sets the Content-Type header appropriately, and that it sets the X-Content-Type-Options header to 'nosniff' for all web pages.\nIf possible, ensure that the end user uses a standards-compliant and modern web browser that does not perform MIME-sniffing at all, or that can be directed by the web application/web server to not perform MIME-sniffing.","alert":"X-Content-Type-Options Header Missing","param":"X-Content-Type-Options","attack":"","name":"X-Content-Type-Options Header Missing","risk":"Low","id":"241","alertRef":"10021"},{"sourceid":"3","other":"","method":"GET","evidence":"public, max-age=31536000, immutable","pluginId":"10015","cweid":"525","confidence":"Medium","wascid":"13","description":"The cache-control and pragma HTTP header have not been set properly or are missing allowing the browser and proxies to cache content.","messageId":"55","url":"https://todoist.com/static/locales/es/common.json","reference":"https://cheatsheetseries.owasp.org/cheatsheets/Session_Management_Cheat_Sheet.html#web-content-caching","solution":"Whenever possible ensure the cache-control HTTP header is set with no-cache, no-store, must-revalidate; and that the pragma HTTP header is set with no-cache.","alert":"Incomplete or No Cache-control and Pragma HTTP Header Set","param":"Cache-Control","attack":"","name":"Incomplete or No Cache-control and Pragma HTTP Header Set","risk":"Low","id":"244","alertRef":"10015"},{"sourceid":"3","other":"This issue still applies to error type pages (401, 403, 500, etc.) as those pages are often still affected by injection issues, in which case there is still concern for browsers sniffing pages away from their actual content type.\nAt \"High\" threshold this scan rule will not alert on client or server error responses.","method":"GET","evidence":"","pluginId":"10021","cweid":"16","confidence":"Medium","wascid":"15","description":"The Anti-MIME-Sniffing header X-Content-Type-Options was not set to 'nosniff'. This allows older versions of Internet Explorer and Chrome to perform MIME-sniffing on the response body, potentially causing the response body to be interpreted and displayed as a content type other than the declared content type. Current (early 2014) and legacy versions of Firefox will use the declared content type (if one is set), rather than performing MIME-sniffing.","messageId":"55","url":"https://todoist.com/static/locales/es/common.json","reference":"http://msdn.microsoft.com/en-us/library/ie/gg622941%28v=vs.85%29.aspx\nhttps://owasp.org/www-community/Security_Headers","solution":"Ensure that the application/web server sets the Content-Type header appropriately, and that it sets the X-Content-Type-Options header to 'nosniff' for all web pages.\nIf possible, ensure that the end user uses a standards-compliant and modern web browser that does not perform MIME-sniffing at all, or that can be directed by the web application/web server to not perform MIME-sniffing.","alert":"X-Content-Type-Options Header Missing","param":"X-Content-Type-Options","attack":"","name":"X-Content-Type-Options Header Missing","risk":"Low","id":"245","alertRef":"10021"},{"sourceid":"3","other":"","method":"GET","evidence":"public, max-age=31536000, immutable","pluginId":"10015","cweid":"525","confidence":"Medium","wascid":"13","description":"The cache-control and pragma HTTP header have not been set properly or are missing allowing the browser and proxies to cache content.","messageId":"58","url":"https://todoist.com/static/locales/en/common.json","reference":"https://cheatsheetseries.owasp.org/cheatsheets/Session_Management_Cheat_Sheet.html#web-content-caching","solution":"Whenever possible ensure the cache-control HTTP header is set with no-cache, no-store, must-revalidate; and that the pragma HTTP header is set with no-cache.","alert":"Incomplete or No Cache-control and Pragma HTTP Header Set","param":"Cache-Control","attack":"","name":"Incomplete or No Cache-control and Pragma HTTP Header Set","risk":"Low","id":"246","alertRef":"10015"},{"sourceid":"3","other":"This issue still applies to error type pages (401, 403, 500, etc.) as those pages are often still affected by injection issues, in which case there is still concern for browsers sniffing pages away from their actual content type.\nAt \"High\" threshold this scan rule will not alert on client or server error responses.","method":"GET","evidence":"","pluginId":"10021","cweid":"16","confidence":"Medium","wascid":"15","description":"The Anti-MIME-Sniffing header X-Content-Type-Options was not set to 'nosniff'. This allows older versions of Internet Explorer and Chrome to perform MIME-sniffing on the response body, potentially causing the response body to be interpreted and displayed as a content type other than the declared content type. Current (early 2014) and legacy versions of Firefox will use the declared content type (if one is set), rather than performing MIME-sniffing.","messageId":"58","url":"https://todoist.com/static/locales/en/common.json","reference":"http://msdn.microsoft.com/en-us/library/ie/gg622941%28v=vs.85%29.aspx\nhttps://owasp.org/www-community/Security_Headers","solution":"Ensure that the application/web server sets the Content-Type header appropriately, and that it sets the X-Content-Type-Options header to 'nosniff' for all web pages.\nIf possible, ensure that the end user uses a standards-compliant and modern web browser that does not perform MIME-sniffing at all, or that can be directed by the web application/web server to not perform MIME-sniffing.","alert":"X-Content-Type-Options Header Missing","param":"X-Content-Type-Options","attack":"","name":"X-Content-Type-Options Header Missing","risk":"Low","id":"247","alertRef":"10021"},{"sourceid":"3","other":"","method":"GET","evidence":"","pluginId":"10015","cweid":"525","confidence":"Medium","wascid":"13","description":"The cache-control and pragma HTTP header have not been set properly or are missing allowing the browser and proxies to cache content.","messageId":"132","url":"https://todoist.com/users/showlogin","reference":"https://cheatsheetseries.owasp.org/cheatsheets/Session_Management_Cheat_Sheet.html#web-content-caching","solution":"Whenever possible ensure the cache-control HTTP header is set with no-cache, no-store, must-revalidate; and that the pragma HTTP header is set with no-cache.","alert":"Incomplete or No Cache-control and Pragma HTTP Header Set","param":"Cache-Control","attack":"","name":"Incomplete or No Cache-control and Pragma HTTP Header Set","risk":"Low","id":"314","alertRef":"10015"},{"sourceid":"3","other":"","method":"GET","evidence":"Set-Cookie: csrf","pluginId":"10010","cweid":"16","confidence":"Medium","wascid":"13","description":"A cookie has been set without the HttpOnly flag, which means that the cookie can be accessed by JavaScript. If a malicious script can be run on this page then the cookie will be accessible and can be transmitted to another site. If this is a session cookie then session hijacking may be possible.","messageId":"132","url":"https://todoist.com/users/showlogin","reference":"https://owasp.org/www-community/HttpOnly","solution":"Ensure that the HttpOnly flag is set for all cookies.","alert":"Cookie No HttpOnly Flag","param":"csrf","attack":"","name":"Cookie No HttpOnly Flag","risk":"Low","id":"315","alertRef":"10010"},{"sourceid":"3","other":"","method":"GET","evidence":"Set-Cookie: csrf","pluginId":"10054","cweid":"16","confidence":"Medium","wascid":"13","description":"A cookie has been set with an invalid SameSite attribute value, which means that the cookie can be sent as a result of a 'cross-site' request. The SameSite attribute is an effective counter measure to cross-site request forgery, cross-site script inclusion, and timing attacks.","messageId":"132","url":"https://todoist.com/users/showlogin","reference":"https://tools.ietf.org/html/draft-ietf-httpbis-cookie-same-site","solution":"Ensure that the SameSite attribute is set to either 'lax' or ideally 'strict' for all cookies.","alert":"Cookie Without SameSite Attribute","param":"csrf","attack":"","name":"Cookie Without SameSite Attribute","risk":"Low","id":"316","alertRef":"10054"},{"sourceid":"3","other":"","method":"GET","evidence":"<script type=\"text/javascript\" src=\"https://d3ptyyxy2at9ui.cloudfront.net/es-ab54e0.js\"><\/script>","pluginId":"10017","cweid":"829","confidence":"Medium","wascid":"15","description":"The page includes one or more script files from a third-party domain.","messageId":"132","url":"https://todoist.com/users/showlogin","reference":"","solution":"Ensure JavaScript source files are loaded from only trusted sources, and the sources can't be controlled by end users of the application.","alert":"Cross-Domain JavaScript Source File Inclusion","param":"https://d3ptyyxy2at9ui.cloudfront.net/es-ab54e0.js","attack":"","name":"Cross-Domain JavaScript Source File Inclusion","risk":"Low","id":"317","alertRef":"10017"},{"sourceid":"3","other":"","method":"GET","evidence":"<script type=\"text/javascript\" src=\"https://d3ptyyxy2at9ui.cloudfront.net/Col_ICECollection-8b8f90.js\" ><\/script>","pluginId":"10017","cweid":"829","confidence":"Medium","wascid":"15","description":"The page includes one or more script files from a third-party domain.","messageId":"132","url":"https://todoist.com/users/showlogin","reference":"","solution":"Ensure JavaScript source files are loaded from only trusted sources, and the sources can't be controlled by end users of the application.","alert":"Cross-Domain JavaScript Source File Inclusion","param":"https://d3ptyyxy2at9ui.cloudfront.net/Col_ICECollection-8b8f90.js","attack":"","name":"Cross-Domain JavaScript Source File Inclusion","risk":"Low","id":"318","alertRef":"10017"},{"sourceid":"3","other":"","method":"GET","evidence":"<script type=\"text/javascript\" src=\"https://d3ptyyxy2at9ui.cloudfront.net/GreyBox-b6bb57.js\" ><\/script>","pluginId":"10017","cweid":"829","confidence":"Medium","wascid":"15","description":"The page includes one or more script files from a third-party domain.","messageId":"132","url":"https://todoist.com/users/showlogin","reference":"","solution":"Ensure JavaScript source files are loaded from only trusted sources, and the sources can't be controlled by end users of the application.","alert":"Cross-Domain JavaScript Source File Inclusion","param":"https://d3ptyyxy2at9ui.cloudfront.net/GreyBox-b6bb57.js","attack":"","name":"Cross-Domain JavaScript Source File Inclusion","risk":"Low","id":"319","alertRef":"10017"},{"sourceid":"3","other":"","method":"GET","evidence":"<script type=\"text/javascript\" src=\"https://d3ptyyxy2at9ui.cloudfront.net/Col_StandalonePageCollection-d72ac1.js\" ><\/script>","pluginId":"10017","cweid":"829","confidence":"Medium","wascid":"15","description":"The page includes one or more script files from a third-party domain.","messageId":"132","url":"https://todoist.com/users/showlogin","reference":"","solution":"Ensure JavaScript source files are loaded from only trusted sources, and the sources can't be controlled by end users of the application.","alert":"Cross-Domain JavaScript Source File Inclusion","param":"https://d3ptyyxy2at9ui.cloudfront.net/Col_StandalonePageCollection-d72ac1.js","attack":"","name":"Cross-Domain JavaScript Source File Inclusion","risk":"Low","id":"320","alertRef":"10017"},{"sourceid":"3","other":"","method":"GET","evidence":"<script type=\"text/javascript\" src=\"https://d3ptyyxy2at9ui.cloudfront.net/Col_PluginCollection-f907f0.js\" ><\/script>","pluginId":"10017","cweid":"829","confidence":"Medium","wascid":"15","description":"The page includes one or more script files from a third-party domain.","messageId":"132","url":"https://todoist.com/users/showlogin","reference":"","solution":"Ensure JavaScript source files are loaded from only trusted sources, and the sources can't be controlled by end users of the application.","alert":"Cross-Domain JavaScript Source File Inclusion","param":"https://d3ptyyxy2at9ui.cloudfront.net/Col_PluginCollection-f907f0.js","attack":"","name":"Cross-Domain JavaScript Source File Inclusion","risk":"Low","id":"322","alertRef":"10017"},{"sourceid":"3","other":"","method":"GET","evidence":"<script type=\"text/javascript\" src=\"https://d3ptyyxy2at9ui.cloudfront.net/ist_button-56a55c.js\" ><\/script>","pluginId":"10017","cweid":"829","confidence":"Medium","wascid":"15","description":"The page includes one or more script files from a third-party domain.","messageId":"132","url":"https://todoist.com/users/showlogin","reference":"","solution":"Ensure JavaScript source files are loaded from only trusted sources, and the sources can't be controlled by end users of the application.","alert":"Cross-Domain JavaScript Source File Inclusion","param":"https://d3ptyyxy2at9ui.cloudfront.net/ist_button-56a55c.js","attack":"","name":"Cross-Domain JavaScript Source File Inclusion","risk":"Low","id":"323","alertRef":"10017"},{"sourceid":"3","other":"","method":"GET","evidence":"<script type=\"text/javascript\" src=\"https://d3ptyyxy2at9ui.cloudfront.net/Col_LoginSignupCollection-976c4c.js\" ><\/script>","pluginId":"10017","cweid":"829","confidence":"Medium","wascid":"15","description":"The page includes one or more script files from a third-party domain.","messageId":"132","url":"https://todoist.com/users/showlogin","reference":"","solution":"Ensure JavaScript source files are loaded from only trusted sources, and the sources can't be controlled by end users of the application.","alert":"Cross-Domain JavaScript Source File Inclusion","param":"https://d3ptyyxy2at9ui.cloudfront.net/Col_LoginSignupCollection-976c4c.js","attack":"","name":"Cross-Domain JavaScript Source File Inclusion","risk":"Low","id":"324","alertRef":"10017"},{"sourceid":"3","other":"This issue still applies to error type pages (401, 403, 500, etc.) as those pages are often still affected by injection issues, in which case there is still concern for browsers sniffing pages away from their actual content type.\nAt \"High\" threshold this scan rule will not alert on client or server error responses.","method":"GET","evidence":"","pluginId":"10021","cweid":"16","confidence":"Medium","wascid":"15","description":"The Anti-MIME-Sniffing header X-Content-Type-Options was not set to 'nosniff'. This allows older versions of Internet Explorer and Chrome to perform MIME-sniffing on the response body, potentially causing the response body to be interpreted and displayed as a content type other than the declared content type. Current (early 2014) and legacy versions of Firefox will use the declared content type (if one is set), rather than performing MIME-sniffing.","messageId":"132","url":"https://todoist.com/users/showlogin","reference":"http://msdn.microsoft.com/en-us/library/ie/gg622941%28v=vs.85%29.aspx\nhttps://owasp.org/www-community/Security_Headers","solution":"Ensure that the application/web server sets the Content-Type header appropriately, and that it sets the X-Content-Type-Options header to 'nosniff' for all web pages.\nIf possible, ensure that the end user uses a standards-compliant and modern web browser that does not perform MIME-sniffing at all, or that can be directed by the web application/web server to not perform MIME-sniffing.","alert":"X-Content-Type-Options Header Missing","param":"X-Content-Type-Options","attack":"","name":"X-Content-Type-Options Header Missing","risk":"Low","id":"325","alertRef":"10021"},{"sourceid":"3","other":"","method":"GET","evidence":"","pluginId":"10020","cweid":"16","confidence":"Medium","wascid":"15","description":"X-Frame-Options header is not included in the HTTP response to protect against 'ClickJacking' attacks.","messageId":"132","url":"https://todoist.com/users/showlogin","reference":"https://developer.mozilla.org/en-US/docs/Web/HTTP/Headers/X-Frame-Options","solution":"Most modern Web browsers support the X-Frame-Options HTTP header. Ensure it's set on all web pages returned by your site (if you expect the page to be framed only by pages on your server (e.g. it's part of a FRAMESET) then you'll want to use SAMEORIGIN, otherwise if you never expect the page to be framed, you should use DENY. Alternatively consider implementing Content Security Policy's \"frame-ancestors\" directive. ","alert":"X-Frame-Options Header Not Set","param":"X-Frame-Options","attack":"","name":"X-Frame-Options Header Not Set","risk":"Medium","id":"326","alertRef":"10020"},{"sourceid":"3","other":"","method":"POST","evidence":"Set-Cookie: todoistd","pluginId":"10054","cweid":"16","confidence":"Medium","wascid":"13","description":"A cookie has been set with an invalid SameSite attribute value, which means that the cookie can be sent as a result of a 'cross-site' request. The SameSite attribute is an effective counter measure to cross-site request forgery, cross-site script inclusion, and timing attacks.","messageId":"156","url":"https://todoist.com/Users/login","reference":"https://tools.ietf.org/html/draft-ietf-httpbis-cookie-same-site","solution":"Ensure that the SameSite attribute is set to either 'lax' or ideally 'strict' for all cookies.","alert":"Cookie Without SameSite Attribute","param":"todoistd","attack":"","name":"Cookie Without SameSite Attribute","risk":"Low","id":"371","alertRef":"10054"},{"sourceid":"3","other":"31536000, which evaluates to: 1970-12-31 19:00:00","method":"POST","evidence":"31536000","pluginId":"10096","cweid":"200","confidence":"Low","wascid":"13","description":"A timestamp was disclosed by the application/web server - Unix","messageId":"156","url":"https://todoist.com/Users/login","reference":"http://projects.webappsec.org/w/page/13246936/Information%20Leakage","solution":"Manually confirm that the timestamp data is not sensitive, and that the data cannot be aggregated to disclose exploitable patterns.","alert":"Timestamp Disclosure - Unix","param":"","attack":"","name":"Timestamp Disclosure - Unix","risk":"Informational","id":"372","alertRef":"10096"},{"sourceid":"3","other":"The response contained multiple CSP headers, one or more of them contained a report-uri directive and therefore they could not be merged. The first identified header/policy was analyzed.","method":"GET","evidence":"default-src 'self' wss://*.todoist.com https://www.google-analytics.com https://o476415.ingest.sentry.io https://d3ptyyxy2at9ui.cloudfront.net https://dcff1xvirvpfp.cloudfront.net https://d266vjxpnndrqi.cloudfront.net https://x-api.rollout.io https://statestore.rollout.io https://conf.rollout.io https://push.rollout.io https://analytic.rollout.io https://browser.sentry-cdn.com https://www.dropbox.com/static/api/2/dropins.js https://apis.google.com https://*.todoist.com https://todoist.com https://maps.googleapis.com https://fonts.gstatic.com; style-src 'self' wss://*.todoist.com https://www.google-analytics.com https://o476415.ingest.sentry.io https://d3ptyyxy2at9ui.cloudfront.net https://dcff1xvirvpfp.cloudfront.net https://d266vjxpnndrqi.cloudfront.net https://x-api.rollout.io https://statestore.rollout.io https://conf.rollout.io https://push.rollout.io https://analytic.rollout.io https://browser.sentry-cdn.com https://www.dropbox.com/static/api/2/dropins.js https://apis.google.com https://*.todoist.com https://todoist.com https://maps.googleapis.com https://fonts.gstatic.com 'unsafe-inline' https://fonts.googleapis.com; img-src 'self' data:  https://d3ptyyxy2at9ui.cloudfront.net https://dcff1xvirvpfp.cloudfront.net https://d266vjxpnndrqi.cloudfront.net https://d1x0mwiac2rqwt.cloudfront.net https://avatars.doist.com https://image-resize.todoist.com https://maps.gstatic.com https://*.googleapis.com https://*.ggpht https://twemoji.maxcdn.com https://www.google-analytics.com; media-src 'self' https://d1ysz50cxb9zwl.cloudfront.net https://d3ptyyxy2at9ui.cloudfront.net https://files.todoist.com; frame-src 'self' https://www.dropbox.com https://accounts.google.com https://docs.google.com; report-uri /csp_report","pluginId":"10055","cweid":"16","confidence":"Medium","wascid":"15","description":"Info Items:\n1:1715: A draft of the next version of CSP deprecates report-uri in favour of a new report-to directive.\n","messageId":"158","url":"https://todoist.com/app/","reference":"http://www.w3.org/TR/CSP2/\nhttp://www.w3.org/TR/CSP/\nhttp://caniuse.com/#search=content+security+policy\nhttp://content-security-policy.com/\nhttps://github.com/shapesecurity/salvation\nhttps://developers.google.com/web/fundamentals/security/csp#policy_applies_to_a_wide_variety_of_resources","solution":"Ensure that your web server, application server, load balancer, etc. is properly configured to set the Content-Security-Policy header.","alert":"CSP: Notices","param":"Content-Security-Policy","attack":"","name":"CSP: Notices","risk":"Informational","id":"373","alertRef":"10055"},{"sourceid":"3","other":"The response contained multiple CSP headers, one or more of them contained a report-uri directive and therefore they could not be merged. The first identified header/policy was analyzed.","method":"GET","evidence":"default-src 'self' wss://*.todoist.com https://www.google-analytics.com https://o476415.ingest.sentry.io https://d3ptyyxy2at9ui.cloudfront.net https://dcff1xvirvpfp.cloudfront.net https://d266vjxpnndrqi.cloudfront.net https://x-api.rollout.io https://statestore.rollout.io https://conf.rollout.io https://push.rollout.io https://analytic.rollout.io https://browser.sentry-cdn.com https://www.dropbox.com/static/api/2/dropins.js https://apis.google.com https://*.todoist.com https://todoist.com https://maps.googleapis.com https://fonts.gstatic.com; style-src 'self' wss://*.todoist.com https://www.google-analytics.com https://o476415.ingest.sentry.io https://d3ptyyxy2at9ui.cloudfront.net https://dcff1xvirvpfp.cloudfront.net https://d266vjxpnndrqi.cloudfront.net https://x-api.rollout.io https://statestore.rollout.io https://conf.rollout.io https://push.rollout.io https://analytic.rollout.io https://browser.sentry-cdn.com https://www.dropbox.com/static/api/2/dropins.js https://apis.google.com https://*.todoist.com https://todoist.com https://maps.googleapis.com https://fonts.gstatic.com 'unsafe-inline' https://fonts.googleapis.com; img-src 'self' data:  https://d3ptyyxy2at9ui.cloudfront.net https://dcff1xvirvpfp.cloudfront.net https://d266vjxpnndrqi.cloudfront.net https://d1x0mwiac2rqwt.cloudfront.net https://avatars.doist.com https://image-resize.todoist.com https://maps.gstatic.com https://*.googleapis.com https://*.ggpht https://twemoji.maxcdn.com https://www.google-analytics.com; media-src 'self' https://d1ysz50cxb9zwl.cloudfront.net https://d3ptyyxy2at9ui.cloudfront.net https://files.todoist.com; frame-src 'self' https://www.dropbox.com https://accounts.google.com https://docs.google.com; report-uri /csp_report","pluginId":"10055","cweid":"16","confidence":"Medium","wascid":"15","description":"The following directives either allow wildcard sources (or ancestors), are not defined, or are overly broadly defined: \nframe-ancestors, form-action\n\nThe directive(s): frame-ancestors, form-action are among the directives that do not fallback to default-src, missing/excluding them is the same as allowing anything.","messageId":"158","url":"https://todoist.com/app/","reference":"http://www.w3.org/TR/CSP2/\nhttp://www.w3.org/TR/CSP/\nhttp://caniuse.com/#search=content+security+policy\nhttp://content-security-policy.com/\nhttps://github.com/shapesecurity/salvation\nhttps://developers.google.com/web/fundamentals/security/csp#policy_applies_to_a_wide_variety_of_resources","solution":"Ensure that your web server, application server, load balancer, etc. is properly configured to set the Content-Security-Policy header.","alert":"CSP: Wildcard Directive","param":"Content-Security-Policy","attack":"","name":"CSP: Wildcard Directive","risk":"Medium","id":"374","alertRef":"10055"},{"sourceid":"3","other":"The response contained multiple CSP headers, one or more of them contained a report-uri directive and therefore they could not be merged. The first identified header/policy was analyzed.","method":"GET","evidence":"default-src 'self' wss://*.todoist.com https://www.google-analytics.com https://o476415.ingest.sentry.io https://d3ptyyxy2at9ui.cloudfront.net https://dcff1xvirvpfp.cloudfront.net https://d266vjxpnndrqi.cloudfront.net https://x-api.rollout.io https://statestore.rollout.io https://conf.rollout.io https://push.rollout.io https://analytic.rollout.io https://browser.sentry-cdn.com https://www.dropbox.com/static/api/2/dropins.js https://apis.google.com https://*.todoist.com https://todoist.com https://maps.googleapis.com https://fonts.gstatic.com; style-src 'self' wss://*.todoist.com https://www.google-analytics.com https://o476415.ingest.sentry.io https://d3ptyyxy2at9ui.cloudfront.net https://dcff1xvirvpfp.cloudfront.net https://d266vjxpnndrqi.cloudfront.net https://x-api.rollout.io https://statestore.rollout.io https://conf.rollout.io https://push.rollout.io https://analytic.rollout.io https://browser.sentry-cdn.com https://www.dropbox.com/static/api/2/dropins.js https://apis.google.com https://*.todoist.com https://todoist.com https://maps.googleapis.com https://fonts.gstatic.com 'unsafe-inline' https://fonts.googleapis.com; img-src 'self' data:  https://d3ptyyxy2at9ui.cloudfront.net https://dcff1xvirvpfp.cloudfront.net https://d266vjxpnndrqi.cloudfront.net https://d1x0mwiac2rqwt.cloudfront.net https://avatars.doist.com https://image-resize.todoist.com https://maps.gstatic.com https://*.googleapis.com https://*.ggpht https://twemoji.maxcdn.com https://www.google-analytics.com; media-src 'self' https://d1ysz50cxb9zwl.cloudfront.net https://d3ptyyxy2at9ui.cloudfront.net https://files.todoist.com; frame-src 'self' https://www.dropbox.com https://accounts.google.com https://docs.google.com; report-uri /csp_report","pluginId":"10055","cweid":"16","confidence":"Medium","wascid":"15","description":"style-src includes unsafe-inline.","messageId":"158","url":"https://todoist.com/app/","reference":"http://www.w3.org/TR/CSP2/\nhttp://www.w3.org/TR/CSP/\nhttp://caniuse.com/#search=content+security+policy\nhttp://content-security-policy.com/\nhttps://github.com/shapesecurity/salvation\nhttps://developers.google.com/web/fundamentals/security/csp#policy_applies_to_a_wide_variety_of_resources","solution":"Ensure that your web server, application server, load balancer, etc. is properly configured to set the Content-Security-Policy header.","alert":"CSP: style-src unsafe-inline","param":"Content-Security-Policy","attack":"","name":"CSP: style-src unsafe-inline","risk":"Medium","id":"375","alertRef":"10055"},{"sourceid":"3","other":"","method":"GET","evidence":"<script src=\"https://d3ptyyxy2at9ui.cloudfront.net/assets/initTheme.b1a12b68f418d0aa0577144c7364b8ab.js\"><\/script>","pluginId":"10017","cweid":"829","confidence":"Medium","wascid":"15","description":"The page includes one or more script files from a third-party domain.","messageId":"158","url":"https://todoist.com/app/","reference":"","solution":"Ensure JavaScript source files are loaded from only trusted sources, and the sources can't be controlled by end users of the application.","alert":"Cross-Domain JavaScript Source File Inclusion","param":"https://d3ptyyxy2at9ui.cloudfront.net/assets/initTheme.b1a12b68f418d0aa0577144c7364b8ab.js","attack":"","name":"Cross-Domain JavaScript Source File Inclusion","risk":"Low","id":"376","alertRef":"10017"},{"sourceid":"3","other":"","method":"GET","evidence":"<script async src=\"https://www.google-analytics.com/analytics.js\"><\/script>","pluginId":"10017","cweid":"829","confidence":"Medium","wascid":"15","description":"The page includes one or more script files from a third-party domain.","messageId":"158","url":"https://todoist.com/app/","reference":"","solution":"Ensure JavaScript source files are loaded from only trusted sources, and the sources can't be controlled by end users of the application.","alert":"Cross-Domain JavaScript Source File Inclusion","param":"https://www.google-analytics.com/analytics.js","attack":"","name":"Cross-Domain JavaScript Source File Inclusion","risk":"Low","id":"377","alertRef":"10017"},{"sourceid":"3","other":"","method":"GET","evidence":"<script src=\"https://d3ptyyxy2at9ui.cloudfront.net/assets/vendor.c9e825411fdc24f1ec7a.js\"><\/script>","pluginId":"10017","cweid":"829","confidence":"Medium","wascid":"15","description":"The page includes one or more script files from a third-party domain.","messageId":"158","url":"https://todoist.com/app/","reference":"","solution":"Ensure JavaScript source files are loaded from only trusted sources, and the sources can't be controlled by end users of the application.","alert":"Cross-Domain JavaScript Source File Inclusion","param":"https://d3ptyyxy2at9ui.cloudfront.net/assets/vendor.c9e825411fdc24f1ec7a.js","attack":"","name":"Cross-Domain JavaScript Source File Inclusion","risk":"Low","id":"378","alertRef":"10017"},{"sourceid":"3","other":"","method":"GET","evidence":"<script src=\"https://d3ptyyxy2at9ui.cloudfront.net/assets/app.1cf113e26f9d2c0630ec.js\"><\/script>","pluginId":"10017","cweid":"829","confidence":"Medium","wascid":"15","description":"The page includes one or more script files from a third-party domain.","messageId":"158","url":"https://todoist.com/app/","reference":"","solution":"Ensure JavaScript source files are loaded from only trusted sources, and the sources can't be controlled by end users of the application.","alert":"Cross-Domain JavaScript Source File Inclusion","param":"https://d3ptyyxy2at9ui.cloudfront.net/assets/app.1cf113e26f9d2c0630ec.js","attack":"","name":"Cross-Domain JavaScript Source File Inclusion","risk":"Low","id":"379","alertRef":"10017"},{"sourceid":"3","other":"572688855, which evaluates to: 1988-02-24 03:14:15","method":"GET","evidence":"572688855","pluginId":"10096","cweid":"200","confidence":"Low","wascid":"13","description":"A timestamp was disclosed by the application/web server - Unix","messageId":"158","url":"https://todoist.com/app/","reference":"http://projects.webappsec.org/w/page/13246936/Information%20Leakage","solution":"Manually confirm that the timestamp data is not sensitive, and that the data cannot be aggregated to disclose exploitable patterns.","alert":"Timestamp Disclosure - Unix","param":"","attack":"","name":"Timestamp Disclosure - Unix","risk":"Informational","id":"380","alertRef":"10096"},{"sourceid":"3","other":"This issue still applies to error type pages (401, 403, 500, etc.) as those pages are often still affected by injection issues, in which case there is still concern for browsers sniffing pages away from their actual content type.\nAt \"High\" threshold this scan rule will not alert on client or server error responses.","method":"GET","evidence":"","pluginId":"10021","cweid":"16","confidence":"Medium","wascid":"15","description":"The Anti-MIME-Sniffing header X-Content-Type-Options was not set to 'nosniff'. This allows older versions of Internet Explorer and Chrome to perform MIME-sniffing on the response body, potentially causing the response body to be interpreted and displayed as a content type other than the declared content type. Current (early 2014) and legacy versions of Firefox will use the declared content type (if one is set), rather than performing MIME-sniffing.","messageId":"158","url":"https://todoist.com/app/","reference":"http://msdn.microsoft.com/en-us/library/ie/gg622941%28v=vs.85%29.aspx\nhttps://owasp.org/www-community/Security_Headers","solution":"Ensure that the application/web server sets the Content-Type header appropriately, and that it sets the X-Content-Type-Options header to 'nosniff' for all web pages.\nIf possible, ensure that the end user uses a standards-compliant and modern web browser that does not perform MIME-sniffing at all, or that can be directed by the web application/web server to not perform MIME-sniffing.","alert":"X-Content-Type-Options Header Missing","param":"X-Content-Type-Options","attack":"","name":"X-Content-Type-Options Header Missing","risk":"Low","id":"381","alertRef":"10021"},{"sourceid":"3","other":"","method":"GET","evidence":"","pluginId":"10020","cweid":"16","confidence":"Medium","wascid":"15","description":"X-Frame-Options header is not included in the HTTP response to protect against 'ClickJacking' attacks.","messageId":"158","url":"https://todoist.com/app/","reference":"https://developer.mozilla.org/en-US/docs/Web/HTTP/Headers/X-Frame-Options","solution":"Most modern Web browsers support the X-Frame-Options HTTP header. Ensure it's set on all web pages returned by your site (if you expect the page to be framed only by pages on your server (e.g. it's part of a FRAMESET) then you'll want to use SAMEORIGIN, otherwise if you never expect the page to be framed, you should use DENY. Alternatively consider implementing Content Security Policy's \"frame-ancestors\" directive. ","alert":"X-Frame-Options Header Not Set","param":"X-Frame-Options","attack":"","name":"X-Frame-Options Header Not Set","risk":"Medium","id":"382","alertRef":"10020"}]}
Request URL: http://localhost:8080/JSON/ascan/view/status/?scanId=0
Request BODY: null
Response CODE: 200
Response BODY: {"status":"0"}
* Percentage Status: 0%
Request URL: http://localhost:8080/JSON/alert/view/alerts/?baseurl=https://todoist.com/
Request BODY: null
Response CODE: 200
Response BODY: {"alerts":[{"sourceid":"3","other":"","method":"GET","evidence":"Set-Cookie: AWSALB","pluginId":"10010","cweid":"16","confidence":"Medium","wascid":"13","description":"A cookie has been set without the HttpOnly flag, which means that the cookie can be accessed by JavaScript. If a malicious script can be run on this page then the cookie will be accessible and can be transmitted to another site. If this is a session cookie then session hijacking may be possible.","messageId":"3","url":"https://todoist.com/","reference":"https://owasp.org/www-community/HttpOnly","solution":"Ensure that the HttpOnly flag is set for all cookies.","alert":"Cookie No HttpOnly Flag","param":"AWSALB","attack":"","name":"Cookie No HttpOnly Flag","risk":"Low","id":"0","alertRef":"10010"},{"sourceid":"3","other":"","method":"GET","evidence":"Set-Cookie: AWSALBCORS","pluginId":"10010","cweid":"16","confidence":"Medium","wascid":"13","description":"A cookie has been set without the HttpOnly flag, which means that the cookie can be accessed by JavaScript. If a malicious script can be run on this page then the cookie will be accessible and can be transmitted to another site. If this is a session cookie then session hijacking may be possible.","messageId":"3","url":"https://todoist.com/","reference":"https://owasp.org/www-community/HttpOnly","solution":"Ensure that the HttpOnly flag is set for all cookies.","alert":"Cookie No HttpOnly Flag","param":"AWSALBCORS","attack":"","name":"Cookie No HttpOnly Flag","risk":"Low","id":"1","alertRef":"10010"},{"sourceid":"3","other":"","method":"GET","evidence":"Set-Cookie: _csrf","pluginId":"10010","cweid":"16","confidence":"Medium","wascid":"13","description":"A cookie has been set without the HttpOnly flag, which means that the cookie can be accessed by JavaScript. If a malicious script can be run on this page then the cookie will be accessible and can be transmitted to another site. If this is a session cookie then session hijacking may be possible.","messageId":"3","url":"https://todoist.com/","reference":"https://owasp.org/www-community/HttpOnly","solution":"Ensure that the HttpOnly flag is set for all cookies.","alert":"Cookie No HttpOnly Flag","param":"_csrf","attack":"","name":"Cookie No HttpOnly Flag","risk":"Low","id":"2","alertRef":"10010"},{"sourceid":"3","other":"","method":"GET","evidence":"Set-Cookie: next-i18next","pluginId":"10010","cweid":"16","confidence":"Medium","wascid":"13","description":"A cookie has been set without the HttpOnly flag, which means that the cookie can be accessed by JavaScript. If a malicious script can be run on this page then the cookie will be accessible and can be transmitted to another site. If this is a session cookie then session hijacking may be possible.","messageId":"3","url":"https://todoist.com/","reference":"https://owasp.org/www-community/HttpOnly","solution":"Ensure that the HttpOnly flag is set for all cookies.","alert":"Cookie No HttpOnly Flag","param":"next-i18next","attack":"","name":"Cookie No HttpOnly Flag","risk":"Low","id":"3","alertRef":"10010"},{"sourceid":"3","other":"","method":"GET","evidence":"Set-Cookie: AWSALB","pluginId":"10054","cweid":"16","confidence":"Medium","wascid":"13","description":"A cookie has been set without the SameSite attribute, which means that the cookie can be sent as a result of a 'cross-site' request. The SameSite attribute is an effective counter measure to cross-site request forgery, cross-site script inclusion, and timing attacks.","messageId":"3","url":"https://todoist.com/","reference":"https://tools.ietf.org/html/draft-ietf-httpbis-cookie-same-site","solution":"Ensure that the SameSite attribute is set to either 'lax' or ideally 'strict' for all cookies.","alert":"Cookie Without SameSite Attribute","param":"AWSALB","attack":"","name":"Cookie Without SameSite Attribute","risk":"Low","id":"4","alertRef":"10054"},{"sourceid":"3","other":"","method":"GET","evidence":"Set-Cookie: AWSALBCORS","pluginId":"10054","cweid":"16","confidence":"Medium","wascid":"13","description":"A cookie has been set with an invalid SameSite attribute value, which means that the cookie can be sent as a result of a 'cross-site' request. The SameSite attribute is an effective counter measure to cross-site request forgery, cross-site script inclusion, and timing attacks.","messageId":"3","url":"https://todoist.com/","reference":"https://tools.ietf.org/html/draft-ietf-httpbis-cookie-same-site","solution":"Ensure that the SameSite attribute is set to either 'lax' or ideally 'strict' for all cookies.","alert":"Cookie Without SameSite Attribute","param":"AWSALBCORS","attack":"","name":"Cookie Without SameSite Attribute","risk":"Low","id":"5","alertRef":"10054"},{"sourceid":"3","other":"","method":"GET","evidence":"Set-Cookie: _csrf","pluginId":"10054","cweid":"16","confidence":"Medium","wascid":"13","description":"A cookie has been set without the SameSite attribute, which means that the cookie can be sent as a result of a 'cross-site' request. The SameSite attribute is an effective counter measure to cross-site request forgery, cross-site script inclusion, and timing attacks.","messageId":"3","url":"https://todoist.com/","reference":"https://tools.ietf.org/html/draft-ietf-httpbis-cookie-same-site","solution":"Ensure that the SameSite attribute is set to either 'lax' or ideally 'strict' for all cookies.","alert":"Cookie Without SameSite Attribute","param":"_csrf","attack":"","name":"Cookie Without SameSite Attribute","risk":"Low","id":"6","alertRef":"10054"},{"sourceid":"3","other":"","method":"GET","evidence":"Set-Cookie: AWSALB","pluginId":"10011","cweid":"614","confidence":"Medium","wascid":"13","description":"A cookie has been set without the secure flag, which means that the cookie can be accessed via unencrypted connections.","messageId":"3","url":"https://todoist.com/","reference":"https://owasp.org/www-project-web-security-testing-guide/v41/4-Web_Application_Security_Testing/06-Session_Management_Testing/02-Testing_for_Cookies_Attributes.html","solution":"Whenever a cookie contains sensitive information or is a session token, then it should always be passed using an encrypted channel. Ensure that the secure flag is set for cookies containing such sensitive information.","alert":"Cookie Without Secure Flag","param":"AWSALB","attack":"","name":"Cookie Without Secure Flag","risk":"Low","id":"7","alertRef":"10011"},{"sourceid":"3","other":"","method":"GET","evidence":"Set-Cookie: _csrf","pluginId":"10011","cweid":"614","confidence":"Medium","wascid":"13","description":"A cookie has been set without the secure flag, which means that the cookie can be accessed via unencrypted connections.","messageId":"3","url":"https://todoist.com/","reference":"https://owasp.org/www-project-web-security-testing-guide/v41/4-Web_Application_Security_Testing/06-Session_Management_Testing/02-Testing_for_Cookies_Attributes.html","solution":"Whenever a cookie contains sensitive information or is a session token, then it should always be passed using an encrypted channel. Ensure that the secure flag is set for cookies containing such sensitive information.","alert":"Cookie Without Secure Flag","param":"_csrf","attack":"","name":"Cookie Without Secure Flag","risk":"Low","id":"8","alertRef":"10011"},{"sourceid":"3","other":"","method":"GET","evidence":"Set-Cookie: next-i18next","pluginId":"10011","cweid":"614","confidence":"Medium","wascid":"13","description":"A cookie has been set without the secure flag, which means that the cookie can be accessed via unencrypted connections.","messageId":"3","url":"https://todoist.com/","reference":"https://owasp.org/www-project-web-security-testing-guide/v41/4-Web_Application_Security_Testing/06-Session_Management_Testing/02-Testing_for_Cookies_Attributes.html","solution":"Whenever a cookie contains sensitive information or is a session token, then it should always be passed using an encrypted channel. Ensure that the secure flag is set for cookies containing such sensitive information.","alert":"Cookie Without Secure Flag","param":"next-i18next","attack":"","name":"Cookie Without Secure Flag","risk":"Low","id":"9","alertRef":"10011"},{"sourceid":"3","other":"","method":"GET","evidence":"","pluginId":"10015","cweid":"525","confidence":"Medium","wascid":"13","description":"The cache-control and pragma HTTP header have not been set properly or are missing allowing the browser and proxies to cache content.","messageId":"5","url":"https://todoist.com/es","reference":"https://cheatsheetseries.owasp.org/cheatsheets/Session_Management_Cheat_Sheet.html#web-content-caching","solution":"Whenever possible ensure the cache-control HTTP header is set with no-cache, no-store, must-revalidate; and that the pragma HTTP header is set with no-cache.","alert":"Incomplete or No Cache-control and Pragma HTTP Header Set","param":"Cache-Control","attack":"","name":"Incomplete or No Cache-control and Pragma HTTP Header Set","risk":"Low","id":"10","alertRef":"10015"},{"sourceid":"3","other":"","method":"GET","evidence":"Set-Cookie: AWSALB","pluginId":"10010","cweid":"16","confidence":"Medium","wascid":"13","description":"A cookie has been set without the HttpOnly flag, which means that the cookie can be accessed by JavaScript. If a malicious script can be run on this page then the cookie will be accessible and can be transmitted to another site. If this is a session cookie then session hijacking may be possible.","messageId":"5","url":"https://todoist.com/es","reference":"https://owasp.org/www-community/HttpOnly","solution":"Ensure that the HttpOnly flag is set for all cookies.","alert":"Cookie No HttpOnly Flag","param":"AWSALB","attack":"","name":"Cookie No HttpOnly Flag","risk":"Low","id":"11","alertRef":"10010"},{"sourceid":"3","other":"","method":"GET","evidence":"Set-Cookie: AWSALBCORS","pluginId":"10010","cweid":"16","confidence":"Medium","wascid":"13","description":"A cookie has been set without the HttpOnly flag, which means that the cookie can be accessed by JavaScript. If a malicious script can be run on this page then the cookie will be accessible and can be transmitted to another site. If this is a session cookie then session hijacking may be possible.","messageId":"5","url":"https://todoist.com/es","reference":"https://owasp.org/www-community/HttpOnly","solution":"Ensure that the HttpOnly flag is set for all cookies.","alert":"Cookie No HttpOnly Flag","param":"AWSALBCORS","attack":"","name":"Cookie No HttpOnly Flag","risk":"Low","id":"12","alertRef":"10010"},{"sourceid":"3","other":"","method":"GET","evidence":"Set-Cookie: next-i18next","pluginId":"10010","cweid":"16","confidence":"Medium","wascid":"13","description":"A cookie has been set without the HttpOnly flag, which means that the cookie can be accessed by JavaScript. If a malicious script can be run on this page then the cookie will be accessible and can be transmitted to another site. If this is a session cookie then session hijacking may be possible.","messageId":"5","url":"https://todoist.com/es","reference":"https://owasp.org/www-community/HttpOnly","solution":"Ensure that the HttpOnly flag is set for all cookies.","alert":"Cookie No HttpOnly Flag","param":"next-i18next","attack":"","name":"Cookie No HttpOnly Flag","risk":"Low","id":"13","alertRef":"10010"},{"sourceid":"3","other":"","method":"GET","evidence":"Set-Cookie: AWSALB","pluginId":"10054","cweid":"16","confidence":"Medium","wascid":"13","description":"A cookie has been set without the SameSite attribute, which means that the cookie can be sent as a result of a 'cross-site' request. The SameSite attribute is an effective counter measure to cross-site request forgery, cross-site script inclusion, and timing attacks.","messageId":"5","url":"https://todoist.com/es","reference":"https://tools.ietf.org/html/draft-ietf-httpbis-cookie-same-site","solution":"Ensure that the SameSite attribute is set to either 'lax' or ideally 'strict' for all cookies.","alert":"Cookie Without SameSite Attribute","param":"AWSALB","attack":"","name":"Cookie Without SameSite Attribute","risk":"Low","id":"14","alertRef":"10054"},{"sourceid":"3","other":"","method":"GET","evidence":"Set-Cookie: AWSALBCORS","pluginId":"10054","cweid":"16","confidence":"Medium","wascid":"13","description":"A cookie has been set with an invalid SameSite attribute value, which means that the cookie can be sent as a result of a 'cross-site' request. The SameSite attribute is an effective counter measure to cross-site request forgery, cross-site script inclusion, and timing attacks.","messageId":"5","url":"https://todoist.com/es","reference":"https://tools.ietf.org/html/draft-ietf-httpbis-cookie-same-site","solution":"Ensure that the SameSite attribute is set to either 'lax' or ideally 'strict' for all cookies.","alert":"Cookie Without SameSite Attribute","param":"AWSALBCORS","attack":"","name":"Cookie Without SameSite Attribute","risk":"Low","id":"15","alertRef":"10054"},{"sourceid":"3","other":"","method":"GET","evidence":"Set-Cookie: AWSALB","pluginId":"10011","cweid":"614","confidence":"Medium","wascid":"13","description":"A cookie has been set without the secure flag, which means that the cookie can be accessed via unencrypted connections.","messageId":"5","url":"https://todoist.com/es","reference":"https://owasp.org/www-project-web-security-testing-guide/v41/4-Web_Application_Security_Testing/06-Session_Management_Testing/02-Testing_for_Cookies_Attributes.html","solution":"Whenever a cookie contains sensitive information or is a session token, then it should always be passed using an encrypted channel. Ensure that the secure flag is set for cookies containing such sensitive information.","alert":"Cookie Without Secure Flag","param":"AWSALB","attack":"","name":"Cookie Without Secure Flag","risk":"Low","id":"16","alertRef":"10011"},{"sourceid":"3","other":"","method":"GET","evidence":"Set-Cookie: next-i18next","pluginId":"10011","cweid":"614","confidence":"Medium","wascid":"13","description":"A cookie has been set without the secure flag, which means that the cookie can be accessed via unencrypted connections.","messageId":"5","url":"https://todoist.com/es","reference":"https://owasp.org/www-project-web-security-testing-guide/v41/4-Web_Application_Security_Testing/06-Session_Management_Testing/02-Testing_for_Cookies_Attributes.html","solution":"Whenever a cookie contains sensitive information or is a session token, then it should always be passed using an encrypted channel. Ensure that the secure flag is set for cookies containing such sensitive information.","alert":"Cookie Without Secure Flag","param":"next-i18next","attack":"","name":"Cookie Without Secure Flag","risk":"Low","id":"17","alertRef":"10011"},{"sourceid":"3","other":"","method":"GET","evidence":"<script src=\"https://www.googleoptimize.com/optimize.js?id=OPT-PNP389R\"><\/script>","pluginId":"10017","cweid":"829","confidence":"Medium","wascid":"15","description":"The page includes one or more script files from a third-party domain.","messageId":"5","url":"https://todoist.com/es","reference":"","solution":"Ensure JavaScript source files are loaded from only trusted sources, and the sources can't be controlled by end users of the application.","alert":"Cross-Domain JavaScript Source File Inclusion","param":"https://www.googleoptimize.com/optimize.js?id=OPT-PNP389R","attack":"","name":"Cross-Domain JavaScript Source File Inclusion","risk":"Low","id":"18","alertRef":"10017"},{"sourceid":"3","other":"The following pattern was used: \\bTODO\\b and was detected in the element starting with: \"<script id=\"__NEXT_DATA__\" type=\"application/json\">{\"props\":{\"initialI18nStore\":{\"es\":{\"index\":{\"seoTitle\":\"Todoist: La \\\"to do \", see evidence field for the suspicious comment/snippet.","method":"GET","evidence":"todo","pluginId":"10027","cweid":"200","confidence":"Low","wascid":"13","description":"The response appears to contain suspicious comments which may help an attacker. Note: Matches made within script blocks or files are against the entire content not only comments.","messageId":"5","url":"https://todoist.com/es","reference":"","solution":"Remove all comments that return information that may help an attacker and fix any underlying problems they refer to.","alert":"Information Disclosure - Suspicious Comments","param":"","attack":"","name":"Information Disclosure - Suspicious Comments","risk":"Informational","id":"19","alertRef":"10027"},{"sourceid":"3","other":"This issue still applies to error type pages (401, 403, 500, etc.) as those pages are often still affected by injection issues, in which case there is still concern for browsers sniffing pages away from their actual content type.\nAt \"High\" threshold this scan rule will not alert on client or server error responses.","method":"GET","evidence":"","pluginId":"10021","cweid":"16","confidence":"Medium","wascid":"15","description":"The Anti-MIME-Sniffing header X-Content-Type-Options was not set to 'nosniff'. This allows older versions of Internet Explorer and Chrome to perform MIME-sniffing on the response body, potentially causing the response body to be interpreted and displayed as a content type other than the declared content type. Current (early 2014) and legacy versions of Firefox will use the declared content type (if one is set), rather than performing MIME-sniffing.","messageId":"5","url":"https://todoist.com/es","reference":"http://msdn.microsoft.com/en-us/library/ie/gg622941%28v=vs.85%29.aspx\nhttps://owasp.org/www-community/Security_Headers","solution":"Ensure that the application/web server sets the Content-Type header appropriately, and that it sets the X-Content-Type-Options header to 'nosniff' for all web pages.\nIf possible, ensure that the end user uses a standards-compliant and modern web browser that does not perform MIME-sniffing at all, or that can be directed by the web application/web server to not perform MIME-sniffing.","alert":"X-Content-Type-Options Header Missing","param":"X-Content-Type-Options","attack":"","name":"X-Content-Type-Options Header Missing","risk":"Low","id":"20","alertRef":"10021"},{"sourceid":"3","other":"","method":"GET","evidence":"public, max-age=31536000, immutable","pluginId":"10015","cweid":"525","confidence":"Medium","wascid":"13","description":"The cache-control and pragma HTTP header have not been set properly or are missing allowing the browser and proxies to cache content.","messageId":"6","url":"https://todoist.com/_next/static/css/a5174a254d143c3d3d02321814728bdd71b6ab95_CSS.d9deec97.chunk.css","reference":"https://cheatsheetseries.owasp.org/cheatsheets/Session_Management_Cheat_Sheet.html#web-content-caching","solution":"Whenever possible ensure the cache-control HTTP header is set with no-cache, no-store, must-revalidate; and that the pragma HTTP header is set with no-cache.","alert":"Incomplete or No Cache-control and Pragma HTTP Header Set","param":"Cache-Control","attack":"","name":"Incomplete or No Cache-control and Pragma HTTP Header Set","risk":"Low","id":"21","alertRef":"10015"},{"sourceid":"3","other":"This issue still applies to error type pages (401, 403, 500, etc.) as those pages are often still affected by injection issues, in which case there is still concern for browsers sniffing pages away from their actual content type.\nAt \"High\" threshold this scan rule will not alert on client or server error responses.","method":"GET","evidence":"","pluginId":"10021","cweid":"16","confidence":"Medium","wascid":"15","description":"The Anti-MIME-Sniffing header X-Content-Type-Options was not set to 'nosniff'. This allows older versions of Internet Explorer and Chrome to perform MIME-sniffing on the response body, potentially causing the response body to be interpreted and displayed as a content type other than the declared content type. Current (early 2014) and legacy versions of Firefox will use the declared content type (if one is set), rather than performing MIME-sniffing.","messageId":"6","url":"https://todoist.com/_next/static/css/a5174a254d143c3d3d02321814728bdd71b6ab95_CSS.d9deec97.chunk.css","reference":"http://msdn.microsoft.com/en-us/library/ie/gg622941%28v=vs.85%29.aspx\nhttps://owasp.org/www-community/Security_Headers","solution":"Ensure that the application/web server sets the Content-Type header appropriately, and that it sets the X-Content-Type-Options header to 'nosniff' for all web pages.\nIf possible, ensure that the end user uses a standards-compliant and modern web browser that does not perform MIME-sniffing at all, or that can be directed by the web application/web server to not perform MIME-sniffing.","alert":"X-Content-Type-Options Header Missing","param":"X-Content-Type-Options","attack":"","name":"X-Content-Type-Options Header Missing","risk":"Low","id":"22","alertRef":"10021"},{"sourceid":"3","other":"This issue still applies to error type pages (401, 403, 500, etc.) as those pages are often still affected by injection issues, in which case there is still concern for browsers sniffing pages away from their actual content type.\nAt \"High\" threshold this scan rule will not alert on client or server error responses.","method":"GET","evidence":"","pluginId":"10021","cweid":"16","confidence":"Medium","wascid":"15","description":"The Anti-MIME-Sniffing header X-Content-Type-Options was not set to 'nosniff'. This allows older versions of Internet Explorer and Chrome to perform MIME-sniffing on the response body, potentially causing the response body to be interpreted and displayed as a content type other than the declared content type. Current (early 2014) and legacy versions of Firefox will use the declared content type (if one is set), rather than performing MIME-sniffing.","messageId":"10","url":"https://todoist.com/_next/static/chunks/webpack-3bde8603facc0c807a2b.js","reference":"http://msdn.microsoft.com/en-us/library/ie/gg622941%28v=vs.85%29.aspx\nhttps://owasp.org/www-community/Security_Headers","solution":"Ensure that the application/web server sets the Content-Type header appropriately, and that it sets the X-Content-Type-Options header to 'nosniff' for all web pages.\nIf possible, ensure that the end user uses a standards-compliant and modern web browser that does not perform MIME-sniffing at all, or that can be directed by the web application/web server to not perform MIME-sniffing.","alert":"X-Content-Type-Options Header Missing","param":"X-Content-Type-Options","attack":"","name":"X-Content-Type-Options Header Missing","risk":"Low","id":"23","alertRef":"10021"},{"sourceid":"3","other":"","method":"GET","evidence":"public, max-age=31536000, immutable","pluginId":"10015","cweid":"525","confidence":"Medium","wascid":"13","description":"The cache-control and pragma HTTP header have not been set properly or are missing allowing the browser and proxies to cache content.","messageId":"12","url":"https://todoist.com/_next/static/css/pages/index.e740e94c.chunk.css","reference":"https://cheatsheetseries.owasp.org/cheatsheets/Session_Management_Cheat_Sheet.html#web-content-caching","solution":"Whenever possible ensure the cache-control HTTP header is set with no-cache, no-store, must-revalidate; and that the pragma HTTP header is set with no-cache.","alert":"Incomplete or No Cache-control and Pragma HTTP Header Set","param":"Cache-Control","attack":"","name":"Incomplete or No Cache-control and Pragma HTTP Header Set","risk":"Low","id":"24","alertRef":"10015"},{"sourceid":"3","other":"This issue still applies to error type pages (401, 403, 500, etc.) as those pages are often still affected by injection issues, in which case there is still concern for browsers sniffing pages away from their actual content type.\nAt \"High\" threshold this scan rule will not alert on client or server error responses.","method":"GET","evidence":"","pluginId":"10021","cweid":"16","confidence":"Medium","wascid":"15","description":"The Anti-MIME-Sniffing header X-Content-Type-Options was not set to 'nosniff'. This allows older versions of Internet Explorer and Chrome to perform MIME-sniffing on the response body, potentially causing the response body to be interpreted and displayed as a content type other than the declared content type. Current (early 2014) and legacy versions of Firefox will use the declared content type (if one is set), rather than performing MIME-sniffing.","messageId":"12","url":"https://todoist.com/_next/static/css/pages/index.e740e94c.chunk.css","reference":"http://msdn.microsoft.com/en-us/library/ie/gg622941%28v=vs.85%29.aspx\nhttps://owasp.org/www-community/Security_Headers","solution":"Ensure that the application/web server sets the Content-Type header appropriately, and that it sets the X-Content-Type-Options header to 'nosniff' for all web pages.\nIf possible, ensure that the end user uses a standards-compliant and modern web browser that does not perform MIME-sniffing at all, or that can be directed by the web application/web server to not perform MIME-sniffing.","alert":"X-Content-Type-Options Header Missing","param":"X-Content-Type-Options","attack":"","name":"X-Content-Type-Options Header Missing","risk":"Low","id":"25","alertRef":"10021"},{"sourceid":"3","other":"The following pattern was used: \\bQUERY\\b and was detected in the element starting with: \"_N_E=(window.webpackJsonp_N_E=window.webpackJsonp_N_E||[]).push([[28],{\"0sNQ\":function(e,t){\"trimStart\"in String.prototype||(Str\", see evidence field for the suspicious comment/snippet.","method":"GET","evidence":"query","pluginId":"10027","cweid":"200","confidence":"Low","wascid":"13","description":"The response appears to contain suspicious comments which may help an attacker. Note: Matches made within script blocks or files are against the entire content not only comments.","messageId":"13","url":"https://todoist.com/_next/static/chunks/main-1ca0aabf0fb4e4d9fa88.js","reference":"","solution":"Remove all comments that return information that may help an attacker and fix any underlying problems they refer to.","alert":"Information Disclosure - Suspicious Comments","param":"","attack":"","name":"Information Disclosure - Suspicious Comments","risk":"Informational","id":"26","alertRef":"10027"},{"sourceid":"3","other":"This issue still applies to error type pages (401, 403, 500, etc.) as those pages are often still affected by injection issues, in which case there is still concern for browsers sniffing pages away from their actual content type.\nAt \"High\" threshold this scan rule will not alert on client or server error responses.","method":"GET","evidence":"","pluginId":"10021","cweid":"16","confidence":"Medium","wascid":"15","description":"The Anti-MIME-Sniffing header X-Content-Type-Options was not set to 'nosniff'. This allows older versions of Internet Explorer and Chrome to perform MIME-sniffing on the response body, potentially causing the response body to be interpreted and displayed as a content type other than the declared content type. Current (early 2014) and legacy versions of Firefox will use the declared content type (if one is set), rather than performing MIME-sniffing.","messageId":"13","url":"https://todoist.com/_next/static/chunks/main-1ca0aabf0fb4e4d9fa88.js","reference":"http://msdn.microsoft.com/en-us/library/ie/gg622941%28v=vs.85%29.aspx\nhttps://owasp.org/www-community/Security_Headers","solution":"Ensure that the application/web server sets the Content-Type header appropriately, and that it sets the X-Content-Type-Options header to 'nosniff' for all web pages.\nIf possible, ensure that the end user uses a standards-compliant and modern web browser that does not perform MIME-sniffing at all, or that can be directed by the web application/web server to not perform MIME-sniffing.","alert":"X-Content-Type-Options Header Missing","param":"X-Content-Type-Options","attack":"","name":"X-Content-Type-Options Header Missing","risk":"Low","id":"27","alertRef":"10021"},{"sourceid":"3","other":"The following pattern was used: \\bSELECT\\b and was detected in the element starting with: \"(window.webpackJsonp_N_E=window.webpackJsonp_N_E||[]).push([[2],{\"+wdc\":function(e,t,n){\"use strict\";var r,l,i,a,o;if(\"undefined\", see evidence field for the suspicious comment/snippet.","method":"GET","evidence":"select","pluginId":"10027","cweid":"200","confidence":"Low","wascid":"13","description":"The response appears to contain suspicious comments which may help an attacker. Note: Matches made within script blocks or files are against the entire content not only comments.","messageId":"15","url":"https://todoist.com/_next/static/chunks/framework.dc73b2df61134dea1baf.js","reference":"","solution":"Remove all comments that return information that may help an attacker and fix any underlying problems they refer to.","alert":"Information Disclosure - Suspicious Comments","param":"","attack":"","name":"Information Disclosure - Suspicious Comments","risk":"Informational","id":"28","alertRef":"10027"},{"sourceid":"3","other":"1073741823, which evaluates to: 2004-01-10 08:37:03","method":"GET","evidence":"1073741823","pluginId":"10096","cweid":"200","confidence":"Low","wascid":"13","description":"A timestamp was disclosed by the application/web server - Unix","messageId":"15","url":"https://todoist.com/_next/static/chunks/framework.dc73b2df61134dea1baf.js","reference":"http://projects.webappsec.org/w/page/13246936/Information%20Leakage","solution":"Manually confirm that the timestamp data is not sensitive, and that the data cannot be aggregated to disclose exploitable patterns.","alert":"Timestamp Disclosure - Unix","param":"","attack":"","name":"Timestamp Disclosure - Unix","risk":"Informational","id":"29","alertRef":"10096"},{"sourceid":"3","other":"1073741821, which evaluates to: 2004-01-10 08:37:01","method":"GET","evidence":"1073741821","pluginId":"10096","cweid":"200","confidence":"Low","wascid":"13","description":"A timestamp was disclosed by the application/web server - Unix","messageId":"15","url":"https://todoist.com/_next/static/chunks/framework.dc73b2df61134dea1baf.js","reference":"http://projects.webappsec.org/w/page/13246936/Information%20Leakage","solution":"Manually confirm that the timestamp data is not sensitive, and that the data cannot be aggregated to disclose exploitable patterns.","alert":"Timestamp Disclosure - Unix","param":"","attack":"","name":"Timestamp Disclosure - Unix","risk":"Informational","id":"30","alertRef":"10096"},{"sourceid":"3","other":"1073741822, which evaluates to: 2004-01-10 08:37:02","method":"GET","evidence":"1073741822","pluginId":"10096","cweid":"200","confidence":"Low","wascid":"13","description":"A timestamp was disclosed by the application/web server - Unix","messageId":"15","url":"https://todoist.com/_next/static/chunks/framework.dc73b2df61134dea1baf.js","reference":"http://projects.webappsec.org/w/page/13246936/Information%20Leakage","solution":"Manually confirm that the timestamp data is not sensitive, and that the data cannot be aggregated to disclose exploitable patterns.","alert":"Timestamp Disclosure - Unix","param":"","attack":"","name":"Timestamp Disclosure - Unix","risk":"Informational","id":"42","alertRef":"10096"},{"sourceid":"3","other":"This issue still applies to error type pages (401, 403, 500, etc.) as those pages are often still affected by injection issues, in which case there is still concern for browsers sniffing pages away from their actual content type.\nAt \"High\" threshold this scan rule will not alert on client or server error responses.","method":"GET","evidence":"","pluginId":"10021","cweid":"16","confidence":"Medium","wascid":"15","description":"The Anti-MIME-Sniffing header X-Content-Type-Options was not set to 'nosniff'. This allows older versions of Internet Explorer and Chrome to perform MIME-sniffing on the response body, potentially causing the response body to be interpreted and displayed as a content type other than the declared content type. Current (early 2014) and legacy versions of Firefox will use the declared content type (if one is set), rather than performing MIME-sniffing.","messageId":"15","url":"https://todoist.com/_next/static/chunks/framework.dc73b2df61134dea1baf.js","reference":"http://msdn.microsoft.com/en-us/library/ie/gg622941%28v=vs.85%29.aspx\nhttps://owasp.org/www-community/Security_Headers","solution":"Ensure that the application/web server sets the Content-Type header appropriately, and that it sets the X-Content-Type-Options header to 'nosniff' for all web pages.\nIf possible, ensure that the end user uses a standards-compliant and modern web browser that does not perform MIME-sniffing at all, or that can be directed by the web application/web server to not perform MIME-sniffing.","alert":"X-Content-Type-Options Header Missing","param":"X-Content-Type-Options","attack":"","name":"X-Content-Type-Options Header Missing","risk":"Low","id":"70","alertRef":"10021"},{"sourceid":"3","other":"The following pattern was used: \\bQUERY\\b and was detected in the element starting with: \"(window.webpackJsonp_N_E=window.webpackJsonp_N_E||[]).push([[0],{\"/GRZ\":function(e,t){e.exports=function(e,t){if(!(e instanceof \", see evidence field for the suspicious comment/snippet.","method":"GET","evidence":"query","pluginId":"10027","cweid":"200","confidence":"Low","wascid":"13","description":"The response appears to contain suspicious comments which may help an attacker. Note: Matches made within script blocks or files are against the entire content not only comments.","messageId":"16","url":"https://todoist.com/_next/static/chunks/commons.7f9eaa719ef400edb831.js","reference":"","solution":"Remove all comments that return information that may help an attacker and fix any underlying problems they refer to.","alert":"Information Disclosure - Suspicious Comments","param":"","attack":"","name":"Information Disclosure - Suspicious Comments","risk":"Informational","id":"71","alertRef":"10027"},{"sourceid":"3","other":"This issue still applies to error type pages (401, 403, 500, etc.) as those pages are often still affected by injection issues, in which case there is still concern for browsers sniffing pages away from their actual content type.\nAt \"High\" threshold this scan rule will not alert on client or server error responses.","method":"GET","evidence":"","pluginId":"10021","cweid":"16","confidence":"Medium","wascid":"15","description":"The Anti-MIME-Sniffing header X-Content-Type-Options was not set to 'nosniff'. This allows older versions of Internet Explorer and Chrome to perform MIME-sniffing on the response body, potentially causing the response body to be interpreted and displayed as a content type other than the declared content type. Current (early 2014) and legacy versions of Firefox will use the declared content type (if one is set), rather than performing MIME-sniffing.","messageId":"16","url":"https://todoist.com/_next/static/chunks/commons.7f9eaa719ef400edb831.js","reference":"http://msdn.microsoft.com/en-us/library/ie/gg622941%28v=vs.85%29.aspx\nhttps://owasp.org/www-community/Security_Headers","solution":"Ensure that the application/web server sets the Content-Type header appropriately, and that it sets the X-Content-Type-Options header to 'nosniff' for all web pages.\nIf possible, ensure that the end user uses a standards-compliant and modern web browser that does not perform MIME-sniffing at all, or that can be directed by the web application/web server to not perform MIME-sniffing.","alert":"X-Content-Type-Options Header Missing","param":"X-Content-Type-Options","attack":"","name":"X-Content-Type-Options Header Missing","risk":"Low","id":"72","alertRef":"10021"},{"sourceid":"3","other":"","method":"GET","evidence":"public, max-age=31536000, immutable","pluginId":"10015","cweid":"525","confidence":"Medium","wascid":"13","description":"The cache-control and pragma HTTP header have not been set properly or are missing allowing the browser and proxies to cache content.","messageId":"17","url":"https://todoist.com/_next/static/css/styles.0f6e09ec.chunk.css","reference":"https://cheatsheetseries.owasp.org/cheatsheets/Session_Management_Cheat_Sheet.html#web-content-caching","solution":"Whenever possible ensure the cache-control HTTP header is set with no-cache, no-store, must-revalidate; and that the pragma HTTP header is set with no-cache.","alert":"Incomplete or No Cache-control and Pragma HTTP Header Set","param":"Cache-Control","attack":"","name":"Incomplete or No Cache-control and Pragma HTTP Header Set","risk":"Low","id":"73","alertRef":"10015"},{"sourceid":"3","other":"This issue still applies to error type pages (401, 403, 500, etc.) as those pages are often still affected by injection issues, in which case there is still concern for browsers sniffing pages away from their actual content type.\nAt \"High\" threshold this scan rule will not alert on client or server error responses.","method":"GET","evidence":"","pluginId":"10021","cweid":"16","confidence":"Medium","wascid":"15","description":"The Anti-MIME-Sniffing header X-Content-Type-Options was not set to 'nosniff'. This allows older versions of Internet Explorer and Chrome to perform MIME-sniffing on the response body, potentially causing the response body to be interpreted and displayed as a content type other than the declared content type. Current (early 2014) and legacy versions of Firefox will use the declared content type (if one is set), rather than performing MIME-sniffing.","messageId":"17","url":"https://todoist.com/_next/static/css/styles.0f6e09ec.chunk.css","reference":"http://msdn.microsoft.com/en-us/library/ie/gg622941%28v=vs.85%29.aspx\nhttps://owasp.org/www-community/Security_Headers","solution":"Ensure that the application/web server sets the Content-Type header appropriately, and that it sets the X-Content-Type-Options header to 'nosniff' for all web pages.\nIf possible, ensure that the end user uses a standards-compliant and modern web browser that does not perform MIME-sniffing at all, or that can be directed by the web application/web server to not perform MIME-sniffing.","alert":"X-Content-Type-Options Header Missing","param":"X-Content-Type-Options","attack":"","name":"X-Content-Type-Options Header Missing","risk":"Low","id":"74","alertRef":"10021"},{"sourceid":"3","other":"The following pattern was used: \\bUSER\\b and was detected in the element starting with: \"(window.webpackJsonp_N_E=window.webpackJsonp_N_E||[]).push([[5],{\"2SVd\":function(e,t,n){\"use strict\";e.exports=function(e){retur\", see evidence field for the suspicious comment/snippet.","method":"GET","evidence":"user","pluginId":"10027","cweid":"200","confidence":"Low","wascid":"13","description":"The response appears to contain suspicious comments which may help an attacker. Note: Matches made within script blocks or files are against the entire content not only comments.","messageId":"18","url":"https://todoist.com/_next/static/chunks/98618d58f2d1dd3f4c8f42b4970db65e004fbfe5.6c003068d2db4fbc855f.js","reference":"","solution":"Remove all comments that return information that may help an attacker and fix any underlying problems they refer to.","alert":"Information Disclosure - Suspicious Comments","param":"","attack":"","name":"Information Disclosure - Suspicious Comments","risk":"Informational","id":"75","alertRef":"10027"},{"sourceid":"3","other":"This issue still applies to error type pages (401, 403, 500, etc.) as those pages are often still affected by injection issues, in which case there is still concern for browsers sniffing pages away from their actual content type.\nAt \"High\" threshold this scan rule will not alert on client or server error responses.","method":"GET","evidence":"","pluginId":"10021","cweid":"16","confidence":"Medium","wascid":"15","description":"The Anti-MIME-Sniffing header X-Content-Type-Options was not set to 'nosniff'. This allows older versions of Internet Explorer and Chrome to perform MIME-sniffing on the response body, potentially causing the response body to be interpreted and displayed as a content type other than the declared content type. Current (early 2014) and legacy versions of Firefox will use the declared content type (if one is set), rather than performing MIME-sniffing.","messageId":"18","url":"https://todoist.com/_next/static/chunks/98618d58f2d1dd3f4c8f42b4970db65e004fbfe5.6c003068d2db4fbc855f.js","reference":"http://msdn.microsoft.com/en-us/library/ie/gg622941%28v=vs.85%29.aspx\nhttps://owasp.org/www-community/Security_Headers","solution":"Ensure that the application/web server sets the Content-Type header appropriately, and that it sets the X-Content-Type-Options header to 'nosniff' for all web pages.\nIf possible, ensure that the end user uses a standards-compliant and modern web browser that does not perform MIME-sniffing at all, or that can be directed by the web application/web server to not perform MIME-sniffing.","alert":"X-Content-Type-Options Header Missing","param":"X-Content-Type-Options","attack":"","name":"X-Content-Type-Options Header Missing","risk":"Low","id":"76","alertRef":"10021"},{"sourceid":"3","other":"The following pattern was used: \\bSELECT\\b and was detected in the element starting with: \"(window.webpackJsonp_N_E=window.webpackJsonp_N_E||[]).push([[3],{\"+ipW\":function(e,t,r){\"use strict\";r.d(t,\"a\",(function(){retur\", see evidence field for the suspicious comment/snippet.","method":"GET","evidence":"SELECT","pluginId":"10027","cweid":"200","confidence":"Low","wascid":"13","description":"The response appears to contain suspicious comments which may help an attacker. Note: Matches made within script blocks or files are against the entire content not only comments.","messageId":"19","url":"https://todoist.com/_next/static/chunks/0e8f85b20ed9ab0a6102c8b8298bac1d6cb4c89b.0fe8d2aa3a66f036f1d2.js","reference":"","solution":"Remove all comments that return information that may help an attacker and fix any underlying problems they refer to.","alert":"Information Disclosure - Suspicious Comments","param":"","attack":"","name":"Information Disclosure - Suspicious Comments","risk":"Informational","id":"77","alertRef":"10027"},{"sourceid":"3","other":"268435455, which evaluates to: 1978-07-04 16:24:15","method":"GET","evidence":"268435455","pluginId":"10096","cweid":"200","confidence":"Low","wascid":"13","description":"A timestamp was disclosed by the application/web server - Unix","messageId":"19","url":"https://todoist.com/_next/static/chunks/0e8f85b20ed9ab0a6102c8b8298bac1d6cb4c89b.0fe8d2aa3a66f036f1d2.js","reference":"http://projects.webappsec.org/w/page/13246936/Information%20Leakage","solution":"Manually confirm that the timestamp data is not sensitive, and that the data cannot be aggregated to disclose exploitable patterns.","alert":"Timestamp Disclosure - Unix","param":"","attack":"","name":"Timestamp Disclosure - Unix","risk":"Informational","id":"78","alertRef":"10096"},{"sourceid":"3","other":"1732584193, which evaluates to: 2024-11-25 20:23:13","method":"GET","evidence":"1732584193","pluginId":"10096","cweid":"200","confidence":"Low","wascid":"13","description":"A timestamp was disclosed by the application/web server - Unix","messageId":"19","url":"https://todoist.com/_next/static/chunks/0e8f85b20ed9ab0a6102c8b8298bac1d6cb4c89b.0fe8d2aa3a66f036f1d2.js","reference":"http://projects.webappsec.org/w/page/13246936/Information%20Leakage","solution":"Manually confirm that the timestamp data is not sensitive, and that the data cannot be aggregated to disclose exploitable patterns.","alert":"Timestamp Disclosure - Unix","param":"","attack":"","name":"Timestamp Disclosure - Unix","risk":"Informational","id":"80","alertRef":"10096"},{"sourceid":"3","other":"271733879, which evaluates to: 1978-08-11 20:37:59","method":"GET","evidence":"271733879","pluginId":"10096","cweid":"200","confidence":"Low","wascid":"13","description":"A timestamp was disclosed by the application/web server - Unix","messageId":"19","url":"https://todoist.com/_next/static/chunks/0e8f85b20ed9ab0a6102c8b8298bac1d6cb4c89b.0fe8d2aa3a66f036f1d2.js","reference":"http://projects.webappsec.org/w/page/13246936/Information%20Leakage","solution":"Manually confirm that the timestamp data is not sensitive, and that the data cannot be aggregated to disclose exploitable patterns.","alert":"Timestamp Disclosure - Unix","param":"","attack":"","name":"Timestamp Disclosure - Unix","risk":"Informational","id":"81","alertRef":"10096"},{"sourceid":"3","other":"1732584194, which evaluates to: 2024-11-25 20:23:14","method":"GET","evidence":"1732584194","pluginId":"10096","cweid":"200","confidence":"Low","wascid":"13","description":"A timestamp was disclosed by the application/web server - Unix","messageId":"19","url":"https://todoist.com/_next/static/chunks/0e8f85b20ed9ab0a6102c8b8298bac1d6cb4c89b.0fe8d2aa3a66f036f1d2.js","reference":"http://projects.webappsec.org/w/page/13246936/Information%20Leakage","solution":"Manually confirm that the timestamp data is not sensitive, and that the data cannot be aggregated to disclose exploitable patterns.","alert":"Timestamp Disclosure - Unix","param":"","attack":"","name":"Timestamp Disclosure - Unix","risk":"Informational","id":"82","alertRef":"10096"},{"sourceid":"3","other":"271733878, which evaluates to: 1978-08-11 20:37:58","method":"GET","evidence":"271733878","pluginId":"10096","cweid":"200","confidence":"Low","wascid":"13","description":"A timestamp was disclosed by the application/web server - Unix","messageId":"19","url":"https://todoist.com/_next/static/chunks/0e8f85b20ed9ab0a6102c8b8298bac1d6cb4c89b.0fe8d2aa3a66f036f1d2.js","reference":"http://projects.webappsec.org/w/page/13246936/Information%20Leakage","solution":"Manually confirm that the timestamp data is not sensitive, and that the data cannot be aggregated to disclose exploitable patterns.","alert":"Timestamp Disclosure - Unix","param":"","attack":"","name":"Timestamp Disclosure - Unix","risk":"Informational","id":"83","alertRef":"10096"},{"sourceid":"3","other":"680876936, which evaluates to: 1991-07-30 07:28:56","method":"GET","evidence":"680876936","pluginId":"10096","cweid":"200","confidence":"Low","wascid":"13","description":"A timestamp was disclosed by the application/web server - Unix","messageId":"19","url":"https://todoist.com/_next/static/chunks/0e8f85b20ed9ab0a6102c8b8298bac1d6cb4c89b.0fe8d2aa3a66f036f1d2.js","reference":"http://projects.webappsec.org/w/page/13246936/Information%20Leakage","solution":"Manually confirm that the timestamp data is not sensitive, and that the data cannot be aggregated to disclose exploitable patterns.","alert":"Timestamp Disclosure - Unix","param":"","attack":"","name":"Timestamp Disclosure - Unix","risk":"Informational","id":"84","alertRef":"10096"},{"sourceid":"3","other":"389564586, which evaluates to: 1982-05-06 15:23:06","method":"GET","evidence":"389564586","pluginId":"10096","cweid":"200","confidence":"Low","wascid":"13","description":"A timestamp was disclosed by the application/web server - Unix","messageId":"19","url":"https://todoist.com/_next/static/chunks/0e8f85b20ed9ab0a6102c8b8298bac1d6cb4c89b.0fe8d2aa3a66f036f1d2.js","reference":"http://projects.webappsec.org/w/page/13246936/Information%20Leakage","solution":"Manually confirm that the timestamp data is not sensitive, and that the data cannot be aggregated to disclose exploitable patterns.","alert":"Timestamp Disclosure - Unix","param":"","attack":"","name":"Timestamp Disclosure - Unix","risk":"Informational","id":"85","alertRef":"10096"},{"sourceid":"3","other":"606105819, which evaluates to: 1989-03-16 21:43:39","method":"GET","evidence":"606105819","pluginId":"10096","cweid":"200","confidence":"Low","wascid":"13","description":"A timestamp was disclosed by the application/web server - Unix","messageId":"19","url":"https://todoist.com/_next/static/chunks/0e8f85b20ed9ab0a6102c8b8298bac1d6cb4c89b.0fe8d2aa3a66f036f1d2.js","reference":"http://projects.webappsec.org/w/page/13246936/Information%20Leakage","solution":"Manually confirm that the timestamp data is not sensitive, and that the data cannot be aggregated to disclose exploitable patterns.","alert":"Timestamp Disclosure - Unix","param":"","attack":"","name":"Timestamp Disclosure - Unix","risk":"Informational","id":"86","alertRef":"10096"},{"sourceid":"3","other":"1044525330, which evaluates to: 2003-02-06 04:55:30","method":"GET","evidence":"1044525330","pluginId":"10096","cweid":"200","confidence":"Low","wascid":"13","description":"A timestamp was disclosed by the application/web server - Unix","messageId":"19","url":"https://todoist.com/_next/static/chunks/0e8f85b20ed9ab0a6102c8b8298bac1d6cb4c89b.0fe8d2aa3a66f036f1d2.js","reference":"http://projects.webappsec.org/w/page/13246936/Information%20Leakage","solution":"Manually confirm that the timestamp data is not sensitive, and that the data cannot be aggregated to disclose exploitable patterns.","alert":"Timestamp Disclosure - Unix","param":"","attack":"","name":"Timestamp Disclosure - Unix","risk":"Informational","id":"87","alertRef":"10096"},{"sourceid":"3","other":"176418897, which evaluates to: 1975-08-04 16:14:57","method":"GET","evidence":"176418897","pluginId":"10096","cweid":"200","confidence":"Low","wascid":"13","description":"A timestamp was disclosed by the application/web server - Unix","messageId":"19","url":"https://todoist.com/_next/static/chunks/0e8f85b20ed9ab0a6102c8b8298bac1d6cb4c89b.0fe8d2aa3a66f036f1d2.js","reference":"http://projects.webappsec.org/w/page/13246936/Information%20Leakage","solution":"Manually confirm that the timestamp data is not sensitive, and that the data cannot be aggregated to disclose exploitable patterns.","alert":"Timestamp Disclosure - Unix","param":"","attack":"","name":"Timestamp Disclosure - Unix","risk":"Informational","id":"88","alertRef":"10096"},{"sourceid":"3","other":"1200080426, which evaluates to: 2008-01-11 14:40:26","method":"GET","evidence":"1200080426","pluginId":"10096","cweid":"200","confidence":"Low","wascid":"13","description":"A timestamp was disclosed by the application/web server - Unix","messageId":"19","url":"https://todoist.com/_next/static/chunks/0e8f85b20ed9ab0a6102c8b8298bac1d6cb4c89b.0fe8d2aa3a66f036f1d2.js","reference":"http://projects.webappsec.org/w/page/13246936/Information%20Leakage","solution":"Manually confirm that the timestamp data is not sensitive, and that the data cannot be aggregated to disclose exploitable patterns.","alert":"Timestamp Disclosure - Unix","param":"","attack":"","name":"Timestamp Disclosure - Unix","risk":"Informational","id":"89","alertRef":"10096"},{"sourceid":"3","other":"1473231341, which evaluates to: 2016-09-07 01:55:41","method":"GET","evidence":"1473231341","pluginId":"10096","cweid":"200","confidence":"Low","wascid":"13","description":"A timestamp was disclosed by the application/web server - Unix","messageId":"19","url":"https://todoist.com/_next/static/chunks/0e8f85b20ed9ab0a6102c8b8298bac1d6cb4c89b.0fe8d2aa3a66f036f1d2.js","reference":"http://projects.webappsec.org/w/page/13246936/Information%20Leakage","solution":"Manually confirm that the timestamp data is not sensitive, and that the data cannot be aggregated to disclose exploitable patterns.","alert":"Timestamp Disclosure - Unix","param":"","attack":"","name":"Timestamp Disclosure - Unix","risk":"Informational","id":"90","alertRef":"10096"},{"sourceid":"3","other":"45705983, which evaluates to: 1971-06-13 19:06:23","method":"GET","evidence":"45705983","pluginId":"10096","cweid":"200","confidence":"Low","wascid":"13","description":"A timestamp was disclosed by the application/web server - Unix","messageId":"19","url":"https://todoist.com/_next/static/chunks/0e8f85b20ed9ab0a6102c8b8298bac1d6cb4c89b.0fe8d2aa3a66f036f1d2.js","reference":"http://projects.webappsec.org/w/page/13246936/Information%20Leakage","solution":"Manually confirm that the timestamp data is not sensitive, and that the data cannot be aggregated to disclose exploitable patterns.","alert":"Timestamp Disclosure - Unix","param":"","attack":"","name":"Timestamp Disclosure - Unix","risk":"Informational","id":"91","alertRef":"10096"},{"sourceid":"3","other":"1770035416, which evaluates to: 2026-02-02 07:30:16","method":"GET","evidence":"1770035416","pluginId":"10096","cweid":"200","confidence":"Low","wascid":"13","description":"A timestamp was disclosed by the application/web server - Unix","messageId":"19","url":"https://todoist.com/_next/static/chunks/0e8f85b20ed9ab0a6102c8b8298bac1d6cb4c89b.0fe8d2aa3a66f036f1d2.js","reference":"http://projects.webappsec.org/w/page/13246936/Information%20Leakage","solution":"Manually confirm that the timestamp data is not sensitive, and that the data cannot be aggregated to disclose exploitable patterns.","alert":"Timestamp Disclosure - Unix","param":"","attack":"","name":"Timestamp Disclosure - Unix","risk":"Informational","id":"92","alertRef":"10096"},{"sourceid":"3","other":"1958414417, which evaluates to: 2032-01-22 15:00:17","method":"GET","evidence":"1958414417","pluginId":"10096","cweid":"200","confidence":"Low","wascid":"13","description":"A timestamp was disclosed by the application/web server - Unix","messageId":"19","url":"https://todoist.com/_next/static/chunks/0e8f85b20ed9ab0a6102c8b8298bac1d6cb4c89b.0fe8d2aa3a66f036f1d2.js","reference":"http://projects.webappsec.org/w/page/13246936/Information%20Leakage","solution":"Manually confirm that the timestamp data is not sensitive, and that the data cannot be aggregated to disclose exploitable patterns.","alert":"Timestamp Disclosure - Unix","param":"","attack":"","name":"Timestamp Disclosure - Unix","risk":"Informational","id":"93","alertRef":"10096"},{"sourceid":"3","other":"1990404162, which evaluates to: 2033-01-26 21:02:42","method":"GET","evidence":"1990404162","pluginId":"10096","cweid":"200","confidence":"Low","wascid":"13","description":"A timestamp was disclosed by the application/web server - Unix","messageId":"19","url":"https://todoist.com/_next/static/chunks/0e8f85b20ed9ab0a6102c8b8298bac1d6cb4c89b.0fe8d2aa3a66f036f1d2.js","reference":"http://projects.webappsec.org/w/page/13246936/Information%20Leakage","solution":"Manually confirm that the timestamp data is not sensitive, and that the data cannot be aggregated to disclose exploitable patterns.","alert":"Timestamp Disclosure - Unix","param":"","attack":"","name":"Timestamp Disclosure - Unix","risk":"Informational","id":"94","alertRef":"10096"},{"sourceid":"3","other":"1804603682, which evaluates to: 2027-03-09 09:48:02","method":"GET","evidence":"1804603682","pluginId":"10096","cweid":"200","confidence":"Low","wascid":"13","description":"A timestamp was disclosed by the application/web server - Unix","messageId":"19","url":"https://todoist.com/_next/static/chunks/0e8f85b20ed9ab0a6102c8b8298bac1d6cb4c89b.0fe8d2aa3a66f036f1d2.js","reference":"http://projects.webappsec.org/w/page/13246936/Information%20Leakage","solution":"Manually confirm that the timestamp data is not sensitive, and that the data cannot be aggregated to disclose exploitable patterns.","alert":"Timestamp Disclosure - Unix","param":"","attack":"","name":"Timestamp Disclosure - Unix","risk":"Informational","id":"95","alertRef":"10096"},{"sourceid":"3","other":"40341101, which evaluates to: 1971-04-12 16:51:41","method":"GET","evidence":"40341101","pluginId":"10096","cweid":"200","confidence":"Low","wascid":"13","description":"A timestamp was disclosed by the application/web server - Unix","messageId":"19","url":"https://todoist.com/_next/static/chunks/0e8f85b20ed9ab0a6102c8b8298bac1d6cb4c89b.0fe8d2aa3a66f036f1d2.js","reference":"http://projects.webappsec.org/w/page/13246936/Information%20Leakage","solution":"Manually confirm that the timestamp data is not sensitive, and that the data cannot be aggregated to disclose exploitable patterns.","alert":"Timestamp Disclosure - Unix","param":"","attack":"","name":"Timestamp Disclosure - Unix","risk":"Informational","id":"96","alertRef":"10096"},{"sourceid":"3","other":"1502002290, which evaluates to: 2017-08-06 01:51:30","method":"GET","evidence":"1502002290","pluginId":"10096","cweid":"200","confidence":"Low","wascid":"13","description":"A timestamp was disclosed by the application/web server - Unix","messageId":"19","url":"https://todoist.com/_next/static/chunks/0e8f85b20ed9ab0a6102c8b8298bac1d6cb4c89b.0fe8d2aa3a66f036f1d2.js","reference":"http://projects.webappsec.org/w/page/13246936/Information%20Leakage","solution":"Manually confirm that the timestamp data is not sensitive, and that the data cannot be aggregated to disclose exploitable patterns.","alert":"Timestamp Disclosure - Unix","param":"","attack":"","name":"Timestamp Disclosure - Unix","risk":"Informational","id":"97","alertRef":"10096"},{"sourceid":"3","other":"1236535329, which evaluates to: 2009-03-08 13:02:09","method":"GET","evidence":"1236535329","pluginId":"10096","cweid":"200","confidence":"Low","wascid":"13","description":"A timestamp was disclosed by the application/web server - Unix","messageId":"19","url":"https://todoist.com/_next/static/chunks/0e8f85b20ed9ab0a6102c8b8298bac1d6cb4c89b.0fe8d2aa3a66f036f1d2.js","reference":"http://projects.webappsec.org/w/page/13246936/Information%20Leakage","solution":"Manually confirm that the timestamp data is not sensitive, and that the data cannot be aggregated to disclose exploitable patterns.","alert":"Timestamp Disclosure - Unix","param":"","attack":"","name":"Timestamp Disclosure - Unix","risk":"Informational","id":"98","alertRef":"10096"},{"sourceid":"3","other":"165796510, which evaluates to: 1975-04-03 17:35:10","method":"GET","evidence":"165796510","pluginId":"10096","cweid":"200","confidence":"Low","wascid":"13","description":"A timestamp was disclosed by the application/web server - Unix","messageId":"19","url":"https://todoist.com/_next/static/chunks/0e8f85b20ed9ab0a6102c8b8298bac1d6cb4c89b.0fe8d2aa3a66f036f1d2.js","reference":"http://projects.webappsec.org/w/page/13246936/Information%20Leakage","solution":"Manually confirm that the timestamp data is not sensitive, and that the data cannot be aggregated to disclose exploitable patterns.","alert":"Timestamp Disclosure - Unix","param":"","attack":"","name":"Timestamp Disclosure - Unix","risk":"Informational","id":"99","alertRef":"10096"},{"sourceid":"3","other":"1069501632, which evaluates to: 2003-11-22 06:47:12","method":"GET","evidence":"1069501632","pluginId":"10096","cweid":"200","confidence":"Low","wascid":"13","description":"A timestamp was disclosed by the application/web server - Unix","messageId":"19","url":"https://todoist.com/_next/static/chunks/0e8f85b20ed9ab0a6102c8b8298bac1d6cb4c89b.0fe8d2aa3a66f036f1d2.js","reference":"http://projects.webappsec.org/w/page/13246936/Information%20Leakage","solution":"Manually confirm that the timestamp data is not sensitive, and that the data cannot be aggregated to disclose exploitable patterns.","alert":"Timestamp Disclosure - Unix","param":"","attack":"","name":"Timestamp Disclosure - Unix","risk":"Informational","id":"100","alertRef":"10096"},{"sourceid":"3","other":"643717713, which evaluates to: 1990-05-26 05:28:33","method":"GET","evidence":"643717713","pluginId":"10096","cweid":"200","confidence":"Low","wascid":"13","description":"A timestamp was disclosed by the application/web server - Unix","messageId":"19","url":"https://todoist.com/_next/static/chunks/0e8f85b20ed9ab0a6102c8b8298bac1d6cb4c89b.0fe8d2aa3a66f036f1d2.js","reference":"http://projects.webappsec.org/w/page/13246936/Information%20Leakage","solution":"Manually confirm that the timestamp data is not sensitive, and that the data cannot be aggregated to disclose exploitable patterns.","alert":"Timestamp Disclosure - Unix","param":"","attack":"","name":"Timestamp Disclosure - Unix","risk":"Informational","id":"101","alertRef":"10096"},{"sourceid":"3","other":"373897302, which evaluates to: 1981-11-06 07:21:42","method":"GET","evidence":"373897302","pluginId":"10096","cweid":"200","confidence":"Low","wascid":"13","description":"A timestamp was disclosed by the application/web server - Unix","messageId":"19","url":"https://todoist.com/_next/static/chunks/0e8f85b20ed9ab0a6102c8b8298bac1d6cb4c89b.0fe8d2aa3a66f036f1d2.js","reference":"http://projects.webappsec.org/w/page/13246936/Information%20Leakage","solution":"Manually confirm that the timestamp data is not sensitive, and that the data cannot be aggregated to disclose exploitable patterns.","alert":"Timestamp Disclosure - Unix","param":"","attack":"","name":"Timestamp Disclosure - Unix","risk":"Informational","id":"102","alertRef":"10096"},{"sourceid":"3","other":"701558691, which evaluates to: 1992-03-25 16:24:51","method":"GET","evidence":"701558691","pluginId":"10096","cweid":"200","confidence":"Low","wascid":"13","description":"A timestamp was disclosed by the application/web server - Unix","messageId":"19","url":"https://todoist.com/_next/static/chunks/0e8f85b20ed9ab0a6102c8b8298bac1d6cb4c89b.0fe8d2aa3a66f036f1d2.js","reference":"http://projects.webappsec.org/w/page/13246936/Information%20Leakage","solution":"Manually confirm that the timestamp data is not sensitive, and that the data cannot be aggregated to disclose exploitable patterns.","alert":"Timestamp Disclosure - Unix","param":"","attack":"","name":"Timestamp Disclosure - Unix","risk":"Informational","id":"103","alertRef":"10096"},{"sourceid":"3","other":"38016083, which evaluates to: 1971-03-16 19:01:23","method":"GET","evidence":"38016083","pluginId":"10096","cweid":"200","confidence":"Low","wascid":"13","description":"A timestamp was disclosed by the application/web server - Unix","messageId":"19","url":"https://todoist.com/_next/static/chunks/0e8f85b20ed9ab0a6102c8b8298bac1d6cb4c89b.0fe8d2aa3a66f036f1d2.js","reference":"http://projects.webappsec.org/w/page/13246936/Information%20Leakage","solution":"Manually confirm that the timestamp data is not sensitive, and that the data cannot be aggregated to disclose exploitable patterns.","alert":"Timestamp Disclosure - Unix","param":"","attack":"","name":"Timestamp Disclosure - Unix","risk":"Informational","id":"104","alertRef":"10096"},{"sourceid":"3","other":"660478335, which evaluates to: 1990-12-06 05:12:15","method":"GET","evidence":"660478335","pluginId":"10096","cweid":"200","confidence":"Low","wascid":"13","description":"A timestamp was disclosed by the application/web server - Unix","messageId":"19","url":"https://todoist.com/_next/static/chunks/0e8f85b20ed9ab0a6102c8b8298bac1d6cb4c89b.0fe8d2aa3a66f036f1d2.js","reference":"http://projects.webappsec.org/w/page/13246936/Information%20Leakage","solution":"Manually confirm that the timestamp data is not sensitive, and that the data cannot be aggregated to disclose exploitable patterns.","alert":"Timestamp Disclosure - Unix","param":"","attack":"","name":"Timestamp Disclosure - Unix","risk":"Informational","id":"105","alertRef":"10096"},{"sourceid":"3","other":"405537848, which evaluates to: 1982-11-07 12:24:08","method":"GET","evidence":"405537848","pluginId":"10096","cweid":"200","confidence":"Low","wascid":"13","description":"A timestamp was disclosed by the application/web server - Unix","messageId":"19","url":"https://todoist.com/_next/static/chunks/0e8f85b20ed9ab0a6102c8b8298bac1d6cb4c89b.0fe8d2aa3a66f036f1d2.js","reference":"http://projects.webappsec.org/w/page/13246936/Information%20Leakage","solution":"Manually confirm that the timestamp data is not sensitive, and that the data cannot be aggregated to disclose exploitable patterns.","alert":"Timestamp Disclosure - Unix","param":"","attack":"","name":"Timestamp Disclosure - Unix","risk":"Informational","id":"106","alertRef":"10096"},{"sourceid":"3","other":"568446438, which evaluates to: 1988-01-06 00:47:18","method":"GET","evidence":"568446438","pluginId":"10096","cweid":"200","confidence":"Low","wascid":"13","description":"A timestamp was disclosed by the application/web server - Unix","messageId":"19","url":"https://todoist.com/_next/static/chunks/0e8f85b20ed9ab0a6102c8b8298bac1d6cb4c89b.0fe8d2aa3a66f036f1d2.js","reference":"http://projects.webappsec.org/w/page/13246936/Information%20Leakage","solution":"Manually confirm that the timestamp data is not sensitive, and that the data cannot be aggregated to disclose exploitable patterns.","alert":"Timestamp Disclosure - Unix","param":"","attack":"","name":"Timestamp Disclosure - Unix","risk":"Informational","id":"107","alertRef":"10096"},{"sourceid":"3","other":"1019803690, which evaluates to: 2002-04-26 01:48:10","method":"GET","evidence":"1019803690","pluginId":"10096","cweid":"200","confidence":"Low","wascid":"13","description":"A timestamp was disclosed by the application/web server - Unix","messageId":"19","url":"https://todoist.com/_next/static/chunks/0e8f85b20ed9ab0a6102c8b8298bac1d6cb4c89b.0fe8d2aa3a66f036f1d2.js","reference":"http://projects.webappsec.org/w/page/13246936/Information%20Leakage","solution":"Manually confirm that the timestamp data is not sensitive, and that the data cannot be aggregated to disclose exploitable patterns.","alert":"Timestamp Disclosure - Unix","param":"","attack":"","name":"Timestamp Disclosure - Unix","risk":"Informational","id":"108","alertRef":"10096"},{"sourceid":"3","other":"187363961, which evaluates to: 1975-12-09 08:32:41","method":"GET","evidence":"187363961","pluginId":"10096","cweid":"200","confidence":"Low","wascid":"13","description":"A timestamp was disclosed by the application/web server - Unix","messageId":"19","url":"https://todoist.com/_next/static/chunks/0e8f85b20ed9ab0a6102c8b8298bac1d6cb4c89b.0fe8d2aa3a66f036f1d2.js","reference":"http://projects.webappsec.org/w/page/13246936/Information%20Leakage","solution":"Manually confirm that the timestamp data is not sensitive, and that the data cannot be aggregated to disclose exploitable patterns.","alert":"Timestamp Disclosure - Unix","param":"","attack":"","name":"Timestamp Disclosure - Unix","risk":"Informational","id":"109","alertRef":"10096"},{"sourceid":"3","other":"1163531501, which evaluates to: 2006-11-14 14:11:41","method":"GET","evidence":"1163531501","pluginId":"10096","cweid":"200","confidence":"Low","wascid":"13","description":"A timestamp was disclosed by the application/web server - Unix","messageId":"19","url":"https://todoist.com/_next/static/chunks/0e8f85b20ed9ab0a6102c8b8298bac1d6cb4c89b.0fe8d2aa3a66f036f1d2.js","reference":"http://projects.webappsec.org/w/page/13246936/Information%20Leakage","solution":"Manually confirm that the timestamp data is not sensitive, and that the data cannot be aggregated to disclose exploitable patterns.","alert":"Timestamp Disclosure - Unix","param":"","attack":"","name":"Timestamp Disclosure - Unix","risk":"Informational","id":"110","alertRef":"10096"},{"sourceid":"3","other":"1444681467, which evaluates to: 2015-10-12 15:24:27","method":"GET","evidence":"1444681467","pluginId":"10096","cweid":"200","confidence":"Low","wascid":"13","description":"A timestamp was disclosed by the application/web server - Unix","messageId":"19","url":"https://todoist.com/_next/static/chunks/0e8f85b20ed9ab0a6102c8b8298bac1d6cb4c89b.0fe8d2aa3a66f036f1d2.js","reference":"http://projects.webappsec.org/w/page/13246936/Information%20Leakage","solution":"Manually confirm that the timestamp data is not sensitive, and that the data cannot be aggregated to disclose exploitable patterns.","alert":"Timestamp Disclosure - Unix","param":"","attack":"","name":"Timestamp Disclosure - Unix","risk":"Informational","id":"111","alertRef":"10096"},{"sourceid":"3","other":"51403784, which evaluates to: 1971-08-18 17:49:44","method":"GET","evidence":"51403784","pluginId":"10096","cweid":"200","confidence":"Low","wascid":"13","description":"A timestamp was disclosed by the application/web server - Unix","messageId":"19","url":"https://todoist.com/_next/static/chunks/0e8f85b20ed9ab0a6102c8b8298bac1d6cb4c89b.0fe8d2aa3a66f036f1d2.js","reference":"http://projects.webappsec.org/w/page/13246936/Information%20Leakage","solution":"Manually confirm that the timestamp data is not sensitive, and that the data cannot be aggregated to disclose exploitable patterns.","alert":"Timestamp Disclosure - Unix","param":"","attack":"","name":"Timestamp Disclosure - Unix","risk":"Informational","id":"112","alertRef":"10096"},{"sourceid":"3","other":"1735328473, which evaluates to: 2024-12-27 14:41:13","method":"GET","evidence":"1735328473","pluginId":"10096","cweid":"200","confidence":"Low","wascid":"13","description":"A timestamp was disclosed by the application/web server - Unix","messageId":"19","url":"https://todoist.com/_next/static/chunks/0e8f85b20ed9ab0a6102c8b8298bac1d6cb4c89b.0fe8d2aa3a66f036f1d2.js","reference":"http://projects.webappsec.org/w/page/13246936/Information%20Leakage","solution":"Manually confirm that the timestamp data is not sensitive, and that the data cannot be aggregated to disclose exploitable patterns.","alert":"Timestamp Disclosure - Unix","param":"","attack":"","name":"Timestamp Disclosure - Unix","risk":"Informational","id":"113","alertRef":"10096"},{"sourceid":"3","other":"1926607734, which evaluates to: 2031-01-19 11:48:54","method":"GET","evidence":"1926607734","pluginId":"10096","cweid":"200","confidence":"Low","wascid":"13","description":"A timestamp was disclosed by the application/web server - Unix","messageId":"19","url":"https://todoist.com/_next/static/chunks/0e8f85b20ed9ab0a6102c8b8298bac1d6cb4c89b.0fe8d2aa3a66f036f1d2.js","reference":"http://projects.webappsec.org/w/page/13246936/Information%20Leakage","solution":"Manually confirm that the timestamp data is not sensitive, and that the data cannot be aggregated to disclose exploitable patterns.","alert":"Timestamp Disclosure - Unix","param":"","attack":"","name":"Timestamp Disclosure - Unix","risk":"Informational","id":"114","alertRef":"10096"},{"sourceid":"3","other":"2022574463, which evaluates to: 2034-02-03 05:14:23","method":"GET","evidence":"2022574463","pluginId":"10096","cweid":"200","confidence":"Low","wascid":"13","description":"A timestamp was disclosed by the application/web server - Unix","messageId":"19","url":"https://todoist.com/_next/static/chunks/0e8f85b20ed9ab0a6102c8b8298bac1d6cb4c89b.0fe8d2aa3a66f036f1d2.js","reference":"http://projects.webappsec.org/w/page/13246936/Information%20Leakage","solution":"Manually confirm that the timestamp data is not sensitive, and that the data cannot be aggregated to disclose exploitable patterns.","alert":"Timestamp Disclosure - Unix","param":"","attack":"","name":"Timestamp Disclosure - Unix","risk":"Informational","id":"115","alertRef":"10096"},{"sourceid":"3","other":"1839030562, which evaluates to: 2028-04-10 20:49:22","method":"GET","evidence":"1839030562","pluginId":"10096","cweid":"200","confidence":"Low","wascid":"13","description":"A timestamp was disclosed by the application/web server - Unix","messageId":"19","url":"https://todoist.com/_next/static/chunks/0e8f85b20ed9ab0a6102c8b8298bac1d6cb4c89b.0fe8d2aa3a66f036f1d2.js","reference":"http://projects.webappsec.org/w/page/13246936/Information%20Leakage","solution":"Manually confirm that the timestamp data is not sensitive, and that the data cannot be aggregated to disclose exploitable patterns.","alert":"Timestamp Disclosure - Unix","param":"","attack":"","name":"Timestamp Disclosure - Unix","risk":"Informational","id":"116","alertRef":"10096"},{"sourceid":"3","other":"35309556, which evaluates to: 1971-02-13 11:12:36","method":"GET","evidence":"35309556","pluginId":"10096","cweid":"200","confidence":"Low","wascid":"13","description":"A timestamp was disclosed by the application/web server - Unix","messageId":"19","url":"https://todoist.com/_next/static/chunks/0e8f85b20ed9ab0a6102c8b8298bac1d6cb4c89b.0fe8d2aa3a66f036f1d2.js","reference":"http://projects.webappsec.org/w/page/13246936/Information%20Leakage","solution":"Manually confirm that the timestamp data is not sensitive, and that the data cannot be aggregated to disclose exploitable patterns.","alert":"Timestamp Disclosure - Unix","param":"","attack":"","name":"Timestamp Disclosure - Unix","risk":"Informational","id":"117","alertRef":"10096"},{"sourceid":"3","other":"1530992060, which evaluates to: 2018-07-07 14:34:20","method":"GET","evidence":"1530992060","pluginId":"10096","cweid":"200","confidence":"Low","wascid":"13","description":"A timestamp was disclosed by the application/web server - Unix","messageId":"19","url":"https://todoist.com/_next/static/chunks/0e8f85b20ed9ab0a6102c8b8298bac1d6cb4c89b.0fe8d2aa3a66f036f1d2.js","reference":"http://projects.webappsec.org/w/page/13246936/Information%20Leakage","solution":"Manually confirm that the timestamp data is not sensitive, and that the data cannot be aggregated to disclose exploitable patterns.","alert":"Timestamp Disclosure - Unix","param":"","attack":"","name":"Timestamp Disclosure - Unix","risk":"Informational","id":"118","alertRef":"10096"},{"sourceid":"3","other":"1272893353, which evaluates to: 2010-05-03 08:29:13","method":"GET","evidence":"1272893353","pluginId":"10096","cweid":"200","confidence":"Low","wascid":"13","description":"A timestamp was disclosed by the application/web server - Unix","messageId":"19","url":"https://todoist.com/_next/static/chunks/0e8f85b20ed9ab0a6102c8b8298bac1d6cb4c89b.0fe8d2aa3a66f036f1d2.js","reference":"http://projects.webappsec.org/w/page/13246936/Information%20Leakage","solution":"Manually confirm that the timestamp data is not sensitive, and that the data cannot be aggregated to disclose exploitable patterns.","alert":"Timestamp Disclosure - Unix","param":"","attack":"","name":"Timestamp Disclosure - Unix","risk":"Informational","id":"119","alertRef":"10096"},{"sourceid":"3","other":"155497632, which evaluates to: 1974-12-05 12:47:12","method":"GET","evidence":"155497632","pluginId":"10096","cweid":"200","confidence":"Low","wascid":"13","description":"A timestamp was disclosed by the application/web server - Unix","messageId":"19","url":"https://todoist.com/_next/static/chunks/0e8f85b20ed9ab0a6102c8b8298bac1d6cb4c89b.0fe8d2aa3a66f036f1d2.js","reference":"http://projects.webappsec.org/w/page/13246936/Information%20Leakage","solution":"Manually confirm that the timestamp data is not sensitive, and that the data cannot be aggregated to disclose exploitable patterns.","alert":"Timestamp Disclosure - Unix","param":"","attack":"","name":"Timestamp Disclosure - Unix","risk":"Informational","id":"120","alertRef":"10096"},{"sourceid":"3","other":"1094730640, which evaluates to: 2004-09-09 06:50:40","method":"GET","evidence":"1094730640","pluginId":"10096","cweid":"200","confidence":"Low","wascid":"13","description":"A timestamp was disclosed by the application/web server - Unix","messageId":"19","url":"https://todoist.com/_next/static/chunks/0e8f85b20ed9ab0a6102c8b8298bac1d6cb4c89b.0fe8d2aa3a66f036f1d2.js","reference":"http://projects.webappsec.org/w/page/13246936/Information%20Leakage","solution":"Manually confirm that the timestamp data is not sensitive, and that the data cannot be aggregated to disclose exploitable patterns.","alert":"Timestamp Disclosure - Unix","param":"","attack":"","name":"Timestamp Disclosure - Unix","risk":"Informational","id":"121","alertRef":"10096"},{"sourceid":"3","other":"681279174, which evaluates to: 1991-08-03 23:12:54","method":"GET","evidence":"681279174","pluginId":"10096","cweid":"200","confidence":"Low","wascid":"13","description":"A timestamp was disclosed by the application/web server - Unix","messageId":"19","url":"https://todoist.com/_next/static/chunks/0e8f85b20ed9ab0a6102c8b8298bac1d6cb4c89b.0fe8d2aa3a66f036f1d2.js","reference":"http://projects.webappsec.org/w/page/13246936/Information%20Leakage","solution":"Manually confirm that the timestamp data is not sensitive, and that the data cannot be aggregated to disclose exploitable patterns.","alert":"Timestamp Disclosure - Unix","param":"","attack":"","name":"Timestamp Disclosure - Unix","risk":"Informational","id":"122","alertRef":"10096"},{"sourceid":"3","other":"358537222, which evaluates to: 1981-05-12 12:40:22","method":"GET","evidence":"358537222","pluginId":"10096","cweid":"200","confidence":"Low","wascid":"13","description":"A timestamp was disclosed by the application/web server - Unix","messageId":"19","url":"https://todoist.com/_next/static/chunks/0e8f85b20ed9ab0a6102c8b8298bac1d6cb4c89b.0fe8d2aa3a66f036f1d2.js","reference":"http://projects.webappsec.org/w/page/13246936/Information%20Leakage","solution":"Manually confirm that the timestamp data is not sensitive, and that the data cannot be aggregated to disclose exploitable patterns.","alert":"Timestamp Disclosure - Unix","param":"","attack":"","name":"Timestamp Disclosure - Unix","risk":"Informational","id":"123","alertRef":"10096"},{"sourceid":"3","other":"722521979, which evaluates to: 1992-11-23 08:32:59","method":"GET","evidence":"722521979","pluginId":"10096","cweid":"200","confidence":"Low","wascid":"13","description":"A timestamp was disclosed by the application/web server - Unix","messageId":"19","url":"https://todoist.com/_next/static/chunks/0e8f85b20ed9ab0a6102c8b8298bac1d6cb4c89b.0fe8d2aa3a66f036f1d2.js","reference":"http://projects.webappsec.org/w/page/13246936/Information%20Leakage","solution":"Manually confirm that the timestamp data is not sensitive, and that the data cannot be aggregated to disclose exploitable patterns.","alert":"Timestamp Disclosure - Unix","param":"","attack":"","name":"Timestamp Disclosure - Unix","risk":"Informational","id":"124","alertRef":"10096"},{"sourceid":"3","other":"76029189, which evaluates to: 1972-05-29 18:13:09","method":"GET","evidence":"76029189","pluginId":"10096","cweid":"200","confidence":"Low","wascid":"13","description":"A timestamp was disclosed by the application/web server - Unix","messageId":"19","url":"https://todoist.com/_next/static/chunks/0e8f85b20ed9ab0a6102c8b8298bac1d6cb4c89b.0fe8d2aa3a66f036f1d2.js","reference":"http://projects.webappsec.org/w/page/13246936/Information%20Leakage","solution":"Manually confirm that the timestamp data is not sensitive, and that the data cannot be aggregated to disclose exploitable patterns.","alert":"Timestamp Disclosure - Unix","param":"","attack":"","name":"Timestamp Disclosure - Unix","risk":"Informational","id":"125","alertRef":"10096"},{"sourceid":"3","other":"640364487, which evaluates to: 1990-04-17 10:01:27","method":"GET","evidence":"640364487","pluginId":"10096","cweid":"200","confidence":"Low","wascid":"13","description":"A timestamp was disclosed by the application/web server - Unix","messageId":"19","url":"https://todoist.com/_next/static/chunks/0e8f85b20ed9ab0a6102c8b8298bac1d6cb4c89b.0fe8d2aa3a66f036f1d2.js","reference":"http://projects.webappsec.org/w/page/13246936/Information%20Leakage","solution":"Manually confirm that the timestamp data is not sensitive, and that the data cannot be aggregated to disclose exploitable patterns.","alert":"Timestamp Disclosure - Unix","param":"","attack":"","name":"Timestamp Disclosure - Unix","risk":"Informational","id":"126","alertRef":"10096"},{"sourceid":"3","other":"421815835, which evaluates to: 1983-05-14 22:03:55","method":"GET","evidence":"421815835","pluginId":"10096","cweid":"200","confidence":"Low","wascid":"13","description":"A timestamp was disclosed by the application/web server - Unix","messageId":"19","url":"https://todoist.com/_next/static/chunks/0e8f85b20ed9ab0a6102c8b8298bac1d6cb4c89b.0fe8d2aa3a66f036f1d2.js","reference":"http://projects.webappsec.org/w/page/13246936/Information%20Leakage","solution":"Manually confirm that the timestamp data is not sensitive, and that the data cannot be aggregated to disclose exploitable patterns.","alert":"Timestamp Disclosure - Unix","param":"","attack":"","name":"Timestamp Disclosure - Unix","risk":"Informational","id":"127","alertRef":"10096"},{"sourceid":"3","other":"530742520, which evaluates to: 1986-10-26 15:28:40","method":"GET","evidence":"530742520","pluginId":"10096","cweid":"200","confidence":"Low","wascid":"13","description":"A timestamp was disclosed by the application/web server - Unix","messageId":"19","url":"https://todoist.com/_next/static/chunks/0e8f85b20ed9ab0a6102c8b8298bac1d6cb4c89b.0fe8d2aa3a66f036f1d2.js","reference":"http://projects.webappsec.org/w/page/13246936/Information%20Leakage","solution":"Manually confirm that the timestamp data is not sensitive, and that the data cannot be aggregated to disclose exploitable patterns.","alert":"Timestamp Disclosure - Unix","param":"","attack":"","name":"Timestamp Disclosure - Unix","risk":"Informational","id":"128","alertRef":"10096"},{"sourceid":"3","other":"995338651, which evaluates to: 2001-07-16 21:57:31","method":"GET","evidence":"995338651","pluginId":"10096","cweid":"200","confidence":"Low","wascid":"13","description":"A timestamp was disclosed by the application/web server - Unix","messageId":"19","url":"https://todoist.com/_next/static/chunks/0e8f85b20ed9ab0a6102c8b8298bac1d6cb4c89b.0fe8d2aa3a66f036f1d2.js","reference":"http://projects.webappsec.org/w/page/13246936/Information%20Leakage","solution":"Manually confirm that the timestamp data is not sensitive, and that the data cannot be aggregated to disclose exploitable patterns.","alert":"Timestamp Disclosure - Unix","param":"","attack":"","name":"Timestamp Disclosure - Unix","risk":"Informational","id":"129","alertRef":"10096"},{"sourceid":"3","other":"198630844, which evaluates to: 1976-04-17 18:14:04","method":"GET","evidence":"198630844","pluginId":"10096","cweid":"200","confidence":"Low","wascid":"13","description":"A timestamp was disclosed by the application/web server - Unix","messageId":"19","url":"https://todoist.com/_next/static/chunks/0e8f85b20ed9ab0a6102c8b8298bac1d6cb4c89b.0fe8d2aa3a66f036f1d2.js","reference":"http://projects.webappsec.org/w/page/13246936/Information%20Leakage","solution":"Manually confirm that the timestamp data is not sensitive, and that the data cannot be aggregated to disclose exploitable patterns.","alert":"Timestamp Disclosure - Unix","param":"","attack":"","name":"Timestamp Disclosure - Unix","risk":"Informational","id":"130","alertRef":"10096"},{"sourceid":"3","other":"1126891415, which evaluates to: 2005-09-16 12:23:35","method":"GET","evidence":"1126891415","pluginId":"10096","cweid":"200","confidence":"Low","wascid":"13","description":"A timestamp was disclosed by the application/web server - Unix","messageId":"19","url":"https://todoist.com/_next/static/chunks/0e8f85b20ed9ab0a6102c8b8298bac1d6cb4c89b.0fe8d2aa3a66f036f1d2.js","reference":"http://projects.webappsec.org/w/page/13246936/Information%20Leakage","solution":"Manually confirm that the timestamp data is not sensitive, and that the data cannot be aggregated to disclose exploitable patterns.","alert":"Timestamp Disclosure - Unix","param":"","attack":"","name":"Timestamp Disclosure - Unix","risk":"Informational","id":"131","alertRef":"10096"},{"sourceid":"3","other":"1416354905, which evaluates to: 2014-11-18 18:55:05","method":"GET","evidence":"1416354905","pluginId":"10096","cweid":"200","confidence":"Low","wascid":"13","description":"A timestamp was disclosed by the application/web server - Unix","messageId":"19","url":"https://todoist.com/_next/static/chunks/0e8f85b20ed9ab0a6102c8b8298bac1d6cb4c89b.0fe8d2aa3a66f036f1d2.js","reference":"http://projects.webappsec.org/w/page/13246936/Information%20Leakage","solution":"Manually confirm that the timestamp data is not sensitive, and that the data cannot be aggregated to disclose exploitable patterns.","alert":"Timestamp Disclosure - Unix","param":"","attack":"","name":"Timestamp Disclosure - Unix","risk":"Informational","id":"132","alertRef":"10096"},{"sourceid":"3","other":"57434055, which evaluates to: 1971-10-27 12:54:15","method":"GET","evidence":"57434055","pluginId":"10096","cweid":"200","confidence":"Low","wascid":"13","description":"A timestamp was disclosed by the application/web server - Unix","messageId":"19","url":"https://todoist.com/_next/static/chunks/0e8f85b20ed9ab0a6102c8b8298bac1d6cb4c89b.0fe8d2aa3a66f036f1d2.js","reference":"http://projects.webappsec.org/w/page/13246936/Information%20Leakage","solution":"Manually confirm that the timestamp data is not sensitive, and that the data cannot be aggregated to disclose exploitable patterns.","alert":"Timestamp Disclosure - Unix","param":"","attack":"","name":"Timestamp Disclosure - Unix","risk":"Informational","id":"133","alertRef":"10096"},{"sourceid":"3","other":"1700485571, which evaluates to: 2023-11-20 08:06:11","method":"GET","evidence":"1700485571","pluginId":"10096","cweid":"200","confidence":"Low","wascid":"13","description":"A timestamp was disclosed by the application/web server - Unix","messageId":"19","url":"https://todoist.com/_next/static/chunks/0e8f85b20ed9ab0a6102c8b8298bac1d6cb4c89b.0fe8d2aa3a66f036f1d2.js","reference":"http://projects.webappsec.org/w/page/13246936/Information%20Leakage","solution":"Manually confirm that the timestamp data is not sensitive, and that the data cannot be aggregated to disclose exploitable patterns.","alert":"Timestamp Disclosure - Unix","param":"","attack":"","name":"Timestamp Disclosure - Unix","risk":"Informational","id":"134","alertRef":"10096"},{"sourceid":"3","other":"1894986606, which evaluates to: 2030-01-18 12:10:06","method":"GET","evidence":"1894986606","pluginId":"10096","cweid":"200","confidence":"Low","wascid":"13","description":"A timestamp was disclosed by the application/web server - Unix","messageId":"19","url":"https://todoist.com/_next/static/chunks/0e8f85b20ed9ab0a6102c8b8298bac1d6cb4c89b.0fe8d2aa3a66f036f1d2.js","reference":"http://projects.webappsec.org/w/page/13246936/Information%20Leakage","solution":"Manually confirm that the timestamp data is not sensitive, and that the data cannot be aggregated to disclose exploitable patterns.","alert":"Timestamp Disclosure - Unix","param":"","attack":"","name":"Timestamp Disclosure - Unix","risk":"Informational","id":"135","alertRef":"10096"},{"sourceid":"3","other":"2054922799, which evaluates to: 2035-02-12 14:53:19","method":"GET","evidence":"2054922799","pluginId":"10096","cweid":"200","confidence":"Low","wascid":"13","description":"A timestamp was disclosed by the application/web server - Unix","messageId":"19","url":"https://todoist.com/_next/static/chunks/0e8f85b20ed9ab0a6102c8b8298bac1d6cb4c89b.0fe8d2aa3a66f036f1d2.js","reference":"http://projects.webappsec.org/w/page/13246936/Information%20Leakage","solution":"Manually confirm that the timestamp data is not sensitive, and that the data cannot be aggregated to disclose exploitable patterns.","alert":"Timestamp Disclosure - Unix","param":"","attack":"","name":"Timestamp Disclosure - Unix","risk":"Informational","id":"136","alertRef":"10096"},{"sourceid":"3","other":"1873313359, which evaluates to: 2029-05-12 15:49:19","method":"GET","evidence":"1873313359","pluginId":"10096","cweid":"200","confidence":"Low","wascid":"13","description":"A timestamp was disclosed by the application/web server - Unix","messageId":"19","url":"https://todoist.com/_next/static/chunks/0e8f85b20ed9ab0a6102c8b8298bac1d6cb4c89b.0fe8d2aa3a66f036f1d2.js","reference":"http://projects.webappsec.org/w/page/13246936/Information%20Leakage","solution":"Manually confirm that the timestamp data is not sensitive, and that the data cannot be aggregated to disclose exploitable patterns.","alert":"Timestamp Disclosure - Unix","param":"","attack":"","name":"Timestamp Disclosure - Unix","risk":"Informational","id":"137","alertRef":"10096"},{"sourceid":"3","other":"30611744, which evaluates to: 1970-12-21 02:15:44","method":"GET","evidence":"30611744","pluginId":"10096","cweid":"200","confidence":"Low","wascid":"13","description":"A timestamp was disclosed by the application/web server - Unix","messageId":"19","url":"https://todoist.com/_next/static/chunks/0e8f85b20ed9ab0a6102c8b8298bac1d6cb4c89b.0fe8d2aa3a66f036f1d2.js","reference":"http://projects.webappsec.org/w/page/13246936/Information%20Leakage","solution":"Manually confirm that the timestamp data is not sensitive, and that the data cannot be aggregated to disclose exploitable patterns.","alert":"Timestamp Disclosure - Unix","param":"","attack":"","name":"Timestamp Disclosure - Unix","risk":"Informational","id":"138","alertRef":"10096"},{"sourceid":"3","other":"1560198380, which evaluates to: 2019-06-10 15:26:20","method":"GET","evidence":"1560198380","pluginId":"10096","cweid":"200","confidence":"Low","wascid":"13","description":"A timestamp was disclosed by the application/web server - Unix","messageId":"19","url":"https://todoist.com/_next/static/chunks/0e8f85b20ed9ab0a6102c8b8298bac1d6cb4c89b.0fe8d2aa3a66f036f1d2.js","reference":"http://projects.webappsec.org/w/page/13246936/Information%20Leakage","solution":"Manually confirm that the timestamp data is not sensitive, and that the data cannot be aggregated to disclose exploitable patterns.","alert":"Timestamp Disclosure - Unix","param":"","attack":"","name":"Timestamp Disclosure - Unix","risk":"Informational","id":"139","alertRef":"10096"},{"sourceid":"3","other":"1309151649, which evaluates to: 2011-06-27 00:14:09","method":"GET","evidence":"1309151649","pluginId":"10096","cweid":"200","confidence":"Low","wascid":"13","description":"A timestamp was disclosed by the application/web server - Unix","messageId":"19","url":"https://todoist.com/_next/static/chunks/0e8f85b20ed9ab0a6102c8b8298bac1d6cb4c89b.0fe8d2aa3a66f036f1d2.js","reference":"http://projects.webappsec.org/w/page/13246936/Information%20Leakage","solution":"Manually confirm that the timestamp data is not sensitive, and that the data cannot be aggregated to disclose exploitable patterns.","alert":"Timestamp Disclosure - Unix","param":"","attack":"","name":"Timestamp Disclosure - Unix","risk":"Informational","id":"140","alertRef":"10096"},{"sourceid":"3","other":"145523070, which evaluates to: 1974-08-12 02:04:30","method":"GET","evidence":"145523070","pluginId":"10096","cweid":"200","confidence":"Low","wascid":"13","description":"A timestamp was disclosed by the application/web server - Unix","messageId":"19","url":"https://todoist.com/_next/static/chunks/0e8f85b20ed9ab0a6102c8b8298bac1d6cb4c89b.0fe8d2aa3a66f036f1d2.js","reference":"http://projects.webappsec.org/w/page/13246936/Information%20Leakage","solution":"Manually confirm that the timestamp data is not sensitive, and that the data cannot be aggregated to disclose exploitable patterns.","alert":"Timestamp Disclosure - Unix","param":"","attack":"","name":"Timestamp Disclosure - Unix","risk":"Informational","id":"141","alertRef":"10096"},{"sourceid":"3","other":"1120210379, which evaluates to: 2005-07-01 04:32:59","method":"GET","evidence":"1120210379","pluginId":"10096","cweid":"200","confidence":"Low","wascid":"13","description":"A timestamp was disclosed by the application/web server - Unix","messageId":"19","url":"https://todoist.com/_next/static/chunks/0e8f85b20ed9ab0a6102c8b8298bac1d6cb4c89b.0fe8d2aa3a66f036f1d2.js","reference":"http://projects.webappsec.org/w/page/13246936/Information%20Leakage","solution":"Manually confirm that the timestamp data is not sensitive, and that the data cannot be aggregated to disclose exploitable patterns.","alert":"Timestamp Disclosure - Unix","param":"","attack":"","name":"Timestamp Disclosure - Unix","risk":"Informational","id":"142","alertRef":"10096"},{"sourceid":"3","other":"718787259, which evaluates to: 1992-10-11 03:07:39","method":"GET","evidence":"718787259","pluginId":"10096","cweid":"200","confidence":"Low","wascid":"13","description":"A timestamp was disclosed by the application/web server - Unix","messageId":"19","url":"https://todoist.com/_next/static/chunks/0e8f85b20ed9ab0a6102c8b8298bac1d6cb4c89b.0fe8d2aa3a66f036f1d2.js","reference":"http://projects.webappsec.org/w/page/13246936/Information%20Leakage","solution":"Manually confirm that the timestamp data is not sensitive, and that the data cannot be aggregated to disclose exploitable patterns.","alert":"Timestamp Disclosure - Unix","param":"","attack":"","name":"Timestamp Disclosure - Unix","risk":"Informational","id":"143","alertRef":"10096"},{"sourceid":"3","other":"343485551, which evaluates to: 1980-11-19 07:39:11","method":"GET","evidence":"343485551","pluginId":"10096","cweid":"200","confidence":"Low","wascid":"13","description":"A timestamp was disclosed by the application/web server - Unix","messageId":"19","url":"https://todoist.com/_next/static/chunks/0e8f85b20ed9ab0a6102c8b8298bac1d6cb4c89b.0fe8d2aa3a66f036f1d2.js","reference":"http://projects.webappsec.org/w/page/13246936/Information%20Leakage","solution":"Manually confirm that the timestamp data is not sensitive, and that the data cannot be aggregated to disclose exploitable patterns.","alert":"Timestamp Disclosure - Unix","param":"","attack":"","name":"Timestamp Disclosure - Unix","risk":"Informational","id":"144","alertRef":"10096"},{"sourceid":"3","other":"1518500249, which evaluates to: 2018-02-13 00:37:29","method":"GET","evidence":"1518500249","pluginId":"10096","cweid":"200","confidence":"Low","wascid":"13","description":"A timestamp was disclosed by the application/web server - Unix","messageId":"19","url":"https://todoist.com/_next/static/chunks/0e8f85b20ed9ab0a6102c8b8298bac1d6cb4c89b.0fe8d2aa3a66f036f1d2.js","reference":"http://projects.webappsec.org/w/page/13246936/Information%20Leakage","solution":"Manually confirm that the timestamp data is not sensitive, and that the data cannot be aggregated to disclose exploitable patterns.","alert":"Timestamp Disclosure - Unix","param":"","attack":"","name":"Timestamp Disclosure - Unix","risk":"Informational","id":"145","alertRef":"10096"},{"sourceid":"3","other":"1859775393, which evaluates to: 2028-12-06 23:16:33","method":"GET","evidence":"1859775393","pluginId":"10096","cweid":"200","confidence":"Low","wascid":"13","description":"A timestamp was disclosed by the application/web server - Unix","messageId":"19","url":"https://todoist.com/_next/static/chunks/0e8f85b20ed9ab0a6102c8b8298bac1d6cb4c89b.0fe8d2aa3a66f036f1d2.js","reference":"http://projects.webappsec.org/w/page/13246936/Information%20Leakage","solution":"Manually confirm that the timestamp data is not sensitive, and that the data cannot be aggregated to disclose exploitable patterns.","alert":"Timestamp Disclosure - Unix","param":"","attack":"","name":"Timestamp Disclosure - Unix","risk":"Informational","id":"146","alertRef":"10096"},{"sourceid":"3","other":"00000000, which evaluates to: 1969-12-31 19:00:00","method":"GET","evidence":"00000000","pluginId":"10096","cweid":"200","confidence":"Low","wascid":"13","description":"A timestamp was disclosed by the application/web server - Unix","messageId":"19","url":"https://todoist.com/_next/static/chunks/0e8f85b20ed9ab0a6102c8b8298bac1d6cb4c89b.0fe8d2aa3a66f036f1d2.js","reference":"http://projects.webappsec.org/w/page/13246936/Information%20Leakage","solution":"Manually confirm that the timestamp data is not sensitive, and that the data cannot be aggregated to disclose exploitable patterns.","alert":"Timestamp Disclosure - Unix","param":"","attack":"","name":"Timestamp Disclosure - Unix","risk":"Informational","id":"149","alertRef":"10096"},{"sourceid":"3","other":"This issue still applies to error type pages (401, 403, 500, etc.) as those pages are often still affected by injection issues, in which case there is still concern for browsers sniffing pages away from their actual content type.\nAt \"High\" threshold this scan rule will not alert on client or server error responses.","method":"GET","evidence":"","pluginId":"10021","cweid":"16","confidence":"Medium","wascid":"15","description":"The Anti-MIME-Sniffing header X-Content-Type-Options was not set to 'nosniff'. This allows older versions of Internet Explorer and Chrome to perform MIME-sniffing on the response body, potentially causing the response body to be interpreted and displayed as a content type other than the declared content type. Current (early 2014) and legacy versions of Firefox will use the declared content type (if one is set), rather than performing MIME-sniffing.","messageId":"19","url":"https://todoist.com/_next/static/chunks/0e8f85b20ed9ab0a6102c8b8298bac1d6cb4c89b.0fe8d2aa3a66f036f1d2.js","reference":"http://msdn.microsoft.com/en-us/library/ie/gg622941%28v=vs.85%29.aspx\nhttps://owasp.org/www-community/Security_Headers","solution":"Ensure that the application/web server sets the Content-Type header appropriately, and that it sets the X-Content-Type-Options header to 'nosniff' for all web pages.\nIf possible, ensure that the end user uses a standards-compliant and modern web browser that does not perform MIME-sniffing at all, or that can be directed by the web application/web server to not perform MIME-sniffing.","alert":"X-Content-Type-Options Header Missing","param":"X-Content-Type-Options","attack":"","name":"X-Content-Type-Options Header Missing","risk":"Low","id":"151","alertRef":"10021"},{"sourceid":"3","other":"The following pattern was used: \\bDB\\b and was detected in the element starting with: \"(window.webpackJsonp_N_E=window.webpackJsonp_N_E||[]).push([[4],{WNiU:function(e,t,r){!function(e,t){for(var r in t)e[r]=t[r]}(t\", see evidence field for the suspicious comment/snippet.","method":"GET","evidence":"Db","pluginId":"10027","cweid":"200","confidence":"Low","wascid":"13","description":"The response appears to contain suspicious comments which may help an attacker. Note: Matches made within script blocks or files are against the entire content not only comments.","messageId":"20","url":"https://todoist.com/_next/static/chunks/4af5f773.1851fbd0845d20ef7104.js","reference":"","solution":"Remove all comments that return information that may help an attacker and fix any underlying problems they refer to.","alert":"Information Disclosure - Suspicious Comments","param":"","attack":"","name":"Information Disclosure - Suspicious Comments","risk":"Informational","id":"152","alertRef":"10027"},{"sourceid":"3","other":"This issue still applies to error type pages (401, 403, 500, etc.) as those pages are often still affected by injection issues, in which case there is still concern for browsers sniffing pages away from their actual content type.\nAt \"High\" threshold this scan rule will not alert on client or server error responses.","method":"GET","evidence":"","pluginId":"10021","cweid":"16","confidence":"Medium","wascid":"15","description":"The Anti-MIME-Sniffing header X-Content-Type-Options was not set to 'nosniff'. This allows older versions of Internet Explorer and Chrome to perform MIME-sniffing on the response body, potentially causing the response body to be interpreted and displayed as a content type other than the declared content type. Current (early 2014) and legacy versions of Firefox will use the declared content type (if one is set), rather than performing MIME-sniffing.","messageId":"20","url":"https://todoist.com/_next/static/chunks/4af5f773.1851fbd0845d20ef7104.js","reference":"http://msdn.microsoft.com/en-us/library/ie/gg622941%28v=vs.85%29.aspx\nhttps://owasp.org/www-community/Security_Headers","solution":"Ensure that the application/web server sets the Content-Type header appropriately, and that it sets the X-Content-Type-Options header to 'nosniff' for all web pages.\nIf possible, ensure that the end user uses a standards-compliant and modern web browser that does not perform MIME-sniffing at all, or that can be directed by the web application/web server to not perform MIME-sniffing.","alert":"X-Content-Type-Options Header Missing","param":"X-Content-Type-Options","attack":"","name":"X-Content-Type-Options Header Missing","risk":"Low","id":"153","alertRef":"10021"},{"sourceid":"3","other":"The following pattern was used: \\bQUERY\\b and was detected in the element starting with: \"(window.webpackJsonp_N_E=window.webpackJsonp_N_E||[]).push([[6],{\"+90V\":function(e,t,n){\"use strict\";var r=n(\"TqRt\");n(\"HAE/\"),O\", see evidence field for the suspicious comment/snippet.","method":"GET","evidence":"query","pluginId":"10027","cweid":"200","confidence":"Low","wascid":"13","description":"The response appears to contain suspicious comments which may help an attacker. Note: Matches made within script blocks or files are against the entire content not only comments.","messageId":"21","url":"https://todoist.com/_next/static/chunks/46300902bf7c6e1374dd592a461ea5a5a6d02de9.dcfb80a6e6abd69835ad.js","reference":"","solution":"Remove all comments that return information that may help an attacker and fix any underlying problems they refer to.","alert":"Information Disclosure - Suspicious Comments","param":"","attack":"","name":"Information Disclosure - Suspicious Comments","risk":"Informational","id":"154","alertRef":"10027"},{"sourceid":"3","other":"This issue still applies to error type pages (401, 403, 500, etc.) as those pages are often still affected by injection issues, in which case there is still concern for browsers sniffing pages away from their actual content type.\nAt \"High\" threshold this scan rule will not alert on client or server error responses.","method":"GET","evidence":"","pluginId":"10021","cweid":"16","confidence":"Medium","wascid":"15","description":"The Anti-MIME-Sniffing header X-Content-Type-Options was not set to 'nosniff'. This allows older versions of Internet Explorer and Chrome to perform MIME-sniffing on the response body, potentially causing the response body to be interpreted and displayed as a content type other than the declared content type. Current (early 2014) and legacy versions of Firefox will use the declared content type (if one is set), rather than performing MIME-sniffing.","messageId":"21","url":"https://todoist.com/_next/static/chunks/46300902bf7c6e1374dd592a461ea5a5a6d02de9.dcfb80a6e6abd69835ad.js","reference":"http://msdn.microsoft.com/en-us/library/ie/gg622941%28v=vs.85%29.aspx\nhttps://owasp.org/www-community/Security_Headers","solution":"Ensure that the application/web server sets the Content-Type header appropriately, and that it sets the X-Content-Type-Options header to 'nosniff' for all web pages.\nIf possible, ensure that the end user uses a standards-compliant and modern web browser that does not perform MIME-sniffing at all, or that can be directed by the web application/web server to not perform MIME-sniffing.","alert":"X-Content-Type-Options Header Missing","param":"X-Content-Type-Options","attack":"","name":"X-Content-Type-Options Header Missing","risk":"Low","id":"155","alertRef":"10021"},{"sourceid":"3","other":"The following pattern was used: \\bQUERY\\b and was detected in the element starting with: \"_N_E=(window.webpackJsonp_N_E=window.webpackJsonp_N_E||[]).push([[29],{\"1TCz\":function(t,e,n){\"use strict\";n.r(e);var r=n(\"o0o1\"\", see evidence field for the suspicious comment/snippet.","method":"GET","evidence":"query","pluginId":"10027","cweid":"200","confidence":"Low","wascid":"13","description":"The response appears to contain suspicious comments which may help an attacker. Note: Matches made within script blocks or files are against the entire content not only comments.","messageId":"22","url":"https://todoist.com/_next/static/chunks/pages/_app-3b4743dbd65bee2727de.js","reference":"","solution":"Remove all comments that return information that may help an attacker and fix any underlying problems they refer to.","alert":"Information Disclosure - Suspicious Comments","param":"","attack":"","name":"Information Disclosure - Suspicious Comments","risk":"Informational","id":"156","alertRef":"10027"},{"sourceid":"3","other":"This issue still applies to error type pages (401, 403, 500, etc.) as those pages are often still affected by injection issues, in which case there is still concern for browsers sniffing pages away from their actual content type.\nAt \"High\" threshold this scan rule will not alert on client or server error responses.","method":"GET","evidence":"","pluginId":"10021","cweid":"16","confidence":"Medium","wascid":"15","description":"The Anti-MIME-Sniffing header X-Content-Type-Options was not set to 'nosniff'. This allows older versions of Internet Explorer and Chrome to perform MIME-sniffing on the response body, potentially causing the response body to be interpreted and displayed as a content type other than the declared content type. Current (early 2014) and legacy versions of Firefox will use the declared content type (if one is set), rather than performing MIME-sniffing.","messageId":"22","url":"https://todoist.com/_next/static/chunks/pages/_app-3b4743dbd65bee2727de.js","reference":"http://msdn.microsoft.com/en-us/library/ie/gg622941%28v=vs.85%29.aspx\nhttps://owasp.org/www-community/Security_Headers","solution":"Ensure that the application/web server sets the Content-Type header appropriately, and that it sets the X-Content-Type-Options header to 'nosniff' for all web pages.\nIf possible, ensure that the end user uses a standards-compliant and modern web browser that does not perform MIME-sniffing at all, or that can be directed by the web application/web server to not perform MIME-sniffing.","alert":"X-Content-Type-Options Header Missing","param":"X-Content-Type-Options","attack":"","name":"X-Content-Type-Options Header Missing","risk":"Low","id":"157","alertRef":"10021"},{"sourceid":"3","other":"The following pattern was used: \\bBUG\\b and was detected in the element starting with: \"(window.webpackJsonp_N_E=window.webpackJsonp_N_E||[]).push([[7],{\"+924\":function(e,t,n){\"use strict\";n.d(t,\"d\",(function(){retur\", see evidence field for the suspicious comment/snippet.","method":"GET","evidence":"bug","pluginId":"10027","cweid":"200","confidence":"Low","wascid":"13","description":"The response appears to contain suspicious comments which may help an attacker. Note: Matches made within script blocks or files are against the entire content not only comments.","messageId":"23","url":"https://todoist.com/_next/static/chunks/a7d9d3dc563f80f9bceeaf1fc394c88e9b2ce764.dc5ca8c774eddce1e0d7.js","reference":"","solution":"Remove all comments that return information that may help an attacker and fix any underlying problems they refer to.","alert":"Information Disclosure - Suspicious Comments","param":"","attack":"","name":"Information Disclosure - Suspicious Comments","risk":"Informational","id":"158","alertRef":"10027"},{"sourceid":"3","other":"123456789, which evaluates to: 1973-11-29 16:33:09","method":"GET","evidence":"123456789","pluginId":"10096","cweid":"200","confidence":"Low","wascid":"13","description":"A timestamp was disclosed by the application/web server - Unix","messageId":"23","url":"https://todoist.com/_next/static/chunks/a7d9d3dc563f80f9bceeaf1fc394c88e9b2ce764.dc5ca8c774eddce1e0d7.js","reference":"http://projects.webappsec.org/w/page/13246936/Information%20Leakage","solution":"Manually confirm that the timestamp data is not sensitive, and that the data cannot be aggregated to disclose exploitable patterns.","alert":"Timestamp Disclosure - Unix","param":"","attack":"","name":"Timestamp Disclosure - Unix","risk":"Informational","id":"159","alertRef":"10096"},{"sourceid":"3","other":"This issue still applies to error type pages (401, 403, 500, etc.) as those pages are often still affected by injection issues, in which case there is still concern for browsers sniffing pages away from their actual content type.\nAt \"High\" threshold this scan rule will not alert on client or server error responses.","method":"GET","evidence":"","pluginId":"10021","cweid":"16","confidence":"Medium","wascid":"15","description":"The Anti-MIME-Sniffing header X-Content-Type-Options was not set to 'nosniff'. This allows older versions of Internet Explorer and Chrome to perform MIME-sniffing on the response body, potentially causing the response body to be interpreted and displayed as a content type other than the declared content type. Current (early 2014) and legacy versions of Firefox will use the declared content type (if one is set), rather than performing MIME-sniffing.","messageId":"23","url":"https://todoist.com/_next/static/chunks/a7d9d3dc563f80f9bceeaf1fc394c88e9b2ce764.dc5ca8c774eddce1e0d7.js","reference":"http://msdn.microsoft.com/en-us/library/ie/gg622941%28v=vs.85%29.aspx\nhttps://owasp.org/www-community/Security_Headers","solution":"Ensure that the application/web server sets the Content-Type header appropriately, and that it sets the X-Content-Type-Options header to 'nosniff' for all web pages.\nIf possible, ensure that the end user uses a standards-compliant and modern web browser that does not perform MIME-sniffing at all, or that can be directed by the web application/web server to not perform MIME-sniffing.","alert":"X-Content-Type-Options Header Missing","param":"X-Content-Type-Options","attack":"","name":"X-Content-Type-Options Header Missing","risk":"Low","id":"165","alertRef":"10021"},{"sourceid":"3","other":"This issue still applies to error type pages (401, 403, 500, etc.) as those pages are often still affected by injection issues, in which case there is still concern for browsers sniffing pages away from their actual content type.\nAt \"High\" threshold this scan rule will not alert on client or server error responses.","method":"GET","evidence":"","pluginId":"10021","cweid":"16","confidence":"Medium","wascid":"15","description":"The Anti-MIME-Sniffing header X-Content-Type-Options was not set to 'nosniff'. This allows older versions of Internet Explorer and Chrome to perform MIME-sniffing on the response body, potentially causing the response body to be interpreted and displayed as a content type other than the declared content type. Current (early 2014) and legacy versions of Firefox will use the declared content type (if one is set), rather than performing MIME-sniffing.","messageId":"25","url":"https://todoist.com/_next/static/chunks/a5174a254d143c3d3d02321814728bdd71b6ab95_CSS.d6f2610c02ca1f2f8023.js","reference":"http://msdn.microsoft.com/en-us/library/ie/gg622941%28v=vs.85%29.aspx\nhttps://owasp.org/www-community/Security_Headers","solution":"Ensure that the application/web server sets the Content-Type header appropriately, and that it sets the X-Content-Type-Options header to 'nosniff' for all web pages.\nIf possible, ensure that the end user uses a standards-compliant and modern web browser that does not perform MIME-sniffing at all, or that can be directed by the web application/web server to not perform MIME-sniffing.","alert":"X-Content-Type-Options Header Missing","param":"X-Content-Type-Options","attack":"","name":"X-Content-Type-Options Header Missing","risk":"Low","id":"166","alertRef":"10021"},{"sourceid":"3","other":"This issue still applies to error type pages (401, 403, 500, etc.) as those pages are often still affected by injection issues, in which case there is still concern for browsers sniffing pages away from their actual content type.\nAt \"High\" threshold this scan rule will not alert on client or server error responses.","method":"GET","evidence":"","pluginId":"10021","cweid":"16","confidence":"Medium","wascid":"15","description":"The Anti-MIME-Sniffing header X-Content-Type-Options was not set to 'nosniff'. This allows older versions of Internet Explorer and Chrome to perform MIME-sniffing on the response body, potentially causing the response body to be interpreted and displayed as a content type other than the declared content type. Current (early 2014) and legacy versions of Firefox will use the declared content type (if one is set), rather than performing MIME-sniffing.","messageId":"26","url":"https://todoist.com/_next/static/chunks/styles.4b2dc012361942f5cf6e.js","reference":"http://msdn.microsoft.com/en-us/library/ie/gg622941%28v=vs.85%29.aspx\nhttps://owasp.org/www-community/Security_Headers","solution":"Ensure that the application/web server sets the Content-Type header appropriately, and that it sets the X-Content-Type-Options header to 'nosniff' for all web pages.\nIf possible, ensure that the end user uses a standards-compliant and modern web browser that does not perform MIME-sniffing at all, or that can be directed by the web application/web server to not perform MIME-sniffing.","alert":"X-Content-Type-Options Header Missing","param":"X-Content-Type-Options","attack":"","name":"X-Content-Type-Options Header Missing","risk":"Low","id":"167","alertRef":"10021"},{"sourceid":"3","other":"The following pattern was used: \\bDB\\b and was detected in the element starting with: \"_N_E=(window.webpackJsonp_N_E=window.webpackJsonp_N_E||[]).push([[44],{\"+RON\":function(e,t){e.exports=\"/_next/static/images/free\", see evidence field for the suspicious comment/snippet.","method":"GET","evidence":"DB","pluginId":"10027","cweid":"200","confidence":"Low","wascid":"13","description":"The response appears to contain suspicious comments which may help an attacker. Note: Matches made within script blocks or files are against the entire content not only comments.","messageId":"27","url":"https://todoist.com/_next/static/chunks/pages/index-50325ffabee779bfc84a.js","reference":"","solution":"Remove all comments that return information that may help an attacker and fix any underlying problems they refer to.","alert":"Information Disclosure - Suspicious Comments","param":"","attack":"","name":"Information Disclosure - Suspicious Comments","risk":"Informational","id":"168","alertRef":"10027"},{"sourceid":"3","other":"This issue still applies to error type pages (401, 403, 500, etc.) as those pages are often still affected by injection issues, in which case there is still concern for browsers sniffing pages away from their actual content type.\nAt \"High\" threshold this scan rule will not alert on client or server error responses.","method":"GET","evidence":"","pluginId":"10021","cweid":"16","confidence":"Medium","wascid":"15","description":"The Anti-MIME-Sniffing header X-Content-Type-Options was not set to 'nosniff'. This allows older versions of Internet Explorer and Chrome to perform MIME-sniffing on the response body, potentially causing the response body to be interpreted and displayed as a content type other than the declared content type. Current (early 2014) and legacy versions of Firefox will use the declared content type (if one is set), rather than performing MIME-sniffing.","messageId":"27","url":"https://todoist.com/_next/static/chunks/pages/index-50325ffabee779bfc84a.js","reference":"http://msdn.microsoft.com/en-us/library/ie/gg622941%28v=vs.85%29.aspx\nhttps://owasp.org/www-community/Security_Headers","solution":"Ensure that the application/web server sets the Content-Type header appropriately, and that it sets the X-Content-Type-Options header to 'nosniff' for all web pages.\nIf possible, ensure that the end user uses a standards-compliant and modern web browser that does not perform MIME-sniffing at all, or that can be directed by the web application/web server to not perform MIME-sniffing.","alert":"X-Content-Type-Options Header Missing","param":"X-Content-Type-Options","attack":"","name":"X-Content-Type-Options Header Missing","risk":"Low","id":"169","alertRef":"10021"},{"sourceid":"3","other":"The following pattern was used: \\bQUERY\\b and was detected in the element starting with: \"(window.webpackJsonp_N_E=window.webpackJsonp_N_E||[]).push([[8],{\"+9U2\":function(e,t,r){\"use strict\";let n,i,o,{isClean:s}=r(\"zo\", see evidence field for the suspicious comment/snippet.","method":"GET","evidence":"query","pluginId":"10027","cweid":"200","confidence":"Low","wascid":"13","description":"The response appears to contain suspicious comments which may help an attacker. Note: Matches made within script blocks or files are against the entire content not only comments.","messageId":"28","url":"https://todoist.com/_next/static/chunks/a5174a254d143c3d3d02321814728bdd71b6ab95.8aeeecc87435cd012b41.js","reference":"","solution":"Remove all comments that return information that may help an attacker and fix any underlying problems they refer to.","alert":"Information Disclosure - Suspicious Comments","param":"","attack":"","name":"Information Disclosure - Suspicious Comments","risk":"Informational","id":"170","alertRef":"10027"},{"sourceid":"3","other":"16711680, which evaluates to: 1970-07-13 05:08:00","method":"GET","evidence":"16711680","pluginId":"10096","cweid":"200","confidence":"Low","wascid":"13","description":"A timestamp was disclosed by the application/web server - Unix","messageId":"28","url":"https://todoist.com/_next/static/chunks/a5174a254d143c3d3d02321814728bdd71b6ab95.8aeeecc87435cd012b41.js","reference":"http://projects.webappsec.org/w/page/13246936/Information%20Leakage","solution":"Manually confirm that the timestamp data is not sensitive, and that the data cannot be aggregated to disclose exploitable patterns.","alert":"Timestamp Disclosure - Unix","param":"","attack":"","name":"Timestamp Disclosure - Unix","risk":"Informational","id":"171","alertRef":"10096"},{"sourceid":"3","other":"2147483647, which evaluates to: 2038-01-18 22:14:07","method":"GET","evidence":"2147483647","pluginId":"10096","cweid":"200","confidence":"Low","wascid":"13","description":"A timestamp was disclosed by the application/web server - Unix","messageId":"28","url":"https://todoist.com/_next/static/chunks/a5174a254d143c3d3d02321814728bdd71b6ab95.8aeeecc87435cd012b41.js","reference":"http://projects.webappsec.org/w/page/13246936/Information%20Leakage","solution":"Manually confirm that the timestamp data is not sensitive, and that the data cannot be aggregated to disclose exploitable patterns.","alert":"Timestamp Disclosure - Unix","param":"","attack":"","name":"Timestamp Disclosure - Unix","risk":"Informational","id":"172","alertRef":"10096"},{"sourceid":"3","other":"1073741823, which evaluates to: 2004-01-10 08:37:03","method":"GET","evidence":"1073741823","pluginId":"10096","cweid":"200","confidence":"Low","wascid":"13","description":"A timestamp was disclosed by the application/web server - Unix","messageId":"28","url":"https://todoist.com/_next/static/chunks/a5174a254d143c3d3d02321814728bdd71b6ab95.8aeeecc87435cd012b41.js","reference":"http://projects.webappsec.org/w/page/13246936/Information%20Leakage","solution":"Manually confirm that the timestamp data is not sensitive, and that the data cannot be aggregated to disclose exploitable patterns.","alert":"Timestamp Disclosure - Unix","param":"","attack":"","name":"Timestamp Disclosure - Unix","risk":"Informational","id":"173","alertRef":"10096"},{"sourceid":"3","other":"16777216, which evaluates to: 1970-07-13 23:20:16","method":"GET","evidence":"16777216","pluginId":"10096","cweid":"200","confidence":"Low","wascid":"13","description":"A timestamp was disclosed by the application/web server - Unix","messageId":"28","url":"https://todoist.com/_next/static/chunks/a5174a254d143c3d3d02321814728bdd71b6ab95.8aeeecc87435cd012b41.js","reference":"http://projects.webappsec.org/w/page/13246936/Information%20Leakage","solution":"Manually confirm that the timestamp data is not sensitive, and that the data cannot be aggregated to disclose exploitable patterns.","alert":"Timestamp Disclosure - Unix","param":"","attack":"","name":"Timestamp Disclosure - Unix","risk":"Informational","id":"176","alertRef":"10096"},{"sourceid":"3","other":"This issue still applies to error type pages (401, 403, 500, etc.) as those pages are often still affected by injection issues, in which case there is still concern for browsers sniffing pages away from their actual content type.\nAt \"High\" threshold this scan rule will not alert on client or server error responses.","method":"GET","evidence":"","pluginId":"10021","cweid":"16","confidence":"Medium","wascid":"15","description":"The Anti-MIME-Sniffing header X-Content-Type-Options was not set to 'nosniff'. This allows older versions of Internet Explorer and Chrome to perform MIME-sniffing on the response body, potentially causing the response body to be interpreted and displayed as a content type other than the declared content type. Current (early 2014) and legacy versions of Firefox will use the declared content type (if one is set), rather than performing MIME-sniffing.","messageId":"28","url":"https://todoist.com/_next/static/chunks/a5174a254d143c3d3d02321814728bdd71b6ab95.8aeeecc87435cd012b41.js","reference":"http://msdn.microsoft.com/en-us/library/ie/gg622941%28v=vs.85%29.aspx\nhttps://owasp.org/www-community/Security_Headers","solution":"Ensure that the application/web server sets the Content-Type header appropriately, and that it sets the X-Content-Type-Options header to 'nosniff' for all web pages.\nIf possible, ensure that the end user uses a standards-compliant and modern web browser that does not perform MIME-sniffing at all, or that can be directed by the web application/web server to not perform MIME-sniffing.","alert":"X-Content-Type-Options Header Missing","param":"X-Content-Type-Options","attack":"","name":"X-Content-Type-Options Header Missing","risk":"Low","id":"180","alertRef":"10021"},{"sourceid":"3","other":"The following pattern was used: \\bUSER\\b and was detected in the element starting with: \"self.__BUILD_MANIFEST = (function(a,b,c,d,e,f,g,h,i,j,k,l,m,n,o,p,q,r,s,t){return {__rewrites:[],\"/\":[\"static\\u002Fcss\\u002Fpage\", see evidence field for the suspicious comment/snippet.","method":"GET","evidence":"user","pluginId":"10027","cweid":"200","confidence":"Low","wascid":"13","description":"The response appears to contain suspicious comments which may help an attacker. Note: Matches made within script blocks or files are against the entire content not only comments.","messageId":"32","url":"https://todoist.com/_next/static/Su7XJ3Y1iReNK_fTNqchx/_buildManifest.js","reference":"","solution":"Remove all comments that return information that may help an attacker and fix any underlying problems they refer to.","alert":"Information Disclosure - Suspicious Comments","param":"","attack":"","name":"Information Disclosure - Suspicious Comments","risk":"Informational","id":"194","alertRef":"10027"},{"sourceid":"3","other":"This issue still applies to error type pages (401, 403, 500, etc.) as those pages are often still affected by injection issues, in which case there is still concern for browsers sniffing pages away from their actual content type.\nAt \"High\" threshold this scan rule will not alert on client or server error responses.","method":"GET","evidence":"","pluginId":"10021","cweid":"16","confidence":"Medium","wascid":"15","description":"The Anti-MIME-Sniffing header X-Content-Type-Options was not set to 'nosniff'. This allows older versions of Internet Explorer and Chrome to perform MIME-sniffing on the response body, potentially causing the response body to be interpreted and displayed as a content type other than the declared content type. Current (early 2014) and legacy versions of Firefox will use the declared content type (if one is set), rather than performing MIME-sniffing.","messageId":"32","url":"https://todoist.com/_next/static/Su7XJ3Y1iReNK_fTNqchx/_buildManifest.js","reference":"http://msdn.microsoft.com/en-us/library/ie/gg622941%28v=vs.85%29.aspx\nhttps://owasp.org/www-community/Security_Headers","solution":"Ensure that the application/web server sets the Content-Type header appropriately, and that it sets the X-Content-Type-Options header to 'nosniff' for all web pages.\nIf possible, ensure that the end user uses a standards-compliant and modern web browser that does not perform MIME-sniffing at all, or that can be directed by the web application/web server to not perform MIME-sniffing.","alert":"X-Content-Type-Options Header Missing","param":"X-Content-Type-Options","attack":"","name":"X-Content-Type-Options Header Missing","risk":"Low","id":"195","alertRef":"10021"},{"sourceid":"3","other":"This issue still applies to error type pages (401, 403, 500, etc.) as those pages are often still affected by injection issues, in which case there is still concern for browsers sniffing pages away from their actual content type.\nAt \"High\" threshold this scan rule will not alert on client or server error responses.","method":"GET","evidence":"","pluginId":"10021","cweid":"16","confidence":"Medium","wascid":"15","description":"The Anti-MIME-Sniffing header X-Content-Type-Options was not set to 'nosniff'. This allows older versions of Internet Explorer and Chrome to perform MIME-sniffing on the response body, potentially causing the response body to be interpreted and displayed as a content type other than the declared content type. Current (early 2014) and legacy versions of Firefox will use the declared content type (if one is set), rather than performing MIME-sniffing.","messageId":"35","url":"https://todoist.com/_next/static/Su7XJ3Y1iReNK_fTNqchx/_ssgManifest.js","reference":"http://msdn.microsoft.com/en-us/library/ie/gg622941%28v=vs.85%29.aspx\nhttps://owasp.org/www-community/Security_Headers","solution":"Ensure that the application/web server sets the Content-Type header appropriately, and that it sets the X-Content-Type-Options header to 'nosniff' for all web pages.\nIf possible, ensure that the end user uses a standards-compliant and modern web browser that does not perform MIME-sniffing at all, or that can be directed by the web application/web server to not perform MIME-sniffing.","alert":"X-Content-Type-Options Header Missing","param":"X-Content-Type-Options","attack":"","name":"X-Content-Type-Options Header Missing","risk":"Low","id":"196","alertRef":"10021"},{"sourceid":"3","other":"This issue still applies to error type pages (401, 403, 500, etc.) as those pages are often still affected by injection issues, in which case there is still concern for browsers sniffing pages away from their actual content type.\nAt \"High\" threshold this scan rule will not alert on client or server error responses.","method":"GET","evidence":"","pluginId":"10021","cweid":"16","confidence":"Medium","wascid":"15","description":"The Anti-MIME-Sniffing header X-Content-Type-Options was not set to 'nosniff'. This allows older versions of Internet Explorer and Chrome to perform MIME-sniffing on the response body, potentially causing the response body to be interpreted and displayed as a content type other than the declared content type. Current (early 2014) and legacy versions of Firefox will use the declared content type (if one is set), rather than performing MIME-sniffing.","messageId":"47","url":"https://todoist.com/static/fonts/Graphik-Regular-Web.woff","reference":"http://msdn.microsoft.com/en-us/library/ie/gg622941%28v=vs.85%29.aspx\nhttps://owasp.org/www-community/Security_Headers","solution":"Ensure that the application/web server sets the Content-Type header appropriately, and that it sets the X-Content-Type-Options header to 'nosniff' for all web pages.\nIf possible, ensure that the end user uses a standards-compliant and modern web browser that does not perform MIME-sniffing at all, or that can be directed by the web application/web server to not perform MIME-sniffing.","alert":"X-Content-Type-Options Header Missing","param":"X-Content-Type-Options","attack":"","name":"X-Content-Type-Options Header Missing","risk":"Low","id":"239","alertRef":"10021"},{"sourceid":"3","other":"This issue still applies to error type pages (401, 403, 500, etc.) as those pages are often still affected by injection issues, in which case there is still concern for browsers sniffing pages away from their actual content type.\nAt \"High\" threshold this scan rule will not alert on client or server error responses.","method":"GET","evidence":"","pluginId":"10021","cweid":"16","confidence":"Medium","wascid":"15","description":"The Anti-MIME-Sniffing header X-Content-Type-Options was not set to 'nosniff'. This allows older versions of Internet Explorer and Chrome to perform MIME-sniffing on the response body, potentially causing the response body to be interpreted and displayed as a content type other than the declared content type. Current (early 2014) and legacy versions of Firefox will use the declared content type (if one is set), rather than performing MIME-sniffing.","messageId":"48","url":"https://todoist.com/static/fonts/Graphik-Semibold-Web.woff","reference":"http://msdn.microsoft.com/en-us/library/ie/gg622941%28v=vs.85%29.aspx\nhttps://owasp.org/www-community/Security_Headers","solution":"Ensure that the application/web server sets the Content-Type header appropriately, and that it sets the X-Content-Type-Options header to 'nosniff' for all web pages.\nIf possible, ensure that the end user uses a standards-compliant and modern web browser that does not perform MIME-sniffing at all, or that can be directed by the web application/web server to not perform MIME-sniffing.","alert":"X-Content-Type-Options Header Missing","param":"X-Content-Type-Options","attack":"","name":"X-Content-Type-Options Header Missing","risk":"Low","id":"240","alertRef":"10021"},{"sourceid":"3","other":"This issue still applies to error type pages (401, 403, 500, etc.) as those pages are often still affected by injection issues, in which case there is still concern for browsers sniffing pages away from their actual content type.\nAt \"High\" threshold this scan rule will not alert on client or server error responses.","method":"GET","evidence":"","pluginId":"10021","cweid":"16","confidence":"Medium","wascid":"15","description":"The Anti-MIME-Sniffing header X-Content-Type-Options was not set to 'nosniff'. This allows older versions of Internet Explorer and Chrome to perform MIME-sniffing on the response body, potentially causing the response body to be interpreted and displayed as a content type other than the declared content type. Current (early 2014) and legacy versions of Firefox will use the declared content type (if one is set), rather than performing MIME-sniffing.","messageId":"51","url":"https://todoist.com/static/fonts/Caecilia-RegularItalic-Web.woff","reference":"http://msdn.microsoft.com/en-us/library/ie/gg622941%28v=vs.85%29.aspx\nhttps://owasp.org/www-community/Security_Headers","solution":"Ensure that the application/web server sets the Content-Type header appropriately, and that it sets the X-Content-Type-Options header to 'nosniff' for all web pages.\nIf possible, ensure that the end user uses a standards-compliant and modern web browser that does not perform MIME-sniffing at all, or that can be directed by the web application/web server to not perform MIME-sniffing.","alert":"X-Content-Type-Options Header Missing","param":"X-Content-Type-Options","attack":"","name":"X-Content-Type-Options Header Missing","risk":"Low","id":"241","alertRef":"10021"},{"sourceid":"3","other":"","method":"GET","evidence":"public, max-age=31536000, immutable","pluginId":"10015","cweid":"525","confidence":"Medium","wascid":"13","description":"The cache-control and pragma HTTP header have not been set properly or are missing allowing the browser and proxies to cache content.","messageId":"55","url":"https://todoist.com/static/locales/es/common.json","reference":"https://cheatsheetseries.owasp.org/cheatsheets/Session_Management_Cheat_Sheet.html#web-content-caching","solution":"Whenever possible ensure the cache-control HTTP header is set with no-cache, no-store, must-revalidate; and that the pragma HTTP header is set with no-cache.","alert":"Incomplete or No Cache-control and Pragma HTTP Header Set","param":"Cache-Control","attack":"","name":"Incomplete or No Cache-control and Pragma HTTP Header Set","risk":"Low","id":"244","alertRef":"10015"},{"sourceid":"3","other":"This issue still applies to error type pages (401, 403, 500, etc.) as those pages are often still affected by injection issues, in which case there is still concern for browsers sniffing pages away from their actual content type.\nAt \"High\" threshold this scan rule will not alert on client or server error responses.","method":"GET","evidence":"","pluginId":"10021","cweid":"16","confidence":"Medium","wascid":"15","description":"The Anti-MIME-Sniffing header X-Content-Type-Options was not set to 'nosniff'. This allows older versions of Internet Explorer and Chrome to perform MIME-sniffing on the response body, potentially causing the response body to be interpreted and displayed as a content type other than the declared content type. Current (early 2014) and legacy versions of Firefox will use the declared content type (if one is set), rather than performing MIME-sniffing.","messageId":"55","url":"https://todoist.com/static/locales/es/common.json","reference":"http://msdn.microsoft.com/en-us/library/ie/gg622941%28v=vs.85%29.aspx\nhttps://owasp.org/www-community/Security_Headers","solution":"Ensure that the application/web server sets the Content-Type header appropriately, and that it sets the X-Content-Type-Options header to 'nosniff' for all web pages.\nIf possible, ensure that the end user uses a standards-compliant and modern web browser that does not perform MIME-sniffing at all, or that can be directed by the web application/web server to not perform MIME-sniffing.","alert":"X-Content-Type-Options Header Missing","param":"X-Content-Type-Options","attack":"","name":"X-Content-Type-Options Header Missing","risk":"Low","id":"245","alertRef":"10021"},{"sourceid":"3","other":"","method":"GET","evidence":"public, max-age=31536000, immutable","pluginId":"10015","cweid":"525","confidence":"Medium","wascid":"13","description":"The cache-control and pragma HTTP header have not been set properly or are missing allowing the browser and proxies to cache content.","messageId":"58","url":"https://todoist.com/static/locales/en/common.json","reference":"https://cheatsheetseries.owasp.org/cheatsheets/Session_Management_Cheat_Sheet.html#web-content-caching","solution":"Whenever possible ensure the cache-control HTTP header is set with no-cache, no-store, must-revalidate; and that the pragma HTTP header is set with no-cache.","alert":"Incomplete or No Cache-control and Pragma HTTP Header Set","param":"Cache-Control","attack":"","name":"Incomplete or No Cache-control and Pragma HTTP Header Set","risk":"Low","id":"246","alertRef":"10015"},{"sourceid":"3","other":"This issue still applies to error type pages (401, 403, 500, etc.) as those pages are often still affected by injection issues, in which case there is still concern for browsers sniffing pages away from their actual content type.\nAt \"High\" threshold this scan rule will not alert on client or server error responses.","method":"GET","evidence":"","pluginId":"10021","cweid":"16","confidence":"Medium","wascid":"15","description":"The Anti-MIME-Sniffing header X-Content-Type-Options was not set to 'nosniff'. This allows older versions of Internet Explorer and Chrome to perform MIME-sniffing on the response body, potentially causing the response body to be interpreted and displayed as a content type other than the declared content type. Current (early 2014) and legacy versions of Firefox will use the declared content type (if one is set), rather than performing MIME-sniffing.","messageId":"58","url":"https://todoist.com/static/locales/en/common.json","reference":"http://msdn.microsoft.com/en-us/library/ie/gg622941%28v=vs.85%29.aspx\nhttps://owasp.org/www-community/Security_Headers","solution":"Ensure that the application/web server sets the Content-Type header appropriately, and that it sets the X-Content-Type-Options header to 'nosniff' for all web pages.\nIf possible, ensure that the end user uses a standards-compliant and modern web browser that does not perform MIME-sniffing at all, or that can be directed by the web application/web server to not perform MIME-sniffing.","alert":"X-Content-Type-Options Header Missing","param":"X-Content-Type-Options","attack":"","name":"X-Content-Type-Options Header Missing","risk":"Low","id":"247","alertRef":"10021"},{"sourceid":"3","other":"","method":"GET","evidence":"","pluginId":"10015","cweid":"525","confidence":"Medium","wascid":"13","description":"The cache-control and pragma HTTP header have not been set properly or are missing allowing the browser and proxies to cache content.","messageId":"132","url":"https://todoist.com/users/showlogin","reference":"https://cheatsheetseries.owasp.org/cheatsheets/Session_Management_Cheat_Sheet.html#web-content-caching","solution":"Whenever possible ensure the cache-control HTTP header is set with no-cache, no-store, must-revalidate; and that the pragma HTTP header is set with no-cache.","alert":"Incomplete or No Cache-control and Pragma HTTP Header Set","param":"Cache-Control","attack":"","name":"Incomplete or No Cache-control and Pragma HTTP Header Set","risk":"Low","id":"314","alertRef":"10015"},{"sourceid":"3","other":"","method":"GET","evidence":"Set-Cookie: csrf","pluginId":"10010","cweid":"16","confidence":"Medium","wascid":"13","description":"A cookie has been set without the HttpOnly flag, which means that the cookie can be accessed by JavaScript. If a malicious script can be run on this page then the cookie will be accessible and can be transmitted to another site. If this is a session cookie then session hijacking may be possible.","messageId":"132","url":"https://todoist.com/users/showlogin","reference":"https://owasp.org/www-community/HttpOnly","solution":"Ensure that the HttpOnly flag is set for all cookies.","alert":"Cookie No HttpOnly Flag","param":"csrf","attack":"","name":"Cookie No HttpOnly Flag","risk":"Low","id":"315","alertRef":"10010"},{"sourceid":"3","other":"","method":"GET","evidence":"Set-Cookie: csrf","pluginId":"10054","cweid":"16","confidence":"Medium","wascid":"13","description":"A cookie has been set with an invalid SameSite attribute value, which means that the cookie can be sent as a result of a 'cross-site' request. The SameSite attribute is an effective counter measure to cross-site request forgery, cross-site script inclusion, and timing attacks.","messageId":"132","url":"https://todoist.com/users/showlogin","reference":"https://tools.ietf.org/html/draft-ietf-httpbis-cookie-same-site","solution":"Ensure that the SameSite attribute is set to either 'lax' or ideally 'strict' for all cookies.","alert":"Cookie Without SameSite Attribute","param":"csrf","attack":"","name":"Cookie Without SameSite Attribute","risk":"Low","id":"316","alertRef":"10054"},{"sourceid":"3","other":"","method":"GET","evidence":"<script type=\"text/javascript\" src=\"https://d3ptyyxy2at9ui.cloudfront.net/es-ab54e0.js\"><\/script>","pluginId":"10017","cweid":"829","confidence":"Medium","wascid":"15","description":"The page includes one or more script files from a third-party domain.","messageId":"132","url":"https://todoist.com/users/showlogin","reference":"","solution":"Ensure JavaScript source files are loaded from only trusted sources, and the sources can't be controlled by end users of the application.","alert":"Cross-Domain JavaScript Source File Inclusion","param":"https://d3ptyyxy2at9ui.cloudfront.net/es-ab54e0.js","attack":"","name":"Cross-Domain JavaScript Source File Inclusion","risk":"Low","id":"317","alertRef":"10017"},{"sourceid":"3","other":"","method":"GET","evidence":"<script type=\"text/javascript\" src=\"https://d3ptyyxy2at9ui.cloudfront.net/Col_ICECollection-8b8f90.js\" ><\/script>","pluginId":"10017","cweid":"829","confidence":"Medium","wascid":"15","description":"The page includes one or more script files from a third-party domain.","messageId":"132","url":"https://todoist.com/users/showlogin","reference":"","solution":"Ensure JavaScript source files are loaded from only trusted sources, and the sources can't be controlled by end users of the application.","alert":"Cross-Domain JavaScript Source File Inclusion","param":"https://d3ptyyxy2at9ui.cloudfront.net/Col_ICECollection-8b8f90.js","attack":"","name":"Cross-Domain JavaScript Source File Inclusion","risk":"Low","id":"318","alertRef":"10017"},{"sourceid":"3","other":"","method":"GET","evidence":"<script type=\"text/javascript\" src=\"https://d3ptyyxy2at9ui.cloudfront.net/GreyBox-b6bb57.js\" ><\/script>","pluginId":"10017","cweid":"829","confidence":"Medium","wascid":"15","description":"The page includes one or more script files from a third-party domain.","messageId":"132","url":"https://todoist.com/users/showlogin","reference":"","solution":"Ensure JavaScript source files are loaded from only trusted sources, and the sources can't be controlled by end users of the application.","alert":"Cross-Domain JavaScript Source File Inclusion","param":"https://d3ptyyxy2at9ui.cloudfront.net/GreyBox-b6bb57.js","attack":"","name":"Cross-Domain JavaScript Source File Inclusion","risk":"Low","id":"319","alertRef":"10017"},{"sourceid":"3","other":"","method":"GET","evidence":"<script type=\"text/javascript\" src=\"https://d3ptyyxy2at9ui.cloudfront.net/Col_StandalonePageCollection-d72ac1.js\" ><\/script>","pluginId":"10017","cweid":"829","confidence":"Medium","wascid":"15","description":"The page includes one or more script files from a third-party domain.","messageId":"132","url":"https://todoist.com/users/showlogin","reference":"","solution":"Ensure JavaScript source files are loaded from only trusted sources, and the sources can't be controlled by end users of the application.","alert":"Cross-Domain JavaScript Source File Inclusion","param":"https://d3ptyyxy2at9ui.cloudfront.net/Col_StandalonePageCollection-d72ac1.js","attack":"","name":"Cross-Domain JavaScript Source File Inclusion","risk":"Low","id":"320","alertRef":"10017"},{"sourceid":"3","other":"","method":"GET","evidence":"<script type=\"text/javascript\" src=\"https://d3ptyyxy2at9ui.cloudfront.net/Col_PluginCollection-f907f0.js\" ><\/script>","pluginId":"10017","cweid":"829","confidence":"Medium","wascid":"15","description":"The page includes one or more script files from a third-party domain.","messageId":"132","url":"https://todoist.com/users/showlogin","reference":"","solution":"Ensure JavaScript source files are loaded from only trusted sources, and the sources can't be controlled by end users of the application.","alert":"Cross-Domain JavaScript Source File Inclusion","param":"https://d3ptyyxy2at9ui.cloudfront.net/Col_PluginCollection-f907f0.js","attack":"","name":"Cross-Domain JavaScript Source File Inclusion","risk":"Low","id":"322","alertRef":"10017"},{"sourceid":"3","other":"","method":"GET","evidence":"<script type=\"text/javascript\" src=\"https://d3ptyyxy2at9ui.cloudfront.net/ist_button-56a55c.js\" ><\/script>","pluginId":"10017","cweid":"829","confidence":"Medium","wascid":"15","description":"The page includes one or more script files from a third-party domain.","messageId":"132","url":"https://todoist.com/users/showlogin","reference":"","solution":"Ensure JavaScript source files are loaded from only trusted sources, and the sources can't be controlled by end users of the application.","alert":"Cross-Domain JavaScript Source File Inclusion","param":"https://d3ptyyxy2at9ui.cloudfront.net/ist_button-56a55c.js","attack":"","name":"Cross-Domain JavaScript Source File Inclusion","risk":"Low","id":"323","alertRef":"10017"},{"sourceid":"3","other":"","method":"GET","evidence":"<script type=\"text/javascript\" src=\"https://d3ptyyxy2at9ui.cloudfront.net/Col_LoginSignupCollection-976c4c.js\" ><\/script>","pluginId":"10017","cweid":"829","confidence":"Medium","wascid":"15","description":"The page includes one or more script files from a third-party domain.","messageId":"132","url":"https://todoist.com/users/showlogin","reference":"","solution":"Ensure JavaScript source files are loaded from only trusted sources, and the sources can't be controlled by end users of the application.","alert":"Cross-Domain JavaScript Source File Inclusion","param":"https://d3ptyyxy2at9ui.cloudfront.net/Col_LoginSignupCollection-976c4c.js","attack":"","name":"Cross-Domain JavaScript Source File Inclusion","risk":"Low","id":"324","alertRef":"10017"},{"sourceid":"3","other":"This issue still applies to error type pages (401, 403, 500, etc.) as those pages are often still affected by injection issues, in which case there is still concern for browsers sniffing pages away from their actual content type.\nAt \"High\" threshold this scan rule will not alert on client or server error responses.","method":"GET","evidence":"","pluginId":"10021","cweid":"16","confidence":"Medium","wascid":"15","description":"The Anti-MIME-Sniffing header X-Content-Type-Options was not set to 'nosniff'. This allows older versions of Internet Explorer and Chrome to perform MIME-sniffing on the response body, potentially causing the response body to be interpreted and displayed as a content type other than the declared content type. Current (early 2014) and legacy versions of Firefox will use the declared content type (if one is set), rather than performing MIME-sniffing.","messageId":"132","url":"https://todoist.com/users/showlogin","reference":"http://msdn.microsoft.com/en-us/library/ie/gg622941%28v=vs.85%29.aspx\nhttps://owasp.org/www-community/Security_Headers","solution":"Ensure that the application/web server sets the Content-Type header appropriately, and that it sets the X-Content-Type-Options header to 'nosniff' for all web pages.\nIf possible, ensure that the end user uses a standards-compliant and modern web browser that does not perform MIME-sniffing at all, or that can be directed by the web application/web server to not perform MIME-sniffing.","alert":"X-Content-Type-Options Header Missing","param":"X-Content-Type-Options","attack":"","name":"X-Content-Type-Options Header Missing","risk":"Low","id":"325","alertRef":"10021"},{"sourceid":"3","other":"","method":"GET","evidence":"","pluginId":"10020","cweid":"16","confidence":"Medium","wascid":"15","description":"X-Frame-Options header is not included in the HTTP response to protect against 'ClickJacking' attacks.","messageId":"132","url":"https://todoist.com/users/showlogin","reference":"https://developer.mozilla.org/en-US/docs/Web/HTTP/Headers/X-Frame-Options","solution":"Most modern Web browsers support the X-Frame-Options HTTP header. Ensure it's set on all web pages returned by your site (if you expect the page to be framed only by pages on your server (e.g. it's part of a FRAMESET) then you'll want to use SAMEORIGIN, otherwise if you never expect the page to be framed, you should use DENY. Alternatively consider implementing Content Security Policy's \"frame-ancestors\" directive. ","alert":"X-Frame-Options Header Not Set","param":"X-Frame-Options","attack":"","name":"X-Frame-Options Header Not Set","risk":"Medium","id":"326","alertRef":"10020"},{"sourceid":"3","other":"","method":"POST","evidence":"Set-Cookie: todoistd","pluginId":"10054","cweid":"16","confidence":"Medium","wascid":"13","description":"A cookie has been set with an invalid SameSite attribute value, which means that the cookie can be sent as a result of a 'cross-site' request. The SameSite attribute is an effective counter measure to cross-site request forgery, cross-site script inclusion, and timing attacks.","messageId":"156","url":"https://todoist.com/Users/login","reference":"https://tools.ietf.org/html/draft-ietf-httpbis-cookie-same-site","solution":"Ensure that the SameSite attribute is set to either 'lax' or ideally 'strict' for all cookies.","alert":"Cookie Without SameSite Attribute","param":"todoistd","attack":"","name":"Cookie Without SameSite Attribute","risk":"Low","id":"371","alertRef":"10054"},{"sourceid":"3","other":"31536000, which evaluates to: 1970-12-31 19:00:00","method":"POST","evidence":"31536000","pluginId":"10096","cweid":"200","confidence":"Low","wascid":"13","description":"A timestamp was disclosed by the application/web server - Unix","messageId":"156","url":"https://todoist.com/Users/login","reference":"http://projects.webappsec.org/w/page/13246936/Information%20Leakage","solution":"Manually confirm that the timestamp data is not sensitive, and that the data cannot be aggregated to disclose exploitable patterns.","alert":"Timestamp Disclosure - Unix","param":"","attack":"","name":"Timestamp Disclosure - Unix","risk":"Informational","id":"372","alertRef":"10096"},{"sourceid":"3","other":"The response contained multiple CSP headers, one or more of them contained a report-uri directive and therefore they could not be merged. The first identified header/policy was analyzed.","method":"GET","evidence":"default-src 'self' wss://*.todoist.com https://www.google-analytics.com https://o476415.ingest.sentry.io https://d3ptyyxy2at9ui.cloudfront.net https://dcff1xvirvpfp.cloudfront.net https://d266vjxpnndrqi.cloudfront.net https://x-api.rollout.io https://statestore.rollout.io https://conf.rollout.io https://push.rollout.io https://analytic.rollout.io https://browser.sentry-cdn.com https://www.dropbox.com/static/api/2/dropins.js https://apis.google.com https://*.todoist.com https://todoist.com https://maps.googleapis.com https://fonts.gstatic.com; style-src 'self' wss://*.todoist.com https://www.google-analytics.com https://o476415.ingest.sentry.io https://d3ptyyxy2at9ui.cloudfront.net https://dcff1xvirvpfp.cloudfront.net https://d266vjxpnndrqi.cloudfront.net https://x-api.rollout.io https://statestore.rollout.io https://conf.rollout.io https://push.rollout.io https://analytic.rollout.io https://browser.sentry-cdn.com https://www.dropbox.com/static/api/2/dropins.js https://apis.google.com https://*.todoist.com https://todoist.com https://maps.googleapis.com https://fonts.gstatic.com 'unsafe-inline' https://fonts.googleapis.com; img-src 'self' data:  https://d3ptyyxy2at9ui.cloudfront.net https://dcff1xvirvpfp.cloudfront.net https://d266vjxpnndrqi.cloudfront.net https://d1x0mwiac2rqwt.cloudfront.net https://avatars.doist.com https://image-resize.todoist.com https://maps.gstatic.com https://*.googleapis.com https://*.ggpht https://twemoji.maxcdn.com https://www.google-analytics.com; media-src 'self' https://d1ysz50cxb9zwl.cloudfront.net https://d3ptyyxy2at9ui.cloudfront.net https://files.todoist.com; frame-src 'self' https://www.dropbox.com https://accounts.google.com https://docs.google.com; report-uri /csp_report","pluginId":"10055","cweid":"16","confidence":"Medium","wascid":"15","description":"Info Items:\n1:1715: A draft of the next version of CSP deprecates report-uri in favour of a new report-to directive.\n","messageId":"158","url":"https://todoist.com/app/","reference":"http://www.w3.org/TR/CSP2/\nhttp://www.w3.org/TR/CSP/\nhttp://caniuse.com/#search=content+security+policy\nhttp://content-security-policy.com/\nhttps://github.com/shapesecurity/salvation\nhttps://developers.google.com/web/fundamentals/security/csp#policy_applies_to_a_wide_variety_of_resources","solution":"Ensure that your web server, application server, load balancer, etc. is properly configured to set the Content-Security-Policy header.","alert":"CSP: Notices","param":"Content-Security-Policy","attack":"","name":"CSP: Notices","risk":"Informational","id":"373","alertRef":"10055"},{"sourceid":"3","other":"The response contained multiple CSP headers, one or more of them contained a report-uri directive and therefore they could not be merged. The first identified header/policy was analyzed.","method":"GET","evidence":"default-src 'self' wss://*.todoist.com https://www.google-analytics.com https://o476415.ingest.sentry.io https://d3ptyyxy2at9ui.cloudfront.net https://dcff1xvirvpfp.cloudfront.net https://d266vjxpnndrqi.cloudfront.net https://x-api.rollout.io https://statestore.rollout.io https://conf.rollout.io https://push.rollout.io https://analytic.rollout.io https://browser.sentry-cdn.com https://www.dropbox.com/static/api/2/dropins.js https://apis.google.com https://*.todoist.com https://todoist.com https://maps.googleapis.com https://fonts.gstatic.com; style-src 'self' wss://*.todoist.com https://www.google-analytics.com https://o476415.ingest.sentry.io https://d3ptyyxy2at9ui.cloudfront.net https://dcff1xvirvpfp.cloudfront.net https://d266vjxpnndrqi.cloudfront.net https://x-api.rollout.io https://statestore.rollout.io https://conf.rollout.io https://push.rollout.io https://analytic.rollout.io https://browser.sentry-cdn.com https://www.dropbox.com/static/api/2/dropins.js https://apis.google.com https://*.todoist.com https://todoist.com https://maps.googleapis.com https://fonts.gstatic.com 'unsafe-inline' https://fonts.googleapis.com; img-src 'self' data:  https://d3ptyyxy2at9ui.cloudfront.net https://dcff1xvirvpfp.cloudfront.net https://d266vjxpnndrqi.cloudfront.net https://d1x0mwiac2rqwt.cloudfront.net https://avatars.doist.com https://image-resize.todoist.com https://maps.gstatic.com https://*.googleapis.com https://*.ggpht https://twemoji.maxcdn.com https://www.google-analytics.com; media-src 'self' https://d1ysz50cxb9zwl.cloudfront.net https://d3ptyyxy2at9ui.cloudfront.net https://files.todoist.com; frame-src 'self' https://www.dropbox.com https://accounts.google.com https://docs.google.com; report-uri /csp_report","pluginId":"10055","cweid":"16","confidence":"Medium","wascid":"15","description":"The following directives either allow wildcard sources (or ancestors), are not defined, or are overly broadly defined: \nframe-ancestors, form-action\n\nThe directive(s): frame-ancestors, form-action are among the directives that do not fallback to default-src, missing/excluding them is the same as allowing anything.","messageId":"158","url":"https://todoist.com/app/","reference":"http://www.w3.org/TR/CSP2/\nhttp://www.w3.org/TR/CSP/\nhttp://caniuse.com/#search=content+security+policy\nhttp://content-security-policy.com/\nhttps://github.com/shapesecurity/salvation\nhttps://developers.google.com/web/fundamentals/security/csp#policy_applies_to_a_wide_variety_of_resources","solution":"Ensure that your web server, application server, load balancer, etc. is properly configured to set the Content-Security-Policy header.","alert":"CSP: Wildcard Directive","param":"Content-Security-Policy","attack":"","name":"CSP: Wildcard Directive","risk":"Medium","id":"374","alertRef":"10055"},{"sourceid":"3","other":"The response contained multiple CSP headers, one or more of them contained a report-uri directive and therefore they could not be merged. The first identified header/policy was analyzed.","method":"GET","evidence":"default-src 'self' wss://*.todoist.com https://www.google-analytics.com https://o476415.ingest.sentry.io https://d3ptyyxy2at9ui.cloudfront.net https://dcff1xvirvpfp.cloudfront.net https://d266vjxpnndrqi.cloudfront.net https://x-api.rollout.io https://statestore.rollout.io https://conf.rollout.io https://push.rollout.io https://analytic.rollout.io https://browser.sentry-cdn.com https://www.dropbox.com/static/api/2/dropins.js https://apis.google.com https://*.todoist.com https://todoist.com https://maps.googleapis.com https://fonts.gstatic.com; style-src 'self' wss://*.todoist.com https://www.google-analytics.com https://o476415.ingest.sentry.io https://d3ptyyxy2at9ui.cloudfront.net https://dcff1xvirvpfp.cloudfront.net https://d266vjxpnndrqi.cloudfront.net https://x-api.rollout.io https://statestore.rollout.io https://conf.rollout.io https://push.rollout.io https://analytic.rollout.io https://browser.sentry-cdn.com https://www.dropbox.com/static/api/2/dropins.js https://apis.google.com https://*.todoist.com https://todoist.com https://maps.googleapis.com https://fonts.gstatic.com 'unsafe-inline' https://fonts.googleapis.com; img-src 'self' data:  https://d3ptyyxy2at9ui.cloudfront.net https://dcff1xvirvpfp.cloudfront.net https://d266vjxpnndrqi.cloudfront.net https://d1x0mwiac2rqwt.cloudfront.net https://avatars.doist.com https://image-resize.todoist.com https://maps.gstatic.com https://*.googleapis.com https://*.ggpht https://twemoji.maxcdn.com https://www.google-analytics.com; media-src 'self' https://d1ysz50cxb9zwl.cloudfront.net https://d3ptyyxy2at9ui.cloudfront.net https://files.todoist.com; frame-src 'self' https://www.dropbox.com https://accounts.google.com https://docs.google.com; report-uri /csp_report","pluginId":"10055","cweid":"16","confidence":"Medium","wascid":"15","description":"style-src includes unsafe-inline.","messageId":"158","url":"https://todoist.com/app/","reference":"http://www.w3.org/TR/CSP2/\nhttp://www.w3.org/TR/CSP/\nhttp://caniuse.com/#search=content+security+policy\nhttp://content-security-policy.com/\nhttps://github.com/shapesecurity/salvation\nhttps://developers.google.com/web/fundamentals/security/csp#policy_applies_to_a_wide_variety_of_resources","solution":"Ensure that your web server, application server, load balancer, etc. is properly configured to set the Content-Security-Policy header.","alert":"CSP: style-src unsafe-inline","param":"Content-Security-Policy","attack":"","name":"CSP: style-src unsafe-inline","risk":"Medium","id":"375","alertRef":"10055"},{"sourceid":"3","other":"","method":"GET","evidence":"<script src=\"https://d3ptyyxy2at9ui.cloudfront.net/assets/initTheme.b1a12b68f418d0aa0577144c7364b8ab.js\"><\/script>","pluginId":"10017","cweid":"829","confidence":"Medium","wascid":"15","description":"The page includes one or more script files from a third-party domain.","messageId":"158","url":"https://todoist.com/app/","reference":"","solution":"Ensure JavaScript source files are loaded from only trusted sources, and the sources can't be controlled by end users of the application.","alert":"Cross-Domain JavaScript Source File Inclusion","param":"https://d3ptyyxy2at9ui.cloudfront.net/assets/initTheme.b1a12b68f418d0aa0577144c7364b8ab.js","attack":"","name":"Cross-Domain JavaScript Source File Inclusion","risk":"Low","id":"376","alertRef":"10017"},{"sourceid":"3","other":"","method":"GET","evidence":"<script async src=\"https://www.google-analytics.com/analytics.js\"><\/script>","pluginId":"10017","cweid":"829","confidence":"Medium","wascid":"15","description":"The page includes one or more script files from a third-party domain.","messageId":"158","url":"https://todoist.com/app/","reference":"","solution":"Ensure JavaScript source files are loaded from only trusted sources, and the sources can't be controlled by end users of the application.","alert":"Cross-Domain JavaScript Source File Inclusion","param":"https://www.google-analytics.com/analytics.js","attack":"","name":"Cross-Domain JavaScript Source File Inclusion","risk":"Low","id":"377","alertRef":"10017"},{"sourceid":"3","other":"","method":"GET","evidence":"<script src=\"https://d3ptyyxy2at9ui.cloudfront.net/assets/vendor.c9e825411fdc24f1ec7a.js\"><\/script>","pluginId":"10017","cweid":"829","confidence":"Medium","wascid":"15","description":"The page includes one or more script files from a third-party domain.","messageId":"158","url":"https://todoist.com/app/","reference":"","solution":"Ensure JavaScript source files are loaded from only trusted sources, and the sources can't be controlled by end users of the application.","alert":"Cross-Domain JavaScript Source File Inclusion","param":"https://d3ptyyxy2at9ui.cloudfront.net/assets/vendor.c9e825411fdc24f1ec7a.js","attack":"","name":"Cross-Domain JavaScript Source File Inclusion","risk":"Low","id":"378","alertRef":"10017"},{"sourceid":"3","other":"","method":"GET","evidence":"<script src=\"https://d3ptyyxy2at9ui.cloudfront.net/assets/app.1cf113e26f9d2c0630ec.js\"><\/script>","pluginId":"10017","cweid":"829","confidence":"Medium","wascid":"15","description":"The page includes one or more script files from a third-party domain.","messageId":"158","url":"https://todoist.com/app/","reference":"","solution":"Ensure JavaScript source files are loaded from only trusted sources, and the sources can't be controlled by end users of the application.","alert":"Cross-Domain JavaScript Source File Inclusion","param":"https://d3ptyyxy2at9ui.cloudfront.net/assets/app.1cf113e26f9d2c0630ec.js","attack":"","name":"Cross-Domain JavaScript Source File Inclusion","risk":"Low","id":"379","alertRef":"10017"},{"sourceid":"3","other":"572688855, which evaluates to: 1988-02-24 03:14:15","method":"GET","evidence":"572688855","pluginId":"10096","cweid":"200","confidence":"Low","wascid":"13","description":"A timestamp was disclosed by the application/web server - Unix","messageId":"158","url":"https://todoist.com/app/","reference":"http://projects.webappsec.org/w/page/13246936/Information%20Leakage","solution":"Manually confirm that the timestamp data is not sensitive, and that the data cannot be aggregated to disclose exploitable patterns.","alert":"Timestamp Disclosure - Unix","param":"","attack":"","name":"Timestamp Disclosure - Unix","risk":"Informational","id":"380","alertRef":"10096"},{"sourceid":"3","other":"This issue still applies to error type pages (401, 403, 500, etc.) as those pages are often still affected by injection issues, in which case there is still concern for browsers sniffing pages away from their actual content type.\nAt \"High\" threshold this scan rule will not alert on client or server error responses.","method":"GET","evidence":"","pluginId":"10021","cweid":"16","confidence":"Medium","wascid":"15","description":"The Anti-MIME-Sniffing header X-Content-Type-Options was not set to 'nosniff'. This allows older versions of Internet Explorer and Chrome to perform MIME-sniffing on the response body, potentially causing the response body to be interpreted and displayed as a content type other than the declared content type. Current (early 2014) and legacy versions of Firefox will use the declared content type (if one is set), rather than performing MIME-sniffing.","messageId":"158","url":"https://todoist.com/app/","reference":"http://msdn.microsoft.com/en-us/library/ie/gg622941%28v=vs.85%29.aspx\nhttps://owasp.org/www-community/Security_Headers","solution":"Ensure that the application/web server sets the Content-Type header appropriately, and that it sets the X-Content-Type-Options header to 'nosniff' for all web pages.\nIf possible, ensure that the end user uses a standards-compliant and modern web browser that does not perform MIME-sniffing at all, or that can be directed by the web application/web server to not perform MIME-sniffing.","alert":"X-Content-Type-Options Header Missing","param":"X-Content-Type-Options","attack":"","name":"X-Content-Type-Options Header Missing","risk":"Low","id":"381","alertRef":"10021"},{"sourceid":"3","other":"","method":"GET","evidence":"","pluginId":"10020","cweid":"16","confidence":"Medium","wascid":"15","description":"X-Frame-Options header is not included in the HTTP response to protect against 'ClickJacking' attacks.","messageId":"158","url":"https://todoist.com/app/","reference":"https://developer.mozilla.org/en-US/docs/Web/HTTP/Headers/X-Frame-Options","solution":"Most modern Web browsers support the X-Frame-Options HTTP header. Ensure it's set on all web pages returned by your site (if you expect the page to be framed only by pages on your server (e.g. it's part of a FRAMESET) then you'll want to use SAMEORIGIN, otherwise if you never expect the page to be framed, you should use DENY. Alternatively consider implementing Content Security Policy's \"frame-ancestors\" directive. ","alert":"X-Frame-Options Header Not Set","param":"X-Frame-Options","attack":"","name":"X-Frame-Options Header Not Set","risk":"Medium","id":"382","alertRef":"10020"},{"sourceid":"3","other":"","method":"POST","evidence":"no-cache","pluginId":"10015","cweid":"525","confidence":"Medium","wascid":"13","description":"The cache-control and pragma HTTP header have not been set properly or are missing allowing the browser and proxies to cache content.","messageId":"166","url":"https://todoist.com/API/v8.7/sync","reference":"https://cheatsheetseries.owasp.org/cheatsheets/Session_Management_Cheat_Sheet.html#web-content-caching","solution":"Whenever possible ensure the cache-control HTTP header is set with no-cache, no-store, must-revalidate; and that the pragma HTTP header is set with no-cache.","alert":"Incomplete or No Cache-control and Pragma HTTP Header Set","param":"Cache-Control","attack":"","name":"Incomplete or No Cache-control and Pragma HTTP Header Set","risk":"Low","id":"656","alertRef":"10015"},{"sourceid":"3","other":"1344642991, which evaluates to: 2012-08-10 18:56:31","method":"POST","evidence":"1344642991","pluginId":"10096","cweid":"200","confidence":"Low","wascid":"13","description":"A timestamp was disclosed by the application/web server - Unix","messageId":"166","url":"https://todoist.com/API/v8.7/sync","reference":"http://projects.webappsec.org/w/page/13246936/Information%20Leakage","solution":"Manually confirm that the timestamp data is not sensitive, and that the data cannot be aggregated to disclose exploitable patterns.","alert":"Timestamp Disclosure - Unix","param":"","attack":"","name":"Timestamp Disclosure - Unix","risk":"Informational","id":"657","alertRef":"10096"},{"sourceid":"3","other":"33304136, which evaluates to: 1971-01-21 06:08:56","method":"POST","evidence":"33304136","pluginId":"10096","cweid":"200","confidence":"Low","wascid":"13","description":"A timestamp was disclosed by the application/web server - Unix","messageId":"166","url":"https://todoist.com/API/v8.7/sync","reference":"http://projects.webappsec.org/w/page/13246936/Information%20Leakage","solution":"Manually confirm that the timestamp data is not sensitive, and that the data cannot be aggregated to disclose exploitable patterns.","alert":"Timestamp Disclosure - Unix","param":"","attack":"","name":"Timestamp Disclosure - Unix","risk":"Informational","id":"658","alertRef":"10096"},{"sourceid":"3","other":"43476449, which evaluates to: 1971-05-18 23:47:29","method":"POST","evidence":"43476449","pluginId":"10096","cweid":"200","confidence":"Low","wascid":"13","description":"A timestamp was disclosed by the application/web server - Unix","messageId":"166","url":"https://todoist.com/API/v8.7/sync","reference":"http://projects.webappsec.org/w/page/13246936/Information%20Leakage","solution":"Manually confirm that the timestamp data is not sensitive, and that the data cannot be aggregated to disclose exploitable patterns.","alert":"Timestamp Disclosure - Unix","param":"","attack":"","name":"Timestamp Disclosure - Unix","risk":"Informational","id":"659","alertRef":"10096"},{"sourceid":"3","other":"43476450, which evaluates to: 1971-05-18 23:47:30","method":"POST","evidence":"43476450","pluginId":"10096","cweid":"200","confidence":"Low","wascid":"13","description":"A timestamp was disclosed by the application/web server - Unix","messageId":"166","url":"https://todoist.com/API/v8.7/sync","reference":"http://projects.webappsec.org/w/page/13246936/Information%20Leakage","solution":"Manually confirm that the timestamp data is not sensitive, and that the data cannot be aggregated to disclose exploitable patterns.","alert":"Timestamp Disclosure - Unix","param":"","attack":"","name":"Timestamp Disclosure - Unix","risk":"Informational","id":"674","alertRef":"10096"},{"sourceid":"3","other":"43476451, which evaluates to: 1971-05-18 23:47:31","method":"POST","evidence":"43476451","pluginId":"10096","cweid":"200","confidence":"Low","wascid":"13","description":"A timestamp was disclosed by the application/web server - Unix","messageId":"166","url":"https://todoist.com/API/v8.7/sync","reference":"http://projects.webappsec.org/w/page/13246936/Information%20Leakage","solution":"Manually confirm that the timestamp data is not sensitive, and that the data cannot be aggregated to disclose exploitable patterns.","alert":"Timestamp Disclosure - Unix","param":"","attack":"","name":"Timestamp Disclosure - Unix","risk":"Informational","id":"680","alertRef":"10096"},{"sourceid":"3","other":"43476452, which evaluates to: 1971-05-18 23:47:32","method":"POST","evidence":"43476452","pluginId":"10096","cweid":"200","confidence":"Low","wascid":"13","description":"A timestamp was disclosed by the application/web server - Unix","messageId":"166","url":"https://todoist.com/API/v8.7/sync","reference":"http://projects.webappsec.org/w/page/13246936/Information%20Leakage","solution":"Manually confirm that the timestamp data is not sensitive, and that the data cannot be aggregated to disclose exploitable patterns.","alert":"Timestamp Disclosure - Unix","param":"","attack":"","name":"Timestamp Disclosure - Unix","risk":"Informational","id":"686","alertRef":"10096"},{"sourceid":"3","other":"205325931, which evaluates to: 1976-07-04 05:58:51","method":"POST","evidence":"205325931","pluginId":"10096","cweid":"200","confidence":"Low","wascid":"13","description":"A timestamp was disclosed by the application/web server - Unix","messageId":"166","url":"https://todoist.com/API/v8.7/sync","reference":"http://projects.webappsec.org/w/page/13246936/Information%20Leakage","solution":"Manually confirm that the timestamp data is not sensitive, and that the data cannot be aggregated to disclose exploitable patterns.","alert":"Timestamp Disclosure - Unix","param":"","attack":"","name":"Timestamp Disclosure - Unix","risk":"Informational","id":"697","alertRef":"10096"},{"sourceid":"3","other":"This issue still applies to error type pages (401, 403, 500, etc.) as those pages are often still affected by injection issues, in which case there is still concern for browsers sniffing pages away from their actual content type.\nAt \"High\" threshold this scan rule will not alert on client or server error responses.","method":"POST","evidence":"","pluginId":"10021","cweid":"16","confidence":"Medium","wascid":"15","description":"The Anti-MIME-Sniffing header X-Content-Type-Options was not set to 'nosniff'. This allows older versions of Internet Explorer and Chrome to perform MIME-sniffing on the response body, potentially causing the response body to be interpreted and displayed as a content type other than the declared content type. Current (early 2014) and legacy versions of Firefox will use the declared content type (if one is set), rather than performing MIME-sniffing.","messageId":"166","url":"https://todoist.com/API/v8.7/sync","reference":"http://msdn.microsoft.com/en-us/library/ie/gg622941%28v=vs.85%29.aspx\nhttps://owasp.org/www-community/Security_Headers","solution":"Ensure that the application/web server sets the Content-Type header appropriately, and that it sets the X-Content-Type-Options header to 'nosniff' for all web pages.\nIf possible, ensure that the end user uses a standards-compliant and modern web browser that does not perform MIME-sniffing at all, or that can be directed by the web application/web server to not perform MIME-sniffing.","alert":"X-Content-Type-Options Header Missing","param":"X-Content-Type-Options","attack":"","name":"X-Content-Type-Options Header Missing","risk":"Low","id":"708","alertRef":"10021"}]}
{"alerts":[{"sourceid":"3","other":"","method":"GET","evidence":"Set-Cookie: AWSALB","pluginId":"10010","cweid":"16","confidence":"Medium","wascid":"13","description":"A cookie has been set without the HttpOnly flag, which means that the cookie can be accessed by JavaScript. If a malicious script can be run on this page then the cookie will be accessible and can be transmitted to another site. If this is a session cookie then session hijacking may be possible.","messageId":"3","url":"https://todoist.com/","reference":"https://owasp.org/www-community/HttpOnly","solution":"Ensure that the HttpOnly flag is set for all cookies.","alert":"Cookie No HttpOnly Flag","param":"AWSALB","attack":"","name":"Cookie No HttpOnly Flag","risk":"Low","id":"0","alertRef":"10010"},{"sourceid":"3","other":"","method":"GET","evidence":"Set-Cookie: AWSALBCORS","pluginId":"10010","cweid":"16","confidence":"Medium","wascid":"13","description":"A cookie has been set without the HttpOnly flag, which means that the cookie can be accessed by JavaScript. If a malicious script can be run on this page then the cookie will be accessible and can be transmitted to another site. If this is a session cookie then session hijacking may be possible.","messageId":"3","url":"https://todoist.com/","reference":"https://owasp.org/www-community/HttpOnly","solution":"Ensure that the HttpOnly flag is set for all cookies.","alert":"Cookie No HttpOnly Flag","param":"AWSALBCORS","attack":"","name":"Cookie No HttpOnly Flag","risk":"Low","id":"1","alertRef":"10010"},{"sourceid":"3","other":"","method":"GET","evidence":"Set-Cookie: _csrf","pluginId":"10010","cweid":"16","confidence":"Medium","wascid":"13","description":"A cookie has been set without the HttpOnly flag, which means that the cookie can be accessed by JavaScript. If a malicious script can be run on this page then the cookie will be accessible and can be transmitted to another site. If this is a session cookie then session hijacking may be possible.","messageId":"3","url":"https://todoist.com/","reference":"https://owasp.org/www-community/HttpOnly","solution":"Ensure that the HttpOnly flag is set for all cookies.","alert":"Cookie No HttpOnly Flag","param":"_csrf","attack":"","name":"Cookie No HttpOnly Flag","risk":"Low","id":"2","alertRef":"10010"},{"sourceid":"3","other":"","method":"GET","evidence":"Set-Cookie: next-i18next","pluginId":"10010","cweid":"16","confidence":"Medium","wascid":"13","description":"A cookie has been set without the HttpOnly flag, which means that the cookie can be accessed by JavaScript. If a malicious script can be run on this page then the cookie will be accessible and can be transmitted to another site. If this is a session cookie then session hijacking may be possible.","messageId":"3","url":"https://todoist.com/","reference":"https://owasp.org/www-community/HttpOnly","solution":"Ensure that the HttpOnly flag is set for all cookies.","alert":"Cookie No HttpOnly Flag","param":"next-i18next","attack":"","name":"Cookie No HttpOnly Flag","risk":"Low","id":"3","alertRef":"10010"},{"sourceid":"3","other":"","method":"GET","evidence":"Set-Cookie: AWSALB","pluginId":"10054","cweid":"16","confidence":"Medium","wascid":"13","description":"A cookie has been set without the SameSite attribute, which means that the cookie can be sent as a result of a 'cross-site' request. The SameSite attribute is an effective counter measure to cross-site request forgery, cross-site script inclusion, and timing attacks.","messageId":"3","url":"https://todoist.com/","reference":"https://tools.ietf.org/html/draft-ietf-httpbis-cookie-same-site","solution":"Ensure that the SameSite attribute is set to either 'lax' or ideally 'strict' for all cookies.","alert":"Cookie Without SameSite Attribute","param":"AWSALB","attack":"","name":"Cookie Without SameSite Attribute","risk":"Low","id":"4","alertRef":"10054"},{"sourceid":"3","other":"","method":"GET","evidence":"Set-Cookie: AWSALBCORS","pluginId":"10054","cweid":"16","confidence":"Medium","wascid":"13","description":"A cookie has been set with an invalid SameSite attribute value, which means that the cookie can be sent as a result of a 'cross-site' request. The SameSite attribute is an effective counter measure to cross-site request forgery, cross-site script inclusion, and timing attacks.","messageId":"3","url":"https://todoist.com/","reference":"https://tools.ietf.org/html/draft-ietf-httpbis-cookie-same-site","solution":"Ensure that the SameSite attribute is set to either 'lax' or ideally 'strict' for all cookies.","alert":"Cookie Without SameSite Attribute","param":"AWSALBCORS","attack":"","name":"Cookie Without SameSite Attribute","risk":"Low","id":"5","alertRef":"10054"},{"sourceid":"3","other":"","method":"GET","evidence":"Set-Cookie: _csrf","pluginId":"10054","cweid":"16","confidence":"Medium","wascid":"13","description":"A cookie has been set without the SameSite attribute, which means that the cookie can be sent as a result of a 'cross-site' request. The SameSite attribute is an effective counter measure to cross-site request forgery, cross-site script inclusion, and timing attacks.","messageId":"3","url":"https://todoist.com/","reference":"https://tools.ietf.org/html/draft-ietf-httpbis-cookie-same-site","solution":"Ensure that the SameSite attribute is set to either 'lax' or ideally 'strict' for all cookies.","alert":"Cookie Without SameSite Attribute","param":"_csrf","attack":"","name":"Cookie Without SameSite Attribute","risk":"Low","id":"6","alertRef":"10054"},{"sourceid":"3","other":"","method":"GET","evidence":"Set-Cookie: AWSALB","pluginId":"10011","cweid":"614","confidence":"Medium","wascid":"13","description":"A cookie has been set without the secure flag, which means that the cookie can be accessed via unencrypted connections.","messageId":"3","url":"https://todoist.com/","reference":"https://owasp.org/www-project-web-security-testing-guide/v41/4-Web_Application_Security_Testing/06-Session_Management_Testing/02-Testing_for_Cookies_Attributes.html","solution":"Whenever a cookie contains sensitive information or is a session token, then it should always be passed using an encrypted channel. Ensure that the secure flag is set for cookies containing such sensitive information.","alert":"Cookie Without Secure Flag","param":"AWSALB","attack":"","name":"Cookie Without Secure Flag","risk":"Low","id":"7","alertRef":"10011"},{"sourceid":"3","other":"","method":"GET","evidence":"Set-Cookie: _csrf","pluginId":"10011","cweid":"614","confidence":"Medium","wascid":"13","description":"A cookie has been set without the secure flag, which means that the cookie can be accessed via unencrypted connections.","messageId":"3","url":"https://todoist.com/","reference":"https://owasp.org/www-project-web-security-testing-guide/v41/4-Web_Application_Security_Testing/06-Session_Management_Testing/02-Testing_for_Cookies_Attributes.html","solution":"Whenever a cookie contains sensitive information or is a session token, then it should always be passed using an encrypted channel. Ensure that the secure flag is set for cookies containing such sensitive information.","alert":"Cookie Without Secure Flag","param":"_csrf","attack":"","name":"Cookie Without Secure Flag","risk":"Low","id":"8","alertRef":"10011"},{"sourceid":"3","other":"","method":"GET","evidence":"Set-Cookie: next-i18next","pluginId":"10011","cweid":"614","confidence":"Medium","wascid":"13","description":"A cookie has been set without the secure flag, which means that the cookie can be accessed via unencrypted connections.","messageId":"3","url":"https://todoist.com/","reference":"https://owasp.org/www-project-web-security-testing-guide/v41/4-Web_Application_Security_Testing/06-Session_Management_Testing/02-Testing_for_Cookies_Attributes.html","solution":"Whenever a cookie contains sensitive information or is a session token, then it should always be passed using an encrypted channel. Ensure that the secure flag is set for cookies containing such sensitive information.","alert":"Cookie Without Secure Flag","param":"next-i18next","attack":"","name":"Cookie Without Secure Flag","risk":"Low","id":"9","alertRef":"10011"},{"sourceid":"3","other":"","method":"GET","evidence":"","pluginId":"10015","cweid":"525","confidence":"Medium","wascid":"13","description":"The cache-control and pragma HTTP header have not been set properly or are missing allowing the browser and proxies to cache content.","messageId":"5","url":"https://todoist.com/es","reference":"https://cheatsheetseries.owasp.org/cheatsheets/Session_Management_Cheat_Sheet.html#web-content-caching","solution":"Whenever possible ensure the cache-control HTTP header is set with no-cache, no-store, must-revalidate; and that the pragma HTTP header is set with no-cache.","alert":"Incomplete or No Cache-control and Pragma HTTP Header Set","param":"Cache-Control","attack":"","name":"Incomplete or No Cache-control and Pragma HTTP Header Set","risk":"Low","id":"10","alertRef":"10015"},{"sourceid":"3","other":"","method":"GET","evidence":"Set-Cookie: AWSALB","pluginId":"10010","cweid":"16","confidence":"Medium","wascid":"13","description":"A cookie has been set without the HttpOnly flag, which means that the cookie can be accessed by JavaScript. If a malicious script can be run on this page then the cookie will be accessible and can be transmitted to another site. If this is a session cookie then session hijacking may be possible.","messageId":"5","url":"https://todoist.com/es","reference":"https://owasp.org/www-community/HttpOnly","solution":"Ensure that the HttpOnly flag is set for all cookies.","alert":"Cookie No HttpOnly Flag","param":"AWSALB","attack":"","name":"Cookie No HttpOnly Flag","risk":"Low","id":"11","alertRef":"10010"},{"sourceid":"3","other":"","method":"GET","evidence":"Set-Cookie: AWSALBCORS","pluginId":"10010","cweid":"16","confidence":"Medium","wascid":"13","description":"A cookie has been set without the HttpOnly flag, which means that the cookie can be accessed by JavaScript. If a malicious script can be run on this page then the cookie will be accessible and can be transmitted to another site. If this is a session cookie then session hijacking may be possible.","messageId":"5","url":"https://todoist.com/es","reference":"https://owasp.org/www-community/HttpOnly","solution":"Ensure that the HttpOnly flag is set for all cookies.","alert":"Cookie No HttpOnly Flag","param":"AWSALBCORS","attack":"","name":"Cookie No HttpOnly Flag","risk":"Low","id":"12","alertRef":"10010"},{"sourceid":"3","other":"","method":"GET","evidence":"Set-Cookie: next-i18next","pluginId":"10010","cweid":"16","confidence":"Medium","wascid":"13","description":"A cookie has been set without the HttpOnly flag, which means that the cookie can be accessed by JavaScript. If a malicious script can be run on this page then the cookie will be accessible and can be transmitted to another site. If this is a session cookie then session hijacking may be possible.","messageId":"5","url":"https://todoist.com/es","reference":"https://owasp.org/www-community/HttpOnly","solution":"Ensure that the HttpOnly flag is set for all cookies.","alert":"Cookie No HttpOnly Flag","param":"next-i18next","attack":"","name":"Cookie No HttpOnly Flag","risk":"Low","id":"13","alertRef":"10010"},{"sourceid":"3","other":"","method":"GET","evidence":"Set-Cookie: AWSALB","pluginId":"10054","cweid":"16","confidence":"Medium","wascid":"13","description":"A cookie has been set without the SameSite attribute, which means that the cookie can be sent as a result of a 'cross-site' request. The SameSite attribute is an effective counter measure to cross-site request forgery, cross-site script inclusion, and timing attacks.","messageId":"5","url":"https://todoist.com/es","reference":"https://tools.ietf.org/html/draft-ietf-httpbis-cookie-same-site","solution":"Ensure that the SameSite attribute is set to either 'lax' or ideally 'strict' for all cookies.","alert":"Cookie Without SameSite Attribute","param":"AWSALB","attack":"","name":"Cookie Without SameSite Attribute","risk":"Low","id":"14","alertRef":"10054"},{"sourceid":"3","other":"","method":"GET","evidence":"Set-Cookie: AWSALBCORS","pluginId":"10054","cweid":"16","confidence":"Medium","wascid":"13","description":"A cookie has been set with an invalid SameSite attribute value, which means that the cookie can be sent as a result of a 'cross-site' request. The SameSite attribute is an effective counter measure to cross-site request forgery, cross-site script inclusion, and timing attacks.","messageId":"5","url":"https://todoist.com/es","reference":"https://tools.ietf.org/html/draft-ietf-httpbis-cookie-same-site","solution":"Ensure that the SameSite attribute is set to either 'lax' or ideally 'strict' for all cookies.","alert":"Cookie Without SameSite Attribute","param":"AWSALBCORS","attack":"","name":"Cookie Without SameSite Attribute","risk":"Low","id":"15","alertRef":"10054"},{"sourceid":"3","other":"","method":"GET","evidence":"Set-Cookie: AWSALB","pluginId":"10011","cweid":"614","confidence":"Medium","wascid":"13","description":"A cookie has been set without the secure flag, which means that the cookie can be accessed via unencrypted connections.","messageId":"5","url":"https://todoist.com/es","reference":"https://owasp.org/www-project-web-security-testing-guide/v41/4-Web_Application_Security_Testing/06-Session_Management_Testing/02-Testing_for_Cookies_Attributes.html","solution":"Whenever a cookie contains sensitive information or is a session token, then it should always be passed using an encrypted channel. Ensure that the secure flag is set for cookies containing such sensitive information.","alert":"Cookie Without Secure Flag","param":"AWSALB","attack":"","name":"Cookie Without Secure Flag","risk":"Low","id":"16","alertRef":"10011"},{"sourceid":"3","other":"","method":"GET","evidence":"Set-Cookie: next-i18next","pluginId":"10011","cweid":"614","confidence":"Medium","wascid":"13","description":"A cookie has been set without the secure flag, which means that the cookie can be accessed via unencrypted connections.","messageId":"5","url":"https://todoist.com/es","reference":"https://owasp.org/www-project-web-security-testing-guide/v41/4-Web_Application_Security_Testing/06-Session_Management_Testing/02-Testing_for_Cookies_Attributes.html","solution":"Whenever a cookie contains sensitive information or is a session token, then it should always be passed using an encrypted channel. Ensure that the secure flag is set for cookies containing such sensitive information.","alert":"Cookie Without Secure Flag","param":"next-i18next","attack":"","name":"Cookie Without Secure Flag","risk":"Low","id":"17","alertRef":"10011"},{"sourceid":"3","other":"","method":"GET","evidence":"<script src=\"https://www.googleoptimize.com/optimize.js?id=OPT-PNP389R\"><\/script>","pluginId":"10017","cweid":"829","confidence":"Medium","wascid":"15","description":"The page includes one or more script files from a third-party domain.","messageId":"5","url":"https://todoist.com/es","reference":"","solution":"Ensure JavaScript source files are loaded from only trusted sources, and the sources can't be controlled by end users of the application.","alert":"Cross-Domain JavaScript Source File Inclusion","param":"https://www.googleoptimize.com/optimize.js?id=OPT-PNP389R","attack":"","name":"Cross-Domain JavaScript Source File Inclusion","risk":"Low","id":"18","alertRef":"10017"},{"sourceid":"3","other":"The following pattern was used: \\bTODO\\b and was detected in the element starting with: \"<script id=\"__NEXT_DATA__\" type=\"application/json\">{\"props\":{\"initialI18nStore\":{\"es\":{\"index\":{\"seoTitle\":\"Todoist: La \\\"to do \", see evidence field for the suspicious comment/snippet.","method":"GET","evidence":"todo","pluginId":"10027","cweid":"200","confidence":"Low","wascid":"13","description":"The response appears to contain suspicious comments which may help an attacker. Note: Matches made within script blocks or files are against the entire content not only comments.","messageId":"5","url":"https://todoist.com/es","reference":"","solution":"Remove all comments that return information that may help an attacker and fix any underlying problems they refer to.","alert":"Information Disclosure - Suspicious Comments","param":"","attack":"","name":"Information Disclosure - Suspicious Comments","risk":"Informational","id":"19","alertRef":"10027"},{"sourceid":"3","other":"This issue still applies to error type pages (401, 403, 500, etc.) as those pages are often still affected by injection issues, in which case there is still concern for browsers sniffing pages away from their actual content type.\nAt \"High\" threshold this scan rule will not alert on client or server error responses.","method":"GET","evidence":"","pluginId":"10021","cweid":"16","confidence":"Medium","wascid":"15","description":"The Anti-MIME-Sniffing header X-Content-Type-Options was not set to 'nosniff'. This allows older versions of Internet Explorer and Chrome to perform MIME-sniffing on the response body, potentially causing the response body to be interpreted and displayed as a content type other than the declared content type. Current (early 2014) and legacy versions of Firefox will use the declared content type (if one is set), rather than performing MIME-sniffing.","messageId":"5","url":"https://todoist.com/es","reference":"http://msdn.microsoft.com/en-us/library/ie/gg622941%28v=vs.85%29.aspx\nhttps://owasp.org/www-community/Security_Headers","solution":"Ensure that the application/web server sets the Content-Type header appropriately, and that it sets the X-Content-Type-Options header to 'nosniff' for all web pages.\nIf possible, ensure that the end user uses a standards-compliant and modern web browser that does not perform MIME-sniffing at all, or that can be directed by the web application/web server to not perform MIME-sniffing.","alert":"X-Content-Type-Options Header Missing","param":"X-Content-Type-Options","attack":"","name":"X-Content-Type-Options Header Missing","risk":"Low","id":"20","alertRef":"10021"},{"sourceid":"3","other":"","method":"GET","evidence":"public, max-age=31536000, immutable","pluginId":"10015","cweid":"525","confidence":"Medium","wascid":"13","description":"The cache-control and pragma HTTP header have not been set properly or are missing allowing the browser and proxies to cache content.","messageId":"6","url":"https://todoist.com/_next/static/css/a5174a254d143c3d3d02321814728bdd71b6ab95_CSS.d9deec97.chunk.css","reference":"https://cheatsheetseries.owasp.org/cheatsheets/Session_Management_Cheat_Sheet.html#web-content-caching","solution":"Whenever possible ensure the cache-control HTTP header is set with no-cache, no-store, must-revalidate; and that the pragma HTTP header is set with no-cache.","alert":"Incomplete or No Cache-control and Pragma HTTP Header Set","param":"Cache-Control","attack":"","name":"Incomplete or No Cache-control and Pragma HTTP Header Set","risk":"Low","id":"21","alertRef":"10015"},{"sourceid":"3","other":"This issue still applies to error type pages (401, 403, 500, etc.) as those pages are often still affected by injection issues, in which case there is still concern for browsers sniffing pages away from their actual content type.\nAt \"High\" threshold this scan rule will not alert on client or server error responses.","method":"GET","evidence":"","pluginId":"10021","cweid":"16","confidence":"Medium","wascid":"15","description":"The Anti-MIME-Sniffing header X-Content-Type-Options was not set to 'nosniff'. This allows older versions of Internet Explorer and Chrome to perform MIME-sniffing on the response body, potentially causing the response body to be interpreted and displayed as a content type other than the declared content type. Current (early 2014) and legacy versions of Firefox will use the declared content type (if one is set), rather than performing MIME-sniffing.","messageId":"6","url":"https://todoist.com/_next/static/css/a5174a254d143c3d3d02321814728bdd71b6ab95_CSS.d9deec97.chunk.css","reference":"http://msdn.microsoft.com/en-us/library/ie/gg622941%28v=vs.85%29.aspx\nhttps://owasp.org/www-community/Security_Headers","solution":"Ensure that the application/web server sets the Content-Type header appropriately, and that it sets the X-Content-Type-Options header to 'nosniff' for all web pages.\nIf possible, ensure that the end user uses a standards-compliant and modern web browser that does not perform MIME-sniffing at all, or that can be directed by the web application/web server to not perform MIME-sniffing.","alert":"X-Content-Type-Options Header Missing","param":"X-Content-Type-Options","attack":"","name":"X-Content-Type-Options Header Missing","risk":"Low","id":"22","alertRef":"10021"},{"sourceid":"3","other":"This issue still applies to error type pages (401, 403, 500, etc.) as those pages are often still affected by injection issues, in which case there is still concern for browsers sniffing pages away from their actual content type.\nAt \"High\" threshold this scan rule will not alert on client or server error responses.","method":"GET","evidence":"","pluginId":"10021","cweid":"16","confidence":"Medium","wascid":"15","description":"The Anti-MIME-Sniffing header X-Content-Type-Options was not set to 'nosniff'. This allows older versions of Internet Explorer and Chrome to perform MIME-sniffing on the response body, potentially causing the response body to be interpreted and displayed as a content type other than the declared content type. Current (early 2014) and legacy versions of Firefox will use the declared content type (if one is set), rather than performing MIME-sniffing.","messageId":"10","url":"https://todoist.com/_next/static/chunks/webpack-3bde8603facc0c807a2b.js","reference":"http://msdn.microsoft.com/en-us/library/ie/gg622941%28v=vs.85%29.aspx\nhttps://owasp.org/www-community/Security_Headers","solution":"Ensure that the application/web server sets the Content-Type header appropriately, and that it sets the X-Content-Type-Options header to 'nosniff' for all web pages.\nIf possible, ensure that the end user uses a standards-compliant and modern web browser that does not perform MIME-sniffing at all, or that can be directed by the web application/web server to not perform MIME-sniffing.","alert":"X-Content-Type-Options Header Missing","param":"X-Content-Type-Options","attack":"","name":"X-Content-Type-Options Header Missing","risk":"Low","id":"23","alertRef":"10021"},{"sourceid":"3","other":"","method":"GET","evidence":"public, max-age=31536000, immutable","pluginId":"10015","cweid":"525","confidence":"Medium","wascid":"13","description":"The cache-control and pragma HTTP header have not been set properly or are missing allowing the browser and proxies to cache content.","messageId":"12","url":"https://todoist.com/_next/static/css/pages/index.e740e94c.chunk.css","reference":"https://cheatsheetseries.owasp.org/cheatsheets/Session_Management_Cheat_Sheet.html#web-content-caching","solution":"Whenever possible ensure the cache-control HTTP header is set with no-cache, no-store, must-revalidate; and that the pragma HTTP header is set with no-cache.","alert":"Incomplete or No Cache-control and Pragma HTTP Header Set","param":"Cache-Control","attack":"","name":"Incomplete or No Cache-control and Pragma HTTP Header Set","risk":"Low","id":"24","alertRef":"10015"},{"sourceid":"3","other":"This issue still applies to error type pages (401, 403, 500, etc.) as those pages are often still affected by injection issues, in which case there is still concern for browsers sniffing pages away from their actual content type.\nAt \"High\" threshold this scan rule will not alert on client or server error responses.","method":"GET","evidence":"","pluginId":"10021","cweid":"16","confidence":"Medium","wascid":"15","description":"The Anti-MIME-Sniffing header X-Content-Type-Options was not set to 'nosniff'. This allows older versions of Internet Explorer and Chrome to perform MIME-sniffing on the response body, potentially causing the response body to be interpreted and displayed as a content type other than the declared content type. Current (early 2014) and legacy versions of Firefox will use the declared content type (if one is set), rather than performing MIME-sniffing.","messageId":"12","url":"https://todoist.com/_next/static/css/pages/index.e740e94c.chunk.css","reference":"http://msdn.microsoft.com/en-us/library/ie/gg622941%28v=vs.85%29.aspx\nhttps://owasp.org/www-community/Security_Headers","solution":"Ensure that the application/web server sets the Content-Type header appropriately, and that it sets the X-Content-Type-Options header to 'nosniff' for all web pages.\nIf possible, ensure that the end user uses a standards-compliant and modern web browser that does not perform MIME-sniffing at all, or that can be directed by the web application/web server to not perform MIME-sniffing.","alert":"X-Content-Type-Options Header Missing","param":"X-Content-Type-Options","attack":"","name":"X-Content-Type-Options Header Missing","risk":"Low","id":"25","alertRef":"10021"},{"sourceid":"3","other":"The following pattern was used: \\bQUERY\\b and was detected in the element starting with: \"_N_E=(window.webpackJsonp_N_E=window.webpackJsonp_N_E||[]).push([[28],{\"0sNQ\":function(e,t){\"trimStart\"in String.prototype||(Str\", see evidence field for the suspicious comment/snippet.","method":"GET","evidence":"query","pluginId":"10027","cweid":"200","confidence":"Low","wascid":"13","description":"The response appears to contain suspicious comments which may help an attacker. Note: Matches made within script blocks or files are against the entire content not only comments.","messageId":"13","url":"https://todoist.com/_next/static/chunks/main-1ca0aabf0fb4e4d9fa88.js","reference":"","solution":"Remove all comments that return information that may help an attacker and fix any underlying problems they refer to.","alert":"Information Disclosure - Suspicious Comments","param":"","attack":"","name":"Information Disclosure - Suspicious Comments","risk":"Informational","id":"26","alertRef":"10027"},{"sourceid":"3","other":"This issue still applies to error type pages (401, 403, 500, etc.) as those pages are often still affected by injection issues, in which case there is still concern for browsers sniffing pages away from their actual content type.\nAt \"High\" threshold this scan rule will not alert on client or server error responses.","method":"GET","evidence":"","pluginId":"10021","cweid":"16","confidence":"Medium","wascid":"15","description":"The Anti-MIME-Sniffing header X-Content-Type-Options was not set to 'nosniff'. This allows older versions of Internet Explorer and Chrome to perform MIME-sniffing on the response body, potentially causing the response body to be interpreted and displayed as a content type other than the declared content type. Current (early 2014) and legacy versions of Firefox will use the declared content type (if one is set), rather than performing MIME-sniffing.","messageId":"13","url":"https://todoist.com/_next/static/chunks/main-1ca0aabf0fb4e4d9fa88.js","reference":"http://msdn.microsoft.com/en-us/library/ie/gg622941%28v=vs.85%29.aspx\nhttps://owasp.org/www-community/Security_Headers","solution":"Ensure that the application/web server sets the Content-Type header appropriately, and that it sets the X-Content-Type-Options header to 'nosniff' for all web pages.\nIf possible, ensure that the end user uses a standards-compliant and modern web browser that does not perform MIME-sniffing at all, or that can be directed by the web application/web server to not perform MIME-sniffing.","alert":"X-Content-Type-Options Header Missing","param":"X-Content-Type-Options","attack":"","name":"X-Content-Type-Options Header Missing","risk":"Low","id":"27","alertRef":"10021"},{"sourceid":"3","other":"The following pattern was used: \\bSELECT\\b and was detected in the element starting with: \"(window.webpackJsonp_N_E=window.webpackJsonp_N_E||[]).push([[2],{\"+wdc\":function(e,t,n){\"use strict\";var r,l,i,a,o;if(\"undefined\", see evidence field for the suspicious comment/snippet.","method":"GET","evidence":"select","pluginId":"10027","cweid":"200","confidence":"Low","wascid":"13","description":"The response appears to contain suspicious comments which may help an attacker. Note: Matches made within script blocks or files are against the entire content not only comments.","messageId":"15","url":"https://todoist.com/_next/static/chunks/framework.dc73b2df61134dea1baf.js","reference":"","solution":"Remove all comments that return information that may help an attacker and fix any underlying problems they refer to.","alert":"Information Disclosure - Suspicious Comments","param":"","attack":"","name":"Information Disclosure - Suspicious Comments","risk":"Informational","id":"28","alertRef":"10027"},{"sourceid":"3","other":"1073741823, which evaluates to: 2004-01-10 08:37:03","method":"GET","evidence":"1073741823","pluginId":"10096","cweid":"200","confidence":"Low","wascid":"13","description":"A timestamp was disclosed by the application/web server - Unix","messageId":"15","url":"https://todoist.com/_next/static/chunks/framework.dc73b2df61134dea1baf.js","reference":"http://projects.webappsec.org/w/page/13246936/Information%20Leakage","solution":"Manually confirm that the timestamp data is not sensitive, and that the data cannot be aggregated to disclose exploitable patterns.","alert":"Timestamp Disclosure - Unix","param":"","attack":"","name":"Timestamp Disclosure - Unix","risk":"Informational","id":"29","alertRef":"10096"},{"sourceid":"3","other":"1073741821, which evaluates to: 2004-01-10 08:37:01","method":"GET","evidence":"1073741821","pluginId":"10096","cweid":"200","confidence":"Low","wascid":"13","description":"A timestamp was disclosed by the application/web server - Unix","messageId":"15","url":"https://todoist.com/_next/static/chunks/framework.dc73b2df61134dea1baf.js","reference":"http://projects.webappsec.org/w/page/13246936/Information%20Leakage","solution":"Manually confirm that the timestamp data is not sensitive, and that the data cannot be aggregated to disclose exploitable patterns.","alert":"Timestamp Disclosure - Unix","param":"","attack":"","name":"Timestamp Disclosure - Unix","risk":"Informational","id":"30","alertRef":"10096"},{"sourceid":"3","other":"1073741822, which evaluates to: 2004-01-10 08:37:02","method":"GET","evidence":"1073741822","pluginId":"10096","cweid":"200","confidence":"Low","wascid":"13","description":"A timestamp was disclosed by the application/web server - Unix","messageId":"15","url":"https://todoist.com/_next/static/chunks/framework.dc73b2df61134dea1baf.js","reference":"http://projects.webappsec.org/w/page/13246936/Information%20Leakage","solution":"Manually confirm that the timestamp data is not sensitive, and that the data cannot be aggregated to disclose exploitable patterns.","alert":"Timestamp Disclosure - Unix","param":"","attack":"","name":"Timestamp Disclosure - Unix","risk":"Informational","id":"42","alertRef":"10096"},{"sourceid":"3","other":"This issue still applies to error type pages (401, 403, 500, etc.) as those pages are often still affected by injection issues, in which case there is still concern for browsers sniffing pages away from their actual content type.\nAt \"High\" threshold this scan rule will not alert on client or server error responses.","method":"GET","evidence":"","pluginId":"10021","cweid":"16","confidence":"Medium","wascid":"15","description":"The Anti-MIME-Sniffing header X-Content-Type-Options was not set to 'nosniff'. This allows older versions of Internet Explorer and Chrome to perform MIME-sniffing on the response body, potentially causing the response body to be interpreted and displayed as a content type other than the declared content type. Current (early 2014) and legacy versions of Firefox will use the declared content type (if one is set), rather than performing MIME-sniffing.","messageId":"15","url":"https://todoist.com/_next/static/chunks/framework.dc73b2df61134dea1baf.js","reference":"http://msdn.microsoft.com/en-us/library/ie/gg622941%28v=vs.85%29.aspx\nhttps://owasp.org/www-community/Security_Headers","solution":"Ensure that the application/web server sets the Content-Type header appropriately, and that it sets the X-Content-Type-Options header to 'nosniff' for all web pages.\nIf possible, ensure that the end user uses a standards-compliant and modern web browser that does not perform MIME-sniffing at all, or that can be directed by the web application/web server to not perform MIME-sniffing.","alert":"X-Content-Type-Options Header Missing","param":"X-Content-Type-Options","attack":"","name":"X-Content-Type-Options Header Missing","risk":"Low","id":"70","alertRef":"10021"},{"sourceid":"3","other":"The following pattern was used: \\bQUERY\\b and was detected in the element starting with: \"(window.webpackJsonp_N_E=window.webpackJsonp_N_E||[]).push([[0],{\"/GRZ\":function(e,t){e.exports=function(e,t){if(!(e instanceof \", see evidence field for the suspicious comment/snippet.","method":"GET","evidence":"query","pluginId":"10027","cweid":"200","confidence":"Low","wascid":"13","description":"The response appears to contain suspicious comments which may help an attacker. Note: Matches made within script blocks or files are against the entire content not only comments.","messageId":"16","url":"https://todoist.com/_next/static/chunks/commons.7f9eaa719ef400edb831.js","reference":"","solution":"Remove all comments that return information that may help an attacker and fix any underlying problems they refer to.","alert":"Information Disclosure - Suspicious Comments","param":"","attack":"","name":"Information Disclosure - Suspicious Comments","risk":"Informational","id":"71","alertRef":"10027"},{"sourceid":"3","other":"This issue still applies to error type pages (401, 403, 500, etc.) as those pages are often still affected by injection issues, in which case there is still concern for browsers sniffing pages away from their actual content type.\nAt \"High\" threshold this scan rule will not alert on client or server error responses.","method":"GET","evidence":"","pluginId":"10021","cweid":"16","confidence":"Medium","wascid":"15","description":"The Anti-MIME-Sniffing header X-Content-Type-Options was not set to 'nosniff'. This allows older versions of Internet Explorer and Chrome to perform MIME-sniffing on the response body, potentially causing the response body to be interpreted and displayed as a content type other than the declared content type. Current (early 2014) and legacy versions of Firefox will use the declared content type (if one is set), rather than performing MIME-sniffing.","messageId":"16","url":"https://todoist.com/_next/static/chunks/commons.7f9eaa719ef400edb831.js","reference":"http://msdn.microsoft.com/en-us/library/ie/gg622941%28v=vs.85%29.aspx\nhttps://owasp.org/www-community/Security_Headers","solution":"Ensure that the application/web server sets the Content-Type header appropriately, and that it sets the X-Content-Type-Options header to 'nosniff' for all web pages.\nIf possible, ensure that the end user uses a standards-compliant and modern web browser that does not perform MIME-sniffing at all, or that can be directed by the web application/web server to not perform MIME-sniffing.","alert":"X-Content-Type-Options Header Missing","param":"X-Content-Type-Options","attack":"","name":"X-Content-Type-Options Header Missing","risk":"Low","id":"72","alertRef":"10021"},{"sourceid":"3","other":"","method":"GET","evidence":"public, max-age=31536000, immutable","pluginId":"10015","cweid":"525","confidence":"Medium","wascid":"13","description":"The cache-control and pragma HTTP header have not been set properly or are missing allowing the browser and proxies to cache content.","messageId":"17","url":"https://todoist.com/_next/static/css/styles.0f6e09ec.chunk.css","reference":"https://cheatsheetseries.owasp.org/cheatsheets/Session_Management_Cheat_Sheet.html#web-content-caching","solution":"Whenever possible ensure the cache-control HTTP header is set with no-cache, no-store, must-revalidate; and that the pragma HTTP header is set with no-cache.","alert":"Incomplete or No Cache-control and Pragma HTTP Header Set","param":"Cache-Control","attack":"","name":"Incomplete or No Cache-control and Pragma HTTP Header Set","risk":"Low","id":"73","alertRef":"10015"},{"sourceid":"3","other":"This issue still applies to error type pages (401, 403, 500, etc.) as those pages are often still affected by injection issues, in which case there is still concern for browsers sniffing pages away from their actual content type.\nAt \"High\" threshold this scan rule will not alert on client or server error responses.","method":"GET","evidence":"","pluginId":"10021","cweid":"16","confidence":"Medium","wascid":"15","description":"The Anti-MIME-Sniffing header X-Content-Type-Options was not set to 'nosniff'. This allows older versions of Internet Explorer and Chrome to perform MIME-sniffing on the response body, potentially causing the response body to be interpreted and displayed as a content type other than the declared content type. Current (early 2014) and legacy versions of Firefox will use the declared content type (if one is set), rather than performing MIME-sniffing.","messageId":"17","url":"https://todoist.com/_next/static/css/styles.0f6e09ec.chunk.css","reference":"http://msdn.microsoft.com/en-us/library/ie/gg622941%28v=vs.85%29.aspx\nhttps://owasp.org/www-community/Security_Headers","solution":"Ensure that the application/web server sets the Content-Type header appropriately, and that it sets the X-Content-Type-Options header to 'nosniff' for all web pages.\nIf possible, ensure that the end user uses a standards-compliant and modern web browser that does not perform MIME-sniffing at all, or that can be directed by the web application/web server to not perform MIME-sniffing.","alert":"X-Content-Type-Options Header Missing","param":"X-Content-Type-Options","attack":"","name":"X-Content-Type-Options Header Missing","risk":"Low","id":"74","alertRef":"10021"},{"sourceid":"3","other":"The following pattern was used: \\bUSER\\b and was detected in the element starting with: \"(window.webpackJsonp_N_E=window.webpackJsonp_N_E||[]).push([[5],{\"2SVd\":function(e,t,n){\"use strict\";e.exports=function(e){retur\", see evidence field for the suspicious comment/snippet.","method":"GET","evidence":"user","pluginId":"10027","cweid":"200","confidence":"Low","wascid":"13","description":"The response appears to contain suspicious comments which may help an attacker. Note: Matches made within script blocks or files are against the entire content not only comments.","messageId":"18","url":"https://todoist.com/_next/static/chunks/98618d58f2d1dd3f4c8f42b4970db65e004fbfe5.6c003068d2db4fbc855f.js","reference":"","solution":"Remove all comments that return information that may help an attacker and fix any underlying problems they refer to.","alert":"Information Disclosure - Suspicious Comments","param":"","attack":"","name":"Information Disclosure - Suspicious Comments","risk":"Informational","id":"75","alertRef":"10027"},{"sourceid":"3","other":"This issue still applies to error type pages (401, 403, 500, etc.) as those pages are often still affected by injection issues, in which case there is still concern for browsers sniffing pages away from their actual content type.\nAt \"High\" threshold this scan rule will not alert on client or server error responses.","method":"GET","evidence":"","pluginId":"10021","cweid":"16","confidence":"Medium","wascid":"15","description":"The Anti-MIME-Sniffing header X-Content-Type-Options was not set to 'nosniff'. This allows older versions of Internet Explorer and Chrome to perform MIME-sniffing on the response body, potentially causing the response body to be interpreted and displayed as a content type other than the declared content type. Current (early 2014) and legacy versions of Firefox will use the declared content type (if one is set), rather than performing MIME-sniffing.","messageId":"18","url":"https://todoist.com/_next/static/chunks/98618d58f2d1dd3f4c8f42b4970db65e004fbfe5.6c003068d2db4fbc855f.js","reference":"http://msdn.microsoft.com/en-us/library/ie/gg622941%28v=vs.85%29.aspx\nhttps://owasp.org/www-community/Security_Headers","solution":"Ensure that the application/web server sets the Content-Type header appropriately, and that it sets the X-Content-Type-Options header to 'nosniff' for all web pages.\nIf possible, ensure that the end user uses a standards-compliant and modern web browser that does not perform MIME-sniffing at all, or that can be directed by the web application/web server to not perform MIME-sniffing.","alert":"X-Content-Type-Options Header Missing","param":"X-Content-Type-Options","attack":"","name":"X-Content-Type-Options Header Missing","risk":"Low","id":"76","alertRef":"10021"},{"sourceid":"3","other":"The following pattern was used: \\bSELECT\\b and was detected in the element starting with: \"(window.webpackJsonp_N_E=window.webpackJsonp_N_E||[]).push([[3],{\"+ipW\":function(e,t,r){\"use strict\";r.d(t,\"a\",(function(){retur\", see evidence field for the suspicious comment/snippet.","method":"GET","evidence":"SELECT","pluginId":"10027","cweid":"200","confidence":"Low","wascid":"13","description":"The response appears to contain suspicious comments which may help an attacker. Note: Matches made within script blocks or files are against the entire content not only comments.","messageId":"19","url":"https://todoist.com/_next/static/chunks/0e8f85b20ed9ab0a6102c8b8298bac1d6cb4c89b.0fe8d2aa3a66f036f1d2.js","reference":"","solution":"Remove all comments that return information that may help an attacker and fix any underlying problems they refer to.","alert":"Information Disclosure - Suspicious Comments","param":"","attack":"","name":"Information Disclosure - Suspicious Comments","risk":"Informational","id":"77","alertRef":"10027"},{"sourceid":"3","other":"268435455, which evaluates to: 1978-07-04 16:24:15","method":"GET","evidence":"268435455","pluginId":"10096","cweid":"200","confidence":"Low","wascid":"13","description":"A timestamp was disclosed by the application/web server - Unix","messageId":"19","url":"https://todoist.com/_next/static/chunks/0e8f85b20ed9ab0a6102c8b8298bac1d6cb4c89b.0fe8d2aa3a66f036f1d2.js","reference":"http://projects.webappsec.org/w/page/13246936/Information%20Leakage","solution":"Manually confirm that the timestamp data is not sensitive, and that the data cannot be aggregated to disclose exploitable patterns.","alert":"Timestamp Disclosure - Unix","param":"","attack":"","name":"Timestamp Disclosure - Unix","risk":"Informational","id":"78","alertRef":"10096"},{"sourceid":"3","other":"1732584193, which evaluates to: 2024-11-25 20:23:13","method":"GET","evidence":"1732584193","pluginId":"10096","cweid":"200","confidence":"Low","wascid":"13","description":"A timestamp was disclosed by the application/web server - Unix","messageId":"19","url":"https://todoist.com/_next/static/chunks/0e8f85b20ed9ab0a6102c8b8298bac1d6cb4c89b.0fe8d2aa3a66f036f1d2.js","reference":"http://projects.webappsec.org/w/page/13246936/Information%20Leakage","solution":"Manually confirm that the timestamp data is not sensitive, and that the data cannot be aggregated to disclose exploitable patterns.","alert":"Timestamp Disclosure - Unix","param":"","attack":"","name":"Timestamp Disclosure - Unix","risk":"Informational","id":"80","alertRef":"10096"},{"sourceid":"3","other":"271733879, which evaluates to: 1978-08-11 20:37:59","method":"GET","evidence":"271733879","pluginId":"10096","cweid":"200","confidence":"Low","wascid":"13","description":"A timestamp was disclosed by the application/web server - Unix","messageId":"19","url":"https://todoist.com/_next/static/chunks/0e8f85b20ed9ab0a6102c8b8298bac1d6cb4c89b.0fe8d2aa3a66f036f1d2.js","reference":"http://projects.webappsec.org/w/page/13246936/Information%20Leakage","solution":"Manually confirm that the timestamp data is not sensitive, and that the data cannot be aggregated to disclose exploitable patterns.","alert":"Timestamp Disclosure - Unix","param":"","attack":"","name":"Timestamp Disclosure - Unix","risk":"Informational","id":"81","alertRef":"10096"},{"sourceid":"3","other":"1732584194, which evaluates to: 2024-11-25 20:23:14","method":"GET","evidence":"1732584194","pluginId":"10096","cweid":"200","confidence":"Low","wascid":"13","description":"A timestamp was disclosed by the application/web server - Unix","messageId":"19","url":"https://todoist.com/_next/static/chunks/0e8f85b20ed9ab0a6102c8b8298bac1d6cb4c89b.0fe8d2aa3a66f036f1d2.js","reference":"http://projects.webappsec.org/w/page/13246936/Information%20Leakage","solution":"Manually confirm that the timestamp data is not sensitive, and that the data cannot be aggregated to disclose exploitable patterns.","alert":"Timestamp Disclosure - Unix","param":"","attack":"","name":"Timestamp Disclosure - Unix","risk":"Informational","id":"82","alertRef":"10096"},{"sourceid":"3","other":"271733878, which evaluates to: 1978-08-11 20:37:58","method":"GET","evidence":"271733878","pluginId":"10096","cweid":"200","confidence":"Low","wascid":"13","description":"A timestamp was disclosed by the application/web server - Unix","messageId":"19","url":"https://todoist.com/_next/static/chunks/0e8f85b20ed9ab0a6102c8b8298bac1d6cb4c89b.0fe8d2aa3a66f036f1d2.js","reference":"http://projects.webappsec.org/w/page/13246936/Information%20Leakage","solution":"Manually confirm that the timestamp data is not sensitive, and that the data cannot be aggregated to disclose exploitable patterns.","alert":"Timestamp Disclosure - Unix","param":"","attack":"","name":"Timestamp Disclosure - Unix","risk":"Informational","id":"83","alertRef":"10096"},{"sourceid":"3","other":"680876936, which evaluates to: 1991-07-30 07:28:56","method":"GET","evidence":"680876936","pluginId":"10096","cweid":"200","confidence":"Low","wascid":"13","description":"A timestamp was disclosed by the application/web server - Unix","messageId":"19","url":"https://todoist.com/_next/static/chunks/0e8f85b20ed9ab0a6102c8b8298bac1d6cb4c89b.0fe8d2aa3a66f036f1d2.js","reference":"http://projects.webappsec.org/w/page/13246936/Information%20Leakage","solution":"Manually confirm that the timestamp data is not sensitive, and that the data cannot be aggregated to disclose exploitable patterns.","alert":"Timestamp Disclosure - Unix","param":"","attack":"","name":"Timestamp Disclosure - Unix","risk":"Informational","id":"84","alertRef":"10096"},{"sourceid":"3","other":"389564586, which evaluates to: 1982-05-06 15:23:06","method":"GET","evidence":"389564586","pluginId":"10096","cweid":"200","confidence":"Low","wascid":"13","description":"A timestamp was disclosed by the application/web server - Unix","messageId":"19","url":"https://todoist.com/_next/static/chunks/0e8f85b20ed9ab0a6102c8b8298bac1d6cb4c89b.0fe8d2aa3a66f036f1d2.js","reference":"http://projects.webappsec.org/w/page/13246936/Information%20Leakage","solution":"Manually confirm that the timestamp data is not sensitive, and that the data cannot be aggregated to disclose exploitable patterns.","alert":"Timestamp Disclosure - Unix","param":"","attack":"","name":"Timestamp Disclosure - Unix","risk":"Informational","id":"85","alertRef":"10096"},{"sourceid":"3","other":"606105819, which evaluates to: 1989-03-16 21:43:39","method":"GET","evidence":"606105819","pluginId":"10096","cweid":"200","confidence":"Low","wascid":"13","description":"A timestamp was disclosed by the application/web server - Unix","messageId":"19","url":"https://todoist.com/_next/static/chunks/0e8f85b20ed9ab0a6102c8b8298bac1d6cb4c89b.0fe8d2aa3a66f036f1d2.js","reference":"http://projects.webappsec.org/w/page/13246936/Information%20Leakage","solution":"Manually confirm that the timestamp data is not sensitive, and that the data cannot be aggregated to disclose exploitable patterns.","alert":"Timestamp Disclosure - Unix","param":"","attack":"","name":"Timestamp Disclosure - Unix","risk":"Informational","id":"86","alertRef":"10096"},{"sourceid":"3","other":"1044525330, which evaluates to: 2003-02-06 04:55:30","method":"GET","evidence":"1044525330","pluginId":"10096","cweid":"200","confidence":"Low","wascid":"13","description":"A timestamp was disclosed by the application/web server - Unix","messageId":"19","url":"https://todoist.com/_next/static/chunks/0e8f85b20ed9ab0a6102c8b8298bac1d6cb4c89b.0fe8d2aa3a66f036f1d2.js","reference":"http://projects.webappsec.org/w/page/13246936/Information%20Leakage","solution":"Manually confirm that the timestamp data is not sensitive, and that the data cannot be aggregated to disclose exploitable patterns.","alert":"Timestamp Disclosure - Unix","param":"","attack":"","name":"Timestamp Disclosure - Unix","risk":"Informational","id":"87","alertRef":"10096"},{"sourceid":"3","other":"176418897, which evaluates to: 1975-08-04 16:14:57","method":"GET","evidence":"176418897","pluginId":"10096","cweid":"200","confidence":"Low","wascid":"13","description":"A timestamp was disclosed by the application/web server - Unix","messageId":"19","url":"https://todoist.com/_next/static/chunks/0e8f85b20ed9ab0a6102c8b8298bac1d6cb4c89b.0fe8d2aa3a66f036f1d2.js","reference":"http://projects.webappsec.org/w/page/13246936/Information%20Leakage","solution":"Manually confirm that the timestamp data is not sensitive, and that the data cannot be aggregated to disclose exploitable patterns.","alert":"Timestamp Disclosure - Unix","param":"","attack":"","name":"Timestamp Disclosure - Unix","risk":"Informational","id":"88","alertRef":"10096"},{"sourceid":"3","other":"1200080426, which evaluates to: 2008-01-11 14:40:26","method":"GET","evidence":"1200080426","pluginId":"10096","cweid":"200","confidence":"Low","wascid":"13","description":"A timestamp was disclosed by the application/web server - Unix","messageId":"19","url":"https://todoist.com/_next/static/chunks/0e8f85b20ed9ab0a6102c8b8298bac1d6cb4c89b.0fe8d2aa3a66f036f1d2.js","reference":"http://projects.webappsec.org/w/page/13246936/Information%20Leakage","solution":"Manually confirm that the timestamp data is not sensitive, and that the data cannot be aggregated to disclose exploitable patterns.","alert":"Timestamp Disclosure - Unix","param":"","attack":"","name":"Timestamp Disclosure - Unix","risk":"Informational","id":"89","alertRef":"10096"},{"sourceid":"3","other":"1473231341, which evaluates to: 2016-09-07 01:55:41","method":"GET","evidence":"1473231341","pluginId":"10096","cweid":"200","confidence":"Low","wascid":"13","description":"A timestamp was disclosed by the application/web server - Unix","messageId":"19","url":"https://todoist.com/_next/static/chunks/0e8f85b20ed9ab0a6102c8b8298bac1d6cb4c89b.0fe8d2aa3a66f036f1d2.js","reference":"http://projects.webappsec.org/w/page/13246936/Information%20Leakage","solution":"Manually confirm that the timestamp data is not sensitive, and that the data cannot be aggregated to disclose exploitable patterns.","alert":"Timestamp Disclosure - Unix","param":"","attack":"","name":"Timestamp Disclosure - Unix","risk":"Informational","id":"90","alertRef":"10096"},{"sourceid":"3","other":"45705983, which evaluates to: 1971-06-13 19:06:23","method":"GET","evidence":"45705983","pluginId":"10096","cweid":"200","confidence":"Low","wascid":"13","description":"A timestamp was disclosed by the application/web server - Unix","messageId":"19","url":"https://todoist.com/_next/static/chunks/0e8f85b20ed9ab0a6102c8b8298bac1d6cb4c89b.0fe8d2aa3a66f036f1d2.js","reference":"http://projects.webappsec.org/w/page/13246936/Information%20Leakage","solution":"Manually confirm that the timestamp data is not sensitive, and that the data cannot be aggregated to disclose exploitable patterns.","alert":"Timestamp Disclosure - Unix","param":"","attack":"","name":"Timestamp Disclosure - Unix","risk":"Informational","id":"91","alertRef":"10096"},{"sourceid":"3","other":"1770035416, which evaluates to: 2026-02-02 07:30:16","method":"GET","evidence":"1770035416","pluginId":"10096","cweid":"200","confidence":"Low","wascid":"13","description":"A timestamp was disclosed by the application/web server - Unix","messageId":"19","url":"https://todoist.com/_next/static/chunks/0e8f85b20ed9ab0a6102c8b8298bac1d6cb4c89b.0fe8d2aa3a66f036f1d2.js","reference":"http://projects.webappsec.org/w/page/13246936/Information%20Leakage","solution":"Manually confirm that the timestamp data is not sensitive, and that the data cannot be aggregated to disclose exploitable patterns.","alert":"Timestamp Disclosure - Unix","param":"","attack":"","name":"Timestamp Disclosure - Unix","risk":"Informational","id":"92","alertRef":"10096"},{"sourceid":"3","other":"1958414417, which evaluates to: 2032-01-22 15:00:17","method":"GET","evidence":"1958414417","pluginId":"10096","cweid":"200","confidence":"Low","wascid":"13","description":"A timestamp was disclosed by the application/web server - Unix","messageId":"19","url":"https://todoist.com/_next/static/chunks/0e8f85b20ed9ab0a6102c8b8298bac1d6cb4c89b.0fe8d2aa3a66f036f1d2.js","reference":"http://projects.webappsec.org/w/page/13246936/Information%20Leakage","solution":"Manually confirm that the timestamp data is not sensitive, and that the data cannot be aggregated to disclose exploitable patterns.","alert":"Timestamp Disclosure - Unix","param":"","attack":"","name":"Timestamp Disclosure - Unix","risk":"Informational","id":"93","alertRef":"10096"},{"sourceid":"3","other":"1990404162, which evaluates to: 2033-01-26 21:02:42","method":"GET","evidence":"1990404162","pluginId":"10096","cweid":"200","confidence":"Low","wascid":"13","description":"A timestamp was disclosed by the application/web server - Unix","messageId":"19","url":"https://todoist.com/_next/static/chunks/0e8f85b20ed9ab0a6102c8b8298bac1d6cb4c89b.0fe8d2aa3a66f036f1d2.js","reference":"http://projects.webappsec.org/w/page/13246936/Information%20Leakage","solution":"Manually confirm that the timestamp data is not sensitive, and that the data cannot be aggregated to disclose exploitable patterns.","alert":"Timestamp Disclosure - Unix","param":"","attack":"","name":"Timestamp Disclosure - Unix","risk":"Informational","id":"94","alertRef":"10096"},{"sourceid":"3","other":"1804603682, which evaluates to: 2027-03-09 09:48:02","method":"GET","evidence":"1804603682","pluginId":"10096","cweid":"200","confidence":"Low","wascid":"13","description":"A timestamp was disclosed by the application/web server - Unix","messageId":"19","url":"https://todoist.com/_next/static/chunks/0e8f85b20ed9ab0a6102c8b8298bac1d6cb4c89b.0fe8d2aa3a66f036f1d2.js","reference":"http://projects.webappsec.org/w/page/13246936/Information%20Leakage","solution":"Manually confirm that the timestamp data is not sensitive, and that the data cannot be aggregated to disclose exploitable patterns.","alert":"Timestamp Disclosure - Unix","param":"","attack":"","name":"Timestamp Disclosure - Unix","risk":"Informational","id":"95","alertRef":"10096"},{"sourceid":"3","other":"40341101, which evaluates to: 1971-04-12 16:51:41","method":"GET","evidence":"40341101","pluginId":"10096","cweid":"200","confidence":"Low","wascid":"13","description":"A timestamp was disclosed by the application/web server - Unix","messageId":"19","url":"https://todoist.com/_next/static/chunks/0e8f85b20ed9ab0a6102c8b8298bac1d6cb4c89b.0fe8d2aa3a66f036f1d2.js","reference":"http://projects.webappsec.org/w/page/13246936/Information%20Leakage","solution":"Manually confirm that the timestamp data is not sensitive, and that the data cannot be aggregated to disclose exploitable patterns.","alert":"Timestamp Disclosure - Unix","param":"","attack":"","name":"Timestamp Disclosure - Unix","risk":"Informational","id":"96","alertRef":"10096"},{"sourceid":"3","other":"1502002290, which evaluates to: 2017-08-06 01:51:30","method":"GET","evidence":"1502002290","pluginId":"10096","cweid":"200","confidence":"Low","wascid":"13","description":"A timestamp was disclosed by the application/web server - Unix","messageId":"19","url":"https://todoist.com/_next/static/chunks/0e8f85b20ed9ab0a6102c8b8298bac1d6cb4c89b.0fe8d2aa3a66f036f1d2.js","reference":"http://projects.webappsec.org/w/page/13246936/Information%20Leakage","solution":"Manually confirm that the timestamp data is not sensitive, and that the data cannot be aggregated to disclose exploitable patterns.","alert":"Timestamp Disclosure - Unix","param":"","attack":"","name":"Timestamp Disclosure - Unix","risk":"Informational","id":"97","alertRef":"10096"},{"sourceid":"3","other":"1236535329, which evaluates to: 2009-03-08 13:02:09","method":"GET","evidence":"1236535329","pluginId":"10096","cweid":"200","confidence":"Low","wascid":"13","description":"A timestamp was disclosed by the application/web server - Unix","messageId":"19","url":"https://todoist.com/_next/static/chunks/0e8f85b20ed9ab0a6102c8b8298bac1d6cb4c89b.0fe8d2aa3a66f036f1d2.js","reference":"http://projects.webappsec.org/w/page/13246936/Information%20Leakage","solution":"Manually confirm that the timestamp data is not sensitive, and that the data cannot be aggregated to disclose exploitable patterns.","alert":"Timestamp Disclosure - Unix","param":"","attack":"","name":"Timestamp Disclosure - Unix","risk":"Informational","id":"98","alertRef":"10096"},{"sourceid":"3","other":"165796510, which evaluates to: 1975-04-03 17:35:10","method":"GET","evidence":"165796510","pluginId":"10096","cweid":"200","confidence":"Low","wascid":"13","description":"A timestamp was disclosed by the application/web server - Unix","messageId":"19","url":"https://todoist.com/_next/static/chunks/0e8f85b20ed9ab0a6102c8b8298bac1d6cb4c89b.0fe8d2aa3a66f036f1d2.js","reference":"http://projects.webappsec.org/w/page/13246936/Information%20Leakage","solution":"Manually confirm that the timestamp data is not sensitive, and that the data cannot be aggregated to disclose exploitable patterns.","alert":"Timestamp Disclosure - Unix","param":"","attack":"","name":"Timestamp Disclosure - Unix","risk":"Informational","id":"99","alertRef":"10096"},{"sourceid":"3","other":"1069501632, which evaluates to: 2003-11-22 06:47:12","method":"GET","evidence":"1069501632","pluginId":"10096","cweid":"200","confidence":"Low","wascid":"13","description":"A timestamp was disclosed by the application/web server - Unix","messageId":"19","url":"https://todoist.com/_next/static/chunks/0e8f85b20ed9ab0a6102c8b8298bac1d6cb4c89b.0fe8d2aa3a66f036f1d2.js","reference":"http://projects.webappsec.org/w/page/13246936/Information%20Leakage","solution":"Manually confirm that the timestamp data is not sensitive, and that the data cannot be aggregated to disclose exploitable patterns.","alert":"Timestamp Disclosure - Unix","param":"","attack":"","name":"Timestamp Disclosure - Unix","risk":"Informational","id":"100","alertRef":"10096"},{"sourceid":"3","other":"643717713, which evaluates to: 1990-05-26 05:28:33","method":"GET","evidence":"643717713","pluginId":"10096","cweid":"200","confidence":"Low","wascid":"13","description":"A timestamp was disclosed by the application/web server - Unix","messageId":"19","url":"https://todoist.com/_next/static/chunks/0e8f85b20ed9ab0a6102c8b8298bac1d6cb4c89b.0fe8d2aa3a66f036f1d2.js","reference":"http://projects.webappsec.org/w/page/13246936/Information%20Leakage","solution":"Manually confirm that the timestamp data is not sensitive, and that the data cannot be aggregated to disclose exploitable patterns.","alert":"Timestamp Disclosure - Unix","param":"","attack":"","name":"Timestamp Disclosure - Unix","risk":"Informational","id":"101","alertRef":"10096"},{"sourceid":"3","other":"373897302, which evaluates to: 1981-11-06 07:21:42","method":"GET","evidence":"373897302","pluginId":"10096","cweid":"200","confidence":"Low","wascid":"13","description":"A timestamp was disclosed by the application/web server - Unix","messageId":"19","url":"https://todoist.com/_next/static/chunks/0e8f85b20ed9ab0a6102c8b8298bac1d6cb4c89b.0fe8d2aa3a66f036f1d2.js","reference":"http://projects.webappsec.org/w/page/13246936/Information%20Leakage","solution":"Manually confirm that the timestamp data is not sensitive, and that the data cannot be aggregated to disclose exploitable patterns.","alert":"Timestamp Disclosure - Unix","param":"","attack":"","name":"Timestamp Disclosure - Unix","risk":"Informational","id":"102","alertRef":"10096"},{"sourceid":"3","other":"701558691, which evaluates to: 1992-03-25 16:24:51","method":"GET","evidence":"701558691","pluginId":"10096","cweid":"200","confidence":"Low","wascid":"13","description":"A timestamp was disclosed by the application/web server - Unix","messageId":"19","url":"https://todoist.com/_next/static/chunks/0e8f85b20ed9ab0a6102c8b8298bac1d6cb4c89b.0fe8d2aa3a66f036f1d2.js","reference":"http://projects.webappsec.org/w/page/13246936/Information%20Leakage","solution":"Manually confirm that the timestamp data is not sensitive, and that the data cannot be aggregated to disclose exploitable patterns.","alert":"Timestamp Disclosure - Unix","param":"","attack":"","name":"Timestamp Disclosure - Unix","risk":"Informational","id":"103","alertRef":"10096"},{"sourceid":"3","other":"38016083, which evaluates to: 1971-03-16 19:01:23","method":"GET","evidence":"38016083","pluginId":"10096","cweid":"200","confidence":"Low","wascid":"13","description":"A timestamp was disclosed by the application/web server - Unix","messageId":"19","url":"https://todoist.com/_next/static/chunks/0e8f85b20ed9ab0a6102c8b8298bac1d6cb4c89b.0fe8d2aa3a66f036f1d2.js","reference":"http://projects.webappsec.org/w/page/13246936/Information%20Leakage","solution":"Manually confirm that the timestamp data is not sensitive, and that the data cannot be aggregated to disclose exploitable patterns.","alert":"Timestamp Disclosure - Unix","param":"","attack":"","name":"Timestamp Disclosure - Unix","risk":"Informational","id":"104","alertRef":"10096"},{"sourceid":"3","other":"660478335, which evaluates to: 1990-12-06 05:12:15","method":"GET","evidence":"660478335","pluginId":"10096","cweid":"200","confidence":"Low","wascid":"13","description":"A timestamp was disclosed by the application/web server - Unix","messageId":"19","url":"https://todoist.com/_next/static/chunks/0e8f85b20ed9ab0a6102c8b8298bac1d6cb4c89b.0fe8d2aa3a66f036f1d2.js","reference":"http://projects.webappsec.org/w/page/13246936/Information%20Leakage","solution":"Manually confirm that the timestamp data is not sensitive, and that the data cannot be aggregated to disclose exploitable patterns.","alert":"Timestamp Disclosure - Unix","param":"","attack":"","name":"Timestamp Disclosure - Unix","risk":"Informational","id":"105","alertRef":"10096"},{"sourceid":"3","other":"405537848, which evaluates to: 1982-11-07 12:24:08","method":"GET","evidence":"405537848","pluginId":"10096","cweid":"200","confidence":"Low","wascid":"13","description":"A timestamp was disclosed by the application/web server - Unix","messageId":"19","url":"https://todoist.com/_next/static/chunks/0e8f85b20ed9ab0a6102c8b8298bac1d6cb4c89b.0fe8d2aa3a66f036f1d2.js","reference":"http://projects.webappsec.org/w/page/13246936/Information%20Leakage","solution":"Manually confirm that the timestamp data is not sensitive, and that the data cannot be aggregated to disclose exploitable patterns.","alert":"Timestamp Disclosure - Unix","param":"","attack":"","name":"Timestamp Disclosure - Unix","risk":"Informational","id":"106","alertRef":"10096"},{"sourceid":"3","other":"568446438, which evaluates to: 1988-01-06 00:47:18","method":"GET","evidence":"568446438","pluginId":"10096","cweid":"200","confidence":"Low","wascid":"13","description":"A timestamp was disclosed by the application/web server - Unix","messageId":"19","url":"https://todoist.com/_next/static/chunks/0e8f85b20ed9ab0a6102c8b8298bac1d6cb4c89b.0fe8d2aa3a66f036f1d2.js","reference":"http://projects.webappsec.org/w/page/13246936/Information%20Leakage","solution":"Manually confirm that the timestamp data is not sensitive, and that the data cannot be aggregated to disclose exploitable patterns.","alert":"Timestamp Disclosure - Unix","param":"","attack":"","name":"Timestamp Disclosure - Unix","risk":"Informational","id":"107","alertRef":"10096"},{"sourceid":"3","other":"1019803690, which evaluates to: 2002-04-26 01:48:10","method":"GET","evidence":"1019803690","pluginId":"10096","cweid":"200","confidence":"Low","wascid":"13","description":"A timestamp was disclosed by the application/web server - Unix","messageId":"19","url":"https://todoist.com/_next/static/chunks/0e8f85b20ed9ab0a6102c8b8298bac1d6cb4c89b.0fe8d2aa3a66f036f1d2.js","reference":"http://projects.webappsec.org/w/page/13246936/Information%20Leakage","solution":"Manually confirm that the timestamp data is not sensitive, and that the data cannot be aggregated to disclose exploitable patterns.","alert":"Timestamp Disclosure - Unix","param":"","attack":"","name":"Timestamp Disclosure - Unix","risk":"Informational","id":"108","alertRef":"10096"},{"sourceid":"3","other":"187363961, which evaluates to: 1975-12-09 08:32:41","method":"GET","evidence":"187363961","pluginId":"10096","cweid":"200","confidence":"Low","wascid":"13","description":"A timestamp was disclosed by the application/web server - Unix","messageId":"19","url":"https://todoist.com/_next/static/chunks/0e8f85b20ed9ab0a6102c8b8298bac1d6cb4c89b.0fe8d2aa3a66f036f1d2.js","reference":"http://projects.webappsec.org/w/page/13246936/Information%20Leakage","solution":"Manually confirm that the timestamp data is not sensitive, and that the data cannot be aggregated to disclose exploitable patterns.","alert":"Timestamp Disclosure - Unix","param":"","attack":"","name":"Timestamp Disclosure - Unix","risk":"Informational","id":"109","alertRef":"10096"},{"sourceid":"3","other":"1163531501, which evaluates to: 2006-11-14 14:11:41","method":"GET","evidence":"1163531501","pluginId":"10096","cweid":"200","confidence":"Low","wascid":"13","description":"A timestamp was disclosed by the application/web server - Unix","messageId":"19","url":"https://todoist.com/_next/static/chunks/0e8f85b20ed9ab0a6102c8b8298bac1d6cb4c89b.0fe8d2aa3a66f036f1d2.js","reference":"http://projects.webappsec.org/w/page/13246936/Information%20Leakage","solution":"Manually confirm that the timestamp data is not sensitive, and that the data cannot be aggregated to disclose exploitable patterns.","alert":"Timestamp Disclosure - Unix","param":"","attack":"","name":"Timestamp Disclosure - Unix","risk":"Informational","id":"110","alertRef":"10096"},{"sourceid":"3","other":"1444681467, which evaluates to: 2015-10-12 15:24:27","method":"GET","evidence":"1444681467","pluginId":"10096","cweid":"200","confidence":"Low","wascid":"13","description":"A timestamp was disclosed by the application/web server - Unix","messageId":"19","url":"https://todoist.com/_next/static/chunks/0e8f85b20ed9ab0a6102c8b8298bac1d6cb4c89b.0fe8d2aa3a66f036f1d2.js","reference":"http://projects.webappsec.org/w/page/13246936/Information%20Leakage","solution":"Manually confirm that the timestamp data is not sensitive, and that the data cannot be aggregated to disclose exploitable patterns.","alert":"Timestamp Disclosure - Unix","param":"","attack":"","name":"Timestamp Disclosure - Unix","risk":"Informational","id":"111","alertRef":"10096"},{"sourceid":"3","other":"51403784, which evaluates to: 1971-08-18 17:49:44","method":"GET","evidence":"51403784","pluginId":"10096","cweid":"200","confidence":"Low","wascid":"13","description":"A timestamp was disclosed by the application/web server - Unix","messageId":"19","url":"https://todoist.com/_next/static/chunks/0e8f85b20ed9ab0a6102c8b8298bac1d6cb4c89b.0fe8d2aa3a66f036f1d2.js","reference":"http://projects.webappsec.org/w/page/13246936/Information%20Leakage","solution":"Manually confirm that the timestamp data is not sensitive, and that the data cannot be aggregated to disclose exploitable patterns.","alert":"Timestamp Disclosure - Unix","param":"","attack":"","name":"Timestamp Disclosure - Unix","risk":"Informational","id":"112","alertRef":"10096"},{"sourceid":"3","other":"1735328473, which evaluates to: 2024-12-27 14:41:13","method":"GET","evidence":"1735328473","pluginId":"10096","cweid":"200","confidence":"Low","wascid":"13","description":"A timestamp was disclosed by the application/web server - Unix","messageId":"19","url":"https://todoist.com/_next/static/chunks/0e8f85b20ed9ab0a6102c8b8298bac1d6cb4c89b.0fe8d2aa3a66f036f1d2.js","reference":"http://projects.webappsec.org/w/page/13246936/Information%20Leakage","solution":"Manually confirm that the timestamp data is not sensitive, and that the data cannot be aggregated to disclose exploitable patterns.","alert":"Timestamp Disclosure - Unix","param":"","attack":"","name":"Timestamp Disclosure - Unix","risk":"Informational","id":"113","alertRef":"10096"},{"sourceid":"3","other":"1926607734, which evaluates to: 2031-01-19 11:48:54","method":"GET","evidence":"1926607734","pluginId":"10096","cweid":"200","confidence":"Low","wascid":"13","description":"A timestamp was disclosed by the application/web server - Unix","messageId":"19","url":"https://todoist.com/_next/static/chunks/0e8f85b20ed9ab0a6102c8b8298bac1d6cb4c89b.0fe8d2aa3a66f036f1d2.js","reference":"http://projects.webappsec.org/w/page/13246936/Information%20Leakage","solution":"Manually confirm that the timestamp data is not sensitive, and that the data cannot be aggregated to disclose exploitable patterns.","alert":"Timestamp Disclosure - Unix","param":"","attack":"","name":"Timestamp Disclosure - Unix","risk":"Informational","id":"114","alertRef":"10096"},{"sourceid":"3","other":"2022574463, which evaluates to: 2034-02-03 05:14:23","method":"GET","evidence":"2022574463","pluginId":"10096","cweid":"200","confidence":"Low","wascid":"13","description":"A timestamp was disclosed by the application/web server - Unix","messageId":"19","url":"https://todoist.com/_next/static/chunks/0e8f85b20ed9ab0a6102c8b8298bac1d6cb4c89b.0fe8d2aa3a66f036f1d2.js","reference":"http://projects.webappsec.org/w/page/13246936/Information%20Leakage","solution":"Manually confirm that the timestamp data is not sensitive, and that the data cannot be aggregated to disclose exploitable patterns.","alert":"Timestamp Disclosure - Unix","param":"","attack":"","name":"Timestamp Disclosure - Unix","risk":"Informational","id":"115","alertRef":"10096"},{"sourceid":"3","other":"1839030562, which evaluates to: 2028-04-10 20:49:22","method":"GET","evidence":"1839030562","pluginId":"10096","cweid":"200","confidence":"Low","wascid":"13","description":"A timestamp was disclosed by the application/web server - Unix","messageId":"19","url":"https://todoist.com/_next/static/chunks/0e8f85b20ed9ab0a6102c8b8298bac1d6cb4c89b.0fe8d2aa3a66f036f1d2.js","reference":"http://projects.webappsec.org/w/page/13246936/Information%20Leakage","solution":"Manually confirm that the timestamp data is not sensitive, and that the data cannot be aggregated to disclose exploitable patterns.","alert":"Timestamp Disclosure - Unix","param":"","attack":"","name":"Timestamp Disclosure - Unix","risk":"Informational","id":"116","alertRef":"10096"},{"sourceid":"3","other":"35309556, which evaluates to: 1971-02-13 11:12:36","method":"GET","evidence":"35309556","pluginId":"10096","cweid":"200","confidence":"Low","wascid":"13","description":"A timestamp was disclosed by the application/web server - Unix","messageId":"19","url":"https://todoist.com/_next/static/chunks/0e8f85b20ed9ab0a6102c8b8298bac1d6cb4c89b.0fe8d2aa3a66f036f1d2.js","reference":"http://projects.webappsec.org/w/page/13246936/Information%20Leakage","solution":"Manually confirm that the timestamp data is not sensitive, and that the data cannot be aggregated to disclose exploitable patterns.","alert":"Timestamp Disclosure - Unix","param":"","attack":"","name":"Timestamp Disclosure - Unix","risk":"Informational","id":"117","alertRef":"10096"},{"sourceid":"3","other":"1530992060, which evaluates to: 2018-07-07 14:34:20","method":"GET","evidence":"1530992060","pluginId":"10096","cweid":"200","confidence":"Low","wascid":"13","description":"A timestamp was disclosed by the application/web server - Unix","messageId":"19","url":"https://todoist.com/_next/static/chunks/0e8f85b20ed9ab0a6102c8b8298bac1d6cb4c89b.0fe8d2aa3a66f036f1d2.js","reference":"http://projects.webappsec.org/w/page/13246936/Information%20Leakage","solution":"Manually confirm that the timestamp data is not sensitive, and that the data cannot be aggregated to disclose exploitable patterns.","alert":"Timestamp Disclosure - Unix","param":"","attack":"","name":"Timestamp Disclosure - Unix","risk":"Informational","id":"118","alertRef":"10096"},{"sourceid":"3","other":"1272893353, which evaluates to: 2010-05-03 08:29:13","method":"GET","evidence":"1272893353","pluginId":"10096","cweid":"200","confidence":"Low","wascid":"13","description":"A timestamp was disclosed by the application/web server - Unix","messageId":"19","url":"https://todoist.com/_next/static/chunks/0e8f85b20ed9ab0a6102c8b8298bac1d6cb4c89b.0fe8d2aa3a66f036f1d2.js","reference":"http://projects.webappsec.org/w/page/13246936/Information%20Leakage","solution":"Manually confirm that the timestamp data is not sensitive, and that the data cannot be aggregated to disclose exploitable patterns.","alert":"Timestamp Disclosure - Unix","param":"","attack":"","name":"Timestamp Disclosure - Unix","risk":"Informational","id":"119","alertRef":"10096"},{"sourceid":"3","other":"155497632, which evaluates to: 1974-12-05 12:47:12","method":"GET","evidence":"155497632","pluginId":"10096","cweid":"200","confidence":"Low","wascid":"13","description":"A timestamp was disclosed by the application/web server - Unix","messageId":"19","url":"https://todoist.com/_next/static/chunks/0e8f85b20ed9ab0a6102c8b8298bac1d6cb4c89b.0fe8d2aa3a66f036f1d2.js","reference":"http://projects.webappsec.org/w/page/13246936/Information%20Leakage","solution":"Manually confirm that the timestamp data is not sensitive, and that the data cannot be aggregated to disclose exploitable patterns.","alert":"Timestamp Disclosure - Unix","param":"","attack":"","name":"Timestamp Disclosure - Unix","risk":"Informational","id":"120","alertRef":"10096"},{"sourceid":"3","other":"1094730640, which evaluates to: 2004-09-09 06:50:40","method":"GET","evidence":"1094730640","pluginId":"10096","cweid":"200","confidence":"Low","wascid":"13","description":"A timestamp was disclosed by the application/web server - Unix","messageId":"19","url":"https://todoist.com/_next/static/chunks/0e8f85b20ed9ab0a6102c8b8298bac1d6cb4c89b.0fe8d2aa3a66f036f1d2.js","reference":"http://projects.webappsec.org/w/page/13246936/Information%20Leakage","solution":"Manually confirm that the timestamp data is not sensitive, and that the data cannot be aggregated to disclose exploitable patterns.","alert":"Timestamp Disclosure - Unix","param":"","attack":"","name":"Timestamp Disclosure - Unix","risk":"Informational","id":"121","alertRef":"10096"},{"sourceid":"3","other":"681279174, which evaluates to: 1991-08-03 23:12:54","method":"GET","evidence":"681279174","pluginId":"10096","cweid":"200","confidence":"Low","wascid":"13","description":"A timestamp was disclosed by the application/web server - Unix","messageId":"19","url":"https://todoist.com/_next/static/chunks/0e8f85b20ed9ab0a6102c8b8298bac1d6cb4c89b.0fe8d2aa3a66f036f1d2.js","reference":"http://projects.webappsec.org/w/page/13246936/Information%20Leakage","solution":"Manually confirm that the timestamp data is not sensitive, and that the data cannot be aggregated to disclose exploitable patterns.","alert":"Timestamp Disclosure - Unix","param":"","attack":"","name":"Timestamp Disclosure - Unix","risk":"Informational","id":"122","alertRef":"10096"},{"sourceid":"3","other":"358537222, which evaluates to: 1981-05-12 12:40:22","method":"GET","evidence":"358537222","pluginId":"10096","cweid":"200","confidence":"Low","wascid":"13","description":"A timestamp was disclosed by the application/web server - Unix","messageId":"19","url":"https://todoist.com/_next/static/chunks/0e8f85b20ed9ab0a6102c8b8298bac1d6cb4c89b.0fe8d2aa3a66f036f1d2.js","reference":"http://projects.webappsec.org/w/page/13246936/Information%20Leakage","solution":"Manually confirm that the timestamp data is not sensitive, and that the data cannot be aggregated to disclose exploitable patterns.","alert":"Timestamp Disclosure - Unix","param":"","attack":"","name":"Timestamp Disclosure - Unix","risk":"Informational","id":"123","alertRef":"10096"},{"sourceid":"3","other":"722521979, which evaluates to: 1992-11-23 08:32:59","method":"GET","evidence":"722521979","pluginId":"10096","cweid":"200","confidence":"Low","wascid":"13","description":"A timestamp was disclosed by the application/web server - Unix","messageId":"19","url":"https://todoist.com/_next/static/chunks/0e8f85b20ed9ab0a6102c8b8298bac1d6cb4c89b.0fe8d2aa3a66f036f1d2.js","reference":"http://projects.webappsec.org/w/page/13246936/Information%20Leakage","solution":"Manually confirm that the timestamp data is not sensitive, and that the data cannot be aggregated to disclose exploitable patterns.","alert":"Timestamp Disclosure - Unix","param":"","attack":"","name":"Timestamp Disclosure - Unix","risk":"Informational","id":"124","alertRef":"10096"},{"sourceid":"3","other":"76029189, which evaluates to: 1972-05-29 18:13:09","method":"GET","evidence":"76029189","pluginId":"10096","cweid":"200","confidence":"Low","wascid":"13","description":"A timestamp was disclosed by the application/web server - Unix","messageId":"19","url":"https://todoist.com/_next/static/chunks/0e8f85b20ed9ab0a6102c8b8298bac1d6cb4c89b.0fe8d2aa3a66f036f1d2.js","reference":"http://projects.webappsec.org/w/page/13246936/Information%20Leakage","solution":"Manually confirm that the timestamp data is not sensitive, and that the data cannot be aggregated to disclose exploitable patterns.","alert":"Timestamp Disclosure - Unix","param":"","attack":"","name":"Timestamp Disclosure - Unix","risk":"Informational","id":"125","alertRef":"10096"},{"sourceid":"3","other":"640364487, which evaluates to: 1990-04-17 10:01:27","method":"GET","evidence":"640364487","pluginId":"10096","cweid":"200","confidence":"Low","wascid":"13","description":"A timestamp was disclosed by the application/web server - Unix","messageId":"19","url":"https://todoist.com/_next/static/chunks/0e8f85b20ed9ab0a6102c8b8298bac1d6cb4c89b.0fe8d2aa3a66f036f1d2.js","reference":"http://projects.webappsec.org/w/page/13246936/Information%20Leakage","solution":"Manually confirm that the timestamp data is not sensitive, and that the data cannot be aggregated to disclose exploitable patterns.","alert":"Timestamp Disclosure - Unix","param":"","attack":"","name":"Timestamp Disclosure - Unix","risk":"Informational","id":"126","alertRef":"10096"},{"sourceid":"3","other":"421815835, which evaluates to: 1983-05-14 22:03:55","method":"GET","evidence":"421815835","pluginId":"10096","cweid":"200","confidence":"Low","wascid":"13","description":"A timestamp was disclosed by the application/web server - Unix","messageId":"19","url":"https://todoist.com/_next/static/chunks/0e8f85b20ed9ab0a6102c8b8298bac1d6cb4c89b.0fe8d2aa3a66f036f1d2.js","reference":"http://projects.webappsec.org/w/page/13246936/Information%20Leakage","solution":"Manually confirm that the timestamp data is not sensitive, and that the data cannot be aggregated to disclose exploitable patterns.","alert":"Timestamp Disclosure - Unix","param":"","attack":"","name":"Timestamp Disclosure - Unix","risk":"Informational","id":"127","alertRef":"10096"},{"sourceid":"3","other":"530742520, which evaluates to: 1986-10-26 15:28:40","method":"GET","evidence":"530742520","pluginId":"10096","cweid":"200","confidence":"Low","wascid":"13","description":"A timestamp was disclosed by the application/web server - Unix","messageId":"19","url":"https://todoist.com/_next/static/chunks/0e8f85b20ed9ab0a6102c8b8298bac1d6cb4c89b.0fe8d2aa3a66f036f1d2.js","reference":"http://projects.webappsec.org/w/page/13246936/Information%20Leakage","solution":"Manually confirm that the timestamp data is not sensitive, and that the data cannot be aggregated to disclose exploitable patterns.","alert":"Timestamp Disclosure - Unix","param":"","attack":"","name":"Timestamp Disclosure - Unix","risk":"Informational","id":"128","alertRef":"10096"},{"sourceid":"3","other":"995338651, which evaluates to: 2001-07-16 21:57:31","method":"GET","evidence":"995338651","pluginId":"10096","cweid":"200","confidence":"Low","wascid":"13","description":"A timestamp was disclosed by the application/web server - Unix","messageId":"19","url":"https://todoist.com/_next/static/chunks/0e8f85b20ed9ab0a6102c8b8298bac1d6cb4c89b.0fe8d2aa3a66f036f1d2.js","reference":"http://projects.webappsec.org/w/page/13246936/Information%20Leakage","solution":"Manually confirm that the timestamp data is not sensitive, and that the data cannot be aggregated to disclose exploitable patterns.","alert":"Timestamp Disclosure - Unix","param":"","attack":"","name":"Timestamp Disclosure - Unix","risk":"Informational","id":"129","alertRef":"10096"},{"sourceid":"3","other":"198630844, which evaluates to: 1976-04-17 18:14:04","method":"GET","evidence":"198630844","pluginId":"10096","cweid":"200","confidence":"Low","wascid":"13","description":"A timestamp was disclosed by the application/web server - Unix","messageId":"19","url":"https://todoist.com/_next/static/chunks/0e8f85b20ed9ab0a6102c8b8298bac1d6cb4c89b.0fe8d2aa3a66f036f1d2.js","reference":"http://projects.webappsec.org/w/page/13246936/Information%20Leakage","solution":"Manually confirm that the timestamp data is not sensitive, and that the data cannot be aggregated to disclose exploitable patterns.","alert":"Timestamp Disclosure - Unix","param":"","attack":"","name":"Timestamp Disclosure - Unix","risk":"Informational","id":"130","alertRef":"10096"},{"sourceid":"3","other":"1126891415, which evaluates to: 2005-09-16 12:23:35","method":"GET","evidence":"1126891415","pluginId":"10096","cweid":"200","confidence":"Low","wascid":"13","description":"A timestamp was disclosed by the application/web server - Unix","messageId":"19","url":"https://todoist.com/_next/static/chunks/0e8f85b20ed9ab0a6102c8b8298bac1d6cb4c89b.0fe8d2aa3a66f036f1d2.js","reference":"http://projects.webappsec.org/w/page/13246936/Information%20Leakage","solution":"Manually confirm that the timestamp data is not sensitive, and that the data cannot be aggregated to disclose exploitable patterns.","alert":"Timestamp Disclosure - Unix","param":"","attack":"","name":"Timestamp Disclosure - Unix","risk":"Informational","id":"131","alertRef":"10096"},{"sourceid":"3","other":"1416354905, which evaluates to: 2014-11-18 18:55:05","method":"GET","evidence":"1416354905","pluginId":"10096","cweid":"200","confidence":"Low","wascid":"13","description":"A timestamp was disclosed by the application/web server - Unix","messageId":"19","url":"https://todoist.com/_next/static/chunks/0e8f85b20ed9ab0a6102c8b8298bac1d6cb4c89b.0fe8d2aa3a66f036f1d2.js","reference":"http://projects.webappsec.org/w/page/13246936/Information%20Leakage","solution":"Manually confirm that the timestamp data is not sensitive, and that the data cannot be aggregated to disclose exploitable patterns.","alert":"Timestamp Disclosure - Unix","param":"","attack":"","name":"Timestamp Disclosure - Unix","risk":"Informational","id":"132","alertRef":"10096"},{"sourceid":"3","other":"57434055, which evaluates to: 1971-10-27 12:54:15","method":"GET","evidence":"57434055","pluginId":"10096","cweid":"200","confidence":"Low","wascid":"13","description":"A timestamp was disclosed by the application/web server - Unix","messageId":"19","url":"https://todoist.com/_next/static/chunks/0e8f85b20ed9ab0a6102c8b8298bac1d6cb4c89b.0fe8d2aa3a66f036f1d2.js","reference":"http://projects.webappsec.org/w/page/13246936/Information%20Leakage","solution":"Manually confirm that the timestamp data is not sensitive, and that the data cannot be aggregated to disclose exploitable patterns.","alert":"Timestamp Disclosure - Unix","param":"","attack":"","name":"Timestamp Disclosure - Unix","risk":"Informational","id":"133","alertRef":"10096"},{"sourceid":"3","other":"1700485571, which evaluates to: 2023-11-20 08:06:11","method":"GET","evidence":"1700485571","pluginId":"10096","cweid":"200","confidence":"Low","wascid":"13","description":"A timestamp was disclosed by the application/web server - Unix","messageId":"19","url":"https://todoist.com/_next/static/chunks/0e8f85b20ed9ab0a6102c8b8298bac1d6cb4c89b.0fe8d2aa3a66f036f1d2.js","reference":"http://projects.webappsec.org/w/page/13246936/Information%20Leakage","solution":"Manually confirm that the timestamp data is not sensitive, and that the data cannot be aggregated to disclose exploitable patterns.","alert":"Timestamp Disclosure - Unix","param":"","attack":"","name":"Timestamp Disclosure - Unix","risk":"Informational","id":"134","alertRef":"10096"},{"sourceid":"3","other":"1894986606, which evaluates to: 2030-01-18 12:10:06","method":"GET","evidence":"1894986606","pluginId":"10096","cweid":"200","confidence":"Low","wascid":"13","description":"A timestamp was disclosed by the application/web server - Unix","messageId":"19","url":"https://todoist.com/_next/static/chunks/0e8f85b20ed9ab0a6102c8b8298bac1d6cb4c89b.0fe8d2aa3a66f036f1d2.js","reference":"http://projects.webappsec.org/w/page/13246936/Information%20Leakage","solution":"Manually confirm that the timestamp data is not sensitive, and that the data cannot be aggregated to disclose exploitable patterns.","alert":"Timestamp Disclosure - Unix","param":"","attack":"","name":"Timestamp Disclosure - Unix","risk":"Informational","id":"135","alertRef":"10096"},{"sourceid":"3","other":"2054922799, which evaluates to: 2035-02-12 14:53:19","method":"GET","evidence":"2054922799","pluginId":"10096","cweid":"200","confidence":"Low","wascid":"13","description":"A timestamp was disclosed by the application/web server - Unix","messageId":"19","url":"https://todoist.com/_next/static/chunks/0e8f85b20ed9ab0a6102c8b8298bac1d6cb4c89b.0fe8d2aa3a66f036f1d2.js","reference":"http://projects.webappsec.org/w/page/13246936/Information%20Leakage","solution":"Manually confirm that the timestamp data is not sensitive, and that the data cannot be aggregated to disclose exploitable patterns.","alert":"Timestamp Disclosure - Unix","param":"","attack":"","name":"Timestamp Disclosure - Unix","risk":"Informational","id":"136","alertRef":"10096"},{"sourceid":"3","other":"1873313359, which evaluates to: 2029-05-12 15:49:19","method":"GET","evidence":"1873313359","pluginId":"10096","cweid":"200","confidence":"Low","wascid":"13","description":"A timestamp was disclosed by the application/web server - Unix","messageId":"19","url":"https://todoist.com/_next/static/chunks/0e8f85b20ed9ab0a6102c8b8298bac1d6cb4c89b.0fe8d2aa3a66f036f1d2.js","reference":"http://projects.webappsec.org/w/page/13246936/Information%20Leakage","solution":"Manually confirm that the timestamp data is not sensitive, and that the data cannot be aggregated to disclose exploitable patterns.","alert":"Timestamp Disclosure - Unix","param":"","attack":"","name":"Timestamp Disclosure - Unix","risk":"Informational","id":"137","alertRef":"10096"},{"sourceid":"3","other":"30611744, which evaluates to: 1970-12-21 02:15:44","method":"GET","evidence":"30611744","pluginId":"10096","cweid":"200","confidence":"Low","wascid":"13","description":"A timestamp was disclosed by the application/web server - Unix","messageId":"19","url":"https://todoist.com/_next/static/chunks/0e8f85b20ed9ab0a6102c8b8298bac1d6cb4c89b.0fe8d2aa3a66f036f1d2.js","reference":"http://projects.webappsec.org/w/page/13246936/Information%20Leakage","solution":"Manually confirm that the timestamp data is not sensitive, and that the data cannot be aggregated to disclose exploitable patterns.","alert":"Timestamp Disclosure - Unix","param":"","attack":"","name":"Timestamp Disclosure - Unix","risk":"Informational","id":"138","alertRef":"10096"},{"sourceid":"3","other":"1560198380, which evaluates to: 2019-06-10 15:26:20","method":"GET","evidence":"1560198380","pluginId":"10096","cweid":"200","confidence":"Low","wascid":"13","description":"A timestamp was disclosed by the application/web server - Unix","messageId":"19","url":"https://todoist.com/_next/static/chunks/0e8f85b20ed9ab0a6102c8b8298bac1d6cb4c89b.0fe8d2aa3a66f036f1d2.js","reference":"http://projects.webappsec.org/w/page/13246936/Information%20Leakage","solution":"Manually confirm that the timestamp data is not sensitive, and that the data cannot be aggregated to disclose exploitable patterns.","alert":"Timestamp Disclosure - Unix","param":"","attack":"","name":"Timestamp Disclosure - Unix","risk":"Informational","id":"139","alertRef":"10096"},{"sourceid":"3","other":"1309151649, which evaluates to: 2011-06-27 00:14:09","method":"GET","evidence":"1309151649","pluginId":"10096","cweid":"200","confidence":"Low","wascid":"13","description":"A timestamp was disclosed by the application/web server - Unix","messageId":"19","url":"https://todoist.com/_next/static/chunks/0e8f85b20ed9ab0a6102c8b8298bac1d6cb4c89b.0fe8d2aa3a66f036f1d2.js","reference":"http://projects.webappsec.org/w/page/13246936/Information%20Leakage","solution":"Manually confirm that the timestamp data is not sensitive, and that the data cannot be aggregated to disclose exploitable patterns.","alert":"Timestamp Disclosure - Unix","param":"","attack":"","name":"Timestamp Disclosure - Unix","risk":"Informational","id":"140","alertRef":"10096"},{"sourceid":"3","other":"145523070, which evaluates to: 1974-08-12 02:04:30","method":"GET","evidence":"145523070","pluginId":"10096","cweid":"200","confidence":"Low","wascid":"13","description":"A timestamp was disclosed by the application/web server - Unix","messageId":"19","url":"https://todoist.com/_next/static/chunks/0e8f85b20ed9ab0a6102c8b8298bac1d6cb4c89b.0fe8d2aa3a66f036f1d2.js","reference":"http://projects.webappsec.org/w/page/13246936/Information%20Leakage","solution":"Manually confirm that the timestamp data is not sensitive, and that the data cannot be aggregated to disclose exploitable patterns.","alert":"Timestamp Disclosure - Unix","param":"","attack":"","name":"Timestamp Disclosure - Unix","risk":"Informational","id":"141","alertRef":"10096"},{"sourceid":"3","other":"1120210379, which evaluates to: 2005-07-01 04:32:59","method":"GET","evidence":"1120210379","pluginId":"10096","cweid":"200","confidence":"Low","wascid":"13","description":"A timestamp was disclosed by the application/web server - Unix","messageId":"19","url":"https://todoist.com/_next/static/chunks/0e8f85b20ed9ab0a6102c8b8298bac1d6cb4c89b.0fe8d2aa3a66f036f1d2.js","reference":"http://projects.webappsec.org/w/page/13246936/Information%20Leakage","solution":"Manually confirm that the timestamp data is not sensitive, and that the data cannot be aggregated to disclose exploitable patterns.","alert":"Timestamp Disclosure - Unix","param":"","attack":"","name":"Timestamp Disclosure - Unix","risk":"Informational","id":"142","alertRef":"10096"},{"sourceid":"3","other":"718787259, which evaluates to: 1992-10-11 03:07:39","method":"GET","evidence":"718787259","pluginId":"10096","cweid":"200","confidence":"Low","wascid":"13","description":"A timestamp was disclosed by the application/web server - Unix","messageId":"19","url":"https://todoist.com/_next/static/chunks/0e8f85b20ed9ab0a6102c8b8298bac1d6cb4c89b.0fe8d2aa3a66f036f1d2.js","reference":"http://projects.webappsec.org/w/page/13246936/Information%20Leakage","solution":"Manually confirm that the timestamp data is not sensitive, and that the data cannot be aggregated to disclose exploitable patterns.","alert":"Timestamp Disclosure - Unix","param":"","attack":"","name":"Timestamp Disclosure - Unix","risk":"Informational","id":"143","alertRef":"10096"},{"sourceid":"3","other":"343485551, which evaluates to: 1980-11-19 07:39:11","method":"GET","evidence":"343485551","pluginId":"10096","cweid":"200","confidence":"Low","wascid":"13","description":"A timestamp was disclosed by the application/web server - Unix","messageId":"19","url":"https://todoist.com/_next/static/chunks/0e8f85b20ed9ab0a6102c8b8298bac1d6cb4c89b.0fe8d2aa3a66f036f1d2.js","reference":"http://projects.webappsec.org/w/page/13246936/Information%20Leakage","solution":"Manually confirm that the timestamp data is not sensitive, and that the data cannot be aggregated to disclose exploitable patterns.","alert":"Timestamp Disclosure - Unix","param":"","attack":"","name":"Timestamp Disclosure - Unix","risk":"Informational","id":"144","alertRef":"10096"},{"sourceid":"3","other":"1518500249, which evaluates to: 2018-02-13 00:37:29","method":"GET","evidence":"1518500249","pluginId":"10096","cweid":"200","confidence":"Low","wascid":"13","description":"A timestamp was disclosed by the application/web server - Unix","messageId":"19","url":"https://todoist.com/_next/static/chunks/0e8f85b20ed9ab0a6102c8b8298bac1d6cb4c89b.0fe8d2aa3a66f036f1d2.js","reference":"http://projects.webappsec.org/w/page/13246936/Information%20Leakage","solution":"Manually confirm that the timestamp data is not sensitive, and that the data cannot be aggregated to disclose exploitable patterns.","alert":"Timestamp Disclosure - Unix","param":"","attack":"","name":"Timestamp Disclosure - Unix","risk":"Informational","id":"145","alertRef":"10096"},{"sourceid":"3","other":"1859775393, which evaluates to: 2028-12-06 23:16:33","method":"GET","evidence":"1859775393","pluginId":"10096","cweid":"200","confidence":"Low","wascid":"13","description":"A timestamp was disclosed by the application/web server - Unix","messageId":"19","url":"https://todoist.com/_next/static/chunks/0e8f85b20ed9ab0a6102c8b8298bac1d6cb4c89b.0fe8d2aa3a66f036f1d2.js","reference":"http://projects.webappsec.org/w/page/13246936/Information%20Leakage","solution":"Manually confirm that the timestamp data is not sensitive, and that the data cannot be aggregated to disclose exploitable patterns.","alert":"Timestamp Disclosure - Unix","param":"","attack":"","name":"Timestamp Disclosure - Unix","risk":"Informational","id":"146","alertRef":"10096"},{"sourceid":"3","other":"00000000, which evaluates to: 1969-12-31 19:00:00","method":"GET","evidence":"00000000","pluginId":"10096","cweid":"200","confidence":"Low","wascid":"13","description":"A timestamp was disclosed by the application/web server - Unix","messageId":"19","url":"https://todoist.com/_next/static/chunks/0e8f85b20ed9ab0a6102c8b8298bac1d6cb4c89b.0fe8d2aa3a66f036f1d2.js","reference":"http://projects.webappsec.org/w/page/13246936/Information%20Leakage","solution":"Manually confirm that the timestamp data is not sensitive, and that the data cannot be aggregated to disclose exploitable patterns.","alert":"Timestamp Disclosure - Unix","param":"","attack":"","name":"Timestamp Disclosure - Unix","risk":"Informational","id":"149","alertRef":"10096"},{"sourceid":"3","other":"This issue still applies to error type pages (401, 403, 500, etc.) as those pages are often still affected by injection issues, in which case there is still concern for browsers sniffing pages away from their actual content type.\nAt \"High\" threshold this scan rule will not alert on client or server error responses.","method":"GET","evidence":"","pluginId":"10021","cweid":"16","confidence":"Medium","wascid":"15","description":"The Anti-MIME-Sniffing header X-Content-Type-Options was not set to 'nosniff'. This allows older versions of Internet Explorer and Chrome to perform MIME-sniffing on the response body, potentially causing the response body to be interpreted and displayed as a content type other than the declared content type. Current (early 2014) and legacy versions of Firefox will use the declared content type (if one is set), rather than performing MIME-sniffing.","messageId":"19","url":"https://todoist.com/_next/static/chunks/0e8f85b20ed9ab0a6102c8b8298bac1d6cb4c89b.0fe8d2aa3a66f036f1d2.js","reference":"http://msdn.microsoft.com/en-us/library/ie/gg622941%28v=vs.85%29.aspx\nhttps://owasp.org/www-community/Security_Headers","solution":"Ensure that the application/web server sets the Content-Type header appropriately, and that it sets the X-Content-Type-Options header to 'nosniff' for all web pages.\nIf possible, ensure that the end user uses a standards-compliant and modern web browser that does not perform MIME-sniffing at all, or that can be directed by the web application/web server to not perform MIME-sniffing.","alert":"X-Content-Type-Options Header Missing","param":"X-Content-Type-Options","attack":"","name":"X-Content-Type-Options Header Missing","risk":"Low","id":"151","alertRef":"10021"},{"sourceid":"3","other":"The following pattern was used: \\bDB\\b and was detected in the element starting with: \"(window.webpackJsonp_N_E=window.webpackJsonp_N_E||[]).push([[4],{WNiU:function(e,t,r){!function(e,t){for(var r in t)e[r]=t[r]}(t\", see evidence field for the suspicious comment/snippet.","method":"GET","evidence":"Db","pluginId":"10027","cweid":"200","confidence":"Low","wascid":"13","description":"The response appears to contain suspicious comments which may help an attacker. Note: Matches made within script blocks or files are against the entire content not only comments.","messageId":"20","url":"https://todoist.com/_next/static/chunks/4af5f773.1851fbd0845d20ef7104.js","reference":"","solution":"Remove all comments that return information that may help an attacker and fix any underlying problems they refer to.","alert":"Information Disclosure - Suspicious Comments","param":"","attack":"","name":"Information Disclosure - Suspicious Comments","risk":"Informational","id":"152","alertRef":"10027"},{"sourceid":"3","other":"This issue still applies to error type pages (401, 403, 500, etc.) as those pages are often still affected by injection issues, in which case there is still concern for browsers sniffing pages away from their actual content type.\nAt \"High\" threshold this scan rule will not alert on client or server error responses.","method":"GET","evidence":"","pluginId":"10021","cweid":"16","confidence":"Medium","wascid":"15","description":"The Anti-MIME-Sniffing header X-Content-Type-Options was not set to 'nosniff'. This allows older versions of Internet Explorer and Chrome to perform MIME-sniffing on the response body, potentially causing the response body to be interpreted and displayed as a content type other than the declared content type. Current (early 2014) and legacy versions of Firefox will use the declared content type (if one is set), rather than performing MIME-sniffing.","messageId":"20","url":"https://todoist.com/_next/static/chunks/4af5f773.1851fbd0845d20ef7104.js","reference":"http://msdn.microsoft.com/en-us/library/ie/gg622941%28v=vs.85%29.aspx\nhttps://owasp.org/www-community/Security_Headers","solution":"Ensure that the application/web server sets the Content-Type header appropriately, and that it sets the X-Content-Type-Options header to 'nosniff' for all web pages.\nIf possible, ensure that the end user uses a standards-compliant and modern web browser that does not perform MIME-sniffing at all, or that can be directed by the web application/web server to not perform MIME-sniffing.","alert":"X-Content-Type-Options Header Missing","param":"X-Content-Type-Options","attack":"","name":"X-Content-Type-Options Header Missing","risk":"Low","id":"153","alertRef":"10021"},{"sourceid":"3","other":"The following pattern was used: \\bQUERY\\b and was detected in the element starting with: \"(window.webpackJsonp_N_E=window.webpackJsonp_N_E||[]).push([[6],{\"+90V\":function(e,t,n){\"use strict\";var r=n(\"TqRt\");n(\"HAE/\"),O\", see evidence field for the suspicious comment/snippet.","method":"GET","evidence":"query","pluginId":"10027","cweid":"200","confidence":"Low","wascid":"13","description":"The response appears to contain suspicious comments which may help an attacker. Note: Matches made within script blocks or files are against the entire content not only comments.","messageId":"21","url":"https://todoist.com/_next/static/chunks/46300902bf7c6e1374dd592a461ea5a5a6d02de9.dcfb80a6e6abd69835ad.js","reference":"","solution":"Remove all comments that return information that may help an attacker and fix any underlying problems they refer to.","alert":"Information Disclosure - Suspicious Comments","param":"","attack":"","name":"Information Disclosure - Suspicious Comments","risk":"Informational","id":"154","alertRef":"10027"},{"sourceid":"3","other":"This issue still applies to error type pages (401, 403, 500, etc.) as those pages are often still affected by injection issues, in which case there is still concern for browsers sniffing pages away from their actual content type.\nAt \"High\" threshold this scan rule will not alert on client or server error responses.","method":"GET","evidence":"","pluginId":"10021","cweid":"16","confidence":"Medium","wascid":"15","description":"The Anti-MIME-Sniffing header X-Content-Type-Options was not set to 'nosniff'. This allows older versions of Internet Explorer and Chrome to perform MIME-sniffing on the response body, potentially causing the response body to be interpreted and displayed as a content type other than the declared content type. Current (early 2014) and legacy versions of Firefox will use the declared content type (if one is set), rather than performing MIME-sniffing.","messageId":"21","url":"https://todoist.com/_next/static/chunks/46300902bf7c6e1374dd592a461ea5a5a6d02de9.dcfb80a6e6abd69835ad.js","reference":"http://msdn.microsoft.com/en-us/library/ie/gg622941%28v=vs.85%29.aspx\nhttps://owasp.org/www-community/Security_Headers","solution":"Ensure that the application/web server sets the Content-Type header appropriately, and that it sets the X-Content-Type-Options header to 'nosniff' for all web pages.\nIf possible, ensure that the end user uses a standards-compliant and modern web browser that does not perform MIME-sniffing at all, or that can be directed by the web application/web server to not perform MIME-sniffing.","alert":"X-Content-Type-Options Header Missing","param":"X-Content-Type-Options","attack":"","name":"X-Content-Type-Options Header Missing","risk":"Low","id":"155","alertRef":"10021"},{"sourceid":"3","other":"The following pattern was used: \\bQUERY\\b and was detected in the element starting with: \"_N_E=(window.webpackJsonp_N_E=window.webpackJsonp_N_E||[]).push([[29],{\"1TCz\":function(t,e,n){\"use strict\";n.r(e);var r=n(\"o0o1\"\", see evidence field for the suspicious comment/snippet.","method":"GET","evidence":"query","pluginId":"10027","cweid":"200","confidence":"Low","wascid":"13","description":"The response appears to contain suspicious comments which may help an attacker. Note: Matches made within script blocks or files are against the entire content not only comments.","messageId":"22","url":"https://todoist.com/_next/static/chunks/pages/_app-3b4743dbd65bee2727de.js","reference":"","solution":"Remove all comments that return information that may help an attacker and fix any underlying problems they refer to.","alert":"Information Disclosure - Suspicious Comments","param":"","attack":"","name":"Information Disclosure - Suspicious Comments","risk":"Informational","id":"156","alertRef":"10027"},{"sourceid":"3","other":"This issue still applies to error type pages (401, 403, 500, etc.) as those pages are often still affected by injection issues, in which case there is still concern for browsers sniffing pages away from their actual content type.\nAt \"High\" threshold this scan rule will not alert on client or server error responses.","method":"GET","evidence":"","pluginId":"10021","cweid":"16","confidence":"Medium","wascid":"15","description":"The Anti-MIME-Sniffing header X-Content-Type-Options was not set to 'nosniff'. This allows older versions of Internet Explorer and Chrome to perform MIME-sniffing on the response body, potentially causing the response body to be interpreted and displayed as a content type other than the declared content type. Current (early 2014) and legacy versions of Firefox will use the declared content type (if one is set), rather than performing MIME-sniffing.","messageId":"22","url":"https://todoist.com/_next/static/chunks/pages/_app-3b4743dbd65bee2727de.js","reference":"http://msdn.microsoft.com/en-us/library/ie/gg622941%28v=vs.85%29.aspx\nhttps://owasp.org/www-community/Security_Headers","solution":"Ensure that the application/web server sets the Content-Type header appropriately, and that it sets the X-Content-Type-Options header to 'nosniff' for all web pages.\nIf possible, ensure that the end user uses a standards-compliant and modern web browser that does not perform MIME-sniffing at all, or that can be directed by the web application/web server to not perform MIME-sniffing.","alert":"X-Content-Type-Options Header Missing","param":"X-Content-Type-Options","attack":"","name":"X-Content-Type-Options Header Missing","risk":"Low","id":"157","alertRef":"10021"},{"sourceid":"3","other":"The following pattern was used: \\bBUG\\b and was detected in the element starting with: \"(window.webpackJsonp_N_E=window.webpackJsonp_N_E||[]).push([[7],{\"+924\":function(e,t,n){\"use strict\";n.d(t,\"d\",(function(){retur\", see evidence field for the suspicious comment/snippet.","method":"GET","evidence":"bug","pluginId":"10027","cweid":"200","confidence":"Low","wascid":"13","description":"The response appears to contain suspicious comments which may help an attacker. Note: Matches made within script blocks or files are against the entire content not only comments.","messageId":"23","url":"https://todoist.com/_next/static/chunks/a7d9d3dc563f80f9bceeaf1fc394c88e9b2ce764.dc5ca8c774eddce1e0d7.js","reference":"","solution":"Remove all comments that return information that may help an attacker and fix any underlying problems they refer to.","alert":"Information Disclosure - Suspicious Comments","param":"","attack":"","name":"Information Disclosure - Suspicious Comments","risk":"Informational","id":"158","alertRef":"10027"},{"sourceid":"3","other":"123456789, which evaluates to: 1973-11-29 16:33:09","method":"GET","evidence":"123456789","pluginId":"10096","cweid":"200","confidence":"Low","wascid":"13","description":"A timestamp was disclosed by the application/web server - Unix","messageId":"23","url":"https://todoist.com/_next/static/chunks/a7d9d3dc563f80f9bceeaf1fc394c88e9b2ce764.dc5ca8c774eddce1e0d7.js","reference":"http://projects.webappsec.org/w/page/13246936/Information%20Leakage","solution":"Manually confirm that the timestamp data is not sensitive, and that the data cannot be aggregated to disclose exploitable patterns.","alert":"Timestamp Disclosure - Unix","param":"","attack":"","name":"Timestamp Disclosure - Unix","risk":"Informational","id":"159","alertRef":"10096"},{"sourceid":"3","other":"This issue still applies to error type pages (401, 403, 500, etc.) as those pages are often still affected by injection issues, in which case there is still concern for browsers sniffing pages away from their actual content type.\nAt \"High\" threshold this scan rule will not alert on client or server error responses.","method":"GET","evidence":"","pluginId":"10021","cweid":"16","confidence":"Medium","wascid":"15","description":"The Anti-MIME-Sniffing header X-Content-Type-Options was not set to 'nosniff'. This allows older versions of Internet Explorer and Chrome to perform MIME-sniffing on the response body, potentially causing the response body to be interpreted and displayed as a content type other than the declared content type. Current (early 2014) and legacy versions of Firefox will use the declared content type (if one is set), rather than performing MIME-sniffing.","messageId":"23","url":"https://todoist.com/_next/static/chunks/a7d9d3dc563f80f9bceeaf1fc394c88e9b2ce764.dc5ca8c774eddce1e0d7.js","reference":"http://msdn.microsoft.com/en-us/library/ie/gg622941%28v=vs.85%29.aspx\nhttps://owasp.org/www-community/Security_Headers","solution":"Ensure that the application/web server sets the Content-Type header appropriately, and that it sets the X-Content-Type-Options header to 'nosniff' for all web pages.\nIf possible, ensure that the end user uses a standards-compliant and modern web browser that does not perform MIME-sniffing at all, or that can be directed by the web application/web server to not perform MIME-sniffing.","alert":"X-Content-Type-Options Header Missing","param":"X-Content-Type-Options","attack":"","name":"X-Content-Type-Options Header Missing","risk":"Low","id":"165","alertRef":"10021"},{"sourceid":"3","other":"This issue still applies to error type pages (401, 403, 500, etc.) as those pages are often still affected by injection issues, in which case there is still concern for browsers sniffing pages away from their actual content type.\nAt \"High\" threshold this scan rule will not alert on client or server error responses.","method":"GET","evidence":"","pluginId":"10021","cweid":"16","confidence":"Medium","wascid":"15","description":"The Anti-MIME-Sniffing header X-Content-Type-Options was not set to 'nosniff'. This allows older versions of Internet Explorer and Chrome to perform MIME-sniffing on the response body, potentially causing the response body to be interpreted and displayed as a content type other than the declared content type. Current (early 2014) and legacy versions of Firefox will use the declared content type (if one is set), rather than performing MIME-sniffing.","messageId":"25","url":"https://todoist.com/_next/static/chunks/a5174a254d143c3d3d02321814728bdd71b6ab95_CSS.d6f2610c02ca1f2f8023.js","reference":"http://msdn.microsoft.com/en-us/library/ie/gg622941%28v=vs.85%29.aspx\nhttps://owasp.org/www-community/Security_Headers","solution":"Ensure that the application/web server sets the Content-Type header appropriately, and that it sets the X-Content-Type-Options header to 'nosniff' for all web pages.\nIf possible, ensure that the end user uses a standards-compliant and modern web browser that does not perform MIME-sniffing at all, or that can be directed by the web application/web server to not perform MIME-sniffing.","alert":"X-Content-Type-Options Header Missing","param":"X-Content-Type-Options","attack":"","name":"X-Content-Type-Options Header Missing","risk":"Low","id":"166","alertRef":"10021"},{"sourceid":"3","other":"This issue still applies to error type pages (401, 403, 500, etc.) as those pages are often still affected by injection issues, in which case there is still concern for browsers sniffing pages away from their actual content type.\nAt \"High\" threshold this scan rule will not alert on client or server error responses.","method":"GET","evidence":"","pluginId":"10021","cweid":"16","confidence":"Medium","wascid":"15","description":"The Anti-MIME-Sniffing header X-Content-Type-Options was not set to 'nosniff'. This allows older versions of Internet Explorer and Chrome to perform MIME-sniffing on the response body, potentially causing the response body to be interpreted and displayed as a content type other than the declared content type. Current (early 2014) and legacy versions of Firefox will use the declared content type (if one is set), rather than performing MIME-sniffing.","messageId":"26","url":"https://todoist.com/_next/static/chunks/styles.4b2dc012361942f5cf6e.js","reference":"http://msdn.microsoft.com/en-us/library/ie/gg622941%28v=vs.85%29.aspx\nhttps://owasp.org/www-community/Security_Headers","solution":"Ensure that the application/web server sets the Content-Type header appropriately, and that it sets the X-Content-Type-Options header to 'nosniff' for all web pages.\nIf possible, ensure that the end user uses a standards-compliant and modern web browser that does not perform MIME-sniffing at all, or that can be directed by the web application/web server to not perform MIME-sniffing.","alert":"X-Content-Type-Options Header Missing","param":"X-Content-Type-Options","attack":"","name":"X-Content-Type-Options Header Missing","risk":"Low","id":"167","alertRef":"10021"},{"sourceid":"3","other":"The following pattern was used: \\bDB\\b and was detected in the element starting with: \"_N_E=(window.webpackJsonp_N_E=window.webpackJsonp_N_E||[]).push([[44],{\"+RON\":function(e,t){e.exports=\"/_next/static/images/free\", see evidence field for the suspicious comment/snippet.","method":"GET","evidence":"DB","pluginId":"10027","cweid":"200","confidence":"Low","wascid":"13","description":"The response appears to contain suspicious comments which may help an attacker. Note: Matches made within script blocks or files are against the entire content not only comments.","messageId":"27","url":"https://todoist.com/_next/static/chunks/pages/index-50325ffabee779bfc84a.js","reference":"","solution":"Remove all comments that return information that may help an attacker and fix any underlying problems they refer to.","alert":"Information Disclosure - Suspicious Comments","param":"","attack":"","name":"Information Disclosure - Suspicious Comments","risk":"Informational","id":"168","alertRef":"10027"},{"sourceid":"3","other":"This issue still applies to error type pages (401, 403, 500, etc.) as those pages are often still affected by injection issues, in which case there is still concern for browsers sniffing pages away from their actual content type.\nAt \"High\" threshold this scan rule will not alert on client or server error responses.","method":"GET","evidence":"","pluginId":"10021","cweid":"16","confidence":"Medium","wascid":"15","description":"The Anti-MIME-Sniffing header X-Content-Type-Options was not set to 'nosniff'. This allows older versions of Internet Explorer and Chrome to perform MIME-sniffing on the response body, potentially causing the response body to be interpreted and displayed as a content type other than the declared content type. Current (early 2014) and legacy versions of Firefox will use the declared content type (if one is set), rather than performing MIME-sniffing.","messageId":"27","url":"https://todoist.com/_next/static/chunks/pages/index-50325ffabee779bfc84a.js","reference":"http://msdn.microsoft.com/en-us/library/ie/gg622941%28v=vs.85%29.aspx\nhttps://owasp.org/www-community/Security_Headers","solution":"Ensure that the application/web server sets the Content-Type header appropriately, and that it sets the X-Content-Type-Options header to 'nosniff' for all web pages.\nIf possible, ensure that the end user uses a standards-compliant and modern web browser that does not perform MIME-sniffing at all, or that can be directed by the web application/web server to not perform MIME-sniffing.","alert":"X-Content-Type-Options Header Missing","param":"X-Content-Type-Options","attack":"","name":"X-Content-Type-Options Header Missing","risk":"Low","id":"169","alertRef":"10021"},{"sourceid":"3","other":"The following pattern was used: \\bQUERY\\b and was detected in the element starting with: \"(window.webpackJsonp_N_E=window.webpackJsonp_N_E||[]).push([[8],{\"+9U2\":function(e,t,r){\"use strict\";let n,i,o,{isClean:s}=r(\"zo\", see evidence field for the suspicious comment/snippet.","method":"GET","evidence":"query","pluginId":"10027","cweid":"200","confidence":"Low","wascid":"13","description":"The response appears to contain suspicious comments which may help an attacker. Note: Matches made within script blocks or files are against the entire content not only comments.","messageId":"28","url":"https://todoist.com/_next/static/chunks/a5174a254d143c3d3d02321814728bdd71b6ab95.8aeeecc87435cd012b41.js","reference":"","solution":"Remove all comments that return information that may help an attacker and fix any underlying problems they refer to.","alert":"Information Disclosure - Suspicious Comments","param":"","attack":"","name":"Information Disclosure - Suspicious Comments","risk":"Informational","id":"170","alertRef":"10027"},{"sourceid":"3","other":"16711680, which evaluates to: 1970-07-13 05:08:00","method":"GET","evidence":"16711680","pluginId":"10096","cweid":"200","confidence":"Low","wascid":"13","description":"A timestamp was disclosed by the application/web server - Unix","messageId":"28","url":"https://todoist.com/_next/static/chunks/a5174a254d143c3d3d02321814728bdd71b6ab95.8aeeecc87435cd012b41.js","reference":"http://projects.webappsec.org/w/page/13246936/Information%20Leakage","solution":"Manually confirm that the timestamp data is not sensitive, and that the data cannot be aggregated to disclose exploitable patterns.","alert":"Timestamp Disclosure - Unix","param":"","attack":"","name":"Timestamp Disclosure - Unix","risk":"Informational","id":"171","alertRef":"10096"},{"sourceid":"3","other":"2147483647, which evaluates to: 2038-01-18 22:14:07","method":"GET","evidence":"2147483647","pluginId":"10096","cweid":"200","confidence":"Low","wascid":"13","description":"A timestamp was disclosed by the application/web server - Unix","messageId":"28","url":"https://todoist.com/_next/static/chunks/a5174a254d143c3d3d02321814728bdd71b6ab95.8aeeecc87435cd012b41.js","reference":"http://projects.webappsec.org/w/page/13246936/Information%20Leakage","solution":"Manually confirm that the timestamp data is not sensitive, and that the data cannot be aggregated to disclose exploitable patterns.","alert":"Timestamp Disclosure - Unix","param":"","attack":"","name":"Timestamp Disclosure - Unix","risk":"Informational","id":"172","alertRef":"10096"},{"sourceid":"3","other":"1073741823, which evaluates to: 2004-01-10 08:37:03","method":"GET","evidence":"1073741823","pluginId":"10096","cweid":"200","confidence":"Low","wascid":"13","description":"A timestamp was disclosed by the application/web server - Unix","messageId":"28","url":"https://todoist.com/_next/static/chunks/a5174a254d143c3d3d02321814728bdd71b6ab95.8aeeecc87435cd012b41.js","reference":"http://projects.webappsec.org/w/page/13246936/Information%20Leakage","solution":"Manually confirm that the timestamp data is not sensitive, and that the data cannot be aggregated to disclose exploitable patterns.","alert":"Timestamp Disclosure - Unix","param":"","attack":"","name":"Timestamp Disclosure - Unix","risk":"Informational","id":"173","alertRef":"10096"},{"sourceid":"3","other":"16777216, which evaluates to: 1970-07-13 23:20:16","method":"GET","evidence":"16777216","pluginId":"10096","cweid":"200","confidence":"Low","wascid":"13","description":"A timestamp was disclosed by the application/web server - Unix","messageId":"28","url":"https://todoist.com/_next/static/chunks/a5174a254d143c3d3d02321814728bdd71b6ab95.8aeeecc87435cd012b41.js","reference":"http://projects.webappsec.org/w/page/13246936/Information%20Leakage","solution":"Manually confirm that the timestamp data is not sensitive, and that the data cannot be aggregated to disclose exploitable patterns.","alert":"Timestamp Disclosure - Unix","param":"","attack":"","name":"Timestamp Disclosure - Unix","risk":"Informational","id":"176","alertRef":"10096"},{"sourceid":"3","other":"This issue still applies to error type pages (401, 403, 500, etc.) as those pages are often still affected by injection issues, in which case there is still concern for browsers sniffing pages away from their actual content type.\nAt \"High\" threshold this scan rule will not alert on client or server error responses.","method":"GET","evidence":"","pluginId":"10021","cweid":"16","confidence":"Medium","wascid":"15","description":"The Anti-MIME-Sniffing header X-Content-Type-Options was not set to 'nosniff'. This allows older versions of Internet Explorer and Chrome to perform MIME-sniffing on the response body, potentially causing the response body to be interpreted and displayed as a content type other than the declared content type. Current (early 2014) and legacy versions of Firefox will use the declared content type (if one is set), rather than performing MIME-sniffing.","messageId":"28","url":"https://todoist.com/_next/static/chunks/a5174a254d143c3d3d02321814728bdd71b6ab95.8aeeecc87435cd012b41.js","reference":"http://msdn.microsoft.com/en-us/library/ie/gg622941%28v=vs.85%29.aspx\nhttps://owasp.org/www-community/Security_Headers","solution":"Ensure that the application/web server sets the Content-Type header appropriately, and that it sets the X-Content-Type-Options header to 'nosniff' for all web pages.\nIf possible, ensure that the end user uses a standards-compliant and modern web browser that does not perform MIME-sniffing at all, or that can be directed by the web application/web server to not perform MIME-sniffing.","alert":"X-Content-Type-Options Header Missing","param":"X-Content-Type-Options","attack":"","name":"X-Content-Type-Options Header Missing","risk":"Low","id":"180","alertRef":"10021"},{"sourceid":"3","other":"The following pattern was used: \\bUSER\\b and was detected in the element starting with: \"self.__BUILD_MANIFEST = (function(a,b,c,d,e,f,g,h,i,j,k,l,m,n,o,p,q,r,s,t){return {__rewrites:[],\"/\":[\"static\\u002Fcss\\u002Fpage\", see evidence field for the suspicious comment/snippet.","method":"GET","evidence":"user","pluginId":"10027","cweid":"200","confidence":"Low","wascid":"13","description":"The response appears to contain suspicious comments which may help an attacker. Note: Matches made within script blocks or files are against the entire content not only comments.","messageId":"32","url":"https://todoist.com/_next/static/Su7XJ3Y1iReNK_fTNqchx/_buildManifest.js","reference":"","solution":"Remove all comments that return information that may help an attacker and fix any underlying problems they refer to.","alert":"Information Disclosure - Suspicious Comments","param":"","attack":"","name":"Information Disclosure - Suspicious Comments","risk":"Informational","id":"194","alertRef":"10027"},{"sourceid":"3","other":"This issue still applies to error type pages (401, 403, 500, etc.) as those pages are often still affected by injection issues, in which case there is still concern for browsers sniffing pages away from their actual content type.\nAt \"High\" threshold this scan rule will not alert on client or server error responses.","method":"GET","evidence":"","pluginId":"10021","cweid":"16","confidence":"Medium","wascid":"15","description":"The Anti-MIME-Sniffing header X-Content-Type-Options was not set to 'nosniff'. This allows older versions of Internet Explorer and Chrome to perform MIME-sniffing on the response body, potentially causing the response body to be interpreted and displayed as a content type other than the declared content type. Current (early 2014) and legacy versions of Firefox will use the declared content type (if one is set), rather than performing MIME-sniffing.","messageId":"32","url":"https://todoist.com/_next/static/Su7XJ3Y1iReNK_fTNqchx/_buildManifest.js","reference":"http://msdn.microsoft.com/en-us/library/ie/gg622941%28v=vs.85%29.aspx\nhttps://owasp.org/www-community/Security_Headers","solution":"Ensure that the application/web server sets the Content-Type header appropriately, and that it sets the X-Content-Type-Options header to 'nosniff' for all web pages.\nIf possible, ensure that the end user uses a standards-compliant and modern web browser that does not perform MIME-sniffing at all, or that can be directed by the web application/web server to not perform MIME-sniffing.","alert":"X-Content-Type-Options Header Missing","param":"X-Content-Type-Options","attack":"","name":"X-Content-Type-Options Header Missing","risk":"Low","id":"195","alertRef":"10021"},{"sourceid":"3","other":"This issue still applies to error type pages (401, 403, 500, etc.) as those pages are often still affected by injection issues, in which case there is still concern for browsers sniffing pages away from their actual content type.\nAt \"High\" threshold this scan rule will not alert on client or server error responses.","method":"GET","evidence":"","pluginId":"10021","cweid":"16","confidence":"Medium","wascid":"15","description":"The Anti-MIME-Sniffing header X-Content-Type-Options was not set to 'nosniff'. This allows older versions of Internet Explorer and Chrome to perform MIME-sniffing on the response body, potentially causing the response body to be interpreted and displayed as a content type other than the declared content type. Current (early 2014) and legacy versions of Firefox will use the declared content type (if one is set), rather than performing MIME-sniffing.","messageId":"35","url":"https://todoist.com/_next/static/Su7XJ3Y1iReNK_fTNqchx/_ssgManifest.js","reference":"http://msdn.microsoft.com/en-us/library/ie/gg622941%28v=vs.85%29.aspx\nhttps://owasp.org/www-community/Security_Headers","solution":"Ensure that the application/web server sets the Content-Type header appropriately, and that it sets the X-Content-Type-Options header to 'nosniff' for all web pages.\nIf possible, ensure that the end user uses a standards-compliant and modern web browser that does not perform MIME-sniffing at all, or that can be directed by the web application/web server to not perform MIME-sniffing.","alert":"X-Content-Type-Options Header Missing","param":"X-Content-Type-Options","attack":"","name":"X-Content-Type-Options Header Missing","risk":"Low","id":"196","alertRef":"10021"},{"sourceid":"3","other":"This issue still applies to error type pages (401, 403, 500, etc.) as those pages are often still affected by injection issues, in which case there is still concern for browsers sniffing pages away from their actual content type.\nAt \"High\" threshold this scan rule will not alert on client or server error responses.","method":"GET","evidence":"","pluginId":"10021","cweid":"16","confidence":"Medium","wascid":"15","description":"The Anti-MIME-Sniffing header X-Content-Type-Options was not set to 'nosniff'. This allows older versions of Internet Explorer and Chrome to perform MIME-sniffing on the response body, potentially causing the response body to be interpreted and displayed as a content type other than the declared content type. Current (early 2014) and legacy versions of Firefox will use the declared content type (if one is set), rather than performing MIME-sniffing.","messageId":"47","url":"https://todoist.com/static/fonts/Graphik-Regular-Web.woff","reference":"http://msdn.microsoft.com/en-us/library/ie/gg622941%28v=vs.85%29.aspx\nhttps://owasp.org/www-community/Security_Headers","solution":"Ensure that the application/web server sets the Content-Type header appropriately, and that it sets the X-Content-Type-Options header to 'nosniff' for all web pages.\nIf possible, ensure that the end user uses a standards-compliant and modern web browser that does not perform MIME-sniffing at all, or that can be directed by the web application/web server to not perform MIME-sniffing.","alert":"X-Content-Type-Options Header Missing","param":"X-Content-Type-Options","attack":"","name":"X-Content-Type-Options Header Missing","risk":"Low","id":"239","alertRef":"10021"},{"sourceid":"3","other":"This issue still applies to error type pages (401, 403, 500, etc.) as those pages are often still affected by injection issues, in which case there is still concern for browsers sniffing pages away from their actual content type.\nAt \"High\" threshold this scan rule will not alert on client or server error responses.","method":"GET","evidence":"","pluginId":"10021","cweid":"16","confidence":"Medium","wascid":"15","description":"The Anti-MIME-Sniffing header X-Content-Type-Options was not set to 'nosniff'. This allows older versions of Internet Explorer and Chrome to perform MIME-sniffing on the response body, potentially causing the response body to be interpreted and displayed as a content type other than the declared content type. Current (early 2014) and legacy versions of Firefox will use the declared content type (if one is set), rather than performing MIME-sniffing.","messageId":"48","url":"https://todoist.com/static/fonts/Graphik-Semibold-Web.woff","reference":"http://msdn.microsoft.com/en-us/library/ie/gg622941%28v=vs.85%29.aspx\nhttps://owasp.org/www-community/Security_Headers","solution":"Ensure that the application/web server sets the Content-Type header appropriately, and that it sets the X-Content-Type-Options header to 'nosniff' for all web pages.\nIf possible, ensure that the end user uses a standards-compliant and modern web browser that does not perform MIME-sniffing at all, or that can be directed by the web application/web server to not perform MIME-sniffing.","alert":"X-Content-Type-Options Header Missing","param":"X-Content-Type-Options","attack":"","name":"X-Content-Type-Options Header Missing","risk":"Low","id":"240","alertRef":"10021"},{"sourceid":"3","other":"This issue still applies to error type pages (401, 403, 500, etc.) as those pages are often still affected by injection issues, in which case there is still concern for browsers sniffing pages away from their actual content type.\nAt \"High\" threshold this scan rule will not alert on client or server error responses.","method":"GET","evidence":"","pluginId":"10021","cweid":"16","confidence":"Medium","wascid":"15","description":"The Anti-MIME-Sniffing header X-Content-Type-Options was not set to 'nosniff'. This allows older versions of Internet Explorer and Chrome to perform MIME-sniffing on the response body, potentially causing the response body to be interpreted and displayed as a content type other than the declared content type. Current (early 2014) and legacy versions of Firefox will use the declared content type (if one is set), rather than performing MIME-sniffing.","messageId":"51","url":"https://todoist.com/static/fonts/Caecilia-RegularItalic-Web.woff","reference":"http://msdn.microsoft.com/en-us/library/ie/gg622941%28v=vs.85%29.aspx\nhttps://owasp.org/www-community/Security_Headers","solution":"Ensure that the application/web server sets the Content-Type header appropriately, and that it sets the X-Content-Type-Options header to 'nosniff' for all web pages.\nIf possible, ensure that the end user uses a standards-compliant and modern web browser that does not perform MIME-sniffing at all, or that can be directed by the web application/web server to not perform MIME-sniffing.","alert":"X-Content-Type-Options Header Missing","param":"X-Content-Type-Options","attack":"","name":"X-Content-Type-Options Header Missing","risk":"Low","id":"241","alertRef":"10021"},{"sourceid":"3","other":"","method":"GET","evidence":"public, max-age=31536000, immutable","pluginId":"10015","cweid":"525","confidence":"Medium","wascid":"13","description":"The cache-control and pragma HTTP header have not been set properly or are missing allowing the browser and proxies to cache content.","messageId":"55","url":"https://todoist.com/static/locales/es/common.json","reference":"https://cheatsheetseries.owasp.org/cheatsheets/Session_Management_Cheat_Sheet.html#web-content-caching","solution":"Whenever possible ensure the cache-control HTTP header is set with no-cache, no-store, must-revalidate; and that the pragma HTTP header is set with no-cache.","alert":"Incomplete or No Cache-control and Pragma HTTP Header Set","param":"Cache-Control","attack":"","name":"Incomplete or No Cache-control and Pragma HTTP Header Set","risk":"Low","id":"244","alertRef":"10015"},{"sourceid":"3","other":"This issue still applies to error type pages (401, 403, 500, etc.) as those pages are often still affected by injection issues, in which case there is still concern for browsers sniffing pages away from their actual content type.\nAt \"High\" threshold this scan rule will not alert on client or server error responses.","method":"GET","evidence":"","pluginId":"10021","cweid":"16","confidence":"Medium","wascid":"15","description":"The Anti-MIME-Sniffing header X-Content-Type-Options was not set to 'nosniff'. This allows older versions of Internet Explorer and Chrome to perform MIME-sniffing on the response body, potentially causing the response body to be interpreted and displayed as a content type other than the declared content type. Current (early 2014) and legacy versions of Firefox will use the declared content type (if one is set), rather than performing MIME-sniffing.","messageId":"55","url":"https://todoist.com/static/locales/es/common.json","reference":"http://msdn.microsoft.com/en-us/library/ie/gg622941%28v=vs.85%29.aspx\nhttps://owasp.org/www-community/Security_Headers","solution":"Ensure that the application/web server sets the Content-Type header appropriately, and that it sets the X-Content-Type-Options header to 'nosniff' for all web pages.\nIf possible, ensure that the end user uses a standards-compliant and modern web browser that does not perform MIME-sniffing at all, or that can be directed by the web application/web server to not perform MIME-sniffing.","alert":"X-Content-Type-Options Header Missing","param":"X-Content-Type-Options","attack":"","name":"X-Content-Type-Options Header Missing","risk":"Low","id":"245","alertRef":"10021"},{"sourceid":"3","other":"","method":"GET","evidence":"public, max-age=31536000, immutable","pluginId":"10015","cweid":"525","confidence":"Medium","wascid":"13","description":"The cache-control and pragma HTTP header have not been set properly or are missing allowing the browser and proxies to cache content.","messageId":"58","url":"https://todoist.com/static/locales/en/common.json","reference":"https://cheatsheetseries.owasp.org/cheatsheets/Session_Management_Cheat_Sheet.html#web-content-caching","solution":"Whenever possible ensure the cache-control HTTP header is set with no-cache, no-store, must-revalidate; and that the pragma HTTP header is set with no-cache.","alert":"Incomplete or No Cache-control and Pragma HTTP Header Set","param":"Cache-Control","attack":"","name":"Incomplete or No Cache-control and Pragma HTTP Header Set","risk":"Low","id":"246","alertRef":"10015"},{"sourceid":"3","other":"This issue still applies to error type pages (401, 403, 500, etc.) as those pages are often still affected by injection issues, in which case there is still concern for browsers sniffing pages away from their actual content type.\nAt \"High\" threshold this scan rule will not alert on client or server error responses.","method":"GET","evidence":"","pluginId":"10021","cweid":"16","confidence":"Medium","wascid":"15","description":"The Anti-MIME-Sniffing header X-Content-Type-Options was not set to 'nosniff'. This allows older versions of Internet Explorer and Chrome to perform MIME-sniffing on the response body, potentially causing the response body to be interpreted and displayed as a content type other than the declared content type. Current (early 2014) and legacy versions of Firefox will use the declared content type (if one is set), rather than performing MIME-sniffing.","messageId":"58","url":"https://todoist.com/static/locales/en/common.json","reference":"http://msdn.microsoft.com/en-us/library/ie/gg622941%28v=vs.85%29.aspx\nhttps://owasp.org/www-community/Security_Headers","solution":"Ensure that the application/web server sets the Content-Type header appropriately, and that it sets the X-Content-Type-Options header to 'nosniff' for all web pages.\nIf possible, ensure that the end user uses a standards-compliant and modern web browser that does not perform MIME-sniffing at all, or that can be directed by the web application/web server to not perform MIME-sniffing.","alert":"X-Content-Type-Options Header Missing","param":"X-Content-Type-Options","attack":"","name":"X-Content-Type-Options Header Missing","risk":"Low","id":"247","alertRef":"10021"},{"sourceid":"3","other":"","method":"GET","evidence":"","pluginId":"10015","cweid":"525","confidence":"Medium","wascid":"13","description":"The cache-control and pragma HTTP header have not been set properly or are missing allowing the browser and proxies to cache content.","messageId":"132","url":"https://todoist.com/users/showlogin","reference":"https://cheatsheetseries.owasp.org/cheatsheets/Session_Management_Cheat_Sheet.html#web-content-caching","solution":"Whenever possible ensure the cache-control HTTP header is set with no-cache, no-store, must-revalidate; and that the pragma HTTP header is set with no-cache.","alert":"Incomplete or No Cache-control and Pragma HTTP Header Set","param":"Cache-Control","attack":"","name":"Incomplete or No Cache-control and Pragma HTTP Header Set","risk":"Low","id":"314","alertRef":"10015"},{"sourceid":"3","other":"","method":"GET","evidence":"Set-Cookie: csrf","pluginId":"10010","cweid":"16","confidence":"Medium","wascid":"13","description":"A cookie has been set without the HttpOnly flag, which means that the cookie can be accessed by JavaScript. If a malicious script can be run on this page then the cookie will be accessible and can be transmitted to another site. If this is a session cookie then session hijacking may be possible.","messageId":"132","url":"https://todoist.com/users/showlogin","reference":"https://owasp.org/www-community/HttpOnly","solution":"Ensure that the HttpOnly flag is set for all cookies.","alert":"Cookie No HttpOnly Flag","param":"csrf","attack":"","name":"Cookie No HttpOnly Flag","risk":"Low","id":"315","alertRef":"10010"},{"sourceid":"3","other":"","method":"GET","evidence":"Set-Cookie: csrf","pluginId":"10054","cweid":"16","confidence":"Medium","wascid":"13","description":"A cookie has been set with an invalid SameSite attribute value, which means that the cookie can be sent as a result of a 'cross-site' request. The SameSite attribute is an effective counter measure to cross-site request forgery, cross-site script inclusion, and timing attacks.","messageId":"132","url":"https://todoist.com/users/showlogin","reference":"https://tools.ietf.org/html/draft-ietf-httpbis-cookie-same-site","solution":"Ensure that the SameSite attribute is set to either 'lax' or ideally 'strict' for all cookies.","alert":"Cookie Without SameSite Attribute","param":"csrf","attack":"","name":"Cookie Without SameSite Attribute","risk":"Low","id":"316","alertRef":"10054"},{"sourceid":"3","other":"","method":"GET","evidence":"<script type=\"text/javascript\" src=\"https://d3ptyyxy2at9ui.cloudfront.net/es-ab54e0.js\"><\/script>","pluginId":"10017","cweid":"829","confidence":"Medium","wascid":"15","description":"The page includes one or more script files from a third-party domain.","messageId":"132","url":"https://todoist.com/users/showlogin","reference":"","solution":"Ensure JavaScript source files are loaded from only trusted sources, and the sources can't be controlled by end users of the application.","alert":"Cross-Domain JavaScript Source File Inclusion","param":"https://d3ptyyxy2at9ui.cloudfront.net/es-ab54e0.js","attack":"","name":"Cross-Domain JavaScript Source File Inclusion","risk":"Low","id":"317","alertRef":"10017"},{"sourceid":"3","other":"","method":"GET","evidence":"<script type=\"text/javascript\" src=\"https://d3ptyyxy2at9ui.cloudfront.net/Col_ICECollection-8b8f90.js\" ><\/script>","pluginId":"10017","cweid":"829","confidence":"Medium","wascid":"15","description":"The page includes one or more script files from a third-party domain.","messageId":"132","url":"https://todoist.com/users/showlogin","reference":"","solution":"Ensure JavaScript source files are loaded from only trusted sources, and the sources can't be controlled by end users of the application.","alert":"Cross-Domain JavaScript Source File Inclusion","param":"https://d3ptyyxy2at9ui.cloudfront.net/Col_ICECollection-8b8f90.js","attack":"","name":"Cross-Domain JavaScript Source File Inclusion","risk":"Low","id":"318","alertRef":"10017"},{"sourceid":"3","other":"","method":"GET","evidence":"<script type=\"text/javascript\" src=\"https://d3ptyyxy2at9ui.cloudfront.net/GreyBox-b6bb57.js\" ><\/script>","pluginId":"10017","cweid":"829","confidence":"Medium","wascid":"15","description":"The page includes one or more script files from a third-party domain.","messageId":"132","url":"https://todoist.com/users/showlogin","reference":"","solution":"Ensure JavaScript source files are loaded from only trusted sources, and the sources can't be controlled by end users of the application.","alert":"Cross-Domain JavaScript Source File Inclusion","param":"https://d3ptyyxy2at9ui.cloudfront.net/GreyBox-b6bb57.js","attack":"","name":"Cross-Domain JavaScript Source File Inclusion","risk":"Low","id":"319","alertRef":"10017"},{"sourceid":"3","other":"","method":"GET","evidence":"<script type=\"text/javascript\" src=\"https://d3ptyyxy2at9ui.cloudfront.net/Col_StandalonePageCollection-d72ac1.js\" ><\/script>","pluginId":"10017","cweid":"829","confidence":"Medium","wascid":"15","description":"The page includes one or more script files from a third-party domain.","messageId":"132","url":"https://todoist.com/users/showlogin","reference":"","solution":"Ensure JavaScript source files are loaded from only trusted sources, and the sources can't be controlled by end users of the application.","alert":"Cross-Domain JavaScript Source File Inclusion","param":"https://d3ptyyxy2at9ui.cloudfront.net/Col_StandalonePageCollection-d72ac1.js","attack":"","name":"Cross-Domain JavaScript Source File Inclusion","risk":"Low","id":"320","alertRef":"10017"},{"sourceid":"3","other":"","method":"GET","evidence":"<script type=\"text/javascript\" src=\"https://d3ptyyxy2at9ui.cloudfront.net/Col_PluginCollection-f907f0.js\" ><\/script>","pluginId":"10017","cweid":"829","confidence":"Medium","wascid":"15","description":"The page includes one or more script files from a third-party domain.","messageId":"132","url":"https://todoist.com/users/showlogin","reference":"","solution":"Ensure JavaScript source files are loaded from only trusted sources, and the sources can't be controlled by end users of the application.","alert":"Cross-Domain JavaScript Source File Inclusion","param":"https://d3ptyyxy2at9ui.cloudfront.net/Col_PluginCollection-f907f0.js","attack":"","name":"Cross-Domain JavaScript Source File Inclusion","risk":"Low","id":"322","alertRef":"10017"},{"sourceid":"3","other":"","method":"GET","evidence":"<script type=\"text/javascript\" src=\"https://d3ptyyxy2at9ui.cloudfront.net/ist_button-56a55c.js\" ><\/script>","pluginId":"10017","cweid":"829","confidence":"Medium","wascid":"15","description":"The page includes one or more script files from a third-party domain.","messageId":"132","url":"https://todoist.com/users/showlogin","reference":"","solution":"Ensure JavaScript source files are loaded from only trusted sources, and the sources can't be controlled by end users of the application.","alert":"Cross-Domain JavaScript Source File Inclusion","param":"https://d3ptyyxy2at9ui.cloudfront.net/ist_button-56a55c.js","attack":"","name":"Cross-Domain JavaScript Source File Inclusion","risk":"Low","id":"323","alertRef":"10017"},{"sourceid":"3","other":"","method":"GET","evidence":"<script type=\"text/javascript\" src=\"https://d3ptyyxy2at9ui.cloudfront.net/Col_LoginSignupCollection-976c4c.js\" ><\/script>","pluginId":"10017","cweid":"829","confidence":"Medium","wascid":"15","description":"The page includes one or more script files from a third-party domain.","messageId":"132","url":"https://todoist.com/users/showlogin","reference":"","solution":"Ensure JavaScript source files are loaded from only trusted sources, and the sources can't be controlled by end users of the application.","alert":"Cross-Domain JavaScript Source File Inclusion","param":"https://d3ptyyxy2at9ui.cloudfront.net/Col_LoginSignupCollection-976c4c.js","attack":"","name":"Cross-Domain JavaScript Source File Inclusion","risk":"Low","id":"324","alertRef":"10017"},{"sourceid":"3","other":"This issue still applies to error type pages (401, 403, 500, etc.) as those pages are often still affected by injection issues, in which case there is still concern for browsers sniffing pages away from their actual content type.\nAt \"High\" threshold this scan rule will not alert on client or server error responses.","method":"GET","evidence":"","pluginId":"10021","cweid":"16","confidence":"Medium","wascid":"15","description":"The Anti-MIME-Sniffing header X-Content-Type-Options was not set to 'nosniff'. This allows older versions of Internet Explorer and Chrome to perform MIME-sniffing on the response body, potentially causing the response body to be interpreted and displayed as a content type other than the declared content type. Current (early 2014) and legacy versions of Firefox will use the declared content type (if one is set), rather than performing MIME-sniffing.","messageId":"132","url":"https://todoist.com/users/showlogin","reference":"http://msdn.microsoft.com/en-us/library/ie/gg622941%28v=vs.85%29.aspx\nhttps://owasp.org/www-community/Security_Headers","solution":"Ensure that the application/web server sets the Content-Type header appropriately, and that it sets the X-Content-Type-Options header to 'nosniff' for all web pages.\nIf possible, ensure that the end user uses a standards-compliant and modern web browser that does not perform MIME-sniffing at all, or that can be directed by the web application/web server to not perform MIME-sniffing.","alert":"X-Content-Type-Options Header Missing","param":"X-Content-Type-Options","attack":"","name":"X-Content-Type-Options Header Missing","risk":"Low","id":"325","alertRef":"10021"},{"sourceid":"3","other":"","method":"GET","evidence":"","pluginId":"10020","cweid":"16","confidence":"Medium","wascid":"15","description":"X-Frame-Options header is not included in the HTTP response to protect against 'ClickJacking' attacks.","messageId":"132","url":"https://todoist.com/users/showlogin","reference":"https://developer.mozilla.org/en-US/docs/Web/HTTP/Headers/X-Frame-Options","solution":"Most modern Web browsers support the X-Frame-Options HTTP header. Ensure it's set on all web pages returned by your site (if you expect the page to be framed only by pages on your server (e.g. it's part of a FRAMESET) then you'll want to use SAMEORIGIN, otherwise if you never expect the page to be framed, you should use DENY. Alternatively consider implementing Content Security Policy's \"frame-ancestors\" directive. ","alert":"X-Frame-Options Header Not Set","param":"X-Frame-Options","attack":"","name":"X-Frame-Options Header Not Set","risk":"Medium","id":"326","alertRef":"10020"},{"sourceid":"3","other":"","method":"POST","evidence":"Set-Cookie: todoistd","pluginId":"10054","cweid":"16","confidence":"Medium","wascid":"13","description":"A cookie has been set with an invalid SameSite attribute value, which means that the cookie can be sent as a result of a 'cross-site' request. The SameSite attribute is an effective counter measure to cross-site request forgery, cross-site script inclusion, and timing attacks.","messageId":"156","url":"https://todoist.com/Users/login","reference":"https://tools.ietf.org/html/draft-ietf-httpbis-cookie-same-site","solution":"Ensure that the SameSite attribute is set to either 'lax' or ideally 'strict' for all cookies.","alert":"Cookie Without SameSite Attribute","param":"todoistd","attack":"","name":"Cookie Without SameSite Attribute","risk":"Low","id":"371","alertRef":"10054"},{"sourceid":"3","other":"31536000, which evaluates to: 1970-12-31 19:00:00","method":"POST","evidence":"31536000","pluginId":"10096","cweid":"200","confidence":"Low","wascid":"13","description":"A timestamp was disclosed by the application/web server - Unix","messageId":"156","url":"https://todoist.com/Users/login","reference":"http://projects.webappsec.org/w/page/13246936/Information%20Leakage","solution":"Manually confirm that the timestamp data is not sensitive, and that the data cannot be aggregated to disclose exploitable patterns.","alert":"Timestamp Disclosure - Unix","param":"","attack":"","name":"Timestamp Disclosure - Unix","risk":"Informational","id":"372","alertRef":"10096"},{"sourceid":"3","other":"The response contained multiple CSP headers, one or more of them contained a report-uri directive and therefore they could not be merged. The first identified header/policy was analyzed.","method":"GET","evidence":"default-src 'self' wss://*.todoist.com https://www.google-analytics.com https://o476415.ingest.sentry.io https://d3ptyyxy2at9ui.cloudfront.net https://dcff1xvirvpfp.cloudfront.net https://d266vjxpnndrqi.cloudfront.net https://x-api.rollout.io https://statestore.rollout.io https://conf.rollout.io https://push.rollout.io https://analytic.rollout.io https://browser.sentry-cdn.com https://www.dropbox.com/static/api/2/dropins.js https://apis.google.com https://*.todoist.com https://todoist.com https://maps.googleapis.com https://fonts.gstatic.com; style-src 'self' wss://*.todoist.com https://www.google-analytics.com https://o476415.ingest.sentry.io https://d3ptyyxy2at9ui.cloudfront.net https://dcff1xvirvpfp.cloudfront.net https://d266vjxpnndrqi.cloudfront.net https://x-api.rollout.io https://statestore.rollout.io https://conf.rollout.io https://push.rollout.io https://analytic.rollout.io https://browser.sentry-cdn.com https://www.dropbox.com/static/api/2/dropins.js https://apis.google.com https://*.todoist.com https://todoist.com https://maps.googleapis.com https://fonts.gstatic.com 'unsafe-inline' https://fonts.googleapis.com; img-src 'self' data:  https://d3ptyyxy2at9ui.cloudfront.net https://dcff1xvirvpfp.cloudfront.net https://d266vjxpnndrqi.cloudfront.net https://d1x0mwiac2rqwt.cloudfront.net https://avatars.doist.com https://image-resize.todoist.com https://maps.gstatic.com https://*.googleapis.com https://*.ggpht https://twemoji.maxcdn.com https://www.google-analytics.com; media-src 'self' https://d1ysz50cxb9zwl.cloudfront.net https://d3ptyyxy2at9ui.cloudfront.net https://files.todoist.com; frame-src 'self' https://www.dropbox.com https://accounts.google.com https://docs.google.com; report-uri /csp_report","pluginId":"10055","cweid":"16","confidence":"Medium","wascid":"15","description":"Info Items:\n1:1715: A draft of the next version of CSP deprecates report-uri in favour of a new report-to directive.\n","messageId":"158","url":"https://todoist.com/app/","reference":"http://www.w3.org/TR/CSP2/\nhttp://www.w3.org/TR/CSP/\nhttp://caniuse.com/#search=content+security+policy\nhttp://content-security-policy.com/\nhttps://github.com/shapesecurity/salvation\nhttps://developers.google.com/web/fundamentals/security/csp#policy_applies_to_a_wide_variety_of_resources","solution":"Ensure that your web server, application server, load balancer, etc. is properly configured to set the Content-Security-Policy header.","alert":"CSP: Notices","param":"Content-Security-Policy","attack":"","name":"CSP: Notices","risk":"Informational","id":"373","alertRef":"10055"},{"sourceid":"3","other":"The response contained multiple CSP headers, one or more of them contained a report-uri directive and therefore they could not be merged. The first identified header/policy was analyzed.","method":"GET","evidence":"default-src 'self' wss://*.todoist.com https://www.google-analytics.com https://o476415.ingest.sentry.io https://d3ptyyxy2at9ui.cloudfront.net https://dcff1xvirvpfp.cloudfront.net https://d266vjxpnndrqi.cloudfront.net https://x-api.rollout.io https://statestore.rollout.io https://conf.rollout.io https://push.rollout.io https://analytic.rollout.io https://browser.sentry-cdn.com https://www.dropbox.com/static/api/2/dropins.js https://apis.google.com https://*.todoist.com https://todoist.com https://maps.googleapis.com https://fonts.gstatic.com; style-src 'self' wss://*.todoist.com https://www.google-analytics.com https://o476415.ingest.sentry.io https://d3ptyyxy2at9ui.cloudfront.net https://dcff1xvirvpfp.cloudfront.net https://d266vjxpnndrqi.cloudfront.net https://x-api.rollout.io https://statestore.rollout.io https://conf.rollout.io https://push.rollout.io https://analytic.rollout.io https://browser.sentry-cdn.com https://www.dropbox.com/static/api/2/dropins.js https://apis.google.com https://*.todoist.com https://todoist.com https://maps.googleapis.com https://fonts.gstatic.com 'unsafe-inline' https://fonts.googleapis.com; img-src 'self' data:  https://d3ptyyxy2at9ui.cloudfront.net https://dcff1xvirvpfp.cloudfront.net https://d266vjxpnndrqi.cloudfront.net https://d1x0mwiac2rqwt.cloudfront.net https://avatars.doist.com https://image-resize.todoist.com https://maps.gstatic.com https://*.googleapis.com https://*.ggpht https://twemoji.maxcdn.com https://www.google-analytics.com; media-src 'self' https://d1ysz50cxb9zwl.cloudfront.net https://d3ptyyxy2at9ui.cloudfront.net https://files.todoist.com; frame-src 'self' https://www.dropbox.com https://accounts.google.com https://docs.google.com; report-uri /csp_report","pluginId":"10055","cweid":"16","confidence":"Medium","wascid":"15","description":"The following directives either allow wildcard sources (or ancestors), are not defined, or are overly broadly defined: \nframe-ancestors, form-action\n\nThe directive(s): frame-ancestors, form-action are among the directives that do not fallback to default-src, missing/excluding them is the same as allowing anything.","messageId":"158","url":"https://todoist.com/app/","reference":"http://www.w3.org/TR/CSP2/\nhttp://www.w3.org/TR/CSP/\nhttp://caniuse.com/#search=content+security+policy\nhttp://content-security-policy.com/\nhttps://github.com/shapesecurity/salvation\nhttps://developers.google.com/web/fundamentals/security/csp#policy_applies_to_a_wide_variety_of_resources","solution":"Ensure that your web server, application server, load balancer, etc. is properly configured to set the Content-Security-Policy header.","alert":"CSP: Wildcard Directive","param":"Content-Security-Policy","attack":"","name":"CSP: Wildcard Directive","risk":"Medium","id":"374","alertRef":"10055"},{"sourceid":"3","other":"The response contained multiple CSP headers, one or more of them contained a report-uri directive and therefore they could not be merged. The first identified header/policy was analyzed.","method":"GET","evidence":"default-src 'self' wss://*.todoist.com https://www.google-analytics.com https://o476415.ingest.sentry.io https://d3ptyyxy2at9ui.cloudfront.net https://dcff1xvirvpfp.cloudfront.net https://d266vjxpnndrqi.cloudfront.net https://x-api.rollout.io https://statestore.rollout.io https://conf.rollout.io https://push.rollout.io https://analytic.rollout.io https://browser.sentry-cdn.com https://www.dropbox.com/static/api/2/dropins.js https://apis.google.com https://*.todoist.com https://todoist.com https://maps.googleapis.com https://fonts.gstatic.com; style-src 'self' wss://*.todoist.com https://www.google-analytics.com https://o476415.ingest.sentry.io https://d3ptyyxy2at9ui.cloudfront.net https://dcff1xvirvpfp.cloudfront.net https://d266vjxpnndrqi.cloudfront.net https://x-api.rollout.io https://statestore.rollout.io https://conf.rollout.io https://push.rollout.io https://analytic.rollout.io https://browser.sentry-cdn.com https://www.dropbox.com/static/api/2/dropins.js https://apis.google.com https://*.todoist.com https://todoist.com https://maps.googleapis.com https://fonts.gstatic.com 'unsafe-inline' https://fonts.googleapis.com; img-src 'self' data:  https://d3ptyyxy2at9ui.cloudfront.net https://dcff1xvirvpfp.cloudfront.net https://d266vjxpnndrqi.cloudfront.net https://d1x0mwiac2rqwt.cloudfront.net https://avatars.doist.com https://image-resize.todoist.com https://maps.gstatic.com https://*.googleapis.com https://*.ggpht https://twemoji.maxcdn.com https://www.google-analytics.com; media-src 'self' https://d1ysz50cxb9zwl.cloudfront.net https://d3ptyyxy2at9ui.cloudfront.net https://files.todoist.com; frame-src 'self' https://www.dropbox.com https://accounts.google.com https://docs.google.com; report-uri /csp_report","pluginId":"10055","cweid":"16","confidence":"Medium","wascid":"15","description":"style-src includes unsafe-inline.","messageId":"158","url":"https://todoist.com/app/","reference":"http://www.w3.org/TR/CSP2/\nhttp://www.w3.org/TR/CSP/\nhttp://caniuse.com/#search=content+security+policy\nhttp://content-security-policy.com/\nhttps://github.com/shapesecurity/salvation\nhttps://developers.google.com/web/fundamentals/security/csp#policy_applies_to_a_wide_variety_of_resources","solution":"Ensure that your web server, application server, load balancer, etc. is properly configured to set the Content-Security-Policy header.","alert":"CSP: style-src unsafe-inline","param":"Content-Security-Policy","attack":"","name":"CSP: style-src unsafe-inline","risk":"Medium","id":"375","alertRef":"10055"},{"sourceid":"3","other":"","method":"GET","evidence":"<script src=\"https://d3ptyyxy2at9ui.cloudfront.net/assets/initTheme.b1a12b68f418d0aa0577144c7364b8ab.js\"><\/script>","pluginId":"10017","cweid":"829","confidence":"Medium","wascid":"15","description":"The page includes one or more script files from a third-party domain.","messageId":"158","url":"https://todoist.com/app/","reference":"","solution":"Ensure JavaScript source files are loaded from only trusted sources, and the sources can't be controlled by end users of the application.","alert":"Cross-Domain JavaScript Source File Inclusion","param":"https://d3ptyyxy2at9ui.cloudfront.net/assets/initTheme.b1a12b68f418d0aa0577144c7364b8ab.js","attack":"","name":"Cross-Domain JavaScript Source File Inclusion","risk":"Low","id":"376","alertRef":"10017"},{"sourceid":"3","other":"","method":"GET","evidence":"<script async src=\"https://www.google-analytics.com/analytics.js\"><\/script>","pluginId":"10017","cweid":"829","confidence":"Medium","wascid":"15","description":"The page includes one or more script files from a third-party domain.","messageId":"158","url":"https://todoist.com/app/","reference":"","solution":"Ensure JavaScript source files are loaded from only trusted sources, and the sources can't be controlled by end users of the application.","alert":"Cross-Domain JavaScript Source File Inclusion","param":"https://www.google-analytics.com/analytics.js","attack":"","name":"Cross-Domain JavaScript Source File Inclusion","risk":"Low","id":"377","alertRef":"10017"},{"sourceid":"3","other":"","method":"GET","evidence":"<script src=\"https://d3ptyyxy2at9ui.cloudfront.net/assets/vendor.c9e825411fdc24f1ec7a.js\"><\/script>","pluginId":"10017","cweid":"829","confidence":"Medium","wascid":"15","description":"The page includes one or more script files from a third-party domain.","messageId":"158","url":"https://todoist.com/app/","reference":"","solution":"Ensure JavaScript source files are loaded from only trusted sources, and the sources can't be controlled by end users of the application.","alert":"Cross-Domain JavaScript Source File Inclusion","param":"https://d3ptyyxy2at9ui.cloudfront.net/assets/vendor.c9e825411fdc24f1ec7a.js","attack":"","name":"Cross-Domain JavaScript Source File Inclusion","risk":"Low","id":"378","alertRef":"10017"},{"sourceid":"3","other":"","method":"GET","evidence":"<script src=\"https://d3ptyyxy2at9ui.cloudfront.net/assets/app.1cf113e26f9d2c0630ec.js\"><\/script>","pluginId":"10017","cweid":"829","confidence":"Medium","wascid":"15","description":"The page includes one or more script files from a third-party domain.","messageId":"158","url":"https://todoist.com/app/","reference":"","solution":"Ensure JavaScript source files are loaded from only trusted sources, and the sources can't be controlled by end users of the application.","alert":"Cross-Domain JavaScript Source File Inclusion","param":"https://d3ptyyxy2at9ui.cloudfront.net/assets/app.1cf113e26f9d2c0630ec.js","attack":"","name":"Cross-Domain JavaScript Source File Inclusion","risk":"Low","id":"379","alertRef":"10017"},{"sourceid":"3","other":"572688855, which evaluates to: 1988-02-24 03:14:15","method":"GET","evidence":"572688855","pluginId":"10096","cweid":"200","confidence":"Low","wascid":"13","description":"A timestamp was disclosed by the application/web server - Unix","messageId":"158","url":"https://todoist.com/app/","reference":"http://projects.webappsec.org/w/page/13246936/Information%20Leakage","solution":"Manually confirm that the timestamp data is not sensitive, and that the data cannot be aggregated to disclose exploitable patterns.","alert":"Timestamp Disclosure - Unix","param":"","attack":"","name":"Timestamp Disclosure - Unix","risk":"Informational","id":"380","alertRef":"10096"},{"sourceid":"3","other":"This issue still applies to error type pages (401, 403, 500, etc.) as those pages are often still affected by injection issues, in which case there is still concern for browsers sniffing pages away from their actual content type.\nAt \"High\" threshold this scan rule will not alert on client or server error responses.","method":"GET","evidence":"","pluginId":"10021","cweid":"16","confidence":"Medium","wascid":"15","description":"The Anti-MIME-Sniffing header X-Content-Type-Options was not set to 'nosniff'. This allows older versions of Internet Explorer and Chrome to perform MIME-sniffing on the response body, potentially causing the response body to be interpreted and displayed as a content type other than the declared content type. Current (early 2014) and legacy versions of Firefox will use the declared content type (if one is set), rather than performing MIME-sniffing.","messageId":"158","url":"https://todoist.com/app/","reference":"http://msdn.microsoft.com/en-us/library/ie/gg622941%28v=vs.85%29.aspx\nhttps://owasp.org/www-community/Security_Headers","solution":"Ensure that the application/web server sets the Content-Type header appropriately, and that it sets the X-Content-Type-Options header to 'nosniff' for all web pages.\nIf possible, ensure that the end user uses a standards-compliant and modern web browser that does not perform MIME-sniffing at all, or that can be directed by the web application/web server to not perform MIME-sniffing.","alert":"X-Content-Type-Options Header Missing","param":"X-Content-Type-Options","attack":"","name":"X-Content-Type-Options Header Missing","risk":"Low","id":"381","alertRef":"10021"},{"sourceid":"3","other":"","method":"GET","evidence":"","pluginId":"10020","cweid":"16","confidence":"Medium","wascid":"15","description":"X-Frame-Options header is not included in the HTTP response to protect against 'ClickJacking' attacks.","messageId":"158","url":"https://todoist.com/app/","reference":"https://developer.mozilla.org/en-US/docs/Web/HTTP/Headers/X-Frame-Options","solution":"Most modern Web browsers support the X-Frame-Options HTTP header. Ensure it's set on all web pages returned by your site (if you expect the page to be framed only by pages on your server (e.g. it's part of a FRAMESET) then you'll want to use SAMEORIGIN, otherwise if you never expect the page to be framed, you should use DENY. Alternatively consider implementing Content Security Policy's \"frame-ancestors\" directive. ","alert":"X-Frame-Options Header Not Set","param":"X-Frame-Options","attack":"","name":"X-Frame-Options Header Not Set","risk":"Medium","id":"382","alertRef":"10020"},{"sourceid":"3","other":"","method":"POST","evidence":"no-cache","pluginId":"10015","cweid":"525","confidence":"Medium","wascid":"13","description":"The cache-control and pragma HTTP header have not been set properly or are missing allowing the browser and proxies to cache content.","messageId":"166","url":"https://todoist.com/API/v8.7/sync","reference":"https://cheatsheetseries.owasp.org/cheatsheets/Session_Management_Cheat_Sheet.html#web-content-caching","solution":"Whenever possible ensure the cache-control HTTP header is set with no-cache, no-store, must-revalidate; and that the pragma HTTP header is set with no-cache.","alert":"Incomplete or No Cache-control and Pragma HTTP Header Set","param":"Cache-Control","attack":"","name":"Incomplete or No Cache-control and Pragma HTTP Header Set","risk":"Low","id":"656","alertRef":"10015"},{"sourceid":"3","other":"1344642991, which evaluates to: 2012-08-10 18:56:31","method":"POST","evidence":"1344642991","pluginId":"10096","cweid":"200","confidence":"Low","wascid":"13","description":"A timestamp was disclosed by the application/web server - Unix","messageId":"166","url":"https://todoist.com/API/v8.7/sync","reference":"http://projects.webappsec.org/w/page/13246936/Information%20Leakage","solution":"Manually confirm that the timestamp data is not sensitive, and that the data cannot be aggregated to disclose exploitable patterns.","alert":"Timestamp Disclosure - Unix","param":"","attack":"","name":"Timestamp Disclosure - Unix","risk":"Informational","id":"657","alertRef":"10096"},{"sourceid":"3","other":"33304136, which evaluates to: 1971-01-21 06:08:56","method":"POST","evidence":"33304136","pluginId":"10096","cweid":"200","confidence":"Low","wascid":"13","description":"A timestamp was disclosed by the application/web server - Unix","messageId":"166","url":"https://todoist.com/API/v8.7/sync","reference":"http://projects.webappsec.org/w/page/13246936/Information%20Leakage","solution":"Manually confirm that the timestamp data is not sensitive, and that the data cannot be aggregated to disclose exploitable patterns.","alert":"Timestamp Disclosure - Unix","param":"","attack":"","name":"Timestamp Disclosure - Unix","risk":"Informational","id":"658","alertRef":"10096"},{"sourceid":"3","other":"43476449, which evaluates to: 1971-05-18 23:47:29","method":"POST","evidence":"43476449","pluginId":"10096","cweid":"200","confidence":"Low","wascid":"13","description":"A timestamp was disclosed by the application/web server - Unix","messageId":"166","url":"https://todoist.com/API/v8.7/sync","reference":"http://projects.webappsec.org/w/page/13246936/Information%20Leakage","solution":"Manually confirm that the timestamp data is not sensitive, and that the data cannot be aggregated to disclose exploitable patterns.","alert":"Timestamp Disclosure - Unix","param":"","attack":"","name":"Timestamp Disclosure - Unix","risk":"Informational","id":"659","alertRef":"10096"},{"sourceid":"3","other":"43476450, which evaluates to: 1971-05-18 23:47:30","method":"POST","evidence":"43476450","pluginId":"10096","cweid":"200","confidence":"Low","wascid":"13","description":"A timestamp was disclosed by the application/web server - Unix","messageId":"166","url":"https://todoist.com/API/v8.7/sync","reference":"http://projects.webappsec.org/w/page/13246936/Information%20Leakage","solution":"Manually confirm that the timestamp data is not sensitive, and that the data cannot be aggregated to disclose exploitable patterns.","alert":"Timestamp Disclosure - Unix","param":"","attack":"","name":"Timestamp Disclosure - Unix","risk":"Informational","id":"674","alertRef":"10096"},{"sourceid":"3","other":"43476451, which evaluates to: 1971-05-18 23:47:31","method":"POST","evidence":"43476451","pluginId":"10096","cweid":"200","confidence":"Low","wascid":"13","description":"A timestamp was disclosed by the application/web server - Unix","messageId":"166","url":"https://todoist.com/API/v8.7/sync","reference":"http://projects.webappsec.org/w/page/13246936/Information%20Leakage","solution":"Manually confirm that the timestamp data is not sensitive, and that the data cannot be aggregated to disclose exploitable patterns.","alert":"Timestamp Disclosure - Unix","param":"","attack":"","name":"Timestamp Disclosure - Unix","risk":"Informational","id":"680","alertRef":"10096"},{"sourceid":"3","other":"43476452, which evaluates to: 1971-05-18 23:47:32","method":"POST","evidence":"43476452","pluginId":"10096","cweid":"200","confidence":"Low","wascid":"13","description":"A timestamp was disclosed by the application/web server - Unix","messageId":"166","url":"https://todoist.com/API/v8.7/sync","reference":"http://projects.webappsec.org/w/page/13246936/Information%20Leakage","solution":"Manually confirm that the timestamp data is not sensitive, and that the data cannot be aggregated to disclose exploitable patterns.","alert":"Timestamp Disclosure - Unix","param":"","attack":"","name":"Timestamp Disclosure - Unix","risk":"Informational","id":"686","alertRef":"10096"},{"sourceid":"3","other":"205325931, which evaluates to: 1976-07-04 05:58:51","method":"POST","evidence":"205325931","pluginId":"10096","cweid":"200","confidence":"Low","wascid":"13","description":"A timestamp was disclosed by the application/web server - Unix","messageId":"166","url":"https://todoist.com/API/v8.7/sync","reference":"http://projects.webappsec.org/w/page/13246936/Information%20Leakage","solution":"Manually confirm that the timestamp data is not sensitive, and that the data cannot be aggregated to disclose exploitable patterns.","alert":"Timestamp Disclosure - Unix","param":"","attack":"","name":"Timestamp Disclosure - Unix","risk":"Informational","id":"697","alertRef":"10096"},{"sourceid":"3","other":"This issue still applies to error type pages (401, 403, 500, etc.) as those pages are often still affected by injection issues, in which case there is still concern for browsers sniffing pages away from their actual content type.\nAt \"High\" threshold this scan rule will not alert on client or server error responses.","method":"POST","evidence":"","pluginId":"10021","cweid":"16","confidence":"Medium","wascid":"15","description":"The Anti-MIME-Sniffing header X-Content-Type-Options was not set to 'nosniff'. This allows older versions of Internet Explorer and Chrome to perform MIME-sniffing on the response body, potentially causing the response body to be interpreted and displayed as a content type other than the declared content type. Current (early 2014) and legacy versions of Firefox will use the declared content type (if one is set), rather than performing MIME-sniffing.","messageId":"166","url":"https://todoist.com/API/v8.7/sync","reference":"http://msdn.microsoft.com/en-us/library/ie/gg622941%28v=vs.85%29.aspx\nhttps://owasp.org/www-community/Security_Headers","solution":"Ensure that the application/web server sets the Content-Type header appropriately, and that it sets the X-Content-Type-Options header to 'nosniff' for all web pages.\nIf possible, ensure that the end user uses a standards-compliant and modern web browser that does not perform MIME-sniffing at all, or that can be directed by the web application/web server to not perform MIME-sniffing.","alert":"X-Content-Type-Options Header Missing","param":"X-Content-Type-Options","attack":"","name":"X-Content-Type-Options Header Missing","risk":"Low","id":"708","alertRef":"10021"}]}
Request URL: http://localhost:8080/JSON/ascan/view/status/?scanId=0
Request BODY: null
Response CODE: 200
Response BODY: {"status":"0"}
* Percentage Status: 0%
Request URL: http://localhost:8080/JSON/alert/view/alerts/?baseurl=https://todoist.com/
Request BODY: null
Response CODE: 200
Response BODY: {"alerts":[{"sourceid":"3","other":"","method":"GET","evidence":"Set-Cookie: AWSALB","pluginId":"10010","cweid":"16","confidence":"Medium","wascid":"13","description":"A cookie has been set without the HttpOnly flag, which means that the cookie can be accessed by JavaScript. If a malicious script can be run on this page then the cookie will be accessible and can be transmitted to another site. If this is a session cookie then session hijacking may be possible.","messageId":"3","url":"https://todoist.com/","reference":"https://owasp.org/www-community/HttpOnly","solution":"Ensure that the HttpOnly flag is set for all cookies.","alert":"Cookie No HttpOnly Flag","param":"AWSALB","attack":"","name":"Cookie No HttpOnly Flag","risk":"Low","id":"0","alertRef":"10010"},{"sourceid":"3","other":"","method":"GET","evidence":"Set-Cookie: AWSALBCORS","pluginId":"10010","cweid":"16","confidence":"Medium","wascid":"13","description":"A cookie has been set without the HttpOnly flag, which means that the cookie can be accessed by JavaScript. If a malicious script can be run on this page then the cookie will be accessible and can be transmitted to another site. If this is a session cookie then session hijacking may be possible.","messageId":"3","url":"https://todoist.com/","reference":"https://owasp.org/www-community/HttpOnly","solution":"Ensure that the HttpOnly flag is set for all cookies.","alert":"Cookie No HttpOnly Flag","param":"AWSALBCORS","attack":"","name":"Cookie No HttpOnly Flag","risk":"Low","id":"1","alertRef":"10010"},{"sourceid":"3","other":"","method":"GET","evidence":"Set-Cookie: _csrf","pluginId":"10010","cweid":"16","confidence":"Medium","wascid":"13","description":"A cookie has been set without the HttpOnly flag, which means that the cookie can be accessed by JavaScript. If a malicious script can be run on this page then the cookie will be accessible and can be transmitted to another site. If this is a session cookie then session hijacking may be possible.","messageId":"3","url":"https://todoist.com/","reference":"https://owasp.org/www-community/HttpOnly","solution":"Ensure that the HttpOnly flag is set for all cookies.","alert":"Cookie No HttpOnly Flag","param":"_csrf","attack":"","name":"Cookie No HttpOnly Flag","risk":"Low","id":"2","alertRef":"10010"},{"sourceid":"3","other":"","method":"GET","evidence":"Set-Cookie: next-i18next","pluginId":"10010","cweid":"16","confidence":"Medium","wascid":"13","description":"A cookie has been set without the HttpOnly flag, which means that the cookie can be accessed by JavaScript. If a malicious script can be run on this page then the cookie will be accessible and can be transmitted to another site. If this is a session cookie then session hijacking may be possible.","messageId":"3","url":"https://todoist.com/","reference":"https://owasp.org/www-community/HttpOnly","solution":"Ensure that the HttpOnly flag is set for all cookies.","alert":"Cookie No HttpOnly Flag","param":"next-i18next","attack":"","name":"Cookie No HttpOnly Flag","risk":"Low","id":"3","alertRef":"10010"},{"sourceid":"3","other":"","method":"GET","evidence":"Set-Cookie: AWSALB","pluginId":"10054","cweid":"16","confidence":"Medium","wascid":"13","description":"A cookie has been set without the SameSite attribute, which means that the cookie can be sent as a result of a 'cross-site' request. The SameSite attribute is an effective counter measure to cross-site request forgery, cross-site script inclusion, and timing attacks.","messageId":"3","url":"https://todoist.com/","reference":"https://tools.ietf.org/html/draft-ietf-httpbis-cookie-same-site","solution":"Ensure that the SameSite attribute is set to either 'lax' or ideally 'strict' for all cookies.","alert":"Cookie Without SameSite Attribute","param":"AWSALB","attack":"","name":"Cookie Without SameSite Attribute","risk":"Low","id":"4","alertRef":"10054"},{"sourceid":"3","other":"","method":"GET","evidence":"Set-Cookie: AWSALBCORS","pluginId":"10054","cweid":"16","confidence":"Medium","wascid":"13","description":"A cookie has been set with an invalid SameSite attribute value, which means that the cookie can be sent as a result of a 'cross-site' request. The SameSite attribute is an effective counter measure to cross-site request forgery, cross-site script inclusion, and timing attacks.","messageId":"3","url":"https://todoist.com/","reference":"https://tools.ietf.org/html/draft-ietf-httpbis-cookie-same-site","solution":"Ensure that the SameSite attribute is set to either 'lax' or ideally 'strict' for all cookies.","alert":"Cookie Without SameSite Attribute","param":"AWSALBCORS","attack":"","name":"Cookie Without SameSite Attribute","risk":"Low","id":"5","alertRef":"10054"},{"sourceid":"3","other":"","method":"GET","evidence":"Set-Cookie: _csrf","pluginId":"10054","cweid":"16","confidence":"Medium","wascid":"13","description":"A cookie has been set without the SameSite attribute, which means that the cookie can be sent as a result of a 'cross-site' request. The SameSite attribute is an effective counter measure to cross-site request forgery, cross-site script inclusion, and timing attacks.","messageId":"3","url":"https://todoist.com/","reference":"https://tools.ietf.org/html/draft-ietf-httpbis-cookie-same-site","solution":"Ensure that the SameSite attribute is set to either 'lax' or ideally 'strict' for all cookies.","alert":"Cookie Without SameSite Attribute","param":"_csrf","attack":"","name":"Cookie Without SameSite Attribute","risk":"Low","id":"6","alertRef":"10054"},{"sourceid":"3","other":"","method":"GET","evidence":"Set-Cookie: AWSALB","pluginId":"10011","cweid":"614","confidence":"Medium","wascid":"13","description":"A cookie has been set without the secure flag, which means that the cookie can be accessed via unencrypted connections.","messageId":"3","url":"https://todoist.com/","reference":"https://owasp.org/www-project-web-security-testing-guide/v41/4-Web_Application_Security_Testing/06-Session_Management_Testing/02-Testing_for_Cookies_Attributes.html","solution":"Whenever a cookie contains sensitive information or is a session token, then it should always be passed using an encrypted channel. Ensure that the secure flag is set for cookies containing such sensitive information.","alert":"Cookie Without Secure Flag","param":"AWSALB","attack":"","name":"Cookie Without Secure Flag","risk":"Low","id":"7","alertRef":"10011"},{"sourceid":"3","other":"","method":"GET","evidence":"Set-Cookie: _csrf","pluginId":"10011","cweid":"614","confidence":"Medium","wascid":"13","description":"A cookie has been set without the secure flag, which means that the cookie can be accessed via unencrypted connections.","messageId":"3","url":"https://todoist.com/","reference":"https://owasp.org/www-project-web-security-testing-guide/v41/4-Web_Application_Security_Testing/06-Session_Management_Testing/02-Testing_for_Cookies_Attributes.html","solution":"Whenever a cookie contains sensitive information or is a session token, then it should always be passed using an encrypted channel. Ensure that the secure flag is set for cookies containing such sensitive information.","alert":"Cookie Without Secure Flag","param":"_csrf","attack":"","name":"Cookie Without Secure Flag","risk":"Low","id":"8","alertRef":"10011"},{"sourceid":"3","other":"","method":"GET","evidence":"Set-Cookie: next-i18next","pluginId":"10011","cweid":"614","confidence":"Medium","wascid":"13","description":"A cookie has been set without the secure flag, which means that the cookie can be accessed via unencrypted connections.","messageId":"3","url":"https://todoist.com/","reference":"https://owasp.org/www-project-web-security-testing-guide/v41/4-Web_Application_Security_Testing/06-Session_Management_Testing/02-Testing_for_Cookies_Attributes.html","solution":"Whenever a cookie contains sensitive information or is a session token, then it should always be passed using an encrypted channel. Ensure that the secure flag is set for cookies containing such sensitive information.","alert":"Cookie Without Secure Flag","param":"next-i18next","attack":"","name":"Cookie Without Secure Flag","risk":"Low","id":"9","alertRef":"10011"},{"sourceid":"3","other":"","method":"GET","evidence":"","pluginId":"10015","cweid":"525","confidence":"Medium","wascid":"13","description":"The cache-control and pragma HTTP header have not been set properly or are missing allowing the browser and proxies to cache content.","messageId":"5","url":"https://todoist.com/es","reference":"https://cheatsheetseries.owasp.org/cheatsheets/Session_Management_Cheat_Sheet.html#web-content-caching","solution":"Whenever possible ensure the cache-control HTTP header is set with no-cache, no-store, must-revalidate; and that the pragma HTTP header is set with no-cache.","alert":"Incomplete or No Cache-control and Pragma HTTP Header Set","param":"Cache-Control","attack":"","name":"Incomplete or No Cache-control and Pragma HTTP Header Set","risk":"Low","id":"10","alertRef":"10015"},{"sourceid":"3","other":"","method":"GET","evidence":"Set-Cookie: AWSALB","pluginId":"10010","cweid":"16","confidence":"Medium","wascid":"13","description":"A cookie has been set without the HttpOnly flag, which means that the cookie can be accessed by JavaScript. If a malicious script can be run on this page then the cookie will be accessible and can be transmitted to another site. If this is a session cookie then session hijacking may be possible.","messageId":"5","url":"https://todoist.com/es","reference":"https://owasp.org/www-community/HttpOnly","solution":"Ensure that the HttpOnly flag is set for all cookies.","alert":"Cookie No HttpOnly Flag","param":"AWSALB","attack":"","name":"Cookie No HttpOnly Flag","risk":"Low","id":"11","alertRef":"10010"},{"sourceid":"3","other":"","method":"GET","evidence":"Set-Cookie: AWSALBCORS","pluginId":"10010","cweid":"16","confidence":"Medium","wascid":"13","description":"A cookie has been set without the HttpOnly flag, which means that the cookie can be accessed by JavaScript. If a malicious script can be run on this page then the cookie will be accessible and can be transmitted to another site. If this is a session cookie then session hijacking may be possible.","messageId":"5","url":"https://todoist.com/es","reference":"https://owasp.org/www-community/HttpOnly","solution":"Ensure that the HttpOnly flag is set for all cookies.","alert":"Cookie No HttpOnly Flag","param":"AWSALBCORS","attack":"","name":"Cookie No HttpOnly Flag","risk":"Low","id":"12","alertRef":"10010"},{"sourceid":"3","other":"","method":"GET","evidence":"Set-Cookie: next-i18next","pluginId":"10010","cweid":"16","confidence":"Medium","wascid":"13","description":"A cookie has been set without the HttpOnly flag, which means that the cookie can be accessed by JavaScript. If a malicious script can be run on this page then the cookie will be accessible and can be transmitted to another site. If this is a session cookie then session hijacking may be possible.","messageId":"5","url":"https://todoist.com/es","reference":"https://owasp.org/www-community/HttpOnly","solution":"Ensure that the HttpOnly flag is set for all cookies.","alert":"Cookie No HttpOnly Flag","param":"next-i18next","attack":"","name":"Cookie No HttpOnly Flag","risk":"Low","id":"13","alertRef":"10010"},{"sourceid":"3","other":"","method":"GET","evidence":"Set-Cookie: AWSALB","pluginId":"10054","cweid":"16","confidence":"Medium","wascid":"13","description":"A cookie has been set without the SameSite attribute, which means that the cookie can be sent as a result of a 'cross-site' request. The SameSite attribute is an effective counter measure to cross-site request forgery, cross-site script inclusion, and timing attacks.","messageId":"5","url":"https://todoist.com/es","reference":"https://tools.ietf.org/html/draft-ietf-httpbis-cookie-same-site","solution":"Ensure that the SameSite attribute is set to either 'lax' or ideally 'strict' for all cookies.","alert":"Cookie Without SameSite Attribute","param":"AWSALB","attack":"","name":"Cookie Without SameSite Attribute","risk":"Low","id":"14","alertRef":"10054"},{"sourceid":"3","other":"","method":"GET","evidence":"Set-Cookie: AWSALBCORS","pluginId":"10054","cweid":"16","confidence":"Medium","wascid":"13","description":"A cookie has been set with an invalid SameSite attribute value, which means that the cookie can be sent as a result of a 'cross-site' request. The SameSite attribute is an effective counter measure to cross-site request forgery, cross-site script inclusion, and timing attacks.","messageId":"5","url":"https://todoist.com/es","reference":"https://tools.ietf.org/html/draft-ietf-httpbis-cookie-same-site","solution":"Ensure that the SameSite attribute is set to either 'lax' or ideally 'strict' for all cookies.","alert":"Cookie Without SameSite Attribute","param":"AWSALBCORS","attack":"","name":"Cookie Without SameSite Attribute","risk":"Low","id":"15","alertRef":"10054"},{"sourceid":"3","other":"","method":"GET","evidence":"Set-Cookie: AWSALB","pluginId":"10011","cweid":"614","confidence":"Medium","wascid":"13","description":"A cookie has been set without the secure flag, which means that the cookie can be accessed via unencrypted connections.","messageId":"5","url":"https://todoist.com/es","reference":"https://owasp.org/www-project-web-security-testing-guide/v41/4-Web_Application_Security_Testing/06-Session_Management_Testing/02-Testing_for_Cookies_Attributes.html","solution":"Whenever a cookie contains sensitive information or is a session token, then it should always be passed using an encrypted channel. Ensure that the secure flag is set for cookies containing such sensitive information.","alert":"Cookie Without Secure Flag","param":"AWSALB","attack":"","name":"Cookie Without Secure Flag","risk":"Low","id":"16","alertRef":"10011"},{"sourceid":"3","other":"","method":"GET","evidence":"Set-Cookie: next-i18next","pluginId":"10011","cweid":"614","confidence":"Medium","wascid":"13","description":"A cookie has been set without the secure flag, which means that the cookie can be accessed via unencrypted connections.","messageId":"5","url":"https://todoist.com/es","reference":"https://owasp.org/www-project-web-security-testing-guide/v41/4-Web_Application_Security_Testing/06-Session_Management_Testing/02-Testing_for_Cookies_Attributes.html","solution":"Whenever a cookie contains sensitive information or is a session token, then it should always be passed using an encrypted channel. Ensure that the secure flag is set for cookies containing such sensitive information.","alert":"Cookie Without Secure Flag","param":"next-i18next","attack":"","name":"Cookie Without Secure Flag","risk":"Low","id":"17","alertRef":"10011"},{"sourceid":"3","other":"","method":"GET","evidence":"<script src=\"https://www.googleoptimize.com/optimize.js?id=OPT-PNP389R\"><\/script>","pluginId":"10017","cweid":"829","confidence":"Medium","wascid":"15","description":"The page includes one or more script files from a third-party domain.","messageId":"5","url":"https://todoist.com/es","reference":"","solution":"Ensure JavaScript source files are loaded from only trusted sources, and the sources can't be controlled by end users of the application.","alert":"Cross-Domain JavaScript Source File Inclusion","param":"https://www.googleoptimize.com/optimize.js?id=OPT-PNP389R","attack":"","name":"Cross-Domain JavaScript Source File Inclusion","risk":"Low","id":"18","alertRef":"10017"},{"sourceid":"3","other":"The following pattern was used: \\bTODO\\b and was detected in the element starting with: \"<script id=\"__NEXT_DATA__\" type=\"application/json\">{\"props\":{\"initialI18nStore\":{\"es\":{\"index\":{\"seoTitle\":\"Todoist: La \\\"to do \", see evidence field for the suspicious comment/snippet.","method":"GET","evidence":"todo","pluginId":"10027","cweid":"200","confidence":"Low","wascid":"13","description":"The response appears to contain suspicious comments which may help an attacker. Note: Matches made within script blocks or files are against the entire content not only comments.","messageId":"5","url":"https://todoist.com/es","reference":"","solution":"Remove all comments that return information that may help an attacker and fix any underlying problems they refer to.","alert":"Information Disclosure - Suspicious Comments","param":"","attack":"","name":"Information Disclosure - Suspicious Comments","risk":"Informational","id":"19","alertRef":"10027"},{"sourceid":"3","other":"This issue still applies to error type pages (401, 403, 500, etc.) as those pages are often still affected by injection issues, in which case there is still concern for browsers sniffing pages away from their actual content type.\nAt \"High\" threshold this scan rule will not alert on client or server error responses.","method":"GET","evidence":"","pluginId":"10021","cweid":"16","confidence":"Medium","wascid":"15","description":"The Anti-MIME-Sniffing header X-Content-Type-Options was not set to 'nosniff'. This allows older versions of Internet Explorer and Chrome to perform MIME-sniffing on the response body, potentially causing the response body to be interpreted and displayed as a content type other than the declared content type. Current (early 2014) and legacy versions of Firefox will use the declared content type (if one is set), rather than performing MIME-sniffing.","messageId":"5","url":"https://todoist.com/es","reference":"http://msdn.microsoft.com/en-us/library/ie/gg622941%28v=vs.85%29.aspx\nhttps://owasp.org/www-community/Security_Headers","solution":"Ensure that the application/web server sets the Content-Type header appropriately, and that it sets the X-Content-Type-Options header to 'nosniff' for all web pages.\nIf possible, ensure that the end user uses a standards-compliant and modern web browser that does not perform MIME-sniffing at all, or that can be directed by the web application/web server to not perform MIME-sniffing.","alert":"X-Content-Type-Options Header Missing","param":"X-Content-Type-Options","attack":"","name":"X-Content-Type-Options Header Missing","risk":"Low","id":"20","alertRef":"10021"},{"sourceid":"3","other":"","method":"GET","evidence":"public, max-age=31536000, immutable","pluginId":"10015","cweid":"525","confidence":"Medium","wascid":"13","description":"The cache-control and pragma HTTP header have not been set properly or are missing allowing the browser and proxies to cache content.","messageId":"6","url":"https://todoist.com/_next/static/css/a5174a254d143c3d3d02321814728bdd71b6ab95_CSS.d9deec97.chunk.css","reference":"https://cheatsheetseries.owasp.org/cheatsheets/Session_Management_Cheat_Sheet.html#web-content-caching","solution":"Whenever possible ensure the cache-control HTTP header is set with no-cache, no-store, must-revalidate; and that the pragma HTTP header is set with no-cache.","alert":"Incomplete or No Cache-control and Pragma HTTP Header Set","param":"Cache-Control","attack":"","name":"Incomplete or No Cache-control and Pragma HTTP Header Set","risk":"Low","id":"21","alertRef":"10015"},{"sourceid":"3","other":"This issue still applies to error type pages (401, 403, 500, etc.) as those pages are often still affected by injection issues, in which case there is still concern for browsers sniffing pages away from their actual content type.\nAt \"High\" threshold this scan rule will not alert on client or server error responses.","method":"GET","evidence":"","pluginId":"10021","cweid":"16","confidence":"Medium","wascid":"15","description":"The Anti-MIME-Sniffing header X-Content-Type-Options was not set to 'nosniff'. This allows older versions of Internet Explorer and Chrome to perform MIME-sniffing on the response body, potentially causing the response body to be interpreted and displayed as a content type other than the declared content type. Current (early 2014) and legacy versions of Firefox will use the declared content type (if one is set), rather than performing MIME-sniffing.","messageId":"6","url":"https://todoist.com/_next/static/css/a5174a254d143c3d3d02321814728bdd71b6ab95_CSS.d9deec97.chunk.css","reference":"http://msdn.microsoft.com/en-us/library/ie/gg622941%28v=vs.85%29.aspx\nhttps://owasp.org/www-community/Security_Headers","solution":"Ensure that the application/web server sets the Content-Type header appropriately, and that it sets the X-Content-Type-Options header to 'nosniff' for all web pages.\nIf possible, ensure that the end user uses a standards-compliant and modern web browser that does not perform MIME-sniffing at all, or that can be directed by the web application/web server to not perform MIME-sniffing.","alert":"X-Content-Type-Options Header Missing","param":"X-Content-Type-Options","attack":"","name":"X-Content-Type-Options Header Missing","risk":"Low","id":"22","alertRef":"10021"},{"sourceid":"3","other":"This issue still applies to error type pages (401, 403, 500, etc.) as those pages are often still affected by injection issues, in which case there is still concern for browsers sniffing pages away from their actual content type.\nAt \"High\" threshold this scan rule will not alert on client or server error responses.","method":"GET","evidence":"","pluginId":"10021","cweid":"16","confidence":"Medium","wascid":"15","description":"The Anti-MIME-Sniffing header X-Content-Type-Options was not set to 'nosniff'. This allows older versions of Internet Explorer and Chrome to perform MIME-sniffing on the response body, potentially causing the response body to be interpreted and displayed as a content type other than the declared content type. Current (early 2014) and legacy versions of Firefox will use the declared content type (if one is set), rather than performing MIME-sniffing.","messageId":"10","url":"https://todoist.com/_next/static/chunks/webpack-3bde8603facc0c807a2b.js","reference":"http://msdn.microsoft.com/en-us/library/ie/gg622941%28v=vs.85%29.aspx\nhttps://owasp.org/www-community/Security_Headers","solution":"Ensure that the application/web server sets the Content-Type header appropriately, and that it sets the X-Content-Type-Options header to 'nosniff' for all web pages.\nIf possible, ensure that the end user uses a standards-compliant and modern web browser that does not perform MIME-sniffing at all, or that can be directed by the web application/web server to not perform MIME-sniffing.","alert":"X-Content-Type-Options Header Missing","param":"X-Content-Type-Options","attack":"","name":"X-Content-Type-Options Header Missing","risk":"Low","id":"23","alertRef":"10021"},{"sourceid":"3","other":"","method":"GET","evidence":"public, max-age=31536000, immutable","pluginId":"10015","cweid":"525","confidence":"Medium","wascid":"13","description":"The cache-control and pragma HTTP header have not been set properly or are missing allowing the browser and proxies to cache content.","messageId":"12","url":"https://todoist.com/_next/static/css/pages/index.e740e94c.chunk.css","reference":"https://cheatsheetseries.owasp.org/cheatsheets/Session_Management_Cheat_Sheet.html#web-content-caching","solution":"Whenever possible ensure the cache-control HTTP header is set with no-cache, no-store, must-revalidate; and that the pragma HTTP header is set with no-cache.","alert":"Incomplete or No Cache-control and Pragma HTTP Header Set","param":"Cache-Control","attack":"","name":"Incomplete or No Cache-control and Pragma HTTP Header Set","risk":"Low","id":"24","alertRef":"10015"},{"sourceid":"3","other":"This issue still applies to error type pages (401, 403, 500, etc.) as those pages are often still affected by injection issues, in which case there is still concern for browsers sniffing pages away from their actual content type.\nAt \"High\" threshold this scan rule will not alert on client or server error responses.","method":"GET","evidence":"","pluginId":"10021","cweid":"16","confidence":"Medium","wascid":"15","description":"The Anti-MIME-Sniffing header X-Content-Type-Options was not set to 'nosniff'. This allows older versions of Internet Explorer and Chrome to perform MIME-sniffing on the response body, potentially causing the response body to be interpreted and displayed as a content type other than the declared content type. Current (early 2014) and legacy versions of Firefox will use the declared content type (if one is set), rather than performing MIME-sniffing.","messageId":"12","url":"https://todoist.com/_next/static/css/pages/index.e740e94c.chunk.css","reference":"http://msdn.microsoft.com/en-us/library/ie/gg622941%28v=vs.85%29.aspx\nhttps://owasp.org/www-community/Security_Headers","solution":"Ensure that the application/web server sets the Content-Type header appropriately, and that it sets the X-Content-Type-Options header to 'nosniff' for all web pages.\nIf possible, ensure that the end user uses a standards-compliant and modern web browser that does not perform MIME-sniffing at all, or that can be directed by the web application/web server to not perform MIME-sniffing.","alert":"X-Content-Type-Options Header Missing","param":"X-Content-Type-Options","attack":"","name":"X-Content-Type-Options Header Missing","risk":"Low","id":"25","alertRef":"10021"},{"sourceid":"3","other":"The following pattern was used: \\bQUERY\\b and was detected in the element starting with: \"_N_E=(window.webpackJsonp_N_E=window.webpackJsonp_N_E||[]).push([[28],{\"0sNQ\":function(e,t){\"trimStart\"in String.prototype||(Str\", see evidence field for the suspicious comment/snippet.","method":"GET","evidence":"query","pluginId":"10027","cweid":"200","confidence":"Low","wascid":"13","description":"The response appears to contain suspicious comments which may help an attacker. Note: Matches made within script blocks or files are against the entire content not only comments.","messageId":"13","url":"https://todoist.com/_next/static/chunks/main-1ca0aabf0fb4e4d9fa88.js","reference":"","solution":"Remove all comments that return information that may help an attacker and fix any underlying problems they refer to.","alert":"Information Disclosure - Suspicious Comments","param":"","attack":"","name":"Information Disclosure - Suspicious Comments","risk":"Informational","id":"26","alertRef":"10027"},{"sourceid":"3","other":"This issue still applies to error type pages (401, 403, 500, etc.) as those pages are often still affected by injection issues, in which case there is still concern for browsers sniffing pages away from their actual content type.\nAt \"High\" threshold this scan rule will not alert on client or server error responses.","method":"GET","evidence":"","pluginId":"10021","cweid":"16","confidence":"Medium","wascid":"15","description":"The Anti-MIME-Sniffing header X-Content-Type-Options was not set to 'nosniff'. This allows older versions of Internet Explorer and Chrome to perform MIME-sniffing on the response body, potentially causing the response body to be interpreted and displayed as a content type other than the declared content type. Current (early 2014) and legacy versions of Firefox will use the declared content type (if one is set), rather than performing MIME-sniffing.","messageId":"13","url":"https://todoist.com/_next/static/chunks/main-1ca0aabf0fb4e4d9fa88.js","reference":"http://msdn.microsoft.com/en-us/library/ie/gg622941%28v=vs.85%29.aspx\nhttps://owasp.org/www-community/Security_Headers","solution":"Ensure that the application/web server sets the Content-Type header appropriately, and that it sets the X-Content-Type-Options header to 'nosniff' for all web pages.\nIf possible, ensure that the end user uses a standards-compliant and modern web browser that does not perform MIME-sniffing at all, or that can be directed by the web application/web server to not perform MIME-sniffing.","alert":"X-Content-Type-Options Header Missing","param":"X-Content-Type-Options","attack":"","name":"X-Content-Type-Options Header Missing","risk":"Low","id":"27","alertRef":"10021"},{"sourceid":"3","other":"The following pattern was used: \\bSELECT\\b and was detected in the element starting with: \"(window.webpackJsonp_N_E=window.webpackJsonp_N_E||[]).push([[2],{\"+wdc\":function(e,t,n){\"use strict\";var r,l,i,a,o;if(\"undefined\", see evidence field for the suspicious comment/snippet.","method":"GET","evidence":"select","pluginId":"10027","cweid":"200","confidence":"Low","wascid":"13","description":"The response appears to contain suspicious comments which may help an attacker. Note: Matches made within script blocks or files are against the entire content not only comments.","messageId":"15","url":"https://todoist.com/_next/static/chunks/framework.dc73b2df61134dea1baf.js","reference":"","solution":"Remove all comments that return information that may help an attacker and fix any underlying problems they refer to.","alert":"Information Disclosure - Suspicious Comments","param":"","attack":"","name":"Information Disclosure - Suspicious Comments","risk":"Informational","id":"28","alertRef":"10027"},{"sourceid":"3","other":"1073741823, which evaluates to: 2004-01-10 08:37:03","method":"GET","evidence":"1073741823","pluginId":"10096","cweid":"200","confidence":"Low","wascid":"13","description":"A timestamp was disclosed by the application/web server - Unix","messageId":"15","url":"https://todoist.com/_next/static/chunks/framework.dc73b2df61134dea1baf.js","reference":"http://projects.webappsec.org/w/page/13246936/Information%20Leakage","solution":"Manually confirm that the timestamp data is not sensitive, and that the data cannot be aggregated to disclose exploitable patterns.","alert":"Timestamp Disclosure - Unix","param":"","attack":"","name":"Timestamp Disclosure - Unix","risk":"Informational","id":"29","alertRef":"10096"},{"sourceid":"3","other":"1073741821, which evaluates to: 2004-01-10 08:37:01","method":"GET","evidence":"1073741821","pluginId":"10096","cweid":"200","confidence":"Low","wascid":"13","description":"A timestamp was disclosed by the application/web server - Unix","messageId":"15","url":"https://todoist.com/_next/static/chunks/framework.dc73b2df61134dea1baf.js","reference":"http://projects.webappsec.org/w/page/13246936/Information%20Leakage","solution":"Manually confirm that the timestamp data is not sensitive, and that the data cannot be aggregated to disclose exploitable patterns.","alert":"Timestamp Disclosure - Unix","param":"","attack":"","name":"Timestamp Disclosure - Unix","risk":"Informational","id":"30","alertRef":"10096"},{"sourceid":"3","other":"1073741822, which evaluates to: 2004-01-10 08:37:02","method":"GET","evidence":"1073741822","pluginId":"10096","cweid":"200","confidence":"Low","wascid":"13","description":"A timestamp was disclosed by the application/web server - Unix","messageId":"15","url":"https://todoist.com/_next/static/chunks/framework.dc73b2df61134dea1baf.js","reference":"http://projects.webappsec.org/w/page/13246936/Information%20Leakage","solution":"Manually confirm that the timestamp data is not sensitive, and that the data cannot be aggregated to disclose exploitable patterns.","alert":"Timestamp Disclosure - Unix","param":"","attack":"","name":"Timestamp Disclosure - Unix","risk":"Informational","id":"42","alertRef":"10096"},{"sourceid":"3","other":"This issue still applies to error type pages (401, 403, 500, etc.) as those pages are often still affected by injection issues, in which case there is still concern for browsers sniffing pages away from their actual content type.\nAt \"High\" threshold this scan rule will not alert on client or server error responses.","method":"GET","evidence":"","pluginId":"10021","cweid":"16","confidence":"Medium","wascid":"15","description":"The Anti-MIME-Sniffing header X-Content-Type-Options was not set to 'nosniff'. This allows older versions of Internet Explorer and Chrome to perform MIME-sniffing on the response body, potentially causing the response body to be interpreted and displayed as a content type other than the declared content type. Current (early 2014) and legacy versions of Firefox will use the declared content type (if one is set), rather than performing MIME-sniffing.","messageId":"15","url":"https://todoist.com/_next/static/chunks/framework.dc73b2df61134dea1baf.js","reference":"http://msdn.microsoft.com/en-us/library/ie/gg622941%28v=vs.85%29.aspx\nhttps://owasp.org/www-community/Security_Headers","solution":"Ensure that the application/web server sets the Content-Type header appropriately, and that it sets the X-Content-Type-Options header to 'nosniff' for all web pages.\nIf possible, ensure that the end user uses a standards-compliant and modern web browser that does not perform MIME-sniffing at all, or that can be directed by the web application/web server to not perform MIME-sniffing.","alert":"X-Content-Type-Options Header Missing","param":"X-Content-Type-Options","attack":"","name":"X-Content-Type-Options Header Missing","risk":"Low","id":"70","alertRef":"10021"},{"sourceid":"3","other":"The following pattern was used: \\bQUERY\\b and was detected in the element starting with: \"(window.webpackJsonp_N_E=window.webpackJsonp_N_E||[]).push([[0],{\"/GRZ\":function(e,t){e.exports=function(e,t){if(!(e instanceof \", see evidence field for the suspicious comment/snippet.","method":"GET","evidence":"query","pluginId":"10027","cweid":"200","confidence":"Low","wascid":"13","description":"The response appears to contain suspicious comments which may help an attacker. Note: Matches made within script blocks or files are against the entire content not only comments.","messageId":"16","url":"https://todoist.com/_next/static/chunks/commons.7f9eaa719ef400edb831.js","reference":"","solution":"Remove all comments that return information that may help an attacker and fix any underlying problems they refer to.","alert":"Information Disclosure - Suspicious Comments","param":"","attack":"","name":"Information Disclosure - Suspicious Comments","risk":"Informational","id":"71","alertRef":"10027"},{"sourceid":"3","other":"This issue still applies to error type pages (401, 403, 500, etc.) as those pages are often still affected by injection issues, in which case there is still concern for browsers sniffing pages away from their actual content type.\nAt \"High\" threshold this scan rule will not alert on client or server error responses.","method":"GET","evidence":"","pluginId":"10021","cweid":"16","confidence":"Medium","wascid":"15","description":"The Anti-MIME-Sniffing header X-Content-Type-Options was not set to 'nosniff'. This allows older versions of Internet Explorer and Chrome to perform MIME-sniffing on the response body, potentially causing the response body to be interpreted and displayed as a content type other than the declared content type. Current (early 2014) and legacy versions of Firefox will use the declared content type (if one is set), rather than performing MIME-sniffing.","messageId":"16","url":"https://todoist.com/_next/static/chunks/commons.7f9eaa719ef400edb831.js","reference":"http://msdn.microsoft.com/en-us/library/ie/gg622941%28v=vs.85%29.aspx\nhttps://owasp.org/www-community/Security_Headers","solution":"Ensure that the application/web server sets the Content-Type header appropriately, and that it sets the X-Content-Type-Options header to 'nosniff' for all web pages.\nIf possible, ensure that the end user uses a standards-compliant and modern web browser that does not perform MIME-sniffing at all, or that can be directed by the web application/web server to not perform MIME-sniffing.","alert":"X-Content-Type-Options Header Missing","param":"X-Content-Type-Options","attack":"","name":"X-Content-Type-Options Header Missing","risk":"Low","id":"72","alertRef":"10021"},{"sourceid":"3","other":"","method":"GET","evidence":"public, max-age=31536000, immutable","pluginId":"10015","cweid":"525","confidence":"Medium","wascid":"13","description":"The cache-control and pragma HTTP header have not been set properly or are missing allowing the browser and proxies to cache content.","messageId":"17","url":"https://todoist.com/_next/static/css/styles.0f6e09ec.chunk.css","reference":"https://cheatsheetseries.owasp.org/cheatsheets/Session_Management_Cheat_Sheet.html#web-content-caching","solution":"Whenever possible ensure the cache-control HTTP header is set with no-cache, no-store, must-revalidate; and that the pragma HTTP header is set with no-cache.","alert":"Incomplete or No Cache-control and Pragma HTTP Header Set","param":"Cache-Control","attack":"","name":"Incomplete or No Cache-control and Pragma HTTP Header Set","risk":"Low","id":"73","alertRef":"10015"},{"sourceid":"3","other":"This issue still applies to error type pages (401, 403, 500, etc.) as those pages are often still affected by injection issues, in which case there is still concern for browsers sniffing pages away from their actual content type.\nAt \"High\" threshold this scan rule will not alert on client or server error responses.","method":"GET","evidence":"","pluginId":"10021","cweid":"16","confidence":"Medium","wascid":"15","description":"The Anti-MIME-Sniffing header X-Content-Type-Options was not set to 'nosniff'. This allows older versions of Internet Explorer and Chrome to perform MIME-sniffing on the response body, potentially causing the response body to be interpreted and displayed as a content type other than the declared content type. Current (early 2014) and legacy versions of Firefox will use the declared content type (if one is set), rather than performing MIME-sniffing.","messageId":"17","url":"https://todoist.com/_next/static/css/styles.0f6e09ec.chunk.css","reference":"http://msdn.microsoft.com/en-us/library/ie/gg622941%28v=vs.85%29.aspx\nhttps://owasp.org/www-community/Security_Headers","solution":"Ensure that the application/web server sets the Content-Type header appropriately, and that it sets the X-Content-Type-Options header to 'nosniff' for all web pages.\nIf possible, ensure that the end user uses a standards-compliant and modern web browser that does not perform MIME-sniffing at all, or that can be directed by the web application/web server to not perform MIME-sniffing.","alert":"X-Content-Type-Options Header Missing","param":"X-Content-Type-Options","attack":"","name":"X-Content-Type-Options Header Missing","risk":"Low","id":"74","alertRef":"10021"},{"sourceid":"3","other":"The following pattern was used: \\bUSER\\b and was detected in the element starting with: \"(window.webpackJsonp_N_E=window.webpackJsonp_N_E||[]).push([[5],{\"2SVd\":function(e,t,n){\"use strict\";e.exports=function(e){retur\", see evidence field for the suspicious comment/snippet.","method":"GET","evidence":"user","pluginId":"10027","cweid":"200","confidence":"Low","wascid":"13","description":"The response appears to contain suspicious comments which may help an attacker. Note: Matches made within script blocks or files are against the entire content not only comments.","messageId":"18","url":"https://todoist.com/_next/static/chunks/98618d58f2d1dd3f4c8f42b4970db65e004fbfe5.6c003068d2db4fbc855f.js","reference":"","solution":"Remove all comments that return information that may help an attacker and fix any underlying problems they refer to.","alert":"Information Disclosure - Suspicious Comments","param":"","attack":"","name":"Information Disclosure - Suspicious Comments","risk":"Informational","id":"75","alertRef":"10027"},{"sourceid":"3","other":"This issue still applies to error type pages (401, 403, 500, etc.) as those pages are often still affected by injection issues, in which case there is still concern for browsers sniffing pages away from their actual content type.\nAt \"High\" threshold this scan rule will not alert on client or server error responses.","method":"GET","evidence":"","pluginId":"10021","cweid":"16","confidence":"Medium","wascid":"15","description":"The Anti-MIME-Sniffing header X-Content-Type-Options was not set to 'nosniff'. This allows older versions of Internet Explorer and Chrome to perform MIME-sniffing on the response body, potentially causing the response body to be interpreted and displayed as a content type other than the declared content type. Current (early 2014) and legacy versions of Firefox will use the declared content type (if one is set), rather than performing MIME-sniffing.","messageId":"18","url":"https://todoist.com/_next/static/chunks/98618d58f2d1dd3f4c8f42b4970db65e004fbfe5.6c003068d2db4fbc855f.js","reference":"http://msdn.microsoft.com/en-us/library/ie/gg622941%28v=vs.85%29.aspx\nhttps://owasp.org/www-community/Security_Headers","solution":"Ensure that the application/web server sets the Content-Type header appropriately, and that it sets the X-Content-Type-Options header to 'nosniff' for all web pages.\nIf possible, ensure that the end user uses a standards-compliant and modern web browser that does not perform MIME-sniffing at all, or that can be directed by the web application/web server to not perform MIME-sniffing.","alert":"X-Content-Type-Options Header Missing","param":"X-Content-Type-Options","attack":"","name":"X-Content-Type-Options Header Missing","risk":"Low","id":"76","alertRef":"10021"},{"sourceid":"3","other":"The following pattern was used: \\bSELECT\\b and was detected in the element starting with: \"(window.webpackJsonp_N_E=window.webpackJsonp_N_E||[]).push([[3],{\"+ipW\":function(e,t,r){\"use strict\";r.d(t,\"a\",(function(){retur\", see evidence field for the suspicious comment/snippet.","method":"GET","evidence":"SELECT","pluginId":"10027","cweid":"200","confidence":"Low","wascid":"13","description":"The response appears to contain suspicious comments which may help an attacker. Note: Matches made within script blocks or files are against the entire content not only comments.","messageId":"19","url":"https://todoist.com/_next/static/chunks/0e8f85b20ed9ab0a6102c8b8298bac1d6cb4c89b.0fe8d2aa3a66f036f1d2.js","reference":"","solution":"Remove all comments that return information that may help an attacker and fix any underlying problems they refer to.","alert":"Information Disclosure - Suspicious Comments","param":"","attack":"","name":"Information Disclosure - Suspicious Comments","risk":"Informational","id":"77","alertRef":"10027"},{"sourceid":"3","other":"268435455, which evaluates to: 1978-07-04 16:24:15","method":"GET","evidence":"268435455","pluginId":"10096","cweid":"200","confidence":"Low","wascid":"13","description":"A timestamp was disclosed by the application/web server - Unix","messageId":"19","url":"https://todoist.com/_next/static/chunks/0e8f85b20ed9ab0a6102c8b8298bac1d6cb4c89b.0fe8d2aa3a66f036f1d2.js","reference":"http://projects.webappsec.org/w/page/13246936/Information%20Leakage","solution":"Manually confirm that the timestamp data is not sensitive, and that the data cannot be aggregated to disclose exploitable patterns.","alert":"Timestamp Disclosure - Unix","param":"","attack":"","name":"Timestamp Disclosure - Unix","risk":"Informational","id":"78","alertRef":"10096"},{"sourceid":"3","other":"1732584193, which evaluates to: 2024-11-25 20:23:13","method":"GET","evidence":"1732584193","pluginId":"10096","cweid":"200","confidence":"Low","wascid":"13","description":"A timestamp was disclosed by the application/web server - Unix","messageId":"19","url":"https://todoist.com/_next/static/chunks/0e8f85b20ed9ab0a6102c8b8298bac1d6cb4c89b.0fe8d2aa3a66f036f1d2.js","reference":"http://projects.webappsec.org/w/page/13246936/Information%20Leakage","solution":"Manually confirm that the timestamp data is not sensitive, and that the data cannot be aggregated to disclose exploitable patterns.","alert":"Timestamp Disclosure - Unix","param":"","attack":"","name":"Timestamp Disclosure - Unix","risk":"Informational","id":"80","alertRef":"10096"},{"sourceid":"3","other":"271733879, which evaluates to: 1978-08-11 20:37:59","method":"GET","evidence":"271733879","pluginId":"10096","cweid":"200","confidence":"Low","wascid":"13","description":"A timestamp was disclosed by the application/web server - Unix","messageId":"19","url":"https://todoist.com/_next/static/chunks/0e8f85b20ed9ab0a6102c8b8298bac1d6cb4c89b.0fe8d2aa3a66f036f1d2.js","reference":"http://projects.webappsec.org/w/page/13246936/Information%20Leakage","solution":"Manually confirm that the timestamp data is not sensitive, and that the data cannot be aggregated to disclose exploitable patterns.","alert":"Timestamp Disclosure - Unix","param":"","attack":"","name":"Timestamp Disclosure - Unix","risk":"Informational","id":"81","alertRef":"10096"},{"sourceid":"3","other":"1732584194, which evaluates to: 2024-11-25 20:23:14","method":"GET","evidence":"1732584194","pluginId":"10096","cweid":"200","confidence":"Low","wascid":"13","description":"A timestamp was disclosed by the application/web server - Unix","messageId":"19","url":"https://todoist.com/_next/static/chunks/0e8f85b20ed9ab0a6102c8b8298bac1d6cb4c89b.0fe8d2aa3a66f036f1d2.js","reference":"http://projects.webappsec.org/w/page/13246936/Information%20Leakage","solution":"Manually confirm that the timestamp data is not sensitive, and that the data cannot be aggregated to disclose exploitable patterns.","alert":"Timestamp Disclosure - Unix","param":"","attack":"","name":"Timestamp Disclosure - Unix","risk":"Informational","id":"82","alertRef":"10096"},{"sourceid":"3","other":"271733878, which evaluates to: 1978-08-11 20:37:58","method":"GET","evidence":"271733878","pluginId":"10096","cweid":"200","confidence":"Low","wascid":"13","description":"A timestamp was disclosed by the application/web server - Unix","messageId":"19","url":"https://todoist.com/_next/static/chunks/0e8f85b20ed9ab0a6102c8b8298bac1d6cb4c89b.0fe8d2aa3a66f036f1d2.js","reference":"http://projects.webappsec.org/w/page/13246936/Information%20Leakage","solution":"Manually confirm that the timestamp data is not sensitive, and that the data cannot be aggregated to disclose exploitable patterns.","alert":"Timestamp Disclosure - Unix","param":"","attack":"","name":"Timestamp Disclosure - Unix","risk":"Informational","id":"83","alertRef":"10096"},{"sourceid":"3","other":"680876936, which evaluates to: 1991-07-30 07:28:56","method":"GET","evidence":"680876936","pluginId":"10096","cweid":"200","confidence":"Low","wascid":"13","description":"A timestamp was disclosed by the application/web server - Unix","messageId":"19","url":"https://todoist.com/_next/static/chunks/0e8f85b20ed9ab0a6102c8b8298bac1d6cb4c89b.0fe8d2aa3a66f036f1d2.js","reference":"http://projects.webappsec.org/w/page/13246936/Information%20Leakage","solution":"Manually confirm that the timestamp data is not sensitive, and that the data cannot be aggregated to disclose exploitable patterns.","alert":"Timestamp Disclosure - Unix","param":"","attack":"","name":"Timestamp Disclosure - Unix","risk":"Informational","id":"84","alertRef":"10096"},{"sourceid":"3","other":"389564586, which evaluates to: 1982-05-06 15:23:06","method":"GET","evidence":"389564586","pluginId":"10096","cweid":"200","confidence":"Low","wascid":"13","description":"A timestamp was disclosed by the application/web server - Unix","messageId":"19","url":"https://todoist.com/_next/static/chunks/0e8f85b20ed9ab0a6102c8b8298bac1d6cb4c89b.0fe8d2aa3a66f036f1d2.js","reference":"http://projects.webappsec.org/w/page/13246936/Information%20Leakage","solution":"Manually confirm that the timestamp data is not sensitive, and that the data cannot be aggregated to disclose exploitable patterns.","alert":"Timestamp Disclosure - Unix","param":"","attack":"","name":"Timestamp Disclosure - Unix","risk":"Informational","id":"85","alertRef":"10096"},{"sourceid":"3","other":"606105819, which evaluates to: 1989-03-16 21:43:39","method":"GET","evidence":"606105819","pluginId":"10096","cweid":"200","confidence":"Low","wascid":"13","description":"A timestamp was disclosed by the application/web server - Unix","messageId":"19","url":"https://todoist.com/_next/static/chunks/0e8f85b20ed9ab0a6102c8b8298bac1d6cb4c89b.0fe8d2aa3a66f036f1d2.js","reference":"http://projects.webappsec.org/w/page/13246936/Information%20Leakage","solution":"Manually confirm that the timestamp data is not sensitive, and that the data cannot be aggregated to disclose exploitable patterns.","alert":"Timestamp Disclosure - Unix","param":"","attack":"","name":"Timestamp Disclosure - Unix","risk":"Informational","id":"86","alertRef":"10096"},{"sourceid":"3","other":"1044525330, which evaluates to: 2003-02-06 04:55:30","method":"GET","evidence":"1044525330","pluginId":"10096","cweid":"200","confidence":"Low","wascid":"13","description":"A timestamp was disclosed by the application/web server - Unix","messageId":"19","url":"https://todoist.com/_next/static/chunks/0e8f85b20ed9ab0a6102c8b8298bac1d6cb4c89b.0fe8d2aa3a66f036f1d2.js","reference":"http://projects.webappsec.org/w/page/13246936/Information%20Leakage","solution":"Manually confirm that the timestamp data is not sensitive, and that the data cannot be aggregated to disclose exploitable patterns.","alert":"Timestamp Disclosure - Unix","param":"","attack":"","name":"Timestamp Disclosure - Unix","risk":"Informational","id":"87","alertRef":"10096"},{"sourceid":"3","other":"176418897, which evaluates to: 1975-08-04 16:14:57","method":"GET","evidence":"176418897","pluginId":"10096","cweid":"200","confidence":"Low","wascid":"13","description":"A timestamp was disclosed by the application/web server - Unix","messageId":"19","url":"https://todoist.com/_next/static/chunks/0e8f85b20ed9ab0a6102c8b8298bac1d6cb4c89b.0fe8d2aa3a66f036f1d2.js","reference":"http://projects.webappsec.org/w/page/13246936/Information%20Leakage","solution":"Manually confirm that the timestamp data is not sensitive, and that the data cannot be aggregated to disclose exploitable patterns.","alert":"Timestamp Disclosure - Unix","param":"","attack":"","name":"Timestamp Disclosure - Unix","risk":"Informational","id":"88","alertRef":"10096"},{"sourceid":"3","other":"1200080426, which evaluates to: 2008-01-11 14:40:26","method":"GET","evidence":"1200080426","pluginId":"10096","cweid":"200","confidence":"Low","wascid":"13","description":"A timestamp was disclosed by the application/web server - Unix","messageId":"19","url":"https://todoist.com/_next/static/chunks/0e8f85b20ed9ab0a6102c8b8298bac1d6cb4c89b.0fe8d2aa3a66f036f1d2.js","reference":"http://projects.webappsec.org/w/page/13246936/Information%20Leakage","solution":"Manually confirm that the timestamp data is not sensitive, and that the data cannot be aggregated to disclose exploitable patterns.","alert":"Timestamp Disclosure - Unix","param":"","attack":"","name":"Timestamp Disclosure - Unix","risk":"Informational","id":"89","alertRef":"10096"},{"sourceid":"3","other":"1473231341, which evaluates to: 2016-09-07 01:55:41","method":"GET","evidence":"1473231341","pluginId":"10096","cweid":"200","confidence":"Low","wascid":"13","description":"A timestamp was disclosed by the application/web server - Unix","messageId":"19","url":"https://todoist.com/_next/static/chunks/0e8f85b20ed9ab0a6102c8b8298bac1d6cb4c89b.0fe8d2aa3a66f036f1d2.js","reference":"http://projects.webappsec.org/w/page/13246936/Information%20Leakage","solution":"Manually confirm that the timestamp data is not sensitive, and that the data cannot be aggregated to disclose exploitable patterns.","alert":"Timestamp Disclosure - Unix","param":"","attack":"","name":"Timestamp Disclosure - Unix","risk":"Informational","id":"90","alertRef":"10096"},{"sourceid":"3","other":"45705983, which evaluates to: 1971-06-13 19:06:23","method":"GET","evidence":"45705983","pluginId":"10096","cweid":"200","confidence":"Low","wascid":"13","description":"A timestamp was disclosed by the application/web server - Unix","messageId":"19","url":"https://todoist.com/_next/static/chunks/0e8f85b20ed9ab0a6102c8b8298bac1d6cb4c89b.0fe8d2aa3a66f036f1d2.js","reference":"http://projects.webappsec.org/w/page/13246936/Information%20Leakage","solution":"Manually confirm that the timestamp data is not sensitive, and that the data cannot be aggregated to disclose exploitable patterns.","alert":"Timestamp Disclosure - Unix","param":"","attack":"","name":"Timestamp Disclosure - Unix","risk":"Informational","id":"91","alertRef":"10096"},{"sourceid":"3","other":"1770035416, which evaluates to: 2026-02-02 07:30:16","method":"GET","evidence":"1770035416","pluginId":"10096","cweid":"200","confidence":"Low","wascid":"13","description":"A timestamp was disclosed by the application/web server - Unix","messageId":"19","url":"https://todoist.com/_next/static/chunks/0e8f85b20ed9ab0a6102c8b8298bac1d6cb4c89b.0fe8d2aa3a66f036f1d2.js","reference":"http://projects.webappsec.org/w/page/13246936/Information%20Leakage","solution":"Manually confirm that the timestamp data is not sensitive, and that the data cannot be aggregated to disclose exploitable patterns.","alert":"Timestamp Disclosure - Unix","param":"","attack":"","name":"Timestamp Disclosure - Unix","risk":"Informational","id":"92","alertRef":"10096"},{"sourceid":"3","other":"1958414417, which evaluates to: 2032-01-22 15:00:17","method":"GET","evidence":"1958414417","pluginId":"10096","cweid":"200","confidence":"Low","wascid":"13","description":"A timestamp was disclosed by the application/web server - Unix","messageId":"19","url":"https://todoist.com/_next/static/chunks/0e8f85b20ed9ab0a6102c8b8298bac1d6cb4c89b.0fe8d2aa3a66f036f1d2.js","reference":"http://projects.webappsec.org/w/page/13246936/Information%20Leakage","solution":"Manually confirm that the timestamp data is not sensitive, and that the data cannot be aggregated to disclose exploitable patterns.","alert":"Timestamp Disclosure - Unix","param":"","attack":"","name":"Timestamp Disclosure - Unix","risk":"Informational","id":"93","alertRef":"10096"},{"sourceid":"3","other":"1990404162, which evaluates to: 2033-01-26 21:02:42","method":"GET","evidence":"1990404162","pluginId":"10096","cweid":"200","confidence":"Low","wascid":"13","description":"A timestamp was disclosed by the application/web server - Unix","messageId":"19","url":"https://todoist.com/_next/static/chunks/0e8f85b20ed9ab0a6102c8b8298bac1d6cb4c89b.0fe8d2aa3a66f036f1d2.js","reference":"http://projects.webappsec.org/w/page/13246936/Information%20Leakage","solution":"Manually confirm that the timestamp data is not sensitive, and that the data cannot be aggregated to disclose exploitable patterns.","alert":"Timestamp Disclosure - Unix","param":"","attack":"","name":"Timestamp Disclosure - Unix","risk":"Informational","id":"94","alertRef":"10096"},{"sourceid":"3","other":"1804603682, which evaluates to: 2027-03-09 09:48:02","method":"GET","evidence":"1804603682","pluginId":"10096","cweid":"200","confidence":"Low","wascid":"13","description":"A timestamp was disclosed by the application/web server - Unix","messageId":"19","url":"https://todoist.com/_next/static/chunks/0e8f85b20ed9ab0a6102c8b8298bac1d6cb4c89b.0fe8d2aa3a66f036f1d2.js","reference":"http://projects.webappsec.org/w/page/13246936/Information%20Leakage","solution":"Manually confirm that the timestamp data is not sensitive, and that the data cannot be aggregated to disclose exploitable patterns.","alert":"Timestamp Disclosure - Unix","param":"","attack":"","name":"Timestamp Disclosure - Unix","risk":"Informational","id":"95","alertRef":"10096"},{"sourceid":"3","other":"40341101, which evaluates to: 1971-04-12 16:51:41","method":"GET","evidence":"40341101","pluginId":"10096","cweid":"200","confidence":"Low","wascid":"13","description":"A timestamp was disclosed by the application/web server - Unix","messageId":"19","url":"https://todoist.com/_next/static/chunks/0e8f85b20ed9ab0a6102c8b8298bac1d6cb4c89b.0fe8d2aa3a66f036f1d2.js","reference":"http://projects.webappsec.org/w/page/13246936/Information%20Leakage","solution":"Manually confirm that the timestamp data is not sensitive, and that the data cannot be aggregated to disclose exploitable patterns.","alert":"Timestamp Disclosure - Unix","param":"","attack":"","name":"Timestamp Disclosure - Unix","risk":"Informational","id":"96","alertRef":"10096"},{"sourceid":"3","other":"1502002290, which evaluates to: 2017-08-06 01:51:30","method":"GET","evidence":"1502002290","pluginId":"10096","cweid":"200","confidence":"Low","wascid":"13","description":"A timestamp was disclosed by the application/web server - Unix","messageId":"19","url":"https://todoist.com/_next/static/chunks/0e8f85b20ed9ab0a6102c8b8298bac1d6cb4c89b.0fe8d2aa3a66f036f1d2.js","reference":"http://projects.webappsec.org/w/page/13246936/Information%20Leakage","solution":"Manually confirm that the timestamp data is not sensitive, and that the data cannot be aggregated to disclose exploitable patterns.","alert":"Timestamp Disclosure - Unix","param":"","attack":"","name":"Timestamp Disclosure - Unix","risk":"Informational","id":"97","alertRef":"10096"},{"sourceid":"3","other":"1236535329, which evaluates to: 2009-03-08 13:02:09","method":"GET","evidence":"1236535329","pluginId":"10096","cweid":"200","confidence":"Low","wascid":"13","description":"A timestamp was disclosed by the application/web server - Unix","messageId":"19","url":"https://todoist.com/_next/static/chunks/0e8f85b20ed9ab0a6102c8b8298bac1d6cb4c89b.0fe8d2aa3a66f036f1d2.js","reference":"http://projects.webappsec.org/w/page/13246936/Information%20Leakage","solution":"Manually confirm that the timestamp data is not sensitive, and that the data cannot be aggregated to disclose exploitable patterns.","alert":"Timestamp Disclosure - Unix","param":"","attack":"","name":"Timestamp Disclosure - Unix","risk":"Informational","id":"98","alertRef":"10096"},{"sourceid":"3","other":"165796510, which evaluates to: 1975-04-03 17:35:10","method":"GET","evidence":"165796510","pluginId":"10096","cweid":"200","confidence":"Low","wascid":"13","description":"A timestamp was disclosed by the application/web server - Unix","messageId":"19","url":"https://todoist.com/_next/static/chunks/0e8f85b20ed9ab0a6102c8b8298bac1d6cb4c89b.0fe8d2aa3a66f036f1d2.js","reference":"http://projects.webappsec.org/w/page/13246936/Information%20Leakage","solution":"Manually confirm that the timestamp data is not sensitive, and that the data cannot be aggregated to disclose exploitable patterns.","alert":"Timestamp Disclosure - Unix","param":"","attack":"","name":"Timestamp Disclosure - Unix","risk":"Informational","id":"99","alertRef":"10096"},{"sourceid":"3","other":"1069501632, which evaluates to: 2003-11-22 06:47:12","method":"GET","evidence":"1069501632","pluginId":"10096","cweid":"200","confidence":"Low","wascid":"13","description":"A timestamp was disclosed by the application/web server - Unix","messageId":"19","url":"https://todoist.com/_next/static/chunks/0e8f85b20ed9ab0a6102c8b8298bac1d6cb4c89b.0fe8d2aa3a66f036f1d2.js","reference":"http://projects.webappsec.org/w/page/13246936/Information%20Leakage","solution":"Manually confirm that the timestamp data is not sensitive, and that the data cannot be aggregated to disclose exploitable patterns.","alert":"Timestamp Disclosure - Unix","param":"","attack":"","name":"Timestamp Disclosure - Unix","risk":"Informational","id":"100","alertRef":"10096"},{"sourceid":"3","other":"643717713, which evaluates to: 1990-05-26 05:28:33","method":"GET","evidence":"643717713","pluginId":"10096","cweid":"200","confidence":"Low","wascid":"13","description":"A timestamp was disclosed by the application/web server - Unix","messageId":"19","url":"https://todoist.com/_next/static/chunks/0e8f85b20ed9ab0a6102c8b8298bac1d6cb4c89b.0fe8d2aa3a66f036f1d2.js","reference":"http://projects.webappsec.org/w/page/13246936/Information%20Leakage","solution":"Manually confirm that the timestamp data is not sensitive, and that the data cannot be aggregated to disclose exploitable patterns.","alert":"Timestamp Disclosure - Unix","param":"","attack":"","name":"Timestamp Disclosure - Unix","risk":"Informational","id":"101","alertRef":"10096"},{"sourceid":"3","other":"373897302, which evaluates to: 1981-11-06 07:21:42","method":"GET","evidence":"373897302","pluginId":"10096","cweid":"200","confidence":"Low","wascid":"13","description":"A timestamp was disclosed by the application/web server - Unix","messageId":"19","url":"https://todoist.com/_next/static/chunks/0e8f85b20ed9ab0a6102c8b8298bac1d6cb4c89b.0fe8d2aa3a66f036f1d2.js","reference":"http://projects.webappsec.org/w/page/13246936/Information%20Leakage","solution":"Manually confirm that the timestamp data is not sensitive, and that the data cannot be aggregated to disclose exploitable patterns.","alert":"Timestamp Disclosure - Unix","param":"","attack":"","name":"Timestamp Disclosure - Unix","risk":"Informational","id":"102","alertRef":"10096"},{"sourceid":"3","other":"701558691, which evaluates to: 1992-03-25 16:24:51","method":"GET","evidence":"701558691","pluginId":"10096","cweid":"200","confidence":"Low","wascid":"13","description":"A timestamp was disclosed by the application/web server - Unix","messageId":"19","url":"https://todoist.com/_next/static/chunks/0e8f85b20ed9ab0a6102c8b8298bac1d6cb4c89b.0fe8d2aa3a66f036f1d2.js","reference":"http://projects.webappsec.org/w/page/13246936/Information%20Leakage","solution":"Manually confirm that the timestamp data is not sensitive, and that the data cannot be aggregated to disclose exploitable patterns.","alert":"Timestamp Disclosure - Unix","param":"","attack":"","name":"Timestamp Disclosure - Unix","risk":"Informational","id":"103","alertRef":"10096"},{"sourceid":"3","other":"38016083, which evaluates to: 1971-03-16 19:01:23","method":"GET","evidence":"38016083","pluginId":"10096","cweid":"200","confidence":"Low","wascid":"13","description":"A timestamp was disclosed by the application/web server - Unix","messageId":"19","url":"https://todoist.com/_next/static/chunks/0e8f85b20ed9ab0a6102c8b8298bac1d6cb4c89b.0fe8d2aa3a66f036f1d2.js","reference":"http://projects.webappsec.org/w/page/13246936/Information%20Leakage","solution":"Manually confirm that the timestamp data is not sensitive, and that the data cannot be aggregated to disclose exploitable patterns.","alert":"Timestamp Disclosure - Unix","param":"","attack":"","name":"Timestamp Disclosure - Unix","risk":"Informational","id":"104","alertRef":"10096"},{"sourceid":"3","other":"660478335, which evaluates to: 1990-12-06 05:12:15","method":"GET","evidence":"660478335","pluginId":"10096","cweid":"200","confidence":"Low","wascid":"13","description":"A timestamp was disclosed by the application/web server - Unix","messageId":"19","url":"https://todoist.com/_next/static/chunks/0e8f85b20ed9ab0a6102c8b8298bac1d6cb4c89b.0fe8d2aa3a66f036f1d2.js","reference":"http://projects.webappsec.org/w/page/13246936/Information%20Leakage","solution":"Manually confirm that the timestamp data is not sensitive, and that the data cannot be aggregated to disclose exploitable patterns.","alert":"Timestamp Disclosure - Unix","param":"","attack":"","name":"Timestamp Disclosure - Unix","risk":"Informational","id":"105","alertRef":"10096"},{"sourceid":"3","other":"405537848, which evaluates to: 1982-11-07 12:24:08","method":"GET","evidence":"405537848","pluginId":"10096","cweid":"200","confidence":"Low","wascid":"13","description":"A timestamp was disclosed by the application/web server - Unix","messageId":"19","url":"https://todoist.com/_next/static/chunks/0e8f85b20ed9ab0a6102c8b8298bac1d6cb4c89b.0fe8d2aa3a66f036f1d2.js","reference":"http://projects.webappsec.org/w/page/13246936/Information%20Leakage","solution":"Manually confirm that the timestamp data is not sensitive, and that the data cannot be aggregated to disclose exploitable patterns.","alert":"Timestamp Disclosure - Unix","param":"","attack":"","name":"Timestamp Disclosure - Unix","risk":"Informational","id":"106","alertRef":"10096"},{"sourceid":"3","other":"568446438, which evaluates to: 1988-01-06 00:47:18","method":"GET","evidence":"568446438","pluginId":"10096","cweid":"200","confidence":"Low","wascid":"13","description":"A timestamp was disclosed by the application/web server - Unix","messageId":"19","url":"https://todoist.com/_next/static/chunks/0e8f85b20ed9ab0a6102c8b8298bac1d6cb4c89b.0fe8d2aa3a66f036f1d2.js","reference":"http://projects.webappsec.org/w/page/13246936/Information%20Leakage","solution":"Manually confirm that the timestamp data is not sensitive, and that the data cannot be aggregated to disclose exploitable patterns.","alert":"Timestamp Disclosure - Unix","param":"","attack":"","name":"Timestamp Disclosure - Unix","risk":"Informational","id":"107","alertRef":"10096"},{"sourceid":"3","other":"1019803690, which evaluates to: 2002-04-26 01:48:10","method":"GET","evidence":"1019803690","pluginId":"10096","cweid":"200","confidence":"Low","wascid":"13","description":"A timestamp was disclosed by the application/web server - Unix","messageId":"19","url":"https://todoist.com/_next/static/chunks/0e8f85b20ed9ab0a6102c8b8298bac1d6cb4c89b.0fe8d2aa3a66f036f1d2.js","reference":"http://projects.webappsec.org/w/page/13246936/Information%20Leakage","solution":"Manually confirm that the timestamp data is not sensitive, and that the data cannot be aggregated to disclose exploitable patterns.","alert":"Timestamp Disclosure - Unix","param":"","attack":"","name":"Timestamp Disclosure - Unix","risk":"Informational","id":"108","alertRef":"10096"},{"sourceid":"3","other":"187363961, which evaluates to: 1975-12-09 08:32:41","method":"GET","evidence":"187363961","pluginId":"10096","cweid":"200","confidence":"Low","wascid":"13","description":"A timestamp was disclosed by the application/web server - Unix","messageId":"19","url":"https://todoist.com/_next/static/chunks/0e8f85b20ed9ab0a6102c8b8298bac1d6cb4c89b.0fe8d2aa3a66f036f1d2.js","reference":"http://projects.webappsec.org/w/page/13246936/Information%20Leakage","solution":"Manually confirm that the timestamp data is not sensitive, and that the data cannot be aggregated to disclose exploitable patterns.","alert":"Timestamp Disclosure - Unix","param":"","attack":"","name":"Timestamp Disclosure - Unix","risk":"Informational","id":"109","alertRef":"10096"},{"sourceid":"3","other":"1163531501, which evaluates to: 2006-11-14 14:11:41","method":"GET","evidence":"1163531501","pluginId":"10096","cweid":"200","confidence":"Low","wascid":"13","description":"A timestamp was disclosed by the application/web server - Unix","messageId":"19","url":"https://todoist.com/_next/static/chunks/0e8f85b20ed9ab0a6102c8b8298bac1d6cb4c89b.0fe8d2aa3a66f036f1d2.js","reference":"http://projects.webappsec.org/w/page/13246936/Information%20Leakage","solution":"Manually confirm that the timestamp data is not sensitive, and that the data cannot be aggregated to disclose exploitable patterns.","alert":"Timestamp Disclosure - Unix","param":"","attack":"","name":"Timestamp Disclosure - Unix","risk":"Informational","id":"110","alertRef":"10096"},{"sourceid":"3","other":"1444681467, which evaluates to: 2015-10-12 15:24:27","method":"GET","evidence":"1444681467","pluginId":"10096","cweid":"200","confidence":"Low","wascid":"13","description":"A timestamp was disclosed by the application/web server - Unix","messageId":"19","url":"https://todoist.com/_next/static/chunks/0e8f85b20ed9ab0a6102c8b8298bac1d6cb4c89b.0fe8d2aa3a66f036f1d2.js","reference":"http://projects.webappsec.org/w/page/13246936/Information%20Leakage","solution":"Manually confirm that the timestamp data is not sensitive, and that the data cannot be aggregated to disclose exploitable patterns.","alert":"Timestamp Disclosure - Unix","param":"","attack":"","name":"Timestamp Disclosure - Unix","risk":"Informational","id":"111","alertRef":"10096"},{"sourceid":"3","other":"51403784, which evaluates to: 1971-08-18 17:49:44","method":"GET","evidence":"51403784","pluginId":"10096","cweid":"200","confidence":"Low","wascid":"13","description":"A timestamp was disclosed by the application/web server - Unix","messageId":"19","url":"https://todoist.com/_next/static/chunks/0e8f85b20ed9ab0a6102c8b8298bac1d6cb4c89b.0fe8d2aa3a66f036f1d2.js","reference":"http://projects.webappsec.org/w/page/13246936/Information%20Leakage","solution":"Manually confirm that the timestamp data is not sensitive, and that the data cannot be aggregated to disclose exploitable patterns.","alert":"Timestamp Disclosure - Unix","param":"","attack":"","name":"Timestamp Disclosure - Unix","risk":"Informational","id":"112","alertRef":"10096"},{"sourceid":"3","other":"1735328473, which evaluates to: 2024-12-27 14:41:13","method":"GET","evidence":"1735328473","pluginId":"10096","cweid":"200","confidence":"Low","wascid":"13","description":"A timestamp was disclosed by the application/web server - Unix","messageId":"19","url":"https://todoist.com/_next/static/chunks/0e8f85b20ed9ab0a6102c8b8298bac1d6cb4c89b.0fe8d2aa3a66f036f1d2.js","reference":"http://projects.webappsec.org/w/page/13246936/Information%20Leakage","solution":"Manually confirm that the timestamp data is not sensitive, and that the data cannot be aggregated to disclose exploitable patterns.","alert":"Timestamp Disclosure - Unix","param":"","attack":"","name":"Timestamp Disclosure - Unix","risk":"Informational","id":"113","alertRef":"10096"},{"sourceid":"3","other":"1926607734, which evaluates to: 2031-01-19 11:48:54","method":"GET","evidence":"1926607734","pluginId":"10096","cweid":"200","confidence":"Low","wascid":"13","description":"A timestamp was disclosed by the application/web server - Unix","messageId":"19","url":"https://todoist.com/_next/static/chunks/0e8f85b20ed9ab0a6102c8b8298bac1d6cb4c89b.0fe8d2aa3a66f036f1d2.js","reference":"http://projects.webappsec.org/w/page/13246936/Information%20Leakage","solution":"Manually confirm that the timestamp data is not sensitive, and that the data cannot be aggregated to disclose exploitable patterns.","alert":"Timestamp Disclosure - Unix","param":"","attack":"","name":"Timestamp Disclosure - Unix","risk":"Informational","id":"114","alertRef":"10096"},{"sourceid":"3","other":"2022574463, which evaluates to: 2034-02-03 05:14:23","method":"GET","evidence":"2022574463","pluginId":"10096","cweid":"200","confidence":"Low","wascid":"13","description":"A timestamp was disclosed by the application/web server - Unix","messageId":"19","url":"https://todoist.com/_next/static/chunks/0e8f85b20ed9ab0a6102c8b8298bac1d6cb4c89b.0fe8d2aa3a66f036f1d2.js","reference":"http://projects.webappsec.org/w/page/13246936/Information%20Leakage","solution":"Manually confirm that the timestamp data is not sensitive, and that the data cannot be aggregated to disclose exploitable patterns.","alert":"Timestamp Disclosure - Unix","param":"","attack":"","name":"Timestamp Disclosure - Unix","risk":"Informational","id":"115","alertRef":"10096"},{"sourceid":"3","other":"1839030562, which evaluates to: 2028-04-10 20:49:22","method":"GET","evidence":"1839030562","pluginId":"10096","cweid":"200","confidence":"Low","wascid":"13","description":"A timestamp was disclosed by the application/web server - Unix","messageId":"19","url":"https://todoist.com/_next/static/chunks/0e8f85b20ed9ab0a6102c8b8298bac1d6cb4c89b.0fe8d2aa3a66f036f1d2.js","reference":"http://projects.webappsec.org/w/page/13246936/Information%20Leakage","solution":"Manually confirm that the timestamp data is not sensitive, and that the data cannot be aggregated to disclose exploitable patterns.","alert":"Timestamp Disclosure - Unix","param":"","attack":"","name":"Timestamp Disclosure - Unix","risk":"Informational","id":"116","alertRef":"10096"},{"sourceid":"3","other":"35309556, which evaluates to: 1971-02-13 11:12:36","method":"GET","evidence":"35309556","pluginId":"10096","cweid":"200","confidence":"Low","wascid":"13","description":"A timestamp was disclosed by the application/web server - Unix","messageId":"19","url":"https://todoist.com/_next/static/chunks/0e8f85b20ed9ab0a6102c8b8298bac1d6cb4c89b.0fe8d2aa3a66f036f1d2.js","reference":"http://projects.webappsec.org/w/page/13246936/Information%20Leakage","solution":"Manually confirm that the timestamp data is not sensitive, and that the data cannot be aggregated to disclose exploitable patterns.","alert":"Timestamp Disclosure - Unix","param":"","attack":"","name":"Timestamp Disclosure - Unix","risk":"Informational","id":"117","alertRef":"10096"},{"sourceid":"3","other":"1530992060, which evaluates to: 2018-07-07 14:34:20","method":"GET","evidence":"1530992060","pluginId":"10096","cweid":"200","confidence":"Low","wascid":"13","description":"A timestamp was disclosed by the application/web server - Unix","messageId":"19","url":"https://todoist.com/_next/static/chunks/0e8f85b20ed9ab0a6102c8b8298bac1d6cb4c89b.0fe8d2aa3a66f036f1d2.js","reference":"http://projects.webappsec.org/w/page/13246936/Information%20Leakage","solution":"Manually confirm that the timestamp data is not sensitive, and that the data cannot be aggregated to disclose exploitable patterns.","alert":"Timestamp Disclosure - Unix","param":"","attack":"","name":"Timestamp Disclosure - Unix","risk":"Informational","id":"118","alertRef":"10096"},{"sourceid":"3","other":"1272893353, which evaluates to: 2010-05-03 08:29:13","method":"GET","evidence":"1272893353","pluginId":"10096","cweid":"200","confidence":"Low","wascid":"13","description":"A timestamp was disclosed by the application/web server - Unix","messageId":"19","url":"https://todoist.com/_next/static/chunks/0e8f85b20ed9ab0a6102c8b8298bac1d6cb4c89b.0fe8d2aa3a66f036f1d2.js","reference":"http://projects.webappsec.org/w/page/13246936/Information%20Leakage","solution":"Manually confirm that the timestamp data is not sensitive, and that the data cannot be aggregated to disclose exploitable patterns.","alert":"Timestamp Disclosure - Unix","param":"","attack":"","name":"Timestamp Disclosure - Unix","risk":"Informational","id":"119","alertRef":"10096"},{"sourceid":"3","other":"155497632, which evaluates to: 1974-12-05 12:47:12","method":"GET","evidence":"155497632","pluginId":"10096","cweid":"200","confidence":"Low","wascid":"13","description":"A timestamp was disclosed by the application/web server - Unix","messageId":"19","url":"https://todoist.com/_next/static/chunks/0e8f85b20ed9ab0a6102c8b8298bac1d6cb4c89b.0fe8d2aa3a66f036f1d2.js","reference":"http://projects.webappsec.org/w/page/13246936/Information%20Leakage","solution":"Manually confirm that the timestamp data is not sensitive, and that the data cannot be aggregated to disclose exploitable patterns.","alert":"Timestamp Disclosure - Unix","param":"","attack":"","name":"Timestamp Disclosure - Unix","risk":"Informational","id":"120","alertRef":"10096"},{"sourceid":"3","other":"1094730640, which evaluates to: 2004-09-09 06:50:40","method":"GET","evidence":"1094730640","pluginId":"10096","cweid":"200","confidence":"Low","wascid":"13","description":"A timestamp was disclosed by the application/web server - Unix","messageId":"19","url":"https://todoist.com/_next/static/chunks/0e8f85b20ed9ab0a6102c8b8298bac1d6cb4c89b.0fe8d2aa3a66f036f1d2.js","reference":"http://projects.webappsec.org/w/page/13246936/Information%20Leakage","solution":"Manually confirm that the timestamp data is not sensitive, and that the data cannot be aggregated to disclose exploitable patterns.","alert":"Timestamp Disclosure - Unix","param":"","attack":"","name":"Timestamp Disclosure - Unix","risk":"Informational","id":"121","alertRef":"10096"},{"sourceid":"3","other":"681279174, which evaluates to: 1991-08-03 23:12:54","method":"GET","evidence":"681279174","pluginId":"10096","cweid":"200","confidence":"Low","wascid":"13","description":"A timestamp was disclosed by the application/web server - Unix","messageId":"19","url":"https://todoist.com/_next/static/chunks/0e8f85b20ed9ab0a6102c8b8298bac1d6cb4c89b.0fe8d2aa3a66f036f1d2.js","reference":"http://projects.webappsec.org/w/page/13246936/Information%20Leakage","solution":"Manually confirm that the timestamp data is not sensitive, and that the data cannot be aggregated to disclose exploitable patterns.","alert":"Timestamp Disclosure - Unix","param":"","attack":"","name":"Timestamp Disclosure - Unix","risk":"Informational","id":"122","alertRef":"10096"},{"sourceid":"3","other":"358537222, which evaluates to: 1981-05-12 12:40:22","method":"GET","evidence":"358537222","pluginId":"10096","cweid":"200","confidence":"Low","wascid":"13","description":"A timestamp was disclosed by the application/web server - Unix","messageId":"19","url":"https://todoist.com/_next/static/chunks/0e8f85b20ed9ab0a6102c8b8298bac1d6cb4c89b.0fe8d2aa3a66f036f1d2.js","reference":"http://projects.webappsec.org/w/page/13246936/Information%20Leakage","solution":"Manually confirm that the timestamp data is not sensitive, and that the data cannot be aggregated to disclose exploitable patterns.","alert":"Timestamp Disclosure - Unix","param":"","attack":"","name":"Timestamp Disclosure - Unix","risk":"Informational","id":"123","alertRef":"10096"},{"sourceid":"3","other":"722521979, which evaluates to: 1992-11-23 08:32:59","method":"GET","evidence":"722521979","pluginId":"10096","cweid":"200","confidence":"Low","wascid":"13","description":"A timestamp was disclosed by the application/web server - Unix","messageId":"19","url":"https://todoist.com/_next/static/chunks/0e8f85b20ed9ab0a6102c8b8298bac1d6cb4c89b.0fe8d2aa3a66f036f1d2.js","reference":"http://projects.webappsec.org/w/page/13246936/Information%20Leakage","solution":"Manually confirm that the timestamp data is not sensitive, and that the data cannot be aggregated to disclose exploitable patterns.","alert":"Timestamp Disclosure - Unix","param":"","attack":"","name":"Timestamp Disclosure - Unix","risk":"Informational","id":"124","alertRef":"10096"},{"sourceid":"3","other":"76029189, which evaluates to: 1972-05-29 18:13:09","method":"GET","evidence":"76029189","pluginId":"10096","cweid":"200","confidence":"Low","wascid":"13","description":"A timestamp was disclosed by the application/web server - Unix","messageId":"19","url":"https://todoist.com/_next/static/chunks/0e8f85b20ed9ab0a6102c8b8298bac1d6cb4c89b.0fe8d2aa3a66f036f1d2.js","reference":"http://projects.webappsec.org/w/page/13246936/Information%20Leakage","solution":"Manually confirm that the timestamp data is not sensitive, and that the data cannot be aggregated to disclose exploitable patterns.","alert":"Timestamp Disclosure - Unix","param":"","attack":"","name":"Timestamp Disclosure - Unix","risk":"Informational","id":"125","alertRef":"10096"},{"sourceid":"3","other":"640364487, which evaluates to: 1990-04-17 10:01:27","method":"GET","evidence":"640364487","pluginId":"10096","cweid":"200","confidence":"Low","wascid":"13","description":"A timestamp was disclosed by the application/web server - Unix","messageId":"19","url":"https://todoist.com/_next/static/chunks/0e8f85b20ed9ab0a6102c8b8298bac1d6cb4c89b.0fe8d2aa3a66f036f1d2.js","reference":"http://projects.webappsec.org/w/page/13246936/Information%20Leakage","solution":"Manually confirm that the timestamp data is not sensitive, and that the data cannot be aggregated to disclose exploitable patterns.","alert":"Timestamp Disclosure - Unix","param":"","attack":"","name":"Timestamp Disclosure - Unix","risk":"Informational","id":"126","alertRef":"10096"},{"sourceid":"3","other":"421815835, which evaluates to: 1983-05-14 22:03:55","method":"GET","evidence":"421815835","pluginId":"10096","cweid":"200","confidence":"Low","wascid":"13","description":"A timestamp was disclosed by the application/web server - Unix","messageId":"19","url":"https://todoist.com/_next/static/chunks/0e8f85b20ed9ab0a6102c8b8298bac1d6cb4c89b.0fe8d2aa3a66f036f1d2.js","reference":"http://projects.webappsec.org/w/page/13246936/Information%20Leakage","solution":"Manually confirm that the timestamp data is not sensitive, and that the data cannot be aggregated to disclose exploitable patterns.","alert":"Timestamp Disclosure - Unix","param":"","attack":"","name":"Timestamp Disclosure - Unix","risk":"Informational","id":"127","alertRef":"10096"},{"sourceid":"3","other":"530742520, which evaluates to: 1986-10-26 15:28:40","method":"GET","evidence":"530742520","pluginId":"10096","cweid":"200","confidence":"Low","wascid":"13","description":"A timestamp was disclosed by the application/web server - Unix","messageId":"19","url":"https://todoist.com/_next/static/chunks/0e8f85b20ed9ab0a6102c8b8298bac1d6cb4c89b.0fe8d2aa3a66f036f1d2.js","reference":"http://projects.webappsec.org/w/page/13246936/Information%20Leakage","solution":"Manually confirm that the timestamp data is not sensitive, and that the data cannot be aggregated to disclose exploitable patterns.","alert":"Timestamp Disclosure - Unix","param":"","attack":"","name":"Timestamp Disclosure - Unix","risk":"Informational","id":"128","alertRef":"10096"},{"sourceid":"3","other":"995338651, which evaluates to: 2001-07-16 21:57:31","method":"GET","evidence":"995338651","pluginId":"10096","cweid":"200","confidence":"Low","wascid":"13","description":"A timestamp was disclosed by the application/web server - Unix","messageId":"19","url":"https://todoist.com/_next/static/chunks/0e8f85b20ed9ab0a6102c8b8298bac1d6cb4c89b.0fe8d2aa3a66f036f1d2.js","reference":"http://projects.webappsec.org/w/page/13246936/Information%20Leakage","solution":"Manually confirm that the timestamp data is not sensitive, and that the data cannot be aggregated to disclose exploitable patterns.","alert":"Timestamp Disclosure - Unix","param":"","attack":"","name":"Timestamp Disclosure - Unix","risk":"Informational","id":"129","alertRef":"10096"},{"sourceid":"3","other":"198630844, which evaluates to: 1976-04-17 18:14:04","method":"GET","evidence":"198630844","pluginId":"10096","cweid":"200","confidence":"Low","wascid":"13","description":"A timestamp was disclosed by the application/web server - Unix","messageId":"19","url":"https://todoist.com/_next/static/chunks/0e8f85b20ed9ab0a6102c8b8298bac1d6cb4c89b.0fe8d2aa3a66f036f1d2.js","reference":"http://projects.webappsec.org/w/page/13246936/Information%20Leakage","solution":"Manually confirm that the timestamp data is not sensitive, and that the data cannot be aggregated to disclose exploitable patterns.","alert":"Timestamp Disclosure - Unix","param":"","attack":"","name":"Timestamp Disclosure - Unix","risk":"Informational","id":"130","alertRef":"10096"},{"sourceid":"3","other":"1126891415, which evaluates to: 2005-09-16 12:23:35","method":"GET","evidence":"1126891415","pluginId":"10096","cweid":"200","confidence":"Low","wascid":"13","description":"A timestamp was disclosed by the application/web server - Unix","messageId":"19","url":"https://todoist.com/_next/static/chunks/0e8f85b20ed9ab0a6102c8b8298bac1d6cb4c89b.0fe8d2aa3a66f036f1d2.js","reference":"http://projects.webappsec.org/w/page/13246936/Information%20Leakage","solution":"Manually confirm that the timestamp data is not sensitive, and that the data cannot be aggregated to disclose exploitable patterns.","alert":"Timestamp Disclosure - Unix","param":"","attack":"","name":"Timestamp Disclosure - Unix","risk":"Informational","id":"131","alertRef":"10096"},{"sourceid":"3","other":"1416354905, which evaluates to: 2014-11-18 18:55:05","method":"GET","evidence":"1416354905","pluginId":"10096","cweid":"200","confidence":"Low","wascid":"13","description":"A timestamp was disclosed by the application/web server - Unix","messageId":"19","url":"https://todoist.com/_next/static/chunks/0e8f85b20ed9ab0a6102c8b8298bac1d6cb4c89b.0fe8d2aa3a66f036f1d2.js","reference":"http://projects.webappsec.org/w/page/13246936/Information%20Leakage","solution":"Manually confirm that the timestamp data is not sensitive, and that the data cannot be aggregated to disclose exploitable patterns.","alert":"Timestamp Disclosure - Unix","param":"","attack":"","name":"Timestamp Disclosure - Unix","risk":"Informational","id":"132","alertRef":"10096"},{"sourceid":"3","other":"57434055, which evaluates to: 1971-10-27 12:54:15","method":"GET","evidence":"57434055","pluginId":"10096","cweid":"200","confidence":"Low","wascid":"13","description":"A timestamp was disclosed by the application/web server - Unix","messageId":"19","url":"https://todoist.com/_next/static/chunks/0e8f85b20ed9ab0a6102c8b8298bac1d6cb4c89b.0fe8d2aa3a66f036f1d2.js","reference":"http://projects.webappsec.org/w/page/13246936/Information%20Leakage","solution":"Manually confirm that the timestamp data is not sensitive, and that the data cannot be aggregated to disclose exploitable patterns.","alert":"Timestamp Disclosure - Unix","param":"","attack":"","name":"Timestamp Disclosure - Unix","risk":"Informational","id":"133","alertRef":"10096"},{"sourceid":"3","other":"1700485571, which evaluates to: 2023-11-20 08:06:11","method":"GET","evidence":"1700485571","pluginId":"10096","cweid":"200","confidence":"Low","wascid":"13","description":"A timestamp was disclosed by the application/web server - Unix","messageId":"19","url":"https://todoist.com/_next/static/chunks/0e8f85b20ed9ab0a6102c8b8298bac1d6cb4c89b.0fe8d2aa3a66f036f1d2.js","reference":"http://projects.webappsec.org/w/page/13246936/Information%20Leakage","solution":"Manually confirm that the timestamp data is not sensitive, and that the data cannot be aggregated to disclose exploitable patterns.","alert":"Timestamp Disclosure - Unix","param":"","attack":"","name":"Timestamp Disclosure - Unix","risk":"Informational","id":"134","alertRef":"10096"},{"sourceid":"3","other":"1894986606, which evaluates to: 2030-01-18 12:10:06","method":"GET","evidence":"1894986606","pluginId":"10096","cweid":"200","confidence":"Low","wascid":"13","description":"A timestamp was disclosed by the application/web server - Unix","messageId":"19","url":"https://todoist.com/_next/static/chunks/0e8f85b20ed9ab0a6102c8b8298bac1d6cb4c89b.0fe8d2aa3a66f036f1d2.js","reference":"http://projects.webappsec.org/w/page/13246936/Information%20Leakage","solution":"Manually confirm that the timestamp data is not sensitive, and that the data cannot be aggregated to disclose exploitable patterns.","alert":"Timestamp Disclosure - Unix","param":"","attack":"","name":"Timestamp Disclosure - Unix","risk":"Informational","id":"135","alertRef":"10096"},{"sourceid":"3","other":"2054922799, which evaluates to: 2035-02-12 14:53:19","method":"GET","evidence":"2054922799","pluginId":"10096","cweid":"200","confidence":"Low","wascid":"13","description":"A timestamp was disclosed by the application/web server - Unix","messageId":"19","url":"https://todoist.com/_next/static/chunks/0e8f85b20ed9ab0a6102c8b8298bac1d6cb4c89b.0fe8d2aa3a66f036f1d2.js","reference":"http://projects.webappsec.org/w/page/13246936/Information%20Leakage","solution":"Manually confirm that the timestamp data is not sensitive, and that the data cannot be aggregated to disclose exploitable patterns.","alert":"Timestamp Disclosure - Unix","param":"","attack":"","name":"Timestamp Disclosure - Unix","risk":"Informational","id":"136","alertRef":"10096"},{"sourceid":"3","other":"1873313359, which evaluates to: 2029-05-12 15:49:19","method":"GET","evidence":"1873313359","pluginId":"10096","cweid":"200","confidence":"Low","wascid":"13","description":"A timestamp was disclosed by the application/web server - Unix","messageId":"19","url":"https://todoist.com/_next/static/chunks/0e8f85b20ed9ab0a6102c8b8298bac1d6cb4c89b.0fe8d2aa3a66f036f1d2.js","reference":"http://projects.webappsec.org/w/page/13246936/Information%20Leakage","solution":"Manually confirm that the timestamp data is not sensitive, and that the data cannot be aggregated to disclose exploitable patterns.","alert":"Timestamp Disclosure - Unix","param":"","attack":"","name":"Timestamp Disclosure - Unix","risk":"Informational","id":"137","alertRef":"10096"},{"sourceid":"3","other":"30611744, which evaluates to: 1970-12-21 02:15:44","method":"GET","evidence":"30611744","pluginId":"10096","cweid":"200","confidence":"Low","wascid":"13","description":"A timestamp was disclosed by the application/web server - Unix","messageId":"19","url":"https://todoist.com/_next/static/chunks/0e8f85b20ed9ab0a6102c8b8298bac1d6cb4c89b.0fe8d2aa3a66f036f1d2.js","reference":"http://projects.webappsec.org/w/page/13246936/Information%20Leakage","solution":"Manually confirm that the timestamp data is not sensitive, and that the data cannot be aggregated to disclose exploitable patterns.","alert":"Timestamp Disclosure - Unix","param":"","attack":"","name":"Timestamp Disclosure - Unix","risk":"Informational","id":"138","alertRef":"10096"},{"sourceid":"3","other":"1560198380, which evaluates to: 2019-06-10 15:26:20","method":"GET","evidence":"1560198380","pluginId":"10096","cweid":"200","confidence":"Low","wascid":"13","description":"A timestamp was disclosed by the application/web server - Unix","messageId":"19","url":"https://todoist.com/_next/static/chunks/0e8f85b20ed9ab0a6102c8b8298bac1d6cb4c89b.0fe8d2aa3a66f036f1d2.js","reference":"http://projects.webappsec.org/w/page/13246936/Information%20Leakage","solution":"Manually confirm that the timestamp data is not sensitive, and that the data cannot be aggregated to disclose exploitable patterns.","alert":"Timestamp Disclosure - Unix","param":"","attack":"","name":"Timestamp Disclosure - Unix","risk":"Informational","id":"139","alertRef":"10096"},{"sourceid":"3","other":"1309151649, which evaluates to: 2011-06-27 00:14:09","method":"GET","evidence":"1309151649","pluginId":"10096","cweid":"200","confidence":"Low","wascid":"13","description":"A timestamp was disclosed by the application/web server - Unix","messageId":"19","url":"https://todoist.com/_next/static/chunks/0e8f85b20ed9ab0a6102c8b8298bac1d6cb4c89b.0fe8d2aa3a66f036f1d2.js","reference":"http://projects.webappsec.org/w/page/13246936/Information%20Leakage","solution":"Manually confirm that the timestamp data is not sensitive, and that the data cannot be aggregated to disclose exploitable patterns.","alert":"Timestamp Disclosure - Unix","param":"","attack":"","name":"Timestamp Disclosure - Unix","risk":"Informational","id":"140","alertRef":"10096"},{"sourceid":"3","other":"145523070, which evaluates to: 1974-08-12 02:04:30","method":"GET","evidence":"145523070","pluginId":"10096","cweid":"200","confidence":"Low","wascid":"13","description":"A timestamp was disclosed by the application/web server - Unix","messageId":"19","url":"https://todoist.com/_next/static/chunks/0e8f85b20ed9ab0a6102c8b8298bac1d6cb4c89b.0fe8d2aa3a66f036f1d2.js","reference":"http://projects.webappsec.org/w/page/13246936/Information%20Leakage","solution":"Manually confirm that the timestamp data is not sensitive, and that the data cannot be aggregated to disclose exploitable patterns.","alert":"Timestamp Disclosure - Unix","param":"","attack":"","name":"Timestamp Disclosure - Unix","risk":"Informational","id":"141","alertRef":"10096"},{"sourceid":"3","other":"1120210379, which evaluates to: 2005-07-01 04:32:59","method":"GET","evidence":"1120210379","pluginId":"10096","cweid":"200","confidence":"Low","wascid":"13","description":"A timestamp was disclosed by the application/web server - Unix","messageId":"19","url":"https://todoist.com/_next/static/chunks/0e8f85b20ed9ab0a6102c8b8298bac1d6cb4c89b.0fe8d2aa3a66f036f1d2.js","reference":"http://projects.webappsec.org/w/page/13246936/Information%20Leakage","solution":"Manually confirm that the timestamp data is not sensitive, and that the data cannot be aggregated to disclose exploitable patterns.","alert":"Timestamp Disclosure - Unix","param":"","attack":"","name":"Timestamp Disclosure - Unix","risk":"Informational","id":"142","alertRef":"10096"},{"sourceid":"3","other":"718787259, which evaluates to: 1992-10-11 03:07:39","method":"GET","evidence":"718787259","pluginId":"10096","cweid":"200","confidence":"Low","wascid":"13","description":"A timestamp was disclosed by the application/web server - Unix","messageId":"19","url":"https://todoist.com/_next/static/chunks/0e8f85b20ed9ab0a6102c8b8298bac1d6cb4c89b.0fe8d2aa3a66f036f1d2.js","reference":"http://projects.webappsec.org/w/page/13246936/Information%20Leakage","solution":"Manually confirm that the timestamp data is not sensitive, and that the data cannot be aggregated to disclose exploitable patterns.","alert":"Timestamp Disclosure - Unix","param":"","attack":"","name":"Timestamp Disclosure - Unix","risk":"Informational","id":"143","alertRef":"10096"},{"sourceid":"3","other":"343485551, which evaluates to: 1980-11-19 07:39:11","method":"GET","evidence":"343485551","pluginId":"10096","cweid":"200","confidence":"Low","wascid":"13","description":"A timestamp was disclosed by the application/web server - Unix","messageId":"19","url":"https://todoist.com/_next/static/chunks/0e8f85b20ed9ab0a6102c8b8298bac1d6cb4c89b.0fe8d2aa3a66f036f1d2.js","reference":"http://projects.webappsec.org/w/page/13246936/Information%20Leakage","solution":"Manually confirm that the timestamp data is not sensitive, and that the data cannot be aggregated to disclose exploitable patterns.","alert":"Timestamp Disclosure - Unix","param":"","attack":"","name":"Timestamp Disclosure - Unix","risk":"Informational","id":"144","alertRef":"10096"},{"sourceid":"3","other":"1518500249, which evaluates to: 2018-02-13 00:37:29","method":"GET","evidence":"1518500249","pluginId":"10096","cweid":"200","confidence":"Low","wascid":"13","description":"A timestamp was disclosed by the application/web server - Unix","messageId":"19","url":"https://todoist.com/_next/static/chunks/0e8f85b20ed9ab0a6102c8b8298bac1d6cb4c89b.0fe8d2aa3a66f036f1d2.js","reference":"http://projects.webappsec.org/w/page/13246936/Information%20Leakage","solution":"Manually confirm that the timestamp data is not sensitive, and that the data cannot be aggregated to disclose exploitable patterns.","alert":"Timestamp Disclosure - Unix","param":"","attack":"","name":"Timestamp Disclosure - Unix","risk":"Informational","id":"145","alertRef":"10096"},{"sourceid":"3","other":"1859775393, which evaluates to: 2028-12-06 23:16:33","method":"GET","evidence":"1859775393","pluginId":"10096","cweid":"200","confidence":"Low","wascid":"13","description":"A timestamp was disclosed by the application/web server - Unix","messageId":"19","url":"https://todoist.com/_next/static/chunks/0e8f85b20ed9ab0a6102c8b8298bac1d6cb4c89b.0fe8d2aa3a66f036f1d2.js","reference":"http://projects.webappsec.org/w/page/13246936/Information%20Leakage","solution":"Manually confirm that the timestamp data is not sensitive, and that the data cannot be aggregated to disclose exploitable patterns.","alert":"Timestamp Disclosure - Unix","param":"","attack":"","name":"Timestamp Disclosure - Unix","risk":"Informational","id":"146","alertRef":"10096"},{"sourceid":"3","other":"00000000, which evaluates to: 1969-12-31 19:00:00","method":"GET","evidence":"00000000","pluginId":"10096","cweid":"200","confidence":"Low","wascid":"13","description":"A timestamp was disclosed by the application/web server - Unix","messageId":"19","url":"https://todoist.com/_next/static/chunks/0e8f85b20ed9ab0a6102c8b8298bac1d6cb4c89b.0fe8d2aa3a66f036f1d2.js","reference":"http://projects.webappsec.org/w/page/13246936/Information%20Leakage","solution":"Manually confirm that the timestamp data is not sensitive, and that the data cannot be aggregated to disclose exploitable patterns.","alert":"Timestamp Disclosure - Unix","param":"","attack":"","name":"Timestamp Disclosure - Unix","risk":"Informational","id":"149","alertRef":"10096"},{"sourceid":"3","other":"This issue still applies to error type pages (401, 403, 500, etc.) as those pages are often still affected by injection issues, in which case there is still concern for browsers sniffing pages away from their actual content type.\nAt \"High\" threshold this scan rule will not alert on client or server error responses.","method":"GET","evidence":"","pluginId":"10021","cweid":"16","confidence":"Medium","wascid":"15","description":"The Anti-MIME-Sniffing header X-Content-Type-Options was not set to 'nosniff'. This allows older versions of Internet Explorer and Chrome to perform MIME-sniffing on the response body, potentially causing the response body to be interpreted and displayed as a content type other than the declared content type. Current (early 2014) and legacy versions of Firefox will use the declared content type (if one is set), rather than performing MIME-sniffing.","messageId":"19","url":"https://todoist.com/_next/static/chunks/0e8f85b20ed9ab0a6102c8b8298bac1d6cb4c89b.0fe8d2aa3a66f036f1d2.js","reference":"http://msdn.microsoft.com/en-us/library/ie/gg622941%28v=vs.85%29.aspx\nhttps://owasp.org/www-community/Security_Headers","solution":"Ensure that the application/web server sets the Content-Type header appropriately, and that it sets the X-Content-Type-Options header to 'nosniff' for all web pages.\nIf possible, ensure that the end user uses a standards-compliant and modern web browser that does not perform MIME-sniffing at all, or that can be directed by the web application/web server to not perform MIME-sniffing.","alert":"X-Content-Type-Options Header Missing","param":"X-Content-Type-Options","attack":"","name":"X-Content-Type-Options Header Missing","risk":"Low","id":"151","alertRef":"10021"},{"sourceid":"3","other":"The following pattern was used: \\bDB\\b and was detected in the element starting with: \"(window.webpackJsonp_N_E=window.webpackJsonp_N_E||[]).push([[4],{WNiU:function(e,t,r){!function(e,t){for(var r in t)e[r]=t[r]}(t\", see evidence field for the suspicious comment/snippet.","method":"GET","evidence":"Db","pluginId":"10027","cweid":"200","confidence":"Low","wascid":"13","description":"The response appears to contain suspicious comments which may help an attacker. Note: Matches made within script blocks or files are against the entire content not only comments.","messageId":"20","url":"https://todoist.com/_next/static/chunks/4af5f773.1851fbd0845d20ef7104.js","reference":"","solution":"Remove all comments that return information that may help an attacker and fix any underlying problems they refer to.","alert":"Information Disclosure - Suspicious Comments","param":"","attack":"","name":"Information Disclosure - Suspicious Comments","risk":"Informational","id":"152","alertRef":"10027"},{"sourceid":"3","other":"This issue still applies to error type pages (401, 403, 500, etc.) as those pages are often still affected by injection issues, in which case there is still concern for browsers sniffing pages away from their actual content type.\nAt \"High\" threshold this scan rule will not alert on client or server error responses.","method":"GET","evidence":"","pluginId":"10021","cweid":"16","confidence":"Medium","wascid":"15","description":"The Anti-MIME-Sniffing header X-Content-Type-Options was not set to 'nosniff'. This allows older versions of Internet Explorer and Chrome to perform MIME-sniffing on the response body, potentially causing the response body to be interpreted and displayed as a content type other than the declared content type. Current (early 2014) and legacy versions of Firefox will use the declared content type (if one is set), rather than performing MIME-sniffing.","messageId":"20","url":"https://todoist.com/_next/static/chunks/4af5f773.1851fbd0845d20ef7104.js","reference":"http://msdn.microsoft.com/en-us/library/ie/gg622941%28v=vs.85%29.aspx\nhttps://owasp.org/www-community/Security_Headers","solution":"Ensure that the application/web server sets the Content-Type header appropriately, and that it sets the X-Content-Type-Options header to 'nosniff' for all web pages.\nIf possible, ensure that the end user uses a standards-compliant and modern web browser that does not perform MIME-sniffing at all, or that can be directed by the web application/web server to not perform MIME-sniffing.","alert":"X-Content-Type-Options Header Missing","param":"X-Content-Type-Options","attack":"","name":"X-Content-Type-Options Header Missing","risk":"Low","id":"153","alertRef":"10021"},{"sourceid":"3","other":"The following pattern was used: \\bQUERY\\b and was detected in the element starting with: \"(window.webpackJsonp_N_E=window.webpackJsonp_N_E||[]).push([[6],{\"+90V\":function(e,t,n){\"use strict\";var r=n(\"TqRt\");n(\"HAE/\"),O\", see evidence field for the suspicious comment/snippet.","method":"GET","evidence":"query","pluginId":"10027","cweid":"200","confidence":"Low","wascid":"13","description":"The response appears to contain suspicious comments which may help an attacker. Note: Matches made within script blocks or files are against the entire content not only comments.","messageId":"21","url":"https://todoist.com/_next/static/chunks/46300902bf7c6e1374dd592a461ea5a5a6d02de9.dcfb80a6e6abd69835ad.js","reference":"","solution":"Remove all comments that return information that may help an attacker and fix any underlying problems they refer to.","alert":"Information Disclosure - Suspicious Comments","param":"","attack":"","name":"Information Disclosure - Suspicious Comments","risk":"Informational","id":"154","alertRef":"10027"},{"sourceid":"3","other":"This issue still applies to error type pages (401, 403, 500, etc.) as those pages are often still affected by injection issues, in which case there is still concern for browsers sniffing pages away from their actual content type.\nAt \"High\" threshold this scan rule will not alert on client or server error responses.","method":"GET","evidence":"","pluginId":"10021","cweid":"16","confidence":"Medium","wascid":"15","description":"The Anti-MIME-Sniffing header X-Content-Type-Options was not set to 'nosniff'. This allows older versions of Internet Explorer and Chrome to perform MIME-sniffing on the response body, potentially causing the response body to be interpreted and displayed as a content type other than the declared content type. Current (early 2014) and legacy versions of Firefox will use the declared content type (if one is set), rather than performing MIME-sniffing.","messageId":"21","url":"https://todoist.com/_next/static/chunks/46300902bf7c6e1374dd592a461ea5a5a6d02de9.dcfb80a6e6abd69835ad.js","reference":"http://msdn.microsoft.com/en-us/library/ie/gg622941%28v=vs.85%29.aspx\nhttps://owasp.org/www-community/Security_Headers","solution":"Ensure that the application/web server sets the Content-Type header appropriately, and that it sets the X-Content-Type-Options header to 'nosniff' for all web pages.\nIf possible, ensure that the end user uses a standards-compliant and modern web browser that does not perform MIME-sniffing at all, or that can be directed by the web application/web server to not perform MIME-sniffing.","alert":"X-Content-Type-Options Header Missing","param":"X-Content-Type-Options","attack":"","name":"X-Content-Type-Options Header Missing","risk":"Low","id":"155","alertRef":"10021"},{"sourceid":"3","other":"The following pattern was used: \\bQUERY\\b and was detected in the element starting with: \"_N_E=(window.webpackJsonp_N_E=window.webpackJsonp_N_E||[]).push([[29],{\"1TCz\":function(t,e,n){\"use strict\";n.r(e);var r=n(\"o0o1\"\", see evidence field for the suspicious comment/snippet.","method":"GET","evidence":"query","pluginId":"10027","cweid":"200","confidence":"Low","wascid":"13","description":"The response appears to contain suspicious comments which may help an attacker. Note: Matches made within script blocks or files are against the entire content not only comments.","messageId":"22","url":"https://todoist.com/_next/static/chunks/pages/_app-3b4743dbd65bee2727de.js","reference":"","solution":"Remove all comments that return information that may help an attacker and fix any underlying problems they refer to.","alert":"Information Disclosure - Suspicious Comments","param":"","attack":"","name":"Information Disclosure - Suspicious Comments","risk":"Informational","id":"156","alertRef":"10027"},{"sourceid":"3","other":"This issue still applies to error type pages (401, 403, 500, etc.) as those pages are often still affected by injection issues, in which case there is still concern for browsers sniffing pages away from their actual content type.\nAt \"High\" threshold this scan rule will not alert on client or server error responses.","method":"GET","evidence":"","pluginId":"10021","cweid":"16","confidence":"Medium","wascid":"15","description":"The Anti-MIME-Sniffing header X-Content-Type-Options was not set to 'nosniff'. This allows older versions of Internet Explorer and Chrome to perform MIME-sniffing on the response body, potentially causing the response body to be interpreted and displayed as a content type other than the declared content type. Current (early 2014) and legacy versions of Firefox will use the declared content type (if one is set), rather than performing MIME-sniffing.","messageId":"22","url":"https://todoist.com/_next/static/chunks/pages/_app-3b4743dbd65bee2727de.js","reference":"http://msdn.microsoft.com/en-us/library/ie/gg622941%28v=vs.85%29.aspx\nhttps://owasp.org/www-community/Security_Headers","solution":"Ensure that the application/web server sets the Content-Type header appropriately, and that it sets the X-Content-Type-Options header to 'nosniff' for all web pages.\nIf possible, ensure that the end user uses a standards-compliant and modern web browser that does not perform MIME-sniffing at all, or that can be directed by the web application/web server to not perform MIME-sniffing.","alert":"X-Content-Type-Options Header Missing","param":"X-Content-Type-Options","attack":"","name":"X-Content-Type-Options Header Missing","risk":"Low","id":"157","alertRef":"10021"},{"sourceid":"3","other":"The following pattern was used: \\bBUG\\b and was detected in the element starting with: \"(window.webpackJsonp_N_E=window.webpackJsonp_N_E||[]).push([[7],{\"+924\":function(e,t,n){\"use strict\";n.d(t,\"d\",(function(){retur\", see evidence field for the suspicious comment/snippet.","method":"GET","evidence":"bug","pluginId":"10027","cweid":"200","confidence":"Low","wascid":"13","description":"The response appears to contain suspicious comments which may help an attacker. Note: Matches made within script blocks or files are against the entire content not only comments.","messageId":"23","url":"https://todoist.com/_next/static/chunks/a7d9d3dc563f80f9bceeaf1fc394c88e9b2ce764.dc5ca8c774eddce1e0d7.js","reference":"","solution":"Remove all comments that return information that may help an attacker and fix any underlying problems they refer to.","alert":"Information Disclosure - Suspicious Comments","param":"","attack":"","name":"Information Disclosure - Suspicious Comments","risk":"Informational","id":"158","alertRef":"10027"},{"sourceid":"3","other":"123456789, which evaluates to: 1973-11-29 16:33:09","method":"GET","evidence":"123456789","pluginId":"10096","cweid":"200","confidence":"Low","wascid":"13","description":"A timestamp was disclosed by the application/web server - Unix","messageId":"23","url":"https://todoist.com/_next/static/chunks/a7d9d3dc563f80f9bceeaf1fc394c88e9b2ce764.dc5ca8c774eddce1e0d7.js","reference":"http://projects.webappsec.org/w/page/13246936/Information%20Leakage","solution":"Manually confirm that the timestamp data is not sensitive, and that the data cannot be aggregated to disclose exploitable patterns.","alert":"Timestamp Disclosure - Unix","param":"","attack":"","name":"Timestamp Disclosure - Unix","risk":"Informational","id":"159","alertRef":"10096"},{"sourceid":"3","other":"This issue still applies to error type pages (401, 403, 500, etc.) as those pages are often still affected by injection issues, in which case there is still concern for browsers sniffing pages away from their actual content type.\nAt \"High\" threshold this scan rule will not alert on client or server error responses.","method":"GET","evidence":"","pluginId":"10021","cweid":"16","confidence":"Medium","wascid":"15","description":"The Anti-MIME-Sniffing header X-Content-Type-Options was not set to 'nosniff'. This allows older versions of Internet Explorer and Chrome to perform MIME-sniffing on the response body, potentially causing the response body to be interpreted and displayed as a content type other than the declared content type. Current (early 2014) and legacy versions of Firefox will use the declared content type (if one is set), rather than performing MIME-sniffing.","messageId":"23","url":"https://todoist.com/_next/static/chunks/a7d9d3dc563f80f9bceeaf1fc394c88e9b2ce764.dc5ca8c774eddce1e0d7.js","reference":"http://msdn.microsoft.com/en-us/library/ie/gg622941%28v=vs.85%29.aspx\nhttps://owasp.org/www-community/Security_Headers","solution":"Ensure that the application/web server sets the Content-Type header appropriately, and that it sets the X-Content-Type-Options header to 'nosniff' for all web pages.\nIf possible, ensure that the end user uses a standards-compliant and modern web browser that does not perform MIME-sniffing at all, or that can be directed by the web application/web server to not perform MIME-sniffing.","alert":"X-Content-Type-Options Header Missing","param":"X-Content-Type-Options","attack":"","name":"X-Content-Type-Options Header Missing","risk":"Low","id":"165","alertRef":"10021"},{"sourceid":"3","other":"This issue still applies to error type pages (401, 403, 500, etc.) as those pages are often still affected by injection issues, in which case there is still concern for browsers sniffing pages away from their actual content type.\nAt \"High\" threshold this scan rule will not alert on client or server error responses.","method":"GET","evidence":"","pluginId":"10021","cweid":"16","confidence":"Medium","wascid":"15","description":"The Anti-MIME-Sniffing header X-Content-Type-Options was not set to 'nosniff'. This allows older versions of Internet Explorer and Chrome to perform MIME-sniffing on the response body, potentially causing the response body to be interpreted and displayed as a content type other than the declared content type. Current (early 2014) and legacy versions of Firefox will use the declared content type (if one is set), rather than performing MIME-sniffing.","messageId":"25","url":"https://todoist.com/_next/static/chunks/a5174a254d143c3d3d02321814728bdd71b6ab95_CSS.d6f2610c02ca1f2f8023.js","reference":"http://msdn.microsoft.com/en-us/library/ie/gg622941%28v=vs.85%29.aspx\nhttps://owasp.org/www-community/Security_Headers","solution":"Ensure that the application/web server sets the Content-Type header appropriately, and that it sets the X-Content-Type-Options header to 'nosniff' for all web pages.\nIf possible, ensure that the end user uses a standards-compliant and modern web browser that does not perform MIME-sniffing at all, or that can be directed by the web application/web server to not perform MIME-sniffing.","alert":"X-Content-Type-Options Header Missing","param":"X-Content-Type-Options","attack":"","name":"X-Content-Type-Options Header Missing","risk":"Low","id":"166","alertRef":"10021"},{"sourceid":"3","other":"This issue still applies to error type pages (401, 403, 500, etc.) as those pages are often still affected by injection issues, in which case there is still concern for browsers sniffing pages away from their actual content type.\nAt \"High\" threshold this scan rule will not alert on client or server error responses.","method":"GET","evidence":"","pluginId":"10021","cweid":"16","confidence":"Medium","wascid":"15","description":"The Anti-MIME-Sniffing header X-Content-Type-Options was not set to 'nosniff'. This allows older versions of Internet Explorer and Chrome to perform MIME-sniffing on the response body, potentially causing the response body to be interpreted and displayed as a content type other than the declared content type. Current (early 2014) and legacy versions of Firefox will use the declared content type (if one is set), rather than performing MIME-sniffing.","messageId":"26","url":"https://todoist.com/_next/static/chunks/styles.4b2dc012361942f5cf6e.js","reference":"http://msdn.microsoft.com/en-us/library/ie/gg622941%28v=vs.85%29.aspx\nhttps://owasp.org/www-community/Security_Headers","solution":"Ensure that the application/web server sets the Content-Type header appropriately, and that it sets the X-Content-Type-Options header to 'nosniff' for all web pages.\nIf possible, ensure that the end user uses a standards-compliant and modern web browser that does not perform MIME-sniffing at all, or that can be directed by the web application/web server to not perform MIME-sniffing.","alert":"X-Content-Type-Options Header Missing","param":"X-Content-Type-Options","attack":"","name":"X-Content-Type-Options Header Missing","risk":"Low","id":"167","alertRef":"10021"},{"sourceid":"3","other":"The following pattern was used: \\bDB\\b and was detected in the element starting with: \"_N_E=(window.webpackJsonp_N_E=window.webpackJsonp_N_E||[]).push([[44],{\"+RON\":function(e,t){e.exports=\"/_next/static/images/free\", see evidence field for the suspicious comment/snippet.","method":"GET","evidence":"DB","pluginId":"10027","cweid":"200","confidence":"Low","wascid":"13","description":"The response appears to contain suspicious comments which may help an attacker. Note: Matches made within script blocks or files are against the entire content not only comments.","messageId":"27","url":"https://todoist.com/_next/static/chunks/pages/index-50325ffabee779bfc84a.js","reference":"","solution":"Remove all comments that return information that may help an attacker and fix any underlying problems they refer to.","alert":"Information Disclosure - Suspicious Comments","param":"","attack":"","name":"Information Disclosure - Suspicious Comments","risk":"Informational","id":"168","alertRef":"10027"},{"sourceid":"3","other":"This issue still applies to error type pages (401, 403, 500, etc.) as those pages are often still affected by injection issues, in which case there is still concern for browsers sniffing pages away from their actual content type.\nAt \"High\" threshold this scan rule will not alert on client or server error responses.","method":"GET","evidence":"","pluginId":"10021","cweid":"16","confidence":"Medium","wascid":"15","description":"The Anti-MIME-Sniffing header X-Content-Type-Options was not set to 'nosniff'. This allows older versions of Internet Explorer and Chrome to perform MIME-sniffing on the response body, potentially causing the response body to be interpreted and displayed as a content type other than the declared content type. Current (early 2014) and legacy versions of Firefox will use the declared content type (if one is set), rather than performing MIME-sniffing.","messageId":"27","url":"https://todoist.com/_next/static/chunks/pages/index-50325ffabee779bfc84a.js","reference":"http://msdn.microsoft.com/en-us/library/ie/gg622941%28v=vs.85%29.aspx\nhttps://owasp.org/www-community/Security_Headers","solution":"Ensure that the application/web server sets the Content-Type header appropriately, and that it sets the X-Content-Type-Options header to 'nosniff' for all web pages.\nIf possible, ensure that the end user uses a standards-compliant and modern web browser that does not perform MIME-sniffing at all, or that can be directed by the web application/web server to not perform MIME-sniffing.","alert":"X-Content-Type-Options Header Missing","param":"X-Content-Type-Options","attack":"","name":"X-Content-Type-Options Header Missing","risk":"Low","id":"169","alertRef":"10021"},{"sourceid":"3","other":"The following pattern was used: \\bQUERY\\b and was detected in the element starting with: \"(window.webpackJsonp_N_E=window.webpackJsonp_N_E||[]).push([[8],{\"+9U2\":function(e,t,r){\"use strict\";let n,i,o,{isClean:s}=r(\"zo\", see evidence field for the suspicious comment/snippet.","method":"GET","evidence":"query","pluginId":"10027","cweid":"200","confidence":"Low","wascid":"13","description":"The response appears to contain suspicious comments which may help an attacker. Note: Matches made within script blocks or files are against the entire content not only comments.","messageId":"28","url":"https://todoist.com/_next/static/chunks/a5174a254d143c3d3d02321814728bdd71b6ab95.8aeeecc87435cd012b41.js","reference":"","solution":"Remove all comments that return information that may help an attacker and fix any underlying problems they refer to.","alert":"Information Disclosure - Suspicious Comments","param":"","attack":"","name":"Information Disclosure - Suspicious Comments","risk":"Informational","id":"170","alertRef":"10027"},{"sourceid":"3","other":"16711680, which evaluates to: 1970-07-13 05:08:00","method":"GET","evidence":"16711680","pluginId":"10096","cweid":"200","confidence":"Low","wascid":"13","description":"A timestamp was disclosed by the application/web server - Unix","messageId":"28","url":"https://todoist.com/_next/static/chunks/a5174a254d143c3d3d02321814728bdd71b6ab95.8aeeecc87435cd012b41.js","reference":"http://projects.webappsec.org/w/page/13246936/Information%20Leakage","solution":"Manually confirm that the timestamp data is not sensitive, and that the data cannot be aggregated to disclose exploitable patterns.","alert":"Timestamp Disclosure - Unix","param":"","attack":"","name":"Timestamp Disclosure - Unix","risk":"Informational","id":"171","alertRef":"10096"},{"sourceid":"3","other":"2147483647, which evaluates to: 2038-01-18 22:14:07","method":"GET","evidence":"2147483647","pluginId":"10096","cweid":"200","confidence":"Low","wascid":"13","description":"A timestamp was disclosed by the application/web server - Unix","messageId":"28","url":"https://todoist.com/_next/static/chunks/a5174a254d143c3d3d02321814728bdd71b6ab95.8aeeecc87435cd012b41.js","reference":"http://projects.webappsec.org/w/page/13246936/Information%20Leakage","solution":"Manually confirm that the timestamp data is not sensitive, and that the data cannot be aggregated to disclose exploitable patterns.","alert":"Timestamp Disclosure - Unix","param":"","attack":"","name":"Timestamp Disclosure - Unix","risk":"Informational","id":"172","alertRef":"10096"},{"sourceid":"3","other":"1073741823, which evaluates to: 2004-01-10 08:37:03","method":"GET","evidence":"1073741823","pluginId":"10096","cweid":"200","confidence":"Low","wascid":"13","description":"A timestamp was disclosed by the application/web server - Unix","messageId":"28","url":"https://todoist.com/_next/static/chunks/a5174a254d143c3d3d02321814728bdd71b6ab95.8aeeecc87435cd012b41.js","reference":"http://projects.webappsec.org/w/page/13246936/Information%20Leakage","solution":"Manually confirm that the timestamp data is not sensitive, and that the data cannot be aggregated to disclose exploitable patterns.","alert":"Timestamp Disclosure - Unix","param":"","attack":"","name":"Timestamp Disclosure - Unix","risk":"Informational","id":"173","alertRef":"10096"},{"sourceid":"3","other":"16777216, which evaluates to: 1970-07-13 23:20:16","method":"GET","evidence":"16777216","pluginId":"10096","cweid":"200","confidence":"Low","wascid":"13","description":"A timestamp was disclosed by the application/web server - Unix","messageId":"28","url":"https://todoist.com/_next/static/chunks/a5174a254d143c3d3d02321814728bdd71b6ab95.8aeeecc87435cd012b41.js","reference":"http://projects.webappsec.org/w/page/13246936/Information%20Leakage","solution":"Manually confirm that the timestamp data is not sensitive, and that the data cannot be aggregated to disclose exploitable patterns.","alert":"Timestamp Disclosure - Unix","param":"","attack":"","name":"Timestamp Disclosure - Unix","risk":"Informational","id":"176","alertRef":"10096"},{"sourceid":"3","other":"This issue still applies to error type pages (401, 403, 500, etc.) as those pages are often still affected by injection issues, in which case there is still concern for browsers sniffing pages away from their actual content type.\nAt \"High\" threshold this scan rule will not alert on client or server error responses.","method":"GET","evidence":"","pluginId":"10021","cweid":"16","confidence":"Medium","wascid":"15","description":"The Anti-MIME-Sniffing header X-Content-Type-Options was not set to 'nosniff'. This allows older versions of Internet Explorer and Chrome to perform MIME-sniffing on the response body, potentially causing the response body to be interpreted and displayed as a content type other than the declared content type. Current (early 2014) and legacy versions of Firefox will use the declared content type (if one is set), rather than performing MIME-sniffing.","messageId":"28","url":"https://todoist.com/_next/static/chunks/a5174a254d143c3d3d02321814728bdd71b6ab95.8aeeecc87435cd012b41.js","reference":"http://msdn.microsoft.com/en-us/library/ie/gg622941%28v=vs.85%29.aspx\nhttps://owasp.org/www-community/Security_Headers","solution":"Ensure that the application/web server sets the Content-Type header appropriately, and that it sets the X-Content-Type-Options header to 'nosniff' for all web pages.\nIf possible, ensure that the end user uses a standards-compliant and modern web browser that does not perform MIME-sniffing at all, or that can be directed by the web application/web server to not perform MIME-sniffing.","alert":"X-Content-Type-Options Header Missing","param":"X-Content-Type-Options","attack":"","name":"X-Content-Type-Options Header Missing","risk":"Low","id":"180","alertRef":"10021"},{"sourceid":"3","other":"The following pattern was used: \\bUSER\\b and was detected in the element starting with: \"self.__BUILD_MANIFEST = (function(a,b,c,d,e,f,g,h,i,j,k,l,m,n,o,p,q,r,s,t){return {__rewrites:[],\"/\":[\"static\\u002Fcss\\u002Fpage\", see evidence field for the suspicious comment/snippet.","method":"GET","evidence":"user","pluginId":"10027","cweid":"200","confidence":"Low","wascid":"13","description":"The response appears to contain suspicious comments which may help an attacker. Note: Matches made within script blocks or files are against the entire content not only comments.","messageId":"32","url":"https://todoist.com/_next/static/Su7XJ3Y1iReNK_fTNqchx/_buildManifest.js","reference":"","solution":"Remove all comments that return information that may help an attacker and fix any underlying problems they refer to.","alert":"Information Disclosure - Suspicious Comments","param":"","attack":"","name":"Information Disclosure - Suspicious Comments","risk":"Informational","id":"194","alertRef":"10027"},{"sourceid":"3","other":"This issue still applies to error type pages (401, 403, 500, etc.) as those pages are often still affected by injection issues, in which case there is still concern for browsers sniffing pages away from their actual content type.\nAt \"High\" threshold this scan rule will not alert on client or server error responses.","method":"GET","evidence":"","pluginId":"10021","cweid":"16","confidence":"Medium","wascid":"15","description":"The Anti-MIME-Sniffing header X-Content-Type-Options was not set to 'nosniff'. This allows older versions of Internet Explorer and Chrome to perform MIME-sniffing on the response body, potentially causing the response body to be interpreted and displayed as a content type other than the declared content type. Current (early 2014) and legacy versions of Firefox will use the declared content type (if one is set), rather than performing MIME-sniffing.","messageId":"32","url":"https://todoist.com/_next/static/Su7XJ3Y1iReNK_fTNqchx/_buildManifest.js","reference":"http://msdn.microsoft.com/en-us/library/ie/gg622941%28v=vs.85%29.aspx\nhttps://owasp.org/www-community/Security_Headers","solution":"Ensure that the application/web server sets the Content-Type header appropriately, and that it sets the X-Content-Type-Options header to 'nosniff' for all web pages.\nIf possible, ensure that the end user uses a standards-compliant and modern web browser that does not perform MIME-sniffing at all, or that can be directed by the web application/web server to not perform MIME-sniffing.","alert":"X-Content-Type-Options Header Missing","param":"X-Content-Type-Options","attack":"","name":"X-Content-Type-Options Header Missing","risk":"Low","id":"195","alertRef":"10021"},{"sourceid":"3","other":"This issue still applies to error type pages (401, 403, 500, etc.) as those pages are often still affected by injection issues, in which case there is still concern for browsers sniffing pages away from their actual content type.\nAt \"High\" threshold this scan rule will not alert on client or server error responses.","method":"GET","evidence":"","pluginId":"10021","cweid":"16","confidence":"Medium","wascid":"15","description":"The Anti-MIME-Sniffing header X-Content-Type-Options was not set to 'nosniff'. This allows older versions of Internet Explorer and Chrome to perform MIME-sniffing on the response body, potentially causing the response body to be interpreted and displayed as a content type other than the declared content type. Current (early 2014) and legacy versions of Firefox will use the declared content type (if one is set), rather than performing MIME-sniffing.","messageId":"35","url":"https://todoist.com/_next/static/Su7XJ3Y1iReNK_fTNqchx/_ssgManifest.js","reference":"http://msdn.microsoft.com/en-us/library/ie/gg622941%28v=vs.85%29.aspx\nhttps://owasp.org/www-community/Security_Headers","solution":"Ensure that the application/web server sets the Content-Type header appropriately, and that it sets the X-Content-Type-Options header to 'nosniff' for all web pages.\nIf possible, ensure that the end user uses a standards-compliant and modern web browser that does not perform MIME-sniffing at all, or that can be directed by the web application/web server to not perform MIME-sniffing.","alert":"X-Content-Type-Options Header Missing","param":"X-Content-Type-Options","attack":"","name":"X-Content-Type-Options Header Missing","risk":"Low","id":"196","alertRef":"10021"},{"sourceid":"3","other":"This issue still applies to error type pages (401, 403, 500, etc.) as those pages are often still affected by injection issues, in which case there is still concern for browsers sniffing pages away from their actual content type.\nAt \"High\" threshold this scan rule will not alert on client or server error responses.","method":"GET","evidence":"","pluginId":"10021","cweid":"16","confidence":"Medium","wascid":"15","description":"The Anti-MIME-Sniffing header X-Content-Type-Options was not set to 'nosniff'. This allows older versions of Internet Explorer and Chrome to perform MIME-sniffing on the response body, potentially causing the response body to be interpreted and displayed as a content type other than the declared content type. Current (early 2014) and legacy versions of Firefox will use the declared content type (if one is set), rather than performing MIME-sniffing.","messageId":"47","url":"https://todoist.com/static/fonts/Graphik-Regular-Web.woff","reference":"http://msdn.microsoft.com/en-us/library/ie/gg622941%28v=vs.85%29.aspx\nhttps://owasp.org/www-community/Security_Headers","solution":"Ensure that the application/web server sets the Content-Type header appropriately, and that it sets the X-Content-Type-Options header to 'nosniff' for all web pages.\nIf possible, ensure that the end user uses a standards-compliant and modern web browser that does not perform MIME-sniffing at all, or that can be directed by the web application/web server to not perform MIME-sniffing.","alert":"X-Content-Type-Options Header Missing","param":"X-Content-Type-Options","attack":"","name":"X-Content-Type-Options Header Missing","risk":"Low","id":"239","alertRef":"10021"},{"sourceid":"3","other":"This issue still applies to error type pages (401, 403, 500, etc.) as those pages are often still affected by injection issues, in which case there is still concern for browsers sniffing pages away from their actual content type.\nAt \"High\" threshold this scan rule will not alert on client or server error responses.","method":"GET","evidence":"","pluginId":"10021","cweid":"16","confidence":"Medium","wascid":"15","description":"The Anti-MIME-Sniffing header X-Content-Type-Options was not set to 'nosniff'. This allows older versions of Internet Explorer and Chrome to perform MIME-sniffing on the response body, potentially causing the response body to be interpreted and displayed as a content type other than the declared content type. Current (early 2014) and legacy versions of Firefox will use the declared content type (if one is set), rather than performing MIME-sniffing.","messageId":"48","url":"https://todoist.com/static/fonts/Graphik-Semibold-Web.woff","reference":"http://msdn.microsoft.com/en-us/library/ie/gg622941%28v=vs.85%29.aspx\nhttps://owasp.org/www-community/Security_Headers","solution":"Ensure that the application/web server sets the Content-Type header appropriately, and that it sets the X-Content-Type-Options header to 'nosniff' for all web pages.\nIf possible, ensure that the end user uses a standards-compliant and modern web browser that does not perform MIME-sniffing at all, or that can be directed by the web application/web server to not perform MIME-sniffing.","alert":"X-Content-Type-Options Header Missing","param":"X-Content-Type-Options","attack":"","name":"X-Content-Type-Options Header Missing","risk":"Low","id":"240","alertRef":"10021"},{"sourceid":"3","other":"This issue still applies to error type pages (401, 403, 500, etc.) as those pages are often still affected by injection issues, in which case there is still concern for browsers sniffing pages away from their actual content type.\nAt \"High\" threshold this scan rule will not alert on client or server error responses.","method":"GET","evidence":"","pluginId":"10021","cweid":"16","confidence":"Medium","wascid":"15","description":"The Anti-MIME-Sniffing header X-Content-Type-Options was not set to 'nosniff'. This allows older versions of Internet Explorer and Chrome to perform MIME-sniffing on the response body, potentially causing the response body to be interpreted and displayed as a content type other than the declared content type. Current (early 2014) and legacy versions of Firefox will use the declared content type (if one is set), rather than performing MIME-sniffing.","messageId":"51","url":"https://todoist.com/static/fonts/Caecilia-RegularItalic-Web.woff","reference":"http://msdn.microsoft.com/en-us/library/ie/gg622941%28v=vs.85%29.aspx\nhttps://owasp.org/www-community/Security_Headers","solution":"Ensure that the application/web server sets the Content-Type header appropriately, and that it sets the X-Content-Type-Options header to 'nosniff' for all web pages.\nIf possible, ensure that the end user uses a standards-compliant and modern web browser that does not perform MIME-sniffing at all, or that can be directed by the web application/web server to not perform MIME-sniffing.","alert":"X-Content-Type-Options Header Missing","param":"X-Content-Type-Options","attack":"","name":"X-Content-Type-Options Header Missing","risk":"Low","id":"241","alertRef":"10021"},{"sourceid":"3","other":"","method":"GET","evidence":"public, max-age=31536000, immutable","pluginId":"10015","cweid":"525","confidence":"Medium","wascid":"13","description":"The cache-control and pragma HTTP header have not been set properly or are missing allowing the browser and proxies to cache content.","messageId":"55","url":"https://todoist.com/static/locales/es/common.json","reference":"https://cheatsheetseries.owasp.org/cheatsheets/Session_Management_Cheat_Sheet.html#web-content-caching","solution":"Whenever possible ensure the cache-control HTTP header is set with no-cache, no-store, must-revalidate; and that the pragma HTTP header is set with no-cache.","alert":"Incomplete or No Cache-control and Pragma HTTP Header Set","param":"Cache-Control","attack":"","name":"Incomplete or No Cache-control and Pragma HTTP Header Set","risk":"Low","id":"244","alertRef":"10015"},{"sourceid":"3","other":"This issue still applies to error type pages (401, 403, 500, etc.) as those pages are often still affected by injection issues, in which case there is still concern for browsers sniffing pages away from their actual content type.\nAt \"High\" threshold this scan rule will not alert on client or server error responses.","method":"GET","evidence":"","pluginId":"10021","cweid":"16","confidence":"Medium","wascid":"15","description":"The Anti-MIME-Sniffing header X-Content-Type-Options was not set to 'nosniff'. This allows older versions of Internet Explorer and Chrome to perform MIME-sniffing on the response body, potentially causing the response body to be interpreted and displayed as a content type other than the declared content type. Current (early 2014) and legacy versions of Firefox will use the declared content type (if one is set), rather than performing MIME-sniffing.","messageId":"55","url":"https://todoist.com/static/locales/es/common.json","reference":"http://msdn.microsoft.com/en-us/library/ie/gg622941%28v=vs.85%29.aspx\nhttps://owasp.org/www-community/Security_Headers","solution":"Ensure that the application/web server sets the Content-Type header appropriately, and that it sets the X-Content-Type-Options header to 'nosniff' for all web pages.\nIf possible, ensure that the end user uses a standards-compliant and modern web browser that does not perform MIME-sniffing at all, or that can be directed by the web application/web server to not perform MIME-sniffing.","alert":"X-Content-Type-Options Header Missing","param":"X-Content-Type-Options","attack":"","name":"X-Content-Type-Options Header Missing","risk":"Low","id":"245","alertRef":"10021"},{"sourceid":"3","other":"","method":"GET","evidence":"public, max-age=31536000, immutable","pluginId":"10015","cweid":"525","confidence":"Medium","wascid":"13","description":"The cache-control and pragma HTTP header have not been set properly or are missing allowing the browser and proxies to cache content.","messageId":"58","url":"https://todoist.com/static/locales/en/common.json","reference":"https://cheatsheetseries.owasp.org/cheatsheets/Session_Management_Cheat_Sheet.html#web-content-caching","solution":"Whenever possible ensure the cache-control HTTP header is set with no-cache, no-store, must-revalidate; and that the pragma HTTP header is set with no-cache.","alert":"Incomplete or No Cache-control and Pragma HTTP Header Set","param":"Cache-Control","attack":"","name":"Incomplete or No Cache-control and Pragma HTTP Header Set","risk":"Low","id":"246","alertRef":"10015"},{"sourceid":"3","other":"This issue still applies to error type pages (401, 403, 500, etc.) as those pages are often still affected by injection issues, in which case there is still concern for browsers sniffing pages away from their actual content type.\nAt \"High\" threshold this scan rule will not alert on client or server error responses.","method":"GET","evidence":"","pluginId":"10021","cweid":"16","confidence":"Medium","wascid":"15","description":"The Anti-MIME-Sniffing header X-Content-Type-Options was not set to 'nosniff'. This allows older versions of Internet Explorer and Chrome to perform MIME-sniffing on the response body, potentially causing the response body to be interpreted and displayed as a content type other than the declared content type. Current (early 2014) and legacy versions of Firefox will use the declared content type (if one is set), rather than performing MIME-sniffing.","messageId":"58","url":"https://todoist.com/static/locales/en/common.json","reference":"http://msdn.microsoft.com/en-us/library/ie/gg622941%28v=vs.85%29.aspx\nhttps://owasp.org/www-community/Security_Headers","solution":"Ensure that the application/web server sets the Content-Type header appropriately, and that it sets the X-Content-Type-Options header to 'nosniff' for all web pages.\nIf possible, ensure that the end user uses a standards-compliant and modern web browser that does not perform MIME-sniffing at all, or that can be directed by the web application/web server to not perform MIME-sniffing.","alert":"X-Content-Type-Options Header Missing","param":"X-Content-Type-Options","attack":"","name":"X-Content-Type-Options Header Missing","risk":"Low","id":"247","alertRef":"10021"},{"sourceid":"3","other":"","method":"GET","evidence":"","pluginId":"10015","cweid":"525","confidence":"Medium","wascid":"13","description":"The cache-control and pragma HTTP header have not been set properly or are missing allowing the browser and proxies to cache content.","messageId":"132","url":"https://todoist.com/users/showlogin","reference":"https://cheatsheetseries.owasp.org/cheatsheets/Session_Management_Cheat_Sheet.html#web-content-caching","solution":"Whenever possible ensure the cache-control HTTP header is set with no-cache, no-store, must-revalidate; and that the pragma HTTP header is set with no-cache.","alert":"Incomplete or No Cache-control and Pragma HTTP Header Set","param":"Cache-Control","attack":"","name":"Incomplete or No Cache-control and Pragma HTTP Header Set","risk":"Low","id":"314","alertRef":"10015"},{"sourceid":"3","other":"","method":"GET","evidence":"Set-Cookie: csrf","pluginId":"10010","cweid":"16","confidence":"Medium","wascid":"13","description":"A cookie has been set without the HttpOnly flag, which means that the cookie can be accessed by JavaScript. If a malicious script can be run on this page then the cookie will be accessible and can be transmitted to another site. If this is a session cookie then session hijacking may be possible.","messageId":"132","url":"https://todoist.com/users/showlogin","reference":"https://owasp.org/www-community/HttpOnly","solution":"Ensure that the HttpOnly flag is set for all cookies.","alert":"Cookie No HttpOnly Flag","param":"csrf","attack":"","name":"Cookie No HttpOnly Flag","risk":"Low","id":"315","alertRef":"10010"},{"sourceid":"3","other":"","method":"GET","evidence":"Set-Cookie: csrf","pluginId":"10054","cweid":"16","confidence":"Medium","wascid":"13","description":"A cookie has been set with an invalid SameSite attribute value, which means that the cookie can be sent as a result of a 'cross-site' request. The SameSite attribute is an effective counter measure to cross-site request forgery, cross-site script inclusion, and timing attacks.","messageId":"132","url":"https://todoist.com/users/showlogin","reference":"https://tools.ietf.org/html/draft-ietf-httpbis-cookie-same-site","solution":"Ensure that the SameSite attribute is set to either 'lax' or ideally 'strict' for all cookies.","alert":"Cookie Without SameSite Attribute","param":"csrf","attack":"","name":"Cookie Without SameSite Attribute","risk":"Low","id":"316","alertRef":"10054"},{"sourceid":"3","other":"","method":"GET","evidence":"<script type=\"text/javascript\" src=\"https://d3ptyyxy2at9ui.cloudfront.net/es-ab54e0.js\"><\/script>","pluginId":"10017","cweid":"829","confidence":"Medium","wascid":"15","description":"The page includes one or more script files from a third-party domain.","messageId":"132","url":"https://todoist.com/users/showlogin","reference":"","solution":"Ensure JavaScript source files are loaded from only trusted sources, and the sources can't be controlled by end users of the application.","alert":"Cross-Domain JavaScript Source File Inclusion","param":"https://d3ptyyxy2at9ui.cloudfront.net/es-ab54e0.js","attack":"","name":"Cross-Domain JavaScript Source File Inclusion","risk":"Low","id":"317","alertRef":"10017"},{"sourceid":"3","other":"","method":"GET","evidence":"<script type=\"text/javascript\" src=\"https://d3ptyyxy2at9ui.cloudfront.net/Col_ICECollection-8b8f90.js\" ><\/script>","pluginId":"10017","cweid":"829","confidence":"Medium","wascid":"15","description":"The page includes one or more script files from a third-party domain.","messageId":"132","url":"https://todoist.com/users/showlogin","reference":"","solution":"Ensure JavaScript source files are loaded from only trusted sources, and the sources can't be controlled by end users of the application.","alert":"Cross-Domain JavaScript Source File Inclusion","param":"https://d3ptyyxy2at9ui.cloudfront.net/Col_ICECollection-8b8f90.js","attack":"","name":"Cross-Domain JavaScript Source File Inclusion","risk":"Low","id":"318","alertRef":"10017"},{"sourceid":"3","other":"","method":"GET","evidence":"<script type=\"text/javascript\" src=\"https://d3ptyyxy2at9ui.cloudfront.net/GreyBox-b6bb57.js\" ><\/script>","pluginId":"10017","cweid":"829","confidence":"Medium","wascid":"15","description":"The page includes one or more script files from a third-party domain.","messageId":"132","url":"https://todoist.com/users/showlogin","reference":"","solution":"Ensure JavaScript source files are loaded from only trusted sources, and the sources can't be controlled by end users of the application.","alert":"Cross-Domain JavaScript Source File Inclusion","param":"https://d3ptyyxy2at9ui.cloudfront.net/GreyBox-b6bb57.js","attack":"","name":"Cross-Domain JavaScript Source File Inclusion","risk":"Low","id":"319","alertRef":"10017"},{"sourceid":"3","other":"","method":"GET","evidence":"<script type=\"text/javascript\" src=\"https://d3ptyyxy2at9ui.cloudfront.net/Col_StandalonePageCollection-d72ac1.js\" ><\/script>","pluginId":"10017","cweid":"829","confidence":"Medium","wascid":"15","description":"The page includes one or more script files from a third-party domain.","messageId":"132","url":"https://todoist.com/users/showlogin","reference":"","solution":"Ensure JavaScript source files are loaded from only trusted sources, and the sources can't be controlled by end users of the application.","alert":"Cross-Domain JavaScript Source File Inclusion","param":"https://d3ptyyxy2at9ui.cloudfront.net/Col_StandalonePageCollection-d72ac1.js","attack":"","name":"Cross-Domain JavaScript Source File Inclusion","risk":"Low","id":"320","alertRef":"10017"},{"sourceid":"3","other":"","method":"GET","evidence":"<script type=\"text/javascript\" src=\"https://d3ptyyxy2at9ui.cloudfront.net/Col_PluginCollection-f907f0.js\" ><\/script>","pluginId":"10017","cweid":"829","confidence":"Medium","wascid":"15","description":"The page includes one or more script files from a third-party domain.","messageId":"132","url":"https://todoist.com/users/showlogin","reference":"","solution":"Ensure JavaScript source files are loaded from only trusted sources, and the sources can't be controlled by end users of the application.","alert":"Cross-Domain JavaScript Source File Inclusion","param":"https://d3ptyyxy2at9ui.cloudfront.net/Col_PluginCollection-f907f0.js","attack":"","name":"Cross-Domain JavaScript Source File Inclusion","risk":"Low","id":"322","alertRef":"10017"},{"sourceid":"3","other":"","method":"GET","evidence":"<script type=\"text/javascript\" src=\"https://d3ptyyxy2at9ui.cloudfront.net/ist_button-56a55c.js\" ><\/script>","pluginId":"10017","cweid":"829","confidence":"Medium","wascid":"15","description":"The page includes one or more script files from a third-party domain.","messageId":"132","url":"https://todoist.com/users/showlogin","reference":"","solution":"Ensure JavaScript source files are loaded from only trusted sources, and the sources can't be controlled by end users of the application.","alert":"Cross-Domain JavaScript Source File Inclusion","param":"https://d3ptyyxy2at9ui.cloudfront.net/ist_button-56a55c.js","attack":"","name":"Cross-Domain JavaScript Source File Inclusion","risk":"Low","id":"323","alertRef":"10017"},{"sourceid":"3","other":"","method":"GET","evidence":"<script type=\"text/javascript\" src=\"https://d3ptyyxy2at9ui.cloudfront.net/Col_LoginSignupCollection-976c4c.js\" ><\/script>","pluginId":"10017","cweid":"829","confidence":"Medium","wascid":"15","description":"The page includes one or more script files from a third-party domain.","messageId":"132","url":"https://todoist.com/users/showlogin","reference":"","solution":"Ensure JavaScript source files are loaded from only trusted sources, and the sources can't be controlled by end users of the application.","alert":"Cross-Domain JavaScript Source File Inclusion","param":"https://d3ptyyxy2at9ui.cloudfront.net/Col_LoginSignupCollection-976c4c.js","attack":"","name":"Cross-Domain JavaScript Source File Inclusion","risk":"Low","id":"324","alertRef":"10017"},{"sourceid":"3","other":"This issue still applies to error type pages (401, 403, 500, etc.) as those pages are often still affected by injection issues, in which case there is still concern for browsers sniffing pages away from their actual content type.\nAt \"High\" threshold this scan rule will not alert on client or server error responses.","method":"GET","evidence":"","pluginId":"10021","cweid":"16","confidence":"Medium","wascid":"15","description":"The Anti-MIME-Sniffing header X-Content-Type-Options was not set to 'nosniff'. This allows older versions of Internet Explorer and Chrome to perform MIME-sniffing on the response body, potentially causing the response body to be interpreted and displayed as a content type other than the declared content type. Current (early 2014) and legacy versions of Firefox will use the declared content type (if one is set), rather than performing MIME-sniffing.","messageId":"132","url":"https://todoist.com/users/showlogin","reference":"http://msdn.microsoft.com/en-us/library/ie/gg622941%28v=vs.85%29.aspx\nhttps://owasp.org/www-community/Security_Headers","solution":"Ensure that the application/web server sets the Content-Type header appropriately, and that it sets the X-Content-Type-Options header to 'nosniff' for all web pages.\nIf possible, ensure that the end user uses a standards-compliant and modern web browser that does not perform MIME-sniffing at all, or that can be directed by the web application/web server to not perform MIME-sniffing.","alert":"X-Content-Type-Options Header Missing","param":"X-Content-Type-Options","attack":"","name":"X-Content-Type-Options Header Missing","risk":"Low","id":"325","alertRef":"10021"},{"sourceid":"3","other":"","method":"GET","evidence":"","pluginId":"10020","cweid":"16","confidence":"Medium","wascid":"15","description":"X-Frame-Options header is not included in the HTTP response to protect against 'ClickJacking' attacks.","messageId":"132","url":"https://todoist.com/users/showlogin","reference":"https://developer.mozilla.org/en-US/docs/Web/HTTP/Headers/X-Frame-Options","solution":"Most modern Web browsers support the X-Frame-Options HTTP header. Ensure it's set on all web pages returned by your site (if you expect the page to be framed only by pages on your server (e.g. it's part of a FRAMESET) then you'll want to use SAMEORIGIN, otherwise if you never expect the page to be framed, you should use DENY. Alternatively consider implementing Content Security Policy's \"frame-ancestors\" directive. ","alert":"X-Frame-Options Header Not Set","param":"X-Frame-Options","attack":"","name":"X-Frame-Options Header Not Set","risk":"Medium","id":"326","alertRef":"10020"},{"sourceid":"3","other":"","method":"POST","evidence":"Set-Cookie: todoistd","pluginId":"10054","cweid":"16","confidence":"Medium","wascid":"13","description":"A cookie has been set with an invalid SameSite attribute value, which means that the cookie can be sent as a result of a 'cross-site' request. The SameSite attribute is an effective counter measure to cross-site request forgery, cross-site script inclusion, and timing attacks.","messageId":"156","url":"https://todoist.com/Users/login","reference":"https://tools.ietf.org/html/draft-ietf-httpbis-cookie-same-site","solution":"Ensure that the SameSite attribute is set to either 'lax' or ideally 'strict' for all cookies.","alert":"Cookie Without SameSite Attribute","param":"todoistd","attack":"","name":"Cookie Without SameSite Attribute","risk":"Low","id":"371","alertRef":"10054"},{"sourceid":"3","other":"31536000, which evaluates to: 1970-12-31 19:00:00","method":"POST","evidence":"31536000","pluginId":"10096","cweid":"200","confidence":"Low","wascid":"13","description":"A timestamp was disclosed by the application/web server - Unix","messageId":"156","url":"https://todoist.com/Users/login","reference":"http://projects.webappsec.org/w/page/13246936/Information%20Leakage","solution":"Manually confirm that the timestamp data is not sensitive, and that the data cannot be aggregated to disclose exploitable patterns.","alert":"Timestamp Disclosure - Unix","param":"","attack":"","name":"Timestamp Disclosure - Unix","risk":"Informational","id":"372","alertRef":"10096"},{"sourceid":"3","other":"The response contained multiple CSP headers, one or more of them contained a report-uri directive and therefore they could not be merged. The first identified header/policy was analyzed.","method":"GET","evidence":"default-src 'self' wss://*.todoist.com https://www.google-analytics.com https://o476415.ingest.sentry.io https://d3ptyyxy2at9ui.cloudfront.net https://dcff1xvirvpfp.cloudfront.net https://d266vjxpnndrqi.cloudfront.net https://x-api.rollout.io https://statestore.rollout.io https://conf.rollout.io https://push.rollout.io https://analytic.rollout.io https://browser.sentry-cdn.com https://www.dropbox.com/static/api/2/dropins.js https://apis.google.com https://*.todoist.com https://todoist.com https://maps.googleapis.com https://fonts.gstatic.com; style-src 'self' wss://*.todoist.com https://www.google-analytics.com https://o476415.ingest.sentry.io https://d3ptyyxy2at9ui.cloudfront.net https://dcff1xvirvpfp.cloudfront.net https://d266vjxpnndrqi.cloudfront.net https://x-api.rollout.io https://statestore.rollout.io https://conf.rollout.io https://push.rollout.io https://analytic.rollout.io https://browser.sentry-cdn.com https://www.dropbox.com/static/api/2/dropins.js https://apis.google.com https://*.todoist.com https://todoist.com https://maps.googleapis.com https://fonts.gstatic.com 'unsafe-inline' https://fonts.googleapis.com; img-src 'self' data:  https://d3ptyyxy2at9ui.cloudfront.net https://dcff1xvirvpfp.cloudfront.net https://d266vjxpnndrqi.cloudfront.net https://d1x0mwiac2rqwt.cloudfront.net https://avatars.doist.com https://image-resize.todoist.com https://maps.gstatic.com https://*.googleapis.com https://*.ggpht https://twemoji.maxcdn.com https://www.google-analytics.com; media-src 'self' https://d1ysz50cxb9zwl.cloudfront.net https://d3ptyyxy2at9ui.cloudfront.net https://files.todoist.com; frame-src 'self' https://www.dropbox.com https://accounts.google.com https://docs.google.com; report-uri /csp_report","pluginId":"10055","cweid":"16","confidence":"Medium","wascid":"15","description":"Info Items:\n1:1715: A draft of the next version of CSP deprecates report-uri in favour of a new report-to directive.\n","messageId":"158","url":"https://todoist.com/app/","reference":"http://www.w3.org/TR/CSP2/\nhttp://www.w3.org/TR/CSP/\nhttp://caniuse.com/#search=content+security+policy\nhttp://content-security-policy.com/\nhttps://github.com/shapesecurity/salvation\nhttps://developers.google.com/web/fundamentals/security/csp#policy_applies_to_a_wide_variety_of_resources","solution":"Ensure that your web server, application server, load balancer, etc. is properly configured to set the Content-Security-Policy header.","alert":"CSP: Notices","param":"Content-Security-Policy","attack":"","name":"CSP: Notices","risk":"Informational","id":"373","alertRef":"10055"},{"sourceid":"3","other":"The response contained multiple CSP headers, one or more of them contained a report-uri directive and therefore they could not be merged. The first identified header/policy was analyzed.","method":"GET","evidence":"default-src 'self' wss://*.todoist.com https://www.google-analytics.com https://o476415.ingest.sentry.io https://d3ptyyxy2at9ui.cloudfront.net https://dcff1xvirvpfp.cloudfront.net https://d266vjxpnndrqi.cloudfront.net https://x-api.rollout.io https://statestore.rollout.io https://conf.rollout.io https://push.rollout.io https://analytic.rollout.io https://browser.sentry-cdn.com https://www.dropbox.com/static/api/2/dropins.js https://apis.google.com https://*.todoist.com https://todoist.com https://maps.googleapis.com https://fonts.gstatic.com; style-src 'self' wss://*.todoist.com https://www.google-analytics.com https://o476415.ingest.sentry.io https://d3ptyyxy2at9ui.cloudfront.net https://dcff1xvirvpfp.cloudfront.net https://d266vjxpnndrqi.cloudfront.net https://x-api.rollout.io https://statestore.rollout.io https://conf.rollout.io https://push.rollout.io https://analytic.rollout.io https://browser.sentry-cdn.com https://www.dropbox.com/static/api/2/dropins.js https://apis.google.com https://*.todoist.com https://todoist.com https://maps.googleapis.com https://fonts.gstatic.com 'unsafe-inline' https://fonts.googleapis.com; img-src 'self' data:  https://d3ptyyxy2at9ui.cloudfront.net https://dcff1xvirvpfp.cloudfront.net https://d266vjxpnndrqi.cloudfront.net https://d1x0mwiac2rqwt.cloudfront.net https://avatars.doist.com https://image-resize.todoist.com https://maps.gstatic.com https://*.googleapis.com https://*.ggpht https://twemoji.maxcdn.com https://www.google-analytics.com; media-src 'self' https://d1ysz50cxb9zwl.cloudfront.net https://d3ptyyxy2at9ui.cloudfront.net https://files.todoist.com; frame-src 'self' https://www.dropbox.com https://accounts.google.com https://docs.google.com; report-uri /csp_report","pluginId":"10055","cweid":"16","confidence":"Medium","wascid":"15","description":"The following directives either allow wildcard sources (or ancestors), are not defined, or are overly broadly defined: \nframe-ancestors, form-action\n\nThe directive(s): frame-ancestors, form-action are among the directives that do not fallback to default-src, missing/excluding them is the same as allowing anything.","messageId":"158","url":"https://todoist.com/app/","reference":"http://www.w3.org/TR/CSP2/\nhttp://www.w3.org/TR/CSP/\nhttp://caniuse.com/#search=content+security+policy\nhttp://content-security-policy.com/\nhttps://github.com/shapesecurity/salvation\nhttps://developers.google.com/web/fundamentals/security/csp#policy_applies_to_a_wide_variety_of_resources","solution":"Ensure that your web server, application server, load balancer, etc. is properly configured to set the Content-Security-Policy header.","alert":"CSP: Wildcard Directive","param":"Content-Security-Policy","attack":"","name":"CSP: Wildcard Directive","risk":"Medium","id":"374","alertRef":"10055"},{"sourceid":"3","other":"The response contained multiple CSP headers, one or more of them contained a report-uri directive and therefore they could not be merged. The first identified header/policy was analyzed.","method":"GET","evidence":"default-src 'self' wss://*.todoist.com https://www.google-analytics.com https://o476415.ingest.sentry.io https://d3ptyyxy2at9ui.cloudfront.net https://dcff1xvirvpfp.cloudfront.net https://d266vjxpnndrqi.cloudfront.net https://x-api.rollout.io https://statestore.rollout.io https://conf.rollout.io https://push.rollout.io https://analytic.rollout.io https://browser.sentry-cdn.com https://www.dropbox.com/static/api/2/dropins.js https://apis.google.com https://*.todoist.com https://todoist.com https://maps.googleapis.com https://fonts.gstatic.com; style-src 'self' wss://*.todoist.com https://www.google-analytics.com https://o476415.ingest.sentry.io https://d3ptyyxy2at9ui.cloudfront.net https://dcff1xvirvpfp.cloudfront.net https://d266vjxpnndrqi.cloudfront.net https://x-api.rollout.io https://statestore.rollout.io https://conf.rollout.io https://push.rollout.io https://analytic.rollout.io https://browser.sentry-cdn.com https://www.dropbox.com/static/api/2/dropins.js https://apis.google.com https://*.todoist.com https://todoist.com https://maps.googleapis.com https://fonts.gstatic.com 'unsafe-inline' https://fonts.googleapis.com; img-src 'self' data:  https://d3ptyyxy2at9ui.cloudfront.net https://dcff1xvirvpfp.cloudfront.net https://d266vjxpnndrqi.cloudfront.net https://d1x0mwiac2rqwt.cloudfront.net https://avatars.doist.com https://image-resize.todoist.com https://maps.gstatic.com https://*.googleapis.com https://*.ggpht https://twemoji.maxcdn.com https://www.google-analytics.com; media-src 'self' https://d1ysz50cxb9zwl.cloudfront.net https://d3ptyyxy2at9ui.cloudfront.net https://files.todoist.com; frame-src 'self' https://www.dropbox.com https://accounts.google.com https://docs.google.com; report-uri /csp_report","pluginId":"10055","cweid":"16","confidence":"Medium","wascid":"15","description":"style-src includes unsafe-inline.","messageId":"158","url":"https://todoist.com/app/","reference":"http://www.w3.org/TR/CSP2/\nhttp://www.w3.org/TR/CSP/\nhttp://caniuse.com/#search=content+security+policy\nhttp://content-security-policy.com/\nhttps://github.com/shapesecurity/salvation\nhttps://developers.google.com/web/fundamentals/security/csp#policy_applies_to_a_wide_variety_of_resources","solution":"Ensure that your web server, application server, load balancer, etc. is properly configured to set the Content-Security-Policy header.","alert":"CSP: style-src unsafe-inline","param":"Content-Security-Policy","attack":"","name":"CSP: style-src unsafe-inline","risk":"Medium","id":"375","alertRef":"10055"},{"sourceid":"3","other":"","method":"GET","evidence":"<script src=\"https://d3ptyyxy2at9ui.cloudfront.net/assets/initTheme.b1a12b68f418d0aa0577144c7364b8ab.js\"><\/script>","pluginId":"10017","cweid":"829","confidence":"Medium","wascid":"15","description":"The page includes one or more script files from a third-party domain.","messageId":"158","url":"https://todoist.com/app/","reference":"","solution":"Ensure JavaScript source files are loaded from only trusted sources, and the sources can't be controlled by end users of the application.","alert":"Cross-Domain JavaScript Source File Inclusion","param":"https://d3ptyyxy2at9ui.cloudfront.net/assets/initTheme.b1a12b68f418d0aa0577144c7364b8ab.js","attack":"","name":"Cross-Domain JavaScript Source File Inclusion","risk":"Low","id":"376","alertRef":"10017"},{"sourceid":"3","other":"","method":"GET","evidence":"<script async src=\"https://www.google-analytics.com/analytics.js\"><\/script>","pluginId":"10017","cweid":"829","confidence":"Medium","wascid":"15","description":"The page includes one or more script files from a third-party domain.","messageId":"158","url":"https://todoist.com/app/","reference":"","solution":"Ensure JavaScript source files are loaded from only trusted sources, and the sources can't be controlled by end users of the application.","alert":"Cross-Domain JavaScript Source File Inclusion","param":"https://www.google-analytics.com/analytics.js","attack":"","name":"Cross-Domain JavaScript Source File Inclusion","risk":"Low","id":"377","alertRef":"10017"},{"sourceid":"3","other":"","method":"GET","evidence":"<script src=\"https://d3ptyyxy2at9ui.cloudfront.net/assets/vendor.c9e825411fdc24f1ec7a.js\"><\/script>","pluginId":"10017","cweid":"829","confidence":"Medium","wascid":"15","description":"The page includes one or more script files from a third-party domain.","messageId":"158","url":"https://todoist.com/app/","reference":"","solution":"Ensure JavaScript source files are loaded from only trusted sources, and the sources can't be controlled by end users of the application.","alert":"Cross-Domain JavaScript Source File Inclusion","param":"https://d3ptyyxy2at9ui.cloudfront.net/assets/vendor.c9e825411fdc24f1ec7a.js","attack":"","name":"Cross-Domain JavaScript Source File Inclusion","risk":"Low","id":"378","alertRef":"10017"},{"sourceid":"3","other":"","method":"GET","evidence":"<script src=\"https://d3ptyyxy2at9ui.cloudfront.net/assets/app.1cf113e26f9d2c0630ec.js\"><\/script>","pluginId":"10017","cweid":"829","confidence":"Medium","wascid":"15","description":"The page includes one or more script files from a third-party domain.","messageId":"158","url":"https://todoist.com/app/","reference":"","solution":"Ensure JavaScript source files are loaded from only trusted sources, and the sources can't be controlled by end users of the application.","alert":"Cross-Domain JavaScript Source File Inclusion","param":"https://d3ptyyxy2at9ui.cloudfront.net/assets/app.1cf113e26f9d2c0630ec.js","attack":"","name":"Cross-Domain JavaScript Source File Inclusion","risk":"Low","id":"379","alertRef":"10017"},{"sourceid":"3","other":"572688855, which evaluates to: 1988-02-24 03:14:15","method":"GET","evidence":"572688855","pluginId":"10096","cweid":"200","confidence":"Low","wascid":"13","description":"A timestamp was disclosed by the application/web server - Unix","messageId":"158","url":"https://todoist.com/app/","reference":"http://projects.webappsec.org/w/page/13246936/Information%20Leakage","solution":"Manually confirm that the timestamp data is not sensitive, and that the data cannot be aggregated to disclose exploitable patterns.","alert":"Timestamp Disclosure - Unix","param":"","attack":"","name":"Timestamp Disclosure - Unix","risk":"Informational","id":"380","alertRef":"10096"},{"sourceid":"3","other":"This issue still applies to error type pages (401, 403, 500, etc.) as those pages are often still affected by injection issues, in which case there is still concern for browsers sniffing pages away from their actual content type.\nAt \"High\" threshold this scan rule will not alert on client or server error responses.","method":"GET","evidence":"","pluginId":"10021","cweid":"16","confidence":"Medium","wascid":"15","description":"The Anti-MIME-Sniffing header X-Content-Type-Options was not set to 'nosniff'. This allows older versions of Internet Explorer and Chrome to perform MIME-sniffing on the response body, potentially causing the response body to be interpreted and displayed as a content type other than the declared content type. Current (early 2014) and legacy versions of Firefox will use the declared content type (if one is set), rather than performing MIME-sniffing.","messageId":"158","url":"https://todoist.com/app/","reference":"http://msdn.microsoft.com/en-us/library/ie/gg622941%28v=vs.85%29.aspx\nhttps://owasp.org/www-community/Security_Headers","solution":"Ensure that the application/web server sets the Content-Type header appropriately, and that it sets the X-Content-Type-Options header to 'nosniff' for all web pages.\nIf possible, ensure that the end user uses a standards-compliant and modern web browser that does not perform MIME-sniffing at all, or that can be directed by the web application/web server to not perform MIME-sniffing.","alert":"X-Content-Type-Options Header Missing","param":"X-Content-Type-Options","attack":"","name":"X-Content-Type-Options Header Missing","risk":"Low","id":"381","alertRef":"10021"},{"sourceid":"3","other":"","method":"GET","evidence":"","pluginId":"10020","cweid":"16","confidence":"Medium","wascid":"15","description":"X-Frame-Options header is not included in the HTTP response to protect against 'ClickJacking' attacks.","messageId":"158","url":"https://todoist.com/app/","reference":"https://developer.mozilla.org/en-US/docs/Web/HTTP/Headers/X-Frame-Options","solution":"Most modern Web browsers support the X-Frame-Options HTTP header. Ensure it's set on all web pages returned by your site (if you expect the page to be framed only by pages on your server (e.g. it's part of a FRAMESET) then you'll want to use SAMEORIGIN, otherwise if you never expect the page to be framed, you should use DENY. Alternatively consider implementing Content Security Policy's \"frame-ancestors\" directive. ","alert":"X-Frame-Options Header Not Set","param":"X-Frame-Options","attack":"","name":"X-Frame-Options Header Not Set","risk":"Medium","id":"382","alertRef":"10020"},{"sourceid":"3","other":"","method":"POST","evidence":"no-cache","pluginId":"10015","cweid":"525","confidence":"Medium","wascid":"13","description":"The cache-control and pragma HTTP header have not been set properly or are missing allowing the browser and proxies to cache content.","messageId":"166","url":"https://todoist.com/API/v8.7/sync","reference":"https://cheatsheetseries.owasp.org/cheatsheets/Session_Management_Cheat_Sheet.html#web-content-caching","solution":"Whenever possible ensure the cache-control HTTP header is set with no-cache, no-store, must-revalidate; and that the pragma HTTP header is set with no-cache.","alert":"Incomplete or No Cache-control and Pragma HTTP Header Set","param":"Cache-Control","attack":"","name":"Incomplete or No Cache-control and Pragma HTTP Header Set","risk":"Low","id":"656","alertRef":"10015"},{"sourceid":"3","other":"1344642991, which evaluates to: 2012-08-10 18:56:31","method":"POST","evidence":"1344642991","pluginId":"10096","cweid":"200","confidence":"Low","wascid":"13","description":"A timestamp was disclosed by the application/web server - Unix","messageId":"166","url":"https://todoist.com/API/v8.7/sync","reference":"http://projects.webappsec.org/w/page/13246936/Information%20Leakage","solution":"Manually confirm that the timestamp data is not sensitive, and that the data cannot be aggregated to disclose exploitable patterns.","alert":"Timestamp Disclosure - Unix","param":"","attack":"","name":"Timestamp Disclosure - Unix","risk":"Informational","id":"657","alertRef":"10096"},{"sourceid":"3","other":"33304136, which evaluates to: 1971-01-21 06:08:56","method":"POST","evidence":"33304136","pluginId":"10096","cweid":"200","confidence":"Low","wascid":"13","description":"A timestamp was disclosed by the application/web server - Unix","messageId":"166","url":"https://todoist.com/API/v8.7/sync","reference":"http://projects.webappsec.org/w/page/13246936/Information%20Leakage","solution":"Manually confirm that the timestamp data is not sensitive, and that the data cannot be aggregated to disclose exploitable patterns.","alert":"Timestamp Disclosure - Unix","param":"","attack":"","name":"Timestamp Disclosure - Unix","risk":"Informational","id":"658","alertRef":"10096"},{"sourceid":"3","other":"43476449, which evaluates to: 1971-05-18 23:47:29","method":"POST","evidence":"43476449","pluginId":"10096","cweid":"200","confidence":"Low","wascid":"13","description":"A timestamp was disclosed by the application/web server - Unix","messageId":"166","url":"https://todoist.com/API/v8.7/sync","reference":"http://projects.webappsec.org/w/page/13246936/Information%20Leakage","solution":"Manually confirm that the timestamp data is not sensitive, and that the data cannot be aggregated to disclose exploitable patterns.","alert":"Timestamp Disclosure - Unix","param":"","attack":"","name":"Timestamp Disclosure - Unix","risk":"Informational","id":"659","alertRef":"10096"},{"sourceid":"3","other":"43476450, which evaluates to: 1971-05-18 23:47:30","method":"POST","evidence":"43476450","pluginId":"10096","cweid":"200","confidence":"Low","wascid":"13","description":"A timestamp was disclosed by the application/web server - Unix","messageId":"166","url":"https://todoist.com/API/v8.7/sync","reference":"http://projects.webappsec.org/w/page/13246936/Information%20Leakage","solution":"Manually confirm that the timestamp data is not sensitive, and that the data cannot be aggregated to disclose exploitable patterns.","alert":"Timestamp Disclosure - Unix","param":"","attack":"","name":"Timestamp Disclosure - Unix","risk":"Informational","id":"674","alertRef":"10096"},{"sourceid":"3","other":"43476451, which evaluates to: 1971-05-18 23:47:31","method":"POST","evidence":"43476451","pluginId":"10096","cweid":"200","confidence":"Low","wascid":"13","description":"A timestamp was disclosed by the application/web server - Unix","messageId":"166","url":"https://todoist.com/API/v8.7/sync","reference":"http://projects.webappsec.org/w/page/13246936/Information%20Leakage","solution":"Manually confirm that the timestamp data is not sensitive, and that the data cannot be aggregated to disclose exploitable patterns.","alert":"Timestamp Disclosure - Unix","param":"","attack":"","name":"Timestamp Disclosure - Unix","risk":"Informational","id":"680","alertRef":"10096"},{"sourceid":"3","other":"43476452, which evaluates to: 1971-05-18 23:47:32","method":"POST","evidence":"43476452","pluginId":"10096","cweid":"200","confidence":"Low","wascid":"13","description":"A timestamp was disclosed by the application/web server - Unix","messageId":"166","url":"https://todoist.com/API/v8.7/sync","reference":"http://projects.webappsec.org/w/page/13246936/Information%20Leakage","solution":"Manually confirm that the timestamp data is not sensitive, and that the data cannot be aggregated to disclose exploitable patterns.","alert":"Timestamp Disclosure - Unix","param":"","attack":"","name":"Timestamp Disclosure - Unix","risk":"Informational","id":"686","alertRef":"10096"},{"sourceid":"3","other":"205325931, which evaluates to: 1976-07-04 05:58:51","method":"POST","evidence":"205325931","pluginId":"10096","cweid":"200","confidence":"Low","wascid":"13","description":"A timestamp was disclosed by the application/web server - Unix","messageId":"166","url":"https://todoist.com/API/v8.7/sync","reference":"http://projects.webappsec.org/w/page/13246936/Information%20Leakage","solution":"Manually confirm that the timestamp data is not sensitive, and that the data cannot be aggregated to disclose exploitable patterns.","alert":"Timestamp Disclosure - Unix","param":"","attack":"","name":"Timestamp Disclosure - Unix","risk":"Informational","id":"697","alertRef":"10096"},{"sourceid":"3","other":"This issue still applies to error type pages (401, 403, 500, etc.) as those pages are often still affected by injection issues, in which case there is still concern for browsers sniffing pages away from their actual content type.\nAt \"High\" threshold this scan rule will not alert on client or server error responses.","method":"POST","evidence":"","pluginId":"10021","cweid":"16","confidence":"Medium","wascid":"15","description":"The Anti-MIME-Sniffing header X-Content-Type-Options was not set to 'nosniff'. This allows older versions of Internet Explorer and Chrome to perform MIME-sniffing on the response body, potentially causing the response body to be interpreted and displayed as a content type other than the declared content type. Current (early 2014) and legacy versions of Firefox will use the declared content type (if one is set), rather than performing MIME-sniffing.","messageId":"166","url":"https://todoist.com/API/v8.7/sync","reference":"http://msdn.microsoft.com/en-us/library/ie/gg622941%28v=vs.85%29.aspx\nhttps://owasp.org/www-community/Security_Headers","solution":"Ensure that the application/web server sets the Content-Type header appropriately, and that it sets the X-Content-Type-Options header to 'nosniff' for all web pages.\nIf possible, ensure that the end user uses a standards-compliant and modern web browser that does not perform MIME-sniffing at all, or that can be directed by the web application/web server to not perform MIME-sniffing.","alert":"X-Content-Type-Options Header Missing","param":"X-Content-Type-Options","attack":"","name":"X-Content-Type-Options Header Missing","risk":"Low","id":"708","alertRef":"10021"}]}
{"alerts":[{"sourceid":"3","other":"","method":"GET","evidence":"Set-Cookie: AWSALB","pluginId":"10010","cweid":"16","confidence":"Medium","wascid":"13","description":"A cookie has been set without the HttpOnly flag, which means that the cookie can be accessed by JavaScript. If a malicious script can be run on this page then the cookie will be accessible and can be transmitted to another site. If this is a session cookie then session hijacking may be possible.","messageId":"3","url":"https://todoist.com/","reference":"https://owasp.org/www-community/HttpOnly","solution":"Ensure that the HttpOnly flag is set for all cookies.","alert":"Cookie No HttpOnly Flag","param":"AWSALB","attack":"","name":"Cookie No HttpOnly Flag","risk":"Low","id":"0","alertRef":"10010"},{"sourceid":"3","other":"","method":"GET","evidence":"Set-Cookie: AWSALBCORS","pluginId":"10010","cweid":"16","confidence":"Medium","wascid":"13","description":"A cookie has been set without the HttpOnly flag, which means that the cookie can be accessed by JavaScript. If a malicious script can be run on this page then the cookie will be accessible and can be transmitted to another site. If this is a session cookie then session hijacking may be possible.","messageId":"3","url":"https://todoist.com/","reference":"https://owasp.org/www-community/HttpOnly","solution":"Ensure that the HttpOnly flag is set for all cookies.","alert":"Cookie No HttpOnly Flag","param":"AWSALBCORS","attack":"","name":"Cookie No HttpOnly Flag","risk":"Low","id":"1","alertRef":"10010"},{"sourceid":"3","other":"","method":"GET","evidence":"Set-Cookie: _csrf","pluginId":"10010","cweid":"16","confidence":"Medium","wascid":"13","description":"A cookie has been set without the HttpOnly flag, which means that the cookie can be accessed by JavaScript. If a malicious script can be run on this page then the cookie will be accessible and can be transmitted to another site. If this is a session cookie then session hijacking may be possible.","messageId":"3","url":"https://todoist.com/","reference":"https://owasp.org/www-community/HttpOnly","solution":"Ensure that the HttpOnly flag is set for all cookies.","alert":"Cookie No HttpOnly Flag","param":"_csrf","attack":"","name":"Cookie No HttpOnly Flag","risk":"Low","id":"2","alertRef":"10010"},{"sourceid":"3","other":"","method":"GET","evidence":"Set-Cookie: next-i18next","pluginId":"10010","cweid":"16","confidence":"Medium","wascid":"13","description":"A cookie has been set without the HttpOnly flag, which means that the cookie can be accessed by JavaScript. If a malicious script can be run on this page then the cookie will be accessible and can be transmitted to another site. If this is a session cookie then session hijacking may be possible.","messageId":"3","url":"https://todoist.com/","reference":"https://owasp.org/www-community/HttpOnly","solution":"Ensure that the HttpOnly flag is set for all cookies.","alert":"Cookie No HttpOnly Flag","param":"next-i18next","attack":"","name":"Cookie No HttpOnly Flag","risk":"Low","id":"3","alertRef":"10010"},{"sourceid":"3","other":"","method":"GET","evidence":"Set-Cookie: AWSALB","pluginId":"10054","cweid":"16","confidence":"Medium","wascid":"13","description":"A cookie has been set without the SameSite attribute, which means that the cookie can be sent as a result of a 'cross-site' request. The SameSite attribute is an effective counter measure to cross-site request forgery, cross-site script inclusion, and timing attacks.","messageId":"3","url":"https://todoist.com/","reference":"https://tools.ietf.org/html/draft-ietf-httpbis-cookie-same-site","solution":"Ensure that the SameSite attribute is set to either 'lax' or ideally 'strict' for all cookies.","alert":"Cookie Without SameSite Attribute","param":"AWSALB","attack":"","name":"Cookie Without SameSite Attribute","risk":"Low","id":"4","alertRef":"10054"},{"sourceid":"3","other":"","method":"GET","evidence":"Set-Cookie: AWSALBCORS","pluginId":"10054","cweid":"16","confidence":"Medium","wascid":"13","description":"A cookie has been set with an invalid SameSite attribute value, which means that the cookie can be sent as a result of a 'cross-site' request. The SameSite attribute is an effective counter measure to cross-site request forgery, cross-site script inclusion, and timing attacks.","messageId":"3","url":"https://todoist.com/","reference":"https://tools.ietf.org/html/draft-ietf-httpbis-cookie-same-site","solution":"Ensure that the SameSite attribute is set to either 'lax' or ideally 'strict' for all cookies.","alert":"Cookie Without SameSite Attribute","param":"AWSALBCORS","attack":"","name":"Cookie Without SameSite Attribute","risk":"Low","id":"5","alertRef":"10054"},{"sourceid":"3","other":"","method":"GET","evidence":"Set-Cookie: _csrf","pluginId":"10054","cweid":"16","confidence":"Medium","wascid":"13","description":"A cookie has been set without the SameSite attribute, which means that the cookie can be sent as a result of a 'cross-site' request. The SameSite attribute is an effective counter measure to cross-site request forgery, cross-site script inclusion, and timing attacks.","messageId":"3","url":"https://todoist.com/","reference":"https://tools.ietf.org/html/draft-ietf-httpbis-cookie-same-site","solution":"Ensure that the SameSite attribute is set to either 'lax' or ideally 'strict' for all cookies.","alert":"Cookie Without SameSite Attribute","param":"_csrf","attack":"","name":"Cookie Without SameSite Attribute","risk":"Low","id":"6","alertRef":"10054"},{"sourceid":"3","other":"","method":"GET","evidence":"Set-Cookie: AWSALB","pluginId":"10011","cweid":"614","confidence":"Medium","wascid":"13","description":"A cookie has been set without the secure flag, which means that the cookie can be accessed via unencrypted connections.","messageId":"3","url":"https://todoist.com/","reference":"https://owasp.org/www-project-web-security-testing-guide/v41/4-Web_Application_Security_Testing/06-Session_Management_Testing/02-Testing_for_Cookies_Attributes.html","solution":"Whenever a cookie contains sensitive information or is a session token, then it should always be passed using an encrypted channel. Ensure that the secure flag is set for cookies containing such sensitive information.","alert":"Cookie Without Secure Flag","param":"AWSALB","attack":"","name":"Cookie Without Secure Flag","risk":"Low","id":"7","alertRef":"10011"},{"sourceid":"3","other":"","method":"GET","evidence":"Set-Cookie: _csrf","pluginId":"10011","cweid":"614","confidence":"Medium","wascid":"13","description":"A cookie has been set without the secure flag, which means that the cookie can be accessed via unencrypted connections.","messageId":"3","url":"https://todoist.com/","reference":"https://owasp.org/www-project-web-security-testing-guide/v41/4-Web_Application_Security_Testing/06-Session_Management_Testing/02-Testing_for_Cookies_Attributes.html","solution":"Whenever a cookie contains sensitive information or is a session token, then it should always be passed using an encrypted channel. Ensure that the secure flag is set for cookies containing such sensitive information.","alert":"Cookie Without Secure Flag","param":"_csrf","attack":"","name":"Cookie Without Secure Flag","risk":"Low","id":"8","alertRef":"10011"},{"sourceid":"3","other":"","method":"GET","evidence":"Set-Cookie: next-i18next","pluginId":"10011","cweid":"614","confidence":"Medium","wascid":"13","description":"A cookie has been set without the secure flag, which means that the cookie can be accessed via unencrypted connections.","messageId":"3","url":"https://todoist.com/","reference":"https://owasp.org/www-project-web-security-testing-guide/v41/4-Web_Application_Security_Testing/06-Session_Management_Testing/02-Testing_for_Cookies_Attributes.html","solution":"Whenever a cookie contains sensitive information or is a session token, then it should always be passed using an encrypted channel. Ensure that the secure flag is set for cookies containing such sensitive information.","alert":"Cookie Without Secure Flag","param":"next-i18next","attack":"","name":"Cookie Without Secure Flag","risk":"Low","id":"9","alertRef":"10011"},{"sourceid":"3","other":"","method":"GET","evidence":"","pluginId":"10015","cweid":"525","confidence":"Medium","wascid":"13","description":"The cache-control and pragma HTTP header have not been set properly or are missing allowing the browser and proxies to cache content.","messageId":"5","url":"https://todoist.com/es","reference":"https://cheatsheetseries.owasp.org/cheatsheets/Session_Management_Cheat_Sheet.html#web-content-caching","solution":"Whenever possible ensure the cache-control HTTP header is set with no-cache, no-store, must-revalidate; and that the pragma HTTP header is set with no-cache.","alert":"Incomplete or No Cache-control and Pragma HTTP Header Set","param":"Cache-Control","attack":"","name":"Incomplete or No Cache-control and Pragma HTTP Header Set","risk":"Low","id":"10","alertRef":"10015"},{"sourceid":"3","other":"","method":"GET","evidence":"Set-Cookie: AWSALB","pluginId":"10010","cweid":"16","confidence":"Medium","wascid":"13","description":"A cookie has been set without the HttpOnly flag, which means that the cookie can be accessed by JavaScript. If a malicious script can be run on this page then the cookie will be accessible and can be transmitted to another site. If this is a session cookie then session hijacking may be possible.","messageId":"5","url":"https://todoist.com/es","reference":"https://owasp.org/www-community/HttpOnly","solution":"Ensure that the HttpOnly flag is set for all cookies.","alert":"Cookie No HttpOnly Flag","param":"AWSALB","attack":"","name":"Cookie No HttpOnly Flag","risk":"Low","id":"11","alertRef":"10010"},{"sourceid":"3","other":"","method":"GET","evidence":"Set-Cookie: AWSALBCORS","pluginId":"10010","cweid":"16","confidence":"Medium","wascid":"13","description":"A cookie has been set without the HttpOnly flag, which means that the cookie can be accessed by JavaScript. If a malicious script can be run on this page then the cookie will be accessible and can be transmitted to another site. If this is a session cookie then session hijacking may be possible.","messageId":"5","url":"https://todoist.com/es","reference":"https://owasp.org/www-community/HttpOnly","solution":"Ensure that the HttpOnly flag is set for all cookies.","alert":"Cookie No HttpOnly Flag","param":"AWSALBCORS","attack":"","name":"Cookie No HttpOnly Flag","risk":"Low","id":"12","alertRef":"10010"},{"sourceid":"3","other":"","method":"GET","evidence":"Set-Cookie: next-i18next","pluginId":"10010","cweid":"16","confidence":"Medium","wascid":"13","description":"A cookie has been set without the HttpOnly flag, which means that the cookie can be accessed by JavaScript. If a malicious script can be run on this page then the cookie will be accessible and can be transmitted to another site. If this is a session cookie then session hijacking may be possible.","messageId":"5","url":"https://todoist.com/es","reference":"https://owasp.org/www-community/HttpOnly","solution":"Ensure that the HttpOnly flag is set for all cookies.","alert":"Cookie No HttpOnly Flag","param":"next-i18next","attack":"","name":"Cookie No HttpOnly Flag","risk":"Low","id":"13","alertRef":"10010"},{"sourceid":"3","other":"","method":"GET","evidence":"Set-Cookie: AWSALB","pluginId":"10054","cweid":"16","confidence":"Medium","wascid":"13","description":"A cookie has been set without the SameSite attribute, which means that the cookie can be sent as a result of a 'cross-site' request. The SameSite attribute is an effective counter measure to cross-site request forgery, cross-site script inclusion, and timing attacks.","messageId":"5","url":"https://todoist.com/es","reference":"https://tools.ietf.org/html/draft-ietf-httpbis-cookie-same-site","solution":"Ensure that the SameSite attribute is set to either 'lax' or ideally 'strict' for all cookies.","alert":"Cookie Without SameSite Attribute","param":"AWSALB","attack":"","name":"Cookie Without SameSite Attribute","risk":"Low","id":"14","alertRef":"10054"},{"sourceid":"3","other":"","method":"GET","evidence":"Set-Cookie: AWSALBCORS","pluginId":"10054","cweid":"16","confidence":"Medium","wascid":"13","description":"A cookie has been set with an invalid SameSite attribute value, which means that the cookie can be sent as a result of a 'cross-site' request. The SameSite attribute is an effective counter measure to cross-site request forgery, cross-site script inclusion, and timing attacks.","messageId":"5","url":"https://todoist.com/es","reference":"https://tools.ietf.org/html/draft-ietf-httpbis-cookie-same-site","solution":"Ensure that the SameSite attribute is set to either 'lax' or ideally 'strict' for all cookies.","alert":"Cookie Without SameSite Attribute","param":"AWSALBCORS","attack":"","name":"Cookie Without SameSite Attribute","risk":"Low","id":"15","alertRef":"10054"},{"sourceid":"3","other":"","method":"GET","evidence":"Set-Cookie: AWSALB","pluginId":"10011","cweid":"614","confidence":"Medium","wascid":"13","description":"A cookie has been set without the secure flag, which means that the cookie can be accessed via unencrypted connections.","messageId":"5","url":"https://todoist.com/es","reference":"https://owasp.org/www-project-web-security-testing-guide/v41/4-Web_Application_Security_Testing/06-Session_Management_Testing/02-Testing_for_Cookies_Attributes.html","solution":"Whenever a cookie contains sensitive information or is a session token, then it should always be passed using an encrypted channel. Ensure that the secure flag is set for cookies containing such sensitive information.","alert":"Cookie Without Secure Flag","param":"AWSALB","attack":"","name":"Cookie Without Secure Flag","risk":"Low","id":"16","alertRef":"10011"},{"sourceid":"3","other":"","method":"GET","evidence":"Set-Cookie: next-i18next","pluginId":"10011","cweid":"614","confidence":"Medium","wascid":"13","description":"A cookie has been set without the secure flag, which means that the cookie can be accessed via unencrypted connections.","messageId":"5","url":"https://todoist.com/es","reference":"https://owasp.org/www-project-web-security-testing-guide/v41/4-Web_Application_Security_Testing/06-Session_Management_Testing/02-Testing_for_Cookies_Attributes.html","solution":"Whenever a cookie contains sensitive information or is a session token, then it should always be passed using an encrypted channel. Ensure that the secure flag is set for cookies containing such sensitive information.","alert":"Cookie Without Secure Flag","param":"next-i18next","attack":"","name":"Cookie Without Secure Flag","risk":"Low","id":"17","alertRef":"10011"},{"sourceid":"3","other":"","method":"GET","evidence":"<script src=\"https://www.googleoptimize.com/optimize.js?id=OPT-PNP389R\"><\/script>","pluginId":"10017","cweid":"829","confidence":"Medium","wascid":"15","description":"The page includes one or more script files from a third-party domain.","messageId":"5","url":"https://todoist.com/es","reference":"","solution":"Ensure JavaScript source files are loaded from only trusted sources, and the sources can't be controlled by end users of the application.","alert":"Cross-Domain JavaScript Source File Inclusion","param":"https://www.googleoptimize.com/optimize.js?id=OPT-PNP389R","attack":"","name":"Cross-Domain JavaScript Source File Inclusion","risk":"Low","id":"18","alertRef":"10017"},{"sourceid":"3","other":"The following pattern was used: \\bTODO\\b and was detected in the element starting with: \"<script id=\"__NEXT_DATA__\" type=\"application/json\">{\"props\":{\"initialI18nStore\":{\"es\":{\"index\":{\"seoTitle\":\"Todoist: La \\\"to do \", see evidence field for the suspicious comment/snippet.","method":"GET","evidence":"todo","pluginId":"10027","cweid":"200","confidence":"Low","wascid":"13","description":"The response appears to contain suspicious comments which may help an attacker. Note: Matches made within script blocks or files are against the entire content not only comments.","messageId":"5","url":"https://todoist.com/es","reference":"","solution":"Remove all comments that return information that may help an attacker and fix any underlying problems they refer to.","alert":"Information Disclosure - Suspicious Comments","param":"","attack":"","name":"Information Disclosure - Suspicious Comments","risk":"Informational","id":"19","alertRef":"10027"},{"sourceid":"3","other":"This issue still applies to error type pages (401, 403, 500, etc.) as those pages are often still affected by injection issues, in which case there is still concern for browsers sniffing pages away from their actual content type.\nAt \"High\" threshold this scan rule will not alert on client or server error responses.","method":"GET","evidence":"","pluginId":"10021","cweid":"16","confidence":"Medium","wascid":"15","description":"The Anti-MIME-Sniffing header X-Content-Type-Options was not set to 'nosniff'. This allows older versions of Internet Explorer and Chrome to perform MIME-sniffing on the response body, potentially causing the response body to be interpreted and displayed as a content type other than the declared content type. Current (early 2014) and legacy versions of Firefox will use the declared content type (if one is set), rather than performing MIME-sniffing.","messageId":"5","url":"https://todoist.com/es","reference":"http://msdn.microsoft.com/en-us/library/ie/gg622941%28v=vs.85%29.aspx\nhttps://owasp.org/www-community/Security_Headers","solution":"Ensure that the application/web server sets the Content-Type header appropriately, and that it sets the X-Content-Type-Options header to 'nosniff' for all web pages.\nIf possible, ensure that the end user uses a standards-compliant and modern web browser that does not perform MIME-sniffing at all, or that can be directed by the web application/web server to not perform MIME-sniffing.","alert":"X-Content-Type-Options Header Missing","param":"X-Content-Type-Options","attack":"","name":"X-Content-Type-Options Header Missing","risk":"Low","id":"20","alertRef":"10021"},{"sourceid":"3","other":"","method":"GET","evidence":"public, max-age=31536000, immutable","pluginId":"10015","cweid":"525","confidence":"Medium","wascid":"13","description":"The cache-control and pragma HTTP header have not been set properly or are missing allowing the browser and proxies to cache content.","messageId":"6","url":"https://todoist.com/_next/static/css/a5174a254d143c3d3d02321814728bdd71b6ab95_CSS.d9deec97.chunk.css","reference":"https://cheatsheetseries.owasp.org/cheatsheets/Session_Management_Cheat_Sheet.html#web-content-caching","solution":"Whenever possible ensure the cache-control HTTP header is set with no-cache, no-store, must-revalidate; and that the pragma HTTP header is set with no-cache.","alert":"Incomplete or No Cache-control and Pragma HTTP Header Set","param":"Cache-Control","attack":"","name":"Incomplete or No Cache-control and Pragma HTTP Header Set","risk":"Low","id":"21","alertRef":"10015"},{"sourceid":"3","other":"This issue still applies to error type pages (401, 403, 500, etc.) as those pages are often still affected by injection issues, in which case there is still concern for browsers sniffing pages away from their actual content type.\nAt \"High\" threshold this scan rule will not alert on client or server error responses.","method":"GET","evidence":"","pluginId":"10021","cweid":"16","confidence":"Medium","wascid":"15","description":"The Anti-MIME-Sniffing header X-Content-Type-Options was not set to 'nosniff'. This allows older versions of Internet Explorer and Chrome to perform MIME-sniffing on the response body, potentially causing the response body to be interpreted and displayed as a content type other than the declared content type. Current (early 2014) and legacy versions of Firefox will use the declared content type (if one is set), rather than performing MIME-sniffing.","messageId":"6","url":"https://todoist.com/_next/static/css/a5174a254d143c3d3d02321814728bdd71b6ab95_CSS.d9deec97.chunk.css","reference":"http://msdn.microsoft.com/en-us/library/ie/gg622941%28v=vs.85%29.aspx\nhttps://owasp.org/www-community/Security_Headers","solution":"Ensure that the application/web server sets the Content-Type header appropriately, and that it sets the X-Content-Type-Options header to 'nosniff' for all web pages.\nIf possible, ensure that the end user uses a standards-compliant and modern web browser that does not perform MIME-sniffing at all, or that can be directed by the web application/web server to not perform MIME-sniffing.","alert":"X-Content-Type-Options Header Missing","param":"X-Content-Type-Options","attack":"","name":"X-Content-Type-Options Header Missing","risk":"Low","id":"22","alertRef":"10021"},{"sourceid":"3","other":"This issue still applies to error type pages (401, 403, 500, etc.) as those pages are often still affected by injection issues, in which case there is still concern for browsers sniffing pages away from their actual content type.\nAt \"High\" threshold this scan rule will not alert on client or server error responses.","method":"GET","evidence":"","pluginId":"10021","cweid":"16","confidence":"Medium","wascid":"15","description":"The Anti-MIME-Sniffing header X-Content-Type-Options was not set to 'nosniff'. This allows older versions of Internet Explorer and Chrome to perform MIME-sniffing on the response body, potentially causing the response body to be interpreted and displayed as a content type other than the declared content type. Current (early 2014) and legacy versions of Firefox will use the declared content type (if one is set), rather than performing MIME-sniffing.","messageId":"10","url":"https://todoist.com/_next/static/chunks/webpack-3bde8603facc0c807a2b.js","reference":"http://msdn.microsoft.com/en-us/library/ie/gg622941%28v=vs.85%29.aspx\nhttps://owasp.org/www-community/Security_Headers","solution":"Ensure that the application/web server sets the Content-Type header appropriately, and that it sets the X-Content-Type-Options header to 'nosniff' for all web pages.\nIf possible, ensure that the end user uses a standards-compliant and modern web browser that does not perform MIME-sniffing at all, or that can be directed by the web application/web server to not perform MIME-sniffing.","alert":"X-Content-Type-Options Header Missing","param":"X-Content-Type-Options","attack":"","name":"X-Content-Type-Options Header Missing","risk":"Low","id":"23","alertRef":"10021"},{"sourceid":"3","other":"","method":"GET","evidence":"public, max-age=31536000, immutable","pluginId":"10015","cweid":"525","confidence":"Medium","wascid":"13","description":"The cache-control and pragma HTTP header have not been set properly or are missing allowing the browser and proxies to cache content.","messageId":"12","url":"https://todoist.com/_next/static/css/pages/index.e740e94c.chunk.css","reference":"https://cheatsheetseries.owasp.org/cheatsheets/Session_Management_Cheat_Sheet.html#web-content-caching","solution":"Whenever possible ensure the cache-control HTTP header is set with no-cache, no-store, must-revalidate; and that the pragma HTTP header is set with no-cache.","alert":"Incomplete or No Cache-control and Pragma HTTP Header Set","param":"Cache-Control","attack":"","name":"Incomplete or No Cache-control and Pragma HTTP Header Set","risk":"Low","id":"24","alertRef":"10015"},{"sourceid":"3","other":"This issue still applies to error type pages (401, 403, 500, etc.) as those pages are often still affected by injection issues, in which case there is still concern for browsers sniffing pages away from their actual content type.\nAt \"High\" threshold this scan rule will not alert on client or server error responses.","method":"GET","evidence":"","pluginId":"10021","cweid":"16","confidence":"Medium","wascid":"15","description":"The Anti-MIME-Sniffing header X-Content-Type-Options was not set to 'nosniff'. This allows older versions of Internet Explorer and Chrome to perform MIME-sniffing on the response body, potentially causing the response body to be interpreted and displayed as a content type other than the declared content type. Current (early 2014) and legacy versions of Firefox will use the declared content type (if one is set), rather than performing MIME-sniffing.","messageId":"12","url":"https://todoist.com/_next/static/css/pages/index.e740e94c.chunk.css","reference":"http://msdn.microsoft.com/en-us/library/ie/gg622941%28v=vs.85%29.aspx\nhttps://owasp.org/www-community/Security_Headers","solution":"Ensure that the application/web server sets the Content-Type header appropriately, and that it sets the X-Content-Type-Options header to 'nosniff' for all web pages.\nIf possible, ensure that the end user uses a standards-compliant and modern web browser that does not perform MIME-sniffing at all, or that can be directed by the web application/web server to not perform MIME-sniffing.","alert":"X-Content-Type-Options Header Missing","param":"X-Content-Type-Options","attack":"","name":"X-Content-Type-Options Header Missing","risk":"Low","id":"25","alertRef":"10021"},{"sourceid":"3","other":"The following pattern was used: \\bQUERY\\b and was detected in the element starting with: \"_N_E=(window.webpackJsonp_N_E=window.webpackJsonp_N_E||[]).push([[28],{\"0sNQ\":function(e,t){\"trimStart\"in String.prototype||(Str\", see evidence field for the suspicious comment/snippet.","method":"GET","evidence":"query","pluginId":"10027","cweid":"200","confidence":"Low","wascid":"13","description":"The response appears to contain suspicious comments which may help an attacker. Note: Matches made within script blocks or files are against the entire content not only comments.","messageId":"13","url":"https://todoist.com/_next/static/chunks/main-1ca0aabf0fb4e4d9fa88.js","reference":"","solution":"Remove all comments that return information that may help an attacker and fix any underlying problems they refer to.","alert":"Information Disclosure - Suspicious Comments","param":"","attack":"","name":"Information Disclosure - Suspicious Comments","risk":"Informational","id":"26","alertRef":"10027"},{"sourceid":"3","other":"This issue still applies to error type pages (401, 403, 500, etc.) as those pages are often still affected by injection issues, in which case there is still concern for browsers sniffing pages away from their actual content type.\nAt \"High\" threshold this scan rule will not alert on client or server error responses.","method":"GET","evidence":"","pluginId":"10021","cweid":"16","confidence":"Medium","wascid":"15","description":"The Anti-MIME-Sniffing header X-Content-Type-Options was not set to 'nosniff'. This allows older versions of Internet Explorer and Chrome to perform MIME-sniffing on the response body, potentially causing the response body to be interpreted and displayed as a content type other than the declared content type. Current (early 2014) and legacy versions of Firefox will use the declared content type (if one is set), rather than performing MIME-sniffing.","messageId":"13","url":"https://todoist.com/_next/static/chunks/main-1ca0aabf0fb4e4d9fa88.js","reference":"http://msdn.microsoft.com/en-us/library/ie/gg622941%28v=vs.85%29.aspx\nhttps://owasp.org/www-community/Security_Headers","solution":"Ensure that the application/web server sets the Content-Type header appropriately, and that it sets the X-Content-Type-Options header to 'nosniff' for all web pages.\nIf possible, ensure that the end user uses a standards-compliant and modern web browser that does not perform MIME-sniffing at all, or that can be directed by the web application/web server to not perform MIME-sniffing.","alert":"X-Content-Type-Options Header Missing","param":"X-Content-Type-Options","attack":"","name":"X-Content-Type-Options Header Missing","risk":"Low","id":"27","alertRef":"10021"},{"sourceid":"3","other":"The following pattern was used: \\bSELECT\\b and was detected in the element starting with: \"(window.webpackJsonp_N_E=window.webpackJsonp_N_E||[]).push([[2],{\"+wdc\":function(e,t,n){\"use strict\";var r,l,i,a,o;if(\"undefined\", see evidence field for the suspicious comment/snippet.","method":"GET","evidence":"select","pluginId":"10027","cweid":"200","confidence":"Low","wascid":"13","description":"The response appears to contain suspicious comments which may help an attacker. Note: Matches made within script blocks or files are against the entire content not only comments.","messageId":"15","url":"https://todoist.com/_next/static/chunks/framework.dc73b2df61134dea1baf.js","reference":"","solution":"Remove all comments that return information that may help an attacker and fix any underlying problems they refer to.","alert":"Information Disclosure - Suspicious Comments","param":"","attack":"","name":"Information Disclosure - Suspicious Comments","risk":"Informational","id":"28","alertRef":"10027"},{"sourceid":"3","other":"1073741823, which evaluates to: 2004-01-10 08:37:03","method":"GET","evidence":"1073741823","pluginId":"10096","cweid":"200","confidence":"Low","wascid":"13","description":"A timestamp was disclosed by the application/web server - Unix","messageId":"15","url":"https://todoist.com/_next/static/chunks/framework.dc73b2df61134dea1baf.js","reference":"http://projects.webappsec.org/w/page/13246936/Information%20Leakage","solution":"Manually confirm that the timestamp data is not sensitive, and that the data cannot be aggregated to disclose exploitable patterns.","alert":"Timestamp Disclosure - Unix","param":"","attack":"","name":"Timestamp Disclosure - Unix","risk":"Informational","id":"29","alertRef":"10096"},{"sourceid":"3","other":"1073741821, which evaluates to: 2004-01-10 08:37:01","method":"GET","evidence":"1073741821","pluginId":"10096","cweid":"200","confidence":"Low","wascid":"13","description":"A timestamp was disclosed by the application/web server - Unix","messageId":"15","url":"https://todoist.com/_next/static/chunks/framework.dc73b2df61134dea1baf.js","reference":"http://projects.webappsec.org/w/page/13246936/Information%20Leakage","solution":"Manually confirm that the timestamp data is not sensitive, and that the data cannot be aggregated to disclose exploitable patterns.","alert":"Timestamp Disclosure - Unix","param":"","attack":"","name":"Timestamp Disclosure - Unix","risk":"Informational","id":"30","alertRef":"10096"},{"sourceid":"3","other":"1073741822, which evaluates to: 2004-01-10 08:37:02","method":"GET","evidence":"1073741822","pluginId":"10096","cweid":"200","confidence":"Low","wascid":"13","description":"A timestamp was disclosed by the application/web server - Unix","messageId":"15","url":"https://todoist.com/_next/static/chunks/framework.dc73b2df61134dea1baf.js","reference":"http://projects.webappsec.org/w/page/13246936/Information%20Leakage","solution":"Manually confirm that the timestamp data is not sensitive, and that the data cannot be aggregated to disclose exploitable patterns.","alert":"Timestamp Disclosure - Unix","param":"","attack":"","name":"Timestamp Disclosure - Unix","risk":"Informational","id":"42","alertRef":"10096"},{"sourceid":"3","other":"This issue still applies to error type pages (401, 403, 500, etc.) as those pages are often still affected by injection issues, in which case there is still concern for browsers sniffing pages away from their actual content type.\nAt \"High\" threshold this scan rule will not alert on client or server error responses.","method":"GET","evidence":"","pluginId":"10021","cweid":"16","confidence":"Medium","wascid":"15","description":"The Anti-MIME-Sniffing header X-Content-Type-Options was not set to 'nosniff'. This allows older versions of Internet Explorer and Chrome to perform MIME-sniffing on the response body, potentially causing the response body to be interpreted and displayed as a content type other than the declared content type. Current (early 2014) and legacy versions of Firefox will use the declared content type (if one is set), rather than performing MIME-sniffing.","messageId":"15","url":"https://todoist.com/_next/static/chunks/framework.dc73b2df61134dea1baf.js","reference":"http://msdn.microsoft.com/en-us/library/ie/gg622941%28v=vs.85%29.aspx\nhttps://owasp.org/www-community/Security_Headers","solution":"Ensure that the application/web server sets the Content-Type header appropriately, and that it sets the X-Content-Type-Options header to 'nosniff' for all web pages.\nIf possible, ensure that the end user uses a standards-compliant and modern web browser that does not perform MIME-sniffing at all, or that can be directed by the web application/web server to not perform MIME-sniffing.","alert":"X-Content-Type-Options Header Missing","param":"X-Content-Type-Options","attack":"","name":"X-Content-Type-Options Header Missing","risk":"Low","id":"70","alertRef":"10021"},{"sourceid":"3","other":"The following pattern was used: \\bQUERY\\b and was detected in the element starting with: \"(window.webpackJsonp_N_E=window.webpackJsonp_N_E||[]).push([[0],{\"/GRZ\":function(e,t){e.exports=function(e,t){if(!(e instanceof \", see evidence field for the suspicious comment/snippet.","method":"GET","evidence":"query","pluginId":"10027","cweid":"200","confidence":"Low","wascid":"13","description":"The response appears to contain suspicious comments which may help an attacker. Note: Matches made within script blocks or files are against the entire content not only comments.","messageId":"16","url":"https://todoist.com/_next/static/chunks/commons.7f9eaa719ef400edb831.js","reference":"","solution":"Remove all comments that return information that may help an attacker and fix any underlying problems they refer to.","alert":"Information Disclosure - Suspicious Comments","param":"","attack":"","name":"Information Disclosure - Suspicious Comments","risk":"Informational","id":"71","alertRef":"10027"},{"sourceid":"3","other":"This issue still applies to error type pages (401, 403, 500, etc.) as those pages are often still affected by injection issues, in which case there is still concern for browsers sniffing pages away from their actual content type.\nAt \"High\" threshold this scan rule will not alert on client or server error responses.","method":"GET","evidence":"","pluginId":"10021","cweid":"16","confidence":"Medium","wascid":"15","description":"The Anti-MIME-Sniffing header X-Content-Type-Options was not set to 'nosniff'. This allows older versions of Internet Explorer and Chrome to perform MIME-sniffing on the response body, potentially causing the response body to be interpreted and displayed as a content type other than the declared content type. Current (early 2014) and legacy versions of Firefox will use the declared content type (if one is set), rather than performing MIME-sniffing.","messageId":"16","url":"https://todoist.com/_next/static/chunks/commons.7f9eaa719ef400edb831.js","reference":"http://msdn.microsoft.com/en-us/library/ie/gg622941%28v=vs.85%29.aspx\nhttps://owasp.org/www-community/Security_Headers","solution":"Ensure that the application/web server sets the Content-Type header appropriately, and that it sets the X-Content-Type-Options header to 'nosniff' for all web pages.\nIf possible, ensure that the end user uses a standards-compliant and modern web browser that does not perform MIME-sniffing at all, or that can be directed by the web application/web server to not perform MIME-sniffing.","alert":"X-Content-Type-Options Header Missing","param":"X-Content-Type-Options","attack":"","name":"X-Content-Type-Options Header Missing","risk":"Low","id":"72","alertRef":"10021"},{"sourceid":"3","other":"","method":"GET","evidence":"public, max-age=31536000, immutable","pluginId":"10015","cweid":"525","confidence":"Medium","wascid":"13","description":"The cache-control and pragma HTTP header have not been set properly or are missing allowing the browser and proxies to cache content.","messageId":"17","url":"https://todoist.com/_next/static/css/styles.0f6e09ec.chunk.css","reference":"https://cheatsheetseries.owasp.org/cheatsheets/Session_Management_Cheat_Sheet.html#web-content-caching","solution":"Whenever possible ensure the cache-control HTTP header is set with no-cache, no-store, must-revalidate; and that the pragma HTTP header is set with no-cache.","alert":"Incomplete or No Cache-control and Pragma HTTP Header Set","param":"Cache-Control","attack":"","name":"Incomplete or No Cache-control and Pragma HTTP Header Set","risk":"Low","id":"73","alertRef":"10015"},{"sourceid":"3","other":"This issue still applies to error type pages (401, 403, 500, etc.) as those pages are often still affected by injection issues, in which case there is still concern for browsers sniffing pages away from their actual content type.\nAt \"High\" threshold this scan rule will not alert on client or server error responses.","method":"GET","evidence":"","pluginId":"10021","cweid":"16","confidence":"Medium","wascid":"15","description":"The Anti-MIME-Sniffing header X-Content-Type-Options was not set to 'nosniff'. This allows older versions of Internet Explorer and Chrome to perform MIME-sniffing on the response body, potentially causing the response body to be interpreted and displayed as a content type other than the declared content type. Current (early 2014) and legacy versions of Firefox will use the declared content type (if one is set), rather than performing MIME-sniffing.","messageId":"17","url":"https://todoist.com/_next/static/css/styles.0f6e09ec.chunk.css","reference":"http://msdn.microsoft.com/en-us/library/ie/gg622941%28v=vs.85%29.aspx\nhttps://owasp.org/www-community/Security_Headers","solution":"Ensure that the application/web server sets the Content-Type header appropriately, and that it sets the X-Content-Type-Options header to 'nosniff' for all web pages.\nIf possible, ensure that the end user uses a standards-compliant and modern web browser that does not perform MIME-sniffing at all, or that can be directed by the web application/web server to not perform MIME-sniffing.","alert":"X-Content-Type-Options Header Missing","param":"X-Content-Type-Options","attack":"","name":"X-Content-Type-Options Header Missing","risk":"Low","id":"74","alertRef":"10021"},{"sourceid":"3","other":"The following pattern was used: \\bUSER\\b and was detected in the element starting with: \"(window.webpackJsonp_N_E=window.webpackJsonp_N_E||[]).push([[5],{\"2SVd\":function(e,t,n){\"use strict\";e.exports=function(e){retur\", see evidence field for the suspicious comment/snippet.","method":"GET","evidence":"user","pluginId":"10027","cweid":"200","confidence":"Low","wascid":"13","description":"The response appears to contain suspicious comments which may help an attacker. Note: Matches made within script blocks or files are against the entire content not only comments.","messageId":"18","url":"https://todoist.com/_next/static/chunks/98618d58f2d1dd3f4c8f42b4970db65e004fbfe5.6c003068d2db4fbc855f.js","reference":"","solution":"Remove all comments that return information that may help an attacker and fix any underlying problems they refer to.","alert":"Information Disclosure - Suspicious Comments","param":"","attack":"","name":"Information Disclosure - Suspicious Comments","risk":"Informational","id":"75","alertRef":"10027"},{"sourceid":"3","other":"This issue still applies to error type pages (401, 403, 500, etc.) as those pages are often still affected by injection issues, in which case there is still concern for browsers sniffing pages away from their actual content type.\nAt \"High\" threshold this scan rule will not alert on client or server error responses.","method":"GET","evidence":"","pluginId":"10021","cweid":"16","confidence":"Medium","wascid":"15","description":"The Anti-MIME-Sniffing header X-Content-Type-Options was not set to 'nosniff'. This allows older versions of Internet Explorer and Chrome to perform MIME-sniffing on the response body, potentially causing the response body to be interpreted and displayed as a content type other than the declared content type. Current (early 2014) and legacy versions of Firefox will use the declared content type (if one is set), rather than performing MIME-sniffing.","messageId":"18","url":"https://todoist.com/_next/static/chunks/98618d58f2d1dd3f4c8f42b4970db65e004fbfe5.6c003068d2db4fbc855f.js","reference":"http://msdn.microsoft.com/en-us/library/ie/gg622941%28v=vs.85%29.aspx\nhttps://owasp.org/www-community/Security_Headers","solution":"Ensure that the application/web server sets the Content-Type header appropriately, and that it sets the X-Content-Type-Options header to 'nosniff' for all web pages.\nIf possible, ensure that the end user uses a standards-compliant and modern web browser that does not perform MIME-sniffing at all, or that can be directed by the web application/web server to not perform MIME-sniffing.","alert":"X-Content-Type-Options Header Missing","param":"X-Content-Type-Options","attack":"","name":"X-Content-Type-Options Header Missing","risk":"Low","id":"76","alertRef":"10021"},{"sourceid":"3","other":"The following pattern was used: \\bSELECT\\b and was detected in the element starting with: \"(window.webpackJsonp_N_E=window.webpackJsonp_N_E||[]).push([[3],{\"+ipW\":function(e,t,r){\"use strict\";r.d(t,\"a\",(function(){retur\", see evidence field for the suspicious comment/snippet.","method":"GET","evidence":"SELECT","pluginId":"10027","cweid":"200","confidence":"Low","wascid":"13","description":"The response appears to contain suspicious comments which may help an attacker. Note: Matches made within script blocks or files are against the entire content not only comments.","messageId":"19","url":"https://todoist.com/_next/static/chunks/0e8f85b20ed9ab0a6102c8b8298bac1d6cb4c89b.0fe8d2aa3a66f036f1d2.js","reference":"","solution":"Remove all comments that return information that may help an attacker and fix any underlying problems they refer to.","alert":"Information Disclosure - Suspicious Comments","param":"","attack":"","name":"Information Disclosure - Suspicious Comments","risk":"Informational","id":"77","alertRef":"10027"},{"sourceid":"3","other":"268435455, which evaluates to: 1978-07-04 16:24:15","method":"GET","evidence":"268435455","pluginId":"10096","cweid":"200","confidence":"Low","wascid":"13","description":"A timestamp was disclosed by the application/web server - Unix","messageId":"19","url":"https://todoist.com/_next/static/chunks/0e8f85b20ed9ab0a6102c8b8298bac1d6cb4c89b.0fe8d2aa3a66f036f1d2.js","reference":"http://projects.webappsec.org/w/page/13246936/Information%20Leakage","solution":"Manually confirm that the timestamp data is not sensitive, and that the data cannot be aggregated to disclose exploitable patterns.","alert":"Timestamp Disclosure - Unix","param":"","attack":"","name":"Timestamp Disclosure - Unix","risk":"Informational","id":"78","alertRef":"10096"},{"sourceid":"3","other":"1732584193, which evaluates to: 2024-11-25 20:23:13","method":"GET","evidence":"1732584193","pluginId":"10096","cweid":"200","confidence":"Low","wascid":"13","description":"A timestamp was disclosed by the application/web server - Unix","messageId":"19","url":"https://todoist.com/_next/static/chunks/0e8f85b20ed9ab0a6102c8b8298bac1d6cb4c89b.0fe8d2aa3a66f036f1d2.js","reference":"http://projects.webappsec.org/w/page/13246936/Information%20Leakage","solution":"Manually confirm that the timestamp data is not sensitive, and that the data cannot be aggregated to disclose exploitable patterns.","alert":"Timestamp Disclosure - Unix","param":"","attack":"","name":"Timestamp Disclosure - Unix","risk":"Informational","id":"80","alertRef":"10096"},{"sourceid":"3","other":"271733879, which evaluates to: 1978-08-11 20:37:59","method":"GET","evidence":"271733879","pluginId":"10096","cweid":"200","confidence":"Low","wascid":"13","description":"A timestamp was disclosed by the application/web server - Unix","messageId":"19","url":"https://todoist.com/_next/static/chunks/0e8f85b20ed9ab0a6102c8b8298bac1d6cb4c89b.0fe8d2aa3a66f036f1d2.js","reference":"http://projects.webappsec.org/w/page/13246936/Information%20Leakage","solution":"Manually confirm that the timestamp data is not sensitive, and that the data cannot be aggregated to disclose exploitable patterns.","alert":"Timestamp Disclosure - Unix","param":"","attack":"","name":"Timestamp Disclosure - Unix","risk":"Informational","id":"81","alertRef":"10096"},{"sourceid":"3","other":"1732584194, which evaluates to: 2024-11-25 20:23:14","method":"GET","evidence":"1732584194","pluginId":"10096","cweid":"200","confidence":"Low","wascid":"13","description":"A timestamp was disclosed by the application/web server - Unix","messageId":"19","url":"https://todoist.com/_next/static/chunks/0e8f85b20ed9ab0a6102c8b8298bac1d6cb4c89b.0fe8d2aa3a66f036f1d2.js","reference":"http://projects.webappsec.org/w/page/13246936/Information%20Leakage","solution":"Manually confirm that the timestamp data is not sensitive, and that the data cannot be aggregated to disclose exploitable patterns.","alert":"Timestamp Disclosure - Unix","param":"","attack":"","name":"Timestamp Disclosure - Unix","risk":"Informational","id":"82","alertRef":"10096"},{"sourceid":"3","other":"271733878, which evaluates to: 1978-08-11 20:37:58","method":"GET","evidence":"271733878","pluginId":"10096","cweid":"200","confidence":"Low","wascid":"13","description":"A timestamp was disclosed by the application/web server - Unix","messageId":"19","url":"https://todoist.com/_next/static/chunks/0e8f85b20ed9ab0a6102c8b8298bac1d6cb4c89b.0fe8d2aa3a66f036f1d2.js","reference":"http://projects.webappsec.org/w/page/13246936/Information%20Leakage","solution":"Manually confirm that the timestamp data is not sensitive, and that the data cannot be aggregated to disclose exploitable patterns.","alert":"Timestamp Disclosure - Unix","param":"","attack":"","name":"Timestamp Disclosure - Unix","risk":"Informational","id":"83","alertRef":"10096"},{"sourceid":"3","other":"680876936, which evaluates to: 1991-07-30 07:28:56","method":"GET","evidence":"680876936","pluginId":"10096","cweid":"200","confidence":"Low","wascid":"13","description":"A timestamp was disclosed by the application/web server - Unix","messageId":"19","url":"https://todoist.com/_next/static/chunks/0e8f85b20ed9ab0a6102c8b8298bac1d6cb4c89b.0fe8d2aa3a66f036f1d2.js","reference":"http://projects.webappsec.org/w/page/13246936/Information%20Leakage","solution":"Manually confirm that the timestamp data is not sensitive, and that the data cannot be aggregated to disclose exploitable patterns.","alert":"Timestamp Disclosure - Unix","param":"","attack":"","name":"Timestamp Disclosure - Unix","risk":"Informational","id":"84","alertRef":"10096"},{"sourceid":"3","other":"389564586, which evaluates to: 1982-05-06 15:23:06","method":"GET","evidence":"389564586","pluginId":"10096","cweid":"200","confidence":"Low","wascid":"13","description":"A timestamp was disclosed by the application/web server - Unix","messageId":"19","url":"https://todoist.com/_next/static/chunks/0e8f85b20ed9ab0a6102c8b8298bac1d6cb4c89b.0fe8d2aa3a66f036f1d2.js","reference":"http://projects.webappsec.org/w/page/13246936/Information%20Leakage","solution":"Manually confirm that the timestamp data is not sensitive, and that the data cannot be aggregated to disclose exploitable patterns.","alert":"Timestamp Disclosure - Unix","param":"","attack":"","name":"Timestamp Disclosure - Unix","risk":"Informational","id":"85","alertRef":"10096"},{"sourceid":"3","other":"606105819, which evaluates to: 1989-03-16 21:43:39","method":"GET","evidence":"606105819","pluginId":"10096","cweid":"200","confidence":"Low","wascid":"13","description":"A timestamp was disclosed by the application/web server - Unix","messageId":"19","url":"https://todoist.com/_next/static/chunks/0e8f85b20ed9ab0a6102c8b8298bac1d6cb4c89b.0fe8d2aa3a66f036f1d2.js","reference":"http://projects.webappsec.org/w/page/13246936/Information%20Leakage","solution":"Manually confirm that the timestamp data is not sensitive, and that the data cannot be aggregated to disclose exploitable patterns.","alert":"Timestamp Disclosure - Unix","param":"","attack":"","name":"Timestamp Disclosure - Unix","risk":"Informational","id":"86","alertRef":"10096"},{"sourceid":"3","other":"1044525330, which evaluates to: 2003-02-06 04:55:30","method":"GET","evidence":"1044525330","pluginId":"10096","cweid":"200","confidence":"Low","wascid":"13","description":"A timestamp was disclosed by the application/web server - Unix","messageId":"19","url":"https://todoist.com/_next/static/chunks/0e8f85b20ed9ab0a6102c8b8298bac1d6cb4c89b.0fe8d2aa3a66f036f1d2.js","reference":"http://projects.webappsec.org/w/page/13246936/Information%20Leakage","solution":"Manually confirm that the timestamp data is not sensitive, and that the data cannot be aggregated to disclose exploitable patterns.","alert":"Timestamp Disclosure - Unix","param":"","attack":"","name":"Timestamp Disclosure - Unix","risk":"Informational","id":"87","alertRef":"10096"},{"sourceid":"3","other":"176418897, which evaluates to: 1975-08-04 16:14:57","method":"GET","evidence":"176418897","pluginId":"10096","cweid":"200","confidence":"Low","wascid":"13","description":"A timestamp was disclosed by the application/web server - Unix","messageId":"19","url":"https://todoist.com/_next/static/chunks/0e8f85b20ed9ab0a6102c8b8298bac1d6cb4c89b.0fe8d2aa3a66f036f1d2.js","reference":"http://projects.webappsec.org/w/page/13246936/Information%20Leakage","solution":"Manually confirm that the timestamp data is not sensitive, and that the data cannot be aggregated to disclose exploitable patterns.","alert":"Timestamp Disclosure - Unix","param":"","attack":"","name":"Timestamp Disclosure - Unix","risk":"Informational","id":"88","alertRef":"10096"},{"sourceid":"3","other":"1200080426, which evaluates to: 2008-01-11 14:40:26","method":"GET","evidence":"1200080426","pluginId":"10096","cweid":"200","confidence":"Low","wascid":"13","description":"A timestamp was disclosed by the application/web server - Unix","messageId":"19","url":"https://todoist.com/_next/static/chunks/0e8f85b20ed9ab0a6102c8b8298bac1d6cb4c89b.0fe8d2aa3a66f036f1d2.js","reference":"http://projects.webappsec.org/w/page/13246936/Information%20Leakage","solution":"Manually confirm that the timestamp data is not sensitive, and that the data cannot be aggregated to disclose exploitable patterns.","alert":"Timestamp Disclosure - Unix","param":"","attack":"","name":"Timestamp Disclosure - Unix","risk":"Informational","id":"89","alertRef":"10096"},{"sourceid":"3","other":"1473231341, which evaluates to: 2016-09-07 01:55:41","method":"GET","evidence":"1473231341","pluginId":"10096","cweid":"200","confidence":"Low","wascid":"13","description":"A timestamp was disclosed by the application/web server - Unix","messageId":"19","url":"https://todoist.com/_next/static/chunks/0e8f85b20ed9ab0a6102c8b8298bac1d6cb4c89b.0fe8d2aa3a66f036f1d2.js","reference":"http://projects.webappsec.org/w/page/13246936/Information%20Leakage","solution":"Manually confirm that the timestamp data is not sensitive, and that the data cannot be aggregated to disclose exploitable patterns.","alert":"Timestamp Disclosure - Unix","param":"","attack":"","name":"Timestamp Disclosure - Unix","risk":"Informational","id":"90","alertRef":"10096"},{"sourceid":"3","other":"45705983, which evaluates to: 1971-06-13 19:06:23","method":"GET","evidence":"45705983","pluginId":"10096","cweid":"200","confidence":"Low","wascid":"13","description":"A timestamp was disclosed by the application/web server - Unix","messageId":"19","url":"https://todoist.com/_next/static/chunks/0e8f85b20ed9ab0a6102c8b8298bac1d6cb4c89b.0fe8d2aa3a66f036f1d2.js","reference":"http://projects.webappsec.org/w/page/13246936/Information%20Leakage","solution":"Manually confirm that the timestamp data is not sensitive, and that the data cannot be aggregated to disclose exploitable patterns.","alert":"Timestamp Disclosure - Unix","param":"","attack":"","name":"Timestamp Disclosure - Unix","risk":"Informational","id":"91","alertRef":"10096"},{"sourceid":"3","other":"1770035416, which evaluates to: 2026-02-02 07:30:16","method":"GET","evidence":"1770035416","pluginId":"10096","cweid":"200","confidence":"Low","wascid":"13","description":"A timestamp was disclosed by the application/web server - Unix","messageId":"19","url":"https://todoist.com/_next/static/chunks/0e8f85b20ed9ab0a6102c8b8298bac1d6cb4c89b.0fe8d2aa3a66f036f1d2.js","reference":"http://projects.webappsec.org/w/page/13246936/Information%20Leakage","solution":"Manually confirm that the timestamp data is not sensitive, and that the data cannot be aggregated to disclose exploitable patterns.","alert":"Timestamp Disclosure - Unix","param":"","attack":"","name":"Timestamp Disclosure - Unix","risk":"Informational","id":"92","alertRef":"10096"},{"sourceid":"3","other":"1958414417, which evaluates to: 2032-01-22 15:00:17","method":"GET","evidence":"1958414417","pluginId":"10096","cweid":"200","confidence":"Low","wascid":"13","description":"A timestamp was disclosed by the application/web server - Unix","messageId":"19","url":"https://todoist.com/_next/static/chunks/0e8f85b20ed9ab0a6102c8b8298bac1d6cb4c89b.0fe8d2aa3a66f036f1d2.js","reference":"http://projects.webappsec.org/w/page/13246936/Information%20Leakage","solution":"Manually confirm that the timestamp data is not sensitive, and that the data cannot be aggregated to disclose exploitable patterns.","alert":"Timestamp Disclosure - Unix","param":"","attack":"","name":"Timestamp Disclosure - Unix","risk":"Informational","id":"93","alertRef":"10096"},{"sourceid":"3","other":"1990404162, which evaluates to: 2033-01-26 21:02:42","method":"GET","evidence":"1990404162","pluginId":"10096","cweid":"200","confidence":"Low","wascid":"13","description":"A timestamp was disclosed by the application/web server - Unix","messageId":"19","url":"https://todoist.com/_next/static/chunks/0e8f85b20ed9ab0a6102c8b8298bac1d6cb4c89b.0fe8d2aa3a66f036f1d2.js","reference":"http://projects.webappsec.org/w/page/13246936/Information%20Leakage","solution":"Manually confirm that the timestamp data is not sensitive, and that the data cannot be aggregated to disclose exploitable patterns.","alert":"Timestamp Disclosure - Unix","param":"","attack":"","name":"Timestamp Disclosure - Unix","risk":"Informational","id":"94","alertRef":"10096"},{"sourceid":"3","other":"1804603682, which evaluates to: 2027-03-09 09:48:02","method":"GET","evidence":"1804603682","pluginId":"10096","cweid":"200","confidence":"Low","wascid":"13","description":"A timestamp was disclosed by the application/web server - Unix","messageId":"19","url":"https://todoist.com/_next/static/chunks/0e8f85b20ed9ab0a6102c8b8298bac1d6cb4c89b.0fe8d2aa3a66f036f1d2.js","reference":"http://projects.webappsec.org/w/page/13246936/Information%20Leakage","solution":"Manually confirm that the timestamp data is not sensitive, and that the data cannot be aggregated to disclose exploitable patterns.","alert":"Timestamp Disclosure - Unix","param":"","attack":"","name":"Timestamp Disclosure - Unix","risk":"Informational","id":"95","alertRef":"10096"},{"sourceid":"3","other":"40341101, which evaluates to: 1971-04-12 16:51:41","method":"GET","evidence":"40341101","pluginId":"10096","cweid":"200","confidence":"Low","wascid":"13","description":"A timestamp was disclosed by the application/web server - Unix","messageId":"19","url":"https://todoist.com/_next/static/chunks/0e8f85b20ed9ab0a6102c8b8298bac1d6cb4c89b.0fe8d2aa3a66f036f1d2.js","reference":"http://projects.webappsec.org/w/page/13246936/Information%20Leakage","solution":"Manually confirm that the timestamp data is not sensitive, and that the data cannot be aggregated to disclose exploitable patterns.","alert":"Timestamp Disclosure - Unix","param":"","attack":"","name":"Timestamp Disclosure - Unix","risk":"Informational","id":"96","alertRef":"10096"},{"sourceid":"3","other":"1502002290, which evaluates to: 2017-08-06 01:51:30","method":"GET","evidence":"1502002290","pluginId":"10096","cweid":"200","confidence":"Low","wascid":"13","description":"A timestamp was disclosed by the application/web server - Unix","messageId":"19","url":"https://todoist.com/_next/static/chunks/0e8f85b20ed9ab0a6102c8b8298bac1d6cb4c89b.0fe8d2aa3a66f036f1d2.js","reference":"http://projects.webappsec.org/w/page/13246936/Information%20Leakage","solution":"Manually confirm that the timestamp data is not sensitive, and that the data cannot be aggregated to disclose exploitable patterns.","alert":"Timestamp Disclosure - Unix","param":"","attack":"","name":"Timestamp Disclosure - Unix","risk":"Informational","id":"97","alertRef":"10096"},{"sourceid":"3","other":"1236535329, which evaluates to: 2009-03-08 13:02:09","method":"GET","evidence":"1236535329","pluginId":"10096","cweid":"200","confidence":"Low","wascid":"13","description":"A timestamp was disclosed by the application/web server - Unix","messageId":"19","url":"https://todoist.com/_next/static/chunks/0e8f85b20ed9ab0a6102c8b8298bac1d6cb4c89b.0fe8d2aa3a66f036f1d2.js","reference":"http://projects.webappsec.org/w/page/13246936/Information%20Leakage","solution":"Manually confirm that the timestamp data is not sensitive, and that the data cannot be aggregated to disclose exploitable patterns.","alert":"Timestamp Disclosure - Unix","param":"","attack":"","name":"Timestamp Disclosure - Unix","risk":"Informational","id":"98","alertRef":"10096"},{"sourceid":"3","other":"165796510, which evaluates to: 1975-04-03 17:35:10","method":"GET","evidence":"165796510","pluginId":"10096","cweid":"200","confidence":"Low","wascid":"13","description":"A timestamp was disclosed by the application/web server - Unix","messageId":"19","url":"https://todoist.com/_next/static/chunks/0e8f85b20ed9ab0a6102c8b8298bac1d6cb4c89b.0fe8d2aa3a66f036f1d2.js","reference":"http://projects.webappsec.org/w/page/13246936/Information%20Leakage","solution":"Manually confirm that the timestamp data is not sensitive, and that the data cannot be aggregated to disclose exploitable patterns.","alert":"Timestamp Disclosure - Unix","param":"","attack":"","name":"Timestamp Disclosure - Unix","risk":"Informational","id":"99","alertRef":"10096"},{"sourceid":"3","other":"1069501632, which evaluates to: 2003-11-22 06:47:12","method":"GET","evidence":"1069501632","pluginId":"10096","cweid":"200","confidence":"Low","wascid":"13","description":"A timestamp was disclosed by the application/web server - Unix","messageId":"19","url":"https://todoist.com/_next/static/chunks/0e8f85b20ed9ab0a6102c8b8298bac1d6cb4c89b.0fe8d2aa3a66f036f1d2.js","reference":"http://projects.webappsec.org/w/page/13246936/Information%20Leakage","solution":"Manually confirm that the timestamp data is not sensitive, and that the data cannot be aggregated to disclose exploitable patterns.","alert":"Timestamp Disclosure - Unix","param":"","attack":"","name":"Timestamp Disclosure - Unix","risk":"Informational","id":"100","alertRef":"10096"},{"sourceid":"3","other":"643717713, which evaluates to: 1990-05-26 05:28:33","method":"GET","evidence":"643717713","pluginId":"10096","cweid":"200","confidence":"Low","wascid":"13","description":"A timestamp was disclosed by the application/web server - Unix","messageId":"19","url":"https://todoist.com/_next/static/chunks/0e8f85b20ed9ab0a6102c8b8298bac1d6cb4c89b.0fe8d2aa3a66f036f1d2.js","reference":"http://projects.webappsec.org/w/page/13246936/Information%20Leakage","solution":"Manually confirm that the timestamp data is not sensitive, and that the data cannot be aggregated to disclose exploitable patterns.","alert":"Timestamp Disclosure - Unix","param":"","attack":"","name":"Timestamp Disclosure - Unix","risk":"Informational","id":"101","alertRef":"10096"},{"sourceid":"3","other":"373897302, which evaluates to: 1981-11-06 07:21:42","method":"GET","evidence":"373897302","pluginId":"10096","cweid":"200","confidence":"Low","wascid":"13","description":"A timestamp was disclosed by the application/web server - Unix","messageId":"19","url":"https://todoist.com/_next/static/chunks/0e8f85b20ed9ab0a6102c8b8298bac1d6cb4c89b.0fe8d2aa3a66f036f1d2.js","reference":"http://projects.webappsec.org/w/page/13246936/Information%20Leakage","solution":"Manually confirm that the timestamp data is not sensitive, and that the data cannot be aggregated to disclose exploitable patterns.","alert":"Timestamp Disclosure - Unix","param":"","attack":"","name":"Timestamp Disclosure - Unix","risk":"Informational","id":"102","alertRef":"10096"},{"sourceid":"3","other":"701558691, which evaluates to: 1992-03-25 16:24:51","method":"GET","evidence":"701558691","pluginId":"10096","cweid":"200","confidence":"Low","wascid":"13","description":"A timestamp was disclosed by the application/web server - Unix","messageId":"19","url":"https://todoist.com/_next/static/chunks/0e8f85b20ed9ab0a6102c8b8298bac1d6cb4c89b.0fe8d2aa3a66f036f1d2.js","reference":"http://projects.webappsec.org/w/page/13246936/Information%20Leakage","solution":"Manually confirm that the timestamp data is not sensitive, and that the data cannot be aggregated to disclose exploitable patterns.","alert":"Timestamp Disclosure - Unix","param":"","attack":"","name":"Timestamp Disclosure - Unix","risk":"Informational","id":"103","alertRef":"10096"},{"sourceid":"3","other":"38016083, which evaluates to: 1971-03-16 19:01:23","method":"GET","evidence":"38016083","pluginId":"10096","cweid":"200","confidence":"Low","wascid":"13","description":"A timestamp was disclosed by the application/web server - Unix","messageId":"19","url":"https://todoist.com/_next/static/chunks/0e8f85b20ed9ab0a6102c8b8298bac1d6cb4c89b.0fe8d2aa3a66f036f1d2.js","reference":"http://projects.webappsec.org/w/page/13246936/Information%20Leakage","solution":"Manually confirm that the timestamp data is not sensitive, and that the data cannot be aggregated to disclose exploitable patterns.","alert":"Timestamp Disclosure - Unix","param":"","attack":"","name":"Timestamp Disclosure - Unix","risk":"Informational","id":"104","alertRef":"10096"},{"sourceid":"3","other":"660478335, which evaluates to: 1990-12-06 05:12:15","method":"GET","evidence":"660478335","pluginId":"10096","cweid":"200","confidence":"Low","wascid":"13","description":"A timestamp was disclosed by the application/web server - Unix","messageId":"19","url":"https://todoist.com/_next/static/chunks/0e8f85b20ed9ab0a6102c8b8298bac1d6cb4c89b.0fe8d2aa3a66f036f1d2.js","reference":"http://projects.webappsec.org/w/page/13246936/Information%20Leakage","solution":"Manually confirm that the timestamp data is not sensitive, and that the data cannot be aggregated to disclose exploitable patterns.","alert":"Timestamp Disclosure - Unix","param":"","attack":"","name":"Timestamp Disclosure - Unix","risk":"Informational","id":"105","alertRef":"10096"},{"sourceid":"3","other":"405537848, which evaluates to: 1982-11-07 12:24:08","method":"GET","evidence":"405537848","pluginId":"10096","cweid":"200","confidence":"Low","wascid":"13","description":"A timestamp was disclosed by the application/web server - Unix","messageId":"19","url":"https://todoist.com/_next/static/chunks/0e8f85b20ed9ab0a6102c8b8298bac1d6cb4c89b.0fe8d2aa3a66f036f1d2.js","reference":"http://projects.webappsec.org/w/page/13246936/Information%20Leakage","solution":"Manually confirm that the timestamp data is not sensitive, and that the data cannot be aggregated to disclose exploitable patterns.","alert":"Timestamp Disclosure - Unix","param":"","attack":"","name":"Timestamp Disclosure - Unix","risk":"Informational","id":"106","alertRef":"10096"},{"sourceid":"3","other":"568446438, which evaluates to: 1988-01-06 00:47:18","method":"GET","evidence":"568446438","pluginId":"10096","cweid":"200","confidence":"Low","wascid":"13","description":"A timestamp was disclosed by the application/web server - Unix","messageId":"19","url":"https://todoist.com/_next/static/chunks/0e8f85b20ed9ab0a6102c8b8298bac1d6cb4c89b.0fe8d2aa3a66f036f1d2.js","reference":"http://projects.webappsec.org/w/page/13246936/Information%20Leakage","solution":"Manually confirm that the timestamp data is not sensitive, and that the data cannot be aggregated to disclose exploitable patterns.","alert":"Timestamp Disclosure - Unix","param":"","attack":"","name":"Timestamp Disclosure - Unix","risk":"Informational","id":"107","alertRef":"10096"},{"sourceid":"3","other":"1019803690, which evaluates to: 2002-04-26 01:48:10","method":"GET","evidence":"1019803690","pluginId":"10096","cweid":"200","confidence":"Low","wascid":"13","description":"A timestamp was disclosed by the application/web server - Unix","messageId":"19","url":"https://todoist.com/_next/static/chunks/0e8f85b20ed9ab0a6102c8b8298bac1d6cb4c89b.0fe8d2aa3a66f036f1d2.js","reference":"http://projects.webappsec.org/w/page/13246936/Information%20Leakage","solution":"Manually confirm that the timestamp data is not sensitive, and that the data cannot be aggregated to disclose exploitable patterns.","alert":"Timestamp Disclosure - Unix","param":"","attack":"","name":"Timestamp Disclosure - Unix","risk":"Informational","id":"108","alertRef":"10096"},{"sourceid":"3","other":"187363961, which evaluates to: 1975-12-09 08:32:41","method":"GET","evidence":"187363961","pluginId":"10096","cweid":"200","confidence":"Low","wascid":"13","description":"A timestamp was disclosed by the application/web server - Unix","messageId":"19","url":"https://todoist.com/_next/static/chunks/0e8f85b20ed9ab0a6102c8b8298bac1d6cb4c89b.0fe8d2aa3a66f036f1d2.js","reference":"http://projects.webappsec.org/w/page/13246936/Information%20Leakage","solution":"Manually confirm that the timestamp data is not sensitive, and that the data cannot be aggregated to disclose exploitable patterns.","alert":"Timestamp Disclosure - Unix","param":"","attack":"","name":"Timestamp Disclosure - Unix","risk":"Informational","id":"109","alertRef":"10096"},{"sourceid":"3","other":"1163531501, which evaluates to: 2006-11-14 14:11:41","method":"GET","evidence":"1163531501","pluginId":"10096","cweid":"200","confidence":"Low","wascid":"13","description":"A timestamp was disclosed by the application/web server - Unix","messageId":"19","url":"https://todoist.com/_next/static/chunks/0e8f85b20ed9ab0a6102c8b8298bac1d6cb4c89b.0fe8d2aa3a66f036f1d2.js","reference":"http://projects.webappsec.org/w/page/13246936/Information%20Leakage","solution":"Manually confirm that the timestamp data is not sensitive, and that the data cannot be aggregated to disclose exploitable patterns.","alert":"Timestamp Disclosure - Unix","param":"","attack":"","name":"Timestamp Disclosure - Unix","risk":"Informational","id":"110","alertRef":"10096"},{"sourceid":"3","other":"1444681467, which evaluates to: 2015-10-12 15:24:27","method":"GET","evidence":"1444681467","pluginId":"10096","cweid":"200","confidence":"Low","wascid":"13","description":"A timestamp was disclosed by the application/web server - Unix","messageId":"19","url":"https://todoist.com/_next/static/chunks/0e8f85b20ed9ab0a6102c8b8298bac1d6cb4c89b.0fe8d2aa3a66f036f1d2.js","reference":"http://projects.webappsec.org/w/page/13246936/Information%20Leakage","solution":"Manually confirm that the timestamp data is not sensitive, and that the data cannot be aggregated to disclose exploitable patterns.","alert":"Timestamp Disclosure - Unix","param":"","attack":"","name":"Timestamp Disclosure - Unix","risk":"Informational","id":"111","alertRef":"10096"},{"sourceid":"3","other":"51403784, which evaluates to: 1971-08-18 17:49:44","method":"GET","evidence":"51403784","pluginId":"10096","cweid":"200","confidence":"Low","wascid":"13","description":"A timestamp was disclosed by the application/web server - Unix","messageId":"19","url":"https://todoist.com/_next/static/chunks/0e8f85b20ed9ab0a6102c8b8298bac1d6cb4c89b.0fe8d2aa3a66f036f1d2.js","reference":"http://projects.webappsec.org/w/page/13246936/Information%20Leakage","solution":"Manually confirm that the timestamp data is not sensitive, and that the data cannot be aggregated to disclose exploitable patterns.","alert":"Timestamp Disclosure - Unix","param":"","attack":"","name":"Timestamp Disclosure - Unix","risk":"Informational","id":"112","alertRef":"10096"},{"sourceid":"3","other":"1735328473, which evaluates to: 2024-12-27 14:41:13","method":"GET","evidence":"1735328473","pluginId":"10096","cweid":"200","confidence":"Low","wascid":"13","description":"A timestamp was disclosed by the application/web server - Unix","messageId":"19","url":"https://todoist.com/_next/static/chunks/0e8f85b20ed9ab0a6102c8b8298bac1d6cb4c89b.0fe8d2aa3a66f036f1d2.js","reference":"http://projects.webappsec.org/w/page/13246936/Information%20Leakage","solution":"Manually confirm that the timestamp data is not sensitive, and that the data cannot be aggregated to disclose exploitable patterns.","alert":"Timestamp Disclosure - Unix","param":"","attack":"","name":"Timestamp Disclosure - Unix","risk":"Informational","id":"113","alertRef":"10096"},{"sourceid":"3","other":"1926607734, which evaluates to: 2031-01-19 11:48:54","method":"GET","evidence":"1926607734","pluginId":"10096","cweid":"200","confidence":"Low","wascid":"13","description":"A timestamp was disclosed by the application/web server - Unix","messageId":"19","url":"https://todoist.com/_next/static/chunks/0e8f85b20ed9ab0a6102c8b8298bac1d6cb4c89b.0fe8d2aa3a66f036f1d2.js","reference":"http://projects.webappsec.org/w/page/13246936/Information%20Leakage","solution":"Manually confirm that the timestamp data is not sensitive, and that the data cannot be aggregated to disclose exploitable patterns.","alert":"Timestamp Disclosure - Unix","param":"","attack":"","name":"Timestamp Disclosure - Unix","risk":"Informational","id":"114","alertRef":"10096"},{"sourceid":"3","other":"2022574463, which evaluates to: 2034-02-03 05:14:23","method":"GET","evidence":"2022574463","pluginId":"10096","cweid":"200","confidence":"Low","wascid":"13","description":"A timestamp was disclosed by the application/web server - Unix","messageId":"19","url":"https://todoist.com/_next/static/chunks/0e8f85b20ed9ab0a6102c8b8298bac1d6cb4c89b.0fe8d2aa3a66f036f1d2.js","reference":"http://projects.webappsec.org/w/page/13246936/Information%20Leakage","solution":"Manually confirm that the timestamp data is not sensitive, and that the data cannot be aggregated to disclose exploitable patterns.","alert":"Timestamp Disclosure - Unix","param":"","attack":"","name":"Timestamp Disclosure - Unix","risk":"Informational","id":"115","alertRef":"10096"},{"sourceid":"3","other":"1839030562, which evaluates to: 2028-04-10 20:49:22","method":"GET","evidence":"1839030562","pluginId":"10096","cweid":"200","confidence":"Low","wascid":"13","description":"A timestamp was disclosed by the application/web server - Unix","messageId":"19","url":"https://todoist.com/_next/static/chunks/0e8f85b20ed9ab0a6102c8b8298bac1d6cb4c89b.0fe8d2aa3a66f036f1d2.js","reference":"http://projects.webappsec.org/w/page/13246936/Information%20Leakage","solution":"Manually confirm that the timestamp data is not sensitive, and that the data cannot be aggregated to disclose exploitable patterns.","alert":"Timestamp Disclosure - Unix","param":"","attack":"","name":"Timestamp Disclosure - Unix","risk":"Informational","id":"116","alertRef":"10096"},{"sourceid":"3","other":"35309556, which evaluates to: 1971-02-13 11:12:36","method":"GET","evidence":"35309556","pluginId":"10096","cweid":"200","confidence":"Low","wascid":"13","description":"A timestamp was disclosed by the application/web server - Unix","messageId":"19","url":"https://todoist.com/_next/static/chunks/0e8f85b20ed9ab0a6102c8b8298bac1d6cb4c89b.0fe8d2aa3a66f036f1d2.js","reference":"http://projects.webappsec.org/w/page/13246936/Information%20Leakage","solution":"Manually confirm that the timestamp data is not sensitive, and that the data cannot be aggregated to disclose exploitable patterns.","alert":"Timestamp Disclosure - Unix","param":"","attack":"","name":"Timestamp Disclosure - Unix","risk":"Informational","id":"117","alertRef":"10096"},{"sourceid":"3","other":"1530992060, which evaluates to: 2018-07-07 14:34:20","method":"GET","evidence":"1530992060","pluginId":"10096","cweid":"200","confidence":"Low","wascid":"13","description":"A timestamp was disclosed by the application/web server - Unix","messageId":"19","url":"https://todoist.com/_next/static/chunks/0e8f85b20ed9ab0a6102c8b8298bac1d6cb4c89b.0fe8d2aa3a66f036f1d2.js","reference":"http://projects.webappsec.org/w/page/13246936/Information%20Leakage","solution":"Manually confirm that the timestamp data is not sensitive, and that the data cannot be aggregated to disclose exploitable patterns.","alert":"Timestamp Disclosure - Unix","param":"","attack":"","name":"Timestamp Disclosure - Unix","risk":"Informational","id":"118","alertRef":"10096"},{"sourceid":"3","other":"1272893353, which evaluates to: 2010-05-03 08:29:13","method":"GET","evidence":"1272893353","pluginId":"10096","cweid":"200","confidence":"Low","wascid":"13","description":"A timestamp was disclosed by the application/web server - Unix","messageId":"19","url":"https://todoist.com/_next/static/chunks/0e8f85b20ed9ab0a6102c8b8298bac1d6cb4c89b.0fe8d2aa3a66f036f1d2.js","reference":"http://projects.webappsec.org/w/page/13246936/Information%20Leakage","solution":"Manually confirm that the timestamp data is not sensitive, and that the data cannot be aggregated to disclose exploitable patterns.","alert":"Timestamp Disclosure - Unix","param":"","attack":"","name":"Timestamp Disclosure - Unix","risk":"Informational","id":"119","alertRef":"10096"},{"sourceid":"3","other":"155497632, which evaluates to: 1974-12-05 12:47:12","method":"GET","evidence":"155497632","pluginId":"10096","cweid":"200","confidence":"Low","wascid":"13","description":"A timestamp was disclosed by the application/web server - Unix","messageId":"19","url":"https://todoist.com/_next/static/chunks/0e8f85b20ed9ab0a6102c8b8298bac1d6cb4c89b.0fe8d2aa3a66f036f1d2.js","reference":"http://projects.webappsec.org/w/page/13246936/Information%20Leakage","solution":"Manually confirm that the timestamp data is not sensitive, and that the data cannot be aggregated to disclose exploitable patterns.","alert":"Timestamp Disclosure - Unix","param":"","attack":"","name":"Timestamp Disclosure - Unix","risk":"Informational","id":"120","alertRef":"10096"},{"sourceid":"3","other":"1094730640, which evaluates to: 2004-09-09 06:50:40","method":"GET","evidence":"1094730640","pluginId":"10096","cweid":"200","confidence":"Low","wascid":"13","description":"A timestamp was disclosed by the application/web server - Unix","messageId":"19","url":"https://todoist.com/_next/static/chunks/0e8f85b20ed9ab0a6102c8b8298bac1d6cb4c89b.0fe8d2aa3a66f036f1d2.js","reference":"http://projects.webappsec.org/w/page/13246936/Information%20Leakage","solution":"Manually confirm that the timestamp data is not sensitive, and that the data cannot be aggregated to disclose exploitable patterns.","alert":"Timestamp Disclosure - Unix","param":"","attack":"","name":"Timestamp Disclosure - Unix","risk":"Informational","id":"121","alertRef":"10096"},{"sourceid":"3","other":"681279174, which evaluates to: 1991-08-03 23:12:54","method":"GET","evidence":"681279174","pluginId":"10096","cweid":"200","confidence":"Low","wascid":"13","description":"A timestamp was disclosed by the application/web server - Unix","messageId":"19","url":"https://todoist.com/_next/static/chunks/0e8f85b20ed9ab0a6102c8b8298bac1d6cb4c89b.0fe8d2aa3a66f036f1d2.js","reference":"http://projects.webappsec.org/w/page/13246936/Information%20Leakage","solution":"Manually confirm that the timestamp data is not sensitive, and that the data cannot be aggregated to disclose exploitable patterns.","alert":"Timestamp Disclosure - Unix","param":"","attack":"","name":"Timestamp Disclosure - Unix","risk":"Informational","id":"122","alertRef":"10096"},{"sourceid":"3","other":"358537222, which evaluates to: 1981-05-12 12:40:22","method":"GET","evidence":"358537222","pluginId":"10096","cweid":"200","confidence":"Low","wascid":"13","description":"A timestamp was disclosed by the application/web server - Unix","messageId":"19","url":"https://todoist.com/_next/static/chunks/0e8f85b20ed9ab0a6102c8b8298bac1d6cb4c89b.0fe8d2aa3a66f036f1d2.js","reference":"http://projects.webappsec.org/w/page/13246936/Information%20Leakage","solution":"Manually confirm that the timestamp data is not sensitive, and that the data cannot be aggregated to disclose exploitable patterns.","alert":"Timestamp Disclosure - Unix","param":"","attack":"","name":"Timestamp Disclosure - Unix","risk":"Informational","id":"123","alertRef":"10096"},{"sourceid":"3","other":"722521979, which evaluates to: 1992-11-23 08:32:59","method":"GET","evidence":"722521979","pluginId":"10096","cweid":"200","confidence":"Low","wascid":"13","description":"A timestamp was disclosed by the application/web server - Unix","messageId":"19","url":"https://todoist.com/_next/static/chunks/0e8f85b20ed9ab0a6102c8b8298bac1d6cb4c89b.0fe8d2aa3a66f036f1d2.js","reference":"http://projects.webappsec.org/w/page/13246936/Information%20Leakage","solution":"Manually confirm that the timestamp data is not sensitive, and that the data cannot be aggregated to disclose exploitable patterns.","alert":"Timestamp Disclosure - Unix","param":"","attack":"","name":"Timestamp Disclosure - Unix","risk":"Informational","id":"124","alertRef":"10096"},{"sourceid":"3","other":"76029189, which evaluates to: 1972-05-29 18:13:09","method":"GET","evidence":"76029189","pluginId":"10096","cweid":"200","confidence":"Low","wascid":"13","description":"A timestamp was disclosed by the application/web server - Unix","messageId":"19","url":"https://todoist.com/_next/static/chunks/0e8f85b20ed9ab0a6102c8b8298bac1d6cb4c89b.0fe8d2aa3a66f036f1d2.js","reference":"http://projects.webappsec.org/w/page/13246936/Information%20Leakage","solution":"Manually confirm that the timestamp data is not sensitive, and that the data cannot be aggregated to disclose exploitable patterns.","alert":"Timestamp Disclosure - Unix","param":"","attack":"","name":"Timestamp Disclosure - Unix","risk":"Informational","id":"125","alertRef":"10096"},{"sourceid":"3","other":"640364487, which evaluates to: 1990-04-17 10:01:27","method":"GET","evidence":"640364487","pluginId":"10096","cweid":"200","confidence":"Low","wascid":"13","description":"A timestamp was disclosed by the application/web server - Unix","messageId":"19","url":"https://todoist.com/_next/static/chunks/0e8f85b20ed9ab0a6102c8b8298bac1d6cb4c89b.0fe8d2aa3a66f036f1d2.js","reference":"http://projects.webappsec.org/w/page/13246936/Information%20Leakage","solution":"Manually confirm that the timestamp data is not sensitive, and that the data cannot be aggregated to disclose exploitable patterns.","alert":"Timestamp Disclosure - Unix","param":"","attack":"","name":"Timestamp Disclosure - Unix","risk":"Informational","id":"126","alertRef":"10096"},{"sourceid":"3","other":"421815835, which evaluates to: 1983-05-14 22:03:55","method":"GET","evidence":"421815835","pluginId":"10096","cweid":"200","confidence":"Low","wascid":"13","description":"A timestamp was disclosed by the application/web server - Unix","messageId":"19","url":"https://todoist.com/_next/static/chunks/0e8f85b20ed9ab0a6102c8b8298bac1d6cb4c89b.0fe8d2aa3a66f036f1d2.js","reference":"http://projects.webappsec.org/w/page/13246936/Information%20Leakage","solution":"Manually confirm that the timestamp data is not sensitive, and that the data cannot be aggregated to disclose exploitable patterns.","alert":"Timestamp Disclosure - Unix","param":"","attack":"","name":"Timestamp Disclosure - Unix","risk":"Informational","id":"127","alertRef":"10096"},{"sourceid":"3","other":"530742520, which evaluates to: 1986-10-26 15:28:40","method":"GET","evidence":"530742520","pluginId":"10096","cweid":"200","confidence":"Low","wascid":"13","description":"A timestamp was disclosed by the application/web server - Unix","messageId":"19","url":"https://todoist.com/_next/static/chunks/0e8f85b20ed9ab0a6102c8b8298bac1d6cb4c89b.0fe8d2aa3a66f036f1d2.js","reference":"http://projects.webappsec.org/w/page/13246936/Information%20Leakage","solution":"Manually confirm that the timestamp data is not sensitive, and that the data cannot be aggregated to disclose exploitable patterns.","alert":"Timestamp Disclosure - Unix","param":"","attack":"","name":"Timestamp Disclosure - Unix","risk":"Informational","id":"128","alertRef":"10096"},{"sourceid":"3","other":"995338651, which evaluates to: 2001-07-16 21:57:31","method":"GET","evidence":"995338651","pluginId":"10096","cweid":"200","confidence":"Low","wascid":"13","description":"A timestamp was disclosed by the application/web server - Unix","messageId":"19","url":"https://todoist.com/_next/static/chunks/0e8f85b20ed9ab0a6102c8b8298bac1d6cb4c89b.0fe8d2aa3a66f036f1d2.js","reference":"http://projects.webappsec.org/w/page/13246936/Information%20Leakage","solution":"Manually confirm that the timestamp data is not sensitive, and that the data cannot be aggregated to disclose exploitable patterns.","alert":"Timestamp Disclosure - Unix","param":"","attack":"","name":"Timestamp Disclosure - Unix","risk":"Informational","id":"129","alertRef":"10096"},{"sourceid":"3","other":"198630844, which evaluates to: 1976-04-17 18:14:04","method":"GET","evidence":"198630844","pluginId":"10096","cweid":"200","confidence":"Low","wascid":"13","description":"A timestamp was disclosed by the application/web server - Unix","messageId":"19","url":"https://todoist.com/_next/static/chunks/0e8f85b20ed9ab0a6102c8b8298bac1d6cb4c89b.0fe8d2aa3a66f036f1d2.js","reference":"http://projects.webappsec.org/w/page/13246936/Information%20Leakage","solution":"Manually confirm that the timestamp data is not sensitive, and that the data cannot be aggregated to disclose exploitable patterns.","alert":"Timestamp Disclosure - Unix","param":"","attack":"","name":"Timestamp Disclosure - Unix","risk":"Informational","id":"130","alertRef":"10096"},{"sourceid":"3","other":"1126891415, which evaluates to: 2005-09-16 12:23:35","method":"GET","evidence":"1126891415","pluginId":"10096","cweid":"200","confidence":"Low","wascid":"13","description":"A timestamp was disclosed by the application/web server - Unix","messageId":"19","url":"https://todoist.com/_next/static/chunks/0e8f85b20ed9ab0a6102c8b8298bac1d6cb4c89b.0fe8d2aa3a66f036f1d2.js","reference":"http://projects.webappsec.org/w/page/13246936/Information%20Leakage","solution":"Manually confirm that the timestamp data is not sensitive, and that the data cannot be aggregated to disclose exploitable patterns.","alert":"Timestamp Disclosure - Unix","param":"","attack":"","name":"Timestamp Disclosure - Unix","risk":"Informational","id":"131","alertRef":"10096"},{"sourceid":"3","other":"1416354905, which evaluates to: 2014-11-18 18:55:05","method":"GET","evidence":"1416354905","pluginId":"10096","cweid":"200","confidence":"Low","wascid":"13","description":"A timestamp was disclosed by the application/web server - Unix","messageId":"19","url":"https://todoist.com/_next/static/chunks/0e8f85b20ed9ab0a6102c8b8298bac1d6cb4c89b.0fe8d2aa3a66f036f1d2.js","reference":"http://projects.webappsec.org/w/page/13246936/Information%20Leakage","solution":"Manually confirm that the timestamp data is not sensitive, and that the data cannot be aggregated to disclose exploitable patterns.","alert":"Timestamp Disclosure - Unix","param":"","attack":"","name":"Timestamp Disclosure - Unix","risk":"Informational","id":"132","alertRef":"10096"},{"sourceid":"3","other":"57434055, which evaluates to: 1971-10-27 12:54:15","method":"GET","evidence":"57434055","pluginId":"10096","cweid":"200","confidence":"Low","wascid":"13","description":"A timestamp was disclosed by the application/web server - Unix","messageId":"19","url":"https://todoist.com/_next/static/chunks/0e8f85b20ed9ab0a6102c8b8298bac1d6cb4c89b.0fe8d2aa3a66f036f1d2.js","reference":"http://projects.webappsec.org/w/page/13246936/Information%20Leakage","solution":"Manually confirm that the timestamp data is not sensitive, and that the data cannot be aggregated to disclose exploitable patterns.","alert":"Timestamp Disclosure - Unix","param":"","attack":"","name":"Timestamp Disclosure - Unix","risk":"Informational","id":"133","alertRef":"10096"},{"sourceid":"3","other":"1700485571, which evaluates to: 2023-11-20 08:06:11","method":"GET","evidence":"1700485571","pluginId":"10096","cweid":"200","confidence":"Low","wascid":"13","description":"A timestamp was disclosed by the application/web server - Unix","messageId":"19","url":"https://todoist.com/_next/static/chunks/0e8f85b20ed9ab0a6102c8b8298bac1d6cb4c89b.0fe8d2aa3a66f036f1d2.js","reference":"http://projects.webappsec.org/w/page/13246936/Information%20Leakage","solution":"Manually confirm that the timestamp data is not sensitive, and that the data cannot be aggregated to disclose exploitable patterns.","alert":"Timestamp Disclosure - Unix","param":"","attack":"","name":"Timestamp Disclosure - Unix","risk":"Informational","id":"134","alertRef":"10096"},{"sourceid":"3","other":"1894986606, which evaluates to: 2030-01-18 12:10:06","method":"GET","evidence":"1894986606","pluginId":"10096","cweid":"200","confidence":"Low","wascid":"13","description":"A timestamp was disclosed by the application/web server - Unix","messageId":"19","url":"https://todoist.com/_next/static/chunks/0e8f85b20ed9ab0a6102c8b8298bac1d6cb4c89b.0fe8d2aa3a66f036f1d2.js","reference":"http://projects.webappsec.org/w/page/13246936/Information%20Leakage","solution":"Manually confirm that the timestamp data is not sensitive, and that the data cannot be aggregated to disclose exploitable patterns.","alert":"Timestamp Disclosure - Unix","param":"","attack":"","name":"Timestamp Disclosure - Unix","risk":"Informational","id":"135","alertRef":"10096"},{"sourceid":"3","other":"2054922799, which evaluates to: 2035-02-12 14:53:19","method":"GET","evidence":"2054922799","pluginId":"10096","cweid":"200","confidence":"Low","wascid":"13","description":"A timestamp was disclosed by the application/web server - Unix","messageId":"19","url":"https://todoist.com/_next/static/chunks/0e8f85b20ed9ab0a6102c8b8298bac1d6cb4c89b.0fe8d2aa3a66f036f1d2.js","reference":"http://projects.webappsec.org/w/page/13246936/Information%20Leakage","solution":"Manually confirm that the timestamp data is not sensitive, and that the data cannot be aggregated to disclose exploitable patterns.","alert":"Timestamp Disclosure - Unix","param":"","attack":"","name":"Timestamp Disclosure - Unix","risk":"Informational","id":"136","alertRef":"10096"},{"sourceid":"3","other":"1873313359, which evaluates to: 2029-05-12 15:49:19","method":"GET","evidence":"1873313359","pluginId":"10096","cweid":"200","confidence":"Low","wascid":"13","description":"A timestamp was disclosed by the application/web server - Unix","messageId":"19","url":"https://todoist.com/_next/static/chunks/0e8f85b20ed9ab0a6102c8b8298bac1d6cb4c89b.0fe8d2aa3a66f036f1d2.js","reference":"http://projects.webappsec.org/w/page/13246936/Information%20Leakage","solution":"Manually confirm that the timestamp data is not sensitive, and that the data cannot be aggregated to disclose exploitable patterns.","alert":"Timestamp Disclosure - Unix","param":"","attack":"","name":"Timestamp Disclosure - Unix","risk":"Informational","id":"137","alertRef":"10096"},{"sourceid":"3","other":"30611744, which evaluates to: 1970-12-21 02:15:44","method":"GET","evidence":"30611744","pluginId":"10096","cweid":"200","confidence":"Low","wascid":"13","description":"A timestamp was disclosed by the application/web server - Unix","messageId":"19","url":"https://todoist.com/_next/static/chunks/0e8f85b20ed9ab0a6102c8b8298bac1d6cb4c89b.0fe8d2aa3a66f036f1d2.js","reference":"http://projects.webappsec.org/w/page/13246936/Information%20Leakage","solution":"Manually confirm that the timestamp data is not sensitive, and that the data cannot be aggregated to disclose exploitable patterns.","alert":"Timestamp Disclosure - Unix","param":"","attack":"","name":"Timestamp Disclosure - Unix","risk":"Informational","id":"138","alertRef":"10096"},{"sourceid":"3","other":"1560198380, which evaluates to: 2019-06-10 15:26:20","method":"GET","evidence":"1560198380","pluginId":"10096","cweid":"200","confidence":"Low","wascid":"13","description":"A timestamp was disclosed by the application/web server - Unix","messageId":"19","url":"https://todoist.com/_next/static/chunks/0e8f85b20ed9ab0a6102c8b8298bac1d6cb4c89b.0fe8d2aa3a66f036f1d2.js","reference":"http://projects.webappsec.org/w/page/13246936/Information%20Leakage","solution":"Manually confirm that the timestamp data is not sensitive, and that the data cannot be aggregated to disclose exploitable patterns.","alert":"Timestamp Disclosure - Unix","param":"","attack":"","name":"Timestamp Disclosure - Unix","risk":"Informational","id":"139","alertRef":"10096"},{"sourceid":"3","other":"1309151649, which evaluates to: 2011-06-27 00:14:09","method":"GET","evidence":"1309151649","pluginId":"10096","cweid":"200","confidence":"Low","wascid":"13","description":"A timestamp was disclosed by the application/web server - Unix","messageId":"19","url":"https://todoist.com/_next/static/chunks/0e8f85b20ed9ab0a6102c8b8298bac1d6cb4c89b.0fe8d2aa3a66f036f1d2.js","reference":"http://projects.webappsec.org/w/page/13246936/Information%20Leakage","solution":"Manually confirm that the timestamp data is not sensitive, and that the data cannot be aggregated to disclose exploitable patterns.","alert":"Timestamp Disclosure - Unix","param":"","attack":"","name":"Timestamp Disclosure - Unix","risk":"Informational","id":"140","alertRef":"10096"},{"sourceid":"3","other":"145523070, which evaluates to: 1974-08-12 02:04:30","method":"GET","evidence":"145523070","pluginId":"10096","cweid":"200","confidence":"Low","wascid":"13","description":"A timestamp was disclosed by the application/web server - Unix","messageId":"19","url":"https://todoist.com/_next/static/chunks/0e8f85b20ed9ab0a6102c8b8298bac1d6cb4c89b.0fe8d2aa3a66f036f1d2.js","reference":"http://projects.webappsec.org/w/page/13246936/Information%20Leakage","solution":"Manually confirm that the timestamp data is not sensitive, and that the data cannot be aggregated to disclose exploitable patterns.","alert":"Timestamp Disclosure - Unix","param":"","attack":"","name":"Timestamp Disclosure - Unix","risk":"Informational","id":"141","alertRef":"10096"},{"sourceid":"3","other":"1120210379, which evaluates to: 2005-07-01 04:32:59","method":"GET","evidence":"1120210379","pluginId":"10096","cweid":"200","confidence":"Low","wascid":"13","description":"A timestamp was disclosed by the application/web server - Unix","messageId":"19","url":"https://todoist.com/_next/static/chunks/0e8f85b20ed9ab0a6102c8b8298bac1d6cb4c89b.0fe8d2aa3a66f036f1d2.js","reference":"http://projects.webappsec.org/w/page/13246936/Information%20Leakage","solution":"Manually confirm that the timestamp data is not sensitive, and that the data cannot be aggregated to disclose exploitable patterns.","alert":"Timestamp Disclosure - Unix","param":"","attack":"","name":"Timestamp Disclosure - Unix","risk":"Informational","id":"142","alertRef":"10096"},{"sourceid":"3","other":"718787259, which evaluates to: 1992-10-11 03:07:39","method":"GET","evidence":"718787259","pluginId":"10096","cweid":"200","confidence":"Low","wascid":"13","description":"A timestamp was disclosed by the application/web server - Unix","messageId":"19","url":"https://todoist.com/_next/static/chunks/0e8f85b20ed9ab0a6102c8b8298bac1d6cb4c89b.0fe8d2aa3a66f036f1d2.js","reference":"http://projects.webappsec.org/w/page/13246936/Information%20Leakage","solution":"Manually confirm that the timestamp data is not sensitive, and that the data cannot be aggregated to disclose exploitable patterns.","alert":"Timestamp Disclosure - Unix","param":"","attack":"","name":"Timestamp Disclosure - Unix","risk":"Informational","id":"143","alertRef":"10096"},{"sourceid":"3","other":"343485551, which evaluates to: 1980-11-19 07:39:11","method":"GET","evidence":"343485551","pluginId":"10096","cweid":"200","confidence":"Low","wascid":"13","description":"A timestamp was disclosed by the application/web server - Unix","messageId":"19","url":"https://todoist.com/_next/static/chunks/0e8f85b20ed9ab0a6102c8b8298bac1d6cb4c89b.0fe8d2aa3a66f036f1d2.js","reference":"http://projects.webappsec.org/w/page/13246936/Information%20Leakage","solution":"Manually confirm that the timestamp data is not sensitive, and that the data cannot be aggregated to disclose exploitable patterns.","alert":"Timestamp Disclosure - Unix","param":"","attack":"","name":"Timestamp Disclosure - Unix","risk":"Informational","id":"144","alertRef":"10096"},{"sourceid":"3","other":"1518500249, which evaluates to: 2018-02-13 00:37:29","method":"GET","evidence":"1518500249","pluginId":"10096","cweid":"200","confidence":"Low","wascid":"13","description":"A timestamp was disclosed by the application/web server - Unix","messageId":"19","url":"https://todoist.com/_next/static/chunks/0e8f85b20ed9ab0a6102c8b8298bac1d6cb4c89b.0fe8d2aa3a66f036f1d2.js","reference":"http://projects.webappsec.org/w/page/13246936/Information%20Leakage","solution":"Manually confirm that the timestamp data is not sensitive, and that the data cannot be aggregated to disclose exploitable patterns.","alert":"Timestamp Disclosure - Unix","param":"","attack":"","name":"Timestamp Disclosure - Unix","risk":"Informational","id":"145","alertRef":"10096"},{"sourceid":"3","other":"1859775393, which evaluates to: 2028-12-06 23:16:33","method":"GET","evidence":"1859775393","pluginId":"10096","cweid":"200","confidence":"Low","wascid":"13","description":"A timestamp was disclosed by the application/web server - Unix","messageId":"19","url":"https://todoist.com/_next/static/chunks/0e8f85b20ed9ab0a6102c8b8298bac1d6cb4c89b.0fe8d2aa3a66f036f1d2.js","reference":"http://projects.webappsec.org/w/page/13246936/Information%20Leakage","solution":"Manually confirm that the timestamp data is not sensitive, and that the data cannot be aggregated to disclose exploitable patterns.","alert":"Timestamp Disclosure - Unix","param":"","attack":"","name":"Timestamp Disclosure - Unix","risk":"Informational","id":"146","alertRef":"10096"},{"sourceid":"3","other":"00000000, which evaluates to: 1969-12-31 19:00:00","method":"GET","evidence":"00000000","pluginId":"10096","cweid":"200","confidence":"Low","wascid":"13","description":"A timestamp was disclosed by the application/web server - Unix","messageId":"19","url":"https://todoist.com/_next/static/chunks/0e8f85b20ed9ab0a6102c8b8298bac1d6cb4c89b.0fe8d2aa3a66f036f1d2.js","reference":"http://projects.webappsec.org/w/page/13246936/Information%20Leakage","solution":"Manually confirm that the timestamp data is not sensitive, and that the data cannot be aggregated to disclose exploitable patterns.","alert":"Timestamp Disclosure - Unix","param":"","attack":"","name":"Timestamp Disclosure - Unix","risk":"Informational","id":"149","alertRef":"10096"},{"sourceid":"3","other":"This issue still applies to error type pages (401, 403, 500, etc.) as those pages are often still affected by injection issues, in which case there is still concern for browsers sniffing pages away from their actual content type.\nAt \"High\" threshold this scan rule will not alert on client or server error responses.","method":"GET","evidence":"","pluginId":"10021","cweid":"16","confidence":"Medium","wascid":"15","description":"The Anti-MIME-Sniffing header X-Content-Type-Options was not set to 'nosniff'. This allows older versions of Internet Explorer and Chrome to perform MIME-sniffing on the response body, potentially causing the response body to be interpreted and displayed as a content type other than the declared content type. Current (early 2014) and legacy versions of Firefox will use the declared content type (if one is set), rather than performing MIME-sniffing.","messageId":"19","url":"https://todoist.com/_next/static/chunks/0e8f85b20ed9ab0a6102c8b8298bac1d6cb4c89b.0fe8d2aa3a66f036f1d2.js","reference":"http://msdn.microsoft.com/en-us/library/ie/gg622941%28v=vs.85%29.aspx\nhttps://owasp.org/www-community/Security_Headers","solution":"Ensure that the application/web server sets the Content-Type header appropriately, and that it sets the X-Content-Type-Options header to 'nosniff' for all web pages.\nIf possible, ensure that the end user uses a standards-compliant and modern web browser that does not perform MIME-sniffing at all, or that can be directed by the web application/web server to not perform MIME-sniffing.","alert":"X-Content-Type-Options Header Missing","param":"X-Content-Type-Options","attack":"","name":"X-Content-Type-Options Header Missing","risk":"Low","id":"151","alertRef":"10021"},{"sourceid":"3","other":"The following pattern was used: \\bDB\\b and was detected in the element starting with: \"(window.webpackJsonp_N_E=window.webpackJsonp_N_E||[]).push([[4],{WNiU:function(e,t,r){!function(e,t){for(var r in t)e[r]=t[r]}(t\", see evidence field for the suspicious comment/snippet.","method":"GET","evidence":"Db","pluginId":"10027","cweid":"200","confidence":"Low","wascid":"13","description":"The response appears to contain suspicious comments which may help an attacker. Note: Matches made within script blocks or files are against the entire content not only comments.","messageId":"20","url":"https://todoist.com/_next/static/chunks/4af5f773.1851fbd0845d20ef7104.js","reference":"","solution":"Remove all comments that return information that may help an attacker and fix any underlying problems they refer to.","alert":"Information Disclosure - Suspicious Comments","param":"","attack":"","name":"Information Disclosure - Suspicious Comments","risk":"Informational","id":"152","alertRef":"10027"},{"sourceid":"3","other":"This issue still applies to error type pages (401, 403, 500, etc.) as those pages are often still affected by injection issues, in which case there is still concern for browsers sniffing pages away from their actual content type.\nAt \"High\" threshold this scan rule will not alert on client or server error responses.","method":"GET","evidence":"","pluginId":"10021","cweid":"16","confidence":"Medium","wascid":"15","description":"The Anti-MIME-Sniffing header X-Content-Type-Options was not set to 'nosniff'. This allows older versions of Internet Explorer and Chrome to perform MIME-sniffing on the response body, potentially causing the response body to be interpreted and displayed as a content type other than the declared content type. Current (early 2014) and legacy versions of Firefox will use the declared content type (if one is set), rather than performing MIME-sniffing.","messageId":"20","url":"https://todoist.com/_next/static/chunks/4af5f773.1851fbd0845d20ef7104.js","reference":"http://msdn.microsoft.com/en-us/library/ie/gg622941%28v=vs.85%29.aspx\nhttps://owasp.org/www-community/Security_Headers","solution":"Ensure that the application/web server sets the Content-Type header appropriately, and that it sets the X-Content-Type-Options header to 'nosniff' for all web pages.\nIf possible, ensure that the end user uses a standards-compliant and modern web browser that does not perform MIME-sniffing at all, or that can be directed by the web application/web server to not perform MIME-sniffing.","alert":"X-Content-Type-Options Header Missing","param":"X-Content-Type-Options","attack":"","name":"X-Content-Type-Options Header Missing","risk":"Low","id":"153","alertRef":"10021"},{"sourceid":"3","other":"The following pattern was used: \\bQUERY\\b and was detected in the element starting with: \"(window.webpackJsonp_N_E=window.webpackJsonp_N_E||[]).push([[6],{\"+90V\":function(e,t,n){\"use strict\";var r=n(\"TqRt\");n(\"HAE/\"),O\", see evidence field for the suspicious comment/snippet.","method":"GET","evidence":"query","pluginId":"10027","cweid":"200","confidence":"Low","wascid":"13","description":"The response appears to contain suspicious comments which may help an attacker. Note: Matches made within script blocks or files are against the entire content not only comments.","messageId":"21","url":"https://todoist.com/_next/static/chunks/46300902bf7c6e1374dd592a461ea5a5a6d02de9.dcfb80a6e6abd69835ad.js","reference":"","solution":"Remove all comments that return information that may help an attacker and fix any underlying problems they refer to.","alert":"Information Disclosure - Suspicious Comments","param":"","attack":"","name":"Information Disclosure - Suspicious Comments","risk":"Informational","id":"154","alertRef":"10027"},{"sourceid":"3","other":"This issue still applies to error type pages (401, 403, 500, etc.) as those pages are often still affected by injection issues, in which case there is still concern for browsers sniffing pages away from their actual content type.\nAt \"High\" threshold this scan rule will not alert on client or server error responses.","method":"GET","evidence":"","pluginId":"10021","cweid":"16","confidence":"Medium","wascid":"15","description":"The Anti-MIME-Sniffing header X-Content-Type-Options was not set to 'nosniff'. This allows older versions of Internet Explorer and Chrome to perform MIME-sniffing on the response body, potentially causing the response body to be interpreted and displayed as a content type other than the declared content type. Current (early 2014) and legacy versions of Firefox will use the declared content type (if one is set), rather than performing MIME-sniffing.","messageId":"21","url":"https://todoist.com/_next/static/chunks/46300902bf7c6e1374dd592a461ea5a5a6d02de9.dcfb80a6e6abd69835ad.js","reference":"http://msdn.microsoft.com/en-us/library/ie/gg622941%28v=vs.85%29.aspx\nhttps://owasp.org/www-community/Security_Headers","solution":"Ensure that the application/web server sets the Content-Type header appropriately, and that it sets the X-Content-Type-Options header to 'nosniff' for all web pages.\nIf possible, ensure that the end user uses a standards-compliant and modern web browser that does not perform MIME-sniffing at all, or that can be directed by the web application/web server to not perform MIME-sniffing.","alert":"X-Content-Type-Options Header Missing","param":"X-Content-Type-Options","attack":"","name":"X-Content-Type-Options Header Missing","risk":"Low","id":"155","alertRef":"10021"},{"sourceid":"3","other":"The following pattern was used: \\bQUERY\\b and was detected in the element starting with: \"_N_E=(window.webpackJsonp_N_E=window.webpackJsonp_N_E||[]).push([[29],{\"1TCz\":function(t,e,n){\"use strict\";n.r(e);var r=n(\"o0o1\"\", see evidence field for the suspicious comment/snippet.","method":"GET","evidence":"query","pluginId":"10027","cweid":"200","confidence":"Low","wascid":"13","description":"The response appears to contain suspicious comments which may help an attacker. Note: Matches made within script blocks or files are against the entire content not only comments.","messageId":"22","url":"https://todoist.com/_next/static/chunks/pages/_app-3b4743dbd65bee2727de.js","reference":"","solution":"Remove all comments that return information that may help an attacker and fix any underlying problems they refer to.","alert":"Information Disclosure - Suspicious Comments","param":"","attack":"","name":"Information Disclosure - Suspicious Comments","risk":"Informational","id":"156","alertRef":"10027"},{"sourceid":"3","other":"This issue still applies to error type pages (401, 403, 500, etc.) as those pages are often still affected by injection issues, in which case there is still concern for browsers sniffing pages away from their actual content type.\nAt \"High\" threshold this scan rule will not alert on client or server error responses.","method":"GET","evidence":"","pluginId":"10021","cweid":"16","confidence":"Medium","wascid":"15","description":"The Anti-MIME-Sniffing header X-Content-Type-Options was not set to 'nosniff'. This allows older versions of Internet Explorer and Chrome to perform MIME-sniffing on the response body, potentially causing the response body to be interpreted and displayed as a content type other than the declared content type. Current (early 2014) and legacy versions of Firefox will use the declared content type (if one is set), rather than performing MIME-sniffing.","messageId":"22","url":"https://todoist.com/_next/static/chunks/pages/_app-3b4743dbd65bee2727de.js","reference":"http://msdn.microsoft.com/en-us/library/ie/gg622941%28v=vs.85%29.aspx\nhttps://owasp.org/www-community/Security_Headers","solution":"Ensure that the application/web server sets the Content-Type header appropriately, and that it sets the X-Content-Type-Options header to 'nosniff' for all web pages.\nIf possible, ensure that the end user uses a standards-compliant and modern web browser that does not perform MIME-sniffing at all, or that can be directed by the web application/web server to not perform MIME-sniffing.","alert":"X-Content-Type-Options Header Missing","param":"X-Content-Type-Options","attack":"","name":"X-Content-Type-Options Header Missing","risk":"Low","id":"157","alertRef":"10021"},{"sourceid":"3","other":"The following pattern was used: \\bBUG\\b and was detected in the element starting with: \"(window.webpackJsonp_N_E=window.webpackJsonp_N_E||[]).push([[7],{\"+924\":function(e,t,n){\"use strict\";n.d(t,\"d\",(function(){retur\", see evidence field for the suspicious comment/snippet.","method":"GET","evidence":"bug","pluginId":"10027","cweid":"200","confidence":"Low","wascid":"13","description":"The response appears to contain suspicious comments which may help an attacker. Note: Matches made within script blocks or files are against the entire content not only comments.","messageId":"23","url":"https://todoist.com/_next/static/chunks/a7d9d3dc563f80f9bceeaf1fc394c88e9b2ce764.dc5ca8c774eddce1e0d7.js","reference":"","solution":"Remove all comments that return information that may help an attacker and fix any underlying problems they refer to.","alert":"Information Disclosure - Suspicious Comments","param":"","attack":"","name":"Information Disclosure - Suspicious Comments","risk":"Informational","id":"158","alertRef":"10027"},{"sourceid":"3","other":"123456789, which evaluates to: 1973-11-29 16:33:09","method":"GET","evidence":"123456789","pluginId":"10096","cweid":"200","confidence":"Low","wascid":"13","description":"A timestamp was disclosed by the application/web server - Unix","messageId":"23","url":"https://todoist.com/_next/static/chunks/a7d9d3dc563f80f9bceeaf1fc394c88e9b2ce764.dc5ca8c774eddce1e0d7.js","reference":"http://projects.webappsec.org/w/page/13246936/Information%20Leakage","solution":"Manually confirm that the timestamp data is not sensitive, and that the data cannot be aggregated to disclose exploitable patterns.","alert":"Timestamp Disclosure - Unix","param":"","attack":"","name":"Timestamp Disclosure - Unix","risk":"Informational","id":"159","alertRef":"10096"},{"sourceid":"3","other":"This issue still applies to error type pages (401, 403, 500, etc.) as those pages are often still affected by injection issues, in which case there is still concern for browsers sniffing pages away from their actual content type.\nAt \"High\" threshold this scan rule will not alert on client or server error responses.","method":"GET","evidence":"","pluginId":"10021","cweid":"16","confidence":"Medium","wascid":"15","description":"The Anti-MIME-Sniffing header X-Content-Type-Options was not set to 'nosniff'. This allows older versions of Internet Explorer and Chrome to perform MIME-sniffing on the response body, potentially causing the response body to be interpreted and displayed as a content type other than the declared content type. Current (early 2014) and legacy versions of Firefox will use the declared content type (if one is set), rather than performing MIME-sniffing.","messageId":"23","url":"https://todoist.com/_next/static/chunks/a7d9d3dc563f80f9bceeaf1fc394c88e9b2ce764.dc5ca8c774eddce1e0d7.js","reference":"http://msdn.microsoft.com/en-us/library/ie/gg622941%28v=vs.85%29.aspx\nhttps://owasp.org/www-community/Security_Headers","solution":"Ensure that the application/web server sets the Content-Type header appropriately, and that it sets the X-Content-Type-Options header to 'nosniff' for all web pages.\nIf possible, ensure that the end user uses a standards-compliant and modern web browser that does not perform MIME-sniffing at all, or that can be directed by the web application/web server to not perform MIME-sniffing.","alert":"X-Content-Type-Options Header Missing","param":"X-Content-Type-Options","attack":"","name":"X-Content-Type-Options Header Missing","risk":"Low","id":"165","alertRef":"10021"},{"sourceid":"3","other":"This issue still applies to error type pages (401, 403, 500, etc.) as those pages are often still affected by injection issues, in which case there is still concern for browsers sniffing pages away from their actual content type.\nAt \"High\" threshold this scan rule will not alert on client or server error responses.","method":"GET","evidence":"","pluginId":"10021","cweid":"16","confidence":"Medium","wascid":"15","description":"The Anti-MIME-Sniffing header X-Content-Type-Options was not set to 'nosniff'. This allows older versions of Internet Explorer and Chrome to perform MIME-sniffing on the response body, potentially causing the response body to be interpreted and displayed as a content type other than the declared content type. Current (early 2014) and legacy versions of Firefox will use the declared content type (if one is set), rather than performing MIME-sniffing.","messageId":"25","url":"https://todoist.com/_next/static/chunks/a5174a254d143c3d3d02321814728bdd71b6ab95_CSS.d6f2610c02ca1f2f8023.js","reference":"http://msdn.microsoft.com/en-us/library/ie/gg622941%28v=vs.85%29.aspx\nhttps://owasp.org/www-community/Security_Headers","solution":"Ensure that the application/web server sets the Content-Type header appropriately, and that it sets the X-Content-Type-Options header to 'nosniff' for all web pages.\nIf possible, ensure that the end user uses a standards-compliant and modern web browser that does not perform MIME-sniffing at all, or that can be directed by the web application/web server to not perform MIME-sniffing.","alert":"X-Content-Type-Options Header Missing","param":"X-Content-Type-Options","attack":"","name":"X-Content-Type-Options Header Missing","risk":"Low","id":"166","alertRef":"10021"},{"sourceid":"3","other":"This issue still applies to error type pages (401, 403, 500, etc.) as those pages are often still affected by injection issues, in which case there is still concern for browsers sniffing pages away from their actual content type.\nAt \"High\" threshold this scan rule will not alert on client or server error responses.","method":"GET","evidence":"","pluginId":"10021","cweid":"16","confidence":"Medium","wascid":"15","description":"The Anti-MIME-Sniffing header X-Content-Type-Options was not set to 'nosniff'. This allows older versions of Internet Explorer and Chrome to perform MIME-sniffing on the response body, potentially causing the response body to be interpreted and displayed as a content type other than the declared content type. Current (early 2014) and legacy versions of Firefox will use the declared content type (if one is set), rather than performing MIME-sniffing.","messageId":"26","url":"https://todoist.com/_next/static/chunks/styles.4b2dc012361942f5cf6e.js","reference":"http://msdn.microsoft.com/en-us/library/ie/gg622941%28v=vs.85%29.aspx\nhttps://owasp.org/www-community/Security_Headers","solution":"Ensure that the application/web server sets the Content-Type header appropriately, and that it sets the X-Content-Type-Options header to 'nosniff' for all web pages.\nIf possible, ensure that the end user uses a standards-compliant and modern web browser that does not perform MIME-sniffing at all, or that can be directed by the web application/web server to not perform MIME-sniffing.","alert":"X-Content-Type-Options Header Missing","param":"X-Content-Type-Options","attack":"","name":"X-Content-Type-Options Header Missing","risk":"Low","id":"167","alertRef":"10021"},{"sourceid":"3","other":"The following pattern was used: \\bDB\\b and was detected in the element starting with: \"_N_E=(window.webpackJsonp_N_E=window.webpackJsonp_N_E||[]).push([[44],{\"+RON\":function(e,t){e.exports=\"/_next/static/images/free\", see evidence field for the suspicious comment/snippet.","method":"GET","evidence":"DB","pluginId":"10027","cweid":"200","confidence":"Low","wascid":"13","description":"The response appears to contain suspicious comments which may help an attacker. Note: Matches made within script blocks or files are against the entire content not only comments.","messageId":"27","url":"https://todoist.com/_next/static/chunks/pages/index-50325ffabee779bfc84a.js","reference":"","solution":"Remove all comments that return information that may help an attacker and fix any underlying problems they refer to.","alert":"Information Disclosure - Suspicious Comments","param":"","attack":"","name":"Information Disclosure - Suspicious Comments","risk":"Informational","id":"168","alertRef":"10027"},{"sourceid":"3","other":"This issue still applies to error type pages (401, 403, 500, etc.) as those pages are often still affected by injection issues, in which case there is still concern for browsers sniffing pages away from their actual content type.\nAt \"High\" threshold this scan rule will not alert on client or server error responses.","method":"GET","evidence":"","pluginId":"10021","cweid":"16","confidence":"Medium","wascid":"15","description":"The Anti-MIME-Sniffing header X-Content-Type-Options was not set to 'nosniff'. This allows older versions of Internet Explorer and Chrome to perform MIME-sniffing on the response body, potentially causing the response body to be interpreted and displayed as a content type other than the declared content type. Current (early 2014) and legacy versions of Firefox will use the declared content type (if one is set), rather than performing MIME-sniffing.","messageId":"27","url":"https://todoist.com/_next/static/chunks/pages/index-50325ffabee779bfc84a.js","reference":"http://msdn.microsoft.com/en-us/library/ie/gg622941%28v=vs.85%29.aspx\nhttps://owasp.org/www-community/Security_Headers","solution":"Ensure that the application/web server sets the Content-Type header appropriately, and that it sets the X-Content-Type-Options header to 'nosniff' for all web pages.\nIf possible, ensure that the end user uses a standards-compliant and modern web browser that does not perform MIME-sniffing at all, or that can be directed by the web application/web server to not perform MIME-sniffing.","alert":"X-Content-Type-Options Header Missing","param":"X-Content-Type-Options","attack":"","name":"X-Content-Type-Options Header Missing","risk":"Low","id":"169","alertRef":"10021"},{"sourceid":"3","other":"The following pattern was used: \\bQUERY\\b and was detected in the element starting with: \"(window.webpackJsonp_N_E=window.webpackJsonp_N_E||[]).push([[8],{\"+9U2\":function(e,t,r){\"use strict\";let n,i,o,{isClean:s}=r(\"zo\", see evidence field for the suspicious comment/snippet.","method":"GET","evidence":"query","pluginId":"10027","cweid":"200","confidence":"Low","wascid":"13","description":"The response appears to contain suspicious comments which may help an attacker. Note: Matches made within script blocks or files are against the entire content not only comments.","messageId":"28","url":"https://todoist.com/_next/static/chunks/a5174a254d143c3d3d02321814728bdd71b6ab95.8aeeecc87435cd012b41.js","reference":"","solution":"Remove all comments that return information that may help an attacker and fix any underlying problems they refer to.","alert":"Information Disclosure - Suspicious Comments","param":"","attack":"","name":"Information Disclosure - Suspicious Comments","risk":"Informational","id":"170","alertRef":"10027"},{"sourceid":"3","other":"16711680, which evaluates to: 1970-07-13 05:08:00","method":"GET","evidence":"16711680","pluginId":"10096","cweid":"200","confidence":"Low","wascid":"13","description":"A timestamp was disclosed by the application/web server - Unix","messageId":"28","url":"https://todoist.com/_next/static/chunks/a5174a254d143c3d3d02321814728bdd71b6ab95.8aeeecc87435cd012b41.js","reference":"http://projects.webappsec.org/w/page/13246936/Information%20Leakage","solution":"Manually confirm that the timestamp data is not sensitive, and that the data cannot be aggregated to disclose exploitable patterns.","alert":"Timestamp Disclosure - Unix","param":"","attack":"","name":"Timestamp Disclosure - Unix","risk":"Informational","id":"171","alertRef":"10096"},{"sourceid":"3","other":"2147483647, which evaluates to: 2038-01-18 22:14:07","method":"GET","evidence":"2147483647","pluginId":"10096","cweid":"200","confidence":"Low","wascid":"13","description":"A timestamp was disclosed by the application/web server - Unix","messageId":"28","url":"https://todoist.com/_next/static/chunks/a5174a254d143c3d3d02321814728bdd71b6ab95.8aeeecc87435cd012b41.js","reference":"http://projects.webappsec.org/w/page/13246936/Information%20Leakage","solution":"Manually confirm that the timestamp data is not sensitive, and that the data cannot be aggregated to disclose exploitable patterns.","alert":"Timestamp Disclosure - Unix","param":"","attack":"","name":"Timestamp Disclosure - Unix","risk":"Informational","id":"172","alertRef":"10096"},{"sourceid":"3","other":"1073741823, which evaluates to: 2004-01-10 08:37:03","method":"GET","evidence":"1073741823","pluginId":"10096","cweid":"200","confidence":"Low","wascid":"13","description":"A timestamp was disclosed by the application/web server - Unix","messageId":"28","url":"https://todoist.com/_next/static/chunks/a5174a254d143c3d3d02321814728bdd71b6ab95.8aeeecc87435cd012b41.js","reference":"http://projects.webappsec.org/w/page/13246936/Information%20Leakage","solution":"Manually confirm that the timestamp data is not sensitive, and that the data cannot be aggregated to disclose exploitable patterns.","alert":"Timestamp Disclosure - Unix","param":"","attack":"","name":"Timestamp Disclosure - Unix","risk":"Informational","id":"173","alertRef":"10096"},{"sourceid":"3","other":"16777216, which evaluates to: 1970-07-13 23:20:16","method":"GET","evidence":"16777216","pluginId":"10096","cweid":"200","confidence":"Low","wascid":"13","description":"A timestamp was disclosed by the application/web server - Unix","messageId":"28","url":"https://todoist.com/_next/static/chunks/a5174a254d143c3d3d02321814728bdd71b6ab95.8aeeecc87435cd012b41.js","reference":"http://projects.webappsec.org/w/page/13246936/Information%20Leakage","solution":"Manually confirm that the timestamp data is not sensitive, and that the data cannot be aggregated to disclose exploitable patterns.","alert":"Timestamp Disclosure - Unix","param":"","attack":"","name":"Timestamp Disclosure - Unix","risk":"Informational","id":"176","alertRef":"10096"},{"sourceid":"3","other":"This issue still applies to error type pages (401, 403, 500, etc.) as those pages are often still affected by injection issues, in which case there is still concern for browsers sniffing pages away from their actual content type.\nAt \"High\" threshold this scan rule will not alert on client or server error responses.","method":"GET","evidence":"","pluginId":"10021","cweid":"16","confidence":"Medium","wascid":"15","description":"The Anti-MIME-Sniffing header X-Content-Type-Options was not set to 'nosniff'. This allows older versions of Internet Explorer and Chrome to perform MIME-sniffing on the response body, potentially causing the response body to be interpreted and displayed as a content type other than the declared content type. Current (early 2014) and legacy versions of Firefox will use the declared content type (if one is set), rather than performing MIME-sniffing.","messageId":"28","url":"https://todoist.com/_next/static/chunks/a5174a254d143c3d3d02321814728bdd71b6ab95.8aeeecc87435cd012b41.js","reference":"http://msdn.microsoft.com/en-us/library/ie/gg622941%28v=vs.85%29.aspx\nhttps://owasp.org/www-community/Security_Headers","solution":"Ensure that the application/web server sets the Content-Type header appropriately, and that it sets the X-Content-Type-Options header to 'nosniff' for all web pages.\nIf possible, ensure that the end user uses a standards-compliant and modern web browser that does not perform MIME-sniffing at all, or that can be directed by the web application/web server to not perform MIME-sniffing.","alert":"X-Content-Type-Options Header Missing","param":"X-Content-Type-Options","attack":"","name":"X-Content-Type-Options Header Missing","risk":"Low","id":"180","alertRef":"10021"},{"sourceid":"3","other":"The following pattern was used: \\bUSER\\b and was detected in the element starting with: \"self.__BUILD_MANIFEST = (function(a,b,c,d,e,f,g,h,i,j,k,l,m,n,o,p,q,r,s,t){return {__rewrites:[],\"/\":[\"static\\u002Fcss\\u002Fpage\", see evidence field for the suspicious comment/snippet.","method":"GET","evidence":"user","pluginId":"10027","cweid":"200","confidence":"Low","wascid":"13","description":"The response appears to contain suspicious comments which may help an attacker. Note: Matches made within script blocks or files are against the entire content not only comments.","messageId":"32","url":"https://todoist.com/_next/static/Su7XJ3Y1iReNK_fTNqchx/_buildManifest.js","reference":"","solution":"Remove all comments that return information that may help an attacker and fix any underlying problems they refer to.","alert":"Information Disclosure - Suspicious Comments","param":"","attack":"","name":"Information Disclosure - Suspicious Comments","risk":"Informational","id":"194","alertRef":"10027"},{"sourceid":"3","other":"This issue still applies to error type pages (401, 403, 500, etc.) as those pages are often still affected by injection issues, in which case there is still concern for browsers sniffing pages away from their actual content type.\nAt \"High\" threshold this scan rule will not alert on client or server error responses.","method":"GET","evidence":"","pluginId":"10021","cweid":"16","confidence":"Medium","wascid":"15","description":"The Anti-MIME-Sniffing header X-Content-Type-Options was not set to 'nosniff'. This allows older versions of Internet Explorer and Chrome to perform MIME-sniffing on the response body, potentially causing the response body to be interpreted and displayed as a content type other than the declared content type. Current (early 2014) and legacy versions of Firefox will use the declared content type (if one is set), rather than performing MIME-sniffing.","messageId":"32","url":"https://todoist.com/_next/static/Su7XJ3Y1iReNK_fTNqchx/_buildManifest.js","reference":"http://msdn.microsoft.com/en-us/library/ie/gg622941%28v=vs.85%29.aspx\nhttps://owasp.org/www-community/Security_Headers","solution":"Ensure that the application/web server sets the Content-Type header appropriately, and that it sets the X-Content-Type-Options header to 'nosniff' for all web pages.\nIf possible, ensure that the end user uses a standards-compliant and modern web browser that does not perform MIME-sniffing at all, or that can be directed by the web application/web server to not perform MIME-sniffing.","alert":"X-Content-Type-Options Header Missing","param":"X-Content-Type-Options","attack":"","name":"X-Content-Type-Options Header Missing","risk":"Low","id":"195","alertRef":"10021"},{"sourceid":"3","other":"This issue still applies to error type pages (401, 403, 500, etc.) as those pages are often still affected by injection issues, in which case there is still concern for browsers sniffing pages away from their actual content type.\nAt \"High\" threshold this scan rule will not alert on client or server error responses.","method":"GET","evidence":"","pluginId":"10021","cweid":"16","confidence":"Medium","wascid":"15","description":"The Anti-MIME-Sniffing header X-Content-Type-Options was not set to 'nosniff'. This allows older versions of Internet Explorer and Chrome to perform MIME-sniffing on the response body, potentially causing the response body to be interpreted and displayed as a content type other than the declared content type. Current (early 2014) and legacy versions of Firefox will use the declared content type (if one is set), rather than performing MIME-sniffing.","messageId":"35","url":"https://todoist.com/_next/static/Su7XJ3Y1iReNK_fTNqchx/_ssgManifest.js","reference":"http://msdn.microsoft.com/en-us/library/ie/gg622941%28v=vs.85%29.aspx\nhttps://owasp.org/www-community/Security_Headers","solution":"Ensure that the application/web server sets the Content-Type header appropriately, and that it sets the X-Content-Type-Options header to 'nosniff' for all web pages.\nIf possible, ensure that the end user uses a standards-compliant and modern web browser that does not perform MIME-sniffing at all, or that can be directed by the web application/web server to not perform MIME-sniffing.","alert":"X-Content-Type-Options Header Missing","param":"X-Content-Type-Options","attack":"","name":"X-Content-Type-Options Header Missing","risk":"Low","id":"196","alertRef":"10021"},{"sourceid":"3","other":"This issue still applies to error type pages (401, 403, 500, etc.) as those pages are often still affected by injection issues, in which case there is still concern for browsers sniffing pages away from their actual content type.\nAt \"High\" threshold this scan rule will not alert on client or server error responses.","method":"GET","evidence":"","pluginId":"10021","cweid":"16","confidence":"Medium","wascid":"15","description":"The Anti-MIME-Sniffing header X-Content-Type-Options was not set to 'nosniff'. This allows older versions of Internet Explorer and Chrome to perform MIME-sniffing on the response body, potentially causing the response body to be interpreted and displayed as a content type other than the declared content type. Current (early 2014) and legacy versions of Firefox will use the declared content type (if one is set), rather than performing MIME-sniffing.","messageId":"47","url":"https://todoist.com/static/fonts/Graphik-Regular-Web.woff","reference":"http://msdn.microsoft.com/en-us/library/ie/gg622941%28v=vs.85%29.aspx\nhttps://owasp.org/www-community/Security_Headers","solution":"Ensure that the application/web server sets the Content-Type header appropriately, and that it sets the X-Content-Type-Options header to 'nosniff' for all web pages.\nIf possible, ensure that the end user uses a standards-compliant and modern web browser that does not perform MIME-sniffing at all, or that can be directed by the web application/web server to not perform MIME-sniffing.","alert":"X-Content-Type-Options Header Missing","param":"X-Content-Type-Options","attack":"","name":"X-Content-Type-Options Header Missing","risk":"Low","id":"239","alertRef":"10021"},{"sourceid":"3","other":"This issue still applies to error type pages (401, 403, 500, etc.) as those pages are often still affected by injection issues, in which case there is still concern for browsers sniffing pages away from their actual content type.\nAt \"High\" threshold this scan rule will not alert on client or server error responses.","method":"GET","evidence":"","pluginId":"10021","cweid":"16","confidence":"Medium","wascid":"15","description":"The Anti-MIME-Sniffing header X-Content-Type-Options was not set to 'nosniff'. This allows older versions of Internet Explorer and Chrome to perform MIME-sniffing on the response body, potentially causing the response body to be interpreted and displayed as a content type other than the declared content type. Current (early 2014) and legacy versions of Firefox will use the declared content type (if one is set), rather than performing MIME-sniffing.","messageId":"48","url":"https://todoist.com/static/fonts/Graphik-Semibold-Web.woff","reference":"http://msdn.microsoft.com/en-us/library/ie/gg622941%28v=vs.85%29.aspx\nhttps://owasp.org/www-community/Security_Headers","solution":"Ensure that the application/web server sets the Content-Type header appropriately, and that it sets the X-Content-Type-Options header to 'nosniff' for all web pages.\nIf possible, ensure that the end user uses a standards-compliant and modern web browser that does not perform MIME-sniffing at all, or that can be directed by the web application/web server to not perform MIME-sniffing.","alert":"X-Content-Type-Options Header Missing","param":"X-Content-Type-Options","attack":"","name":"X-Content-Type-Options Header Missing","risk":"Low","id":"240","alertRef":"10021"},{"sourceid":"3","other":"This issue still applies to error type pages (401, 403, 500, etc.) as those pages are often still affected by injection issues, in which case there is still concern for browsers sniffing pages away from their actual content type.\nAt \"High\" threshold this scan rule will not alert on client or server error responses.","method":"GET","evidence":"","pluginId":"10021","cweid":"16","confidence":"Medium","wascid":"15","description":"The Anti-MIME-Sniffing header X-Content-Type-Options was not set to 'nosniff'. This allows older versions of Internet Explorer and Chrome to perform MIME-sniffing on the response body, potentially causing the response body to be interpreted and displayed as a content type other than the declared content type. Current (early 2014) and legacy versions of Firefox will use the declared content type (if one is set), rather than performing MIME-sniffing.","messageId":"51","url":"https://todoist.com/static/fonts/Caecilia-RegularItalic-Web.woff","reference":"http://msdn.microsoft.com/en-us/library/ie/gg622941%28v=vs.85%29.aspx\nhttps://owasp.org/www-community/Security_Headers","solution":"Ensure that the application/web server sets the Content-Type header appropriately, and that it sets the X-Content-Type-Options header to 'nosniff' for all web pages.\nIf possible, ensure that the end user uses a standards-compliant and modern web browser that does not perform MIME-sniffing at all, or that can be directed by the web application/web server to not perform MIME-sniffing.","alert":"X-Content-Type-Options Header Missing","param":"X-Content-Type-Options","attack":"","name":"X-Content-Type-Options Header Missing","risk":"Low","id":"241","alertRef":"10021"},{"sourceid":"3","other":"","method":"GET","evidence":"public, max-age=31536000, immutable","pluginId":"10015","cweid":"525","confidence":"Medium","wascid":"13","description":"The cache-control and pragma HTTP header have not been set properly or are missing allowing the browser and proxies to cache content.","messageId":"55","url":"https://todoist.com/static/locales/es/common.json","reference":"https://cheatsheetseries.owasp.org/cheatsheets/Session_Management_Cheat_Sheet.html#web-content-caching","solution":"Whenever possible ensure the cache-control HTTP header is set with no-cache, no-store, must-revalidate; and that the pragma HTTP header is set with no-cache.","alert":"Incomplete or No Cache-control and Pragma HTTP Header Set","param":"Cache-Control","attack":"","name":"Incomplete or No Cache-control and Pragma HTTP Header Set","risk":"Low","id":"244","alertRef":"10015"},{"sourceid":"3","other":"This issue still applies to error type pages (401, 403, 500, etc.) as those pages are often still affected by injection issues, in which case there is still concern for browsers sniffing pages away from their actual content type.\nAt \"High\" threshold this scan rule will not alert on client or server error responses.","method":"GET","evidence":"","pluginId":"10021","cweid":"16","confidence":"Medium","wascid":"15","description":"The Anti-MIME-Sniffing header X-Content-Type-Options was not set to 'nosniff'. This allows older versions of Internet Explorer and Chrome to perform MIME-sniffing on the response body, potentially causing the response body to be interpreted and displayed as a content type other than the declared content type. Current (early 2014) and legacy versions of Firefox will use the declared content type (if one is set), rather than performing MIME-sniffing.","messageId":"55","url":"https://todoist.com/static/locales/es/common.json","reference":"http://msdn.microsoft.com/en-us/library/ie/gg622941%28v=vs.85%29.aspx\nhttps://owasp.org/www-community/Security_Headers","solution":"Ensure that the application/web server sets the Content-Type header appropriately, and that it sets the X-Content-Type-Options header to 'nosniff' for all web pages.\nIf possible, ensure that the end user uses a standards-compliant and modern web browser that does not perform MIME-sniffing at all, or that can be directed by the web application/web server to not perform MIME-sniffing.","alert":"X-Content-Type-Options Header Missing","param":"X-Content-Type-Options","attack":"","name":"X-Content-Type-Options Header Missing","risk":"Low","id":"245","alertRef":"10021"},{"sourceid":"3","other":"","method":"GET","evidence":"public, max-age=31536000, immutable","pluginId":"10015","cweid":"525","confidence":"Medium","wascid":"13","description":"The cache-control and pragma HTTP header have not been set properly or are missing allowing the browser and proxies to cache content.","messageId":"58","url":"https://todoist.com/static/locales/en/common.json","reference":"https://cheatsheetseries.owasp.org/cheatsheets/Session_Management_Cheat_Sheet.html#web-content-caching","solution":"Whenever possible ensure the cache-control HTTP header is set with no-cache, no-store, must-revalidate; and that the pragma HTTP header is set with no-cache.","alert":"Incomplete or No Cache-control and Pragma HTTP Header Set","param":"Cache-Control","attack":"","name":"Incomplete or No Cache-control and Pragma HTTP Header Set","risk":"Low","id":"246","alertRef":"10015"},{"sourceid":"3","other":"This issue still applies to error type pages (401, 403, 500, etc.) as those pages are often still affected by injection issues, in which case there is still concern for browsers sniffing pages away from their actual content type.\nAt \"High\" threshold this scan rule will not alert on client or server error responses.","method":"GET","evidence":"","pluginId":"10021","cweid":"16","confidence":"Medium","wascid":"15","description":"The Anti-MIME-Sniffing header X-Content-Type-Options was not set to 'nosniff'. This allows older versions of Internet Explorer and Chrome to perform MIME-sniffing on the response body, potentially causing the response body to be interpreted and displayed as a content type other than the declared content type. Current (early 2014) and legacy versions of Firefox will use the declared content type (if one is set), rather than performing MIME-sniffing.","messageId":"58","url":"https://todoist.com/static/locales/en/common.json","reference":"http://msdn.microsoft.com/en-us/library/ie/gg622941%28v=vs.85%29.aspx\nhttps://owasp.org/www-community/Security_Headers","solution":"Ensure that the application/web server sets the Content-Type header appropriately, and that it sets the X-Content-Type-Options header to 'nosniff' for all web pages.\nIf possible, ensure that the end user uses a standards-compliant and modern web browser that does not perform MIME-sniffing at all, or that can be directed by the web application/web server to not perform MIME-sniffing.","alert":"X-Content-Type-Options Header Missing","param":"X-Content-Type-Options","attack":"","name":"X-Content-Type-Options Header Missing","risk":"Low","id":"247","alertRef":"10021"},{"sourceid":"3","other":"","method":"GET","evidence":"","pluginId":"10015","cweid":"525","confidence":"Medium","wascid":"13","description":"The cache-control and pragma HTTP header have not been set properly or are missing allowing the browser and proxies to cache content.","messageId":"132","url":"https://todoist.com/users/showlogin","reference":"https://cheatsheetseries.owasp.org/cheatsheets/Session_Management_Cheat_Sheet.html#web-content-caching","solution":"Whenever possible ensure the cache-control HTTP header is set with no-cache, no-store, must-revalidate; and that the pragma HTTP header is set with no-cache.","alert":"Incomplete or No Cache-control and Pragma HTTP Header Set","param":"Cache-Control","attack":"","name":"Incomplete or No Cache-control and Pragma HTTP Header Set","risk":"Low","id":"314","alertRef":"10015"},{"sourceid":"3","other":"","method":"GET","evidence":"Set-Cookie: csrf","pluginId":"10010","cweid":"16","confidence":"Medium","wascid":"13","description":"A cookie has been set without the HttpOnly flag, which means that the cookie can be accessed by JavaScript. If a malicious script can be run on this page then the cookie will be accessible and can be transmitted to another site. If this is a session cookie then session hijacking may be possible.","messageId":"132","url":"https://todoist.com/users/showlogin","reference":"https://owasp.org/www-community/HttpOnly","solution":"Ensure that the HttpOnly flag is set for all cookies.","alert":"Cookie No HttpOnly Flag","param":"csrf","attack":"","name":"Cookie No HttpOnly Flag","risk":"Low","id":"315","alertRef":"10010"},{"sourceid":"3","other":"","method":"GET","evidence":"Set-Cookie: csrf","pluginId":"10054","cweid":"16","confidence":"Medium","wascid":"13","description":"A cookie has been set with an invalid SameSite attribute value, which means that the cookie can be sent as a result of a 'cross-site' request. The SameSite attribute is an effective counter measure to cross-site request forgery, cross-site script inclusion, and timing attacks.","messageId":"132","url":"https://todoist.com/users/showlogin","reference":"https://tools.ietf.org/html/draft-ietf-httpbis-cookie-same-site","solution":"Ensure that the SameSite attribute is set to either 'lax' or ideally 'strict' for all cookies.","alert":"Cookie Without SameSite Attribute","param":"csrf","attack":"","name":"Cookie Without SameSite Attribute","risk":"Low","id":"316","alertRef":"10054"},{"sourceid":"3","other":"","method":"GET","evidence":"<script type=\"text/javascript\" src=\"https://d3ptyyxy2at9ui.cloudfront.net/es-ab54e0.js\"><\/script>","pluginId":"10017","cweid":"829","confidence":"Medium","wascid":"15","description":"The page includes one or more script files from a third-party domain.","messageId":"132","url":"https://todoist.com/users/showlogin","reference":"","solution":"Ensure JavaScript source files are loaded from only trusted sources, and the sources can't be controlled by end users of the application.","alert":"Cross-Domain JavaScript Source File Inclusion","param":"https://d3ptyyxy2at9ui.cloudfront.net/es-ab54e0.js","attack":"","name":"Cross-Domain JavaScript Source File Inclusion","risk":"Low","id":"317","alertRef":"10017"},{"sourceid":"3","other":"","method":"GET","evidence":"<script type=\"text/javascript\" src=\"https://d3ptyyxy2at9ui.cloudfront.net/Col_ICECollection-8b8f90.js\" ><\/script>","pluginId":"10017","cweid":"829","confidence":"Medium","wascid":"15","description":"The page includes one or more script files from a third-party domain.","messageId":"132","url":"https://todoist.com/users/showlogin","reference":"","solution":"Ensure JavaScript source files are loaded from only trusted sources, and the sources can't be controlled by end users of the application.","alert":"Cross-Domain JavaScript Source File Inclusion","param":"https://d3ptyyxy2at9ui.cloudfront.net/Col_ICECollection-8b8f90.js","attack":"","name":"Cross-Domain JavaScript Source File Inclusion","risk":"Low","id":"318","alertRef":"10017"},{"sourceid":"3","other":"","method":"GET","evidence":"<script type=\"text/javascript\" src=\"https://d3ptyyxy2at9ui.cloudfront.net/GreyBox-b6bb57.js\" ><\/script>","pluginId":"10017","cweid":"829","confidence":"Medium","wascid":"15","description":"The page includes one or more script files from a third-party domain.","messageId":"132","url":"https://todoist.com/users/showlogin","reference":"","solution":"Ensure JavaScript source files are loaded from only trusted sources, and the sources can't be controlled by end users of the application.","alert":"Cross-Domain JavaScript Source File Inclusion","param":"https://d3ptyyxy2at9ui.cloudfront.net/GreyBox-b6bb57.js","attack":"","name":"Cross-Domain JavaScript Source File Inclusion","risk":"Low","id":"319","alertRef":"10017"},{"sourceid":"3","other":"","method":"GET","evidence":"<script type=\"text/javascript\" src=\"https://d3ptyyxy2at9ui.cloudfront.net/Col_StandalonePageCollection-d72ac1.js\" ><\/script>","pluginId":"10017","cweid":"829","confidence":"Medium","wascid":"15","description":"The page includes one or more script files from a third-party domain.","messageId":"132","url":"https://todoist.com/users/showlogin","reference":"","solution":"Ensure JavaScript source files are loaded from only trusted sources, and the sources can't be controlled by end users of the application.","alert":"Cross-Domain JavaScript Source File Inclusion","param":"https://d3ptyyxy2at9ui.cloudfront.net/Col_StandalonePageCollection-d72ac1.js","attack":"","name":"Cross-Domain JavaScript Source File Inclusion","risk":"Low","id":"320","alertRef":"10017"},{"sourceid":"3","other":"","method":"GET","evidence":"<script type=\"text/javascript\" src=\"https://d3ptyyxy2at9ui.cloudfront.net/Col_PluginCollection-f907f0.js\" ><\/script>","pluginId":"10017","cweid":"829","confidence":"Medium","wascid":"15","description":"The page includes one or more script files from a third-party domain.","messageId":"132","url":"https://todoist.com/users/showlogin","reference":"","solution":"Ensure JavaScript source files are loaded from only trusted sources, and the sources can't be controlled by end users of the application.","alert":"Cross-Domain JavaScript Source File Inclusion","param":"https://d3ptyyxy2at9ui.cloudfront.net/Col_PluginCollection-f907f0.js","attack":"","name":"Cross-Domain JavaScript Source File Inclusion","risk":"Low","id":"322","alertRef":"10017"},{"sourceid":"3","other":"","method":"GET","evidence":"<script type=\"text/javascript\" src=\"https://d3ptyyxy2at9ui.cloudfront.net/ist_button-56a55c.js\" ><\/script>","pluginId":"10017","cweid":"829","confidence":"Medium","wascid":"15","description":"The page includes one or more script files from a third-party domain.","messageId":"132","url":"https://todoist.com/users/showlogin","reference":"","solution":"Ensure JavaScript source files are loaded from only trusted sources, and the sources can't be controlled by end users of the application.","alert":"Cross-Domain JavaScript Source File Inclusion","param":"https://d3ptyyxy2at9ui.cloudfront.net/ist_button-56a55c.js","attack":"","name":"Cross-Domain JavaScript Source File Inclusion","risk":"Low","id":"323","alertRef":"10017"},{"sourceid":"3","other":"","method":"GET","evidence":"<script type=\"text/javascript\" src=\"https://d3ptyyxy2at9ui.cloudfront.net/Col_LoginSignupCollection-976c4c.js\" ><\/script>","pluginId":"10017","cweid":"829","confidence":"Medium","wascid":"15","description":"The page includes one or more script files from a third-party domain.","messageId":"132","url":"https://todoist.com/users/showlogin","reference":"","solution":"Ensure JavaScript source files are loaded from only trusted sources, and the sources can't be controlled by end users of the application.","alert":"Cross-Domain JavaScript Source File Inclusion","param":"https://d3ptyyxy2at9ui.cloudfront.net/Col_LoginSignupCollection-976c4c.js","attack":"","name":"Cross-Domain JavaScript Source File Inclusion","risk":"Low","id":"324","alertRef":"10017"},{"sourceid":"3","other":"This issue still applies to error type pages (401, 403, 500, etc.) as those pages are often still affected by injection issues, in which case there is still concern for browsers sniffing pages away from their actual content type.\nAt \"High\" threshold this scan rule will not alert on client or server error responses.","method":"GET","evidence":"","pluginId":"10021","cweid":"16","confidence":"Medium","wascid":"15","description":"The Anti-MIME-Sniffing header X-Content-Type-Options was not set to 'nosniff'. This allows older versions of Internet Explorer and Chrome to perform MIME-sniffing on the response body, potentially causing the response body to be interpreted and displayed as a content type other than the declared content type. Current (early 2014) and legacy versions of Firefox will use the declared content type (if one is set), rather than performing MIME-sniffing.","messageId":"132","url":"https://todoist.com/users/showlogin","reference":"http://msdn.microsoft.com/en-us/library/ie/gg622941%28v=vs.85%29.aspx\nhttps://owasp.org/www-community/Security_Headers","solution":"Ensure that the application/web server sets the Content-Type header appropriately, and that it sets the X-Content-Type-Options header to 'nosniff' for all web pages.\nIf possible, ensure that the end user uses a standards-compliant and modern web browser that does not perform MIME-sniffing at all, or that can be directed by the web application/web server to not perform MIME-sniffing.","alert":"X-Content-Type-Options Header Missing","param":"X-Content-Type-Options","attack":"","name":"X-Content-Type-Options Header Missing","risk":"Low","id":"325","alertRef":"10021"},{"sourceid":"3","other":"","method":"GET","evidence":"","pluginId":"10020","cweid":"16","confidence":"Medium","wascid":"15","description":"X-Frame-Options header is not included in the HTTP response to protect against 'ClickJacking' attacks.","messageId":"132","url":"https://todoist.com/users/showlogin","reference":"https://developer.mozilla.org/en-US/docs/Web/HTTP/Headers/X-Frame-Options","solution":"Most modern Web browsers support the X-Frame-Options HTTP header. Ensure it's set on all web pages returned by your site (if you expect the page to be framed only by pages on your server (e.g. it's part of a FRAMESET) then you'll want to use SAMEORIGIN, otherwise if you never expect the page to be framed, you should use DENY. Alternatively consider implementing Content Security Policy's \"frame-ancestors\" directive. ","alert":"X-Frame-Options Header Not Set","param":"X-Frame-Options","attack":"","name":"X-Frame-Options Header Not Set","risk":"Medium","id":"326","alertRef":"10020"},{"sourceid":"3","other":"","method":"POST","evidence":"Set-Cookie: todoistd","pluginId":"10054","cweid":"16","confidence":"Medium","wascid":"13","description":"A cookie has been set with an invalid SameSite attribute value, which means that the cookie can be sent as a result of a 'cross-site' request. The SameSite attribute is an effective counter measure to cross-site request forgery, cross-site script inclusion, and timing attacks.","messageId":"156","url":"https://todoist.com/Users/login","reference":"https://tools.ietf.org/html/draft-ietf-httpbis-cookie-same-site","solution":"Ensure that the SameSite attribute is set to either 'lax' or ideally 'strict' for all cookies.","alert":"Cookie Without SameSite Attribute","param":"todoistd","attack":"","name":"Cookie Without SameSite Attribute","risk":"Low","id":"371","alertRef":"10054"},{"sourceid":"3","other":"31536000, which evaluates to: 1970-12-31 19:00:00","method":"POST","evidence":"31536000","pluginId":"10096","cweid":"200","confidence":"Low","wascid":"13","description":"A timestamp was disclosed by the application/web server - Unix","messageId":"156","url":"https://todoist.com/Users/login","reference":"http://projects.webappsec.org/w/page/13246936/Information%20Leakage","solution":"Manually confirm that the timestamp data is not sensitive, and that the data cannot be aggregated to disclose exploitable patterns.","alert":"Timestamp Disclosure - Unix","param":"","attack":"","name":"Timestamp Disclosure - Unix","risk":"Informational","id":"372","alertRef":"10096"},{"sourceid":"3","other":"The response contained multiple CSP headers, one or more of them contained a report-uri directive and therefore they could not be merged. The first identified header/policy was analyzed.","method":"GET","evidence":"default-src 'self' wss://*.todoist.com https://www.google-analytics.com https://o476415.ingest.sentry.io https://d3ptyyxy2at9ui.cloudfront.net https://dcff1xvirvpfp.cloudfront.net https://d266vjxpnndrqi.cloudfront.net https://x-api.rollout.io https://statestore.rollout.io https://conf.rollout.io https://push.rollout.io https://analytic.rollout.io https://browser.sentry-cdn.com https://www.dropbox.com/static/api/2/dropins.js https://apis.google.com https://*.todoist.com https://todoist.com https://maps.googleapis.com https://fonts.gstatic.com; style-src 'self' wss://*.todoist.com https://www.google-analytics.com https://o476415.ingest.sentry.io https://d3ptyyxy2at9ui.cloudfront.net https://dcff1xvirvpfp.cloudfront.net https://d266vjxpnndrqi.cloudfront.net https://x-api.rollout.io https://statestore.rollout.io https://conf.rollout.io https://push.rollout.io https://analytic.rollout.io https://browser.sentry-cdn.com https://www.dropbox.com/static/api/2/dropins.js https://apis.google.com https://*.todoist.com https://todoist.com https://maps.googleapis.com https://fonts.gstatic.com 'unsafe-inline' https://fonts.googleapis.com; img-src 'self' data:  https://d3ptyyxy2at9ui.cloudfront.net https://dcff1xvirvpfp.cloudfront.net https://d266vjxpnndrqi.cloudfront.net https://d1x0mwiac2rqwt.cloudfront.net https://avatars.doist.com https://image-resize.todoist.com https://maps.gstatic.com https://*.googleapis.com https://*.ggpht https://twemoji.maxcdn.com https://www.google-analytics.com; media-src 'self' https://d1ysz50cxb9zwl.cloudfront.net https://d3ptyyxy2at9ui.cloudfront.net https://files.todoist.com; frame-src 'self' https://www.dropbox.com https://accounts.google.com https://docs.google.com; report-uri /csp_report","pluginId":"10055","cweid":"16","confidence":"Medium","wascid":"15","description":"Info Items:\n1:1715: A draft of the next version of CSP deprecates report-uri in favour of a new report-to directive.\n","messageId":"158","url":"https://todoist.com/app/","reference":"http://www.w3.org/TR/CSP2/\nhttp://www.w3.org/TR/CSP/\nhttp://caniuse.com/#search=content+security+policy\nhttp://content-security-policy.com/\nhttps://github.com/shapesecurity/salvation\nhttps://developers.google.com/web/fundamentals/security/csp#policy_applies_to_a_wide_variety_of_resources","solution":"Ensure that your web server, application server, load balancer, etc. is properly configured to set the Content-Security-Policy header.","alert":"CSP: Notices","param":"Content-Security-Policy","attack":"","name":"CSP: Notices","risk":"Informational","id":"373","alertRef":"10055"},{"sourceid":"3","other":"The response contained multiple CSP headers, one or more of them contained a report-uri directive and therefore they could not be merged. The first identified header/policy was analyzed.","method":"GET","evidence":"default-src 'self' wss://*.todoist.com https://www.google-analytics.com https://o476415.ingest.sentry.io https://d3ptyyxy2at9ui.cloudfront.net https://dcff1xvirvpfp.cloudfront.net https://d266vjxpnndrqi.cloudfront.net https://x-api.rollout.io https://statestore.rollout.io https://conf.rollout.io https://push.rollout.io https://analytic.rollout.io https://browser.sentry-cdn.com https://www.dropbox.com/static/api/2/dropins.js https://apis.google.com https://*.todoist.com https://todoist.com https://maps.googleapis.com https://fonts.gstatic.com; style-src 'self' wss://*.todoist.com https://www.google-analytics.com https://o476415.ingest.sentry.io https://d3ptyyxy2at9ui.cloudfront.net https://dcff1xvirvpfp.cloudfront.net https://d266vjxpnndrqi.cloudfront.net https://x-api.rollout.io https://statestore.rollout.io https://conf.rollout.io https://push.rollout.io https://analytic.rollout.io https://browser.sentry-cdn.com https://www.dropbox.com/static/api/2/dropins.js https://apis.google.com https://*.todoist.com https://todoist.com https://maps.googleapis.com https://fonts.gstatic.com 'unsafe-inline' https://fonts.googleapis.com; img-src 'self' data:  https://d3ptyyxy2at9ui.cloudfront.net https://dcff1xvirvpfp.cloudfront.net https://d266vjxpnndrqi.cloudfront.net https://d1x0mwiac2rqwt.cloudfront.net https://avatars.doist.com https://image-resize.todoist.com https://maps.gstatic.com https://*.googleapis.com https://*.ggpht https://twemoji.maxcdn.com https://www.google-analytics.com; media-src 'self' https://d1ysz50cxb9zwl.cloudfront.net https://d3ptyyxy2at9ui.cloudfront.net https://files.todoist.com; frame-src 'self' https://www.dropbox.com https://accounts.google.com https://docs.google.com; report-uri /csp_report","pluginId":"10055","cweid":"16","confidence":"Medium","wascid":"15","description":"The following directives either allow wildcard sources (or ancestors), are not defined, or are overly broadly defined: \nframe-ancestors, form-action\n\nThe directive(s): frame-ancestors, form-action are among the directives that do not fallback to default-src, missing/excluding them is the same as allowing anything.","messageId":"158","url":"https://todoist.com/app/","reference":"http://www.w3.org/TR/CSP2/\nhttp://www.w3.org/TR/CSP/\nhttp://caniuse.com/#search=content+security+policy\nhttp://content-security-policy.com/\nhttps://github.com/shapesecurity/salvation\nhttps://developers.google.com/web/fundamentals/security/csp#policy_applies_to_a_wide_variety_of_resources","solution":"Ensure that your web server, application server, load balancer, etc. is properly configured to set the Content-Security-Policy header.","alert":"CSP: Wildcard Directive","param":"Content-Security-Policy","attack":"","name":"CSP: Wildcard Directive","risk":"Medium","id":"374","alertRef":"10055"},{"sourceid":"3","other":"The response contained multiple CSP headers, one or more of them contained a report-uri directive and therefore they could not be merged. The first identified header/policy was analyzed.","method":"GET","evidence":"default-src 'self' wss://*.todoist.com https://www.google-analytics.com https://o476415.ingest.sentry.io https://d3ptyyxy2at9ui.cloudfront.net https://dcff1xvirvpfp.cloudfront.net https://d266vjxpnndrqi.cloudfront.net https://x-api.rollout.io https://statestore.rollout.io https://conf.rollout.io https://push.rollout.io https://analytic.rollout.io https://browser.sentry-cdn.com https://www.dropbox.com/static/api/2/dropins.js https://apis.google.com https://*.todoist.com https://todoist.com https://maps.googleapis.com https://fonts.gstatic.com; style-src 'self' wss://*.todoist.com https://www.google-analytics.com https://o476415.ingest.sentry.io https://d3ptyyxy2at9ui.cloudfront.net https://dcff1xvirvpfp.cloudfront.net https://d266vjxpnndrqi.cloudfront.net https://x-api.rollout.io https://statestore.rollout.io https://conf.rollout.io https://push.rollout.io https://analytic.rollout.io https://browser.sentry-cdn.com https://www.dropbox.com/static/api/2/dropins.js https://apis.google.com https://*.todoist.com https://todoist.com https://maps.googleapis.com https://fonts.gstatic.com 'unsafe-inline' https://fonts.googleapis.com; img-src 'self' data:  https://d3ptyyxy2at9ui.cloudfront.net https://dcff1xvirvpfp.cloudfront.net https://d266vjxpnndrqi.cloudfront.net https://d1x0mwiac2rqwt.cloudfront.net https://avatars.doist.com https://image-resize.todoist.com https://maps.gstatic.com https://*.googleapis.com https://*.ggpht https://twemoji.maxcdn.com https://www.google-analytics.com; media-src 'self' https://d1ysz50cxb9zwl.cloudfront.net https://d3ptyyxy2at9ui.cloudfront.net https://files.todoist.com; frame-src 'self' https://www.dropbox.com https://accounts.google.com https://docs.google.com; report-uri /csp_report","pluginId":"10055","cweid":"16","confidence":"Medium","wascid":"15","description":"style-src includes unsafe-inline.","messageId":"158","url":"https://todoist.com/app/","reference":"http://www.w3.org/TR/CSP2/\nhttp://www.w3.org/TR/CSP/\nhttp://caniuse.com/#search=content+security+policy\nhttp://content-security-policy.com/\nhttps://github.com/shapesecurity/salvation\nhttps://developers.google.com/web/fundamentals/security/csp#policy_applies_to_a_wide_variety_of_resources","solution":"Ensure that your web server, application server, load balancer, etc. is properly configured to set the Content-Security-Policy header.","alert":"CSP: style-src unsafe-inline","param":"Content-Security-Policy","attack":"","name":"CSP: style-src unsafe-inline","risk":"Medium","id":"375","alertRef":"10055"},{"sourceid":"3","other":"","method":"GET","evidence":"<script src=\"https://d3ptyyxy2at9ui.cloudfront.net/assets/initTheme.b1a12b68f418d0aa0577144c7364b8ab.js\"><\/script>","pluginId":"10017","cweid":"829","confidence":"Medium","wascid":"15","description":"The page includes one or more script files from a third-party domain.","messageId":"158","url":"https://todoist.com/app/","reference":"","solution":"Ensure JavaScript source files are loaded from only trusted sources, and the sources can't be controlled by end users of the application.","alert":"Cross-Domain JavaScript Source File Inclusion","param":"https://d3ptyyxy2at9ui.cloudfront.net/assets/initTheme.b1a12b68f418d0aa0577144c7364b8ab.js","attack":"","name":"Cross-Domain JavaScript Source File Inclusion","risk":"Low","id":"376","alertRef":"10017"},{"sourceid":"3","other":"","method":"GET","evidence":"<script async src=\"https://www.google-analytics.com/analytics.js\"><\/script>","pluginId":"10017","cweid":"829","confidence":"Medium","wascid":"15","description":"The page includes one or more script files from a third-party domain.","messageId":"158","url":"https://todoist.com/app/","reference":"","solution":"Ensure JavaScript source files are loaded from only trusted sources, and the sources can't be controlled by end users of the application.","alert":"Cross-Domain JavaScript Source File Inclusion","param":"https://www.google-analytics.com/analytics.js","attack":"","name":"Cross-Domain JavaScript Source File Inclusion","risk":"Low","id":"377","alertRef":"10017"},{"sourceid":"3","other":"","method":"GET","evidence":"<script src=\"https://d3ptyyxy2at9ui.cloudfront.net/assets/vendor.c9e825411fdc24f1ec7a.js\"><\/script>","pluginId":"10017","cweid":"829","confidence":"Medium","wascid":"15","description":"The page includes one or more script files from a third-party domain.","messageId":"158","url":"https://todoist.com/app/","reference":"","solution":"Ensure JavaScript source files are loaded from only trusted sources, and the sources can't be controlled by end users of the application.","alert":"Cross-Domain JavaScript Source File Inclusion","param":"https://d3ptyyxy2at9ui.cloudfront.net/assets/vendor.c9e825411fdc24f1ec7a.js","attack":"","name":"Cross-Domain JavaScript Source File Inclusion","risk":"Low","id":"378","alertRef":"10017"},{"sourceid":"3","other":"","method":"GET","evidence":"<script src=\"https://d3ptyyxy2at9ui.cloudfront.net/assets/app.1cf113e26f9d2c0630ec.js\"><\/script>","pluginId":"10017","cweid":"829","confidence":"Medium","wascid":"15","description":"The page includes one or more script files from a third-party domain.","messageId":"158","url":"https://todoist.com/app/","reference":"","solution":"Ensure JavaScript source files are loaded from only trusted sources, and the sources can't be controlled by end users of the application.","alert":"Cross-Domain JavaScript Source File Inclusion","param":"https://d3ptyyxy2at9ui.cloudfront.net/assets/app.1cf113e26f9d2c0630ec.js","attack":"","name":"Cross-Domain JavaScript Source File Inclusion","risk":"Low","id":"379","alertRef":"10017"},{"sourceid":"3","other":"572688855, which evaluates to: 1988-02-24 03:14:15","method":"GET","evidence":"572688855","pluginId":"10096","cweid":"200","confidence":"Low","wascid":"13","description":"A timestamp was disclosed by the application/web server - Unix","messageId":"158","url":"https://todoist.com/app/","reference":"http://projects.webappsec.org/w/page/13246936/Information%20Leakage","solution":"Manually confirm that the timestamp data is not sensitive, and that the data cannot be aggregated to disclose exploitable patterns.","alert":"Timestamp Disclosure - Unix","param":"","attack":"","name":"Timestamp Disclosure - Unix","risk":"Informational","id":"380","alertRef":"10096"},{"sourceid":"3","other":"This issue still applies to error type pages (401, 403, 500, etc.) as those pages are often still affected by injection issues, in which case there is still concern for browsers sniffing pages away from their actual content type.\nAt \"High\" threshold this scan rule will not alert on client or server error responses.","method":"GET","evidence":"","pluginId":"10021","cweid":"16","confidence":"Medium","wascid":"15","description":"The Anti-MIME-Sniffing header X-Content-Type-Options was not set to 'nosniff'. This allows older versions of Internet Explorer and Chrome to perform MIME-sniffing on the response body, potentially causing the response body to be interpreted and displayed as a content type other than the declared content type. Current (early 2014) and legacy versions of Firefox will use the declared content type (if one is set), rather than performing MIME-sniffing.","messageId":"158","url":"https://todoist.com/app/","reference":"http://msdn.microsoft.com/en-us/library/ie/gg622941%28v=vs.85%29.aspx\nhttps://owasp.org/www-community/Security_Headers","solution":"Ensure that the application/web server sets the Content-Type header appropriately, and that it sets the X-Content-Type-Options header to 'nosniff' for all web pages.\nIf possible, ensure that the end user uses a standards-compliant and modern web browser that does not perform MIME-sniffing at all, or that can be directed by the web application/web server to not perform MIME-sniffing.","alert":"X-Content-Type-Options Header Missing","param":"X-Content-Type-Options","attack":"","name":"X-Content-Type-Options Header Missing","risk":"Low","id":"381","alertRef":"10021"},{"sourceid":"3","other":"","method":"GET","evidence":"","pluginId":"10020","cweid":"16","confidence":"Medium","wascid":"15","description":"X-Frame-Options header is not included in the HTTP response to protect against 'ClickJacking' attacks.","messageId":"158","url":"https://todoist.com/app/","reference":"https://developer.mozilla.org/en-US/docs/Web/HTTP/Headers/X-Frame-Options","solution":"Most modern Web browsers support the X-Frame-Options HTTP header. Ensure it's set on all web pages returned by your site (if you expect the page to be framed only by pages on your server (e.g. it's part of a FRAMESET) then you'll want to use SAMEORIGIN, otherwise if you never expect the page to be framed, you should use DENY. Alternatively consider implementing Content Security Policy's \"frame-ancestors\" directive. ","alert":"X-Frame-Options Header Not Set","param":"X-Frame-Options","attack":"","name":"X-Frame-Options Header Not Set","risk":"Medium","id":"382","alertRef":"10020"},{"sourceid":"3","other":"","method":"POST","evidence":"no-cache","pluginId":"10015","cweid":"525","confidence":"Medium","wascid":"13","description":"The cache-control and pragma HTTP header have not been set properly or are missing allowing the browser and proxies to cache content.","messageId":"166","url":"https://todoist.com/API/v8.7/sync","reference":"https://cheatsheetseries.owasp.org/cheatsheets/Session_Management_Cheat_Sheet.html#web-content-caching","solution":"Whenever possible ensure the cache-control HTTP header is set with no-cache, no-store, must-revalidate; and that the pragma HTTP header is set with no-cache.","alert":"Incomplete or No Cache-control and Pragma HTTP Header Set","param":"Cache-Control","attack":"","name":"Incomplete or No Cache-control and Pragma HTTP Header Set","risk":"Low","id":"656","alertRef":"10015"},{"sourceid":"3","other":"1344642991, which evaluates to: 2012-08-10 18:56:31","method":"POST","evidence":"1344642991","pluginId":"10096","cweid":"200","confidence":"Low","wascid":"13","description":"A timestamp was disclosed by the application/web server - Unix","messageId":"166","url":"https://todoist.com/API/v8.7/sync","reference":"http://projects.webappsec.org/w/page/13246936/Information%20Leakage","solution":"Manually confirm that the timestamp data is not sensitive, and that the data cannot be aggregated to disclose exploitable patterns.","alert":"Timestamp Disclosure - Unix","param":"","attack":"","name":"Timestamp Disclosure - Unix","risk":"Informational","id":"657","alertRef":"10096"},{"sourceid":"3","other":"33304136, which evaluates to: 1971-01-21 06:08:56","method":"POST","evidence":"33304136","pluginId":"10096","cweid":"200","confidence":"Low","wascid":"13","description":"A timestamp was disclosed by the application/web server - Unix","messageId":"166","url":"https://todoist.com/API/v8.7/sync","reference":"http://projects.webappsec.org/w/page/13246936/Information%20Leakage","solution":"Manually confirm that the timestamp data is not sensitive, and that the data cannot be aggregated to disclose exploitable patterns.","alert":"Timestamp Disclosure - Unix","param":"","attack":"","name":"Timestamp Disclosure - Unix","risk":"Informational","id":"658","alertRef":"10096"},{"sourceid":"3","other":"43476449, which evaluates to: 1971-05-18 23:47:29","method":"POST","evidence":"43476449","pluginId":"10096","cweid":"200","confidence":"Low","wascid":"13","description":"A timestamp was disclosed by the application/web server - Unix","messageId":"166","url":"https://todoist.com/API/v8.7/sync","reference":"http://projects.webappsec.org/w/page/13246936/Information%20Leakage","solution":"Manually confirm that the timestamp data is not sensitive, and that the data cannot be aggregated to disclose exploitable patterns.","alert":"Timestamp Disclosure - Unix","param":"","attack":"","name":"Timestamp Disclosure - Unix","risk":"Informational","id":"659","alertRef":"10096"},{"sourceid":"3","other":"43476450, which evaluates to: 1971-05-18 23:47:30","method":"POST","evidence":"43476450","pluginId":"10096","cweid":"200","confidence":"Low","wascid":"13","description":"A timestamp was disclosed by the application/web server - Unix","messageId":"166","url":"https://todoist.com/API/v8.7/sync","reference":"http://projects.webappsec.org/w/page/13246936/Information%20Leakage","solution":"Manually confirm that the timestamp data is not sensitive, and that the data cannot be aggregated to disclose exploitable patterns.","alert":"Timestamp Disclosure - Unix","param":"","attack":"","name":"Timestamp Disclosure - Unix","risk":"Informational","id":"674","alertRef":"10096"},{"sourceid":"3","other":"43476451, which evaluates to: 1971-05-18 23:47:31","method":"POST","evidence":"43476451","pluginId":"10096","cweid":"200","confidence":"Low","wascid":"13","description":"A timestamp was disclosed by the application/web server - Unix","messageId":"166","url":"https://todoist.com/API/v8.7/sync","reference":"http://projects.webappsec.org/w/page/13246936/Information%20Leakage","solution":"Manually confirm that the timestamp data is not sensitive, and that the data cannot be aggregated to disclose exploitable patterns.","alert":"Timestamp Disclosure - Unix","param":"","attack":"","name":"Timestamp Disclosure - Unix","risk":"Informational","id":"680","alertRef":"10096"},{"sourceid":"3","other":"43476452, which evaluates to: 1971-05-18 23:47:32","method":"POST","evidence":"43476452","pluginId":"10096","cweid":"200","confidence":"Low","wascid":"13","description":"A timestamp was disclosed by the application/web server - Unix","messageId":"166","url":"https://todoist.com/API/v8.7/sync","reference":"http://projects.webappsec.org/w/page/13246936/Information%20Leakage","solution":"Manually confirm that the timestamp data is not sensitive, and that the data cannot be aggregated to disclose exploitable patterns.","alert":"Timestamp Disclosure - Unix","param":"","attack":"","name":"Timestamp Disclosure - Unix","risk":"Informational","id":"686","alertRef":"10096"},{"sourceid":"3","other":"205325931, which evaluates to: 1976-07-04 05:58:51","method":"POST","evidence":"205325931","pluginId":"10096","cweid":"200","confidence":"Low","wascid":"13","description":"A timestamp was disclosed by the application/web server - Unix","messageId":"166","url":"https://todoist.com/API/v8.7/sync","reference":"http://projects.webappsec.org/w/page/13246936/Information%20Leakage","solution":"Manually confirm that the timestamp data is not sensitive, and that the data cannot be aggregated to disclose exploitable patterns.","alert":"Timestamp Disclosure - Unix","param":"","attack":"","name":"Timestamp Disclosure - Unix","risk":"Informational","id":"697","alertRef":"10096"},{"sourceid":"3","other":"This issue still applies to error type pages (401, 403, 500, etc.) as those pages are often still affected by injection issues, in which case there is still concern for browsers sniffing pages away from their actual content type.\nAt \"High\" threshold this scan rule will not alert on client or server error responses.","method":"POST","evidence":"","pluginId":"10021","cweid":"16","confidence":"Medium","wascid":"15","description":"The Anti-MIME-Sniffing header X-Content-Type-Options was not set to 'nosniff'. This allows older versions of Internet Explorer and Chrome to perform MIME-sniffing on the response body, potentially causing the response body to be interpreted and displayed as a content type other than the declared content type. Current (early 2014) and legacy versions of Firefox will use the declared content type (if one is set), rather than performing MIME-sniffing.","messageId":"166","url":"https://todoist.com/API/v8.7/sync","reference":"http://msdn.microsoft.com/en-us/library/ie/gg622941%28v=vs.85%29.aspx\nhttps://owasp.org/www-community/Security_Headers","solution":"Ensure that the application/web server sets the Content-Type header appropriately, and that it sets the X-Content-Type-Options header to 'nosniff' for all web pages.\nIf possible, ensure that the end user uses a standards-compliant and modern web browser that does not perform MIME-sniffing at all, or that can be directed by the web application/web server to not perform MIME-sniffing.","alert":"X-Content-Type-Options Header Missing","param":"X-Content-Type-Options","attack":"","name":"X-Content-Type-Options Header Missing","risk":"Low","id":"708","alertRef":"10021"}]}
Request URL: http://localhost:8080/JSON/ascan/view/status/?scanId=0
Request BODY: null
Response CODE: 200
Response BODY: {"status":"0"}
* Percentage Status: 0%
Request URL: http://localhost:8080/JSON/alert/view/alerts/?baseurl=https://todoist.com/
Request BODY: null
Response CODE: 200
Response BODY: {"alerts":[{"sourceid":"3","other":"","method":"GET","evidence":"Set-Cookie: AWSALB","pluginId":"10010","cweid":"16","confidence":"Medium","wascid":"13","description":"A cookie has been set without the HttpOnly flag, which means that the cookie can be accessed by JavaScript. If a malicious script can be run on this page then the cookie will be accessible and can be transmitted to another site. If this is a session cookie then session hijacking may be possible.","messageId":"3","url":"https://todoist.com/","reference":"https://owasp.org/www-community/HttpOnly","solution":"Ensure that the HttpOnly flag is set for all cookies.","alert":"Cookie No HttpOnly Flag","param":"AWSALB","attack":"","name":"Cookie No HttpOnly Flag","risk":"Low","id":"0","alertRef":"10010"},{"sourceid":"3","other":"","method":"GET","evidence":"Set-Cookie: AWSALBCORS","pluginId":"10010","cweid":"16","confidence":"Medium","wascid":"13","description":"A cookie has been set without the HttpOnly flag, which means that the cookie can be accessed by JavaScript. If a malicious script can be run on this page then the cookie will be accessible and can be transmitted to another site. If this is a session cookie then session hijacking may be possible.","messageId":"3","url":"https://todoist.com/","reference":"https://owasp.org/www-community/HttpOnly","solution":"Ensure that the HttpOnly flag is set for all cookies.","alert":"Cookie No HttpOnly Flag","param":"AWSALBCORS","attack":"","name":"Cookie No HttpOnly Flag","risk":"Low","id":"1","alertRef":"10010"},{"sourceid":"3","other":"","method":"GET","evidence":"Set-Cookie: _csrf","pluginId":"10010","cweid":"16","confidence":"Medium","wascid":"13","description":"A cookie has been set without the HttpOnly flag, which means that the cookie can be accessed by JavaScript. If a malicious script can be run on this page then the cookie will be accessible and can be transmitted to another site. If this is a session cookie then session hijacking may be possible.","messageId":"3","url":"https://todoist.com/","reference":"https://owasp.org/www-community/HttpOnly","solution":"Ensure that the HttpOnly flag is set for all cookies.","alert":"Cookie No HttpOnly Flag","param":"_csrf","attack":"","name":"Cookie No HttpOnly Flag","risk":"Low","id":"2","alertRef":"10010"},{"sourceid":"3","other":"","method":"GET","evidence":"Set-Cookie: next-i18next","pluginId":"10010","cweid":"16","confidence":"Medium","wascid":"13","description":"A cookie has been set without the HttpOnly flag, which means that the cookie can be accessed by JavaScript. If a malicious script can be run on this page then the cookie will be accessible and can be transmitted to another site. If this is a session cookie then session hijacking may be possible.","messageId":"3","url":"https://todoist.com/","reference":"https://owasp.org/www-community/HttpOnly","solution":"Ensure that the HttpOnly flag is set for all cookies.","alert":"Cookie No HttpOnly Flag","param":"next-i18next","attack":"","name":"Cookie No HttpOnly Flag","risk":"Low","id":"3","alertRef":"10010"},{"sourceid":"3","other":"","method":"GET","evidence":"Set-Cookie: AWSALB","pluginId":"10054","cweid":"16","confidence":"Medium","wascid":"13","description":"A cookie has been set without the SameSite attribute, which means that the cookie can be sent as a result of a 'cross-site' request. The SameSite attribute is an effective counter measure to cross-site request forgery, cross-site script inclusion, and timing attacks.","messageId":"3","url":"https://todoist.com/","reference":"https://tools.ietf.org/html/draft-ietf-httpbis-cookie-same-site","solution":"Ensure that the SameSite attribute is set to either 'lax' or ideally 'strict' for all cookies.","alert":"Cookie Without SameSite Attribute","param":"AWSALB","attack":"","name":"Cookie Without SameSite Attribute","risk":"Low","id":"4","alertRef":"10054"},{"sourceid":"3","other":"","method":"GET","evidence":"Set-Cookie: AWSALBCORS","pluginId":"10054","cweid":"16","confidence":"Medium","wascid":"13","description":"A cookie has been set with an invalid SameSite attribute value, which means that the cookie can be sent as a result of a 'cross-site' request. The SameSite attribute is an effective counter measure to cross-site request forgery, cross-site script inclusion, and timing attacks.","messageId":"3","url":"https://todoist.com/","reference":"https://tools.ietf.org/html/draft-ietf-httpbis-cookie-same-site","solution":"Ensure that the SameSite attribute is set to either 'lax' or ideally 'strict' for all cookies.","alert":"Cookie Without SameSite Attribute","param":"AWSALBCORS","attack":"","name":"Cookie Without SameSite Attribute","risk":"Low","id":"5","alertRef":"10054"},{"sourceid":"3","other":"","method":"GET","evidence":"Set-Cookie: _csrf","pluginId":"10054","cweid":"16","confidence":"Medium","wascid":"13","description":"A cookie has been set without the SameSite attribute, which means that the cookie can be sent as a result of a 'cross-site' request. The SameSite attribute is an effective counter measure to cross-site request forgery, cross-site script inclusion, and timing attacks.","messageId":"3","url":"https://todoist.com/","reference":"https://tools.ietf.org/html/draft-ietf-httpbis-cookie-same-site","solution":"Ensure that the SameSite attribute is set to either 'lax' or ideally 'strict' for all cookies.","alert":"Cookie Without SameSite Attribute","param":"_csrf","attack":"","name":"Cookie Without SameSite Attribute","risk":"Low","id":"6","alertRef":"10054"},{"sourceid":"3","other":"","method":"GET","evidence":"Set-Cookie: AWSALB","pluginId":"10011","cweid":"614","confidence":"Medium","wascid":"13","description":"A cookie has been set without the secure flag, which means that the cookie can be accessed via unencrypted connections.","messageId":"3","url":"https://todoist.com/","reference":"https://owasp.org/www-project-web-security-testing-guide/v41/4-Web_Application_Security_Testing/06-Session_Management_Testing/02-Testing_for_Cookies_Attributes.html","solution":"Whenever a cookie contains sensitive information or is a session token, then it should always be passed using an encrypted channel. Ensure that the secure flag is set for cookies containing such sensitive information.","alert":"Cookie Without Secure Flag","param":"AWSALB","attack":"","name":"Cookie Without Secure Flag","risk":"Low","id":"7","alertRef":"10011"},{"sourceid":"3","other":"","method":"GET","evidence":"Set-Cookie: _csrf","pluginId":"10011","cweid":"614","confidence":"Medium","wascid":"13","description":"A cookie has been set without the secure flag, which means that the cookie can be accessed via unencrypted connections.","messageId":"3","url":"https://todoist.com/","reference":"https://owasp.org/www-project-web-security-testing-guide/v41/4-Web_Application_Security_Testing/06-Session_Management_Testing/02-Testing_for_Cookies_Attributes.html","solution":"Whenever a cookie contains sensitive information or is a session token, then it should always be passed using an encrypted channel. Ensure that the secure flag is set for cookies containing such sensitive information.","alert":"Cookie Without Secure Flag","param":"_csrf","attack":"","name":"Cookie Without Secure Flag","risk":"Low","id":"8","alertRef":"10011"},{"sourceid":"3","other":"","method":"GET","evidence":"Set-Cookie: next-i18next","pluginId":"10011","cweid":"614","confidence":"Medium","wascid":"13","description":"A cookie has been set without the secure flag, which means that the cookie can be accessed via unencrypted connections.","messageId":"3","url":"https://todoist.com/","reference":"https://owasp.org/www-project-web-security-testing-guide/v41/4-Web_Application_Security_Testing/06-Session_Management_Testing/02-Testing_for_Cookies_Attributes.html","solution":"Whenever a cookie contains sensitive information or is a session token, then it should always be passed using an encrypted channel. Ensure that the secure flag is set for cookies containing such sensitive information.","alert":"Cookie Without Secure Flag","param":"next-i18next","attack":"","name":"Cookie Without Secure Flag","risk":"Low","id":"9","alertRef":"10011"},{"sourceid":"3","other":"","method":"GET","evidence":"","pluginId":"10015","cweid":"525","confidence":"Medium","wascid":"13","description":"The cache-control and pragma HTTP header have not been set properly or are missing allowing the browser and proxies to cache content.","messageId":"5","url":"https://todoist.com/es","reference":"https://cheatsheetseries.owasp.org/cheatsheets/Session_Management_Cheat_Sheet.html#web-content-caching","solution":"Whenever possible ensure the cache-control HTTP header is set with no-cache, no-store, must-revalidate; and that the pragma HTTP header is set with no-cache.","alert":"Incomplete or No Cache-control and Pragma HTTP Header Set","param":"Cache-Control","attack":"","name":"Incomplete or No Cache-control and Pragma HTTP Header Set","risk":"Low","id":"10","alertRef":"10015"},{"sourceid":"3","other":"","method":"GET","evidence":"Set-Cookie: AWSALB","pluginId":"10010","cweid":"16","confidence":"Medium","wascid":"13","description":"A cookie has been set without the HttpOnly flag, which means that the cookie can be accessed by JavaScript. If a malicious script can be run on this page then the cookie will be accessible and can be transmitted to another site. If this is a session cookie then session hijacking may be possible.","messageId":"5","url":"https://todoist.com/es","reference":"https://owasp.org/www-community/HttpOnly","solution":"Ensure that the HttpOnly flag is set for all cookies.","alert":"Cookie No HttpOnly Flag","param":"AWSALB","attack":"","name":"Cookie No HttpOnly Flag","risk":"Low","id":"11","alertRef":"10010"},{"sourceid":"3","other":"","method":"GET","evidence":"Set-Cookie: AWSALBCORS","pluginId":"10010","cweid":"16","confidence":"Medium","wascid":"13","description":"A cookie has been set without the HttpOnly flag, which means that the cookie can be accessed by JavaScript. If a malicious script can be run on this page then the cookie will be accessible and can be transmitted to another site. If this is a session cookie then session hijacking may be possible.","messageId":"5","url":"https://todoist.com/es","reference":"https://owasp.org/www-community/HttpOnly","solution":"Ensure that the HttpOnly flag is set for all cookies.","alert":"Cookie No HttpOnly Flag","param":"AWSALBCORS","attack":"","name":"Cookie No HttpOnly Flag","risk":"Low","id":"12","alertRef":"10010"},{"sourceid":"3","other":"","method":"GET","evidence":"Set-Cookie: next-i18next","pluginId":"10010","cweid":"16","confidence":"Medium","wascid":"13","description":"A cookie has been set without the HttpOnly flag, which means that the cookie can be accessed by JavaScript. If a malicious script can be run on this page then the cookie will be accessible and can be transmitted to another site. If this is a session cookie then session hijacking may be possible.","messageId":"5","url":"https://todoist.com/es","reference":"https://owasp.org/www-community/HttpOnly","solution":"Ensure that the HttpOnly flag is set for all cookies.","alert":"Cookie No HttpOnly Flag","param":"next-i18next","attack":"","name":"Cookie No HttpOnly Flag","risk":"Low","id":"13","alertRef":"10010"},{"sourceid":"3","other":"","method":"GET","evidence":"Set-Cookie: AWSALB","pluginId":"10054","cweid":"16","confidence":"Medium","wascid":"13","description":"A cookie has been set without the SameSite attribute, which means that the cookie can be sent as a result of a 'cross-site' request. The SameSite attribute is an effective counter measure to cross-site request forgery, cross-site script inclusion, and timing attacks.","messageId":"5","url":"https://todoist.com/es","reference":"https://tools.ietf.org/html/draft-ietf-httpbis-cookie-same-site","solution":"Ensure that the SameSite attribute is set to either 'lax' or ideally 'strict' for all cookies.","alert":"Cookie Without SameSite Attribute","param":"AWSALB","attack":"","name":"Cookie Without SameSite Attribute","risk":"Low","id":"14","alertRef":"10054"},{"sourceid":"3","other":"","method":"GET","evidence":"Set-Cookie: AWSALBCORS","pluginId":"10054","cweid":"16","confidence":"Medium","wascid":"13","description":"A cookie has been set with an invalid SameSite attribute value, which means that the cookie can be sent as a result of a 'cross-site' request. The SameSite attribute is an effective counter measure to cross-site request forgery, cross-site script inclusion, and timing attacks.","messageId":"5","url":"https://todoist.com/es","reference":"https://tools.ietf.org/html/draft-ietf-httpbis-cookie-same-site","solution":"Ensure that the SameSite attribute is set to either 'lax' or ideally 'strict' for all cookies.","alert":"Cookie Without SameSite Attribute","param":"AWSALBCORS","attack":"","name":"Cookie Without SameSite Attribute","risk":"Low","id":"15","alertRef":"10054"},{"sourceid":"3","other":"","method":"GET","evidence":"Set-Cookie: AWSALB","pluginId":"10011","cweid":"614","confidence":"Medium","wascid":"13","description":"A cookie has been set without the secure flag, which means that the cookie can be accessed via unencrypted connections.","messageId":"5","url":"https://todoist.com/es","reference":"https://owasp.org/www-project-web-security-testing-guide/v41/4-Web_Application_Security_Testing/06-Session_Management_Testing/02-Testing_for_Cookies_Attributes.html","solution":"Whenever a cookie contains sensitive information or is a session token, then it should always be passed using an encrypted channel. Ensure that the secure flag is set for cookies containing such sensitive information.","alert":"Cookie Without Secure Flag","param":"AWSALB","attack":"","name":"Cookie Without Secure Flag","risk":"Low","id":"16","alertRef":"10011"},{"sourceid":"3","other":"","method":"GET","evidence":"Set-Cookie: next-i18next","pluginId":"10011","cweid":"614","confidence":"Medium","wascid":"13","description":"A cookie has been set without the secure flag, which means that the cookie can be accessed via unencrypted connections.","messageId":"5","url":"https://todoist.com/es","reference":"https://owasp.org/www-project-web-security-testing-guide/v41/4-Web_Application_Security_Testing/06-Session_Management_Testing/02-Testing_for_Cookies_Attributes.html","solution":"Whenever a cookie contains sensitive information or is a session token, then it should always be passed using an encrypted channel. Ensure that the secure flag is set for cookies containing such sensitive information.","alert":"Cookie Without Secure Flag","param":"next-i18next","attack":"","name":"Cookie Without Secure Flag","risk":"Low","id":"17","alertRef":"10011"},{"sourceid":"3","other":"","method":"GET","evidence":"<script src=\"https://www.googleoptimize.com/optimize.js?id=OPT-PNP389R\"><\/script>","pluginId":"10017","cweid":"829","confidence":"Medium","wascid":"15","description":"The page includes one or more script files from a third-party domain.","messageId":"5","url":"https://todoist.com/es","reference":"","solution":"Ensure JavaScript source files are loaded from only trusted sources, and the sources can't be controlled by end users of the application.","alert":"Cross-Domain JavaScript Source File Inclusion","param":"https://www.googleoptimize.com/optimize.js?id=OPT-PNP389R","attack":"","name":"Cross-Domain JavaScript Source File Inclusion","risk":"Low","id":"18","alertRef":"10017"},{"sourceid":"3","other":"The following pattern was used: \\bTODO\\b and was detected in the element starting with: \"<script id=\"__NEXT_DATA__\" type=\"application/json\">{\"props\":{\"initialI18nStore\":{\"es\":{\"index\":{\"seoTitle\":\"Todoist: La \\\"to do \", see evidence field for the suspicious comment/snippet.","method":"GET","evidence":"todo","pluginId":"10027","cweid":"200","confidence":"Low","wascid":"13","description":"The response appears to contain suspicious comments which may help an attacker. Note: Matches made within script blocks or files are against the entire content not only comments.","messageId":"5","url":"https://todoist.com/es","reference":"","solution":"Remove all comments that return information that may help an attacker and fix any underlying problems they refer to.","alert":"Information Disclosure - Suspicious Comments","param":"","attack":"","name":"Information Disclosure - Suspicious Comments","risk":"Informational","id":"19","alertRef":"10027"},{"sourceid":"3","other":"This issue still applies to error type pages (401, 403, 500, etc.) as those pages are often still affected by injection issues, in which case there is still concern for browsers sniffing pages away from their actual content type.\nAt \"High\" threshold this scan rule will not alert on client or server error responses.","method":"GET","evidence":"","pluginId":"10021","cweid":"16","confidence":"Medium","wascid":"15","description":"The Anti-MIME-Sniffing header X-Content-Type-Options was not set to 'nosniff'. This allows older versions of Internet Explorer and Chrome to perform MIME-sniffing on the response body, potentially causing the response body to be interpreted and displayed as a content type other than the declared content type. Current (early 2014) and legacy versions of Firefox will use the declared content type (if one is set), rather than performing MIME-sniffing.","messageId":"5","url":"https://todoist.com/es","reference":"http://msdn.microsoft.com/en-us/library/ie/gg622941%28v=vs.85%29.aspx\nhttps://owasp.org/www-community/Security_Headers","solution":"Ensure that the application/web server sets the Content-Type header appropriately, and that it sets the X-Content-Type-Options header to 'nosniff' for all web pages.\nIf possible, ensure that the end user uses a standards-compliant and modern web browser that does not perform MIME-sniffing at all, or that can be directed by the web application/web server to not perform MIME-sniffing.","alert":"X-Content-Type-Options Header Missing","param":"X-Content-Type-Options","attack":"","name":"X-Content-Type-Options Header Missing","risk":"Low","id":"20","alertRef":"10021"},{"sourceid":"3","other":"","method":"GET","evidence":"public, max-age=31536000, immutable","pluginId":"10015","cweid":"525","confidence":"Medium","wascid":"13","description":"The cache-control and pragma HTTP header have not been set properly or are missing allowing the browser and proxies to cache content.","messageId":"6","url":"https://todoist.com/_next/static/css/a5174a254d143c3d3d02321814728bdd71b6ab95_CSS.d9deec97.chunk.css","reference":"https://cheatsheetseries.owasp.org/cheatsheets/Session_Management_Cheat_Sheet.html#web-content-caching","solution":"Whenever possible ensure the cache-control HTTP header is set with no-cache, no-store, must-revalidate; and that the pragma HTTP header is set with no-cache.","alert":"Incomplete or No Cache-control and Pragma HTTP Header Set","param":"Cache-Control","attack":"","name":"Incomplete or No Cache-control and Pragma HTTP Header Set","risk":"Low","id":"21","alertRef":"10015"},{"sourceid":"3","other":"This issue still applies to error type pages (401, 403, 500, etc.) as those pages are often still affected by injection issues, in which case there is still concern for browsers sniffing pages away from their actual content type.\nAt \"High\" threshold this scan rule will not alert on client or server error responses.","method":"GET","evidence":"","pluginId":"10021","cweid":"16","confidence":"Medium","wascid":"15","description":"The Anti-MIME-Sniffing header X-Content-Type-Options was not set to 'nosniff'. This allows older versions of Internet Explorer and Chrome to perform MIME-sniffing on the response body, potentially causing the response body to be interpreted and displayed as a content type other than the declared content type. Current (early 2014) and legacy versions of Firefox will use the declared content type (if one is set), rather than performing MIME-sniffing.","messageId":"6","url":"https://todoist.com/_next/static/css/a5174a254d143c3d3d02321814728bdd71b6ab95_CSS.d9deec97.chunk.css","reference":"http://msdn.microsoft.com/en-us/library/ie/gg622941%28v=vs.85%29.aspx\nhttps://owasp.org/www-community/Security_Headers","solution":"Ensure that the application/web server sets the Content-Type header appropriately, and that it sets the X-Content-Type-Options header to 'nosniff' for all web pages.\nIf possible, ensure that the end user uses a standards-compliant and modern web browser that does not perform MIME-sniffing at all, or that can be directed by the web application/web server to not perform MIME-sniffing.","alert":"X-Content-Type-Options Header Missing","param":"X-Content-Type-Options","attack":"","name":"X-Content-Type-Options Header Missing","risk":"Low","id":"22","alertRef":"10021"},{"sourceid":"3","other":"This issue still applies to error type pages (401, 403, 500, etc.) as those pages are often still affected by injection issues, in which case there is still concern for browsers sniffing pages away from their actual content type.\nAt \"High\" threshold this scan rule will not alert on client or server error responses.","method":"GET","evidence":"","pluginId":"10021","cweid":"16","confidence":"Medium","wascid":"15","description":"The Anti-MIME-Sniffing header X-Content-Type-Options was not set to 'nosniff'. This allows older versions of Internet Explorer and Chrome to perform MIME-sniffing on the response body, potentially causing the response body to be interpreted and displayed as a content type other than the declared content type. Current (early 2014) and legacy versions of Firefox will use the declared content type (if one is set), rather than performing MIME-sniffing.","messageId":"10","url":"https://todoist.com/_next/static/chunks/webpack-3bde8603facc0c807a2b.js","reference":"http://msdn.microsoft.com/en-us/library/ie/gg622941%28v=vs.85%29.aspx\nhttps://owasp.org/www-community/Security_Headers","solution":"Ensure that the application/web server sets the Content-Type header appropriately, and that it sets the X-Content-Type-Options header to 'nosniff' for all web pages.\nIf possible, ensure that the end user uses a standards-compliant and modern web browser that does not perform MIME-sniffing at all, or that can be directed by the web application/web server to not perform MIME-sniffing.","alert":"X-Content-Type-Options Header Missing","param":"X-Content-Type-Options","attack":"","name":"X-Content-Type-Options Header Missing","risk":"Low","id":"23","alertRef":"10021"},{"sourceid":"3","other":"","method":"GET","evidence":"public, max-age=31536000, immutable","pluginId":"10015","cweid":"525","confidence":"Medium","wascid":"13","description":"The cache-control and pragma HTTP header have not been set properly or are missing allowing the browser and proxies to cache content.","messageId":"12","url":"https://todoist.com/_next/static/css/pages/index.e740e94c.chunk.css","reference":"https://cheatsheetseries.owasp.org/cheatsheets/Session_Management_Cheat_Sheet.html#web-content-caching","solution":"Whenever possible ensure the cache-control HTTP header is set with no-cache, no-store, must-revalidate; and that the pragma HTTP header is set with no-cache.","alert":"Incomplete or No Cache-control and Pragma HTTP Header Set","param":"Cache-Control","attack":"","name":"Incomplete or No Cache-control and Pragma HTTP Header Set","risk":"Low","id":"24","alertRef":"10015"},{"sourceid":"3","other":"This issue still applies to error type pages (401, 403, 500, etc.) as those pages are often still affected by injection issues, in which case there is still concern for browsers sniffing pages away from their actual content type.\nAt \"High\" threshold this scan rule will not alert on client or server error responses.","method":"GET","evidence":"","pluginId":"10021","cweid":"16","confidence":"Medium","wascid":"15","description":"The Anti-MIME-Sniffing header X-Content-Type-Options was not set to 'nosniff'. This allows older versions of Internet Explorer and Chrome to perform MIME-sniffing on the response body, potentially causing the response body to be interpreted and displayed as a content type other than the declared content type. Current (early 2014) and legacy versions of Firefox will use the declared content type (if one is set), rather than performing MIME-sniffing.","messageId":"12","url":"https://todoist.com/_next/static/css/pages/index.e740e94c.chunk.css","reference":"http://msdn.microsoft.com/en-us/library/ie/gg622941%28v=vs.85%29.aspx\nhttps://owasp.org/www-community/Security_Headers","solution":"Ensure that the application/web server sets the Content-Type header appropriately, and that it sets the X-Content-Type-Options header to 'nosniff' for all web pages.\nIf possible, ensure that the end user uses a standards-compliant and modern web browser that does not perform MIME-sniffing at all, or that can be directed by the web application/web server to not perform MIME-sniffing.","alert":"X-Content-Type-Options Header Missing","param":"X-Content-Type-Options","attack":"","name":"X-Content-Type-Options Header Missing","risk":"Low","id":"25","alertRef":"10021"},{"sourceid":"3","other":"The following pattern was used: \\bQUERY\\b and was detected in the element starting with: \"_N_E=(window.webpackJsonp_N_E=window.webpackJsonp_N_E||[]).push([[28],{\"0sNQ\":function(e,t){\"trimStart\"in String.prototype||(Str\", see evidence field for the suspicious comment/snippet.","method":"GET","evidence":"query","pluginId":"10027","cweid":"200","confidence":"Low","wascid":"13","description":"The response appears to contain suspicious comments which may help an attacker. Note: Matches made within script blocks or files are against the entire content not only comments.","messageId":"13","url":"https://todoist.com/_next/static/chunks/main-1ca0aabf0fb4e4d9fa88.js","reference":"","solution":"Remove all comments that return information that may help an attacker and fix any underlying problems they refer to.","alert":"Information Disclosure - Suspicious Comments","param":"","attack":"","name":"Information Disclosure - Suspicious Comments","risk":"Informational","id":"26","alertRef":"10027"},{"sourceid":"3","other":"This issue still applies to error type pages (401, 403, 500, etc.) as those pages are often still affected by injection issues, in which case there is still concern for browsers sniffing pages away from their actual content type.\nAt \"High\" threshold this scan rule will not alert on client or server error responses.","method":"GET","evidence":"","pluginId":"10021","cweid":"16","confidence":"Medium","wascid":"15","description":"The Anti-MIME-Sniffing header X-Content-Type-Options was not set to 'nosniff'. This allows older versions of Internet Explorer and Chrome to perform MIME-sniffing on the response body, potentially causing the response body to be interpreted and displayed as a content type other than the declared content type. Current (early 2014) and legacy versions of Firefox will use the declared content type (if one is set), rather than performing MIME-sniffing.","messageId":"13","url":"https://todoist.com/_next/static/chunks/main-1ca0aabf0fb4e4d9fa88.js","reference":"http://msdn.microsoft.com/en-us/library/ie/gg622941%28v=vs.85%29.aspx\nhttps://owasp.org/www-community/Security_Headers","solution":"Ensure that the application/web server sets the Content-Type header appropriately, and that it sets the X-Content-Type-Options header to 'nosniff' for all web pages.\nIf possible, ensure that the end user uses a standards-compliant and modern web browser that does not perform MIME-sniffing at all, or that can be directed by the web application/web server to not perform MIME-sniffing.","alert":"X-Content-Type-Options Header Missing","param":"X-Content-Type-Options","attack":"","name":"X-Content-Type-Options Header Missing","risk":"Low","id":"27","alertRef":"10021"},{"sourceid":"3","other":"The following pattern was used: \\bSELECT\\b and was detected in the element starting with: \"(window.webpackJsonp_N_E=window.webpackJsonp_N_E||[]).push([[2],{\"+wdc\":function(e,t,n){\"use strict\";var r,l,i,a,o;if(\"undefined\", see evidence field for the suspicious comment/snippet.","method":"GET","evidence":"select","pluginId":"10027","cweid":"200","confidence":"Low","wascid":"13","description":"The response appears to contain suspicious comments which may help an attacker. Note: Matches made within script blocks or files are against the entire content not only comments.","messageId":"15","url":"https://todoist.com/_next/static/chunks/framework.dc73b2df61134dea1baf.js","reference":"","solution":"Remove all comments that return information that may help an attacker and fix any underlying problems they refer to.","alert":"Information Disclosure - Suspicious Comments","param":"","attack":"","name":"Information Disclosure - Suspicious Comments","risk":"Informational","id":"28","alertRef":"10027"},{"sourceid":"3","other":"1073741823, which evaluates to: 2004-01-10 08:37:03","method":"GET","evidence":"1073741823","pluginId":"10096","cweid":"200","confidence":"Low","wascid":"13","description":"A timestamp was disclosed by the application/web server - Unix","messageId":"15","url":"https://todoist.com/_next/static/chunks/framework.dc73b2df61134dea1baf.js","reference":"http://projects.webappsec.org/w/page/13246936/Information%20Leakage","solution":"Manually confirm that the timestamp data is not sensitive, and that the data cannot be aggregated to disclose exploitable patterns.","alert":"Timestamp Disclosure - Unix","param":"","attack":"","name":"Timestamp Disclosure - Unix","risk":"Informational","id":"29","alertRef":"10096"},{"sourceid":"3","other":"1073741821, which evaluates to: 2004-01-10 08:37:01","method":"GET","evidence":"1073741821","pluginId":"10096","cweid":"200","confidence":"Low","wascid":"13","description":"A timestamp was disclosed by the application/web server - Unix","messageId":"15","url":"https://todoist.com/_next/static/chunks/framework.dc73b2df61134dea1baf.js","reference":"http://projects.webappsec.org/w/page/13246936/Information%20Leakage","solution":"Manually confirm that the timestamp data is not sensitive, and that the data cannot be aggregated to disclose exploitable patterns.","alert":"Timestamp Disclosure - Unix","param":"","attack":"","name":"Timestamp Disclosure - Unix","risk":"Informational","id":"30","alertRef":"10096"},{"sourceid":"3","other":"1073741822, which evaluates to: 2004-01-10 08:37:02","method":"GET","evidence":"1073741822","pluginId":"10096","cweid":"200","confidence":"Low","wascid":"13","description":"A timestamp was disclosed by the application/web server - Unix","messageId":"15","url":"https://todoist.com/_next/static/chunks/framework.dc73b2df61134dea1baf.js","reference":"http://projects.webappsec.org/w/page/13246936/Information%20Leakage","solution":"Manually confirm that the timestamp data is not sensitive, and that the data cannot be aggregated to disclose exploitable patterns.","alert":"Timestamp Disclosure - Unix","param":"","attack":"","name":"Timestamp Disclosure - Unix","risk":"Informational","id":"42","alertRef":"10096"},{"sourceid":"3","other":"This issue still applies to error type pages (401, 403, 500, etc.) as those pages are often still affected by injection issues, in which case there is still concern for browsers sniffing pages away from their actual content type.\nAt \"High\" threshold this scan rule will not alert on client or server error responses.","method":"GET","evidence":"","pluginId":"10021","cweid":"16","confidence":"Medium","wascid":"15","description":"The Anti-MIME-Sniffing header X-Content-Type-Options was not set to 'nosniff'. This allows older versions of Internet Explorer and Chrome to perform MIME-sniffing on the response body, potentially causing the response body to be interpreted and displayed as a content type other than the declared content type. Current (early 2014) and legacy versions of Firefox will use the declared content type (if one is set), rather than performing MIME-sniffing.","messageId":"15","url":"https://todoist.com/_next/static/chunks/framework.dc73b2df61134dea1baf.js","reference":"http://msdn.microsoft.com/en-us/library/ie/gg622941%28v=vs.85%29.aspx\nhttps://owasp.org/www-community/Security_Headers","solution":"Ensure that the application/web server sets the Content-Type header appropriately, and that it sets the X-Content-Type-Options header to 'nosniff' for all web pages.\nIf possible, ensure that the end user uses a standards-compliant and modern web browser that does not perform MIME-sniffing at all, or that can be directed by the web application/web server to not perform MIME-sniffing.","alert":"X-Content-Type-Options Header Missing","param":"X-Content-Type-Options","attack":"","name":"X-Content-Type-Options Header Missing","risk":"Low","id":"70","alertRef":"10021"},{"sourceid":"3","other":"The following pattern was used: \\bQUERY\\b and was detected in the element starting with: \"(window.webpackJsonp_N_E=window.webpackJsonp_N_E||[]).push([[0],{\"/GRZ\":function(e,t){e.exports=function(e,t){if(!(e instanceof \", see evidence field for the suspicious comment/snippet.","method":"GET","evidence":"query","pluginId":"10027","cweid":"200","confidence":"Low","wascid":"13","description":"The response appears to contain suspicious comments which may help an attacker. Note: Matches made within script blocks or files are against the entire content not only comments.","messageId":"16","url":"https://todoist.com/_next/static/chunks/commons.7f9eaa719ef400edb831.js","reference":"","solution":"Remove all comments that return information that may help an attacker and fix any underlying problems they refer to.","alert":"Information Disclosure - Suspicious Comments","param":"","attack":"","name":"Information Disclosure - Suspicious Comments","risk":"Informational","id":"71","alertRef":"10027"},{"sourceid":"3","other":"This issue still applies to error type pages (401, 403, 500, etc.) as those pages are often still affected by injection issues, in which case there is still concern for browsers sniffing pages away from their actual content type.\nAt \"High\" threshold this scan rule will not alert on client or server error responses.","method":"GET","evidence":"","pluginId":"10021","cweid":"16","confidence":"Medium","wascid":"15","description":"The Anti-MIME-Sniffing header X-Content-Type-Options was not set to 'nosniff'. This allows older versions of Internet Explorer and Chrome to perform MIME-sniffing on the response body, potentially causing the response body to be interpreted and displayed as a content type other than the declared content type. Current (early 2014) and legacy versions of Firefox will use the declared content type (if one is set), rather than performing MIME-sniffing.","messageId":"16","url":"https://todoist.com/_next/static/chunks/commons.7f9eaa719ef400edb831.js","reference":"http://msdn.microsoft.com/en-us/library/ie/gg622941%28v=vs.85%29.aspx\nhttps://owasp.org/www-community/Security_Headers","solution":"Ensure that the application/web server sets the Content-Type header appropriately, and that it sets the X-Content-Type-Options header to 'nosniff' for all web pages.\nIf possible, ensure that the end user uses a standards-compliant and modern web browser that does not perform MIME-sniffing at all, or that can be directed by the web application/web server to not perform MIME-sniffing.","alert":"X-Content-Type-Options Header Missing","param":"X-Content-Type-Options","attack":"","name":"X-Content-Type-Options Header Missing","risk":"Low","id":"72","alertRef":"10021"},{"sourceid":"3","other":"","method":"GET","evidence":"public, max-age=31536000, immutable","pluginId":"10015","cweid":"525","confidence":"Medium","wascid":"13","description":"The cache-control and pragma HTTP header have not been set properly or are missing allowing the browser and proxies to cache content.","messageId":"17","url":"https://todoist.com/_next/static/css/styles.0f6e09ec.chunk.css","reference":"https://cheatsheetseries.owasp.org/cheatsheets/Session_Management_Cheat_Sheet.html#web-content-caching","solution":"Whenever possible ensure the cache-control HTTP header is set with no-cache, no-store, must-revalidate; and that the pragma HTTP header is set with no-cache.","alert":"Incomplete or No Cache-control and Pragma HTTP Header Set","param":"Cache-Control","attack":"","name":"Incomplete or No Cache-control and Pragma HTTP Header Set","risk":"Low","id":"73","alertRef":"10015"},{"sourceid":"3","other":"This issue still applies to error type pages (401, 403, 500, etc.) as those pages are often still affected by injection issues, in which case there is still concern for browsers sniffing pages away from their actual content type.\nAt \"High\" threshold this scan rule will not alert on client or server error responses.","method":"GET","evidence":"","pluginId":"10021","cweid":"16","confidence":"Medium","wascid":"15","description":"The Anti-MIME-Sniffing header X-Content-Type-Options was not set to 'nosniff'. This allows older versions of Internet Explorer and Chrome to perform MIME-sniffing on the response body, potentially causing the response body to be interpreted and displayed as a content type other than the declared content type. Current (early 2014) and legacy versions of Firefox will use the declared content type (if one is set), rather than performing MIME-sniffing.","messageId":"17","url":"https://todoist.com/_next/static/css/styles.0f6e09ec.chunk.css","reference":"http://msdn.microsoft.com/en-us/library/ie/gg622941%28v=vs.85%29.aspx\nhttps://owasp.org/www-community/Security_Headers","solution":"Ensure that the application/web server sets the Content-Type header appropriately, and that it sets the X-Content-Type-Options header to 'nosniff' for all web pages.\nIf possible, ensure that the end user uses a standards-compliant and modern web browser that does not perform MIME-sniffing at all, or that can be directed by the web application/web server to not perform MIME-sniffing.","alert":"X-Content-Type-Options Header Missing","param":"X-Content-Type-Options","attack":"","name":"X-Content-Type-Options Header Missing","risk":"Low","id":"74","alertRef":"10021"},{"sourceid":"3","other":"The following pattern was used: \\bUSER\\b and was detected in the element starting with: \"(window.webpackJsonp_N_E=window.webpackJsonp_N_E||[]).push([[5],{\"2SVd\":function(e,t,n){\"use strict\";e.exports=function(e){retur\", see evidence field for the suspicious comment/snippet.","method":"GET","evidence":"user","pluginId":"10027","cweid":"200","confidence":"Low","wascid":"13","description":"The response appears to contain suspicious comments which may help an attacker. Note: Matches made within script blocks or files are against the entire content not only comments.","messageId":"18","url":"https://todoist.com/_next/static/chunks/98618d58f2d1dd3f4c8f42b4970db65e004fbfe5.6c003068d2db4fbc855f.js","reference":"","solution":"Remove all comments that return information that may help an attacker and fix any underlying problems they refer to.","alert":"Information Disclosure - Suspicious Comments","param":"","attack":"","name":"Information Disclosure - Suspicious Comments","risk":"Informational","id":"75","alertRef":"10027"},{"sourceid":"3","other":"This issue still applies to error type pages (401, 403, 500, etc.) as those pages are often still affected by injection issues, in which case there is still concern for browsers sniffing pages away from their actual content type.\nAt \"High\" threshold this scan rule will not alert on client or server error responses.","method":"GET","evidence":"","pluginId":"10021","cweid":"16","confidence":"Medium","wascid":"15","description":"The Anti-MIME-Sniffing header X-Content-Type-Options was not set to 'nosniff'. This allows older versions of Internet Explorer and Chrome to perform MIME-sniffing on the response body, potentially causing the response body to be interpreted and displayed as a content type other than the declared content type. Current (early 2014) and legacy versions of Firefox will use the declared content type (if one is set), rather than performing MIME-sniffing.","messageId":"18","url":"https://todoist.com/_next/static/chunks/98618d58f2d1dd3f4c8f42b4970db65e004fbfe5.6c003068d2db4fbc855f.js","reference":"http://msdn.microsoft.com/en-us/library/ie/gg622941%28v=vs.85%29.aspx\nhttps://owasp.org/www-community/Security_Headers","solution":"Ensure that the application/web server sets the Content-Type header appropriately, and that it sets the X-Content-Type-Options header to 'nosniff' for all web pages.\nIf possible, ensure that the end user uses a standards-compliant and modern web browser that does not perform MIME-sniffing at all, or that can be directed by the web application/web server to not perform MIME-sniffing.","alert":"X-Content-Type-Options Header Missing","param":"X-Content-Type-Options","attack":"","name":"X-Content-Type-Options Header Missing","risk":"Low","id":"76","alertRef":"10021"},{"sourceid":"3","other":"The following pattern was used: \\bSELECT\\b and was detected in the element starting with: \"(window.webpackJsonp_N_E=window.webpackJsonp_N_E||[]).push([[3],{\"+ipW\":function(e,t,r){\"use strict\";r.d(t,\"a\",(function(){retur\", see evidence field for the suspicious comment/snippet.","method":"GET","evidence":"SELECT","pluginId":"10027","cweid":"200","confidence":"Low","wascid":"13","description":"The response appears to contain suspicious comments which may help an attacker. Note: Matches made within script blocks or files are against the entire content not only comments.","messageId":"19","url":"https://todoist.com/_next/static/chunks/0e8f85b20ed9ab0a6102c8b8298bac1d6cb4c89b.0fe8d2aa3a66f036f1d2.js","reference":"","solution":"Remove all comments that return information that may help an attacker and fix any underlying problems they refer to.","alert":"Information Disclosure - Suspicious Comments","param":"","attack":"","name":"Information Disclosure - Suspicious Comments","risk":"Informational","id":"77","alertRef":"10027"},{"sourceid":"3","other":"268435455, which evaluates to: 1978-07-04 16:24:15","method":"GET","evidence":"268435455","pluginId":"10096","cweid":"200","confidence":"Low","wascid":"13","description":"A timestamp was disclosed by the application/web server - Unix","messageId":"19","url":"https://todoist.com/_next/static/chunks/0e8f85b20ed9ab0a6102c8b8298bac1d6cb4c89b.0fe8d2aa3a66f036f1d2.js","reference":"http://projects.webappsec.org/w/page/13246936/Information%20Leakage","solution":"Manually confirm that the timestamp data is not sensitive, and that the data cannot be aggregated to disclose exploitable patterns.","alert":"Timestamp Disclosure - Unix","param":"","attack":"","name":"Timestamp Disclosure - Unix","risk":"Informational","id":"78","alertRef":"10096"},{"sourceid":"3","other":"1732584193, which evaluates to: 2024-11-25 20:23:13","method":"GET","evidence":"1732584193","pluginId":"10096","cweid":"200","confidence":"Low","wascid":"13","description":"A timestamp was disclosed by the application/web server - Unix","messageId":"19","url":"https://todoist.com/_next/static/chunks/0e8f85b20ed9ab0a6102c8b8298bac1d6cb4c89b.0fe8d2aa3a66f036f1d2.js","reference":"http://projects.webappsec.org/w/page/13246936/Information%20Leakage","solution":"Manually confirm that the timestamp data is not sensitive, and that the data cannot be aggregated to disclose exploitable patterns.","alert":"Timestamp Disclosure - Unix","param":"","attack":"","name":"Timestamp Disclosure - Unix","risk":"Informational","id":"80","alertRef":"10096"},{"sourceid":"3","other":"271733879, which evaluates to: 1978-08-11 20:37:59","method":"GET","evidence":"271733879","pluginId":"10096","cweid":"200","confidence":"Low","wascid":"13","description":"A timestamp was disclosed by the application/web server - Unix","messageId":"19","url":"https://todoist.com/_next/static/chunks/0e8f85b20ed9ab0a6102c8b8298bac1d6cb4c89b.0fe8d2aa3a66f036f1d2.js","reference":"http://projects.webappsec.org/w/page/13246936/Information%20Leakage","solution":"Manually confirm that the timestamp data is not sensitive, and that the data cannot be aggregated to disclose exploitable patterns.","alert":"Timestamp Disclosure - Unix","param":"","attack":"","name":"Timestamp Disclosure - Unix","risk":"Informational","id":"81","alertRef":"10096"},{"sourceid":"3","other":"1732584194, which evaluates to: 2024-11-25 20:23:14","method":"GET","evidence":"1732584194","pluginId":"10096","cweid":"200","confidence":"Low","wascid":"13","description":"A timestamp was disclosed by the application/web server - Unix","messageId":"19","url":"https://todoist.com/_next/static/chunks/0e8f85b20ed9ab0a6102c8b8298bac1d6cb4c89b.0fe8d2aa3a66f036f1d2.js","reference":"http://projects.webappsec.org/w/page/13246936/Information%20Leakage","solution":"Manually confirm that the timestamp data is not sensitive, and that the data cannot be aggregated to disclose exploitable patterns.","alert":"Timestamp Disclosure - Unix","param":"","attack":"","name":"Timestamp Disclosure - Unix","risk":"Informational","id":"82","alertRef":"10096"},{"sourceid":"3","other":"271733878, which evaluates to: 1978-08-11 20:37:58","method":"GET","evidence":"271733878","pluginId":"10096","cweid":"200","confidence":"Low","wascid":"13","description":"A timestamp was disclosed by the application/web server - Unix","messageId":"19","url":"https://todoist.com/_next/static/chunks/0e8f85b20ed9ab0a6102c8b8298bac1d6cb4c89b.0fe8d2aa3a66f036f1d2.js","reference":"http://projects.webappsec.org/w/page/13246936/Information%20Leakage","solution":"Manually confirm that the timestamp data is not sensitive, and that the data cannot be aggregated to disclose exploitable patterns.","alert":"Timestamp Disclosure - Unix","param":"","attack":"","name":"Timestamp Disclosure - Unix","risk":"Informational","id":"83","alertRef":"10096"},{"sourceid":"3","other":"680876936, which evaluates to: 1991-07-30 07:28:56","method":"GET","evidence":"680876936","pluginId":"10096","cweid":"200","confidence":"Low","wascid":"13","description":"A timestamp was disclosed by the application/web server - Unix","messageId":"19","url":"https://todoist.com/_next/static/chunks/0e8f85b20ed9ab0a6102c8b8298bac1d6cb4c89b.0fe8d2aa3a66f036f1d2.js","reference":"http://projects.webappsec.org/w/page/13246936/Information%20Leakage","solution":"Manually confirm that the timestamp data is not sensitive, and that the data cannot be aggregated to disclose exploitable patterns.","alert":"Timestamp Disclosure - Unix","param":"","attack":"","name":"Timestamp Disclosure - Unix","risk":"Informational","id":"84","alertRef":"10096"},{"sourceid":"3","other":"389564586, which evaluates to: 1982-05-06 15:23:06","method":"GET","evidence":"389564586","pluginId":"10096","cweid":"200","confidence":"Low","wascid":"13","description":"A timestamp was disclosed by the application/web server - Unix","messageId":"19","url":"https://todoist.com/_next/static/chunks/0e8f85b20ed9ab0a6102c8b8298bac1d6cb4c89b.0fe8d2aa3a66f036f1d2.js","reference":"http://projects.webappsec.org/w/page/13246936/Information%20Leakage","solution":"Manually confirm that the timestamp data is not sensitive, and that the data cannot be aggregated to disclose exploitable patterns.","alert":"Timestamp Disclosure - Unix","param":"","attack":"","name":"Timestamp Disclosure - Unix","risk":"Informational","id":"85","alertRef":"10096"},{"sourceid":"3","other":"606105819, which evaluates to: 1989-03-16 21:43:39","method":"GET","evidence":"606105819","pluginId":"10096","cweid":"200","confidence":"Low","wascid":"13","description":"A timestamp was disclosed by the application/web server - Unix","messageId":"19","url":"https://todoist.com/_next/static/chunks/0e8f85b20ed9ab0a6102c8b8298bac1d6cb4c89b.0fe8d2aa3a66f036f1d2.js","reference":"http://projects.webappsec.org/w/page/13246936/Information%20Leakage","solution":"Manually confirm that the timestamp data is not sensitive, and that the data cannot be aggregated to disclose exploitable patterns.","alert":"Timestamp Disclosure - Unix","param":"","attack":"","name":"Timestamp Disclosure - Unix","risk":"Informational","id":"86","alertRef":"10096"},{"sourceid":"3","other":"1044525330, which evaluates to: 2003-02-06 04:55:30","method":"GET","evidence":"1044525330","pluginId":"10096","cweid":"200","confidence":"Low","wascid":"13","description":"A timestamp was disclosed by the application/web server - Unix","messageId":"19","url":"https://todoist.com/_next/static/chunks/0e8f85b20ed9ab0a6102c8b8298bac1d6cb4c89b.0fe8d2aa3a66f036f1d2.js","reference":"http://projects.webappsec.org/w/page/13246936/Information%20Leakage","solution":"Manually confirm that the timestamp data is not sensitive, and that the data cannot be aggregated to disclose exploitable patterns.","alert":"Timestamp Disclosure - Unix","param":"","attack":"","name":"Timestamp Disclosure - Unix","risk":"Informational","id":"87","alertRef":"10096"},{"sourceid":"3","other":"176418897, which evaluates to: 1975-08-04 16:14:57","method":"GET","evidence":"176418897","pluginId":"10096","cweid":"200","confidence":"Low","wascid":"13","description":"A timestamp was disclosed by the application/web server - Unix","messageId":"19","url":"https://todoist.com/_next/static/chunks/0e8f85b20ed9ab0a6102c8b8298bac1d6cb4c89b.0fe8d2aa3a66f036f1d2.js","reference":"http://projects.webappsec.org/w/page/13246936/Information%20Leakage","solution":"Manually confirm that the timestamp data is not sensitive, and that the data cannot be aggregated to disclose exploitable patterns.","alert":"Timestamp Disclosure - Unix","param":"","attack":"","name":"Timestamp Disclosure - Unix","risk":"Informational","id":"88","alertRef":"10096"},{"sourceid":"3","other":"1200080426, which evaluates to: 2008-01-11 14:40:26","method":"GET","evidence":"1200080426","pluginId":"10096","cweid":"200","confidence":"Low","wascid":"13","description":"A timestamp was disclosed by the application/web server - Unix","messageId":"19","url":"https://todoist.com/_next/static/chunks/0e8f85b20ed9ab0a6102c8b8298bac1d6cb4c89b.0fe8d2aa3a66f036f1d2.js","reference":"http://projects.webappsec.org/w/page/13246936/Information%20Leakage","solution":"Manually confirm that the timestamp data is not sensitive, and that the data cannot be aggregated to disclose exploitable patterns.","alert":"Timestamp Disclosure - Unix","param":"","attack":"","name":"Timestamp Disclosure - Unix","risk":"Informational","id":"89","alertRef":"10096"},{"sourceid":"3","other":"1473231341, which evaluates to: 2016-09-07 01:55:41","method":"GET","evidence":"1473231341","pluginId":"10096","cweid":"200","confidence":"Low","wascid":"13","description":"A timestamp was disclosed by the application/web server - Unix","messageId":"19","url":"https://todoist.com/_next/static/chunks/0e8f85b20ed9ab0a6102c8b8298bac1d6cb4c89b.0fe8d2aa3a66f036f1d2.js","reference":"http://projects.webappsec.org/w/page/13246936/Information%20Leakage","solution":"Manually confirm that the timestamp data is not sensitive, and that the data cannot be aggregated to disclose exploitable patterns.","alert":"Timestamp Disclosure - Unix","param":"","attack":"","name":"Timestamp Disclosure - Unix","risk":"Informational","id":"90","alertRef":"10096"},{"sourceid":"3","other":"45705983, which evaluates to: 1971-06-13 19:06:23","method":"GET","evidence":"45705983","pluginId":"10096","cweid":"200","confidence":"Low","wascid":"13","description":"A timestamp was disclosed by the application/web server - Unix","messageId":"19","url":"https://todoist.com/_next/static/chunks/0e8f85b20ed9ab0a6102c8b8298bac1d6cb4c89b.0fe8d2aa3a66f036f1d2.js","reference":"http://projects.webappsec.org/w/page/13246936/Information%20Leakage","solution":"Manually confirm that the timestamp data is not sensitive, and that the data cannot be aggregated to disclose exploitable patterns.","alert":"Timestamp Disclosure - Unix","param":"","attack":"","name":"Timestamp Disclosure - Unix","risk":"Informational","id":"91","alertRef":"10096"},{"sourceid":"3","other":"1770035416, which evaluates to: 2026-02-02 07:30:16","method":"GET","evidence":"1770035416","pluginId":"10096","cweid":"200","confidence":"Low","wascid":"13","description":"A timestamp was disclosed by the application/web server - Unix","messageId":"19","url":"https://todoist.com/_next/static/chunks/0e8f85b20ed9ab0a6102c8b8298bac1d6cb4c89b.0fe8d2aa3a66f036f1d2.js","reference":"http://projects.webappsec.org/w/page/13246936/Information%20Leakage","solution":"Manually confirm that the timestamp data is not sensitive, and that the data cannot be aggregated to disclose exploitable patterns.","alert":"Timestamp Disclosure - Unix","param":"","attack":"","name":"Timestamp Disclosure - Unix","risk":"Informational","id":"92","alertRef":"10096"},{"sourceid":"3","other":"1958414417, which evaluates to: 2032-01-22 15:00:17","method":"GET","evidence":"1958414417","pluginId":"10096","cweid":"200","confidence":"Low","wascid":"13","description":"A timestamp was disclosed by the application/web server - Unix","messageId":"19","url":"https://todoist.com/_next/static/chunks/0e8f85b20ed9ab0a6102c8b8298bac1d6cb4c89b.0fe8d2aa3a66f036f1d2.js","reference":"http://projects.webappsec.org/w/page/13246936/Information%20Leakage","solution":"Manually confirm that the timestamp data is not sensitive, and that the data cannot be aggregated to disclose exploitable patterns.","alert":"Timestamp Disclosure - Unix","param":"","attack":"","name":"Timestamp Disclosure - Unix","risk":"Informational","id":"93","alertRef":"10096"},{"sourceid":"3","other":"1990404162, which evaluates to: 2033-01-26 21:02:42","method":"GET","evidence":"1990404162","pluginId":"10096","cweid":"200","confidence":"Low","wascid":"13","description":"A timestamp was disclosed by the application/web server - Unix","messageId":"19","url":"https://todoist.com/_next/static/chunks/0e8f85b20ed9ab0a6102c8b8298bac1d6cb4c89b.0fe8d2aa3a66f036f1d2.js","reference":"http://projects.webappsec.org/w/page/13246936/Information%20Leakage","solution":"Manually confirm that the timestamp data is not sensitive, and that the data cannot be aggregated to disclose exploitable patterns.","alert":"Timestamp Disclosure - Unix","param":"","attack":"","name":"Timestamp Disclosure - Unix","risk":"Informational","id":"94","alertRef":"10096"},{"sourceid":"3","other":"1804603682, which evaluates to: 2027-03-09 09:48:02","method":"GET","evidence":"1804603682","pluginId":"10096","cweid":"200","confidence":"Low","wascid":"13","description":"A timestamp was disclosed by the application/web server - Unix","messageId":"19","url":"https://todoist.com/_next/static/chunks/0e8f85b20ed9ab0a6102c8b8298bac1d6cb4c89b.0fe8d2aa3a66f036f1d2.js","reference":"http://projects.webappsec.org/w/page/13246936/Information%20Leakage","solution":"Manually confirm that the timestamp data is not sensitive, and that the data cannot be aggregated to disclose exploitable patterns.","alert":"Timestamp Disclosure - Unix","param":"","attack":"","name":"Timestamp Disclosure - Unix","risk":"Informational","id":"95","alertRef":"10096"},{"sourceid":"3","other":"40341101, which evaluates to: 1971-04-12 16:51:41","method":"GET","evidence":"40341101","pluginId":"10096","cweid":"200","confidence":"Low","wascid":"13","description":"A timestamp was disclosed by the application/web server - Unix","messageId":"19","url":"https://todoist.com/_next/static/chunks/0e8f85b20ed9ab0a6102c8b8298bac1d6cb4c89b.0fe8d2aa3a66f036f1d2.js","reference":"http://projects.webappsec.org/w/page/13246936/Information%20Leakage","solution":"Manually confirm that the timestamp data is not sensitive, and that the data cannot be aggregated to disclose exploitable patterns.","alert":"Timestamp Disclosure - Unix","param":"","attack":"","name":"Timestamp Disclosure - Unix","risk":"Informational","id":"96","alertRef":"10096"},{"sourceid":"3","other":"1502002290, which evaluates to: 2017-08-06 01:51:30","method":"GET","evidence":"1502002290","pluginId":"10096","cweid":"200","confidence":"Low","wascid":"13","description":"A timestamp was disclosed by the application/web server - Unix","messageId":"19","url":"https://todoist.com/_next/static/chunks/0e8f85b20ed9ab0a6102c8b8298bac1d6cb4c89b.0fe8d2aa3a66f036f1d2.js","reference":"http://projects.webappsec.org/w/page/13246936/Information%20Leakage","solution":"Manually confirm that the timestamp data is not sensitive, and that the data cannot be aggregated to disclose exploitable patterns.","alert":"Timestamp Disclosure - Unix","param":"","attack":"","name":"Timestamp Disclosure - Unix","risk":"Informational","id":"97","alertRef":"10096"},{"sourceid":"3","other":"1236535329, which evaluates to: 2009-03-08 13:02:09","method":"GET","evidence":"1236535329","pluginId":"10096","cweid":"200","confidence":"Low","wascid":"13","description":"A timestamp was disclosed by the application/web server - Unix","messageId":"19","url":"https://todoist.com/_next/static/chunks/0e8f85b20ed9ab0a6102c8b8298bac1d6cb4c89b.0fe8d2aa3a66f036f1d2.js","reference":"http://projects.webappsec.org/w/page/13246936/Information%20Leakage","solution":"Manually confirm that the timestamp data is not sensitive, and that the data cannot be aggregated to disclose exploitable patterns.","alert":"Timestamp Disclosure - Unix","param":"","attack":"","name":"Timestamp Disclosure - Unix","risk":"Informational","id":"98","alertRef":"10096"},{"sourceid":"3","other":"165796510, which evaluates to: 1975-04-03 17:35:10","method":"GET","evidence":"165796510","pluginId":"10096","cweid":"200","confidence":"Low","wascid":"13","description":"A timestamp was disclosed by the application/web server - Unix","messageId":"19","url":"https://todoist.com/_next/static/chunks/0e8f85b20ed9ab0a6102c8b8298bac1d6cb4c89b.0fe8d2aa3a66f036f1d2.js","reference":"http://projects.webappsec.org/w/page/13246936/Information%20Leakage","solution":"Manually confirm that the timestamp data is not sensitive, and that the data cannot be aggregated to disclose exploitable patterns.","alert":"Timestamp Disclosure - Unix","param":"","attack":"","name":"Timestamp Disclosure - Unix","risk":"Informational","id":"99","alertRef":"10096"},{"sourceid":"3","other":"1069501632, which evaluates to: 2003-11-22 06:47:12","method":"GET","evidence":"1069501632","pluginId":"10096","cweid":"200","confidence":"Low","wascid":"13","description":"A timestamp was disclosed by the application/web server - Unix","messageId":"19","url":"https://todoist.com/_next/static/chunks/0e8f85b20ed9ab0a6102c8b8298bac1d6cb4c89b.0fe8d2aa3a66f036f1d2.js","reference":"http://projects.webappsec.org/w/page/13246936/Information%20Leakage","solution":"Manually confirm that the timestamp data is not sensitive, and that the data cannot be aggregated to disclose exploitable patterns.","alert":"Timestamp Disclosure - Unix","param":"","attack":"","name":"Timestamp Disclosure - Unix","risk":"Informational","id":"100","alertRef":"10096"},{"sourceid":"3","other":"643717713, which evaluates to: 1990-05-26 05:28:33","method":"GET","evidence":"643717713","pluginId":"10096","cweid":"200","confidence":"Low","wascid":"13","description":"A timestamp was disclosed by the application/web server - Unix","messageId":"19","url":"https://todoist.com/_next/static/chunks/0e8f85b20ed9ab0a6102c8b8298bac1d6cb4c89b.0fe8d2aa3a66f036f1d2.js","reference":"http://projects.webappsec.org/w/page/13246936/Information%20Leakage","solution":"Manually confirm that the timestamp data is not sensitive, and that the data cannot be aggregated to disclose exploitable patterns.","alert":"Timestamp Disclosure - Unix","param":"","attack":"","name":"Timestamp Disclosure - Unix","risk":"Informational","id":"101","alertRef":"10096"},{"sourceid":"3","other":"373897302, which evaluates to: 1981-11-06 07:21:42","method":"GET","evidence":"373897302","pluginId":"10096","cweid":"200","confidence":"Low","wascid":"13","description":"A timestamp was disclosed by the application/web server - Unix","messageId":"19","url":"https://todoist.com/_next/static/chunks/0e8f85b20ed9ab0a6102c8b8298bac1d6cb4c89b.0fe8d2aa3a66f036f1d2.js","reference":"http://projects.webappsec.org/w/page/13246936/Information%20Leakage","solution":"Manually confirm that the timestamp data is not sensitive, and that the data cannot be aggregated to disclose exploitable patterns.","alert":"Timestamp Disclosure - Unix","param":"","attack":"","name":"Timestamp Disclosure - Unix","risk":"Informational","id":"102","alertRef":"10096"},{"sourceid":"3","other":"701558691, which evaluates to: 1992-03-25 16:24:51","method":"GET","evidence":"701558691","pluginId":"10096","cweid":"200","confidence":"Low","wascid":"13","description":"A timestamp was disclosed by the application/web server - Unix","messageId":"19","url":"https://todoist.com/_next/static/chunks/0e8f85b20ed9ab0a6102c8b8298bac1d6cb4c89b.0fe8d2aa3a66f036f1d2.js","reference":"http://projects.webappsec.org/w/page/13246936/Information%20Leakage","solution":"Manually confirm that the timestamp data is not sensitive, and that the data cannot be aggregated to disclose exploitable patterns.","alert":"Timestamp Disclosure - Unix","param":"","attack":"","name":"Timestamp Disclosure - Unix","risk":"Informational","id":"103","alertRef":"10096"},{"sourceid":"3","other":"38016083, which evaluates to: 1971-03-16 19:01:23","method":"GET","evidence":"38016083","pluginId":"10096","cweid":"200","confidence":"Low","wascid":"13","description":"A timestamp was disclosed by the application/web server - Unix","messageId":"19","url":"https://todoist.com/_next/static/chunks/0e8f85b20ed9ab0a6102c8b8298bac1d6cb4c89b.0fe8d2aa3a66f036f1d2.js","reference":"http://projects.webappsec.org/w/page/13246936/Information%20Leakage","solution":"Manually confirm that the timestamp data is not sensitive, and that the data cannot be aggregated to disclose exploitable patterns.","alert":"Timestamp Disclosure - Unix","param":"","attack":"","name":"Timestamp Disclosure - Unix","risk":"Informational","id":"104","alertRef":"10096"},{"sourceid":"3","other":"660478335, which evaluates to: 1990-12-06 05:12:15","method":"GET","evidence":"660478335","pluginId":"10096","cweid":"200","confidence":"Low","wascid":"13","description":"A timestamp was disclosed by the application/web server - Unix","messageId":"19","url":"https://todoist.com/_next/static/chunks/0e8f85b20ed9ab0a6102c8b8298bac1d6cb4c89b.0fe8d2aa3a66f036f1d2.js","reference":"http://projects.webappsec.org/w/page/13246936/Information%20Leakage","solution":"Manually confirm that the timestamp data is not sensitive, and that the data cannot be aggregated to disclose exploitable patterns.","alert":"Timestamp Disclosure - Unix","param":"","attack":"","name":"Timestamp Disclosure - Unix","risk":"Informational","id":"105","alertRef":"10096"},{"sourceid":"3","other":"405537848, which evaluates to: 1982-11-07 12:24:08","method":"GET","evidence":"405537848","pluginId":"10096","cweid":"200","confidence":"Low","wascid":"13","description":"A timestamp was disclosed by the application/web server - Unix","messageId":"19","url":"https://todoist.com/_next/static/chunks/0e8f85b20ed9ab0a6102c8b8298bac1d6cb4c89b.0fe8d2aa3a66f036f1d2.js","reference":"http://projects.webappsec.org/w/page/13246936/Information%20Leakage","solution":"Manually confirm that the timestamp data is not sensitive, and that the data cannot be aggregated to disclose exploitable patterns.","alert":"Timestamp Disclosure - Unix","param":"","attack":"","name":"Timestamp Disclosure - Unix","risk":"Informational","id":"106","alertRef":"10096"},{"sourceid":"3","other":"568446438, which evaluates to: 1988-01-06 00:47:18","method":"GET","evidence":"568446438","pluginId":"10096","cweid":"200","confidence":"Low","wascid":"13","description":"A timestamp was disclosed by the application/web server - Unix","messageId":"19","url":"https://todoist.com/_next/static/chunks/0e8f85b20ed9ab0a6102c8b8298bac1d6cb4c89b.0fe8d2aa3a66f036f1d2.js","reference":"http://projects.webappsec.org/w/page/13246936/Information%20Leakage","solution":"Manually confirm that the timestamp data is not sensitive, and that the data cannot be aggregated to disclose exploitable patterns.","alert":"Timestamp Disclosure - Unix","param":"","attack":"","name":"Timestamp Disclosure - Unix","risk":"Informational","id":"107","alertRef":"10096"},{"sourceid":"3","other":"1019803690, which evaluates to: 2002-04-26 01:48:10","method":"GET","evidence":"1019803690","pluginId":"10096","cweid":"200","confidence":"Low","wascid":"13","description":"A timestamp was disclosed by the application/web server - Unix","messageId":"19","url":"https://todoist.com/_next/static/chunks/0e8f85b20ed9ab0a6102c8b8298bac1d6cb4c89b.0fe8d2aa3a66f036f1d2.js","reference":"http://projects.webappsec.org/w/page/13246936/Information%20Leakage","solution":"Manually confirm that the timestamp data is not sensitive, and that the data cannot be aggregated to disclose exploitable patterns.","alert":"Timestamp Disclosure - Unix","param":"","attack":"","name":"Timestamp Disclosure - Unix","risk":"Informational","id":"108","alertRef":"10096"},{"sourceid":"3","other":"187363961, which evaluates to: 1975-12-09 08:32:41","method":"GET","evidence":"187363961","pluginId":"10096","cweid":"200","confidence":"Low","wascid":"13","description":"A timestamp was disclosed by the application/web server - Unix","messageId":"19","url":"https://todoist.com/_next/static/chunks/0e8f85b20ed9ab0a6102c8b8298bac1d6cb4c89b.0fe8d2aa3a66f036f1d2.js","reference":"http://projects.webappsec.org/w/page/13246936/Information%20Leakage","solution":"Manually confirm that the timestamp data is not sensitive, and that the data cannot be aggregated to disclose exploitable patterns.","alert":"Timestamp Disclosure - Unix","param":"","attack":"","name":"Timestamp Disclosure - Unix","risk":"Informational","id":"109","alertRef":"10096"},{"sourceid":"3","other":"1163531501, which evaluates to: 2006-11-14 14:11:41","method":"GET","evidence":"1163531501","pluginId":"10096","cweid":"200","confidence":"Low","wascid":"13","description":"A timestamp was disclosed by the application/web server - Unix","messageId":"19","url":"https://todoist.com/_next/static/chunks/0e8f85b20ed9ab0a6102c8b8298bac1d6cb4c89b.0fe8d2aa3a66f036f1d2.js","reference":"http://projects.webappsec.org/w/page/13246936/Information%20Leakage","solution":"Manually confirm that the timestamp data is not sensitive, and that the data cannot be aggregated to disclose exploitable patterns.","alert":"Timestamp Disclosure - Unix","param":"","attack":"","name":"Timestamp Disclosure - Unix","risk":"Informational","id":"110","alertRef":"10096"},{"sourceid":"3","other":"1444681467, which evaluates to: 2015-10-12 15:24:27","method":"GET","evidence":"1444681467","pluginId":"10096","cweid":"200","confidence":"Low","wascid":"13","description":"A timestamp was disclosed by the application/web server - Unix","messageId":"19","url":"https://todoist.com/_next/static/chunks/0e8f85b20ed9ab0a6102c8b8298bac1d6cb4c89b.0fe8d2aa3a66f036f1d2.js","reference":"http://projects.webappsec.org/w/page/13246936/Information%20Leakage","solution":"Manually confirm that the timestamp data is not sensitive, and that the data cannot be aggregated to disclose exploitable patterns.","alert":"Timestamp Disclosure - Unix","param":"","attack":"","name":"Timestamp Disclosure - Unix","risk":"Informational","id":"111","alertRef":"10096"},{"sourceid":"3","other":"51403784, which evaluates to: 1971-08-18 17:49:44","method":"GET","evidence":"51403784","pluginId":"10096","cweid":"200","confidence":"Low","wascid":"13","description":"A timestamp was disclosed by the application/web server - Unix","messageId":"19","url":"https://todoist.com/_next/static/chunks/0e8f85b20ed9ab0a6102c8b8298bac1d6cb4c89b.0fe8d2aa3a66f036f1d2.js","reference":"http://projects.webappsec.org/w/page/13246936/Information%20Leakage","solution":"Manually confirm that the timestamp data is not sensitive, and that the data cannot be aggregated to disclose exploitable patterns.","alert":"Timestamp Disclosure - Unix","param":"","attack":"","name":"Timestamp Disclosure - Unix","risk":"Informational","id":"112","alertRef":"10096"},{"sourceid":"3","other":"1735328473, which evaluates to: 2024-12-27 14:41:13","method":"GET","evidence":"1735328473","pluginId":"10096","cweid":"200","confidence":"Low","wascid":"13","description":"A timestamp was disclosed by the application/web server - Unix","messageId":"19","url":"https://todoist.com/_next/static/chunks/0e8f85b20ed9ab0a6102c8b8298bac1d6cb4c89b.0fe8d2aa3a66f036f1d2.js","reference":"http://projects.webappsec.org/w/page/13246936/Information%20Leakage","solution":"Manually confirm that the timestamp data is not sensitive, and that the data cannot be aggregated to disclose exploitable patterns.","alert":"Timestamp Disclosure - Unix","param":"","attack":"","name":"Timestamp Disclosure - Unix","risk":"Informational","id":"113","alertRef":"10096"},{"sourceid":"3","other":"1926607734, which evaluates to: 2031-01-19 11:48:54","method":"GET","evidence":"1926607734","pluginId":"10096","cweid":"200","confidence":"Low","wascid":"13","description":"A timestamp was disclosed by the application/web server - Unix","messageId":"19","url":"https://todoist.com/_next/static/chunks/0e8f85b20ed9ab0a6102c8b8298bac1d6cb4c89b.0fe8d2aa3a66f036f1d2.js","reference":"http://projects.webappsec.org/w/page/13246936/Information%20Leakage","solution":"Manually confirm that the timestamp data is not sensitive, and that the data cannot be aggregated to disclose exploitable patterns.","alert":"Timestamp Disclosure - Unix","param":"","attack":"","name":"Timestamp Disclosure - Unix","risk":"Informational","id":"114","alertRef":"10096"},{"sourceid":"3","other":"2022574463, which evaluates to: 2034-02-03 05:14:23","method":"GET","evidence":"2022574463","pluginId":"10096","cweid":"200","confidence":"Low","wascid":"13","description":"A timestamp was disclosed by the application/web server - Unix","messageId":"19","url":"https://todoist.com/_next/static/chunks/0e8f85b20ed9ab0a6102c8b8298bac1d6cb4c89b.0fe8d2aa3a66f036f1d2.js","reference":"http://projects.webappsec.org/w/page/13246936/Information%20Leakage","solution":"Manually confirm that the timestamp data is not sensitive, and that the data cannot be aggregated to disclose exploitable patterns.","alert":"Timestamp Disclosure - Unix","param":"","attack":"","name":"Timestamp Disclosure - Unix","risk":"Informational","id":"115","alertRef":"10096"},{"sourceid":"3","other":"1839030562, which evaluates to: 2028-04-10 20:49:22","method":"GET","evidence":"1839030562","pluginId":"10096","cweid":"200","confidence":"Low","wascid":"13","description":"A timestamp was disclosed by the application/web server - Unix","messageId":"19","url":"https://todoist.com/_next/static/chunks/0e8f85b20ed9ab0a6102c8b8298bac1d6cb4c89b.0fe8d2aa3a66f036f1d2.js","reference":"http://projects.webappsec.org/w/page/13246936/Information%20Leakage","solution":"Manually confirm that the timestamp data is not sensitive, and that the data cannot be aggregated to disclose exploitable patterns.","alert":"Timestamp Disclosure - Unix","param":"","attack":"","name":"Timestamp Disclosure - Unix","risk":"Informational","id":"116","alertRef":"10096"},{"sourceid":"3","other":"35309556, which evaluates to: 1971-02-13 11:12:36","method":"GET","evidence":"35309556","pluginId":"10096","cweid":"200","confidence":"Low","wascid":"13","description":"A timestamp was disclosed by the application/web server - Unix","messageId":"19","url":"https://todoist.com/_next/static/chunks/0e8f85b20ed9ab0a6102c8b8298bac1d6cb4c89b.0fe8d2aa3a66f036f1d2.js","reference":"http://projects.webappsec.org/w/page/13246936/Information%20Leakage","solution":"Manually confirm that the timestamp data is not sensitive, and that the data cannot be aggregated to disclose exploitable patterns.","alert":"Timestamp Disclosure - Unix","param":"","attack":"","name":"Timestamp Disclosure - Unix","risk":"Informational","id":"117","alertRef":"10096"},{"sourceid":"3","other":"1530992060, which evaluates to: 2018-07-07 14:34:20","method":"GET","evidence":"1530992060","pluginId":"10096","cweid":"200","confidence":"Low","wascid":"13","description":"A timestamp was disclosed by the application/web server - Unix","messageId":"19","url":"https://todoist.com/_next/static/chunks/0e8f85b20ed9ab0a6102c8b8298bac1d6cb4c89b.0fe8d2aa3a66f036f1d2.js","reference":"http://projects.webappsec.org/w/page/13246936/Information%20Leakage","solution":"Manually confirm that the timestamp data is not sensitive, and that the data cannot be aggregated to disclose exploitable patterns.","alert":"Timestamp Disclosure - Unix","param":"","attack":"","name":"Timestamp Disclosure - Unix","risk":"Informational","id":"118","alertRef":"10096"},{"sourceid":"3","other":"1272893353, which evaluates to: 2010-05-03 08:29:13","method":"GET","evidence":"1272893353","pluginId":"10096","cweid":"200","confidence":"Low","wascid":"13","description":"A timestamp was disclosed by the application/web server - Unix","messageId":"19","url":"https://todoist.com/_next/static/chunks/0e8f85b20ed9ab0a6102c8b8298bac1d6cb4c89b.0fe8d2aa3a66f036f1d2.js","reference":"http://projects.webappsec.org/w/page/13246936/Information%20Leakage","solution":"Manually confirm that the timestamp data is not sensitive, and that the data cannot be aggregated to disclose exploitable patterns.","alert":"Timestamp Disclosure - Unix","param":"","attack":"","name":"Timestamp Disclosure - Unix","risk":"Informational","id":"119","alertRef":"10096"},{"sourceid":"3","other":"155497632, which evaluates to: 1974-12-05 12:47:12","method":"GET","evidence":"155497632","pluginId":"10096","cweid":"200","confidence":"Low","wascid":"13","description":"A timestamp was disclosed by the application/web server - Unix","messageId":"19","url":"https://todoist.com/_next/static/chunks/0e8f85b20ed9ab0a6102c8b8298bac1d6cb4c89b.0fe8d2aa3a66f036f1d2.js","reference":"http://projects.webappsec.org/w/page/13246936/Information%20Leakage","solution":"Manually confirm that the timestamp data is not sensitive, and that the data cannot be aggregated to disclose exploitable patterns.","alert":"Timestamp Disclosure - Unix","param":"","attack":"","name":"Timestamp Disclosure - Unix","risk":"Informational","id":"120","alertRef":"10096"},{"sourceid":"3","other":"1094730640, which evaluates to: 2004-09-09 06:50:40","method":"GET","evidence":"1094730640","pluginId":"10096","cweid":"200","confidence":"Low","wascid":"13","description":"A timestamp was disclosed by the application/web server - Unix","messageId":"19","url":"https://todoist.com/_next/static/chunks/0e8f85b20ed9ab0a6102c8b8298bac1d6cb4c89b.0fe8d2aa3a66f036f1d2.js","reference":"http://projects.webappsec.org/w/page/13246936/Information%20Leakage","solution":"Manually confirm that the timestamp data is not sensitive, and that the data cannot be aggregated to disclose exploitable patterns.","alert":"Timestamp Disclosure - Unix","param":"","attack":"","name":"Timestamp Disclosure - Unix","risk":"Informational","id":"121","alertRef":"10096"},{"sourceid":"3","other":"681279174, which evaluates to: 1991-08-03 23:12:54","method":"GET","evidence":"681279174","pluginId":"10096","cweid":"200","confidence":"Low","wascid":"13","description":"A timestamp was disclosed by the application/web server - Unix","messageId":"19","url":"https://todoist.com/_next/static/chunks/0e8f85b20ed9ab0a6102c8b8298bac1d6cb4c89b.0fe8d2aa3a66f036f1d2.js","reference":"http://projects.webappsec.org/w/page/13246936/Information%20Leakage","solution":"Manually confirm that the timestamp data is not sensitive, and that the data cannot be aggregated to disclose exploitable patterns.","alert":"Timestamp Disclosure - Unix","param":"","attack":"","name":"Timestamp Disclosure - Unix","risk":"Informational","id":"122","alertRef":"10096"},{"sourceid":"3","other":"358537222, which evaluates to: 1981-05-12 12:40:22","method":"GET","evidence":"358537222","pluginId":"10096","cweid":"200","confidence":"Low","wascid":"13","description":"A timestamp was disclosed by the application/web server - Unix","messageId":"19","url":"https://todoist.com/_next/static/chunks/0e8f85b20ed9ab0a6102c8b8298bac1d6cb4c89b.0fe8d2aa3a66f036f1d2.js","reference":"http://projects.webappsec.org/w/page/13246936/Information%20Leakage","solution":"Manually confirm that the timestamp data is not sensitive, and that the data cannot be aggregated to disclose exploitable patterns.","alert":"Timestamp Disclosure - Unix","param":"","attack":"","name":"Timestamp Disclosure - Unix","risk":"Informational","id":"123","alertRef":"10096"},{"sourceid":"3","other":"722521979, which evaluates to: 1992-11-23 08:32:59","method":"GET","evidence":"722521979","pluginId":"10096","cweid":"200","confidence":"Low","wascid":"13","description":"A timestamp was disclosed by the application/web server - Unix","messageId":"19","url":"https://todoist.com/_next/static/chunks/0e8f85b20ed9ab0a6102c8b8298bac1d6cb4c89b.0fe8d2aa3a66f036f1d2.js","reference":"http://projects.webappsec.org/w/page/13246936/Information%20Leakage","solution":"Manually confirm that the timestamp data is not sensitive, and that the data cannot be aggregated to disclose exploitable patterns.","alert":"Timestamp Disclosure - Unix","param":"","attack":"","name":"Timestamp Disclosure - Unix","risk":"Informational","id":"124","alertRef":"10096"},{"sourceid":"3","other":"76029189, which evaluates to: 1972-05-29 18:13:09","method":"GET","evidence":"76029189","pluginId":"10096","cweid":"200","confidence":"Low","wascid":"13","description":"A timestamp was disclosed by the application/web server - Unix","messageId":"19","url":"https://todoist.com/_next/static/chunks/0e8f85b20ed9ab0a6102c8b8298bac1d6cb4c89b.0fe8d2aa3a66f036f1d2.js","reference":"http://projects.webappsec.org/w/page/13246936/Information%20Leakage","solution":"Manually confirm that the timestamp data is not sensitive, and that the data cannot be aggregated to disclose exploitable patterns.","alert":"Timestamp Disclosure - Unix","param":"","attack":"","name":"Timestamp Disclosure - Unix","risk":"Informational","id":"125","alertRef":"10096"},{"sourceid":"3","other":"640364487, which evaluates to: 1990-04-17 10:01:27","method":"GET","evidence":"640364487","pluginId":"10096","cweid":"200","confidence":"Low","wascid":"13","description":"A timestamp was disclosed by the application/web server - Unix","messageId":"19","url":"https://todoist.com/_next/static/chunks/0e8f85b20ed9ab0a6102c8b8298bac1d6cb4c89b.0fe8d2aa3a66f036f1d2.js","reference":"http://projects.webappsec.org/w/page/13246936/Information%20Leakage","solution":"Manually confirm that the timestamp data is not sensitive, and that the data cannot be aggregated to disclose exploitable patterns.","alert":"Timestamp Disclosure - Unix","param":"","attack":"","name":"Timestamp Disclosure - Unix","risk":"Informational","id":"126","alertRef":"10096"},{"sourceid":"3","other":"421815835, which evaluates to: 1983-05-14 22:03:55","method":"GET","evidence":"421815835","pluginId":"10096","cweid":"200","confidence":"Low","wascid":"13","description":"A timestamp was disclosed by the application/web server - Unix","messageId":"19","url":"https://todoist.com/_next/static/chunks/0e8f85b20ed9ab0a6102c8b8298bac1d6cb4c89b.0fe8d2aa3a66f036f1d2.js","reference":"http://projects.webappsec.org/w/page/13246936/Information%20Leakage","solution":"Manually confirm that the timestamp data is not sensitive, and that the data cannot be aggregated to disclose exploitable patterns.","alert":"Timestamp Disclosure - Unix","param":"","attack":"","name":"Timestamp Disclosure - Unix","risk":"Informational","id":"127","alertRef":"10096"},{"sourceid":"3","other":"530742520, which evaluates to: 1986-10-26 15:28:40","method":"GET","evidence":"530742520","pluginId":"10096","cweid":"200","confidence":"Low","wascid":"13","description":"A timestamp was disclosed by the application/web server - Unix","messageId":"19","url":"https://todoist.com/_next/static/chunks/0e8f85b20ed9ab0a6102c8b8298bac1d6cb4c89b.0fe8d2aa3a66f036f1d2.js","reference":"http://projects.webappsec.org/w/page/13246936/Information%20Leakage","solution":"Manually confirm that the timestamp data is not sensitive, and that the data cannot be aggregated to disclose exploitable patterns.","alert":"Timestamp Disclosure - Unix","param":"","attack":"","name":"Timestamp Disclosure - Unix","risk":"Informational","id":"128","alertRef":"10096"},{"sourceid":"3","other":"995338651, which evaluates to: 2001-07-16 21:57:31","method":"GET","evidence":"995338651","pluginId":"10096","cweid":"200","confidence":"Low","wascid":"13","description":"A timestamp was disclosed by the application/web server - Unix","messageId":"19","url":"https://todoist.com/_next/static/chunks/0e8f85b20ed9ab0a6102c8b8298bac1d6cb4c89b.0fe8d2aa3a66f036f1d2.js","reference":"http://projects.webappsec.org/w/page/13246936/Information%20Leakage","solution":"Manually confirm that the timestamp data is not sensitive, and that the data cannot be aggregated to disclose exploitable patterns.","alert":"Timestamp Disclosure - Unix","param":"","attack":"","name":"Timestamp Disclosure - Unix","risk":"Informational","id":"129","alertRef":"10096"},{"sourceid":"3","other":"198630844, which evaluates to: 1976-04-17 18:14:04","method":"GET","evidence":"198630844","pluginId":"10096","cweid":"200","confidence":"Low","wascid":"13","description":"A timestamp was disclosed by the application/web server - Unix","messageId":"19","url":"https://todoist.com/_next/static/chunks/0e8f85b20ed9ab0a6102c8b8298bac1d6cb4c89b.0fe8d2aa3a66f036f1d2.js","reference":"http://projects.webappsec.org/w/page/13246936/Information%20Leakage","solution":"Manually confirm that the timestamp data is not sensitive, and that the data cannot be aggregated to disclose exploitable patterns.","alert":"Timestamp Disclosure - Unix","param":"","attack":"","name":"Timestamp Disclosure - Unix","risk":"Informational","id":"130","alertRef":"10096"},{"sourceid":"3","other":"1126891415, which evaluates to: 2005-09-16 12:23:35","method":"GET","evidence":"1126891415","pluginId":"10096","cweid":"200","confidence":"Low","wascid":"13","description":"A timestamp was disclosed by the application/web server - Unix","messageId":"19","url":"https://todoist.com/_next/static/chunks/0e8f85b20ed9ab0a6102c8b8298bac1d6cb4c89b.0fe8d2aa3a66f036f1d2.js","reference":"http://projects.webappsec.org/w/page/13246936/Information%20Leakage","solution":"Manually confirm that the timestamp data is not sensitive, and that the data cannot be aggregated to disclose exploitable patterns.","alert":"Timestamp Disclosure - Unix","param":"","attack":"","name":"Timestamp Disclosure - Unix","risk":"Informational","id":"131","alertRef":"10096"},{"sourceid":"3","other":"1416354905, which evaluates to: 2014-11-18 18:55:05","method":"GET","evidence":"1416354905","pluginId":"10096","cweid":"200","confidence":"Low","wascid":"13","description":"A timestamp was disclosed by the application/web server - Unix","messageId":"19","url":"https://todoist.com/_next/static/chunks/0e8f85b20ed9ab0a6102c8b8298bac1d6cb4c89b.0fe8d2aa3a66f036f1d2.js","reference":"http://projects.webappsec.org/w/page/13246936/Information%20Leakage","solution":"Manually confirm that the timestamp data is not sensitive, and that the data cannot be aggregated to disclose exploitable patterns.","alert":"Timestamp Disclosure - Unix","param":"","attack":"","name":"Timestamp Disclosure - Unix","risk":"Informational","id":"132","alertRef":"10096"},{"sourceid":"3","other":"57434055, which evaluates to: 1971-10-27 12:54:15","method":"GET","evidence":"57434055","pluginId":"10096","cweid":"200","confidence":"Low","wascid":"13","description":"A timestamp was disclosed by the application/web server - Unix","messageId":"19","url":"https://todoist.com/_next/static/chunks/0e8f85b20ed9ab0a6102c8b8298bac1d6cb4c89b.0fe8d2aa3a66f036f1d2.js","reference":"http://projects.webappsec.org/w/page/13246936/Information%20Leakage","solution":"Manually confirm that the timestamp data is not sensitive, and that the data cannot be aggregated to disclose exploitable patterns.","alert":"Timestamp Disclosure - Unix","param":"","attack":"","name":"Timestamp Disclosure - Unix","risk":"Informational","id":"133","alertRef":"10096"},{"sourceid":"3","other":"1700485571, which evaluates to: 2023-11-20 08:06:11","method":"GET","evidence":"1700485571","pluginId":"10096","cweid":"200","confidence":"Low","wascid":"13","description":"A timestamp was disclosed by the application/web server - Unix","messageId":"19","url":"https://todoist.com/_next/static/chunks/0e8f85b20ed9ab0a6102c8b8298bac1d6cb4c89b.0fe8d2aa3a66f036f1d2.js","reference":"http://projects.webappsec.org/w/page/13246936/Information%20Leakage","solution":"Manually confirm that the timestamp data is not sensitive, and that the data cannot be aggregated to disclose exploitable patterns.","alert":"Timestamp Disclosure - Unix","param":"","attack":"","name":"Timestamp Disclosure - Unix","risk":"Informational","id":"134","alertRef":"10096"},{"sourceid":"3","other":"1894986606, which evaluates to: 2030-01-18 12:10:06","method":"GET","evidence":"1894986606","pluginId":"10096","cweid":"200","confidence":"Low","wascid":"13","description":"A timestamp was disclosed by the application/web server - Unix","messageId":"19","url":"https://todoist.com/_next/static/chunks/0e8f85b20ed9ab0a6102c8b8298bac1d6cb4c89b.0fe8d2aa3a66f036f1d2.js","reference":"http://projects.webappsec.org/w/page/13246936/Information%20Leakage","solution":"Manually confirm that the timestamp data is not sensitive, and that the data cannot be aggregated to disclose exploitable patterns.","alert":"Timestamp Disclosure - Unix","param":"","attack":"","name":"Timestamp Disclosure - Unix","risk":"Informational","id":"135","alertRef":"10096"},{"sourceid":"3","other":"2054922799, which evaluates to: 2035-02-12 14:53:19","method":"GET","evidence":"2054922799","pluginId":"10096","cweid":"200","confidence":"Low","wascid":"13","description":"A timestamp was disclosed by the application/web server - Unix","messageId":"19","url":"https://todoist.com/_next/static/chunks/0e8f85b20ed9ab0a6102c8b8298bac1d6cb4c89b.0fe8d2aa3a66f036f1d2.js","reference":"http://projects.webappsec.org/w/page/13246936/Information%20Leakage","solution":"Manually confirm that the timestamp data is not sensitive, and that the data cannot be aggregated to disclose exploitable patterns.","alert":"Timestamp Disclosure - Unix","param":"","attack":"","name":"Timestamp Disclosure - Unix","risk":"Informational","id":"136","alertRef":"10096"},{"sourceid":"3","other":"1873313359, which evaluates to: 2029-05-12 15:49:19","method":"GET","evidence":"1873313359","pluginId":"10096","cweid":"200","confidence":"Low","wascid":"13","description":"A timestamp was disclosed by the application/web server - Unix","messageId":"19","url":"https://todoist.com/_next/static/chunks/0e8f85b20ed9ab0a6102c8b8298bac1d6cb4c89b.0fe8d2aa3a66f036f1d2.js","reference":"http://projects.webappsec.org/w/page/13246936/Information%20Leakage","solution":"Manually confirm that the timestamp data is not sensitive, and that the data cannot be aggregated to disclose exploitable patterns.","alert":"Timestamp Disclosure - Unix","param":"","attack":"","name":"Timestamp Disclosure - Unix","risk":"Informational","id":"137","alertRef":"10096"},{"sourceid":"3","other":"30611744, which evaluates to: 1970-12-21 02:15:44","method":"GET","evidence":"30611744","pluginId":"10096","cweid":"200","confidence":"Low","wascid":"13","description":"A timestamp was disclosed by the application/web server - Unix","messageId":"19","url":"https://todoist.com/_next/static/chunks/0e8f85b20ed9ab0a6102c8b8298bac1d6cb4c89b.0fe8d2aa3a66f036f1d2.js","reference":"http://projects.webappsec.org/w/page/13246936/Information%20Leakage","solution":"Manually confirm that the timestamp data is not sensitive, and that the data cannot be aggregated to disclose exploitable patterns.","alert":"Timestamp Disclosure - Unix","param":"","attack":"","name":"Timestamp Disclosure - Unix","risk":"Informational","id":"138","alertRef":"10096"},{"sourceid":"3","other":"1560198380, which evaluates to: 2019-06-10 15:26:20","method":"GET","evidence":"1560198380","pluginId":"10096","cweid":"200","confidence":"Low","wascid":"13","description":"A timestamp was disclosed by the application/web server - Unix","messageId":"19","url":"https://todoist.com/_next/static/chunks/0e8f85b20ed9ab0a6102c8b8298bac1d6cb4c89b.0fe8d2aa3a66f036f1d2.js","reference":"http://projects.webappsec.org/w/page/13246936/Information%20Leakage","solution":"Manually confirm that the timestamp data is not sensitive, and that the data cannot be aggregated to disclose exploitable patterns.","alert":"Timestamp Disclosure - Unix","param":"","attack":"","name":"Timestamp Disclosure - Unix","risk":"Informational","id":"139","alertRef":"10096"},{"sourceid":"3","other":"1309151649, which evaluates to: 2011-06-27 00:14:09","method":"GET","evidence":"1309151649","pluginId":"10096","cweid":"200","confidence":"Low","wascid":"13","description":"A timestamp was disclosed by the application/web server - Unix","messageId":"19","url":"https://todoist.com/_next/static/chunks/0e8f85b20ed9ab0a6102c8b8298bac1d6cb4c89b.0fe8d2aa3a66f036f1d2.js","reference":"http://projects.webappsec.org/w/page/13246936/Information%20Leakage","solution":"Manually confirm that the timestamp data is not sensitive, and that the data cannot be aggregated to disclose exploitable patterns.","alert":"Timestamp Disclosure - Unix","param":"","attack":"","name":"Timestamp Disclosure - Unix","risk":"Informational","id":"140","alertRef":"10096"},{"sourceid":"3","other":"145523070, which evaluates to: 1974-08-12 02:04:30","method":"GET","evidence":"145523070","pluginId":"10096","cweid":"200","confidence":"Low","wascid":"13","description":"A timestamp was disclosed by the application/web server - Unix","messageId":"19","url":"https://todoist.com/_next/static/chunks/0e8f85b20ed9ab0a6102c8b8298bac1d6cb4c89b.0fe8d2aa3a66f036f1d2.js","reference":"http://projects.webappsec.org/w/page/13246936/Information%20Leakage","solution":"Manually confirm that the timestamp data is not sensitive, and that the data cannot be aggregated to disclose exploitable patterns.","alert":"Timestamp Disclosure - Unix","param":"","attack":"","name":"Timestamp Disclosure - Unix","risk":"Informational","id":"141","alertRef":"10096"},{"sourceid":"3","other":"1120210379, which evaluates to: 2005-07-01 04:32:59","method":"GET","evidence":"1120210379","pluginId":"10096","cweid":"200","confidence":"Low","wascid":"13","description":"A timestamp was disclosed by the application/web server - Unix","messageId":"19","url":"https://todoist.com/_next/static/chunks/0e8f85b20ed9ab0a6102c8b8298bac1d6cb4c89b.0fe8d2aa3a66f036f1d2.js","reference":"http://projects.webappsec.org/w/page/13246936/Information%20Leakage","solution":"Manually confirm that the timestamp data is not sensitive, and that the data cannot be aggregated to disclose exploitable patterns.","alert":"Timestamp Disclosure - Unix","param":"","attack":"","name":"Timestamp Disclosure - Unix","risk":"Informational","id":"142","alertRef":"10096"},{"sourceid":"3","other":"718787259, which evaluates to: 1992-10-11 03:07:39","method":"GET","evidence":"718787259","pluginId":"10096","cweid":"200","confidence":"Low","wascid":"13","description":"A timestamp was disclosed by the application/web server - Unix","messageId":"19","url":"https://todoist.com/_next/static/chunks/0e8f85b20ed9ab0a6102c8b8298bac1d6cb4c89b.0fe8d2aa3a66f036f1d2.js","reference":"http://projects.webappsec.org/w/page/13246936/Information%20Leakage","solution":"Manually confirm that the timestamp data is not sensitive, and that the data cannot be aggregated to disclose exploitable patterns.","alert":"Timestamp Disclosure - Unix","param":"","attack":"","name":"Timestamp Disclosure - Unix","risk":"Informational","id":"143","alertRef":"10096"},{"sourceid":"3","other":"343485551, which evaluates to: 1980-11-19 07:39:11","method":"GET","evidence":"343485551","pluginId":"10096","cweid":"200","confidence":"Low","wascid":"13","description":"A timestamp was disclosed by the application/web server - Unix","messageId":"19","url":"https://todoist.com/_next/static/chunks/0e8f85b20ed9ab0a6102c8b8298bac1d6cb4c89b.0fe8d2aa3a66f036f1d2.js","reference":"http://projects.webappsec.org/w/page/13246936/Information%20Leakage","solution":"Manually confirm that the timestamp data is not sensitive, and that the data cannot be aggregated to disclose exploitable patterns.","alert":"Timestamp Disclosure - Unix","param":"","attack":"","name":"Timestamp Disclosure - Unix","risk":"Informational","id":"144","alertRef":"10096"},{"sourceid":"3","other":"1518500249, which evaluates to: 2018-02-13 00:37:29","method":"GET","evidence":"1518500249","pluginId":"10096","cweid":"200","confidence":"Low","wascid":"13","description":"A timestamp was disclosed by the application/web server - Unix","messageId":"19","url":"https://todoist.com/_next/static/chunks/0e8f85b20ed9ab0a6102c8b8298bac1d6cb4c89b.0fe8d2aa3a66f036f1d2.js","reference":"http://projects.webappsec.org/w/page/13246936/Information%20Leakage","solution":"Manually confirm that the timestamp data is not sensitive, and that the data cannot be aggregated to disclose exploitable patterns.","alert":"Timestamp Disclosure - Unix","param":"","attack":"","name":"Timestamp Disclosure - Unix","risk":"Informational","id":"145","alertRef":"10096"},{"sourceid":"3","other":"1859775393, which evaluates to: 2028-12-06 23:16:33","method":"GET","evidence":"1859775393","pluginId":"10096","cweid":"200","confidence":"Low","wascid":"13","description":"A timestamp was disclosed by the application/web server - Unix","messageId":"19","url":"https://todoist.com/_next/static/chunks/0e8f85b20ed9ab0a6102c8b8298bac1d6cb4c89b.0fe8d2aa3a66f036f1d2.js","reference":"http://projects.webappsec.org/w/page/13246936/Information%20Leakage","solution":"Manually confirm that the timestamp data is not sensitive, and that the data cannot be aggregated to disclose exploitable patterns.","alert":"Timestamp Disclosure - Unix","param":"","attack":"","name":"Timestamp Disclosure - Unix","risk":"Informational","id":"146","alertRef":"10096"},{"sourceid":"3","other":"00000000, which evaluates to: 1969-12-31 19:00:00","method":"GET","evidence":"00000000","pluginId":"10096","cweid":"200","confidence":"Low","wascid":"13","description":"A timestamp was disclosed by the application/web server - Unix","messageId":"19","url":"https://todoist.com/_next/static/chunks/0e8f85b20ed9ab0a6102c8b8298bac1d6cb4c89b.0fe8d2aa3a66f036f1d2.js","reference":"http://projects.webappsec.org/w/page/13246936/Information%20Leakage","solution":"Manually confirm that the timestamp data is not sensitive, and that the data cannot be aggregated to disclose exploitable patterns.","alert":"Timestamp Disclosure - Unix","param":"","attack":"","name":"Timestamp Disclosure - Unix","risk":"Informational","id":"149","alertRef":"10096"},{"sourceid":"3","other":"This issue still applies to error type pages (401, 403, 500, etc.) as those pages are often still affected by injection issues, in which case there is still concern for browsers sniffing pages away from their actual content type.\nAt \"High\" threshold this scan rule will not alert on client or server error responses.","method":"GET","evidence":"","pluginId":"10021","cweid":"16","confidence":"Medium","wascid":"15","description":"The Anti-MIME-Sniffing header X-Content-Type-Options was not set to 'nosniff'. This allows older versions of Internet Explorer and Chrome to perform MIME-sniffing on the response body, potentially causing the response body to be interpreted and displayed as a content type other than the declared content type. Current (early 2014) and legacy versions of Firefox will use the declared content type (if one is set), rather than performing MIME-sniffing.","messageId":"19","url":"https://todoist.com/_next/static/chunks/0e8f85b20ed9ab0a6102c8b8298bac1d6cb4c89b.0fe8d2aa3a66f036f1d2.js","reference":"http://msdn.microsoft.com/en-us/library/ie/gg622941%28v=vs.85%29.aspx\nhttps://owasp.org/www-community/Security_Headers","solution":"Ensure that the application/web server sets the Content-Type header appropriately, and that it sets the X-Content-Type-Options header to 'nosniff' for all web pages.\nIf possible, ensure that the end user uses a standards-compliant and modern web browser that does not perform MIME-sniffing at all, or that can be directed by the web application/web server to not perform MIME-sniffing.","alert":"X-Content-Type-Options Header Missing","param":"X-Content-Type-Options","attack":"","name":"X-Content-Type-Options Header Missing","risk":"Low","id":"151","alertRef":"10021"},{"sourceid":"3","other":"The following pattern was used: \\bDB\\b and was detected in the element starting with: \"(window.webpackJsonp_N_E=window.webpackJsonp_N_E||[]).push([[4],{WNiU:function(e,t,r){!function(e,t){for(var r in t)e[r]=t[r]}(t\", see evidence field for the suspicious comment/snippet.","method":"GET","evidence":"Db","pluginId":"10027","cweid":"200","confidence":"Low","wascid":"13","description":"The response appears to contain suspicious comments which may help an attacker. Note: Matches made within script blocks or files are against the entire content not only comments.","messageId":"20","url":"https://todoist.com/_next/static/chunks/4af5f773.1851fbd0845d20ef7104.js","reference":"","solution":"Remove all comments that return information that may help an attacker and fix any underlying problems they refer to.","alert":"Information Disclosure - Suspicious Comments","param":"","attack":"","name":"Information Disclosure - Suspicious Comments","risk":"Informational","id":"152","alertRef":"10027"},{"sourceid":"3","other":"This issue still applies to error type pages (401, 403, 500, etc.) as those pages are often still affected by injection issues, in which case there is still concern for browsers sniffing pages away from their actual content type.\nAt \"High\" threshold this scan rule will not alert on client or server error responses.","method":"GET","evidence":"","pluginId":"10021","cweid":"16","confidence":"Medium","wascid":"15","description":"The Anti-MIME-Sniffing header X-Content-Type-Options was not set to 'nosniff'. This allows older versions of Internet Explorer and Chrome to perform MIME-sniffing on the response body, potentially causing the response body to be interpreted and displayed as a content type other than the declared content type. Current (early 2014) and legacy versions of Firefox will use the declared content type (if one is set), rather than performing MIME-sniffing.","messageId":"20","url":"https://todoist.com/_next/static/chunks/4af5f773.1851fbd0845d20ef7104.js","reference":"http://msdn.microsoft.com/en-us/library/ie/gg622941%28v=vs.85%29.aspx\nhttps://owasp.org/www-community/Security_Headers","solution":"Ensure that the application/web server sets the Content-Type header appropriately, and that it sets the X-Content-Type-Options header to 'nosniff' for all web pages.\nIf possible, ensure that the end user uses a standards-compliant and modern web browser that does not perform MIME-sniffing at all, or that can be directed by the web application/web server to not perform MIME-sniffing.","alert":"X-Content-Type-Options Header Missing","param":"X-Content-Type-Options","attack":"","name":"X-Content-Type-Options Header Missing","risk":"Low","id":"153","alertRef":"10021"},{"sourceid":"3","other":"The following pattern was used: \\bQUERY\\b and was detected in the element starting with: \"(window.webpackJsonp_N_E=window.webpackJsonp_N_E||[]).push([[6],{\"+90V\":function(e,t,n){\"use strict\";var r=n(\"TqRt\");n(\"HAE/\"),O\", see evidence field for the suspicious comment/snippet.","method":"GET","evidence":"query","pluginId":"10027","cweid":"200","confidence":"Low","wascid":"13","description":"The response appears to contain suspicious comments which may help an attacker. Note: Matches made within script blocks or files are against the entire content not only comments.","messageId":"21","url":"https://todoist.com/_next/static/chunks/46300902bf7c6e1374dd592a461ea5a5a6d02de9.dcfb80a6e6abd69835ad.js","reference":"","solution":"Remove all comments that return information that may help an attacker and fix any underlying problems they refer to.","alert":"Information Disclosure - Suspicious Comments","param":"","attack":"","name":"Information Disclosure - Suspicious Comments","risk":"Informational","id":"154","alertRef":"10027"},{"sourceid":"3","other":"This issue still applies to error type pages (401, 403, 500, etc.) as those pages are often still affected by injection issues, in which case there is still concern for browsers sniffing pages away from their actual content type.\nAt \"High\" threshold this scan rule will not alert on client or server error responses.","method":"GET","evidence":"","pluginId":"10021","cweid":"16","confidence":"Medium","wascid":"15","description":"The Anti-MIME-Sniffing header X-Content-Type-Options was not set to 'nosniff'. This allows older versions of Internet Explorer and Chrome to perform MIME-sniffing on the response body, potentially causing the response body to be interpreted and displayed as a content type other than the declared content type. Current (early 2014) and legacy versions of Firefox will use the declared content type (if one is set), rather than performing MIME-sniffing.","messageId":"21","url":"https://todoist.com/_next/static/chunks/46300902bf7c6e1374dd592a461ea5a5a6d02de9.dcfb80a6e6abd69835ad.js","reference":"http://msdn.microsoft.com/en-us/library/ie/gg622941%28v=vs.85%29.aspx\nhttps://owasp.org/www-community/Security_Headers","solution":"Ensure that the application/web server sets the Content-Type header appropriately, and that it sets the X-Content-Type-Options header to 'nosniff' for all web pages.\nIf possible, ensure that the end user uses a standards-compliant and modern web browser that does not perform MIME-sniffing at all, or that can be directed by the web application/web server to not perform MIME-sniffing.","alert":"X-Content-Type-Options Header Missing","param":"X-Content-Type-Options","attack":"","name":"X-Content-Type-Options Header Missing","risk":"Low","id":"155","alertRef":"10021"},{"sourceid":"3","other":"The following pattern was used: \\bQUERY\\b and was detected in the element starting with: \"_N_E=(window.webpackJsonp_N_E=window.webpackJsonp_N_E||[]).push([[29],{\"1TCz\":function(t,e,n){\"use strict\";n.r(e);var r=n(\"o0o1\"\", see evidence field for the suspicious comment/snippet.","method":"GET","evidence":"query","pluginId":"10027","cweid":"200","confidence":"Low","wascid":"13","description":"The response appears to contain suspicious comments which may help an attacker. Note: Matches made within script blocks or files are against the entire content not only comments.","messageId":"22","url":"https://todoist.com/_next/static/chunks/pages/_app-3b4743dbd65bee2727de.js","reference":"","solution":"Remove all comments that return information that may help an attacker and fix any underlying problems they refer to.","alert":"Information Disclosure - Suspicious Comments","param":"","attack":"","name":"Information Disclosure - Suspicious Comments","risk":"Informational","id":"156","alertRef":"10027"},{"sourceid":"3","other":"This issue still applies to error type pages (401, 403, 500, etc.) as those pages are often still affected by injection issues, in which case there is still concern for browsers sniffing pages away from their actual content type.\nAt \"High\" threshold this scan rule will not alert on client or server error responses.","method":"GET","evidence":"","pluginId":"10021","cweid":"16","confidence":"Medium","wascid":"15","description":"The Anti-MIME-Sniffing header X-Content-Type-Options was not set to 'nosniff'. This allows older versions of Internet Explorer and Chrome to perform MIME-sniffing on the response body, potentially causing the response body to be interpreted and displayed as a content type other than the declared content type. Current (early 2014) and legacy versions of Firefox will use the declared content type (if one is set), rather than performing MIME-sniffing.","messageId":"22","url":"https://todoist.com/_next/static/chunks/pages/_app-3b4743dbd65bee2727de.js","reference":"http://msdn.microsoft.com/en-us/library/ie/gg622941%28v=vs.85%29.aspx\nhttps://owasp.org/www-community/Security_Headers","solution":"Ensure that the application/web server sets the Content-Type header appropriately, and that it sets the X-Content-Type-Options header to 'nosniff' for all web pages.\nIf possible, ensure that the end user uses a standards-compliant and modern web browser that does not perform MIME-sniffing at all, or that can be directed by the web application/web server to not perform MIME-sniffing.","alert":"X-Content-Type-Options Header Missing","param":"X-Content-Type-Options","attack":"","name":"X-Content-Type-Options Header Missing","risk":"Low","id":"157","alertRef":"10021"},{"sourceid":"3","other":"The following pattern was used: \\bBUG\\b and was detected in the element starting with: \"(window.webpackJsonp_N_E=window.webpackJsonp_N_E||[]).push([[7],{\"+924\":function(e,t,n){\"use strict\";n.d(t,\"d\",(function(){retur\", see evidence field for the suspicious comment/snippet.","method":"GET","evidence":"bug","pluginId":"10027","cweid":"200","confidence":"Low","wascid":"13","description":"The response appears to contain suspicious comments which may help an attacker. Note: Matches made within script blocks or files are against the entire content not only comments.","messageId":"23","url":"https://todoist.com/_next/static/chunks/a7d9d3dc563f80f9bceeaf1fc394c88e9b2ce764.dc5ca8c774eddce1e0d7.js","reference":"","solution":"Remove all comments that return information that may help an attacker and fix any underlying problems they refer to.","alert":"Information Disclosure - Suspicious Comments","param":"","attack":"","name":"Information Disclosure - Suspicious Comments","risk":"Informational","id":"158","alertRef":"10027"},{"sourceid":"3","other":"123456789, which evaluates to: 1973-11-29 16:33:09","method":"GET","evidence":"123456789","pluginId":"10096","cweid":"200","confidence":"Low","wascid":"13","description":"A timestamp was disclosed by the application/web server - Unix","messageId":"23","url":"https://todoist.com/_next/static/chunks/a7d9d3dc563f80f9bceeaf1fc394c88e9b2ce764.dc5ca8c774eddce1e0d7.js","reference":"http://projects.webappsec.org/w/page/13246936/Information%20Leakage","solution":"Manually confirm that the timestamp data is not sensitive, and that the data cannot be aggregated to disclose exploitable patterns.","alert":"Timestamp Disclosure - Unix","param":"","attack":"","name":"Timestamp Disclosure - Unix","risk":"Informational","id":"159","alertRef":"10096"},{"sourceid":"3","other":"This issue still applies to error type pages (401, 403, 500, etc.) as those pages are often still affected by injection issues, in which case there is still concern for browsers sniffing pages away from their actual content type.\nAt \"High\" threshold this scan rule will not alert on client or server error responses.","method":"GET","evidence":"","pluginId":"10021","cweid":"16","confidence":"Medium","wascid":"15","description":"The Anti-MIME-Sniffing header X-Content-Type-Options was not set to 'nosniff'. This allows older versions of Internet Explorer and Chrome to perform MIME-sniffing on the response body, potentially causing the response body to be interpreted and displayed as a content type other than the declared content type. Current (early 2014) and legacy versions of Firefox will use the declared content type (if one is set), rather than performing MIME-sniffing.","messageId":"23","url":"https://todoist.com/_next/static/chunks/a7d9d3dc563f80f9bceeaf1fc394c88e9b2ce764.dc5ca8c774eddce1e0d7.js","reference":"http://msdn.microsoft.com/en-us/library/ie/gg622941%28v=vs.85%29.aspx\nhttps://owasp.org/www-community/Security_Headers","solution":"Ensure that the application/web server sets the Content-Type header appropriately, and that it sets the X-Content-Type-Options header to 'nosniff' for all web pages.\nIf possible, ensure that the end user uses a standards-compliant and modern web browser that does not perform MIME-sniffing at all, or that can be directed by the web application/web server to not perform MIME-sniffing.","alert":"X-Content-Type-Options Header Missing","param":"X-Content-Type-Options","attack":"","name":"X-Content-Type-Options Header Missing","risk":"Low","id":"165","alertRef":"10021"},{"sourceid":"3","other":"This issue still applies to error type pages (401, 403, 500, etc.) as those pages are often still affected by injection issues, in which case there is still concern for browsers sniffing pages away from their actual content type.\nAt \"High\" threshold this scan rule will not alert on client or server error responses.","method":"GET","evidence":"","pluginId":"10021","cweid":"16","confidence":"Medium","wascid":"15","description":"The Anti-MIME-Sniffing header X-Content-Type-Options was not set to 'nosniff'. This allows older versions of Internet Explorer and Chrome to perform MIME-sniffing on the response body, potentially causing the response body to be interpreted and displayed as a content type other than the declared content type. Current (early 2014) and legacy versions of Firefox will use the declared content type (if one is set), rather than performing MIME-sniffing.","messageId":"25","url":"https://todoist.com/_next/static/chunks/a5174a254d143c3d3d02321814728bdd71b6ab95_CSS.d6f2610c02ca1f2f8023.js","reference":"http://msdn.microsoft.com/en-us/library/ie/gg622941%28v=vs.85%29.aspx\nhttps://owasp.org/www-community/Security_Headers","solution":"Ensure that the application/web server sets the Content-Type header appropriately, and that it sets the X-Content-Type-Options header to 'nosniff' for all web pages.\nIf possible, ensure that the end user uses a standards-compliant and modern web browser that does not perform MIME-sniffing at all, or that can be directed by the web application/web server to not perform MIME-sniffing.","alert":"X-Content-Type-Options Header Missing","param":"X-Content-Type-Options","attack":"","name":"X-Content-Type-Options Header Missing","risk":"Low","id":"166","alertRef":"10021"},{"sourceid":"3","other":"This issue still applies to error type pages (401, 403, 500, etc.) as those pages are often still affected by injection issues, in which case there is still concern for browsers sniffing pages away from their actual content type.\nAt \"High\" threshold this scan rule will not alert on client or server error responses.","method":"GET","evidence":"","pluginId":"10021","cweid":"16","confidence":"Medium","wascid":"15","description":"The Anti-MIME-Sniffing header X-Content-Type-Options was not set to 'nosniff'. This allows older versions of Internet Explorer and Chrome to perform MIME-sniffing on the response body, potentially causing the response body to be interpreted and displayed as a content type other than the declared content type. Current (early 2014) and legacy versions of Firefox will use the declared content type (if one is set), rather than performing MIME-sniffing.","messageId":"26","url":"https://todoist.com/_next/static/chunks/styles.4b2dc012361942f5cf6e.js","reference":"http://msdn.microsoft.com/en-us/library/ie/gg622941%28v=vs.85%29.aspx\nhttps://owasp.org/www-community/Security_Headers","solution":"Ensure that the application/web server sets the Content-Type header appropriately, and that it sets the X-Content-Type-Options header to 'nosniff' for all web pages.\nIf possible, ensure that the end user uses a standards-compliant and modern web browser that does not perform MIME-sniffing at all, or that can be directed by the web application/web server to not perform MIME-sniffing.","alert":"X-Content-Type-Options Header Missing","param":"X-Content-Type-Options","attack":"","name":"X-Content-Type-Options Header Missing","risk":"Low","id":"167","alertRef":"10021"},{"sourceid":"3","other":"The following pattern was used: \\bDB\\b and was detected in the element starting with: \"_N_E=(window.webpackJsonp_N_E=window.webpackJsonp_N_E||[]).push([[44],{\"+RON\":function(e,t){e.exports=\"/_next/static/images/free\", see evidence field for the suspicious comment/snippet.","method":"GET","evidence":"DB","pluginId":"10027","cweid":"200","confidence":"Low","wascid":"13","description":"The response appears to contain suspicious comments which may help an attacker. Note: Matches made within script blocks or files are against the entire content not only comments.","messageId":"27","url":"https://todoist.com/_next/static/chunks/pages/index-50325ffabee779bfc84a.js","reference":"","solution":"Remove all comments that return information that may help an attacker and fix any underlying problems they refer to.","alert":"Information Disclosure - Suspicious Comments","param":"","attack":"","name":"Information Disclosure - Suspicious Comments","risk":"Informational","id":"168","alertRef":"10027"},{"sourceid":"3","other":"This issue still applies to error type pages (401, 403, 500, etc.) as those pages are often still affected by injection issues, in which case there is still concern for browsers sniffing pages away from their actual content type.\nAt \"High\" threshold this scan rule will not alert on client or server error responses.","method":"GET","evidence":"","pluginId":"10021","cweid":"16","confidence":"Medium","wascid":"15","description":"The Anti-MIME-Sniffing header X-Content-Type-Options was not set to 'nosniff'. This allows older versions of Internet Explorer and Chrome to perform MIME-sniffing on the response body, potentially causing the response body to be interpreted and displayed as a content type other than the declared content type. Current (early 2014) and legacy versions of Firefox will use the declared content type (if one is set), rather than performing MIME-sniffing.","messageId":"27","url":"https://todoist.com/_next/static/chunks/pages/index-50325ffabee779bfc84a.js","reference":"http://msdn.microsoft.com/en-us/library/ie/gg622941%28v=vs.85%29.aspx\nhttps://owasp.org/www-community/Security_Headers","solution":"Ensure that the application/web server sets the Content-Type header appropriately, and that it sets the X-Content-Type-Options header to 'nosniff' for all web pages.\nIf possible, ensure that the end user uses a standards-compliant and modern web browser that does not perform MIME-sniffing at all, or that can be directed by the web application/web server to not perform MIME-sniffing.","alert":"X-Content-Type-Options Header Missing","param":"X-Content-Type-Options","attack":"","name":"X-Content-Type-Options Header Missing","risk":"Low","id":"169","alertRef":"10021"},{"sourceid":"3","other":"The following pattern was used: \\bQUERY\\b and was detected in the element starting with: \"(window.webpackJsonp_N_E=window.webpackJsonp_N_E||[]).push([[8],{\"+9U2\":function(e,t,r){\"use strict\";let n,i,o,{isClean:s}=r(\"zo\", see evidence field for the suspicious comment/snippet.","method":"GET","evidence":"query","pluginId":"10027","cweid":"200","confidence":"Low","wascid":"13","description":"The response appears to contain suspicious comments which may help an attacker. Note: Matches made within script blocks or files are against the entire content not only comments.","messageId":"28","url":"https://todoist.com/_next/static/chunks/a5174a254d143c3d3d02321814728bdd71b6ab95.8aeeecc87435cd012b41.js","reference":"","solution":"Remove all comments that return information that may help an attacker and fix any underlying problems they refer to.","alert":"Information Disclosure - Suspicious Comments","param":"","attack":"","name":"Information Disclosure - Suspicious Comments","risk":"Informational","id":"170","alertRef":"10027"},{"sourceid":"3","other":"16711680, which evaluates to: 1970-07-13 05:08:00","method":"GET","evidence":"16711680","pluginId":"10096","cweid":"200","confidence":"Low","wascid":"13","description":"A timestamp was disclosed by the application/web server - Unix","messageId":"28","url":"https://todoist.com/_next/static/chunks/a5174a254d143c3d3d02321814728bdd71b6ab95.8aeeecc87435cd012b41.js","reference":"http://projects.webappsec.org/w/page/13246936/Information%20Leakage","solution":"Manually confirm that the timestamp data is not sensitive, and that the data cannot be aggregated to disclose exploitable patterns.","alert":"Timestamp Disclosure - Unix","param":"","attack":"","name":"Timestamp Disclosure - Unix","risk":"Informational","id":"171","alertRef":"10096"},{"sourceid":"3","other":"2147483647, which evaluates to: 2038-01-18 22:14:07","method":"GET","evidence":"2147483647","pluginId":"10096","cweid":"200","confidence":"Low","wascid":"13","description":"A timestamp was disclosed by the application/web server - Unix","messageId":"28","url":"https://todoist.com/_next/static/chunks/a5174a254d143c3d3d02321814728bdd71b6ab95.8aeeecc87435cd012b41.js","reference":"http://projects.webappsec.org/w/page/13246936/Information%20Leakage","solution":"Manually confirm that the timestamp data is not sensitive, and that the data cannot be aggregated to disclose exploitable patterns.","alert":"Timestamp Disclosure - Unix","param":"","attack":"","name":"Timestamp Disclosure - Unix","risk":"Informational","id":"172","alertRef":"10096"},{"sourceid":"3","other":"1073741823, which evaluates to: 2004-01-10 08:37:03","method":"GET","evidence":"1073741823","pluginId":"10096","cweid":"200","confidence":"Low","wascid":"13","description":"A timestamp was disclosed by the application/web server - Unix","messageId":"28","url":"https://todoist.com/_next/static/chunks/a5174a254d143c3d3d02321814728bdd71b6ab95.8aeeecc87435cd012b41.js","reference":"http://projects.webappsec.org/w/page/13246936/Information%20Leakage","solution":"Manually confirm that the timestamp data is not sensitive, and that the data cannot be aggregated to disclose exploitable patterns.","alert":"Timestamp Disclosure - Unix","param":"","attack":"","name":"Timestamp Disclosure - Unix","risk":"Informational","id":"173","alertRef":"10096"},{"sourceid":"3","other":"16777216, which evaluates to: 1970-07-13 23:20:16","method":"GET","evidence":"16777216","pluginId":"10096","cweid":"200","confidence":"Low","wascid":"13","description":"A timestamp was disclosed by the application/web server - Unix","messageId":"28","url":"https://todoist.com/_next/static/chunks/a5174a254d143c3d3d02321814728bdd71b6ab95.8aeeecc87435cd012b41.js","reference":"http://projects.webappsec.org/w/page/13246936/Information%20Leakage","solution":"Manually confirm that the timestamp data is not sensitive, and that the data cannot be aggregated to disclose exploitable patterns.","alert":"Timestamp Disclosure - Unix","param":"","attack":"","name":"Timestamp Disclosure - Unix","risk":"Informational","id":"176","alertRef":"10096"},{"sourceid":"3","other":"This issue still applies to error type pages (401, 403, 500, etc.) as those pages are often still affected by injection issues, in which case there is still concern for browsers sniffing pages away from their actual content type.\nAt \"High\" threshold this scan rule will not alert on client or server error responses.","method":"GET","evidence":"","pluginId":"10021","cweid":"16","confidence":"Medium","wascid":"15","description":"The Anti-MIME-Sniffing header X-Content-Type-Options was not set to 'nosniff'. This allows older versions of Internet Explorer and Chrome to perform MIME-sniffing on the response body, potentially causing the response body to be interpreted and displayed as a content type other than the declared content type. Current (early 2014) and legacy versions of Firefox will use the declared content type (if one is set), rather than performing MIME-sniffing.","messageId":"28","url":"https://todoist.com/_next/static/chunks/a5174a254d143c3d3d02321814728bdd71b6ab95.8aeeecc87435cd012b41.js","reference":"http://msdn.microsoft.com/en-us/library/ie/gg622941%28v=vs.85%29.aspx\nhttps://owasp.org/www-community/Security_Headers","solution":"Ensure that the application/web server sets the Content-Type header appropriately, and that it sets the X-Content-Type-Options header to 'nosniff' for all web pages.\nIf possible, ensure that the end user uses a standards-compliant and modern web browser that does not perform MIME-sniffing at all, or that can be directed by the web application/web server to not perform MIME-sniffing.","alert":"X-Content-Type-Options Header Missing","param":"X-Content-Type-Options","attack":"","name":"X-Content-Type-Options Header Missing","risk":"Low","id":"180","alertRef":"10021"},{"sourceid":"3","other":"The following pattern was used: \\bUSER\\b and was detected in the element starting with: \"self.__BUILD_MANIFEST = (function(a,b,c,d,e,f,g,h,i,j,k,l,m,n,o,p,q,r,s,t){return {__rewrites:[],\"/\":[\"static\\u002Fcss\\u002Fpage\", see evidence field for the suspicious comment/snippet.","method":"GET","evidence":"user","pluginId":"10027","cweid":"200","confidence":"Low","wascid":"13","description":"The response appears to contain suspicious comments which may help an attacker. Note: Matches made within script blocks or files are against the entire content not only comments.","messageId":"32","url":"https://todoist.com/_next/static/Su7XJ3Y1iReNK_fTNqchx/_buildManifest.js","reference":"","solution":"Remove all comments that return information that may help an attacker and fix any underlying problems they refer to.","alert":"Information Disclosure - Suspicious Comments","param":"","attack":"","name":"Information Disclosure - Suspicious Comments","risk":"Informational","id":"194","alertRef":"10027"},{"sourceid":"3","other":"This issue still applies to error type pages (401, 403, 500, etc.) as those pages are often still affected by injection issues, in which case there is still concern for browsers sniffing pages away from their actual content type.\nAt \"High\" threshold this scan rule will not alert on client or server error responses.","method":"GET","evidence":"","pluginId":"10021","cweid":"16","confidence":"Medium","wascid":"15","description":"The Anti-MIME-Sniffing header X-Content-Type-Options was not set to 'nosniff'. This allows older versions of Internet Explorer and Chrome to perform MIME-sniffing on the response body, potentially causing the response body to be interpreted and displayed as a content type other than the declared content type. Current (early 2014) and legacy versions of Firefox will use the declared content type (if one is set), rather than performing MIME-sniffing.","messageId":"32","url":"https://todoist.com/_next/static/Su7XJ3Y1iReNK_fTNqchx/_buildManifest.js","reference":"http://msdn.microsoft.com/en-us/library/ie/gg622941%28v=vs.85%29.aspx\nhttps://owasp.org/www-community/Security_Headers","solution":"Ensure that the application/web server sets the Content-Type header appropriately, and that it sets the X-Content-Type-Options header to 'nosniff' for all web pages.\nIf possible, ensure that the end user uses a standards-compliant and modern web browser that does not perform MIME-sniffing at all, or that can be directed by the web application/web server to not perform MIME-sniffing.","alert":"X-Content-Type-Options Header Missing","param":"X-Content-Type-Options","attack":"","name":"X-Content-Type-Options Header Missing","risk":"Low","id":"195","alertRef":"10021"},{"sourceid":"3","other":"This issue still applies to error type pages (401, 403, 500, etc.) as those pages are often still affected by injection issues, in which case there is still concern for browsers sniffing pages away from their actual content type.\nAt \"High\" threshold this scan rule will not alert on client or server error responses.","method":"GET","evidence":"","pluginId":"10021","cweid":"16","confidence":"Medium","wascid":"15","description":"The Anti-MIME-Sniffing header X-Content-Type-Options was not set to 'nosniff'. This allows older versions of Internet Explorer and Chrome to perform MIME-sniffing on the response body, potentially causing the response body to be interpreted and displayed as a content type other than the declared content type. Current (early 2014) and legacy versions of Firefox will use the declared content type (if one is set), rather than performing MIME-sniffing.","messageId":"35","url":"https://todoist.com/_next/static/Su7XJ3Y1iReNK_fTNqchx/_ssgManifest.js","reference":"http://msdn.microsoft.com/en-us/library/ie/gg622941%28v=vs.85%29.aspx\nhttps://owasp.org/www-community/Security_Headers","solution":"Ensure that the application/web server sets the Content-Type header appropriately, and that it sets the X-Content-Type-Options header to 'nosniff' for all web pages.\nIf possible, ensure that the end user uses a standards-compliant and modern web browser that does not perform MIME-sniffing at all, or that can be directed by the web application/web server to not perform MIME-sniffing.","alert":"X-Content-Type-Options Header Missing","param":"X-Content-Type-Options","attack":"","name":"X-Content-Type-Options Header Missing","risk":"Low","id":"196","alertRef":"10021"},{"sourceid":"3","other":"This issue still applies to error type pages (401, 403, 500, etc.) as those pages are often still affected by injection issues, in which case there is still concern for browsers sniffing pages away from their actual content type.\nAt \"High\" threshold this scan rule will not alert on client or server error responses.","method":"GET","evidence":"","pluginId":"10021","cweid":"16","confidence":"Medium","wascid":"15","description":"The Anti-MIME-Sniffing header X-Content-Type-Options was not set to 'nosniff'. This allows older versions of Internet Explorer and Chrome to perform MIME-sniffing on the response body, potentially causing the response body to be interpreted and displayed as a content type other than the declared content type. Current (early 2014) and legacy versions of Firefox will use the declared content type (if one is set), rather than performing MIME-sniffing.","messageId":"47","url":"https://todoist.com/static/fonts/Graphik-Regular-Web.woff","reference":"http://msdn.microsoft.com/en-us/library/ie/gg622941%28v=vs.85%29.aspx\nhttps://owasp.org/www-community/Security_Headers","solution":"Ensure that the application/web server sets the Content-Type header appropriately, and that it sets the X-Content-Type-Options header to 'nosniff' for all web pages.\nIf possible, ensure that the end user uses a standards-compliant and modern web browser that does not perform MIME-sniffing at all, or that can be directed by the web application/web server to not perform MIME-sniffing.","alert":"X-Content-Type-Options Header Missing","param":"X-Content-Type-Options","attack":"","name":"X-Content-Type-Options Header Missing","risk":"Low","id":"239","alertRef":"10021"},{"sourceid":"3","other":"This issue still applies to error type pages (401, 403, 500, etc.) as those pages are often still affected by injection issues, in which case there is still concern for browsers sniffing pages away from their actual content type.\nAt \"High\" threshold this scan rule will not alert on client or server error responses.","method":"GET","evidence":"","pluginId":"10021","cweid":"16","confidence":"Medium","wascid":"15","description":"The Anti-MIME-Sniffing header X-Content-Type-Options was not set to 'nosniff'. This allows older versions of Internet Explorer and Chrome to perform MIME-sniffing on the response body, potentially causing the response body to be interpreted and displayed as a content type other than the declared content type. Current (early 2014) and legacy versions of Firefox will use the declared content type (if one is set), rather than performing MIME-sniffing.","messageId":"48","url":"https://todoist.com/static/fonts/Graphik-Semibold-Web.woff","reference":"http://msdn.microsoft.com/en-us/library/ie/gg622941%28v=vs.85%29.aspx\nhttps://owasp.org/www-community/Security_Headers","solution":"Ensure that the application/web server sets the Content-Type header appropriately, and that it sets the X-Content-Type-Options header to 'nosniff' for all web pages.\nIf possible, ensure that the end user uses a standards-compliant and modern web browser that does not perform MIME-sniffing at all, or that can be directed by the web application/web server to not perform MIME-sniffing.","alert":"X-Content-Type-Options Header Missing","param":"X-Content-Type-Options","attack":"","name":"X-Content-Type-Options Header Missing","risk":"Low","id":"240","alertRef":"10021"},{"sourceid":"3","other":"This issue still applies to error type pages (401, 403, 500, etc.) as those pages are often still affected by injection issues, in which case there is still concern for browsers sniffing pages away from their actual content type.\nAt \"High\" threshold this scan rule will not alert on client or server error responses.","method":"GET","evidence":"","pluginId":"10021","cweid":"16","confidence":"Medium","wascid":"15","description":"The Anti-MIME-Sniffing header X-Content-Type-Options was not set to 'nosniff'. This allows older versions of Internet Explorer and Chrome to perform MIME-sniffing on the response body, potentially causing the response body to be interpreted and displayed as a content type other than the declared content type. Current (early 2014) and legacy versions of Firefox will use the declared content type (if one is set), rather than performing MIME-sniffing.","messageId":"51","url":"https://todoist.com/static/fonts/Caecilia-RegularItalic-Web.woff","reference":"http://msdn.microsoft.com/en-us/library/ie/gg622941%28v=vs.85%29.aspx\nhttps://owasp.org/www-community/Security_Headers","solution":"Ensure that the application/web server sets the Content-Type header appropriately, and that it sets the X-Content-Type-Options header to 'nosniff' for all web pages.\nIf possible, ensure that the end user uses a standards-compliant and modern web browser that does not perform MIME-sniffing at all, or that can be directed by the web application/web server to not perform MIME-sniffing.","alert":"X-Content-Type-Options Header Missing","param":"X-Content-Type-Options","attack":"","name":"X-Content-Type-Options Header Missing","risk":"Low","id":"241","alertRef":"10021"},{"sourceid":"3","other":"","method":"GET","evidence":"public, max-age=31536000, immutable","pluginId":"10015","cweid":"525","confidence":"Medium","wascid":"13","description":"The cache-control and pragma HTTP header have not been set properly or are missing allowing the browser and proxies to cache content.","messageId":"55","url":"https://todoist.com/static/locales/es/common.json","reference":"https://cheatsheetseries.owasp.org/cheatsheets/Session_Management_Cheat_Sheet.html#web-content-caching","solution":"Whenever possible ensure the cache-control HTTP header is set with no-cache, no-store, must-revalidate; and that the pragma HTTP header is set with no-cache.","alert":"Incomplete or No Cache-control and Pragma HTTP Header Set","param":"Cache-Control","attack":"","name":"Incomplete or No Cache-control and Pragma HTTP Header Set","risk":"Low","id":"244","alertRef":"10015"},{"sourceid":"3","other":"This issue still applies to error type pages (401, 403, 500, etc.) as those pages are often still affected by injection issues, in which case there is still concern for browsers sniffing pages away from their actual content type.\nAt \"High\" threshold this scan rule will not alert on client or server error responses.","method":"GET","evidence":"","pluginId":"10021","cweid":"16","confidence":"Medium","wascid":"15","description":"The Anti-MIME-Sniffing header X-Content-Type-Options was not set to 'nosniff'. This allows older versions of Internet Explorer and Chrome to perform MIME-sniffing on the response body, potentially causing the response body to be interpreted and displayed as a content type other than the declared content type. Current (early 2014) and legacy versions of Firefox will use the declared content type (if one is set), rather than performing MIME-sniffing.","messageId":"55","url":"https://todoist.com/static/locales/es/common.json","reference":"http://msdn.microsoft.com/en-us/library/ie/gg622941%28v=vs.85%29.aspx\nhttps://owasp.org/www-community/Security_Headers","solution":"Ensure that the application/web server sets the Content-Type header appropriately, and that it sets the X-Content-Type-Options header to 'nosniff' for all web pages.\nIf possible, ensure that the end user uses a standards-compliant and modern web browser that does not perform MIME-sniffing at all, or that can be directed by the web application/web server to not perform MIME-sniffing.","alert":"X-Content-Type-Options Header Missing","param":"X-Content-Type-Options","attack":"","name":"X-Content-Type-Options Header Missing","risk":"Low","id":"245","alertRef":"10021"},{"sourceid":"3","other":"","method":"GET","evidence":"public, max-age=31536000, immutable","pluginId":"10015","cweid":"525","confidence":"Medium","wascid":"13","description":"The cache-control and pragma HTTP header have not been set properly or are missing allowing the browser and proxies to cache content.","messageId":"58","url":"https://todoist.com/static/locales/en/common.json","reference":"https://cheatsheetseries.owasp.org/cheatsheets/Session_Management_Cheat_Sheet.html#web-content-caching","solution":"Whenever possible ensure the cache-control HTTP header is set with no-cache, no-store, must-revalidate; and that the pragma HTTP header is set with no-cache.","alert":"Incomplete or No Cache-control and Pragma HTTP Header Set","param":"Cache-Control","attack":"","name":"Incomplete or No Cache-control and Pragma HTTP Header Set","risk":"Low","id":"246","alertRef":"10015"},{"sourceid":"3","other":"This issue still applies to error type pages (401, 403, 500, etc.) as those pages are often still affected by injection issues, in which case there is still concern for browsers sniffing pages away from their actual content type.\nAt \"High\" threshold this scan rule will not alert on client or server error responses.","method":"GET","evidence":"","pluginId":"10021","cweid":"16","confidence":"Medium","wascid":"15","description":"The Anti-MIME-Sniffing header X-Content-Type-Options was not set to 'nosniff'. This allows older versions of Internet Explorer and Chrome to perform MIME-sniffing on the response body, potentially causing the response body to be interpreted and displayed as a content type other than the declared content type. Current (early 2014) and legacy versions of Firefox will use the declared content type (if one is set), rather than performing MIME-sniffing.","messageId":"58","url":"https://todoist.com/static/locales/en/common.json","reference":"http://msdn.microsoft.com/en-us/library/ie/gg622941%28v=vs.85%29.aspx\nhttps://owasp.org/www-community/Security_Headers","solution":"Ensure that the application/web server sets the Content-Type header appropriately, and that it sets the X-Content-Type-Options header to 'nosniff' for all web pages.\nIf possible, ensure that the end user uses a standards-compliant and modern web browser that does not perform MIME-sniffing at all, or that can be directed by the web application/web server to not perform MIME-sniffing.","alert":"X-Content-Type-Options Header Missing","param":"X-Content-Type-Options","attack":"","name":"X-Content-Type-Options Header Missing","risk":"Low","id":"247","alertRef":"10021"},{"sourceid":"3","other":"","method":"GET","evidence":"","pluginId":"10015","cweid":"525","confidence":"Medium","wascid":"13","description":"The cache-control and pragma HTTP header have not been set properly or are missing allowing the browser and proxies to cache content.","messageId":"132","url":"https://todoist.com/users/showlogin","reference":"https://cheatsheetseries.owasp.org/cheatsheets/Session_Management_Cheat_Sheet.html#web-content-caching","solution":"Whenever possible ensure the cache-control HTTP header is set with no-cache, no-store, must-revalidate; and that the pragma HTTP header is set with no-cache.","alert":"Incomplete or No Cache-control and Pragma HTTP Header Set","param":"Cache-Control","attack":"","name":"Incomplete or No Cache-control and Pragma HTTP Header Set","risk":"Low","id":"314","alertRef":"10015"},{"sourceid":"3","other":"","method":"GET","evidence":"Set-Cookie: csrf","pluginId":"10010","cweid":"16","confidence":"Medium","wascid":"13","description":"A cookie has been set without the HttpOnly flag, which means that the cookie can be accessed by JavaScript. If a malicious script can be run on this page then the cookie will be accessible and can be transmitted to another site. If this is a session cookie then session hijacking may be possible.","messageId":"132","url":"https://todoist.com/users/showlogin","reference":"https://owasp.org/www-community/HttpOnly","solution":"Ensure that the HttpOnly flag is set for all cookies.","alert":"Cookie No HttpOnly Flag","param":"csrf","attack":"","name":"Cookie No HttpOnly Flag","risk":"Low","id":"315","alertRef":"10010"},{"sourceid":"3","other":"","method":"GET","evidence":"Set-Cookie: csrf","pluginId":"10054","cweid":"16","confidence":"Medium","wascid":"13","description":"A cookie has been set with an invalid SameSite attribute value, which means that the cookie can be sent as a result of a 'cross-site' request. The SameSite attribute is an effective counter measure to cross-site request forgery, cross-site script inclusion, and timing attacks.","messageId":"132","url":"https://todoist.com/users/showlogin","reference":"https://tools.ietf.org/html/draft-ietf-httpbis-cookie-same-site","solution":"Ensure that the SameSite attribute is set to either 'lax' or ideally 'strict' for all cookies.","alert":"Cookie Without SameSite Attribute","param":"csrf","attack":"","name":"Cookie Without SameSite Attribute","risk":"Low","id":"316","alertRef":"10054"},{"sourceid":"3","other":"","method":"GET","evidence":"<script type=\"text/javascript\" src=\"https://d3ptyyxy2at9ui.cloudfront.net/es-ab54e0.js\"><\/script>","pluginId":"10017","cweid":"829","confidence":"Medium","wascid":"15","description":"The page includes one or more script files from a third-party domain.","messageId":"132","url":"https://todoist.com/users/showlogin","reference":"","solution":"Ensure JavaScript source files are loaded from only trusted sources, and the sources can't be controlled by end users of the application.","alert":"Cross-Domain JavaScript Source File Inclusion","param":"https://d3ptyyxy2at9ui.cloudfront.net/es-ab54e0.js","attack":"","name":"Cross-Domain JavaScript Source File Inclusion","risk":"Low","id":"317","alertRef":"10017"},{"sourceid":"3","other":"","method":"GET","evidence":"<script type=\"text/javascript\" src=\"https://d3ptyyxy2at9ui.cloudfront.net/Col_ICECollection-8b8f90.js\" ><\/script>","pluginId":"10017","cweid":"829","confidence":"Medium","wascid":"15","description":"The page includes one or more script files from a third-party domain.","messageId":"132","url":"https://todoist.com/users/showlogin","reference":"","solution":"Ensure JavaScript source files are loaded from only trusted sources, and the sources can't be controlled by end users of the application.","alert":"Cross-Domain JavaScript Source File Inclusion","param":"https://d3ptyyxy2at9ui.cloudfront.net/Col_ICECollection-8b8f90.js","attack":"","name":"Cross-Domain JavaScript Source File Inclusion","risk":"Low","id":"318","alertRef":"10017"},{"sourceid":"3","other":"","method":"GET","evidence":"<script type=\"text/javascript\" src=\"https://d3ptyyxy2at9ui.cloudfront.net/GreyBox-b6bb57.js\" ><\/script>","pluginId":"10017","cweid":"829","confidence":"Medium","wascid":"15","description":"The page includes one or more script files from a third-party domain.","messageId":"132","url":"https://todoist.com/users/showlogin","reference":"","solution":"Ensure JavaScript source files are loaded from only trusted sources, and the sources can't be controlled by end users of the application.","alert":"Cross-Domain JavaScript Source File Inclusion","param":"https://d3ptyyxy2at9ui.cloudfront.net/GreyBox-b6bb57.js","attack":"","name":"Cross-Domain JavaScript Source File Inclusion","risk":"Low","id":"319","alertRef":"10017"},{"sourceid":"3","other":"","method":"GET","evidence":"<script type=\"text/javascript\" src=\"https://d3ptyyxy2at9ui.cloudfront.net/Col_StandalonePageCollection-d72ac1.js\" ><\/script>","pluginId":"10017","cweid":"829","confidence":"Medium","wascid":"15","description":"The page includes one or more script files from a third-party domain.","messageId":"132","url":"https://todoist.com/users/showlogin","reference":"","solution":"Ensure JavaScript source files are loaded from only trusted sources, and the sources can't be controlled by end users of the application.","alert":"Cross-Domain JavaScript Source File Inclusion","param":"https://d3ptyyxy2at9ui.cloudfront.net/Col_StandalonePageCollection-d72ac1.js","attack":"","name":"Cross-Domain JavaScript Source File Inclusion","risk":"Low","id":"320","alertRef":"10017"},{"sourceid":"3","other":"","method":"GET","evidence":"<script type=\"text/javascript\" src=\"https://d3ptyyxy2at9ui.cloudfront.net/Col_PluginCollection-f907f0.js\" ><\/script>","pluginId":"10017","cweid":"829","confidence":"Medium","wascid":"15","description":"The page includes one or more script files from a third-party domain.","messageId":"132","url":"https://todoist.com/users/showlogin","reference":"","solution":"Ensure JavaScript source files are loaded from only trusted sources, and the sources can't be controlled by end users of the application.","alert":"Cross-Domain JavaScript Source File Inclusion","param":"https://d3ptyyxy2at9ui.cloudfront.net/Col_PluginCollection-f907f0.js","attack":"","name":"Cross-Domain JavaScript Source File Inclusion","risk":"Low","id":"322","alertRef":"10017"},{"sourceid":"3","other":"","method":"GET","evidence":"<script type=\"text/javascript\" src=\"https://d3ptyyxy2at9ui.cloudfront.net/ist_button-56a55c.js\" ><\/script>","pluginId":"10017","cweid":"829","confidence":"Medium","wascid":"15","description":"The page includes one or more script files from a third-party domain.","messageId":"132","url":"https://todoist.com/users/showlogin","reference":"","solution":"Ensure JavaScript source files are loaded from only trusted sources, and the sources can't be controlled by end users of the application.","alert":"Cross-Domain JavaScript Source File Inclusion","param":"https://d3ptyyxy2at9ui.cloudfront.net/ist_button-56a55c.js","attack":"","name":"Cross-Domain JavaScript Source File Inclusion","risk":"Low","id":"323","alertRef":"10017"},{"sourceid":"3","other":"","method":"GET","evidence":"<script type=\"text/javascript\" src=\"https://d3ptyyxy2at9ui.cloudfront.net/Col_LoginSignupCollection-976c4c.js\" ><\/script>","pluginId":"10017","cweid":"829","confidence":"Medium","wascid":"15","description":"The page includes one or more script files from a third-party domain.","messageId":"132","url":"https://todoist.com/users/showlogin","reference":"","solution":"Ensure JavaScript source files are loaded from only trusted sources, and the sources can't be controlled by end users of the application.","alert":"Cross-Domain JavaScript Source File Inclusion","param":"https://d3ptyyxy2at9ui.cloudfront.net/Col_LoginSignupCollection-976c4c.js","attack":"","name":"Cross-Domain JavaScript Source File Inclusion","risk":"Low","id":"324","alertRef":"10017"},{"sourceid":"3","other":"This issue still applies to error type pages (401, 403, 500, etc.) as those pages are often still affected by injection issues, in which case there is still concern for browsers sniffing pages away from their actual content type.\nAt \"High\" threshold this scan rule will not alert on client or server error responses.","method":"GET","evidence":"","pluginId":"10021","cweid":"16","confidence":"Medium","wascid":"15","description":"The Anti-MIME-Sniffing header X-Content-Type-Options was not set to 'nosniff'. This allows older versions of Internet Explorer and Chrome to perform MIME-sniffing on the response body, potentially causing the response body to be interpreted and displayed as a content type other than the declared content type. Current (early 2014) and legacy versions of Firefox will use the declared content type (if one is set), rather than performing MIME-sniffing.","messageId":"132","url":"https://todoist.com/users/showlogin","reference":"http://msdn.microsoft.com/en-us/library/ie/gg622941%28v=vs.85%29.aspx\nhttps://owasp.org/www-community/Security_Headers","solution":"Ensure that the application/web server sets the Content-Type header appropriately, and that it sets the X-Content-Type-Options header to 'nosniff' for all web pages.\nIf possible, ensure that the end user uses a standards-compliant and modern web browser that does not perform MIME-sniffing at all, or that can be directed by the web application/web server to not perform MIME-sniffing.","alert":"X-Content-Type-Options Header Missing","param":"X-Content-Type-Options","attack":"","name":"X-Content-Type-Options Header Missing","risk":"Low","id":"325","alertRef":"10021"},{"sourceid":"3","other":"","method":"GET","evidence":"","pluginId":"10020","cweid":"16","confidence":"Medium","wascid":"15","description":"X-Frame-Options header is not included in the HTTP response to protect against 'ClickJacking' attacks.","messageId":"132","url":"https://todoist.com/users/showlogin","reference":"https://developer.mozilla.org/en-US/docs/Web/HTTP/Headers/X-Frame-Options","solution":"Most modern Web browsers support the X-Frame-Options HTTP header. Ensure it's set on all web pages returned by your site (if you expect the page to be framed only by pages on your server (e.g. it's part of a FRAMESET) then you'll want to use SAMEORIGIN, otherwise if you never expect the page to be framed, you should use DENY. Alternatively consider implementing Content Security Policy's \"frame-ancestors\" directive. ","alert":"X-Frame-Options Header Not Set","param":"X-Frame-Options","attack":"","name":"X-Frame-Options Header Not Set","risk":"Medium","id":"326","alertRef":"10020"},{"sourceid":"3","other":"","method":"POST","evidence":"Set-Cookie: todoistd","pluginId":"10054","cweid":"16","confidence":"Medium","wascid":"13","description":"A cookie has been set with an invalid SameSite attribute value, which means that the cookie can be sent as a result of a 'cross-site' request. The SameSite attribute is an effective counter measure to cross-site request forgery, cross-site script inclusion, and timing attacks.","messageId":"156","url":"https://todoist.com/Users/login","reference":"https://tools.ietf.org/html/draft-ietf-httpbis-cookie-same-site","solution":"Ensure that the SameSite attribute is set to either 'lax' or ideally 'strict' for all cookies.","alert":"Cookie Without SameSite Attribute","param":"todoistd","attack":"","name":"Cookie Without SameSite Attribute","risk":"Low","id":"371","alertRef":"10054"},{"sourceid":"3","other":"31536000, which evaluates to: 1970-12-31 19:00:00","method":"POST","evidence":"31536000","pluginId":"10096","cweid":"200","confidence":"Low","wascid":"13","description":"A timestamp was disclosed by the application/web server - Unix","messageId":"156","url":"https://todoist.com/Users/login","reference":"http://projects.webappsec.org/w/page/13246936/Information%20Leakage","solution":"Manually confirm that the timestamp data is not sensitive, and that the data cannot be aggregated to disclose exploitable patterns.","alert":"Timestamp Disclosure - Unix","param":"","attack":"","name":"Timestamp Disclosure - Unix","risk":"Informational","id":"372","alertRef":"10096"},{"sourceid":"3","other":"The response contained multiple CSP headers, one or more of them contained a report-uri directive and therefore they could not be merged. The first identified header/policy was analyzed.","method":"GET","evidence":"default-src 'self' wss://*.todoist.com https://www.google-analytics.com https://o476415.ingest.sentry.io https://d3ptyyxy2at9ui.cloudfront.net https://dcff1xvirvpfp.cloudfront.net https://d266vjxpnndrqi.cloudfront.net https://x-api.rollout.io https://statestore.rollout.io https://conf.rollout.io https://push.rollout.io https://analytic.rollout.io https://browser.sentry-cdn.com https://www.dropbox.com/static/api/2/dropins.js https://apis.google.com https://*.todoist.com https://todoist.com https://maps.googleapis.com https://fonts.gstatic.com; style-src 'self' wss://*.todoist.com https://www.google-analytics.com https://o476415.ingest.sentry.io https://d3ptyyxy2at9ui.cloudfront.net https://dcff1xvirvpfp.cloudfront.net https://d266vjxpnndrqi.cloudfront.net https://x-api.rollout.io https://statestore.rollout.io https://conf.rollout.io https://push.rollout.io https://analytic.rollout.io https://browser.sentry-cdn.com https://www.dropbox.com/static/api/2/dropins.js https://apis.google.com https://*.todoist.com https://todoist.com https://maps.googleapis.com https://fonts.gstatic.com 'unsafe-inline' https://fonts.googleapis.com; img-src 'self' data:  https://d3ptyyxy2at9ui.cloudfront.net https://dcff1xvirvpfp.cloudfront.net https://d266vjxpnndrqi.cloudfront.net https://d1x0mwiac2rqwt.cloudfront.net https://avatars.doist.com https://image-resize.todoist.com https://maps.gstatic.com https://*.googleapis.com https://*.ggpht https://twemoji.maxcdn.com https://www.google-analytics.com; media-src 'self' https://d1ysz50cxb9zwl.cloudfront.net https://d3ptyyxy2at9ui.cloudfront.net https://files.todoist.com; frame-src 'self' https://www.dropbox.com https://accounts.google.com https://docs.google.com; report-uri /csp_report","pluginId":"10055","cweid":"16","confidence":"Medium","wascid":"15","description":"Info Items:\n1:1715: A draft of the next version of CSP deprecates report-uri in favour of a new report-to directive.\n","messageId":"158","url":"https://todoist.com/app/","reference":"http://www.w3.org/TR/CSP2/\nhttp://www.w3.org/TR/CSP/\nhttp://caniuse.com/#search=content+security+policy\nhttp://content-security-policy.com/\nhttps://github.com/shapesecurity/salvation\nhttps://developers.google.com/web/fundamentals/security/csp#policy_applies_to_a_wide_variety_of_resources","solution":"Ensure that your web server, application server, load balancer, etc. is properly configured to set the Content-Security-Policy header.","alert":"CSP: Notices","param":"Content-Security-Policy","attack":"","name":"CSP: Notices","risk":"Informational","id":"373","alertRef":"10055"},{"sourceid":"3","other":"The response contained multiple CSP headers, one or more of them contained a report-uri directive and therefore they could not be merged. The first identified header/policy was analyzed.","method":"GET","evidence":"default-src 'self' wss://*.todoist.com https://www.google-analytics.com https://o476415.ingest.sentry.io https://d3ptyyxy2at9ui.cloudfront.net https://dcff1xvirvpfp.cloudfront.net https://d266vjxpnndrqi.cloudfront.net https://x-api.rollout.io https://statestore.rollout.io https://conf.rollout.io https://push.rollout.io https://analytic.rollout.io https://browser.sentry-cdn.com https://www.dropbox.com/static/api/2/dropins.js https://apis.google.com https://*.todoist.com https://todoist.com https://maps.googleapis.com https://fonts.gstatic.com; style-src 'self' wss://*.todoist.com https://www.google-analytics.com https://o476415.ingest.sentry.io https://d3ptyyxy2at9ui.cloudfront.net https://dcff1xvirvpfp.cloudfront.net https://d266vjxpnndrqi.cloudfront.net https://x-api.rollout.io https://statestore.rollout.io https://conf.rollout.io https://push.rollout.io https://analytic.rollout.io https://browser.sentry-cdn.com https://www.dropbox.com/static/api/2/dropins.js https://apis.google.com https://*.todoist.com https://todoist.com https://maps.googleapis.com https://fonts.gstatic.com 'unsafe-inline' https://fonts.googleapis.com; img-src 'self' data:  https://d3ptyyxy2at9ui.cloudfront.net https://dcff1xvirvpfp.cloudfront.net https://d266vjxpnndrqi.cloudfront.net https://d1x0mwiac2rqwt.cloudfront.net https://avatars.doist.com https://image-resize.todoist.com https://maps.gstatic.com https://*.googleapis.com https://*.ggpht https://twemoji.maxcdn.com https://www.google-analytics.com; media-src 'self' https://d1ysz50cxb9zwl.cloudfront.net https://d3ptyyxy2at9ui.cloudfront.net https://files.todoist.com; frame-src 'self' https://www.dropbox.com https://accounts.google.com https://docs.google.com; report-uri /csp_report","pluginId":"10055","cweid":"16","confidence":"Medium","wascid":"15","description":"The following directives either allow wildcard sources (or ancestors), are not defined, or are overly broadly defined: \nframe-ancestors, form-action\n\nThe directive(s): frame-ancestors, form-action are among the directives that do not fallback to default-src, missing/excluding them is the same as allowing anything.","messageId":"158","url":"https://todoist.com/app/","reference":"http://www.w3.org/TR/CSP2/\nhttp://www.w3.org/TR/CSP/\nhttp://caniuse.com/#search=content+security+policy\nhttp://content-security-policy.com/\nhttps://github.com/shapesecurity/salvation\nhttps://developers.google.com/web/fundamentals/security/csp#policy_applies_to_a_wide_variety_of_resources","solution":"Ensure that your web server, application server, load balancer, etc. is properly configured to set the Content-Security-Policy header.","alert":"CSP: Wildcard Directive","param":"Content-Security-Policy","attack":"","name":"CSP: Wildcard Directive","risk":"Medium","id":"374","alertRef":"10055"},{"sourceid":"3","other":"The response contained multiple CSP headers, one or more of them contained a report-uri directive and therefore they could not be merged. The first identified header/policy was analyzed.","method":"GET","evidence":"default-src 'self' wss://*.todoist.com https://www.google-analytics.com https://o476415.ingest.sentry.io https://d3ptyyxy2at9ui.cloudfront.net https://dcff1xvirvpfp.cloudfront.net https://d266vjxpnndrqi.cloudfront.net https://x-api.rollout.io https://statestore.rollout.io https://conf.rollout.io https://push.rollout.io https://analytic.rollout.io https://browser.sentry-cdn.com https://www.dropbox.com/static/api/2/dropins.js https://apis.google.com https://*.todoist.com https://todoist.com https://maps.googleapis.com https://fonts.gstatic.com; style-src 'self' wss://*.todoist.com https://www.google-analytics.com https://o476415.ingest.sentry.io https://d3ptyyxy2at9ui.cloudfront.net https://dcff1xvirvpfp.cloudfront.net https://d266vjxpnndrqi.cloudfront.net https://x-api.rollout.io https://statestore.rollout.io https://conf.rollout.io https://push.rollout.io https://analytic.rollout.io https://browser.sentry-cdn.com https://www.dropbox.com/static/api/2/dropins.js https://apis.google.com https://*.todoist.com https://todoist.com https://maps.googleapis.com https://fonts.gstatic.com 'unsafe-inline' https://fonts.googleapis.com; img-src 'self' data:  https://d3ptyyxy2at9ui.cloudfront.net https://dcff1xvirvpfp.cloudfront.net https://d266vjxpnndrqi.cloudfront.net https://d1x0mwiac2rqwt.cloudfront.net https://avatars.doist.com https://image-resize.todoist.com https://maps.gstatic.com https://*.googleapis.com https://*.ggpht https://twemoji.maxcdn.com https://www.google-analytics.com; media-src 'self' https://d1ysz50cxb9zwl.cloudfront.net https://d3ptyyxy2at9ui.cloudfront.net https://files.todoist.com; frame-src 'self' https://www.dropbox.com https://accounts.google.com https://docs.google.com; report-uri /csp_report","pluginId":"10055","cweid":"16","confidence":"Medium","wascid":"15","description":"style-src includes unsafe-inline.","messageId":"158","url":"https://todoist.com/app/","reference":"http://www.w3.org/TR/CSP2/\nhttp://www.w3.org/TR/CSP/\nhttp://caniuse.com/#search=content+security+policy\nhttp://content-security-policy.com/\nhttps://github.com/shapesecurity/salvation\nhttps://developers.google.com/web/fundamentals/security/csp#policy_applies_to_a_wide_variety_of_resources","solution":"Ensure that your web server, application server, load balancer, etc. is properly configured to set the Content-Security-Policy header.","alert":"CSP: style-src unsafe-inline","param":"Content-Security-Policy","attack":"","name":"CSP: style-src unsafe-inline","risk":"Medium","id":"375","alertRef":"10055"},{"sourceid":"3","other":"","method":"GET","evidence":"<script src=\"https://d3ptyyxy2at9ui.cloudfront.net/assets/initTheme.b1a12b68f418d0aa0577144c7364b8ab.js\"><\/script>","pluginId":"10017","cweid":"829","confidence":"Medium","wascid":"15","description":"The page includes one or more script files from a third-party domain.","messageId":"158","url":"https://todoist.com/app/","reference":"","solution":"Ensure JavaScript source files are loaded from only trusted sources, and the sources can't be controlled by end users of the application.","alert":"Cross-Domain JavaScript Source File Inclusion","param":"https://d3ptyyxy2at9ui.cloudfront.net/assets/initTheme.b1a12b68f418d0aa0577144c7364b8ab.js","attack":"","name":"Cross-Domain JavaScript Source File Inclusion","risk":"Low","id":"376","alertRef":"10017"},{"sourceid":"3","other":"","method":"GET","evidence":"<script async src=\"https://www.google-analytics.com/analytics.js\"><\/script>","pluginId":"10017","cweid":"829","confidence":"Medium","wascid":"15","description":"The page includes one or more script files from a third-party domain.","messageId":"158","url":"https://todoist.com/app/","reference":"","solution":"Ensure JavaScript source files are loaded from only trusted sources, and the sources can't be controlled by end users of the application.","alert":"Cross-Domain JavaScript Source File Inclusion","param":"https://www.google-analytics.com/analytics.js","attack":"","name":"Cross-Domain JavaScript Source File Inclusion","risk":"Low","id":"377","alertRef":"10017"},{"sourceid":"3","other":"","method":"GET","evidence":"<script src=\"https://d3ptyyxy2at9ui.cloudfront.net/assets/vendor.c9e825411fdc24f1ec7a.js\"><\/script>","pluginId":"10017","cweid":"829","confidence":"Medium","wascid":"15","description":"The page includes one or more script files from a third-party domain.","messageId":"158","url":"https://todoist.com/app/","reference":"","solution":"Ensure JavaScript source files are loaded from only trusted sources, and the sources can't be controlled by end users of the application.","alert":"Cross-Domain JavaScript Source File Inclusion","param":"https://d3ptyyxy2at9ui.cloudfront.net/assets/vendor.c9e825411fdc24f1ec7a.js","attack":"","name":"Cross-Domain JavaScript Source File Inclusion","risk":"Low","id":"378","alertRef":"10017"},{"sourceid":"3","other":"","method":"GET","evidence":"<script src=\"https://d3ptyyxy2at9ui.cloudfront.net/assets/app.1cf113e26f9d2c0630ec.js\"><\/script>","pluginId":"10017","cweid":"829","confidence":"Medium","wascid":"15","description":"The page includes one or more script files from a third-party domain.","messageId":"158","url":"https://todoist.com/app/","reference":"","solution":"Ensure JavaScript source files are loaded from only trusted sources, and the sources can't be controlled by end users of the application.","alert":"Cross-Domain JavaScript Source File Inclusion","param":"https://d3ptyyxy2at9ui.cloudfront.net/assets/app.1cf113e26f9d2c0630ec.js","attack":"","name":"Cross-Domain JavaScript Source File Inclusion","risk":"Low","id":"379","alertRef":"10017"},{"sourceid":"3","other":"572688855, which evaluates to: 1988-02-24 03:14:15","method":"GET","evidence":"572688855","pluginId":"10096","cweid":"200","confidence":"Low","wascid":"13","description":"A timestamp was disclosed by the application/web server - Unix","messageId":"158","url":"https://todoist.com/app/","reference":"http://projects.webappsec.org/w/page/13246936/Information%20Leakage","solution":"Manually confirm that the timestamp data is not sensitive, and that the data cannot be aggregated to disclose exploitable patterns.","alert":"Timestamp Disclosure - Unix","param":"","attack":"","name":"Timestamp Disclosure - Unix","risk":"Informational","id":"380","alertRef":"10096"},{"sourceid":"3","other":"This issue still applies to error type pages (401, 403, 500, etc.) as those pages are often still affected by injection issues, in which case there is still concern for browsers sniffing pages away from their actual content type.\nAt \"High\" threshold this scan rule will not alert on client or server error responses.","method":"GET","evidence":"","pluginId":"10021","cweid":"16","confidence":"Medium","wascid":"15","description":"The Anti-MIME-Sniffing header X-Content-Type-Options was not set to 'nosniff'. This allows older versions of Internet Explorer and Chrome to perform MIME-sniffing on the response body, potentially causing the response body to be interpreted and displayed as a content type other than the declared content type. Current (early 2014) and legacy versions of Firefox will use the declared content type (if one is set), rather than performing MIME-sniffing.","messageId":"158","url":"https://todoist.com/app/","reference":"http://msdn.microsoft.com/en-us/library/ie/gg622941%28v=vs.85%29.aspx\nhttps://owasp.org/www-community/Security_Headers","solution":"Ensure that the application/web server sets the Content-Type header appropriately, and that it sets the X-Content-Type-Options header to 'nosniff' for all web pages.\nIf possible, ensure that the end user uses a standards-compliant and modern web browser that does not perform MIME-sniffing at all, or that can be directed by the web application/web server to not perform MIME-sniffing.","alert":"X-Content-Type-Options Header Missing","param":"X-Content-Type-Options","attack":"","name":"X-Content-Type-Options Header Missing","risk":"Low","id":"381","alertRef":"10021"},{"sourceid":"3","other":"","method":"GET","evidence":"","pluginId":"10020","cweid":"16","confidence":"Medium","wascid":"15","description":"X-Frame-Options header is not included in the HTTP response to protect against 'ClickJacking' attacks.","messageId":"158","url":"https://todoist.com/app/","reference":"https://developer.mozilla.org/en-US/docs/Web/HTTP/Headers/X-Frame-Options","solution":"Most modern Web browsers support the X-Frame-Options HTTP header. Ensure it's set on all web pages returned by your site (if you expect the page to be framed only by pages on your server (e.g. it's part of a FRAMESET) then you'll want to use SAMEORIGIN, otherwise if you never expect the page to be framed, you should use DENY. Alternatively consider implementing Content Security Policy's \"frame-ancestors\" directive. ","alert":"X-Frame-Options Header Not Set","param":"X-Frame-Options","attack":"","name":"X-Frame-Options Header Not Set","risk":"Medium","id":"382","alertRef":"10020"},{"sourceid":"3","other":"","method":"POST","evidence":"no-cache","pluginId":"10015","cweid":"525","confidence":"Medium","wascid":"13","description":"The cache-control and pragma HTTP header have not been set properly or are missing allowing the browser and proxies to cache content.","messageId":"166","url":"https://todoist.com/API/v8.7/sync","reference":"https://cheatsheetseries.owasp.org/cheatsheets/Session_Management_Cheat_Sheet.html#web-content-caching","solution":"Whenever possible ensure the cache-control HTTP header is set with no-cache, no-store, must-revalidate; and that the pragma HTTP header is set with no-cache.","alert":"Incomplete or No Cache-control and Pragma HTTP Header Set","param":"Cache-Control","attack":"","name":"Incomplete or No Cache-control and Pragma HTTP Header Set","risk":"Low","id":"656","alertRef":"10015"},{"sourceid":"3","other":"1344642991, which evaluates to: 2012-08-10 18:56:31","method":"POST","evidence":"1344642991","pluginId":"10096","cweid":"200","confidence":"Low","wascid":"13","description":"A timestamp was disclosed by the application/web server - Unix","messageId":"166","url":"https://todoist.com/API/v8.7/sync","reference":"http://projects.webappsec.org/w/page/13246936/Information%20Leakage","solution":"Manually confirm that the timestamp data is not sensitive, and that the data cannot be aggregated to disclose exploitable patterns.","alert":"Timestamp Disclosure - Unix","param":"","attack":"","name":"Timestamp Disclosure - Unix","risk":"Informational","id":"657","alertRef":"10096"},{"sourceid":"3","other":"33304136, which evaluates to: 1971-01-21 06:08:56","method":"POST","evidence":"33304136","pluginId":"10096","cweid":"200","confidence":"Low","wascid":"13","description":"A timestamp was disclosed by the application/web server - Unix","messageId":"166","url":"https://todoist.com/API/v8.7/sync","reference":"http://projects.webappsec.org/w/page/13246936/Information%20Leakage","solution":"Manually confirm that the timestamp data is not sensitive, and that the data cannot be aggregated to disclose exploitable patterns.","alert":"Timestamp Disclosure - Unix","param":"","attack":"","name":"Timestamp Disclosure - Unix","risk":"Informational","id":"658","alertRef":"10096"},{"sourceid":"3","other":"43476449, which evaluates to: 1971-05-18 23:47:29","method":"POST","evidence":"43476449","pluginId":"10096","cweid":"200","confidence":"Low","wascid":"13","description":"A timestamp was disclosed by the application/web server - Unix","messageId":"166","url":"https://todoist.com/API/v8.7/sync","reference":"http://projects.webappsec.org/w/page/13246936/Information%20Leakage","solution":"Manually confirm that the timestamp data is not sensitive, and that the data cannot be aggregated to disclose exploitable patterns.","alert":"Timestamp Disclosure - Unix","param":"","attack":"","name":"Timestamp Disclosure - Unix","risk":"Informational","id":"659","alertRef":"10096"},{"sourceid":"3","other":"43476450, which evaluates to: 1971-05-18 23:47:30","method":"POST","evidence":"43476450","pluginId":"10096","cweid":"200","confidence":"Low","wascid":"13","description":"A timestamp was disclosed by the application/web server - Unix","messageId":"166","url":"https://todoist.com/API/v8.7/sync","reference":"http://projects.webappsec.org/w/page/13246936/Information%20Leakage","solution":"Manually confirm that the timestamp data is not sensitive, and that the data cannot be aggregated to disclose exploitable patterns.","alert":"Timestamp Disclosure - Unix","param":"","attack":"","name":"Timestamp Disclosure - Unix","risk":"Informational","id":"674","alertRef":"10096"},{"sourceid":"3","other":"43476451, which evaluates to: 1971-05-18 23:47:31","method":"POST","evidence":"43476451","pluginId":"10096","cweid":"200","confidence":"Low","wascid":"13","description":"A timestamp was disclosed by the application/web server - Unix","messageId":"166","url":"https://todoist.com/API/v8.7/sync","reference":"http://projects.webappsec.org/w/page/13246936/Information%20Leakage","solution":"Manually confirm that the timestamp data is not sensitive, and that the data cannot be aggregated to disclose exploitable patterns.","alert":"Timestamp Disclosure - Unix","param":"","attack":"","name":"Timestamp Disclosure - Unix","risk":"Informational","id":"680","alertRef":"10096"},{"sourceid":"3","other":"43476452, which evaluates to: 1971-05-18 23:47:32","method":"POST","evidence":"43476452","pluginId":"10096","cweid":"200","confidence":"Low","wascid":"13","description":"A timestamp was disclosed by the application/web server - Unix","messageId":"166","url":"https://todoist.com/API/v8.7/sync","reference":"http://projects.webappsec.org/w/page/13246936/Information%20Leakage","solution":"Manually confirm that the timestamp data is not sensitive, and that the data cannot be aggregated to disclose exploitable patterns.","alert":"Timestamp Disclosure - Unix","param":"","attack":"","name":"Timestamp Disclosure - Unix","risk":"Informational","id":"686","alertRef":"10096"},{"sourceid":"3","other":"205325931, which evaluates to: 1976-07-04 05:58:51","method":"POST","evidence":"205325931","pluginId":"10096","cweid":"200","confidence":"Low","wascid":"13","description":"A timestamp was disclosed by the application/web server - Unix","messageId":"166","url":"https://todoist.com/API/v8.7/sync","reference":"http://projects.webappsec.org/w/page/13246936/Information%20Leakage","solution":"Manually confirm that the timestamp data is not sensitive, and that the data cannot be aggregated to disclose exploitable patterns.","alert":"Timestamp Disclosure - Unix","param":"","attack":"","name":"Timestamp Disclosure - Unix","risk":"Informational","id":"697","alertRef":"10096"},{"sourceid":"3","other":"This issue still applies to error type pages (401, 403, 500, etc.) as those pages are often still affected by injection issues, in which case there is still concern for browsers sniffing pages away from their actual content type.\nAt \"High\" threshold this scan rule will not alert on client or server error responses.","method":"POST","evidence":"","pluginId":"10021","cweid":"16","confidence":"Medium","wascid":"15","description":"The Anti-MIME-Sniffing header X-Content-Type-Options was not set to 'nosniff'. This allows older versions of Internet Explorer and Chrome to perform MIME-sniffing on the response body, potentially causing the response body to be interpreted and displayed as a content type other than the declared content type. Current (early 2014) and legacy versions of Firefox will use the declared content type (if one is set), rather than performing MIME-sniffing.","messageId":"166","url":"https://todoist.com/API/v8.7/sync","reference":"http://msdn.microsoft.com/en-us/library/ie/gg622941%28v=vs.85%29.aspx\nhttps://owasp.org/www-community/Security_Headers","solution":"Ensure that the application/web server sets the Content-Type header appropriately, and that it sets the X-Content-Type-Options header to 'nosniff' for all web pages.\nIf possible, ensure that the end user uses a standards-compliant and modern web browser that does not perform MIME-sniffing at all, or that can be directed by the web application/web server to not perform MIME-sniffing.","alert":"X-Content-Type-Options Header Missing","param":"X-Content-Type-Options","attack":"","name":"X-Content-Type-Options Header Missing","risk":"Low","id":"708","alertRef":"10021"}]}
{"alerts":[{"sourceid":"3","other":"","method":"GET","evidence":"Set-Cookie: AWSALB","pluginId":"10010","cweid":"16","confidence":"Medium","wascid":"13","description":"A cookie has been set without the HttpOnly flag, which means that the cookie can be accessed by JavaScript. If a malicious script can be run on this page then the cookie will be accessible and can be transmitted to another site. If this is a session cookie then session hijacking may be possible.","messageId":"3","url":"https://todoist.com/","reference":"https://owasp.org/www-community/HttpOnly","solution":"Ensure that the HttpOnly flag is set for all cookies.","alert":"Cookie No HttpOnly Flag","param":"AWSALB","attack":"","name":"Cookie No HttpOnly Flag","risk":"Low","id":"0","alertRef":"10010"},{"sourceid":"3","other":"","method":"GET","evidence":"Set-Cookie: AWSALBCORS","pluginId":"10010","cweid":"16","confidence":"Medium","wascid":"13","description":"A cookie has been set without the HttpOnly flag, which means that the cookie can be accessed by JavaScript. If a malicious script can be run on this page then the cookie will be accessible and can be transmitted to another site. If this is a session cookie then session hijacking may be possible.","messageId":"3","url":"https://todoist.com/","reference":"https://owasp.org/www-community/HttpOnly","solution":"Ensure that the HttpOnly flag is set for all cookies.","alert":"Cookie No HttpOnly Flag","param":"AWSALBCORS","attack":"","name":"Cookie No HttpOnly Flag","risk":"Low","id":"1","alertRef":"10010"},{"sourceid":"3","other":"","method":"GET","evidence":"Set-Cookie: _csrf","pluginId":"10010","cweid":"16","confidence":"Medium","wascid":"13","description":"A cookie has been set without the HttpOnly flag, which means that the cookie can be accessed by JavaScript. If a malicious script can be run on this page then the cookie will be accessible and can be transmitted to another site. If this is a session cookie then session hijacking may be possible.","messageId":"3","url":"https://todoist.com/","reference":"https://owasp.org/www-community/HttpOnly","solution":"Ensure that the HttpOnly flag is set for all cookies.","alert":"Cookie No HttpOnly Flag","param":"_csrf","attack":"","name":"Cookie No HttpOnly Flag","risk":"Low","id":"2","alertRef":"10010"},{"sourceid":"3","other":"","method":"GET","evidence":"Set-Cookie: next-i18next","pluginId":"10010","cweid":"16","confidence":"Medium","wascid":"13","description":"A cookie has been set without the HttpOnly flag, which means that the cookie can be accessed by JavaScript. If a malicious script can be run on this page then the cookie will be accessible and can be transmitted to another site. If this is a session cookie then session hijacking may be possible.","messageId":"3","url":"https://todoist.com/","reference":"https://owasp.org/www-community/HttpOnly","solution":"Ensure that the HttpOnly flag is set for all cookies.","alert":"Cookie No HttpOnly Flag","param":"next-i18next","attack":"","name":"Cookie No HttpOnly Flag","risk":"Low","id":"3","alertRef":"10010"},{"sourceid":"3","other":"","method":"GET","evidence":"Set-Cookie: AWSALB","pluginId":"10054","cweid":"16","confidence":"Medium","wascid":"13","description":"A cookie has been set without the SameSite attribute, which means that the cookie can be sent as a result of a 'cross-site' request. The SameSite attribute is an effective counter measure to cross-site request forgery, cross-site script inclusion, and timing attacks.","messageId":"3","url":"https://todoist.com/","reference":"https://tools.ietf.org/html/draft-ietf-httpbis-cookie-same-site","solution":"Ensure that the SameSite attribute is set to either 'lax' or ideally 'strict' for all cookies.","alert":"Cookie Without SameSite Attribute","param":"AWSALB","attack":"","name":"Cookie Without SameSite Attribute","risk":"Low","id":"4","alertRef":"10054"},{"sourceid":"3","other":"","method":"GET","evidence":"Set-Cookie: AWSALBCORS","pluginId":"10054","cweid":"16","confidence":"Medium","wascid":"13","description":"A cookie has been set with an invalid SameSite attribute value, which means that the cookie can be sent as a result of a 'cross-site' request. The SameSite attribute is an effective counter measure to cross-site request forgery, cross-site script inclusion, and timing attacks.","messageId":"3","url":"https://todoist.com/","reference":"https://tools.ietf.org/html/draft-ietf-httpbis-cookie-same-site","solution":"Ensure that the SameSite attribute is set to either 'lax' or ideally 'strict' for all cookies.","alert":"Cookie Without SameSite Attribute","param":"AWSALBCORS","attack":"","name":"Cookie Without SameSite Attribute","risk":"Low","id":"5","alertRef":"10054"},{"sourceid":"3","other":"","method":"GET","evidence":"Set-Cookie: _csrf","pluginId":"10054","cweid":"16","confidence":"Medium","wascid":"13","description":"A cookie has been set without the SameSite attribute, which means that the cookie can be sent as a result of a 'cross-site' request. The SameSite attribute is an effective counter measure to cross-site request forgery, cross-site script inclusion, and timing attacks.","messageId":"3","url":"https://todoist.com/","reference":"https://tools.ietf.org/html/draft-ietf-httpbis-cookie-same-site","solution":"Ensure that the SameSite attribute is set to either 'lax' or ideally 'strict' for all cookies.","alert":"Cookie Without SameSite Attribute","param":"_csrf","attack":"","name":"Cookie Without SameSite Attribute","risk":"Low","id":"6","alertRef":"10054"},{"sourceid":"3","other":"","method":"GET","evidence":"Set-Cookie: AWSALB","pluginId":"10011","cweid":"614","confidence":"Medium","wascid":"13","description":"A cookie has been set without the secure flag, which means that the cookie can be accessed via unencrypted connections.","messageId":"3","url":"https://todoist.com/","reference":"https://owasp.org/www-project-web-security-testing-guide/v41/4-Web_Application_Security_Testing/06-Session_Management_Testing/02-Testing_for_Cookies_Attributes.html","solution":"Whenever a cookie contains sensitive information or is a session token, then it should always be passed using an encrypted channel. Ensure that the secure flag is set for cookies containing such sensitive information.","alert":"Cookie Without Secure Flag","param":"AWSALB","attack":"","name":"Cookie Without Secure Flag","risk":"Low","id":"7","alertRef":"10011"},{"sourceid":"3","other":"","method":"GET","evidence":"Set-Cookie: _csrf","pluginId":"10011","cweid":"614","confidence":"Medium","wascid":"13","description":"A cookie has been set without the secure flag, which means that the cookie can be accessed via unencrypted connections.","messageId":"3","url":"https://todoist.com/","reference":"https://owasp.org/www-project-web-security-testing-guide/v41/4-Web_Application_Security_Testing/06-Session_Management_Testing/02-Testing_for_Cookies_Attributes.html","solution":"Whenever a cookie contains sensitive information or is a session token, then it should always be passed using an encrypted channel. Ensure that the secure flag is set for cookies containing such sensitive information.","alert":"Cookie Without Secure Flag","param":"_csrf","attack":"","name":"Cookie Without Secure Flag","risk":"Low","id":"8","alertRef":"10011"},{"sourceid":"3","other":"","method":"GET","evidence":"Set-Cookie: next-i18next","pluginId":"10011","cweid":"614","confidence":"Medium","wascid":"13","description":"A cookie has been set without the secure flag, which means that the cookie can be accessed via unencrypted connections.","messageId":"3","url":"https://todoist.com/","reference":"https://owasp.org/www-project-web-security-testing-guide/v41/4-Web_Application_Security_Testing/06-Session_Management_Testing/02-Testing_for_Cookies_Attributes.html","solution":"Whenever a cookie contains sensitive information or is a session token, then it should always be passed using an encrypted channel. Ensure that the secure flag is set for cookies containing such sensitive information.","alert":"Cookie Without Secure Flag","param":"next-i18next","attack":"","name":"Cookie Without Secure Flag","risk":"Low","id":"9","alertRef":"10011"},{"sourceid":"3","other":"","method":"GET","evidence":"","pluginId":"10015","cweid":"525","confidence":"Medium","wascid":"13","description":"The cache-control and pragma HTTP header have not been set properly or are missing allowing the browser and proxies to cache content.","messageId":"5","url":"https://todoist.com/es","reference":"https://cheatsheetseries.owasp.org/cheatsheets/Session_Management_Cheat_Sheet.html#web-content-caching","solution":"Whenever possible ensure the cache-control HTTP header is set with no-cache, no-store, must-revalidate; and that the pragma HTTP header is set with no-cache.","alert":"Incomplete or No Cache-control and Pragma HTTP Header Set","param":"Cache-Control","attack":"","name":"Incomplete or No Cache-control and Pragma HTTP Header Set","risk":"Low","id":"10","alertRef":"10015"},{"sourceid":"3","other":"","method":"GET","evidence":"Set-Cookie: AWSALB","pluginId":"10010","cweid":"16","confidence":"Medium","wascid":"13","description":"A cookie has been set without the HttpOnly flag, which means that the cookie can be accessed by JavaScript. If a malicious script can be run on this page then the cookie will be accessible and can be transmitted to another site. If this is a session cookie then session hijacking may be possible.","messageId":"5","url":"https://todoist.com/es","reference":"https://owasp.org/www-community/HttpOnly","solution":"Ensure that the HttpOnly flag is set for all cookies.","alert":"Cookie No HttpOnly Flag","param":"AWSALB","attack":"","name":"Cookie No HttpOnly Flag","risk":"Low","id":"11","alertRef":"10010"},{"sourceid":"3","other":"","method":"GET","evidence":"Set-Cookie: AWSALBCORS","pluginId":"10010","cweid":"16","confidence":"Medium","wascid":"13","description":"A cookie has been set without the HttpOnly flag, which means that the cookie can be accessed by JavaScript. If a malicious script can be run on this page then the cookie will be accessible and can be transmitted to another site. If this is a session cookie then session hijacking may be possible.","messageId":"5","url":"https://todoist.com/es","reference":"https://owasp.org/www-community/HttpOnly","solution":"Ensure that the HttpOnly flag is set for all cookies.","alert":"Cookie No HttpOnly Flag","param":"AWSALBCORS","attack":"","name":"Cookie No HttpOnly Flag","risk":"Low","id":"12","alertRef":"10010"},{"sourceid":"3","other":"","method":"GET","evidence":"Set-Cookie: next-i18next","pluginId":"10010","cweid":"16","confidence":"Medium","wascid":"13","description":"A cookie has been set without the HttpOnly flag, which means that the cookie can be accessed by JavaScript. If a malicious script can be run on this page then the cookie will be accessible and can be transmitted to another site. If this is a session cookie then session hijacking may be possible.","messageId":"5","url":"https://todoist.com/es","reference":"https://owasp.org/www-community/HttpOnly","solution":"Ensure that the HttpOnly flag is set for all cookies.","alert":"Cookie No HttpOnly Flag","param":"next-i18next","attack":"","name":"Cookie No HttpOnly Flag","risk":"Low","id":"13","alertRef":"10010"},{"sourceid":"3","other":"","method":"GET","evidence":"Set-Cookie: AWSALB","pluginId":"10054","cweid":"16","confidence":"Medium","wascid":"13","description":"A cookie has been set without the SameSite attribute, which means that the cookie can be sent as a result of a 'cross-site' request. The SameSite attribute is an effective counter measure to cross-site request forgery, cross-site script inclusion, and timing attacks.","messageId":"5","url":"https://todoist.com/es","reference":"https://tools.ietf.org/html/draft-ietf-httpbis-cookie-same-site","solution":"Ensure that the SameSite attribute is set to either 'lax' or ideally 'strict' for all cookies.","alert":"Cookie Without SameSite Attribute","param":"AWSALB","attack":"","name":"Cookie Without SameSite Attribute","risk":"Low","id":"14","alertRef":"10054"},{"sourceid":"3","other":"","method":"GET","evidence":"Set-Cookie: AWSALBCORS","pluginId":"10054","cweid":"16","confidence":"Medium","wascid":"13","description":"A cookie has been set with an invalid SameSite attribute value, which means that the cookie can be sent as a result of a 'cross-site' request. The SameSite attribute is an effective counter measure to cross-site request forgery, cross-site script inclusion, and timing attacks.","messageId":"5","url":"https://todoist.com/es","reference":"https://tools.ietf.org/html/draft-ietf-httpbis-cookie-same-site","solution":"Ensure that the SameSite attribute is set to either 'lax' or ideally 'strict' for all cookies.","alert":"Cookie Without SameSite Attribute","param":"AWSALBCORS","attack":"","name":"Cookie Without SameSite Attribute","risk":"Low","id":"15","alertRef":"10054"},{"sourceid":"3","other":"","method":"GET","evidence":"Set-Cookie: AWSALB","pluginId":"10011","cweid":"614","confidence":"Medium","wascid":"13","description":"A cookie has been set without the secure flag, which means that the cookie can be accessed via unencrypted connections.","messageId":"5","url":"https://todoist.com/es","reference":"https://owasp.org/www-project-web-security-testing-guide/v41/4-Web_Application_Security_Testing/06-Session_Management_Testing/02-Testing_for_Cookies_Attributes.html","solution":"Whenever a cookie contains sensitive information or is a session token, then it should always be passed using an encrypted channel. Ensure that the secure flag is set for cookies containing such sensitive information.","alert":"Cookie Without Secure Flag","param":"AWSALB","attack":"","name":"Cookie Without Secure Flag","risk":"Low","id":"16","alertRef":"10011"},{"sourceid":"3","other":"","method":"GET","evidence":"Set-Cookie: next-i18next","pluginId":"10011","cweid":"614","confidence":"Medium","wascid":"13","description":"A cookie has been set without the secure flag, which means that the cookie can be accessed via unencrypted connections.","messageId":"5","url":"https://todoist.com/es","reference":"https://owasp.org/www-project-web-security-testing-guide/v41/4-Web_Application_Security_Testing/06-Session_Management_Testing/02-Testing_for_Cookies_Attributes.html","solution":"Whenever a cookie contains sensitive information or is a session token, then it should always be passed using an encrypted channel. Ensure that the secure flag is set for cookies containing such sensitive information.","alert":"Cookie Without Secure Flag","param":"next-i18next","attack":"","name":"Cookie Without Secure Flag","risk":"Low","id":"17","alertRef":"10011"},{"sourceid":"3","other":"","method":"GET","evidence":"<script src=\"https://www.googleoptimize.com/optimize.js?id=OPT-PNP389R\"><\/script>","pluginId":"10017","cweid":"829","confidence":"Medium","wascid":"15","description":"The page includes one or more script files from a third-party domain.","messageId":"5","url":"https://todoist.com/es","reference":"","solution":"Ensure JavaScript source files are loaded from only trusted sources, and the sources can't be controlled by end users of the application.","alert":"Cross-Domain JavaScript Source File Inclusion","param":"https://www.googleoptimize.com/optimize.js?id=OPT-PNP389R","attack":"","name":"Cross-Domain JavaScript Source File Inclusion","risk":"Low","id":"18","alertRef":"10017"},{"sourceid":"3","other":"The following pattern was used: \\bTODO\\b and was detected in the element starting with: \"<script id=\"__NEXT_DATA__\" type=\"application/json\">{\"props\":{\"initialI18nStore\":{\"es\":{\"index\":{\"seoTitle\":\"Todoist: La \\\"to do \", see evidence field for the suspicious comment/snippet.","method":"GET","evidence":"todo","pluginId":"10027","cweid":"200","confidence":"Low","wascid":"13","description":"The response appears to contain suspicious comments which may help an attacker. Note: Matches made within script blocks or files are against the entire content not only comments.","messageId":"5","url":"https://todoist.com/es","reference":"","solution":"Remove all comments that return information that may help an attacker and fix any underlying problems they refer to.","alert":"Information Disclosure - Suspicious Comments","param":"","attack":"","name":"Information Disclosure - Suspicious Comments","risk":"Informational","id":"19","alertRef":"10027"},{"sourceid":"3","other":"This issue still applies to error type pages (401, 403, 500, etc.) as those pages are often still affected by injection issues, in which case there is still concern for browsers sniffing pages away from their actual content type.\nAt \"High\" threshold this scan rule will not alert on client or server error responses.","method":"GET","evidence":"","pluginId":"10021","cweid":"16","confidence":"Medium","wascid":"15","description":"The Anti-MIME-Sniffing header X-Content-Type-Options was not set to 'nosniff'. This allows older versions of Internet Explorer and Chrome to perform MIME-sniffing on the response body, potentially causing the response body to be interpreted and displayed as a content type other than the declared content type. Current (early 2014) and legacy versions of Firefox will use the declared content type (if one is set), rather than performing MIME-sniffing.","messageId":"5","url":"https://todoist.com/es","reference":"http://msdn.microsoft.com/en-us/library/ie/gg622941%28v=vs.85%29.aspx\nhttps://owasp.org/www-community/Security_Headers","solution":"Ensure that the application/web server sets the Content-Type header appropriately, and that it sets the X-Content-Type-Options header to 'nosniff' for all web pages.\nIf possible, ensure that the end user uses a standards-compliant and modern web browser that does not perform MIME-sniffing at all, or that can be directed by the web application/web server to not perform MIME-sniffing.","alert":"X-Content-Type-Options Header Missing","param":"X-Content-Type-Options","attack":"","name":"X-Content-Type-Options Header Missing","risk":"Low","id":"20","alertRef":"10021"},{"sourceid":"3","other":"","method":"GET","evidence":"public, max-age=31536000, immutable","pluginId":"10015","cweid":"525","confidence":"Medium","wascid":"13","description":"The cache-control and pragma HTTP header have not been set properly or are missing allowing the browser and proxies to cache content.","messageId":"6","url":"https://todoist.com/_next/static/css/a5174a254d143c3d3d02321814728bdd71b6ab95_CSS.d9deec97.chunk.css","reference":"https://cheatsheetseries.owasp.org/cheatsheets/Session_Management_Cheat_Sheet.html#web-content-caching","solution":"Whenever possible ensure the cache-control HTTP header is set with no-cache, no-store, must-revalidate; and that the pragma HTTP header is set with no-cache.","alert":"Incomplete or No Cache-control and Pragma HTTP Header Set","param":"Cache-Control","attack":"","name":"Incomplete or No Cache-control and Pragma HTTP Header Set","risk":"Low","id":"21","alertRef":"10015"},{"sourceid":"3","other":"This issue still applies to error type pages (401, 403, 500, etc.) as those pages are often still affected by injection issues, in which case there is still concern for browsers sniffing pages away from their actual content type.\nAt \"High\" threshold this scan rule will not alert on client or server error responses.","method":"GET","evidence":"","pluginId":"10021","cweid":"16","confidence":"Medium","wascid":"15","description":"The Anti-MIME-Sniffing header X-Content-Type-Options was not set to 'nosniff'. This allows older versions of Internet Explorer and Chrome to perform MIME-sniffing on the response body, potentially causing the response body to be interpreted and displayed as a content type other than the declared content type. Current (early 2014) and legacy versions of Firefox will use the declared content type (if one is set), rather than performing MIME-sniffing.","messageId":"6","url":"https://todoist.com/_next/static/css/a5174a254d143c3d3d02321814728bdd71b6ab95_CSS.d9deec97.chunk.css","reference":"http://msdn.microsoft.com/en-us/library/ie/gg622941%28v=vs.85%29.aspx\nhttps://owasp.org/www-community/Security_Headers","solution":"Ensure that the application/web server sets the Content-Type header appropriately, and that it sets the X-Content-Type-Options header to 'nosniff' for all web pages.\nIf possible, ensure that the end user uses a standards-compliant and modern web browser that does not perform MIME-sniffing at all, or that can be directed by the web application/web server to not perform MIME-sniffing.","alert":"X-Content-Type-Options Header Missing","param":"X-Content-Type-Options","attack":"","name":"X-Content-Type-Options Header Missing","risk":"Low","id":"22","alertRef":"10021"},{"sourceid":"3","other":"This issue still applies to error type pages (401, 403, 500, etc.) as those pages are often still affected by injection issues, in which case there is still concern for browsers sniffing pages away from their actual content type.\nAt \"High\" threshold this scan rule will not alert on client or server error responses.","method":"GET","evidence":"","pluginId":"10021","cweid":"16","confidence":"Medium","wascid":"15","description":"The Anti-MIME-Sniffing header X-Content-Type-Options was not set to 'nosniff'. This allows older versions of Internet Explorer and Chrome to perform MIME-sniffing on the response body, potentially causing the response body to be interpreted and displayed as a content type other than the declared content type. Current (early 2014) and legacy versions of Firefox will use the declared content type (if one is set), rather than performing MIME-sniffing.","messageId":"10","url":"https://todoist.com/_next/static/chunks/webpack-3bde8603facc0c807a2b.js","reference":"http://msdn.microsoft.com/en-us/library/ie/gg622941%28v=vs.85%29.aspx\nhttps://owasp.org/www-community/Security_Headers","solution":"Ensure that the application/web server sets the Content-Type header appropriately, and that it sets the X-Content-Type-Options header to 'nosniff' for all web pages.\nIf possible, ensure that the end user uses a standards-compliant and modern web browser that does not perform MIME-sniffing at all, or that can be directed by the web application/web server to not perform MIME-sniffing.","alert":"X-Content-Type-Options Header Missing","param":"X-Content-Type-Options","attack":"","name":"X-Content-Type-Options Header Missing","risk":"Low","id":"23","alertRef":"10021"},{"sourceid":"3","other":"","method":"GET","evidence":"public, max-age=31536000, immutable","pluginId":"10015","cweid":"525","confidence":"Medium","wascid":"13","description":"The cache-control and pragma HTTP header have not been set properly or are missing allowing the browser and proxies to cache content.","messageId":"12","url":"https://todoist.com/_next/static/css/pages/index.e740e94c.chunk.css","reference":"https://cheatsheetseries.owasp.org/cheatsheets/Session_Management_Cheat_Sheet.html#web-content-caching","solution":"Whenever possible ensure the cache-control HTTP header is set with no-cache, no-store, must-revalidate; and that the pragma HTTP header is set with no-cache.","alert":"Incomplete or No Cache-control and Pragma HTTP Header Set","param":"Cache-Control","attack":"","name":"Incomplete or No Cache-control and Pragma HTTP Header Set","risk":"Low","id":"24","alertRef":"10015"},{"sourceid":"3","other":"This issue still applies to error type pages (401, 403, 500, etc.) as those pages are often still affected by injection issues, in which case there is still concern for browsers sniffing pages away from their actual content type.\nAt \"High\" threshold this scan rule will not alert on client or server error responses.","method":"GET","evidence":"","pluginId":"10021","cweid":"16","confidence":"Medium","wascid":"15","description":"The Anti-MIME-Sniffing header X-Content-Type-Options was not set to 'nosniff'. This allows older versions of Internet Explorer and Chrome to perform MIME-sniffing on the response body, potentially causing the response body to be interpreted and displayed as a content type other than the declared content type. Current (early 2014) and legacy versions of Firefox will use the declared content type (if one is set), rather than performing MIME-sniffing.","messageId":"12","url":"https://todoist.com/_next/static/css/pages/index.e740e94c.chunk.css","reference":"http://msdn.microsoft.com/en-us/library/ie/gg622941%28v=vs.85%29.aspx\nhttps://owasp.org/www-community/Security_Headers","solution":"Ensure that the application/web server sets the Content-Type header appropriately, and that it sets the X-Content-Type-Options header to 'nosniff' for all web pages.\nIf possible, ensure that the end user uses a standards-compliant and modern web browser that does not perform MIME-sniffing at all, or that can be directed by the web application/web server to not perform MIME-sniffing.","alert":"X-Content-Type-Options Header Missing","param":"X-Content-Type-Options","attack":"","name":"X-Content-Type-Options Header Missing","risk":"Low","id":"25","alertRef":"10021"},{"sourceid":"3","other":"The following pattern was used: \\bQUERY\\b and was detected in the element starting with: \"_N_E=(window.webpackJsonp_N_E=window.webpackJsonp_N_E||[]).push([[28],{\"0sNQ\":function(e,t){\"trimStart\"in String.prototype||(Str\", see evidence field for the suspicious comment/snippet.","method":"GET","evidence":"query","pluginId":"10027","cweid":"200","confidence":"Low","wascid":"13","description":"The response appears to contain suspicious comments which may help an attacker. Note: Matches made within script blocks or files are against the entire content not only comments.","messageId":"13","url":"https://todoist.com/_next/static/chunks/main-1ca0aabf0fb4e4d9fa88.js","reference":"","solution":"Remove all comments that return information that may help an attacker and fix any underlying problems they refer to.","alert":"Information Disclosure - Suspicious Comments","param":"","attack":"","name":"Information Disclosure - Suspicious Comments","risk":"Informational","id":"26","alertRef":"10027"},{"sourceid":"3","other":"This issue still applies to error type pages (401, 403, 500, etc.) as those pages are often still affected by injection issues, in which case there is still concern for browsers sniffing pages away from their actual content type.\nAt \"High\" threshold this scan rule will not alert on client or server error responses.","method":"GET","evidence":"","pluginId":"10021","cweid":"16","confidence":"Medium","wascid":"15","description":"The Anti-MIME-Sniffing header X-Content-Type-Options was not set to 'nosniff'. This allows older versions of Internet Explorer and Chrome to perform MIME-sniffing on the response body, potentially causing the response body to be interpreted and displayed as a content type other than the declared content type. Current (early 2014) and legacy versions of Firefox will use the declared content type (if one is set), rather than performing MIME-sniffing.","messageId":"13","url":"https://todoist.com/_next/static/chunks/main-1ca0aabf0fb4e4d9fa88.js","reference":"http://msdn.microsoft.com/en-us/library/ie/gg622941%28v=vs.85%29.aspx\nhttps://owasp.org/www-community/Security_Headers","solution":"Ensure that the application/web server sets the Content-Type header appropriately, and that it sets the X-Content-Type-Options header to 'nosniff' for all web pages.\nIf possible, ensure that the end user uses a standards-compliant and modern web browser that does not perform MIME-sniffing at all, or that can be directed by the web application/web server to not perform MIME-sniffing.","alert":"X-Content-Type-Options Header Missing","param":"X-Content-Type-Options","attack":"","name":"X-Content-Type-Options Header Missing","risk":"Low","id":"27","alertRef":"10021"},{"sourceid":"3","other":"The following pattern was used: \\bSELECT\\b and was detected in the element starting with: \"(window.webpackJsonp_N_E=window.webpackJsonp_N_E||[]).push([[2],{\"+wdc\":function(e,t,n){\"use strict\";var r,l,i,a,o;if(\"undefined\", see evidence field for the suspicious comment/snippet.","method":"GET","evidence":"select","pluginId":"10027","cweid":"200","confidence":"Low","wascid":"13","description":"The response appears to contain suspicious comments which may help an attacker. Note: Matches made within script blocks or files are against the entire content not only comments.","messageId":"15","url":"https://todoist.com/_next/static/chunks/framework.dc73b2df61134dea1baf.js","reference":"","solution":"Remove all comments that return information that may help an attacker and fix any underlying problems they refer to.","alert":"Information Disclosure - Suspicious Comments","param":"","attack":"","name":"Information Disclosure - Suspicious Comments","risk":"Informational","id":"28","alertRef":"10027"},{"sourceid":"3","other":"1073741823, which evaluates to: 2004-01-10 08:37:03","method":"GET","evidence":"1073741823","pluginId":"10096","cweid":"200","confidence":"Low","wascid":"13","description":"A timestamp was disclosed by the application/web server - Unix","messageId":"15","url":"https://todoist.com/_next/static/chunks/framework.dc73b2df61134dea1baf.js","reference":"http://projects.webappsec.org/w/page/13246936/Information%20Leakage","solution":"Manually confirm that the timestamp data is not sensitive, and that the data cannot be aggregated to disclose exploitable patterns.","alert":"Timestamp Disclosure - Unix","param":"","attack":"","name":"Timestamp Disclosure - Unix","risk":"Informational","id":"29","alertRef":"10096"},{"sourceid":"3","other":"1073741821, which evaluates to: 2004-01-10 08:37:01","method":"GET","evidence":"1073741821","pluginId":"10096","cweid":"200","confidence":"Low","wascid":"13","description":"A timestamp was disclosed by the application/web server - Unix","messageId":"15","url":"https://todoist.com/_next/static/chunks/framework.dc73b2df61134dea1baf.js","reference":"http://projects.webappsec.org/w/page/13246936/Information%20Leakage","solution":"Manually confirm that the timestamp data is not sensitive, and that the data cannot be aggregated to disclose exploitable patterns.","alert":"Timestamp Disclosure - Unix","param":"","attack":"","name":"Timestamp Disclosure - Unix","risk":"Informational","id":"30","alertRef":"10096"},{"sourceid":"3","other":"1073741822, which evaluates to: 2004-01-10 08:37:02","method":"GET","evidence":"1073741822","pluginId":"10096","cweid":"200","confidence":"Low","wascid":"13","description":"A timestamp was disclosed by the application/web server - Unix","messageId":"15","url":"https://todoist.com/_next/static/chunks/framework.dc73b2df61134dea1baf.js","reference":"http://projects.webappsec.org/w/page/13246936/Information%20Leakage","solution":"Manually confirm that the timestamp data is not sensitive, and that the data cannot be aggregated to disclose exploitable patterns.","alert":"Timestamp Disclosure - Unix","param":"","attack":"","name":"Timestamp Disclosure - Unix","risk":"Informational","id":"42","alertRef":"10096"},{"sourceid":"3","other":"This issue still applies to error type pages (401, 403, 500, etc.) as those pages are often still affected by injection issues, in which case there is still concern for browsers sniffing pages away from their actual content type.\nAt \"High\" threshold this scan rule will not alert on client or server error responses.","method":"GET","evidence":"","pluginId":"10021","cweid":"16","confidence":"Medium","wascid":"15","description":"The Anti-MIME-Sniffing header X-Content-Type-Options was not set to 'nosniff'. This allows older versions of Internet Explorer and Chrome to perform MIME-sniffing on the response body, potentially causing the response body to be interpreted and displayed as a content type other than the declared content type. Current (early 2014) and legacy versions of Firefox will use the declared content type (if one is set), rather than performing MIME-sniffing.","messageId":"15","url":"https://todoist.com/_next/static/chunks/framework.dc73b2df61134dea1baf.js","reference":"http://msdn.microsoft.com/en-us/library/ie/gg622941%28v=vs.85%29.aspx\nhttps://owasp.org/www-community/Security_Headers","solution":"Ensure that the application/web server sets the Content-Type header appropriately, and that it sets the X-Content-Type-Options header to 'nosniff' for all web pages.\nIf possible, ensure that the end user uses a standards-compliant and modern web browser that does not perform MIME-sniffing at all, or that can be directed by the web application/web server to not perform MIME-sniffing.","alert":"X-Content-Type-Options Header Missing","param":"X-Content-Type-Options","attack":"","name":"X-Content-Type-Options Header Missing","risk":"Low","id":"70","alertRef":"10021"},{"sourceid":"3","other":"The following pattern was used: \\bQUERY\\b and was detected in the element starting with: \"(window.webpackJsonp_N_E=window.webpackJsonp_N_E||[]).push([[0],{\"/GRZ\":function(e,t){e.exports=function(e,t){if(!(e instanceof \", see evidence field for the suspicious comment/snippet.","method":"GET","evidence":"query","pluginId":"10027","cweid":"200","confidence":"Low","wascid":"13","description":"The response appears to contain suspicious comments which may help an attacker. Note: Matches made within script blocks or files are against the entire content not only comments.","messageId":"16","url":"https://todoist.com/_next/static/chunks/commons.7f9eaa719ef400edb831.js","reference":"","solution":"Remove all comments that return information that may help an attacker and fix any underlying problems they refer to.","alert":"Information Disclosure - Suspicious Comments","param":"","attack":"","name":"Information Disclosure - Suspicious Comments","risk":"Informational","id":"71","alertRef":"10027"},{"sourceid":"3","other":"This issue still applies to error type pages (401, 403, 500, etc.) as those pages are often still affected by injection issues, in which case there is still concern for browsers sniffing pages away from their actual content type.\nAt \"High\" threshold this scan rule will not alert on client or server error responses.","method":"GET","evidence":"","pluginId":"10021","cweid":"16","confidence":"Medium","wascid":"15","description":"The Anti-MIME-Sniffing header X-Content-Type-Options was not set to 'nosniff'. This allows older versions of Internet Explorer and Chrome to perform MIME-sniffing on the response body, potentially causing the response body to be interpreted and displayed as a content type other than the declared content type. Current (early 2014) and legacy versions of Firefox will use the declared content type (if one is set), rather than performing MIME-sniffing.","messageId":"16","url":"https://todoist.com/_next/static/chunks/commons.7f9eaa719ef400edb831.js","reference":"http://msdn.microsoft.com/en-us/library/ie/gg622941%28v=vs.85%29.aspx\nhttps://owasp.org/www-community/Security_Headers","solution":"Ensure that the application/web server sets the Content-Type header appropriately, and that it sets the X-Content-Type-Options header to 'nosniff' for all web pages.\nIf possible, ensure that the end user uses a standards-compliant and modern web browser that does not perform MIME-sniffing at all, or that can be directed by the web application/web server to not perform MIME-sniffing.","alert":"X-Content-Type-Options Header Missing","param":"X-Content-Type-Options","attack":"","name":"X-Content-Type-Options Header Missing","risk":"Low","id":"72","alertRef":"10021"},{"sourceid":"3","other":"","method":"GET","evidence":"public, max-age=31536000, immutable","pluginId":"10015","cweid":"525","confidence":"Medium","wascid":"13","description":"The cache-control and pragma HTTP header have not been set properly or are missing allowing the browser and proxies to cache content.","messageId":"17","url":"https://todoist.com/_next/static/css/styles.0f6e09ec.chunk.css","reference":"https://cheatsheetseries.owasp.org/cheatsheets/Session_Management_Cheat_Sheet.html#web-content-caching","solution":"Whenever possible ensure the cache-control HTTP header is set with no-cache, no-store, must-revalidate; and that the pragma HTTP header is set with no-cache.","alert":"Incomplete or No Cache-control and Pragma HTTP Header Set","param":"Cache-Control","attack":"","name":"Incomplete or No Cache-control and Pragma HTTP Header Set","risk":"Low","id":"73","alertRef":"10015"},{"sourceid":"3","other":"This issue still applies to error type pages (401, 403, 500, etc.) as those pages are often still affected by injection issues, in which case there is still concern for browsers sniffing pages away from their actual content type.\nAt \"High\" threshold this scan rule will not alert on client or server error responses.","method":"GET","evidence":"","pluginId":"10021","cweid":"16","confidence":"Medium","wascid":"15","description":"The Anti-MIME-Sniffing header X-Content-Type-Options was not set to 'nosniff'. This allows older versions of Internet Explorer and Chrome to perform MIME-sniffing on the response body, potentially causing the response body to be interpreted and displayed as a content type other than the declared content type. Current (early 2014) and legacy versions of Firefox will use the declared content type (if one is set), rather than performing MIME-sniffing.","messageId":"17","url":"https://todoist.com/_next/static/css/styles.0f6e09ec.chunk.css","reference":"http://msdn.microsoft.com/en-us/library/ie/gg622941%28v=vs.85%29.aspx\nhttps://owasp.org/www-community/Security_Headers","solution":"Ensure that the application/web server sets the Content-Type header appropriately, and that it sets the X-Content-Type-Options header to 'nosniff' for all web pages.\nIf possible, ensure that the end user uses a standards-compliant and modern web browser that does not perform MIME-sniffing at all, or that can be directed by the web application/web server to not perform MIME-sniffing.","alert":"X-Content-Type-Options Header Missing","param":"X-Content-Type-Options","attack":"","name":"X-Content-Type-Options Header Missing","risk":"Low","id":"74","alertRef":"10021"},{"sourceid":"3","other":"The following pattern was used: \\bUSER\\b and was detected in the element starting with: \"(window.webpackJsonp_N_E=window.webpackJsonp_N_E||[]).push([[5],{\"2SVd\":function(e,t,n){\"use strict\";e.exports=function(e){retur\", see evidence field for the suspicious comment/snippet.","method":"GET","evidence":"user","pluginId":"10027","cweid":"200","confidence":"Low","wascid":"13","description":"The response appears to contain suspicious comments which may help an attacker. Note: Matches made within script blocks or files are against the entire content not only comments.","messageId":"18","url":"https://todoist.com/_next/static/chunks/98618d58f2d1dd3f4c8f42b4970db65e004fbfe5.6c003068d2db4fbc855f.js","reference":"","solution":"Remove all comments that return information that may help an attacker and fix any underlying problems they refer to.","alert":"Information Disclosure - Suspicious Comments","param":"","attack":"","name":"Information Disclosure - Suspicious Comments","risk":"Informational","id":"75","alertRef":"10027"},{"sourceid":"3","other":"This issue still applies to error type pages (401, 403, 500, etc.) as those pages are often still affected by injection issues, in which case there is still concern for browsers sniffing pages away from their actual content type.\nAt \"High\" threshold this scan rule will not alert on client or server error responses.","method":"GET","evidence":"","pluginId":"10021","cweid":"16","confidence":"Medium","wascid":"15","description":"The Anti-MIME-Sniffing header X-Content-Type-Options was not set to 'nosniff'. This allows older versions of Internet Explorer and Chrome to perform MIME-sniffing on the response body, potentially causing the response body to be interpreted and displayed as a content type other than the declared content type. Current (early 2014) and legacy versions of Firefox will use the declared content type (if one is set), rather than performing MIME-sniffing.","messageId":"18","url":"https://todoist.com/_next/static/chunks/98618d58f2d1dd3f4c8f42b4970db65e004fbfe5.6c003068d2db4fbc855f.js","reference":"http://msdn.microsoft.com/en-us/library/ie/gg622941%28v=vs.85%29.aspx\nhttps://owasp.org/www-community/Security_Headers","solution":"Ensure that the application/web server sets the Content-Type header appropriately, and that it sets the X-Content-Type-Options header to 'nosniff' for all web pages.\nIf possible, ensure that the end user uses a standards-compliant and modern web browser that does not perform MIME-sniffing at all, or that can be directed by the web application/web server to not perform MIME-sniffing.","alert":"X-Content-Type-Options Header Missing","param":"X-Content-Type-Options","attack":"","name":"X-Content-Type-Options Header Missing","risk":"Low","id":"76","alertRef":"10021"},{"sourceid":"3","other":"The following pattern was used: \\bSELECT\\b and was detected in the element starting with: \"(window.webpackJsonp_N_E=window.webpackJsonp_N_E||[]).push([[3],{\"+ipW\":function(e,t,r){\"use strict\";r.d(t,\"a\",(function(){retur\", see evidence field for the suspicious comment/snippet.","method":"GET","evidence":"SELECT","pluginId":"10027","cweid":"200","confidence":"Low","wascid":"13","description":"The response appears to contain suspicious comments which may help an attacker. Note: Matches made within script blocks or files are against the entire content not only comments.","messageId":"19","url":"https://todoist.com/_next/static/chunks/0e8f85b20ed9ab0a6102c8b8298bac1d6cb4c89b.0fe8d2aa3a66f036f1d2.js","reference":"","solution":"Remove all comments that return information that may help an attacker and fix any underlying problems they refer to.","alert":"Information Disclosure - Suspicious Comments","param":"","attack":"","name":"Information Disclosure - Suspicious Comments","risk":"Informational","id":"77","alertRef":"10027"},{"sourceid":"3","other":"268435455, which evaluates to: 1978-07-04 16:24:15","method":"GET","evidence":"268435455","pluginId":"10096","cweid":"200","confidence":"Low","wascid":"13","description":"A timestamp was disclosed by the application/web server - Unix","messageId":"19","url":"https://todoist.com/_next/static/chunks/0e8f85b20ed9ab0a6102c8b8298bac1d6cb4c89b.0fe8d2aa3a66f036f1d2.js","reference":"http://projects.webappsec.org/w/page/13246936/Information%20Leakage","solution":"Manually confirm that the timestamp data is not sensitive, and that the data cannot be aggregated to disclose exploitable patterns.","alert":"Timestamp Disclosure - Unix","param":"","attack":"","name":"Timestamp Disclosure - Unix","risk":"Informational","id":"78","alertRef":"10096"},{"sourceid":"3","other":"1732584193, which evaluates to: 2024-11-25 20:23:13","method":"GET","evidence":"1732584193","pluginId":"10096","cweid":"200","confidence":"Low","wascid":"13","description":"A timestamp was disclosed by the application/web server - Unix","messageId":"19","url":"https://todoist.com/_next/static/chunks/0e8f85b20ed9ab0a6102c8b8298bac1d6cb4c89b.0fe8d2aa3a66f036f1d2.js","reference":"http://projects.webappsec.org/w/page/13246936/Information%20Leakage","solution":"Manually confirm that the timestamp data is not sensitive, and that the data cannot be aggregated to disclose exploitable patterns.","alert":"Timestamp Disclosure - Unix","param":"","attack":"","name":"Timestamp Disclosure - Unix","risk":"Informational","id":"80","alertRef":"10096"},{"sourceid":"3","other":"271733879, which evaluates to: 1978-08-11 20:37:59","method":"GET","evidence":"271733879","pluginId":"10096","cweid":"200","confidence":"Low","wascid":"13","description":"A timestamp was disclosed by the application/web server - Unix","messageId":"19","url":"https://todoist.com/_next/static/chunks/0e8f85b20ed9ab0a6102c8b8298bac1d6cb4c89b.0fe8d2aa3a66f036f1d2.js","reference":"http://projects.webappsec.org/w/page/13246936/Information%20Leakage","solution":"Manually confirm that the timestamp data is not sensitive, and that the data cannot be aggregated to disclose exploitable patterns.","alert":"Timestamp Disclosure - Unix","param":"","attack":"","name":"Timestamp Disclosure - Unix","risk":"Informational","id":"81","alertRef":"10096"},{"sourceid":"3","other":"1732584194, which evaluates to: 2024-11-25 20:23:14","method":"GET","evidence":"1732584194","pluginId":"10096","cweid":"200","confidence":"Low","wascid":"13","description":"A timestamp was disclosed by the application/web server - Unix","messageId":"19","url":"https://todoist.com/_next/static/chunks/0e8f85b20ed9ab0a6102c8b8298bac1d6cb4c89b.0fe8d2aa3a66f036f1d2.js","reference":"http://projects.webappsec.org/w/page/13246936/Information%20Leakage","solution":"Manually confirm that the timestamp data is not sensitive, and that the data cannot be aggregated to disclose exploitable patterns.","alert":"Timestamp Disclosure - Unix","param":"","attack":"","name":"Timestamp Disclosure - Unix","risk":"Informational","id":"82","alertRef":"10096"},{"sourceid":"3","other":"271733878, which evaluates to: 1978-08-11 20:37:58","method":"GET","evidence":"271733878","pluginId":"10096","cweid":"200","confidence":"Low","wascid":"13","description":"A timestamp was disclosed by the application/web server - Unix","messageId":"19","url":"https://todoist.com/_next/static/chunks/0e8f85b20ed9ab0a6102c8b8298bac1d6cb4c89b.0fe8d2aa3a66f036f1d2.js","reference":"http://projects.webappsec.org/w/page/13246936/Information%20Leakage","solution":"Manually confirm that the timestamp data is not sensitive, and that the data cannot be aggregated to disclose exploitable patterns.","alert":"Timestamp Disclosure - Unix","param":"","attack":"","name":"Timestamp Disclosure - Unix","risk":"Informational","id":"83","alertRef":"10096"},{"sourceid":"3","other":"680876936, which evaluates to: 1991-07-30 07:28:56","method":"GET","evidence":"680876936","pluginId":"10096","cweid":"200","confidence":"Low","wascid":"13","description":"A timestamp was disclosed by the application/web server - Unix","messageId":"19","url":"https://todoist.com/_next/static/chunks/0e8f85b20ed9ab0a6102c8b8298bac1d6cb4c89b.0fe8d2aa3a66f036f1d2.js","reference":"http://projects.webappsec.org/w/page/13246936/Information%20Leakage","solution":"Manually confirm that the timestamp data is not sensitive, and that the data cannot be aggregated to disclose exploitable patterns.","alert":"Timestamp Disclosure - Unix","param":"","attack":"","name":"Timestamp Disclosure - Unix","risk":"Informational","id":"84","alertRef":"10096"},{"sourceid":"3","other":"389564586, which evaluates to: 1982-05-06 15:23:06","method":"GET","evidence":"389564586","pluginId":"10096","cweid":"200","confidence":"Low","wascid":"13","description":"A timestamp was disclosed by the application/web server - Unix","messageId":"19","url":"https://todoist.com/_next/static/chunks/0e8f85b20ed9ab0a6102c8b8298bac1d6cb4c89b.0fe8d2aa3a66f036f1d2.js","reference":"http://projects.webappsec.org/w/page/13246936/Information%20Leakage","solution":"Manually confirm that the timestamp data is not sensitive, and that the data cannot be aggregated to disclose exploitable patterns.","alert":"Timestamp Disclosure - Unix","param":"","attack":"","name":"Timestamp Disclosure - Unix","risk":"Informational","id":"85","alertRef":"10096"},{"sourceid":"3","other":"606105819, which evaluates to: 1989-03-16 21:43:39","method":"GET","evidence":"606105819","pluginId":"10096","cweid":"200","confidence":"Low","wascid":"13","description":"A timestamp was disclosed by the application/web server - Unix","messageId":"19","url":"https://todoist.com/_next/static/chunks/0e8f85b20ed9ab0a6102c8b8298bac1d6cb4c89b.0fe8d2aa3a66f036f1d2.js","reference":"http://projects.webappsec.org/w/page/13246936/Information%20Leakage","solution":"Manually confirm that the timestamp data is not sensitive, and that the data cannot be aggregated to disclose exploitable patterns.","alert":"Timestamp Disclosure - Unix","param":"","attack":"","name":"Timestamp Disclosure - Unix","risk":"Informational","id":"86","alertRef":"10096"},{"sourceid":"3","other":"1044525330, which evaluates to: 2003-02-06 04:55:30","method":"GET","evidence":"1044525330","pluginId":"10096","cweid":"200","confidence":"Low","wascid":"13","description":"A timestamp was disclosed by the application/web server - Unix","messageId":"19","url":"https://todoist.com/_next/static/chunks/0e8f85b20ed9ab0a6102c8b8298bac1d6cb4c89b.0fe8d2aa3a66f036f1d2.js","reference":"http://projects.webappsec.org/w/page/13246936/Information%20Leakage","solution":"Manually confirm that the timestamp data is not sensitive, and that the data cannot be aggregated to disclose exploitable patterns.","alert":"Timestamp Disclosure - Unix","param":"","attack":"","name":"Timestamp Disclosure - Unix","risk":"Informational","id":"87","alertRef":"10096"},{"sourceid":"3","other":"176418897, which evaluates to: 1975-08-04 16:14:57","method":"GET","evidence":"176418897","pluginId":"10096","cweid":"200","confidence":"Low","wascid":"13","description":"A timestamp was disclosed by the application/web server - Unix","messageId":"19","url":"https://todoist.com/_next/static/chunks/0e8f85b20ed9ab0a6102c8b8298bac1d6cb4c89b.0fe8d2aa3a66f036f1d2.js","reference":"http://projects.webappsec.org/w/page/13246936/Information%20Leakage","solution":"Manually confirm that the timestamp data is not sensitive, and that the data cannot be aggregated to disclose exploitable patterns.","alert":"Timestamp Disclosure - Unix","param":"","attack":"","name":"Timestamp Disclosure - Unix","risk":"Informational","id":"88","alertRef":"10096"},{"sourceid":"3","other":"1200080426, which evaluates to: 2008-01-11 14:40:26","method":"GET","evidence":"1200080426","pluginId":"10096","cweid":"200","confidence":"Low","wascid":"13","description":"A timestamp was disclosed by the application/web server - Unix","messageId":"19","url":"https://todoist.com/_next/static/chunks/0e8f85b20ed9ab0a6102c8b8298bac1d6cb4c89b.0fe8d2aa3a66f036f1d2.js","reference":"http://projects.webappsec.org/w/page/13246936/Information%20Leakage","solution":"Manually confirm that the timestamp data is not sensitive, and that the data cannot be aggregated to disclose exploitable patterns.","alert":"Timestamp Disclosure - Unix","param":"","attack":"","name":"Timestamp Disclosure - Unix","risk":"Informational","id":"89","alertRef":"10096"},{"sourceid":"3","other":"1473231341, which evaluates to: 2016-09-07 01:55:41","method":"GET","evidence":"1473231341","pluginId":"10096","cweid":"200","confidence":"Low","wascid":"13","description":"A timestamp was disclosed by the application/web server - Unix","messageId":"19","url":"https://todoist.com/_next/static/chunks/0e8f85b20ed9ab0a6102c8b8298bac1d6cb4c89b.0fe8d2aa3a66f036f1d2.js","reference":"http://projects.webappsec.org/w/page/13246936/Information%20Leakage","solution":"Manually confirm that the timestamp data is not sensitive, and that the data cannot be aggregated to disclose exploitable patterns.","alert":"Timestamp Disclosure - Unix","param":"","attack":"","name":"Timestamp Disclosure - Unix","risk":"Informational","id":"90","alertRef":"10096"},{"sourceid":"3","other":"45705983, which evaluates to: 1971-06-13 19:06:23","method":"GET","evidence":"45705983","pluginId":"10096","cweid":"200","confidence":"Low","wascid":"13","description":"A timestamp was disclosed by the application/web server - Unix","messageId":"19","url":"https://todoist.com/_next/static/chunks/0e8f85b20ed9ab0a6102c8b8298bac1d6cb4c89b.0fe8d2aa3a66f036f1d2.js","reference":"http://projects.webappsec.org/w/page/13246936/Information%20Leakage","solution":"Manually confirm that the timestamp data is not sensitive, and that the data cannot be aggregated to disclose exploitable patterns.","alert":"Timestamp Disclosure - Unix","param":"","attack":"","name":"Timestamp Disclosure - Unix","risk":"Informational","id":"91","alertRef":"10096"},{"sourceid":"3","other":"1770035416, which evaluates to: 2026-02-02 07:30:16","method":"GET","evidence":"1770035416","pluginId":"10096","cweid":"200","confidence":"Low","wascid":"13","description":"A timestamp was disclosed by the application/web server - Unix","messageId":"19","url":"https://todoist.com/_next/static/chunks/0e8f85b20ed9ab0a6102c8b8298bac1d6cb4c89b.0fe8d2aa3a66f036f1d2.js","reference":"http://projects.webappsec.org/w/page/13246936/Information%20Leakage","solution":"Manually confirm that the timestamp data is not sensitive, and that the data cannot be aggregated to disclose exploitable patterns.","alert":"Timestamp Disclosure - Unix","param":"","attack":"","name":"Timestamp Disclosure - Unix","risk":"Informational","id":"92","alertRef":"10096"},{"sourceid":"3","other":"1958414417, which evaluates to: 2032-01-22 15:00:17","method":"GET","evidence":"1958414417","pluginId":"10096","cweid":"200","confidence":"Low","wascid":"13","description":"A timestamp was disclosed by the application/web server - Unix","messageId":"19","url":"https://todoist.com/_next/static/chunks/0e8f85b20ed9ab0a6102c8b8298bac1d6cb4c89b.0fe8d2aa3a66f036f1d2.js","reference":"http://projects.webappsec.org/w/page/13246936/Information%20Leakage","solution":"Manually confirm that the timestamp data is not sensitive, and that the data cannot be aggregated to disclose exploitable patterns.","alert":"Timestamp Disclosure - Unix","param":"","attack":"","name":"Timestamp Disclosure - Unix","risk":"Informational","id":"93","alertRef":"10096"},{"sourceid":"3","other":"1990404162, which evaluates to: 2033-01-26 21:02:42","method":"GET","evidence":"1990404162","pluginId":"10096","cweid":"200","confidence":"Low","wascid":"13","description":"A timestamp was disclosed by the application/web server - Unix","messageId":"19","url":"https://todoist.com/_next/static/chunks/0e8f85b20ed9ab0a6102c8b8298bac1d6cb4c89b.0fe8d2aa3a66f036f1d2.js","reference":"http://projects.webappsec.org/w/page/13246936/Information%20Leakage","solution":"Manually confirm that the timestamp data is not sensitive, and that the data cannot be aggregated to disclose exploitable patterns.","alert":"Timestamp Disclosure - Unix","param":"","attack":"","name":"Timestamp Disclosure - Unix","risk":"Informational","id":"94","alertRef":"10096"},{"sourceid":"3","other":"1804603682, which evaluates to: 2027-03-09 09:48:02","method":"GET","evidence":"1804603682","pluginId":"10096","cweid":"200","confidence":"Low","wascid":"13","description":"A timestamp was disclosed by the application/web server - Unix","messageId":"19","url":"https://todoist.com/_next/static/chunks/0e8f85b20ed9ab0a6102c8b8298bac1d6cb4c89b.0fe8d2aa3a66f036f1d2.js","reference":"http://projects.webappsec.org/w/page/13246936/Information%20Leakage","solution":"Manually confirm that the timestamp data is not sensitive, and that the data cannot be aggregated to disclose exploitable patterns.","alert":"Timestamp Disclosure - Unix","param":"","attack":"","name":"Timestamp Disclosure - Unix","risk":"Informational","id":"95","alertRef":"10096"},{"sourceid":"3","other":"40341101, which evaluates to: 1971-04-12 16:51:41","method":"GET","evidence":"40341101","pluginId":"10096","cweid":"200","confidence":"Low","wascid":"13","description":"A timestamp was disclosed by the application/web server - Unix","messageId":"19","url":"https://todoist.com/_next/static/chunks/0e8f85b20ed9ab0a6102c8b8298bac1d6cb4c89b.0fe8d2aa3a66f036f1d2.js","reference":"http://projects.webappsec.org/w/page/13246936/Information%20Leakage","solution":"Manually confirm that the timestamp data is not sensitive, and that the data cannot be aggregated to disclose exploitable patterns.","alert":"Timestamp Disclosure - Unix","param":"","attack":"","name":"Timestamp Disclosure - Unix","risk":"Informational","id":"96","alertRef":"10096"},{"sourceid":"3","other":"1502002290, which evaluates to: 2017-08-06 01:51:30","method":"GET","evidence":"1502002290","pluginId":"10096","cweid":"200","confidence":"Low","wascid":"13","description":"A timestamp was disclosed by the application/web server - Unix","messageId":"19","url":"https://todoist.com/_next/static/chunks/0e8f85b20ed9ab0a6102c8b8298bac1d6cb4c89b.0fe8d2aa3a66f036f1d2.js","reference":"http://projects.webappsec.org/w/page/13246936/Information%20Leakage","solution":"Manually confirm that the timestamp data is not sensitive, and that the data cannot be aggregated to disclose exploitable patterns.","alert":"Timestamp Disclosure - Unix","param":"","attack":"","name":"Timestamp Disclosure - Unix","risk":"Informational","id":"97","alertRef":"10096"},{"sourceid":"3","other":"1236535329, which evaluates to: 2009-03-08 13:02:09","method":"GET","evidence":"1236535329","pluginId":"10096","cweid":"200","confidence":"Low","wascid":"13","description":"A timestamp was disclosed by the application/web server - Unix","messageId":"19","url":"https://todoist.com/_next/static/chunks/0e8f85b20ed9ab0a6102c8b8298bac1d6cb4c89b.0fe8d2aa3a66f036f1d2.js","reference":"http://projects.webappsec.org/w/page/13246936/Information%20Leakage","solution":"Manually confirm that the timestamp data is not sensitive, and that the data cannot be aggregated to disclose exploitable patterns.","alert":"Timestamp Disclosure - Unix","param":"","attack":"","name":"Timestamp Disclosure - Unix","risk":"Informational","id":"98","alertRef":"10096"},{"sourceid":"3","other":"165796510, which evaluates to: 1975-04-03 17:35:10","method":"GET","evidence":"165796510","pluginId":"10096","cweid":"200","confidence":"Low","wascid":"13","description":"A timestamp was disclosed by the application/web server - Unix","messageId":"19","url":"https://todoist.com/_next/static/chunks/0e8f85b20ed9ab0a6102c8b8298bac1d6cb4c89b.0fe8d2aa3a66f036f1d2.js","reference":"http://projects.webappsec.org/w/page/13246936/Information%20Leakage","solution":"Manually confirm that the timestamp data is not sensitive, and that the data cannot be aggregated to disclose exploitable patterns.","alert":"Timestamp Disclosure - Unix","param":"","attack":"","name":"Timestamp Disclosure - Unix","risk":"Informational","id":"99","alertRef":"10096"},{"sourceid":"3","other":"1069501632, which evaluates to: 2003-11-22 06:47:12","method":"GET","evidence":"1069501632","pluginId":"10096","cweid":"200","confidence":"Low","wascid":"13","description":"A timestamp was disclosed by the application/web server - Unix","messageId":"19","url":"https://todoist.com/_next/static/chunks/0e8f85b20ed9ab0a6102c8b8298bac1d6cb4c89b.0fe8d2aa3a66f036f1d2.js","reference":"http://projects.webappsec.org/w/page/13246936/Information%20Leakage","solution":"Manually confirm that the timestamp data is not sensitive, and that the data cannot be aggregated to disclose exploitable patterns.","alert":"Timestamp Disclosure - Unix","param":"","attack":"","name":"Timestamp Disclosure - Unix","risk":"Informational","id":"100","alertRef":"10096"},{"sourceid":"3","other":"643717713, which evaluates to: 1990-05-26 05:28:33","method":"GET","evidence":"643717713","pluginId":"10096","cweid":"200","confidence":"Low","wascid":"13","description":"A timestamp was disclosed by the application/web server - Unix","messageId":"19","url":"https://todoist.com/_next/static/chunks/0e8f85b20ed9ab0a6102c8b8298bac1d6cb4c89b.0fe8d2aa3a66f036f1d2.js","reference":"http://projects.webappsec.org/w/page/13246936/Information%20Leakage","solution":"Manually confirm that the timestamp data is not sensitive, and that the data cannot be aggregated to disclose exploitable patterns.","alert":"Timestamp Disclosure - Unix","param":"","attack":"","name":"Timestamp Disclosure - Unix","risk":"Informational","id":"101","alertRef":"10096"},{"sourceid":"3","other":"373897302, which evaluates to: 1981-11-06 07:21:42","method":"GET","evidence":"373897302","pluginId":"10096","cweid":"200","confidence":"Low","wascid":"13","description":"A timestamp was disclosed by the application/web server - Unix","messageId":"19","url":"https://todoist.com/_next/static/chunks/0e8f85b20ed9ab0a6102c8b8298bac1d6cb4c89b.0fe8d2aa3a66f036f1d2.js","reference":"http://projects.webappsec.org/w/page/13246936/Information%20Leakage","solution":"Manually confirm that the timestamp data is not sensitive, and that the data cannot be aggregated to disclose exploitable patterns.","alert":"Timestamp Disclosure - Unix","param":"","attack":"","name":"Timestamp Disclosure - Unix","risk":"Informational","id":"102","alertRef":"10096"},{"sourceid":"3","other":"701558691, which evaluates to: 1992-03-25 16:24:51","method":"GET","evidence":"701558691","pluginId":"10096","cweid":"200","confidence":"Low","wascid":"13","description":"A timestamp was disclosed by the application/web server - Unix","messageId":"19","url":"https://todoist.com/_next/static/chunks/0e8f85b20ed9ab0a6102c8b8298bac1d6cb4c89b.0fe8d2aa3a66f036f1d2.js","reference":"http://projects.webappsec.org/w/page/13246936/Information%20Leakage","solution":"Manually confirm that the timestamp data is not sensitive, and that the data cannot be aggregated to disclose exploitable patterns.","alert":"Timestamp Disclosure - Unix","param":"","attack":"","name":"Timestamp Disclosure - Unix","risk":"Informational","id":"103","alertRef":"10096"},{"sourceid":"3","other":"38016083, which evaluates to: 1971-03-16 19:01:23","method":"GET","evidence":"38016083","pluginId":"10096","cweid":"200","confidence":"Low","wascid":"13","description":"A timestamp was disclosed by the application/web server - Unix","messageId":"19","url":"https://todoist.com/_next/static/chunks/0e8f85b20ed9ab0a6102c8b8298bac1d6cb4c89b.0fe8d2aa3a66f036f1d2.js","reference":"http://projects.webappsec.org/w/page/13246936/Information%20Leakage","solution":"Manually confirm that the timestamp data is not sensitive, and that the data cannot be aggregated to disclose exploitable patterns.","alert":"Timestamp Disclosure - Unix","param":"","attack":"","name":"Timestamp Disclosure - Unix","risk":"Informational","id":"104","alertRef":"10096"},{"sourceid":"3","other":"660478335, which evaluates to: 1990-12-06 05:12:15","method":"GET","evidence":"660478335","pluginId":"10096","cweid":"200","confidence":"Low","wascid":"13","description":"A timestamp was disclosed by the application/web server - Unix","messageId":"19","url":"https://todoist.com/_next/static/chunks/0e8f85b20ed9ab0a6102c8b8298bac1d6cb4c89b.0fe8d2aa3a66f036f1d2.js","reference":"http://projects.webappsec.org/w/page/13246936/Information%20Leakage","solution":"Manually confirm that the timestamp data is not sensitive, and that the data cannot be aggregated to disclose exploitable patterns.","alert":"Timestamp Disclosure - Unix","param":"","attack":"","name":"Timestamp Disclosure - Unix","risk":"Informational","id":"105","alertRef":"10096"},{"sourceid":"3","other":"405537848, which evaluates to: 1982-11-07 12:24:08","method":"GET","evidence":"405537848","pluginId":"10096","cweid":"200","confidence":"Low","wascid":"13","description":"A timestamp was disclosed by the application/web server - Unix","messageId":"19","url":"https://todoist.com/_next/static/chunks/0e8f85b20ed9ab0a6102c8b8298bac1d6cb4c89b.0fe8d2aa3a66f036f1d2.js","reference":"http://projects.webappsec.org/w/page/13246936/Information%20Leakage","solution":"Manually confirm that the timestamp data is not sensitive, and that the data cannot be aggregated to disclose exploitable patterns.","alert":"Timestamp Disclosure - Unix","param":"","attack":"","name":"Timestamp Disclosure - Unix","risk":"Informational","id":"106","alertRef":"10096"},{"sourceid":"3","other":"568446438, which evaluates to: 1988-01-06 00:47:18","method":"GET","evidence":"568446438","pluginId":"10096","cweid":"200","confidence":"Low","wascid":"13","description":"A timestamp was disclosed by the application/web server - Unix","messageId":"19","url":"https://todoist.com/_next/static/chunks/0e8f85b20ed9ab0a6102c8b8298bac1d6cb4c89b.0fe8d2aa3a66f036f1d2.js","reference":"http://projects.webappsec.org/w/page/13246936/Information%20Leakage","solution":"Manually confirm that the timestamp data is not sensitive, and that the data cannot be aggregated to disclose exploitable patterns.","alert":"Timestamp Disclosure - Unix","param":"","attack":"","name":"Timestamp Disclosure - Unix","risk":"Informational","id":"107","alertRef":"10096"},{"sourceid":"3","other":"1019803690, which evaluates to: 2002-04-26 01:48:10","method":"GET","evidence":"1019803690","pluginId":"10096","cweid":"200","confidence":"Low","wascid":"13","description":"A timestamp was disclosed by the application/web server - Unix","messageId":"19","url":"https://todoist.com/_next/static/chunks/0e8f85b20ed9ab0a6102c8b8298bac1d6cb4c89b.0fe8d2aa3a66f036f1d2.js","reference":"http://projects.webappsec.org/w/page/13246936/Information%20Leakage","solution":"Manually confirm that the timestamp data is not sensitive, and that the data cannot be aggregated to disclose exploitable patterns.","alert":"Timestamp Disclosure - Unix","param":"","attack":"","name":"Timestamp Disclosure - Unix","risk":"Informational","id":"108","alertRef":"10096"},{"sourceid":"3","other":"187363961, which evaluates to: 1975-12-09 08:32:41","method":"GET","evidence":"187363961","pluginId":"10096","cweid":"200","confidence":"Low","wascid":"13","description":"A timestamp was disclosed by the application/web server - Unix","messageId":"19","url":"https://todoist.com/_next/static/chunks/0e8f85b20ed9ab0a6102c8b8298bac1d6cb4c89b.0fe8d2aa3a66f036f1d2.js","reference":"http://projects.webappsec.org/w/page/13246936/Information%20Leakage","solution":"Manually confirm that the timestamp data is not sensitive, and that the data cannot be aggregated to disclose exploitable patterns.","alert":"Timestamp Disclosure - Unix","param":"","attack":"","name":"Timestamp Disclosure - Unix","risk":"Informational","id":"109","alertRef":"10096"},{"sourceid":"3","other":"1163531501, which evaluates to: 2006-11-14 14:11:41","method":"GET","evidence":"1163531501","pluginId":"10096","cweid":"200","confidence":"Low","wascid":"13","description":"A timestamp was disclosed by the application/web server - Unix","messageId":"19","url":"https://todoist.com/_next/static/chunks/0e8f85b20ed9ab0a6102c8b8298bac1d6cb4c89b.0fe8d2aa3a66f036f1d2.js","reference":"http://projects.webappsec.org/w/page/13246936/Information%20Leakage","solution":"Manually confirm that the timestamp data is not sensitive, and that the data cannot be aggregated to disclose exploitable patterns.","alert":"Timestamp Disclosure - Unix","param":"","attack":"","name":"Timestamp Disclosure - Unix","risk":"Informational","id":"110","alertRef":"10096"},{"sourceid":"3","other":"1444681467, which evaluates to: 2015-10-12 15:24:27","method":"GET","evidence":"1444681467","pluginId":"10096","cweid":"200","confidence":"Low","wascid":"13","description":"A timestamp was disclosed by the application/web server - Unix","messageId":"19","url":"https://todoist.com/_next/static/chunks/0e8f85b20ed9ab0a6102c8b8298bac1d6cb4c89b.0fe8d2aa3a66f036f1d2.js","reference":"http://projects.webappsec.org/w/page/13246936/Information%20Leakage","solution":"Manually confirm that the timestamp data is not sensitive, and that the data cannot be aggregated to disclose exploitable patterns.","alert":"Timestamp Disclosure - Unix","param":"","attack":"","name":"Timestamp Disclosure - Unix","risk":"Informational","id":"111","alertRef":"10096"},{"sourceid":"3","other":"51403784, which evaluates to: 1971-08-18 17:49:44","method":"GET","evidence":"51403784","pluginId":"10096","cweid":"200","confidence":"Low","wascid":"13","description":"A timestamp was disclosed by the application/web server - Unix","messageId":"19","url":"https://todoist.com/_next/static/chunks/0e8f85b20ed9ab0a6102c8b8298bac1d6cb4c89b.0fe8d2aa3a66f036f1d2.js","reference":"http://projects.webappsec.org/w/page/13246936/Information%20Leakage","solution":"Manually confirm that the timestamp data is not sensitive, and that the data cannot be aggregated to disclose exploitable patterns.","alert":"Timestamp Disclosure - Unix","param":"","attack":"","name":"Timestamp Disclosure - Unix","risk":"Informational","id":"112","alertRef":"10096"},{"sourceid":"3","other":"1735328473, which evaluates to: 2024-12-27 14:41:13","method":"GET","evidence":"1735328473","pluginId":"10096","cweid":"200","confidence":"Low","wascid":"13","description":"A timestamp was disclosed by the application/web server - Unix","messageId":"19","url":"https://todoist.com/_next/static/chunks/0e8f85b20ed9ab0a6102c8b8298bac1d6cb4c89b.0fe8d2aa3a66f036f1d2.js","reference":"http://projects.webappsec.org/w/page/13246936/Information%20Leakage","solution":"Manually confirm that the timestamp data is not sensitive, and that the data cannot be aggregated to disclose exploitable patterns.","alert":"Timestamp Disclosure - Unix","param":"","attack":"","name":"Timestamp Disclosure - Unix","risk":"Informational","id":"113","alertRef":"10096"},{"sourceid":"3","other":"1926607734, which evaluates to: 2031-01-19 11:48:54","method":"GET","evidence":"1926607734","pluginId":"10096","cweid":"200","confidence":"Low","wascid":"13","description":"A timestamp was disclosed by the application/web server - Unix","messageId":"19","url":"https://todoist.com/_next/static/chunks/0e8f85b20ed9ab0a6102c8b8298bac1d6cb4c89b.0fe8d2aa3a66f036f1d2.js","reference":"http://projects.webappsec.org/w/page/13246936/Information%20Leakage","solution":"Manually confirm that the timestamp data is not sensitive, and that the data cannot be aggregated to disclose exploitable patterns.","alert":"Timestamp Disclosure - Unix","param":"","attack":"","name":"Timestamp Disclosure - Unix","risk":"Informational","id":"114","alertRef":"10096"},{"sourceid":"3","other":"2022574463, which evaluates to: 2034-02-03 05:14:23","method":"GET","evidence":"2022574463","pluginId":"10096","cweid":"200","confidence":"Low","wascid":"13","description":"A timestamp was disclosed by the application/web server - Unix","messageId":"19","url":"https://todoist.com/_next/static/chunks/0e8f85b20ed9ab0a6102c8b8298bac1d6cb4c89b.0fe8d2aa3a66f036f1d2.js","reference":"http://projects.webappsec.org/w/page/13246936/Information%20Leakage","solution":"Manually confirm that the timestamp data is not sensitive, and that the data cannot be aggregated to disclose exploitable patterns.","alert":"Timestamp Disclosure - Unix","param":"","attack":"","name":"Timestamp Disclosure - Unix","risk":"Informational","id":"115","alertRef":"10096"},{"sourceid":"3","other":"1839030562, which evaluates to: 2028-04-10 20:49:22","method":"GET","evidence":"1839030562","pluginId":"10096","cweid":"200","confidence":"Low","wascid":"13","description":"A timestamp was disclosed by the application/web server - Unix","messageId":"19","url":"https://todoist.com/_next/static/chunks/0e8f85b20ed9ab0a6102c8b8298bac1d6cb4c89b.0fe8d2aa3a66f036f1d2.js","reference":"http://projects.webappsec.org/w/page/13246936/Information%20Leakage","solution":"Manually confirm that the timestamp data is not sensitive, and that the data cannot be aggregated to disclose exploitable patterns.","alert":"Timestamp Disclosure - Unix","param":"","attack":"","name":"Timestamp Disclosure - Unix","risk":"Informational","id":"116","alertRef":"10096"},{"sourceid":"3","other":"35309556, which evaluates to: 1971-02-13 11:12:36","method":"GET","evidence":"35309556","pluginId":"10096","cweid":"200","confidence":"Low","wascid":"13","description":"A timestamp was disclosed by the application/web server - Unix","messageId":"19","url":"https://todoist.com/_next/static/chunks/0e8f85b20ed9ab0a6102c8b8298bac1d6cb4c89b.0fe8d2aa3a66f036f1d2.js","reference":"http://projects.webappsec.org/w/page/13246936/Information%20Leakage","solution":"Manually confirm that the timestamp data is not sensitive, and that the data cannot be aggregated to disclose exploitable patterns.","alert":"Timestamp Disclosure - Unix","param":"","attack":"","name":"Timestamp Disclosure - Unix","risk":"Informational","id":"117","alertRef":"10096"},{"sourceid":"3","other":"1530992060, which evaluates to: 2018-07-07 14:34:20","method":"GET","evidence":"1530992060","pluginId":"10096","cweid":"200","confidence":"Low","wascid":"13","description":"A timestamp was disclosed by the application/web server - Unix","messageId":"19","url":"https://todoist.com/_next/static/chunks/0e8f85b20ed9ab0a6102c8b8298bac1d6cb4c89b.0fe8d2aa3a66f036f1d2.js","reference":"http://projects.webappsec.org/w/page/13246936/Information%20Leakage","solution":"Manually confirm that the timestamp data is not sensitive, and that the data cannot be aggregated to disclose exploitable patterns.","alert":"Timestamp Disclosure - Unix","param":"","attack":"","name":"Timestamp Disclosure - Unix","risk":"Informational","id":"118","alertRef":"10096"},{"sourceid":"3","other":"1272893353, which evaluates to: 2010-05-03 08:29:13","method":"GET","evidence":"1272893353","pluginId":"10096","cweid":"200","confidence":"Low","wascid":"13","description":"A timestamp was disclosed by the application/web server - Unix","messageId":"19","url":"https://todoist.com/_next/static/chunks/0e8f85b20ed9ab0a6102c8b8298bac1d6cb4c89b.0fe8d2aa3a66f036f1d2.js","reference":"http://projects.webappsec.org/w/page/13246936/Information%20Leakage","solution":"Manually confirm that the timestamp data is not sensitive, and that the data cannot be aggregated to disclose exploitable patterns.","alert":"Timestamp Disclosure - Unix","param":"","attack":"","name":"Timestamp Disclosure - Unix","risk":"Informational","id":"119","alertRef":"10096"},{"sourceid":"3","other":"155497632, which evaluates to: 1974-12-05 12:47:12","method":"GET","evidence":"155497632","pluginId":"10096","cweid":"200","confidence":"Low","wascid":"13","description":"A timestamp was disclosed by the application/web server - Unix","messageId":"19","url":"https://todoist.com/_next/static/chunks/0e8f85b20ed9ab0a6102c8b8298bac1d6cb4c89b.0fe8d2aa3a66f036f1d2.js","reference":"http://projects.webappsec.org/w/page/13246936/Information%20Leakage","solution":"Manually confirm that the timestamp data is not sensitive, and that the data cannot be aggregated to disclose exploitable patterns.","alert":"Timestamp Disclosure - Unix","param":"","attack":"","name":"Timestamp Disclosure - Unix","risk":"Informational","id":"120","alertRef":"10096"},{"sourceid":"3","other":"1094730640, which evaluates to: 2004-09-09 06:50:40","method":"GET","evidence":"1094730640","pluginId":"10096","cweid":"200","confidence":"Low","wascid":"13","description":"A timestamp was disclosed by the application/web server - Unix","messageId":"19","url":"https://todoist.com/_next/static/chunks/0e8f85b20ed9ab0a6102c8b8298bac1d6cb4c89b.0fe8d2aa3a66f036f1d2.js","reference":"http://projects.webappsec.org/w/page/13246936/Information%20Leakage","solution":"Manually confirm that the timestamp data is not sensitive, and that the data cannot be aggregated to disclose exploitable patterns.","alert":"Timestamp Disclosure - Unix","param":"","attack":"","name":"Timestamp Disclosure - Unix","risk":"Informational","id":"121","alertRef":"10096"},{"sourceid":"3","other":"681279174, which evaluates to: 1991-08-03 23:12:54","method":"GET","evidence":"681279174","pluginId":"10096","cweid":"200","confidence":"Low","wascid":"13","description":"A timestamp was disclosed by the application/web server - Unix","messageId":"19","url":"https://todoist.com/_next/static/chunks/0e8f85b20ed9ab0a6102c8b8298bac1d6cb4c89b.0fe8d2aa3a66f036f1d2.js","reference":"http://projects.webappsec.org/w/page/13246936/Information%20Leakage","solution":"Manually confirm that the timestamp data is not sensitive, and that the data cannot be aggregated to disclose exploitable patterns.","alert":"Timestamp Disclosure - Unix","param":"","attack":"","name":"Timestamp Disclosure - Unix","risk":"Informational","id":"122","alertRef":"10096"},{"sourceid":"3","other":"358537222, which evaluates to: 1981-05-12 12:40:22","method":"GET","evidence":"358537222","pluginId":"10096","cweid":"200","confidence":"Low","wascid":"13","description":"A timestamp was disclosed by the application/web server - Unix","messageId":"19","url":"https://todoist.com/_next/static/chunks/0e8f85b20ed9ab0a6102c8b8298bac1d6cb4c89b.0fe8d2aa3a66f036f1d2.js","reference":"http://projects.webappsec.org/w/page/13246936/Information%20Leakage","solution":"Manually confirm that the timestamp data is not sensitive, and that the data cannot be aggregated to disclose exploitable patterns.","alert":"Timestamp Disclosure - Unix","param":"","attack":"","name":"Timestamp Disclosure - Unix","risk":"Informational","id":"123","alertRef":"10096"},{"sourceid":"3","other":"722521979, which evaluates to: 1992-11-23 08:32:59","method":"GET","evidence":"722521979","pluginId":"10096","cweid":"200","confidence":"Low","wascid":"13","description":"A timestamp was disclosed by the application/web server - Unix","messageId":"19","url":"https://todoist.com/_next/static/chunks/0e8f85b20ed9ab0a6102c8b8298bac1d6cb4c89b.0fe8d2aa3a66f036f1d2.js","reference":"http://projects.webappsec.org/w/page/13246936/Information%20Leakage","solution":"Manually confirm that the timestamp data is not sensitive, and that the data cannot be aggregated to disclose exploitable patterns.","alert":"Timestamp Disclosure - Unix","param":"","attack":"","name":"Timestamp Disclosure - Unix","risk":"Informational","id":"124","alertRef":"10096"},{"sourceid":"3","other":"76029189, which evaluates to: 1972-05-29 18:13:09","method":"GET","evidence":"76029189","pluginId":"10096","cweid":"200","confidence":"Low","wascid":"13","description":"A timestamp was disclosed by the application/web server - Unix","messageId":"19","url":"https://todoist.com/_next/static/chunks/0e8f85b20ed9ab0a6102c8b8298bac1d6cb4c89b.0fe8d2aa3a66f036f1d2.js","reference":"http://projects.webappsec.org/w/page/13246936/Information%20Leakage","solution":"Manually confirm that the timestamp data is not sensitive, and that the data cannot be aggregated to disclose exploitable patterns.","alert":"Timestamp Disclosure - Unix","param":"","attack":"","name":"Timestamp Disclosure - Unix","risk":"Informational","id":"125","alertRef":"10096"},{"sourceid":"3","other":"640364487, which evaluates to: 1990-04-17 10:01:27","method":"GET","evidence":"640364487","pluginId":"10096","cweid":"200","confidence":"Low","wascid":"13","description":"A timestamp was disclosed by the application/web server - Unix","messageId":"19","url":"https://todoist.com/_next/static/chunks/0e8f85b20ed9ab0a6102c8b8298bac1d6cb4c89b.0fe8d2aa3a66f036f1d2.js","reference":"http://projects.webappsec.org/w/page/13246936/Information%20Leakage","solution":"Manually confirm that the timestamp data is not sensitive, and that the data cannot be aggregated to disclose exploitable patterns.","alert":"Timestamp Disclosure - Unix","param":"","attack":"","name":"Timestamp Disclosure - Unix","risk":"Informational","id":"126","alertRef":"10096"},{"sourceid":"3","other":"421815835, which evaluates to: 1983-05-14 22:03:55","method":"GET","evidence":"421815835","pluginId":"10096","cweid":"200","confidence":"Low","wascid":"13","description":"A timestamp was disclosed by the application/web server - Unix","messageId":"19","url":"https://todoist.com/_next/static/chunks/0e8f85b20ed9ab0a6102c8b8298bac1d6cb4c89b.0fe8d2aa3a66f036f1d2.js","reference":"http://projects.webappsec.org/w/page/13246936/Information%20Leakage","solution":"Manually confirm that the timestamp data is not sensitive, and that the data cannot be aggregated to disclose exploitable patterns.","alert":"Timestamp Disclosure - Unix","param":"","attack":"","name":"Timestamp Disclosure - Unix","risk":"Informational","id":"127","alertRef":"10096"},{"sourceid":"3","other":"530742520, which evaluates to: 1986-10-26 15:28:40","method":"GET","evidence":"530742520","pluginId":"10096","cweid":"200","confidence":"Low","wascid":"13","description":"A timestamp was disclosed by the application/web server - Unix","messageId":"19","url":"https://todoist.com/_next/static/chunks/0e8f85b20ed9ab0a6102c8b8298bac1d6cb4c89b.0fe8d2aa3a66f036f1d2.js","reference":"http://projects.webappsec.org/w/page/13246936/Information%20Leakage","solution":"Manually confirm that the timestamp data is not sensitive, and that the data cannot be aggregated to disclose exploitable patterns.","alert":"Timestamp Disclosure - Unix","param":"","attack":"","name":"Timestamp Disclosure - Unix","risk":"Informational","id":"128","alertRef":"10096"},{"sourceid":"3","other":"995338651, which evaluates to: 2001-07-16 21:57:31","method":"GET","evidence":"995338651","pluginId":"10096","cweid":"200","confidence":"Low","wascid":"13","description":"A timestamp was disclosed by the application/web server - Unix","messageId":"19","url":"https://todoist.com/_next/static/chunks/0e8f85b20ed9ab0a6102c8b8298bac1d6cb4c89b.0fe8d2aa3a66f036f1d2.js","reference":"http://projects.webappsec.org/w/page/13246936/Information%20Leakage","solution":"Manually confirm that the timestamp data is not sensitive, and that the data cannot be aggregated to disclose exploitable patterns.","alert":"Timestamp Disclosure - Unix","param":"","attack":"","name":"Timestamp Disclosure - Unix","risk":"Informational","id":"129","alertRef":"10096"},{"sourceid":"3","other":"198630844, which evaluates to: 1976-04-17 18:14:04","method":"GET","evidence":"198630844","pluginId":"10096","cweid":"200","confidence":"Low","wascid":"13","description":"A timestamp was disclosed by the application/web server - Unix","messageId":"19","url":"https://todoist.com/_next/static/chunks/0e8f85b20ed9ab0a6102c8b8298bac1d6cb4c89b.0fe8d2aa3a66f036f1d2.js","reference":"http://projects.webappsec.org/w/page/13246936/Information%20Leakage","solution":"Manually confirm that the timestamp data is not sensitive, and that the data cannot be aggregated to disclose exploitable patterns.","alert":"Timestamp Disclosure - Unix","param":"","attack":"","name":"Timestamp Disclosure - Unix","risk":"Informational","id":"130","alertRef":"10096"},{"sourceid":"3","other":"1126891415, which evaluates to: 2005-09-16 12:23:35","method":"GET","evidence":"1126891415","pluginId":"10096","cweid":"200","confidence":"Low","wascid":"13","description":"A timestamp was disclosed by the application/web server - Unix","messageId":"19","url":"https://todoist.com/_next/static/chunks/0e8f85b20ed9ab0a6102c8b8298bac1d6cb4c89b.0fe8d2aa3a66f036f1d2.js","reference":"http://projects.webappsec.org/w/page/13246936/Information%20Leakage","solution":"Manually confirm that the timestamp data is not sensitive, and that the data cannot be aggregated to disclose exploitable patterns.","alert":"Timestamp Disclosure - Unix","param":"","attack":"","name":"Timestamp Disclosure - Unix","risk":"Informational","id":"131","alertRef":"10096"},{"sourceid":"3","other":"1416354905, which evaluates to: 2014-11-18 18:55:05","method":"GET","evidence":"1416354905","pluginId":"10096","cweid":"200","confidence":"Low","wascid":"13","description":"A timestamp was disclosed by the application/web server - Unix","messageId":"19","url":"https://todoist.com/_next/static/chunks/0e8f85b20ed9ab0a6102c8b8298bac1d6cb4c89b.0fe8d2aa3a66f036f1d2.js","reference":"http://projects.webappsec.org/w/page/13246936/Information%20Leakage","solution":"Manually confirm that the timestamp data is not sensitive, and that the data cannot be aggregated to disclose exploitable patterns.","alert":"Timestamp Disclosure - Unix","param":"","attack":"","name":"Timestamp Disclosure - Unix","risk":"Informational","id":"132","alertRef":"10096"},{"sourceid":"3","other":"57434055, which evaluates to: 1971-10-27 12:54:15","method":"GET","evidence":"57434055","pluginId":"10096","cweid":"200","confidence":"Low","wascid":"13","description":"A timestamp was disclosed by the application/web server - Unix","messageId":"19","url":"https://todoist.com/_next/static/chunks/0e8f85b20ed9ab0a6102c8b8298bac1d6cb4c89b.0fe8d2aa3a66f036f1d2.js","reference":"http://projects.webappsec.org/w/page/13246936/Information%20Leakage","solution":"Manually confirm that the timestamp data is not sensitive, and that the data cannot be aggregated to disclose exploitable patterns.","alert":"Timestamp Disclosure - Unix","param":"","attack":"","name":"Timestamp Disclosure - Unix","risk":"Informational","id":"133","alertRef":"10096"},{"sourceid":"3","other":"1700485571, which evaluates to: 2023-11-20 08:06:11","method":"GET","evidence":"1700485571","pluginId":"10096","cweid":"200","confidence":"Low","wascid":"13","description":"A timestamp was disclosed by the application/web server - Unix","messageId":"19","url":"https://todoist.com/_next/static/chunks/0e8f85b20ed9ab0a6102c8b8298bac1d6cb4c89b.0fe8d2aa3a66f036f1d2.js","reference":"http://projects.webappsec.org/w/page/13246936/Information%20Leakage","solution":"Manually confirm that the timestamp data is not sensitive, and that the data cannot be aggregated to disclose exploitable patterns.","alert":"Timestamp Disclosure - Unix","param":"","attack":"","name":"Timestamp Disclosure - Unix","risk":"Informational","id":"134","alertRef":"10096"},{"sourceid":"3","other":"1894986606, which evaluates to: 2030-01-18 12:10:06","method":"GET","evidence":"1894986606","pluginId":"10096","cweid":"200","confidence":"Low","wascid":"13","description":"A timestamp was disclosed by the application/web server - Unix","messageId":"19","url":"https://todoist.com/_next/static/chunks/0e8f85b20ed9ab0a6102c8b8298bac1d6cb4c89b.0fe8d2aa3a66f036f1d2.js","reference":"http://projects.webappsec.org/w/page/13246936/Information%20Leakage","solution":"Manually confirm that the timestamp data is not sensitive, and that the data cannot be aggregated to disclose exploitable patterns.","alert":"Timestamp Disclosure - Unix","param":"","attack":"","name":"Timestamp Disclosure - Unix","risk":"Informational","id":"135","alertRef":"10096"},{"sourceid":"3","other":"2054922799, which evaluates to: 2035-02-12 14:53:19","method":"GET","evidence":"2054922799","pluginId":"10096","cweid":"200","confidence":"Low","wascid":"13","description":"A timestamp was disclosed by the application/web server - Unix","messageId":"19","url":"https://todoist.com/_next/static/chunks/0e8f85b20ed9ab0a6102c8b8298bac1d6cb4c89b.0fe8d2aa3a66f036f1d2.js","reference":"http://projects.webappsec.org/w/page/13246936/Information%20Leakage","solution":"Manually confirm that the timestamp data is not sensitive, and that the data cannot be aggregated to disclose exploitable patterns.","alert":"Timestamp Disclosure - Unix","param":"","attack":"","name":"Timestamp Disclosure - Unix","risk":"Informational","id":"136","alertRef":"10096"},{"sourceid":"3","other":"1873313359, which evaluates to: 2029-05-12 15:49:19","method":"GET","evidence":"1873313359","pluginId":"10096","cweid":"200","confidence":"Low","wascid":"13","description":"A timestamp was disclosed by the application/web server - Unix","messageId":"19","url":"https://todoist.com/_next/static/chunks/0e8f85b20ed9ab0a6102c8b8298bac1d6cb4c89b.0fe8d2aa3a66f036f1d2.js","reference":"http://projects.webappsec.org/w/page/13246936/Information%20Leakage","solution":"Manually confirm that the timestamp data is not sensitive, and that the data cannot be aggregated to disclose exploitable patterns.","alert":"Timestamp Disclosure - Unix","param":"","attack":"","name":"Timestamp Disclosure - Unix","risk":"Informational","id":"137","alertRef":"10096"},{"sourceid":"3","other":"30611744, which evaluates to: 1970-12-21 02:15:44","method":"GET","evidence":"30611744","pluginId":"10096","cweid":"200","confidence":"Low","wascid":"13","description":"A timestamp was disclosed by the application/web server - Unix","messageId":"19","url":"https://todoist.com/_next/static/chunks/0e8f85b20ed9ab0a6102c8b8298bac1d6cb4c89b.0fe8d2aa3a66f036f1d2.js","reference":"http://projects.webappsec.org/w/page/13246936/Information%20Leakage","solution":"Manually confirm that the timestamp data is not sensitive, and that the data cannot be aggregated to disclose exploitable patterns.","alert":"Timestamp Disclosure - Unix","param":"","attack":"","name":"Timestamp Disclosure - Unix","risk":"Informational","id":"138","alertRef":"10096"},{"sourceid":"3","other":"1560198380, which evaluates to: 2019-06-10 15:26:20","method":"GET","evidence":"1560198380","pluginId":"10096","cweid":"200","confidence":"Low","wascid":"13","description":"A timestamp was disclosed by the application/web server - Unix","messageId":"19","url":"https://todoist.com/_next/static/chunks/0e8f85b20ed9ab0a6102c8b8298bac1d6cb4c89b.0fe8d2aa3a66f036f1d2.js","reference":"http://projects.webappsec.org/w/page/13246936/Information%20Leakage","solution":"Manually confirm that the timestamp data is not sensitive, and that the data cannot be aggregated to disclose exploitable patterns.","alert":"Timestamp Disclosure - Unix","param":"","attack":"","name":"Timestamp Disclosure - Unix","risk":"Informational","id":"139","alertRef":"10096"},{"sourceid":"3","other":"1309151649, which evaluates to: 2011-06-27 00:14:09","method":"GET","evidence":"1309151649","pluginId":"10096","cweid":"200","confidence":"Low","wascid":"13","description":"A timestamp was disclosed by the application/web server - Unix","messageId":"19","url":"https://todoist.com/_next/static/chunks/0e8f85b20ed9ab0a6102c8b8298bac1d6cb4c89b.0fe8d2aa3a66f036f1d2.js","reference":"http://projects.webappsec.org/w/page/13246936/Information%20Leakage","solution":"Manually confirm that the timestamp data is not sensitive, and that the data cannot be aggregated to disclose exploitable patterns.","alert":"Timestamp Disclosure - Unix","param":"","attack":"","name":"Timestamp Disclosure - Unix","risk":"Informational","id":"140","alertRef":"10096"},{"sourceid":"3","other":"145523070, which evaluates to: 1974-08-12 02:04:30","method":"GET","evidence":"145523070","pluginId":"10096","cweid":"200","confidence":"Low","wascid":"13","description":"A timestamp was disclosed by the application/web server - Unix","messageId":"19","url":"https://todoist.com/_next/static/chunks/0e8f85b20ed9ab0a6102c8b8298bac1d6cb4c89b.0fe8d2aa3a66f036f1d2.js","reference":"http://projects.webappsec.org/w/page/13246936/Information%20Leakage","solution":"Manually confirm that the timestamp data is not sensitive, and that the data cannot be aggregated to disclose exploitable patterns.","alert":"Timestamp Disclosure - Unix","param":"","attack":"","name":"Timestamp Disclosure - Unix","risk":"Informational","id":"141","alertRef":"10096"},{"sourceid":"3","other":"1120210379, which evaluates to: 2005-07-01 04:32:59","method":"GET","evidence":"1120210379","pluginId":"10096","cweid":"200","confidence":"Low","wascid":"13","description":"A timestamp was disclosed by the application/web server - Unix","messageId":"19","url":"https://todoist.com/_next/static/chunks/0e8f85b20ed9ab0a6102c8b8298bac1d6cb4c89b.0fe8d2aa3a66f036f1d2.js","reference":"http://projects.webappsec.org/w/page/13246936/Information%20Leakage","solution":"Manually confirm that the timestamp data is not sensitive, and that the data cannot be aggregated to disclose exploitable patterns.","alert":"Timestamp Disclosure - Unix","param":"","attack":"","name":"Timestamp Disclosure - Unix","risk":"Informational","id":"142","alertRef":"10096"},{"sourceid":"3","other":"718787259, which evaluates to: 1992-10-11 03:07:39","method":"GET","evidence":"718787259","pluginId":"10096","cweid":"200","confidence":"Low","wascid":"13","description":"A timestamp was disclosed by the application/web server - Unix","messageId":"19","url":"https://todoist.com/_next/static/chunks/0e8f85b20ed9ab0a6102c8b8298bac1d6cb4c89b.0fe8d2aa3a66f036f1d2.js","reference":"http://projects.webappsec.org/w/page/13246936/Information%20Leakage","solution":"Manually confirm that the timestamp data is not sensitive, and that the data cannot be aggregated to disclose exploitable patterns.","alert":"Timestamp Disclosure - Unix","param":"","attack":"","name":"Timestamp Disclosure - Unix","risk":"Informational","id":"143","alertRef":"10096"},{"sourceid":"3","other":"343485551, which evaluates to: 1980-11-19 07:39:11","method":"GET","evidence":"343485551","pluginId":"10096","cweid":"200","confidence":"Low","wascid":"13","description":"A timestamp was disclosed by the application/web server - Unix","messageId":"19","url":"https://todoist.com/_next/static/chunks/0e8f85b20ed9ab0a6102c8b8298bac1d6cb4c89b.0fe8d2aa3a66f036f1d2.js","reference":"http://projects.webappsec.org/w/page/13246936/Information%20Leakage","solution":"Manually confirm that the timestamp data is not sensitive, and that the data cannot be aggregated to disclose exploitable patterns.","alert":"Timestamp Disclosure - Unix","param":"","attack":"","name":"Timestamp Disclosure - Unix","risk":"Informational","id":"144","alertRef":"10096"},{"sourceid":"3","other":"1518500249, which evaluates to: 2018-02-13 00:37:29","method":"GET","evidence":"1518500249","pluginId":"10096","cweid":"200","confidence":"Low","wascid":"13","description":"A timestamp was disclosed by the application/web server - Unix","messageId":"19","url":"https://todoist.com/_next/static/chunks/0e8f85b20ed9ab0a6102c8b8298bac1d6cb4c89b.0fe8d2aa3a66f036f1d2.js","reference":"http://projects.webappsec.org/w/page/13246936/Information%20Leakage","solution":"Manually confirm that the timestamp data is not sensitive, and that the data cannot be aggregated to disclose exploitable patterns.","alert":"Timestamp Disclosure - Unix","param":"","attack":"","name":"Timestamp Disclosure - Unix","risk":"Informational","id":"145","alertRef":"10096"},{"sourceid":"3","other":"1859775393, which evaluates to: 2028-12-06 23:16:33","method":"GET","evidence":"1859775393","pluginId":"10096","cweid":"200","confidence":"Low","wascid":"13","description":"A timestamp was disclosed by the application/web server - Unix","messageId":"19","url":"https://todoist.com/_next/static/chunks/0e8f85b20ed9ab0a6102c8b8298bac1d6cb4c89b.0fe8d2aa3a66f036f1d2.js","reference":"http://projects.webappsec.org/w/page/13246936/Information%20Leakage","solution":"Manually confirm that the timestamp data is not sensitive, and that the data cannot be aggregated to disclose exploitable patterns.","alert":"Timestamp Disclosure - Unix","param":"","attack":"","name":"Timestamp Disclosure - Unix","risk":"Informational","id":"146","alertRef":"10096"},{"sourceid":"3","other":"00000000, which evaluates to: 1969-12-31 19:00:00","method":"GET","evidence":"00000000","pluginId":"10096","cweid":"200","confidence":"Low","wascid":"13","description":"A timestamp was disclosed by the application/web server - Unix","messageId":"19","url":"https://todoist.com/_next/static/chunks/0e8f85b20ed9ab0a6102c8b8298bac1d6cb4c89b.0fe8d2aa3a66f036f1d2.js","reference":"http://projects.webappsec.org/w/page/13246936/Information%20Leakage","solution":"Manually confirm that the timestamp data is not sensitive, and that the data cannot be aggregated to disclose exploitable patterns.","alert":"Timestamp Disclosure - Unix","param":"","attack":"","name":"Timestamp Disclosure - Unix","risk":"Informational","id":"149","alertRef":"10096"},{"sourceid":"3","other":"This issue still applies to error type pages (401, 403, 500, etc.) as those pages are often still affected by injection issues, in which case there is still concern for browsers sniffing pages away from their actual content type.\nAt \"High\" threshold this scan rule will not alert on client or server error responses.","method":"GET","evidence":"","pluginId":"10021","cweid":"16","confidence":"Medium","wascid":"15","description":"The Anti-MIME-Sniffing header X-Content-Type-Options was not set to 'nosniff'. This allows older versions of Internet Explorer and Chrome to perform MIME-sniffing on the response body, potentially causing the response body to be interpreted and displayed as a content type other than the declared content type. Current (early 2014) and legacy versions of Firefox will use the declared content type (if one is set), rather than performing MIME-sniffing.","messageId":"19","url":"https://todoist.com/_next/static/chunks/0e8f85b20ed9ab0a6102c8b8298bac1d6cb4c89b.0fe8d2aa3a66f036f1d2.js","reference":"http://msdn.microsoft.com/en-us/library/ie/gg622941%28v=vs.85%29.aspx\nhttps://owasp.org/www-community/Security_Headers","solution":"Ensure that the application/web server sets the Content-Type header appropriately, and that it sets the X-Content-Type-Options header to 'nosniff' for all web pages.\nIf possible, ensure that the end user uses a standards-compliant and modern web browser that does not perform MIME-sniffing at all, or that can be directed by the web application/web server to not perform MIME-sniffing.","alert":"X-Content-Type-Options Header Missing","param":"X-Content-Type-Options","attack":"","name":"X-Content-Type-Options Header Missing","risk":"Low","id":"151","alertRef":"10021"},{"sourceid":"3","other":"The following pattern was used: \\bDB\\b and was detected in the element starting with: \"(window.webpackJsonp_N_E=window.webpackJsonp_N_E||[]).push([[4],{WNiU:function(e,t,r){!function(e,t){for(var r in t)e[r]=t[r]}(t\", see evidence field for the suspicious comment/snippet.","method":"GET","evidence":"Db","pluginId":"10027","cweid":"200","confidence":"Low","wascid":"13","description":"The response appears to contain suspicious comments which may help an attacker. Note: Matches made within script blocks or files are against the entire content not only comments.","messageId":"20","url":"https://todoist.com/_next/static/chunks/4af5f773.1851fbd0845d20ef7104.js","reference":"","solution":"Remove all comments that return information that may help an attacker and fix any underlying problems they refer to.","alert":"Information Disclosure - Suspicious Comments","param":"","attack":"","name":"Information Disclosure - Suspicious Comments","risk":"Informational","id":"152","alertRef":"10027"},{"sourceid":"3","other":"This issue still applies to error type pages (401, 403, 500, etc.) as those pages are often still affected by injection issues, in which case there is still concern for browsers sniffing pages away from their actual content type.\nAt \"High\" threshold this scan rule will not alert on client or server error responses.","method":"GET","evidence":"","pluginId":"10021","cweid":"16","confidence":"Medium","wascid":"15","description":"The Anti-MIME-Sniffing header X-Content-Type-Options was not set to 'nosniff'. This allows older versions of Internet Explorer and Chrome to perform MIME-sniffing on the response body, potentially causing the response body to be interpreted and displayed as a content type other than the declared content type. Current (early 2014) and legacy versions of Firefox will use the declared content type (if one is set), rather than performing MIME-sniffing.","messageId":"20","url":"https://todoist.com/_next/static/chunks/4af5f773.1851fbd0845d20ef7104.js","reference":"http://msdn.microsoft.com/en-us/library/ie/gg622941%28v=vs.85%29.aspx\nhttps://owasp.org/www-community/Security_Headers","solution":"Ensure that the application/web server sets the Content-Type header appropriately, and that it sets the X-Content-Type-Options header to 'nosniff' for all web pages.\nIf possible, ensure that the end user uses a standards-compliant and modern web browser that does not perform MIME-sniffing at all, or that can be directed by the web application/web server to not perform MIME-sniffing.","alert":"X-Content-Type-Options Header Missing","param":"X-Content-Type-Options","attack":"","name":"X-Content-Type-Options Header Missing","risk":"Low","id":"153","alertRef":"10021"},{"sourceid":"3","other":"The following pattern was used: \\bQUERY\\b and was detected in the element starting with: \"(window.webpackJsonp_N_E=window.webpackJsonp_N_E||[]).push([[6],{\"+90V\":function(e,t,n){\"use strict\";var r=n(\"TqRt\");n(\"HAE/\"),O\", see evidence field for the suspicious comment/snippet.","method":"GET","evidence":"query","pluginId":"10027","cweid":"200","confidence":"Low","wascid":"13","description":"The response appears to contain suspicious comments which may help an attacker. Note: Matches made within script blocks or files are against the entire content not only comments.","messageId":"21","url":"https://todoist.com/_next/static/chunks/46300902bf7c6e1374dd592a461ea5a5a6d02de9.dcfb80a6e6abd69835ad.js","reference":"","solution":"Remove all comments that return information that may help an attacker and fix any underlying problems they refer to.","alert":"Information Disclosure - Suspicious Comments","param":"","attack":"","name":"Information Disclosure - Suspicious Comments","risk":"Informational","id":"154","alertRef":"10027"},{"sourceid":"3","other":"This issue still applies to error type pages (401, 403, 500, etc.) as those pages are often still affected by injection issues, in which case there is still concern for browsers sniffing pages away from their actual content type.\nAt \"High\" threshold this scan rule will not alert on client or server error responses.","method":"GET","evidence":"","pluginId":"10021","cweid":"16","confidence":"Medium","wascid":"15","description":"The Anti-MIME-Sniffing header X-Content-Type-Options was not set to 'nosniff'. This allows older versions of Internet Explorer and Chrome to perform MIME-sniffing on the response body, potentially causing the response body to be interpreted and displayed as a content type other than the declared content type. Current (early 2014) and legacy versions of Firefox will use the declared content type (if one is set), rather than performing MIME-sniffing.","messageId":"21","url":"https://todoist.com/_next/static/chunks/46300902bf7c6e1374dd592a461ea5a5a6d02de9.dcfb80a6e6abd69835ad.js","reference":"http://msdn.microsoft.com/en-us/library/ie/gg622941%28v=vs.85%29.aspx\nhttps://owasp.org/www-community/Security_Headers","solution":"Ensure that the application/web server sets the Content-Type header appropriately, and that it sets the X-Content-Type-Options header to 'nosniff' for all web pages.\nIf possible, ensure that the end user uses a standards-compliant and modern web browser that does not perform MIME-sniffing at all, or that can be directed by the web application/web server to not perform MIME-sniffing.","alert":"X-Content-Type-Options Header Missing","param":"X-Content-Type-Options","attack":"","name":"X-Content-Type-Options Header Missing","risk":"Low","id":"155","alertRef":"10021"},{"sourceid":"3","other":"The following pattern was used: \\bQUERY\\b and was detected in the element starting with: \"_N_E=(window.webpackJsonp_N_E=window.webpackJsonp_N_E||[]).push([[29],{\"1TCz\":function(t,e,n){\"use strict\";n.r(e);var r=n(\"o0o1\"\", see evidence field for the suspicious comment/snippet.","method":"GET","evidence":"query","pluginId":"10027","cweid":"200","confidence":"Low","wascid":"13","description":"The response appears to contain suspicious comments which may help an attacker. Note: Matches made within script blocks or files are against the entire content not only comments.","messageId":"22","url":"https://todoist.com/_next/static/chunks/pages/_app-3b4743dbd65bee2727de.js","reference":"","solution":"Remove all comments that return information that may help an attacker and fix any underlying problems they refer to.","alert":"Information Disclosure - Suspicious Comments","param":"","attack":"","name":"Information Disclosure - Suspicious Comments","risk":"Informational","id":"156","alertRef":"10027"},{"sourceid":"3","other":"This issue still applies to error type pages (401, 403, 500, etc.) as those pages are often still affected by injection issues, in which case there is still concern for browsers sniffing pages away from their actual content type.\nAt \"High\" threshold this scan rule will not alert on client or server error responses.","method":"GET","evidence":"","pluginId":"10021","cweid":"16","confidence":"Medium","wascid":"15","description":"The Anti-MIME-Sniffing header X-Content-Type-Options was not set to 'nosniff'. This allows older versions of Internet Explorer and Chrome to perform MIME-sniffing on the response body, potentially causing the response body to be interpreted and displayed as a content type other than the declared content type. Current (early 2014) and legacy versions of Firefox will use the declared content type (if one is set), rather than performing MIME-sniffing.","messageId":"22","url":"https://todoist.com/_next/static/chunks/pages/_app-3b4743dbd65bee2727de.js","reference":"http://msdn.microsoft.com/en-us/library/ie/gg622941%28v=vs.85%29.aspx\nhttps://owasp.org/www-community/Security_Headers","solution":"Ensure that the application/web server sets the Content-Type header appropriately, and that it sets the X-Content-Type-Options header to 'nosniff' for all web pages.\nIf possible, ensure that the end user uses a standards-compliant and modern web browser that does not perform MIME-sniffing at all, or that can be directed by the web application/web server to not perform MIME-sniffing.","alert":"X-Content-Type-Options Header Missing","param":"X-Content-Type-Options","attack":"","name":"X-Content-Type-Options Header Missing","risk":"Low","id":"157","alertRef":"10021"},{"sourceid":"3","other":"The following pattern was used: \\bBUG\\b and was detected in the element starting with: \"(window.webpackJsonp_N_E=window.webpackJsonp_N_E||[]).push([[7],{\"+924\":function(e,t,n){\"use strict\";n.d(t,\"d\",(function(){retur\", see evidence field for the suspicious comment/snippet.","method":"GET","evidence":"bug","pluginId":"10027","cweid":"200","confidence":"Low","wascid":"13","description":"The response appears to contain suspicious comments which may help an attacker. Note: Matches made within script blocks or files are against the entire content not only comments.","messageId":"23","url":"https://todoist.com/_next/static/chunks/a7d9d3dc563f80f9bceeaf1fc394c88e9b2ce764.dc5ca8c774eddce1e0d7.js","reference":"","solution":"Remove all comments that return information that may help an attacker and fix any underlying problems they refer to.","alert":"Information Disclosure - Suspicious Comments","param":"","attack":"","name":"Information Disclosure - Suspicious Comments","risk":"Informational","id":"158","alertRef":"10027"},{"sourceid":"3","other":"123456789, which evaluates to: 1973-11-29 16:33:09","method":"GET","evidence":"123456789","pluginId":"10096","cweid":"200","confidence":"Low","wascid":"13","description":"A timestamp was disclosed by the application/web server - Unix","messageId":"23","url":"https://todoist.com/_next/static/chunks/a7d9d3dc563f80f9bceeaf1fc394c88e9b2ce764.dc5ca8c774eddce1e0d7.js","reference":"http://projects.webappsec.org/w/page/13246936/Information%20Leakage","solution":"Manually confirm that the timestamp data is not sensitive, and that the data cannot be aggregated to disclose exploitable patterns.","alert":"Timestamp Disclosure - Unix","param":"","attack":"","name":"Timestamp Disclosure - Unix","risk":"Informational","id":"159","alertRef":"10096"},{"sourceid":"3","other":"This issue still applies to error type pages (401, 403, 500, etc.) as those pages are often still affected by injection issues, in which case there is still concern for browsers sniffing pages away from their actual content type.\nAt \"High\" threshold this scan rule will not alert on client or server error responses.","method":"GET","evidence":"","pluginId":"10021","cweid":"16","confidence":"Medium","wascid":"15","description":"The Anti-MIME-Sniffing header X-Content-Type-Options was not set to 'nosniff'. This allows older versions of Internet Explorer and Chrome to perform MIME-sniffing on the response body, potentially causing the response body to be interpreted and displayed as a content type other than the declared content type. Current (early 2014) and legacy versions of Firefox will use the declared content type (if one is set), rather than performing MIME-sniffing.","messageId":"23","url":"https://todoist.com/_next/static/chunks/a7d9d3dc563f80f9bceeaf1fc394c88e9b2ce764.dc5ca8c774eddce1e0d7.js","reference":"http://msdn.microsoft.com/en-us/library/ie/gg622941%28v=vs.85%29.aspx\nhttps://owasp.org/www-community/Security_Headers","solution":"Ensure that the application/web server sets the Content-Type header appropriately, and that it sets the X-Content-Type-Options header to 'nosniff' for all web pages.\nIf possible, ensure that the end user uses a standards-compliant and modern web browser that does not perform MIME-sniffing at all, or that can be directed by the web application/web server to not perform MIME-sniffing.","alert":"X-Content-Type-Options Header Missing","param":"X-Content-Type-Options","attack":"","name":"X-Content-Type-Options Header Missing","risk":"Low","id":"165","alertRef":"10021"},{"sourceid":"3","other":"This issue still applies to error type pages (401, 403, 500, etc.) as those pages are often still affected by injection issues, in which case there is still concern for browsers sniffing pages away from their actual content type.\nAt \"High\" threshold this scan rule will not alert on client or server error responses.","method":"GET","evidence":"","pluginId":"10021","cweid":"16","confidence":"Medium","wascid":"15","description":"The Anti-MIME-Sniffing header X-Content-Type-Options was not set to 'nosniff'. This allows older versions of Internet Explorer and Chrome to perform MIME-sniffing on the response body, potentially causing the response body to be interpreted and displayed as a content type other than the declared content type. Current (early 2014) and legacy versions of Firefox will use the declared content type (if one is set), rather than performing MIME-sniffing.","messageId":"25","url":"https://todoist.com/_next/static/chunks/a5174a254d143c3d3d02321814728bdd71b6ab95_CSS.d6f2610c02ca1f2f8023.js","reference":"http://msdn.microsoft.com/en-us/library/ie/gg622941%28v=vs.85%29.aspx\nhttps://owasp.org/www-community/Security_Headers","solution":"Ensure that the application/web server sets the Content-Type header appropriately, and that it sets the X-Content-Type-Options header to 'nosniff' for all web pages.\nIf possible, ensure that the end user uses a standards-compliant and modern web browser that does not perform MIME-sniffing at all, or that can be directed by the web application/web server to not perform MIME-sniffing.","alert":"X-Content-Type-Options Header Missing","param":"X-Content-Type-Options","attack":"","name":"X-Content-Type-Options Header Missing","risk":"Low","id":"166","alertRef":"10021"},{"sourceid":"3","other":"This issue still applies to error type pages (401, 403, 500, etc.) as those pages are often still affected by injection issues, in which case there is still concern for browsers sniffing pages away from their actual content type.\nAt \"High\" threshold this scan rule will not alert on client or server error responses.","method":"GET","evidence":"","pluginId":"10021","cweid":"16","confidence":"Medium","wascid":"15","description":"The Anti-MIME-Sniffing header X-Content-Type-Options was not set to 'nosniff'. This allows older versions of Internet Explorer and Chrome to perform MIME-sniffing on the response body, potentially causing the response body to be interpreted and displayed as a content type other than the declared content type. Current (early 2014) and legacy versions of Firefox will use the declared content type (if one is set), rather than performing MIME-sniffing.","messageId":"26","url":"https://todoist.com/_next/static/chunks/styles.4b2dc012361942f5cf6e.js","reference":"http://msdn.microsoft.com/en-us/library/ie/gg622941%28v=vs.85%29.aspx\nhttps://owasp.org/www-community/Security_Headers","solution":"Ensure that the application/web server sets the Content-Type header appropriately, and that it sets the X-Content-Type-Options header to 'nosniff' for all web pages.\nIf possible, ensure that the end user uses a standards-compliant and modern web browser that does not perform MIME-sniffing at all, or that can be directed by the web application/web server to not perform MIME-sniffing.","alert":"X-Content-Type-Options Header Missing","param":"X-Content-Type-Options","attack":"","name":"X-Content-Type-Options Header Missing","risk":"Low","id":"167","alertRef":"10021"},{"sourceid":"3","other":"The following pattern was used: \\bDB\\b and was detected in the element starting with: \"_N_E=(window.webpackJsonp_N_E=window.webpackJsonp_N_E||[]).push([[44],{\"+RON\":function(e,t){e.exports=\"/_next/static/images/free\", see evidence field for the suspicious comment/snippet.","method":"GET","evidence":"DB","pluginId":"10027","cweid":"200","confidence":"Low","wascid":"13","description":"The response appears to contain suspicious comments which may help an attacker. Note: Matches made within script blocks or files are against the entire content not only comments.","messageId":"27","url":"https://todoist.com/_next/static/chunks/pages/index-50325ffabee779bfc84a.js","reference":"","solution":"Remove all comments that return information that may help an attacker and fix any underlying problems they refer to.","alert":"Information Disclosure - Suspicious Comments","param":"","attack":"","name":"Information Disclosure - Suspicious Comments","risk":"Informational","id":"168","alertRef":"10027"},{"sourceid":"3","other":"This issue still applies to error type pages (401, 403, 500, etc.) as those pages are often still affected by injection issues, in which case there is still concern for browsers sniffing pages away from their actual content type.\nAt \"High\" threshold this scan rule will not alert on client or server error responses.","method":"GET","evidence":"","pluginId":"10021","cweid":"16","confidence":"Medium","wascid":"15","description":"The Anti-MIME-Sniffing header X-Content-Type-Options was not set to 'nosniff'. This allows older versions of Internet Explorer and Chrome to perform MIME-sniffing on the response body, potentially causing the response body to be interpreted and displayed as a content type other than the declared content type. Current (early 2014) and legacy versions of Firefox will use the declared content type (if one is set), rather than performing MIME-sniffing.","messageId":"27","url":"https://todoist.com/_next/static/chunks/pages/index-50325ffabee779bfc84a.js","reference":"http://msdn.microsoft.com/en-us/library/ie/gg622941%28v=vs.85%29.aspx\nhttps://owasp.org/www-community/Security_Headers","solution":"Ensure that the application/web server sets the Content-Type header appropriately, and that it sets the X-Content-Type-Options header to 'nosniff' for all web pages.\nIf possible, ensure that the end user uses a standards-compliant and modern web browser that does not perform MIME-sniffing at all, or that can be directed by the web application/web server to not perform MIME-sniffing.","alert":"X-Content-Type-Options Header Missing","param":"X-Content-Type-Options","attack":"","name":"X-Content-Type-Options Header Missing","risk":"Low","id":"169","alertRef":"10021"},{"sourceid":"3","other":"The following pattern was used: \\bQUERY\\b and was detected in the element starting with: \"(window.webpackJsonp_N_E=window.webpackJsonp_N_E||[]).push([[8],{\"+9U2\":function(e,t,r){\"use strict\";let n,i,o,{isClean:s}=r(\"zo\", see evidence field for the suspicious comment/snippet.","method":"GET","evidence":"query","pluginId":"10027","cweid":"200","confidence":"Low","wascid":"13","description":"The response appears to contain suspicious comments which may help an attacker. Note: Matches made within script blocks or files are against the entire content not only comments.","messageId":"28","url":"https://todoist.com/_next/static/chunks/a5174a254d143c3d3d02321814728bdd71b6ab95.8aeeecc87435cd012b41.js","reference":"","solution":"Remove all comments that return information that may help an attacker and fix any underlying problems they refer to.","alert":"Information Disclosure - Suspicious Comments","param":"","attack":"","name":"Information Disclosure - Suspicious Comments","risk":"Informational","id":"170","alertRef":"10027"},{"sourceid":"3","other":"16711680, which evaluates to: 1970-07-13 05:08:00","method":"GET","evidence":"16711680","pluginId":"10096","cweid":"200","confidence":"Low","wascid":"13","description":"A timestamp was disclosed by the application/web server - Unix","messageId":"28","url":"https://todoist.com/_next/static/chunks/a5174a254d143c3d3d02321814728bdd71b6ab95.8aeeecc87435cd012b41.js","reference":"http://projects.webappsec.org/w/page/13246936/Information%20Leakage","solution":"Manually confirm that the timestamp data is not sensitive, and that the data cannot be aggregated to disclose exploitable patterns.","alert":"Timestamp Disclosure - Unix","param":"","attack":"","name":"Timestamp Disclosure - Unix","risk":"Informational","id":"171","alertRef":"10096"},{"sourceid":"3","other":"2147483647, which evaluates to: 2038-01-18 22:14:07","method":"GET","evidence":"2147483647","pluginId":"10096","cweid":"200","confidence":"Low","wascid":"13","description":"A timestamp was disclosed by the application/web server - Unix","messageId":"28","url":"https://todoist.com/_next/static/chunks/a5174a254d143c3d3d02321814728bdd71b6ab95.8aeeecc87435cd012b41.js","reference":"http://projects.webappsec.org/w/page/13246936/Information%20Leakage","solution":"Manually confirm that the timestamp data is not sensitive, and that the data cannot be aggregated to disclose exploitable patterns.","alert":"Timestamp Disclosure - Unix","param":"","attack":"","name":"Timestamp Disclosure - Unix","risk":"Informational","id":"172","alertRef":"10096"},{"sourceid":"3","other":"1073741823, which evaluates to: 2004-01-10 08:37:03","method":"GET","evidence":"1073741823","pluginId":"10096","cweid":"200","confidence":"Low","wascid":"13","description":"A timestamp was disclosed by the application/web server - Unix","messageId":"28","url":"https://todoist.com/_next/static/chunks/a5174a254d143c3d3d02321814728bdd71b6ab95.8aeeecc87435cd012b41.js","reference":"http://projects.webappsec.org/w/page/13246936/Information%20Leakage","solution":"Manually confirm that the timestamp data is not sensitive, and that the data cannot be aggregated to disclose exploitable patterns.","alert":"Timestamp Disclosure - Unix","param":"","attack":"","name":"Timestamp Disclosure - Unix","risk":"Informational","id":"173","alertRef":"10096"},{"sourceid":"3","other":"16777216, which evaluates to: 1970-07-13 23:20:16","method":"GET","evidence":"16777216","pluginId":"10096","cweid":"200","confidence":"Low","wascid":"13","description":"A timestamp was disclosed by the application/web server - Unix","messageId":"28","url":"https://todoist.com/_next/static/chunks/a5174a254d143c3d3d02321814728bdd71b6ab95.8aeeecc87435cd012b41.js","reference":"http://projects.webappsec.org/w/page/13246936/Information%20Leakage","solution":"Manually confirm that the timestamp data is not sensitive, and that the data cannot be aggregated to disclose exploitable patterns.","alert":"Timestamp Disclosure - Unix","param":"","attack":"","name":"Timestamp Disclosure - Unix","risk":"Informational","id":"176","alertRef":"10096"},{"sourceid":"3","other":"This issue still applies to error type pages (401, 403, 500, etc.) as those pages are often still affected by injection issues, in which case there is still concern for browsers sniffing pages away from their actual content type.\nAt \"High\" threshold this scan rule will not alert on client or server error responses.","method":"GET","evidence":"","pluginId":"10021","cweid":"16","confidence":"Medium","wascid":"15","description":"The Anti-MIME-Sniffing header X-Content-Type-Options was not set to 'nosniff'. This allows older versions of Internet Explorer and Chrome to perform MIME-sniffing on the response body, potentially causing the response body to be interpreted and displayed as a content type other than the declared content type. Current (early 2014) and legacy versions of Firefox will use the declared content type (if one is set), rather than performing MIME-sniffing.","messageId":"28","url":"https://todoist.com/_next/static/chunks/a5174a254d143c3d3d02321814728bdd71b6ab95.8aeeecc87435cd012b41.js","reference":"http://msdn.microsoft.com/en-us/library/ie/gg622941%28v=vs.85%29.aspx\nhttps://owasp.org/www-community/Security_Headers","solution":"Ensure that the application/web server sets the Content-Type header appropriately, and that it sets the X-Content-Type-Options header to 'nosniff' for all web pages.\nIf possible, ensure that the end user uses a standards-compliant and modern web browser that does not perform MIME-sniffing at all, or that can be directed by the web application/web server to not perform MIME-sniffing.","alert":"X-Content-Type-Options Header Missing","param":"X-Content-Type-Options","attack":"","name":"X-Content-Type-Options Header Missing","risk":"Low","id":"180","alertRef":"10021"},{"sourceid":"3","other":"The following pattern was used: \\bUSER\\b and was detected in the element starting with: \"self.__BUILD_MANIFEST = (function(a,b,c,d,e,f,g,h,i,j,k,l,m,n,o,p,q,r,s,t){return {__rewrites:[],\"/\":[\"static\\u002Fcss\\u002Fpage\", see evidence field for the suspicious comment/snippet.","method":"GET","evidence":"user","pluginId":"10027","cweid":"200","confidence":"Low","wascid":"13","description":"The response appears to contain suspicious comments which may help an attacker. Note: Matches made within script blocks or files are against the entire content not only comments.","messageId":"32","url":"https://todoist.com/_next/static/Su7XJ3Y1iReNK_fTNqchx/_buildManifest.js","reference":"","solution":"Remove all comments that return information that may help an attacker and fix any underlying problems they refer to.","alert":"Information Disclosure - Suspicious Comments","param":"","attack":"","name":"Information Disclosure - Suspicious Comments","risk":"Informational","id":"194","alertRef":"10027"},{"sourceid":"3","other":"This issue still applies to error type pages (401, 403, 500, etc.) as those pages are often still affected by injection issues, in which case there is still concern for browsers sniffing pages away from their actual content type.\nAt \"High\" threshold this scan rule will not alert on client or server error responses.","method":"GET","evidence":"","pluginId":"10021","cweid":"16","confidence":"Medium","wascid":"15","description":"The Anti-MIME-Sniffing header X-Content-Type-Options was not set to 'nosniff'. This allows older versions of Internet Explorer and Chrome to perform MIME-sniffing on the response body, potentially causing the response body to be interpreted and displayed as a content type other than the declared content type. Current (early 2014) and legacy versions of Firefox will use the declared content type (if one is set), rather than performing MIME-sniffing.","messageId":"32","url":"https://todoist.com/_next/static/Su7XJ3Y1iReNK_fTNqchx/_buildManifest.js","reference":"http://msdn.microsoft.com/en-us/library/ie/gg622941%28v=vs.85%29.aspx\nhttps://owasp.org/www-community/Security_Headers","solution":"Ensure that the application/web server sets the Content-Type header appropriately, and that it sets the X-Content-Type-Options header to 'nosniff' for all web pages.\nIf possible, ensure that the end user uses a standards-compliant and modern web browser that does not perform MIME-sniffing at all, or that can be directed by the web application/web server to not perform MIME-sniffing.","alert":"X-Content-Type-Options Header Missing","param":"X-Content-Type-Options","attack":"","name":"X-Content-Type-Options Header Missing","risk":"Low","id":"195","alertRef":"10021"},{"sourceid":"3","other":"This issue still applies to error type pages (401, 403, 500, etc.) as those pages are often still affected by injection issues, in which case there is still concern for browsers sniffing pages away from their actual content type.\nAt \"High\" threshold this scan rule will not alert on client or server error responses.","method":"GET","evidence":"","pluginId":"10021","cweid":"16","confidence":"Medium","wascid":"15","description":"The Anti-MIME-Sniffing header X-Content-Type-Options was not set to 'nosniff'. This allows older versions of Internet Explorer and Chrome to perform MIME-sniffing on the response body, potentially causing the response body to be interpreted and displayed as a content type other than the declared content type. Current (early 2014) and legacy versions of Firefox will use the declared content type (if one is set), rather than performing MIME-sniffing.","messageId":"35","url":"https://todoist.com/_next/static/Su7XJ3Y1iReNK_fTNqchx/_ssgManifest.js","reference":"http://msdn.microsoft.com/en-us/library/ie/gg622941%28v=vs.85%29.aspx\nhttps://owasp.org/www-community/Security_Headers","solution":"Ensure that the application/web server sets the Content-Type header appropriately, and that it sets the X-Content-Type-Options header to 'nosniff' for all web pages.\nIf possible, ensure that the end user uses a standards-compliant and modern web browser that does not perform MIME-sniffing at all, or that can be directed by the web application/web server to not perform MIME-sniffing.","alert":"X-Content-Type-Options Header Missing","param":"X-Content-Type-Options","attack":"","name":"X-Content-Type-Options Header Missing","risk":"Low","id":"196","alertRef":"10021"},{"sourceid":"3","other":"This issue still applies to error type pages (401, 403, 500, etc.) as those pages are often still affected by injection issues, in which case there is still concern for browsers sniffing pages away from their actual content type.\nAt \"High\" threshold this scan rule will not alert on client or server error responses.","method":"GET","evidence":"","pluginId":"10021","cweid":"16","confidence":"Medium","wascid":"15","description":"The Anti-MIME-Sniffing header X-Content-Type-Options was not set to 'nosniff'. This allows older versions of Internet Explorer and Chrome to perform MIME-sniffing on the response body, potentially causing the response body to be interpreted and displayed as a content type other than the declared content type. Current (early 2014) and legacy versions of Firefox will use the declared content type (if one is set), rather than performing MIME-sniffing.","messageId":"47","url":"https://todoist.com/static/fonts/Graphik-Regular-Web.woff","reference":"http://msdn.microsoft.com/en-us/library/ie/gg622941%28v=vs.85%29.aspx\nhttps://owasp.org/www-community/Security_Headers","solution":"Ensure that the application/web server sets the Content-Type header appropriately, and that it sets the X-Content-Type-Options header to 'nosniff' for all web pages.\nIf possible, ensure that the end user uses a standards-compliant and modern web browser that does not perform MIME-sniffing at all, or that can be directed by the web application/web server to not perform MIME-sniffing.","alert":"X-Content-Type-Options Header Missing","param":"X-Content-Type-Options","attack":"","name":"X-Content-Type-Options Header Missing","risk":"Low","id":"239","alertRef":"10021"},{"sourceid":"3","other":"This issue still applies to error type pages (401, 403, 500, etc.) as those pages are often still affected by injection issues, in which case there is still concern for browsers sniffing pages away from their actual content type.\nAt \"High\" threshold this scan rule will not alert on client or server error responses.","method":"GET","evidence":"","pluginId":"10021","cweid":"16","confidence":"Medium","wascid":"15","description":"The Anti-MIME-Sniffing header X-Content-Type-Options was not set to 'nosniff'. This allows older versions of Internet Explorer and Chrome to perform MIME-sniffing on the response body, potentially causing the response body to be interpreted and displayed as a content type other than the declared content type. Current (early 2014) and legacy versions of Firefox will use the declared content type (if one is set), rather than performing MIME-sniffing.","messageId":"48","url":"https://todoist.com/static/fonts/Graphik-Semibold-Web.woff","reference":"http://msdn.microsoft.com/en-us/library/ie/gg622941%28v=vs.85%29.aspx\nhttps://owasp.org/www-community/Security_Headers","solution":"Ensure that the application/web server sets the Content-Type header appropriately, and that it sets the X-Content-Type-Options header to 'nosniff' for all web pages.\nIf possible, ensure that the end user uses a standards-compliant and modern web browser that does not perform MIME-sniffing at all, or that can be directed by the web application/web server to not perform MIME-sniffing.","alert":"X-Content-Type-Options Header Missing","param":"X-Content-Type-Options","attack":"","name":"X-Content-Type-Options Header Missing","risk":"Low","id":"240","alertRef":"10021"},{"sourceid":"3","other":"This issue still applies to error type pages (401, 403, 500, etc.) as those pages are often still affected by injection issues, in which case there is still concern for browsers sniffing pages away from their actual content type.\nAt \"High\" threshold this scan rule will not alert on client or server error responses.","method":"GET","evidence":"","pluginId":"10021","cweid":"16","confidence":"Medium","wascid":"15","description":"The Anti-MIME-Sniffing header X-Content-Type-Options was not set to 'nosniff'. This allows older versions of Internet Explorer and Chrome to perform MIME-sniffing on the response body, potentially causing the response body to be interpreted and displayed as a content type other than the declared content type. Current (early 2014) and legacy versions of Firefox will use the declared content type (if one is set), rather than performing MIME-sniffing.","messageId":"51","url":"https://todoist.com/static/fonts/Caecilia-RegularItalic-Web.woff","reference":"http://msdn.microsoft.com/en-us/library/ie/gg622941%28v=vs.85%29.aspx\nhttps://owasp.org/www-community/Security_Headers","solution":"Ensure that the application/web server sets the Content-Type header appropriately, and that it sets the X-Content-Type-Options header to 'nosniff' for all web pages.\nIf possible, ensure that the end user uses a standards-compliant and modern web browser that does not perform MIME-sniffing at all, or that can be directed by the web application/web server to not perform MIME-sniffing.","alert":"X-Content-Type-Options Header Missing","param":"X-Content-Type-Options","attack":"","name":"X-Content-Type-Options Header Missing","risk":"Low","id":"241","alertRef":"10021"},{"sourceid":"3","other":"","method":"GET","evidence":"public, max-age=31536000, immutable","pluginId":"10015","cweid":"525","confidence":"Medium","wascid":"13","description":"The cache-control and pragma HTTP header have not been set properly or are missing allowing the browser and proxies to cache content.","messageId":"55","url":"https://todoist.com/static/locales/es/common.json","reference":"https://cheatsheetseries.owasp.org/cheatsheets/Session_Management_Cheat_Sheet.html#web-content-caching","solution":"Whenever possible ensure the cache-control HTTP header is set with no-cache, no-store, must-revalidate; and that the pragma HTTP header is set with no-cache.","alert":"Incomplete or No Cache-control and Pragma HTTP Header Set","param":"Cache-Control","attack":"","name":"Incomplete or No Cache-control and Pragma HTTP Header Set","risk":"Low","id":"244","alertRef":"10015"},{"sourceid":"3","other":"This issue still applies to error type pages (401, 403, 500, etc.) as those pages are often still affected by injection issues, in which case there is still concern for browsers sniffing pages away from their actual content type.\nAt \"High\" threshold this scan rule will not alert on client or server error responses.","method":"GET","evidence":"","pluginId":"10021","cweid":"16","confidence":"Medium","wascid":"15","description":"The Anti-MIME-Sniffing header X-Content-Type-Options was not set to 'nosniff'. This allows older versions of Internet Explorer and Chrome to perform MIME-sniffing on the response body, potentially causing the response body to be interpreted and displayed as a content type other than the declared content type. Current (early 2014) and legacy versions of Firefox will use the declared content type (if one is set), rather than performing MIME-sniffing.","messageId":"55","url":"https://todoist.com/static/locales/es/common.json","reference":"http://msdn.microsoft.com/en-us/library/ie/gg622941%28v=vs.85%29.aspx\nhttps://owasp.org/www-community/Security_Headers","solution":"Ensure that the application/web server sets the Content-Type header appropriately, and that it sets the X-Content-Type-Options header to 'nosniff' for all web pages.\nIf possible, ensure that the end user uses a standards-compliant and modern web browser that does not perform MIME-sniffing at all, or that can be directed by the web application/web server to not perform MIME-sniffing.","alert":"X-Content-Type-Options Header Missing","param":"X-Content-Type-Options","attack":"","name":"X-Content-Type-Options Header Missing","risk":"Low","id":"245","alertRef":"10021"},{"sourceid":"3","other":"","method":"GET","evidence":"public, max-age=31536000, immutable","pluginId":"10015","cweid":"525","confidence":"Medium","wascid":"13","description":"The cache-control and pragma HTTP header have not been set properly or are missing allowing the browser and proxies to cache content.","messageId":"58","url":"https://todoist.com/static/locales/en/common.json","reference":"https://cheatsheetseries.owasp.org/cheatsheets/Session_Management_Cheat_Sheet.html#web-content-caching","solution":"Whenever possible ensure the cache-control HTTP header is set with no-cache, no-store, must-revalidate; and that the pragma HTTP header is set with no-cache.","alert":"Incomplete or No Cache-control and Pragma HTTP Header Set","param":"Cache-Control","attack":"","name":"Incomplete or No Cache-control and Pragma HTTP Header Set","risk":"Low","id":"246","alertRef":"10015"},{"sourceid":"3","other":"This issue still applies to error type pages (401, 403, 500, etc.) as those pages are often still affected by injection issues, in which case there is still concern for browsers sniffing pages away from their actual content type.\nAt \"High\" threshold this scan rule will not alert on client or server error responses.","method":"GET","evidence":"","pluginId":"10021","cweid":"16","confidence":"Medium","wascid":"15","description":"The Anti-MIME-Sniffing header X-Content-Type-Options was not set to 'nosniff'. This allows older versions of Internet Explorer and Chrome to perform MIME-sniffing on the response body, potentially causing the response body to be interpreted and displayed as a content type other than the declared content type. Current (early 2014) and legacy versions of Firefox will use the declared content type (if one is set), rather than performing MIME-sniffing.","messageId":"58","url":"https://todoist.com/static/locales/en/common.json","reference":"http://msdn.microsoft.com/en-us/library/ie/gg622941%28v=vs.85%29.aspx\nhttps://owasp.org/www-community/Security_Headers","solution":"Ensure that the application/web server sets the Content-Type header appropriately, and that it sets the X-Content-Type-Options header to 'nosniff' for all web pages.\nIf possible, ensure that the end user uses a standards-compliant and modern web browser that does not perform MIME-sniffing at all, or that can be directed by the web application/web server to not perform MIME-sniffing.","alert":"X-Content-Type-Options Header Missing","param":"X-Content-Type-Options","attack":"","name":"X-Content-Type-Options Header Missing","risk":"Low","id":"247","alertRef":"10021"},{"sourceid":"3","other":"","method":"GET","evidence":"","pluginId":"10015","cweid":"525","confidence":"Medium","wascid":"13","description":"The cache-control and pragma HTTP header have not been set properly or are missing allowing the browser and proxies to cache content.","messageId":"132","url":"https://todoist.com/users/showlogin","reference":"https://cheatsheetseries.owasp.org/cheatsheets/Session_Management_Cheat_Sheet.html#web-content-caching","solution":"Whenever possible ensure the cache-control HTTP header is set with no-cache, no-store, must-revalidate; and that the pragma HTTP header is set with no-cache.","alert":"Incomplete or No Cache-control and Pragma HTTP Header Set","param":"Cache-Control","attack":"","name":"Incomplete or No Cache-control and Pragma HTTP Header Set","risk":"Low","id":"314","alertRef":"10015"},{"sourceid":"3","other":"","method":"GET","evidence":"Set-Cookie: csrf","pluginId":"10010","cweid":"16","confidence":"Medium","wascid":"13","description":"A cookie has been set without the HttpOnly flag, which means that the cookie can be accessed by JavaScript. If a malicious script can be run on this page then the cookie will be accessible and can be transmitted to another site. If this is a session cookie then session hijacking may be possible.","messageId":"132","url":"https://todoist.com/users/showlogin","reference":"https://owasp.org/www-community/HttpOnly","solution":"Ensure that the HttpOnly flag is set for all cookies.","alert":"Cookie No HttpOnly Flag","param":"csrf","attack":"","name":"Cookie No HttpOnly Flag","risk":"Low","id":"315","alertRef":"10010"},{"sourceid":"3","other":"","method":"GET","evidence":"Set-Cookie: csrf","pluginId":"10054","cweid":"16","confidence":"Medium","wascid":"13","description":"A cookie has been set with an invalid SameSite attribute value, which means that the cookie can be sent as a result of a 'cross-site' request. The SameSite attribute is an effective counter measure to cross-site request forgery, cross-site script inclusion, and timing attacks.","messageId":"132","url":"https://todoist.com/users/showlogin","reference":"https://tools.ietf.org/html/draft-ietf-httpbis-cookie-same-site","solution":"Ensure that the SameSite attribute is set to either 'lax' or ideally 'strict' for all cookies.","alert":"Cookie Without SameSite Attribute","param":"csrf","attack":"","name":"Cookie Without SameSite Attribute","risk":"Low","id":"316","alertRef":"10054"},{"sourceid":"3","other":"","method":"GET","evidence":"<script type=\"text/javascript\" src=\"https://d3ptyyxy2at9ui.cloudfront.net/es-ab54e0.js\"><\/script>","pluginId":"10017","cweid":"829","confidence":"Medium","wascid":"15","description":"The page includes one or more script files from a third-party domain.","messageId":"132","url":"https://todoist.com/users/showlogin","reference":"","solution":"Ensure JavaScript source files are loaded from only trusted sources, and the sources can't be controlled by end users of the application.","alert":"Cross-Domain JavaScript Source File Inclusion","param":"https://d3ptyyxy2at9ui.cloudfront.net/es-ab54e0.js","attack":"","name":"Cross-Domain JavaScript Source File Inclusion","risk":"Low","id":"317","alertRef":"10017"},{"sourceid":"3","other":"","method":"GET","evidence":"<script type=\"text/javascript\" src=\"https://d3ptyyxy2at9ui.cloudfront.net/Col_ICECollection-8b8f90.js\" ><\/script>","pluginId":"10017","cweid":"829","confidence":"Medium","wascid":"15","description":"The page includes one or more script files from a third-party domain.","messageId":"132","url":"https://todoist.com/users/showlogin","reference":"","solution":"Ensure JavaScript source files are loaded from only trusted sources, and the sources can't be controlled by end users of the application.","alert":"Cross-Domain JavaScript Source File Inclusion","param":"https://d3ptyyxy2at9ui.cloudfront.net/Col_ICECollection-8b8f90.js","attack":"","name":"Cross-Domain JavaScript Source File Inclusion","risk":"Low","id":"318","alertRef":"10017"},{"sourceid":"3","other":"","method":"GET","evidence":"<script type=\"text/javascript\" src=\"https://d3ptyyxy2at9ui.cloudfront.net/GreyBox-b6bb57.js\" ><\/script>","pluginId":"10017","cweid":"829","confidence":"Medium","wascid":"15","description":"The page includes one or more script files from a third-party domain.","messageId":"132","url":"https://todoist.com/users/showlogin","reference":"","solution":"Ensure JavaScript source files are loaded from only trusted sources, and the sources can't be controlled by end users of the application.","alert":"Cross-Domain JavaScript Source File Inclusion","param":"https://d3ptyyxy2at9ui.cloudfront.net/GreyBox-b6bb57.js","attack":"","name":"Cross-Domain JavaScript Source File Inclusion","risk":"Low","id":"319","alertRef":"10017"},{"sourceid":"3","other":"","method":"GET","evidence":"<script type=\"text/javascript\" src=\"https://d3ptyyxy2at9ui.cloudfront.net/Col_StandalonePageCollection-d72ac1.js\" ><\/script>","pluginId":"10017","cweid":"829","confidence":"Medium","wascid":"15","description":"The page includes one or more script files from a third-party domain.","messageId":"132","url":"https://todoist.com/users/showlogin","reference":"","solution":"Ensure JavaScript source files are loaded from only trusted sources, and the sources can't be controlled by end users of the application.","alert":"Cross-Domain JavaScript Source File Inclusion","param":"https://d3ptyyxy2at9ui.cloudfront.net/Col_StandalonePageCollection-d72ac1.js","attack":"","name":"Cross-Domain JavaScript Source File Inclusion","risk":"Low","id":"320","alertRef":"10017"},{"sourceid":"3","other":"","method":"GET","evidence":"<script type=\"text/javascript\" src=\"https://d3ptyyxy2at9ui.cloudfront.net/Col_PluginCollection-f907f0.js\" ><\/script>","pluginId":"10017","cweid":"829","confidence":"Medium","wascid":"15","description":"The page includes one or more script files from a third-party domain.","messageId":"132","url":"https://todoist.com/users/showlogin","reference":"","solution":"Ensure JavaScript source files are loaded from only trusted sources, and the sources can't be controlled by end users of the application.","alert":"Cross-Domain JavaScript Source File Inclusion","param":"https://d3ptyyxy2at9ui.cloudfront.net/Col_PluginCollection-f907f0.js","attack":"","name":"Cross-Domain JavaScript Source File Inclusion","risk":"Low","id":"322","alertRef":"10017"},{"sourceid":"3","other":"","method":"GET","evidence":"<script type=\"text/javascript\" src=\"https://d3ptyyxy2at9ui.cloudfront.net/ist_button-56a55c.js\" ><\/script>","pluginId":"10017","cweid":"829","confidence":"Medium","wascid":"15","description":"The page includes one or more script files from a third-party domain.","messageId":"132","url":"https://todoist.com/users/showlogin","reference":"","solution":"Ensure JavaScript source files are loaded from only trusted sources, and the sources can't be controlled by end users of the application.","alert":"Cross-Domain JavaScript Source File Inclusion","param":"https://d3ptyyxy2at9ui.cloudfront.net/ist_button-56a55c.js","attack":"","name":"Cross-Domain JavaScript Source File Inclusion","risk":"Low","id":"323","alertRef":"10017"},{"sourceid":"3","other":"","method":"GET","evidence":"<script type=\"text/javascript\" src=\"https://d3ptyyxy2at9ui.cloudfront.net/Col_LoginSignupCollection-976c4c.js\" ><\/script>","pluginId":"10017","cweid":"829","confidence":"Medium","wascid":"15","description":"The page includes one or more script files from a third-party domain.","messageId":"132","url":"https://todoist.com/users/showlogin","reference":"","solution":"Ensure JavaScript source files are loaded from only trusted sources, and the sources can't be controlled by end users of the application.","alert":"Cross-Domain JavaScript Source File Inclusion","param":"https://d3ptyyxy2at9ui.cloudfront.net/Col_LoginSignupCollection-976c4c.js","attack":"","name":"Cross-Domain JavaScript Source File Inclusion","risk":"Low","id":"324","alertRef":"10017"},{"sourceid":"3","other":"This issue still applies to error type pages (401, 403, 500, etc.) as those pages are often still affected by injection issues, in which case there is still concern for browsers sniffing pages away from their actual content type.\nAt \"High\" threshold this scan rule will not alert on client or server error responses.","method":"GET","evidence":"","pluginId":"10021","cweid":"16","confidence":"Medium","wascid":"15","description":"The Anti-MIME-Sniffing header X-Content-Type-Options was not set to 'nosniff'. This allows older versions of Internet Explorer and Chrome to perform MIME-sniffing on the response body, potentially causing the response body to be interpreted and displayed as a content type other than the declared content type. Current (early 2014) and legacy versions of Firefox will use the declared content type (if one is set), rather than performing MIME-sniffing.","messageId":"132","url":"https://todoist.com/users/showlogin","reference":"http://msdn.microsoft.com/en-us/library/ie/gg622941%28v=vs.85%29.aspx\nhttps://owasp.org/www-community/Security_Headers","solution":"Ensure that the application/web server sets the Content-Type header appropriately, and that it sets the X-Content-Type-Options header to 'nosniff' for all web pages.\nIf possible, ensure that the end user uses a standards-compliant and modern web browser that does not perform MIME-sniffing at all, or that can be directed by the web application/web server to not perform MIME-sniffing.","alert":"X-Content-Type-Options Header Missing","param":"X-Content-Type-Options","attack":"","name":"X-Content-Type-Options Header Missing","risk":"Low","id":"325","alertRef":"10021"},{"sourceid":"3","other":"","method":"GET","evidence":"","pluginId":"10020","cweid":"16","confidence":"Medium","wascid":"15","description":"X-Frame-Options header is not included in the HTTP response to protect against 'ClickJacking' attacks.","messageId":"132","url":"https://todoist.com/users/showlogin","reference":"https://developer.mozilla.org/en-US/docs/Web/HTTP/Headers/X-Frame-Options","solution":"Most modern Web browsers support the X-Frame-Options HTTP header. Ensure it's set on all web pages returned by your site (if you expect the page to be framed only by pages on your server (e.g. it's part of a FRAMESET) then you'll want to use SAMEORIGIN, otherwise if you never expect the page to be framed, you should use DENY. Alternatively consider implementing Content Security Policy's \"frame-ancestors\" directive. ","alert":"X-Frame-Options Header Not Set","param":"X-Frame-Options","attack":"","name":"X-Frame-Options Header Not Set","risk":"Medium","id":"326","alertRef":"10020"},{"sourceid":"3","other":"","method":"POST","evidence":"Set-Cookie: todoistd","pluginId":"10054","cweid":"16","confidence":"Medium","wascid":"13","description":"A cookie has been set with an invalid SameSite attribute value, which means that the cookie can be sent as a result of a 'cross-site' request. The SameSite attribute is an effective counter measure to cross-site request forgery, cross-site script inclusion, and timing attacks.","messageId":"156","url":"https://todoist.com/Users/login","reference":"https://tools.ietf.org/html/draft-ietf-httpbis-cookie-same-site","solution":"Ensure that the SameSite attribute is set to either 'lax' or ideally 'strict' for all cookies.","alert":"Cookie Without SameSite Attribute","param":"todoistd","attack":"","name":"Cookie Without SameSite Attribute","risk":"Low","id":"371","alertRef":"10054"},{"sourceid":"3","other":"31536000, which evaluates to: 1970-12-31 19:00:00","method":"POST","evidence":"31536000","pluginId":"10096","cweid":"200","confidence":"Low","wascid":"13","description":"A timestamp was disclosed by the application/web server - Unix","messageId":"156","url":"https://todoist.com/Users/login","reference":"http://projects.webappsec.org/w/page/13246936/Information%20Leakage","solution":"Manually confirm that the timestamp data is not sensitive, and that the data cannot be aggregated to disclose exploitable patterns.","alert":"Timestamp Disclosure - Unix","param":"","attack":"","name":"Timestamp Disclosure - Unix","risk":"Informational","id":"372","alertRef":"10096"},{"sourceid":"3","other":"The response contained multiple CSP headers, one or more of them contained a report-uri directive and therefore they could not be merged. The first identified header/policy was analyzed.","method":"GET","evidence":"default-src 'self' wss://*.todoist.com https://www.google-analytics.com https://o476415.ingest.sentry.io https://d3ptyyxy2at9ui.cloudfront.net https://dcff1xvirvpfp.cloudfront.net https://d266vjxpnndrqi.cloudfront.net https://x-api.rollout.io https://statestore.rollout.io https://conf.rollout.io https://push.rollout.io https://analytic.rollout.io https://browser.sentry-cdn.com https://www.dropbox.com/static/api/2/dropins.js https://apis.google.com https://*.todoist.com https://todoist.com https://maps.googleapis.com https://fonts.gstatic.com; style-src 'self' wss://*.todoist.com https://www.google-analytics.com https://o476415.ingest.sentry.io https://d3ptyyxy2at9ui.cloudfront.net https://dcff1xvirvpfp.cloudfront.net https://d266vjxpnndrqi.cloudfront.net https://x-api.rollout.io https://statestore.rollout.io https://conf.rollout.io https://push.rollout.io https://analytic.rollout.io https://browser.sentry-cdn.com https://www.dropbox.com/static/api/2/dropins.js https://apis.google.com https://*.todoist.com https://todoist.com https://maps.googleapis.com https://fonts.gstatic.com 'unsafe-inline' https://fonts.googleapis.com; img-src 'self' data:  https://d3ptyyxy2at9ui.cloudfront.net https://dcff1xvirvpfp.cloudfront.net https://d266vjxpnndrqi.cloudfront.net https://d1x0mwiac2rqwt.cloudfront.net https://avatars.doist.com https://image-resize.todoist.com https://maps.gstatic.com https://*.googleapis.com https://*.ggpht https://twemoji.maxcdn.com https://www.google-analytics.com; media-src 'self' https://d1ysz50cxb9zwl.cloudfront.net https://d3ptyyxy2at9ui.cloudfront.net https://files.todoist.com; frame-src 'self' https://www.dropbox.com https://accounts.google.com https://docs.google.com; report-uri /csp_report","pluginId":"10055","cweid":"16","confidence":"Medium","wascid":"15","description":"Info Items:\n1:1715: A draft of the next version of CSP deprecates report-uri in favour of a new report-to directive.\n","messageId":"158","url":"https://todoist.com/app/","reference":"http://www.w3.org/TR/CSP2/\nhttp://www.w3.org/TR/CSP/\nhttp://caniuse.com/#search=content+security+policy\nhttp://content-security-policy.com/\nhttps://github.com/shapesecurity/salvation\nhttps://developers.google.com/web/fundamentals/security/csp#policy_applies_to_a_wide_variety_of_resources","solution":"Ensure that your web server, application server, load balancer, etc. is properly configured to set the Content-Security-Policy header.","alert":"CSP: Notices","param":"Content-Security-Policy","attack":"","name":"CSP: Notices","risk":"Informational","id":"373","alertRef":"10055"},{"sourceid":"3","other":"The response contained multiple CSP headers, one or more of them contained a report-uri directive and therefore they could not be merged. The first identified header/policy was analyzed.","method":"GET","evidence":"default-src 'self' wss://*.todoist.com https://www.google-analytics.com https://o476415.ingest.sentry.io https://d3ptyyxy2at9ui.cloudfront.net https://dcff1xvirvpfp.cloudfront.net https://d266vjxpnndrqi.cloudfront.net https://x-api.rollout.io https://statestore.rollout.io https://conf.rollout.io https://push.rollout.io https://analytic.rollout.io https://browser.sentry-cdn.com https://www.dropbox.com/static/api/2/dropins.js https://apis.google.com https://*.todoist.com https://todoist.com https://maps.googleapis.com https://fonts.gstatic.com; style-src 'self' wss://*.todoist.com https://www.google-analytics.com https://o476415.ingest.sentry.io https://d3ptyyxy2at9ui.cloudfront.net https://dcff1xvirvpfp.cloudfront.net https://d266vjxpnndrqi.cloudfront.net https://x-api.rollout.io https://statestore.rollout.io https://conf.rollout.io https://push.rollout.io https://analytic.rollout.io https://browser.sentry-cdn.com https://www.dropbox.com/static/api/2/dropins.js https://apis.google.com https://*.todoist.com https://todoist.com https://maps.googleapis.com https://fonts.gstatic.com 'unsafe-inline' https://fonts.googleapis.com; img-src 'self' data:  https://d3ptyyxy2at9ui.cloudfront.net https://dcff1xvirvpfp.cloudfront.net https://d266vjxpnndrqi.cloudfront.net https://d1x0mwiac2rqwt.cloudfront.net https://avatars.doist.com https://image-resize.todoist.com https://maps.gstatic.com https://*.googleapis.com https://*.ggpht https://twemoji.maxcdn.com https://www.google-analytics.com; media-src 'self' https://d1ysz50cxb9zwl.cloudfront.net https://d3ptyyxy2at9ui.cloudfront.net https://files.todoist.com; frame-src 'self' https://www.dropbox.com https://accounts.google.com https://docs.google.com; report-uri /csp_report","pluginId":"10055","cweid":"16","confidence":"Medium","wascid":"15","description":"The following directives either allow wildcard sources (or ancestors), are not defined, or are overly broadly defined: \nframe-ancestors, form-action\n\nThe directive(s): frame-ancestors, form-action are among the directives that do not fallback to default-src, missing/excluding them is the same as allowing anything.","messageId":"158","url":"https://todoist.com/app/","reference":"http://www.w3.org/TR/CSP2/\nhttp://www.w3.org/TR/CSP/\nhttp://caniuse.com/#search=content+security+policy\nhttp://content-security-policy.com/\nhttps://github.com/shapesecurity/salvation\nhttps://developers.google.com/web/fundamentals/security/csp#policy_applies_to_a_wide_variety_of_resources","solution":"Ensure that your web server, application server, load balancer, etc. is properly configured to set the Content-Security-Policy header.","alert":"CSP: Wildcard Directive","param":"Content-Security-Policy","attack":"","name":"CSP: Wildcard Directive","risk":"Medium","id":"374","alertRef":"10055"},{"sourceid":"3","other":"The response contained multiple CSP headers, one or more of them contained a report-uri directive and therefore they could not be merged. The first identified header/policy was analyzed.","method":"GET","evidence":"default-src 'self' wss://*.todoist.com https://www.google-analytics.com https://o476415.ingest.sentry.io https://d3ptyyxy2at9ui.cloudfront.net https://dcff1xvirvpfp.cloudfront.net https://d266vjxpnndrqi.cloudfront.net https://x-api.rollout.io https://statestore.rollout.io https://conf.rollout.io https://push.rollout.io https://analytic.rollout.io https://browser.sentry-cdn.com https://www.dropbox.com/static/api/2/dropins.js https://apis.google.com https://*.todoist.com https://todoist.com https://maps.googleapis.com https://fonts.gstatic.com; style-src 'self' wss://*.todoist.com https://www.google-analytics.com https://o476415.ingest.sentry.io https://d3ptyyxy2at9ui.cloudfront.net https://dcff1xvirvpfp.cloudfront.net https://d266vjxpnndrqi.cloudfront.net https://x-api.rollout.io https://statestore.rollout.io https://conf.rollout.io https://push.rollout.io https://analytic.rollout.io https://browser.sentry-cdn.com https://www.dropbox.com/static/api/2/dropins.js https://apis.google.com https://*.todoist.com https://todoist.com https://maps.googleapis.com https://fonts.gstatic.com 'unsafe-inline' https://fonts.googleapis.com; img-src 'self' data:  https://d3ptyyxy2at9ui.cloudfront.net https://dcff1xvirvpfp.cloudfront.net https://d266vjxpnndrqi.cloudfront.net https://d1x0mwiac2rqwt.cloudfront.net https://avatars.doist.com https://image-resize.todoist.com https://maps.gstatic.com https://*.googleapis.com https://*.ggpht https://twemoji.maxcdn.com https://www.google-analytics.com; media-src 'self' https://d1ysz50cxb9zwl.cloudfront.net https://d3ptyyxy2at9ui.cloudfront.net https://files.todoist.com; frame-src 'self' https://www.dropbox.com https://accounts.google.com https://docs.google.com; report-uri /csp_report","pluginId":"10055","cweid":"16","confidence":"Medium","wascid":"15","description":"style-src includes unsafe-inline.","messageId":"158","url":"https://todoist.com/app/","reference":"http://www.w3.org/TR/CSP2/\nhttp://www.w3.org/TR/CSP/\nhttp://caniuse.com/#search=content+security+policy\nhttp://content-security-policy.com/\nhttps://github.com/shapesecurity/salvation\nhttps://developers.google.com/web/fundamentals/security/csp#policy_applies_to_a_wide_variety_of_resources","solution":"Ensure that your web server, application server, load balancer, etc. is properly configured to set the Content-Security-Policy header.","alert":"CSP: style-src unsafe-inline","param":"Content-Security-Policy","attack":"","name":"CSP: style-src unsafe-inline","risk":"Medium","id":"375","alertRef":"10055"},{"sourceid":"3","other":"","method":"GET","evidence":"<script src=\"https://d3ptyyxy2at9ui.cloudfront.net/assets/initTheme.b1a12b68f418d0aa0577144c7364b8ab.js\"><\/script>","pluginId":"10017","cweid":"829","confidence":"Medium","wascid":"15","description":"The page includes one or more script files from a third-party domain.","messageId":"158","url":"https://todoist.com/app/","reference":"","solution":"Ensure JavaScript source files are loaded from only trusted sources, and the sources can't be controlled by end users of the application.","alert":"Cross-Domain JavaScript Source File Inclusion","param":"https://d3ptyyxy2at9ui.cloudfront.net/assets/initTheme.b1a12b68f418d0aa0577144c7364b8ab.js","attack":"","name":"Cross-Domain JavaScript Source File Inclusion","risk":"Low","id":"376","alertRef":"10017"},{"sourceid":"3","other":"","method":"GET","evidence":"<script async src=\"https://www.google-analytics.com/analytics.js\"><\/script>","pluginId":"10017","cweid":"829","confidence":"Medium","wascid":"15","description":"The page includes one or more script files from a third-party domain.","messageId":"158","url":"https://todoist.com/app/","reference":"","solution":"Ensure JavaScript source files are loaded from only trusted sources, and the sources can't be controlled by end users of the application.","alert":"Cross-Domain JavaScript Source File Inclusion","param":"https://www.google-analytics.com/analytics.js","attack":"","name":"Cross-Domain JavaScript Source File Inclusion","risk":"Low","id":"377","alertRef":"10017"},{"sourceid":"3","other":"","method":"GET","evidence":"<script src=\"https://d3ptyyxy2at9ui.cloudfront.net/assets/vendor.c9e825411fdc24f1ec7a.js\"><\/script>","pluginId":"10017","cweid":"829","confidence":"Medium","wascid":"15","description":"The page includes one or more script files from a third-party domain.","messageId":"158","url":"https://todoist.com/app/","reference":"","solution":"Ensure JavaScript source files are loaded from only trusted sources, and the sources can't be controlled by end users of the application.","alert":"Cross-Domain JavaScript Source File Inclusion","param":"https://d3ptyyxy2at9ui.cloudfront.net/assets/vendor.c9e825411fdc24f1ec7a.js","attack":"","name":"Cross-Domain JavaScript Source File Inclusion","risk":"Low","id":"378","alertRef":"10017"},{"sourceid":"3","other":"","method":"GET","evidence":"<script src=\"https://d3ptyyxy2at9ui.cloudfront.net/assets/app.1cf113e26f9d2c0630ec.js\"><\/script>","pluginId":"10017","cweid":"829","confidence":"Medium","wascid":"15","description":"The page includes one or more script files from a third-party domain.","messageId":"158","url":"https://todoist.com/app/","reference":"","solution":"Ensure JavaScript source files are loaded from only trusted sources, and the sources can't be controlled by end users of the application.","alert":"Cross-Domain JavaScript Source File Inclusion","param":"https://d3ptyyxy2at9ui.cloudfront.net/assets/app.1cf113e26f9d2c0630ec.js","attack":"","name":"Cross-Domain JavaScript Source File Inclusion","risk":"Low","id":"379","alertRef":"10017"},{"sourceid":"3","other":"572688855, which evaluates to: 1988-02-24 03:14:15","method":"GET","evidence":"572688855","pluginId":"10096","cweid":"200","confidence":"Low","wascid":"13","description":"A timestamp was disclosed by the application/web server - Unix","messageId":"158","url":"https://todoist.com/app/","reference":"http://projects.webappsec.org/w/page/13246936/Information%20Leakage","solution":"Manually confirm that the timestamp data is not sensitive, and that the data cannot be aggregated to disclose exploitable patterns.","alert":"Timestamp Disclosure - Unix","param":"","attack":"","name":"Timestamp Disclosure - Unix","risk":"Informational","id":"380","alertRef":"10096"},{"sourceid":"3","other":"This issue still applies to error type pages (401, 403, 500, etc.) as those pages are often still affected by injection issues, in which case there is still concern for browsers sniffing pages away from their actual content type.\nAt \"High\" threshold this scan rule will not alert on client or server error responses.","method":"GET","evidence":"","pluginId":"10021","cweid":"16","confidence":"Medium","wascid":"15","description":"The Anti-MIME-Sniffing header X-Content-Type-Options was not set to 'nosniff'. This allows older versions of Internet Explorer and Chrome to perform MIME-sniffing on the response body, potentially causing the response body to be interpreted and displayed as a content type other than the declared content type. Current (early 2014) and legacy versions of Firefox will use the declared content type (if one is set), rather than performing MIME-sniffing.","messageId":"158","url":"https://todoist.com/app/","reference":"http://msdn.microsoft.com/en-us/library/ie/gg622941%28v=vs.85%29.aspx\nhttps://owasp.org/www-community/Security_Headers","solution":"Ensure that the application/web server sets the Content-Type header appropriately, and that it sets the X-Content-Type-Options header to 'nosniff' for all web pages.\nIf possible, ensure that the end user uses a standards-compliant and modern web browser that does not perform MIME-sniffing at all, or that can be directed by the web application/web server to not perform MIME-sniffing.","alert":"X-Content-Type-Options Header Missing","param":"X-Content-Type-Options","attack":"","name":"X-Content-Type-Options Header Missing","risk":"Low","id":"381","alertRef":"10021"},{"sourceid":"3","other":"","method":"GET","evidence":"","pluginId":"10020","cweid":"16","confidence":"Medium","wascid":"15","description":"X-Frame-Options header is not included in the HTTP response to protect against 'ClickJacking' attacks.","messageId":"158","url":"https://todoist.com/app/","reference":"https://developer.mozilla.org/en-US/docs/Web/HTTP/Headers/X-Frame-Options","solution":"Most modern Web browsers support the X-Frame-Options HTTP header. Ensure it's set on all web pages returned by your site (if you expect the page to be framed only by pages on your server (e.g. it's part of a FRAMESET) then you'll want to use SAMEORIGIN, otherwise if you never expect the page to be framed, you should use DENY. Alternatively consider implementing Content Security Policy's \"frame-ancestors\" directive. ","alert":"X-Frame-Options Header Not Set","param":"X-Frame-Options","attack":"","name":"X-Frame-Options Header Not Set","risk":"Medium","id":"382","alertRef":"10020"},{"sourceid":"3","other":"","method":"POST","evidence":"no-cache","pluginId":"10015","cweid":"525","confidence":"Medium","wascid":"13","description":"The cache-control and pragma HTTP header have not been set properly or are missing allowing the browser and proxies to cache content.","messageId":"166","url":"https://todoist.com/API/v8.7/sync","reference":"https://cheatsheetseries.owasp.org/cheatsheets/Session_Management_Cheat_Sheet.html#web-content-caching","solution":"Whenever possible ensure the cache-control HTTP header is set with no-cache, no-store, must-revalidate; and that the pragma HTTP header is set with no-cache.","alert":"Incomplete or No Cache-control and Pragma HTTP Header Set","param":"Cache-Control","attack":"","name":"Incomplete or No Cache-control and Pragma HTTP Header Set","risk":"Low","id":"656","alertRef":"10015"},{"sourceid":"3","other":"1344642991, which evaluates to: 2012-08-10 18:56:31","method":"POST","evidence":"1344642991","pluginId":"10096","cweid":"200","confidence":"Low","wascid":"13","description":"A timestamp was disclosed by the application/web server - Unix","messageId":"166","url":"https://todoist.com/API/v8.7/sync","reference":"http://projects.webappsec.org/w/page/13246936/Information%20Leakage","solution":"Manually confirm that the timestamp data is not sensitive, and that the data cannot be aggregated to disclose exploitable patterns.","alert":"Timestamp Disclosure - Unix","param":"","attack":"","name":"Timestamp Disclosure - Unix","risk":"Informational","id":"657","alertRef":"10096"},{"sourceid":"3","other":"33304136, which evaluates to: 1971-01-21 06:08:56","method":"POST","evidence":"33304136","pluginId":"10096","cweid":"200","confidence":"Low","wascid":"13","description":"A timestamp was disclosed by the application/web server - Unix","messageId":"166","url":"https://todoist.com/API/v8.7/sync","reference":"http://projects.webappsec.org/w/page/13246936/Information%20Leakage","solution":"Manually confirm that the timestamp data is not sensitive, and that the data cannot be aggregated to disclose exploitable patterns.","alert":"Timestamp Disclosure - Unix","param":"","attack":"","name":"Timestamp Disclosure - Unix","risk":"Informational","id":"658","alertRef":"10096"},{"sourceid":"3","other":"43476449, which evaluates to: 1971-05-18 23:47:29","method":"POST","evidence":"43476449","pluginId":"10096","cweid":"200","confidence":"Low","wascid":"13","description":"A timestamp was disclosed by the application/web server - Unix","messageId":"166","url":"https://todoist.com/API/v8.7/sync","reference":"http://projects.webappsec.org/w/page/13246936/Information%20Leakage","solution":"Manually confirm that the timestamp data is not sensitive, and that the data cannot be aggregated to disclose exploitable patterns.","alert":"Timestamp Disclosure - Unix","param":"","attack":"","name":"Timestamp Disclosure - Unix","risk":"Informational","id":"659","alertRef":"10096"},{"sourceid":"3","other":"43476450, which evaluates to: 1971-05-18 23:47:30","method":"POST","evidence":"43476450","pluginId":"10096","cweid":"200","confidence":"Low","wascid":"13","description":"A timestamp was disclosed by the application/web server - Unix","messageId":"166","url":"https://todoist.com/API/v8.7/sync","reference":"http://projects.webappsec.org/w/page/13246936/Information%20Leakage","solution":"Manually confirm that the timestamp data is not sensitive, and that the data cannot be aggregated to disclose exploitable patterns.","alert":"Timestamp Disclosure - Unix","param":"","attack":"","name":"Timestamp Disclosure - Unix","risk":"Informational","id":"674","alertRef":"10096"},{"sourceid":"3","other":"43476451, which evaluates to: 1971-05-18 23:47:31","method":"POST","evidence":"43476451","pluginId":"10096","cweid":"200","confidence":"Low","wascid":"13","description":"A timestamp was disclosed by the application/web server - Unix","messageId":"166","url":"https://todoist.com/API/v8.7/sync","reference":"http://projects.webappsec.org/w/page/13246936/Information%20Leakage","solution":"Manually confirm that the timestamp data is not sensitive, and that the data cannot be aggregated to disclose exploitable patterns.","alert":"Timestamp Disclosure - Unix","param":"","attack":"","name":"Timestamp Disclosure - Unix","risk":"Informational","id":"680","alertRef":"10096"},{"sourceid":"3","other":"43476452, which evaluates to: 1971-05-18 23:47:32","method":"POST","evidence":"43476452","pluginId":"10096","cweid":"200","confidence":"Low","wascid":"13","description":"A timestamp was disclosed by the application/web server - Unix","messageId":"166","url":"https://todoist.com/API/v8.7/sync","reference":"http://projects.webappsec.org/w/page/13246936/Information%20Leakage","solution":"Manually confirm that the timestamp data is not sensitive, and that the data cannot be aggregated to disclose exploitable patterns.","alert":"Timestamp Disclosure - Unix","param":"","attack":"","name":"Timestamp Disclosure - Unix","risk":"Informational","id":"686","alertRef":"10096"},{"sourceid":"3","other":"205325931, which evaluates to: 1976-07-04 05:58:51","method":"POST","evidence":"205325931","pluginId":"10096","cweid":"200","confidence":"Low","wascid":"13","description":"A timestamp was disclosed by the application/web server - Unix","messageId":"166","url":"https://todoist.com/API/v8.7/sync","reference":"http://projects.webappsec.org/w/page/13246936/Information%20Leakage","solution":"Manually confirm that the timestamp data is not sensitive, and that the data cannot be aggregated to disclose exploitable patterns.","alert":"Timestamp Disclosure - Unix","param":"","attack":"","name":"Timestamp Disclosure - Unix","risk":"Informational","id":"697","alertRef":"10096"},{"sourceid":"3","other":"This issue still applies to error type pages (401, 403, 500, etc.) as those pages are often still affected by injection issues, in which case there is still concern for browsers sniffing pages away from their actual content type.\nAt \"High\" threshold this scan rule will not alert on client or server error responses.","method":"POST","evidence":"","pluginId":"10021","cweid":"16","confidence":"Medium","wascid":"15","description":"The Anti-MIME-Sniffing header X-Content-Type-Options was not set to 'nosniff'. This allows older versions of Internet Explorer and Chrome to perform MIME-sniffing on the response body, potentially causing the response body to be interpreted and displayed as a content type other than the declared content type. Current (early 2014) and legacy versions of Firefox will use the declared content type (if one is set), rather than performing MIME-sniffing.","messageId":"166","url":"https://todoist.com/API/v8.7/sync","reference":"http://msdn.microsoft.com/en-us/library/ie/gg622941%28v=vs.85%29.aspx\nhttps://owasp.org/www-community/Security_Headers","solution":"Ensure that the application/web server sets the Content-Type header appropriately, and that it sets the X-Content-Type-Options header to 'nosniff' for all web pages.\nIf possible, ensure that the end user uses a standards-compliant and modern web browser that does not perform MIME-sniffing at all, or that can be directed by the web application/web server to not perform MIME-sniffing.","alert":"X-Content-Type-Options Header Missing","param":"X-Content-Type-Options","attack":"","name":"X-Content-Type-Options Header Missing","risk":"Low","id":"708","alertRef":"10021"}]}
Request URL: http://localhost:8080/JSON/ascan/view/status/?scanId=0
Request BODY: null
Response CODE: 200
Response BODY: {"status":"3"}
* Percentage Status: 3%
Request URL: http://localhost:8080/JSON/alert/view/alerts/?baseurl=https://todoist.com/
Request BODY: null
Response CODE: 500
Response BODY: {"code":"internal_error","message":"Error Interno"}
{"code":"internal_error","message":"Error Interno"}
Request URL: http://localhost:8080/JSON/ascan/view/status/?scanId=0
Request BODY: null
Response CODE: 200
Response BODY: {"status":"4"}
* Percentage Status: 4%
Request URL: http://localhost:8080/JSON/alert/view/alerts/?baseurl=https://todoist.com/
Request BODY: null
Response CODE: 200
Response BODY: {"alerts":[{"sourceid":"3","other":"","method":"GET","evidence":"Set-Cookie: AWSALB","pluginId":"10010","cweid":"16","confidence":"Medium","wascid":"13","description":"A cookie has been set without the HttpOnly flag, which means that the cookie can be accessed by JavaScript. If a malicious script can be run on this page then the cookie will be accessible and can be transmitted to another site. If this is a session cookie then session hijacking may be possible.","messageId":"3","url":"https://todoist.com/","reference":"https://owasp.org/www-community/HttpOnly","solution":"Ensure that the HttpOnly flag is set for all cookies.","alert":"Cookie No HttpOnly Flag","param":"AWSALB","attack":"","name":"Cookie No HttpOnly Flag","risk":"Low","id":"0","alertRef":"10010"},{"sourceid":"3","other":"","method":"GET","evidence":"Set-Cookie: AWSALBCORS","pluginId":"10010","cweid":"16","confidence":"Medium","wascid":"13","description":"A cookie has been set without the HttpOnly flag, which means that the cookie can be accessed by JavaScript. If a malicious script can be run on this page then the cookie will be accessible and can be transmitted to another site. If this is a session cookie then session hijacking may be possible.","messageId":"3","url":"https://todoist.com/","reference":"https://owasp.org/www-community/HttpOnly","solution":"Ensure that the HttpOnly flag is set for all cookies.","alert":"Cookie No HttpOnly Flag","param":"AWSALBCORS","attack":"","name":"Cookie No HttpOnly Flag","risk":"Low","id":"1","alertRef":"10010"},{"sourceid":"3","other":"","method":"GET","evidence":"Set-Cookie: _csrf","pluginId":"10010","cweid":"16","confidence":"Medium","wascid":"13","description":"A cookie has been set without the HttpOnly flag, which means that the cookie can be accessed by JavaScript. If a malicious script can be run on this page then the cookie will be accessible and can be transmitted to another site. If this is a session cookie then session hijacking may be possible.","messageId":"3","url":"https://todoist.com/","reference":"https://owasp.org/www-community/HttpOnly","solution":"Ensure that the HttpOnly flag is set for all cookies.","alert":"Cookie No HttpOnly Flag","param":"_csrf","attack":"","name":"Cookie No HttpOnly Flag","risk":"Low","id":"2","alertRef":"10010"},{"sourceid":"3","other":"","method":"GET","evidence":"Set-Cookie: next-i18next","pluginId":"10010","cweid":"16","confidence":"Medium","wascid":"13","description":"A cookie has been set without the HttpOnly flag, which means that the cookie can be accessed by JavaScript. If a malicious script can be run on this page then the cookie will be accessible and can be transmitted to another site. If this is a session cookie then session hijacking may be possible.","messageId":"3","url":"https://todoist.com/","reference":"https://owasp.org/www-community/HttpOnly","solution":"Ensure that the HttpOnly flag is set for all cookies.","alert":"Cookie No HttpOnly Flag","param":"next-i18next","attack":"","name":"Cookie No HttpOnly Flag","risk":"Low","id":"3","alertRef":"10010"},{"sourceid":"3","other":"","method":"GET","evidence":"Set-Cookie: AWSALB","pluginId":"10054","cweid":"16","confidence":"Medium","wascid":"13","description":"A cookie has been set without the SameSite attribute, which means that the cookie can be sent as a result of a 'cross-site' request. The SameSite attribute is an effective counter measure to cross-site request forgery, cross-site script inclusion, and timing attacks.","messageId":"3","url":"https://todoist.com/","reference":"https://tools.ietf.org/html/draft-ietf-httpbis-cookie-same-site","solution":"Ensure that the SameSite attribute is set to either 'lax' or ideally 'strict' for all cookies.","alert":"Cookie Without SameSite Attribute","param":"AWSALB","attack":"","name":"Cookie Without SameSite Attribute","risk":"Low","id":"4","alertRef":"10054"},{"sourceid":"3","other":"","method":"GET","evidence":"Set-Cookie: AWSALBCORS","pluginId":"10054","cweid":"16","confidence":"Medium","wascid":"13","description":"A cookie has been set with an invalid SameSite attribute value, which means that the cookie can be sent as a result of a 'cross-site' request. The SameSite attribute is an effective counter measure to cross-site request forgery, cross-site script inclusion, and timing attacks.","messageId":"3","url":"https://todoist.com/","reference":"https://tools.ietf.org/html/draft-ietf-httpbis-cookie-same-site","solution":"Ensure that the SameSite attribute is set to either 'lax' or ideally 'strict' for all cookies.","alert":"Cookie Without SameSite Attribute","param":"AWSALBCORS","attack":"","name":"Cookie Without SameSite Attribute","risk":"Low","id":"5","alertRef":"10054"},{"sourceid":"3","other":"","method":"GET","evidence":"Set-Cookie: _csrf","pluginId":"10054","cweid":"16","confidence":"Medium","wascid":"13","description":"A cookie has been set without the SameSite attribute, which means that the cookie can be sent as a result of a 'cross-site' request. The SameSite attribute is an effective counter measure to cross-site request forgery, cross-site script inclusion, and timing attacks.","messageId":"3","url":"https://todoist.com/","reference":"https://tools.ietf.org/html/draft-ietf-httpbis-cookie-same-site","solution":"Ensure that the SameSite attribute is set to either 'lax' or ideally 'strict' for all cookies.","alert":"Cookie Without SameSite Attribute","param":"_csrf","attack":"","name":"Cookie Without SameSite Attribute","risk":"Low","id":"6","alertRef":"10054"},{"sourceid":"3","other":"","method":"GET","evidence":"Set-Cookie: AWSALB","pluginId":"10011","cweid":"614","confidence":"Medium","wascid":"13","description":"A cookie has been set without the secure flag, which means that the cookie can be accessed via unencrypted connections.","messageId":"3","url":"https://todoist.com/","reference":"https://owasp.org/www-project-web-security-testing-guide/v41/4-Web_Application_Security_Testing/06-Session_Management_Testing/02-Testing_for_Cookies_Attributes.html","solution":"Whenever a cookie contains sensitive information or is a session token, then it should always be passed using an encrypted channel. Ensure that the secure flag is set for cookies containing such sensitive information.","alert":"Cookie Without Secure Flag","param":"AWSALB","attack":"","name":"Cookie Without Secure Flag","risk":"Low","id":"7","alertRef":"10011"},{"sourceid":"3","other":"","method":"GET","evidence":"Set-Cookie: _csrf","pluginId":"10011","cweid":"614","confidence":"Medium","wascid":"13","description":"A cookie has been set without the secure flag, which means that the cookie can be accessed via unencrypted connections.","messageId":"3","url":"https://todoist.com/","reference":"https://owasp.org/www-project-web-security-testing-guide/v41/4-Web_Application_Security_Testing/06-Session_Management_Testing/02-Testing_for_Cookies_Attributes.html","solution":"Whenever a cookie contains sensitive information or is a session token, then it should always be passed using an encrypted channel. Ensure that the secure flag is set for cookies containing such sensitive information.","alert":"Cookie Without Secure Flag","param":"_csrf","attack":"","name":"Cookie Without Secure Flag","risk":"Low","id":"8","alertRef":"10011"},{"sourceid":"3","other":"","method":"GET","evidence":"Set-Cookie: next-i18next","pluginId":"10011","cweid":"614","confidence":"Medium","wascid":"13","description":"A cookie has been set without the secure flag, which means that the cookie can be accessed via unencrypted connections.","messageId":"3","url":"https://todoist.com/","reference":"https://owasp.org/www-project-web-security-testing-guide/v41/4-Web_Application_Security_Testing/06-Session_Management_Testing/02-Testing_for_Cookies_Attributes.html","solution":"Whenever a cookie contains sensitive information or is a session token, then it should always be passed using an encrypted channel. Ensure that the secure flag is set for cookies containing such sensitive information.","alert":"Cookie Without Secure Flag","param":"next-i18next","attack":"","name":"Cookie Without Secure Flag","risk":"Low","id":"9","alertRef":"10011"},{"sourceid":"3","other":"","method":"GET","evidence":"","pluginId":"10015","cweid":"525","confidence":"Medium","wascid":"13","description":"The cache-control and pragma HTTP header have not been set properly or are missing allowing the browser and proxies to cache content.","messageId":"5","url":"https://todoist.com/es","reference":"https://cheatsheetseries.owasp.org/cheatsheets/Session_Management_Cheat_Sheet.html#web-content-caching","solution":"Whenever possible ensure the cache-control HTTP header is set with no-cache, no-store, must-revalidate; and that the pragma HTTP header is set with no-cache.","alert":"Incomplete or No Cache-control and Pragma HTTP Header Set","param":"Cache-Control","attack":"","name":"Incomplete or No Cache-control and Pragma HTTP Header Set","risk":"Low","id":"10","alertRef":"10015"},{"sourceid":"3","other":"","method":"GET","evidence":"Set-Cookie: AWSALB","pluginId":"10010","cweid":"16","confidence":"Medium","wascid":"13","description":"A cookie has been set without the HttpOnly flag, which means that the cookie can be accessed by JavaScript. If a malicious script can be run on this page then the cookie will be accessible and can be transmitted to another site. If this is a session cookie then session hijacking may be possible.","messageId":"5","url":"https://todoist.com/es","reference":"https://owasp.org/www-community/HttpOnly","solution":"Ensure that the HttpOnly flag is set for all cookies.","alert":"Cookie No HttpOnly Flag","param":"AWSALB","attack":"","name":"Cookie No HttpOnly Flag","risk":"Low","id":"11","alertRef":"10010"},{"sourceid":"3","other":"","method":"GET","evidence":"Set-Cookie: AWSALBCORS","pluginId":"10010","cweid":"16","confidence":"Medium","wascid":"13","description":"A cookie has been set without the HttpOnly flag, which means that the cookie can be accessed by JavaScript. If a malicious script can be run on this page then the cookie will be accessible and can be transmitted to another site. If this is a session cookie then session hijacking may be possible.","messageId":"5","url":"https://todoist.com/es","reference":"https://owasp.org/www-community/HttpOnly","solution":"Ensure that the HttpOnly flag is set for all cookies.","alert":"Cookie No HttpOnly Flag","param":"AWSALBCORS","attack":"","name":"Cookie No HttpOnly Flag","risk":"Low","id":"12","alertRef":"10010"},{"sourceid":"3","other":"","method":"GET","evidence":"Set-Cookie: next-i18next","pluginId":"10010","cweid":"16","confidence":"Medium","wascid":"13","description":"A cookie has been set without the HttpOnly flag, which means that the cookie can be accessed by JavaScript. If a malicious script can be run on this page then the cookie will be accessible and can be transmitted to another site. If this is a session cookie then session hijacking may be possible.","messageId":"5","url":"https://todoist.com/es","reference":"https://owasp.org/www-community/HttpOnly","solution":"Ensure that the HttpOnly flag is set for all cookies.","alert":"Cookie No HttpOnly Flag","param":"next-i18next","attack":"","name":"Cookie No HttpOnly Flag","risk":"Low","id":"13","alertRef":"10010"},{"sourceid":"3","other":"","method":"GET","evidence":"Set-Cookie: AWSALB","pluginId":"10054","cweid":"16","confidence":"Medium","wascid":"13","description":"A cookie has been set without the SameSite attribute, which means that the cookie can be sent as a result of a 'cross-site' request. The SameSite attribute is an effective counter measure to cross-site request forgery, cross-site script inclusion, and timing attacks.","messageId":"5","url":"https://todoist.com/es","reference":"https://tools.ietf.org/html/draft-ietf-httpbis-cookie-same-site","solution":"Ensure that the SameSite attribute is set to either 'lax' or ideally 'strict' for all cookies.","alert":"Cookie Without SameSite Attribute","param":"AWSALB","attack":"","name":"Cookie Without SameSite Attribute","risk":"Low","id":"14","alertRef":"10054"},{"sourceid":"3","other":"","method":"GET","evidence":"Set-Cookie: AWSALBCORS","pluginId":"10054","cweid":"16","confidence":"Medium","wascid":"13","description":"A cookie has been set with an invalid SameSite attribute value, which means that the cookie can be sent as a result of a 'cross-site' request. The SameSite attribute is an effective counter measure to cross-site request forgery, cross-site script inclusion, and timing attacks.","messageId":"5","url":"https://todoist.com/es","reference":"https://tools.ietf.org/html/draft-ietf-httpbis-cookie-same-site","solution":"Ensure that the SameSite attribute is set to either 'lax' or ideally 'strict' for all cookies.","alert":"Cookie Without SameSite Attribute","param":"AWSALBCORS","attack":"","name":"Cookie Without SameSite Attribute","risk":"Low","id":"15","alertRef":"10054"},{"sourceid":"3","other":"","method":"GET","evidence":"Set-Cookie: AWSALB","pluginId":"10011","cweid":"614","confidence":"Medium","wascid":"13","description":"A cookie has been set without the secure flag, which means that the cookie can be accessed via unencrypted connections.","messageId":"5","url":"https://todoist.com/es","reference":"https://owasp.org/www-project-web-security-testing-guide/v41/4-Web_Application_Security_Testing/06-Session_Management_Testing/02-Testing_for_Cookies_Attributes.html","solution":"Whenever a cookie contains sensitive information or is a session token, then it should always be passed using an encrypted channel. Ensure that the secure flag is set for cookies containing such sensitive information.","alert":"Cookie Without Secure Flag","param":"AWSALB","attack":"","name":"Cookie Without Secure Flag","risk":"Low","id":"16","alertRef":"10011"},{"sourceid":"3","other":"","method":"GET","evidence":"Set-Cookie: next-i18next","pluginId":"10011","cweid":"614","confidence":"Medium","wascid":"13","description":"A cookie has been set without the secure flag, which means that the cookie can be accessed via unencrypted connections.","messageId":"5","url":"https://todoist.com/es","reference":"https://owasp.org/www-project-web-security-testing-guide/v41/4-Web_Application_Security_Testing/06-Session_Management_Testing/02-Testing_for_Cookies_Attributes.html","solution":"Whenever a cookie contains sensitive information or is a session token, then it should always be passed using an encrypted channel. Ensure that the secure flag is set for cookies containing such sensitive information.","alert":"Cookie Without Secure Flag","param":"next-i18next","attack":"","name":"Cookie Without Secure Flag","risk":"Low","id":"17","alertRef":"10011"},{"sourceid":"3","other":"","method":"GET","evidence":"<script src=\"https://www.googleoptimize.com/optimize.js?id=OPT-PNP389R\"><\/script>","pluginId":"10017","cweid":"829","confidence":"Medium","wascid":"15","description":"The page includes one or more script files from a third-party domain.","messageId":"5","url":"https://todoist.com/es","reference":"","solution":"Ensure JavaScript source files are loaded from only trusted sources, and the sources can't be controlled by end users of the application.","alert":"Cross-Domain JavaScript Source File Inclusion","param":"https://www.googleoptimize.com/optimize.js?id=OPT-PNP389R","attack":"","name":"Cross-Domain JavaScript Source File Inclusion","risk":"Low","id":"18","alertRef":"10017"},{"sourceid":"3","other":"The following pattern was used: \\bTODO\\b and was detected in the element starting with: \"<script id=\"__NEXT_DATA__\" type=\"application/json\">{\"props\":{\"initialI18nStore\":{\"es\":{\"index\":{\"seoTitle\":\"Todoist: La \\\"to do \", see evidence field for the suspicious comment/snippet.","method":"GET","evidence":"todo","pluginId":"10027","cweid":"200","confidence":"Low","wascid":"13","description":"The response appears to contain suspicious comments which may help an attacker. Note: Matches made within script blocks or files are against the entire content not only comments.","messageId":"5","url":"https://todoist.com/es","reference":"","solution":"Remove all comments that return information that may help an attacker and fix any underlying problems they refer to.","alert":"Information Disclosure - Suspicious Comments","param":"","attack":"","name":"Information Disclosure - Suspicious Comments","risk":"Informational","id":"19","alertRef":"10027"},{"sourceid":"3","other":"This issue still applies to error type pages (401, 403, 500, etc.) as those pages are often still affected by injection issues, in which case there is still concern for browsers sniffing pages away from their actual content type.\nAt \"High\" threshold this scan rule will not alert on client or server error responses.","method":"GET","evidence":"","pluginId":"10021","cweid":"16","confidence":"Medium","wascid":"15","description":"The Anti-MIME-Sniffing header X-Content-Type-Options was not set to 'nosniff'. This allows older versions of Internet Explorer and Chrome to perform MIME-sniffing on the response body, potentially causing the response body to be interpreted and displayed as a content type other than the declared content type. Current (early 2014) and legacy versions of Firefox will use the declared content type (if one is set), rather than performing MIME-sniffing.","messageId":"5","url":"https://todoist.com/es","reference":"http://msdn.microsoft.com/en-us/library/ie/gg622941%28v=vs.85%29.aspx\nhttps://owasp.org/www-community/Security_Headers","solution":"Ensure that the application/web server sets the Content-Type header appropriately, and that it sets the X-Content-Type-Options header to 'nosniff' for all web pages.\nIf possible, ensure that the end user uses a standards-compliant and modern web browser that does not perform MIME-sniffing at all, or that can be directed by the web application/web server to not perform MIME-sniffing.","alert":"X-Content-Type-Options Header Missing","param":"X-Content-Type-Options","attack":"","name":"X-Content-Type-Options Header Missing","risk":"Low","id":"20","alertRef":"10021"},{"sourceid":"3","other":"","method":"GET","evidence":"public, max-age=31536000, immutable","pluginId":"10015","cweid":"525","confidence":"Medium","wascid":"13","description":"The cache-control and pragma HTTP header have not been set properly or are missing allowing the browser and proxies to cache content.","messageId":"6","url":"https://todoist.com/_next/static/css/a5174a254d143c3d3d02321814728bdd71b6ab95_CSS.d9deec97.chunk.css","reference":"https://cheatsheetseries.owasp.org/cheatsheets/Session_Management_Cheat_Sheet.html#web-content-caching","solution":"Whenever possible ensure the cache-control HTTP header is set with no-cache, no-store, must-revalidate; and that the pragma HTTP header is set with no-cache.","alert":"Incomplete or No Cache-control and Pragma HTTP Header Set","param":"Cache-Control","attack":"","name":"Incomplete or No Cache-control and Pragma HTTP Header Set","risk":"Low","id":"21","alertRef":"10015"},{"sourceid":"3","other":"This issue still applies to error type pages (401, 403, 500, etc.) as those pages are often still affected by injection issues, in which case there is still concern for browsers sniffing pages away from their actual content type.\nAt \"High\" threshold this scan rule will not alert on client or server error responses.","method":"GET","evidence":"","pluginId":"10021","cweid":"16","confidence":"Medium","wascid":"15","description":"The Anti-MIME-Sniffing header X-Content-Type-Options was not set to 'nosniff'. This allows older versions of Internet Explorer and Chrome to perform MIME-sniffing on the response body, potentially causing the response body to be interpreted and displayed as a content type other than the declared content type. Current (early 2014) and legacy versions of Firefox will use the declared content type (if one is set), rather than performing MIME-sniffing.","messageId":"6","url":"https://todoist.com/_next/static/css/a5174a254d143c3d3d02321814728bdd71b6ab95_CSS.d9deec97.chunk.css","reference":"http://msdn.microsoft.com/en-us/library/ie/gg622941%28v=vs.85%29.aspx\nhttps://owasp.org/www-community/Security_Headers","solution":"Ensure that the application/web server sets the Content-Type header appropriately, and that it sets the X-Content-Type-Options header to 'nosniff' for all web pages.\nIf possible, ensure that the end user uses a standards-compliant and modern web browser that does not perform MIME-sniffing at all, or that can be directed by the web application/web server to not perform MIME-sniffing.","alert":"X-Content-Type-Options Header Missing","param":"X-Content-Type-Options","attack":"","name":"X-Content-Type-Options Header Missing","risk":"Low","id":"22","alertRef":"10021"},{"sourceid":"3","other":"This issue still applies to error type pages (401, 403, 500, etc.) as those pages are often still affected by injection issues, in which case there is still concern for browsers sniffing pages away from their actual content type.\nAt \"High\" threshold this scan rule will not alert on client or server error responses.","method":"GET","evidence":"","pluginId":"10021","cweid":"16","confidence":"Medium","wascid":"15","description":"The Anti-MIME-Sniffing header X-Content-Type-Options was not set to 'nosniff'. This allows older versions of Internet Explorer and Chrome to perform MIME-sniffing on the response body, potentially causing the response body to be interpreted and displayed as a content type other than the declared content type. Current (early 2014) and legacy versions of Firefox will use the declared content type (if one is set), rather than performing MIME-sniffing.","messageId":"10","url":"https://todoist.com/_next/static/chunks/webpack-3bde8603facc0c807a2b.js","reference":"http://msdn.microsoft.com/en-us/library/ie/gg622941%28v=vs.85%29.aspx\nhttps://owasp.org/www-community/Security_Headers","solution":"Ensure that the application/web server sets the Content-Type header appropriately, and that it sets the X-Content-Type-Options header to 'nosniff' for all web pages.\nIf possible, ensure that the end user uses a standards-compliant and modern web browser that does not perform MIME-sniffing at all, or that can be directed by the web application/web server to not perform MIME-sniffing.","alert":"X-Content-Type-Options Header Missing","param":"X-Content-Type-Options","attack":"","name":"X-Content-Type-Options Header Missing","risk":"Low","id":"23","alertRef":"10021"},{"sourceid":"3","other":"","method":"GET","evidence":"public, max-age=31536000, immutable","pluginId":"10015","cweid":"525","confidence":"Medium","wascid":"13","description":"The cache-control and pragma HTTP header have not been set properly or are missing allowing the browser and proxies to cache content.","messageId":"12","url":"https://todoist.com/_next/static/css/pages/index.e740e94c.chunk.css","reference":"https://cheatsheetseries.owasp.org/cheatsheets/Session_Management_Cheat_Sheet.html#web-content-caching","solution":"Whenever possible ensure the cache-control HTTP header is set with no-cache, no-store, must-revalidate; and that the pragma HTTP header is set with no-cache.","alert":"Incomplete or No Cache-control and Pragma HTTP Header Set","param":"Cache-Control","attack":"","name":"Incomplete or No Cache-control and Pragma HTTP Header Set","risk":"Low","id":"24","alertRef":"10015"},{"sourceid":"3","other":"This issue still applies to error type pages (401, 403, 500, etc.) as those pages are often still affected by injection issues, in which case there is still concern for browsers sniffing pages away from their actual content type.\nAt \"High\" threshold this scan rule will not alert on client or server error responses.","method":"GET","evidence":"","pluginId":"10021","cweid":"16","confidence":"Medium","wascid":"15","description":"The Anti-MIME-Sniffing header X-Content-Type-Options was not set to 'nosniff'. This allows older versions of Internet Explorer and Chrome to perform MIME-sniffing on the response body, potentially causing the response body to be interpreted and displayed as a content type other than the declared content type. Current (early 2014) and legacy versions of Firefox will use the declared content type (if one is set), rather than performing MIME-sniffing.","messageId":"12","url":"https://todoist.com/_next/static/css/pages/index.e740e94c.chunk.css","reference":"http://msdn.microsoft.com/en-us/library/ie/gg622941%28v=vs.85%29.aspx\nhttps://owasp.org/www-community/Security_Headers","solution":"Ensure that the application/web server sets the Content-Type header appropriately, and that it sets the X-Content-Type-Options header to 'nosniff' for all web pages.\nIf possible, ensure that the end user uses a standards-compliant and modern web browser that does not perform MIME-sniffing at all, or that can be directed by the web application/web server to not perform MIME-sniffing.","alert":"X-Content-Type-Options Header Missing","param":"X-Content-Type-Options","attack":"","name":"X-Content-Type-Options Header Missing","risk":"Low","id":"25","alertRef":"10021"},{"sourceid":"3","other":"The following pattern was used: \\bQUERY\\b and was detected in the element starting with: \"_N_E=(window.webpackJsonp_N_E=window.webpackJsonp_N_E||[]).push([[28],{\"0sNQ\":function(e,t){\"trimStart\"in String.prototype||(Str\", see evidence field for the suspicious comment/snippet.","method":"GET","evidence":"query","pluginId":"10027","cweid":"200","confidence":"Low","wascid":"13","description":"The response appears to contain suspicious comments which may help an attacker. Note: Matches made within script blocks or files are against the entire content not only comments.","messageId":"13","url":"https://todoist.com/_next/static/chunks/main-1ca0aabf0fb4e4d9fa88.js","reference":"","solution":"Remove all comments that return information that may help an attacker and fix any underlying problems they refer to.","alert":"Information Disclosure - Suspicious Comments","param":"","attack":"","name":"Information Disclosure - Suspicious Comments","risk":"Informational","id":"26","alertRef":"10027"},{"sourceid":"3","other":"This issue still applies to error type pages (401, 403, 500, etc.) as those pages are often still affected by injection issues, in which case there is still concern for browsers sniffing pages away from their actual content type.\nAt \"High\" threshold this scan rule will not alert on client or server error responses.","method":"GET","evidence":"","pluginId":"10021","cweid":"16","confidence":"Medium","wascid":"15","description":"The Anti-MIME-Sniffing header X-Content-Type-Options was not set to 'nosniff'. This allows older versions of Internet Explorer and Chrome to perform MIME-sniffing on the response body, potentially causing the response body to be interpreted and displayed as a content type other than the declared content type. Current (early 2014) and legacy versions of Firefox will use the declared content type (if one is set), rather than performing MIME-sniffing.","messageId":"13","url":"https://todoist.com/_next/static/chunks/main-1ca0aabf0fb4e4d9fa88.js","reference":"http://msdn.microsoft.com/en-us/library/ie/gg622941%28v=vs.85%29.aspx\nhttps://owasp.org/www-community/Security_Headers","solution":"Ensure that the application/web server sets the Content-Type header appropriately, and that it sets the X-Content-Type-Options header to 'nosniff' for all web pages.\nIf possible, ensure that the end user uses a standards-compliant and modern web browser that does not perform MIME-sniffing at all, or that can be directed by the web application/web server to not perform MIME-sniffing.","alert":"X-Content-Type-Options Header Missing","param":"X-Content-Type-Options","attack":"","name":"X-Content-Type-Options Header Missing","risk":"Low","id":"27","alertRef":"10021"},{"sourceid":"3","other":"The following pattern was used: \\bSELECT\\b and was detected in the element starting with: \"(window.webpackJsonp_N_E=window.webpackJsonp_N_E||[]).push([[2],{\"+wdc\":function(e,t,n){\"use strict\";var r,l,i,a,o;if(\"undefined\", see evidence field for the suspicious comment/snippet.","method":"GET","evidence":"select","pluginId":"10027","cweid":"200","confidence":"Low","wascid":"13","description":"The response appears to contain suspicious comments which may help an attacker. Note: Matches made within script blocks or files are against the entire content not only comments.","messageId":"15","url":"https://todoist.com/_next/static/chunks/framework.dc73b2df61134dea1baf.js","reference":"","solution":"Remove all comments that return information that may help an attacker and fix any underlying problems they refer to.","alert":"Information Disclosure - Suspicious Comments","param":"","attack":"","name":"Information Disclosure - Suspicious Comments","risk":"Informational","id":"28","alertRef":"10027"},{"sourceid":"3","other":"1073741823, which evaluates to: 2004-01-10 08:37:03","method":"GET","evidence":"1073741823","pluginId":"10096","cweid":"200","confidence":"Low","wascid":"13","description":"A timestamp was disclosed by the application/web server - Unix","messageId":"15","url":"https://todoist.com/_next/static/chunks/framework.dc73b2df61134dea1baf.js","reference":"http://projects.webappsec.org/w/page/13246936/Information%20Leakage","solution":"Manually confirm that the timestamp data is not sensitive, and that the data cannot be aggregated to disclose exploitable patterns.","alert":"Timestamp Disclosure - Unix","param":"","attack":"","name":"Timestamp Disclosure - Unix","risk":"Informational","id":"29","alertRef":"10096"},{"sourceid":"3","other":"1073741821, which evaluates to: 2004-01-10 08:37:01","method":"GET","evidence":"1073741821","pluginId":"10096","cweid":"200","confidence":"Low","wascid":"13","description":"A timestamp was disclosed by the application/web server - Unix","messageId":"15","url":"https://todoist.com/_next/static/chunks/framework.dc73b2df61134dea1baf.js","reference":"http://projects.webappsec.org/w/page/13246936/Information%20Leakage","solution":"Manually confirm that the timestamp data is not sensitive, and that the data cannot be aggregated to disclose exploitable patterns.","alert":"Timestamp Disclosure - Unix","param":"","attack":"","name":"Timestamp Disclosure - Unix","risk":"Informational","id":"30","alertRef":"10096"},{"sourceid":"3","other":"1073741822, which evaluates to: 2004-01-10 08:37:02","method":"GET","evidence":"1073741822","pluginId":"10096","cweid":"200","confidence":"Low","wascid":"13","description":"A timestamp was disclosed by the application/web server - Unix","messageId":"15","url":"https://todoist.com/_next/static/chunks/framework.dc73b2df61134dea1baf.js","reference":"http://projects.webappsec.org/w/page/13246936/Information%20Leakage","solution":"Manually confirm that the timestamp data is not sensitive, and that the data cannot be aggregated to disclose exploitable patterns.","alert":"Timestamp Disclosure - Unix","param":"","attack":"","name":"Timestamp Disclosure - Unix","risk":"Informational","id":"42","alertRef":"10096"},{"sourceid":"3","other":"This issue still applies to error type pages (401, 403, 500, etc.) as those pages are often still affected by injection issues, in which case there is still concern for browsers sniffing pages away from their actual content type.\nAt \"High\" threshold this scan rule will not alert on client or server error responses.","method":"GET","evidence":"","pluginId":"10021","cweid":"16","confidence":"Medium","wascid":"15","description":"The Anti-MIME-Sniffing header X-Content-Type-Options was not set to 'nosniff'. This allows older versions of Internet Explorer and Chrome to perform MIME-sniffing on the response body, potentially causing the response body to be interpreted and displayed as a content type other than the declared content type. Current (early 2014) and legacy versions of Firefox will use the declared content type (if one is set), rather than performing MIME-sniffing.","messageId":"15","url":"https://todoist.com/_next/static/chunks/framework.dc73b2df61134dea1baf.js","reference":"http://msdn.microsoft.com/en-us/library/ie/gg622941%28v=vs.85%29.aspx\nhttps://owasp.org/www-community/Security_Headers","solution":"Ensure that the application/web server sets the Content-Type header appropriately, and that it sets the X-Content-Type-Options header to 'nosniff' for all web pages.\nIf possible, ensure that the end user uses a standards-compliant and modern web browser that does not perform MIME-sniffing at all, or that can be directed by the web application/web server to not perform MIME-sniffing.","alert":"X-Content-Type-Options Header Missing","param":"X-Content-Type-Options","attack":"","name":"X-Content-Type-Options Header Missing","risk":"Low","id":"70","alertRef":"10021"},{"sourceid":"3","other":"The following pattern was used: \\bQUERY\\b and was detected in the element starting with: \"(window.webpackJsonp_N_E=window.webpackJsonp_N_E||[]).push([[0],{\"/GRZ\":function(e,t){e.exports=function(e,t){if(!(e instanceof \", see evidence field for the suspicious comment/snippet.","method":"GET","evidence":"query","pluginId":"10027","cweid":"200","confidence":"Low","wascid":"13","description":"The response appears to contain suspicious comments which may help an attacker. Note: Matches made within script blocks or files are against the entire content not only comments.","messageId":"16","url":"https://todoist.com/_next/static/chunks/commons.7f9eaa719ef400edb831.js","reference":"","solution":"Remove all comments that return information that may help an attacker and fix any underlying problems they refer to.","alert":"Information Disclosure - Suspicious Comments","param":"","attack":"","name":"Information Disclosure - Suspicious Comments","risk":"Informational","id":"71","alertRef":"10027"},{"sourceid":"3","other":"This issue still applies to error type pages (401, 403, 500, etc.) as those pages are often still affected by injection issues, in which case there is still concern for browsers sniffing pages away from their actual content type.\nAt \"High\" threshold this scan rule will not alert on client or server error responses.","method":"GET","evidence":"","pluginId":"10021","cweid":"16","confidence":"Medium","wascid":"15","description":"The Anti-MIME-Sniffing header X-Content-Type-Options was not set to 'nosniff'. This allows older versions of Internet Explorer and Chrome to perform MIME-sniffing on the response body, potentially causing the response body to be interpreted and displayed as a content type other than the declared content type. Current (early 2014) and legacy versions of Firefox will use the declared content type (if one is set), rather than performing MIME-sniffing.","messageId":"16","url":"https://todoist.com/_next/static/chunks/commons.7f9eaa719ef400edb831.js","reference":"http://msdn.microsoft.com/en-us/library/ie/gg622941%28v=vs.85%29.aspx\nhttps://owasp.org/www-community/Security_Headers","solution":"Ensure that the application/web server sets the Content-Type header appropriately, and that it sets the X-Content-Type-Options header to 'nosniff' for all web pages.\nIf possible, ensure that the end user uses a standards-compliant and modern web browser that does not perform MIME-sniffing at all, or that can be directed by the web application/web server to not perform MIME-sniffing.","alert":"X-Content-Type-Options Header Missing","param":"X-Content-Type-Options","attack":"","name":"X-Content-Type-Options Header Missing","risk":"Low","id":"72","alertRef":"10021"},{"sourceid":"3","other":"","method":"GET","evidence":"public, max-age=31536000, immutable","pluginId":"10015","cweid":"525","confidence":"Medium","wascid":"13","description":"The cache-control and pragma HTTP header have not been set properly or are missing allowing the browser and proxies to cache content.","messageId":"17","url":"https://todoist.com/_next/static/css/styles.0f6e09ec.chunk.css","reference":"https://cheatsheetseries.owasp.org/cheatsheets/Session_Management_Cheat_Sheet.html#web-content-caching","solution":"Whenever possible ensure the cache-control HTTP header is set with no-cache, no-store, must-revalidate; and that the pragma HTTP header is set with no-cache.","alert":"Incomplete or No Cache-control and Pragma HTTP Header Set","param":"Cache-Control","attack":"","name":"Incomplete or No Cache-control and Pragma HTTP Header Set","risk":"Low","id":"73","alertRef":"10015"},{"sourceid":"3","other":"This issue still applies to error type pages (401, 403, 500, etc.) as those pages are often still affected by injection issues, in which case there is still concern for browsers sniffing pages away from their actual content type.\nAt \"High\" threshold this scan rule will not alert on client or server error responses.","method":"GET","evidence":"","pluginId":"10021","cweid":"16","confidence":"Medium","wascid":"15","description":"The Anti-MIME-Sniffing header X-Content-Type-Options was not set to 'nosniff'. This allows older versions of Internet Explorer and Chrome to perform MIME-sniffing on the response body, potentially causing the response body to be interpreted and displayed as a content type other than the declared content type. Current (early 2014) and legacy versions of Firefox will use the declared content type (if one is set), rather than performing MIME-sniffing.","messageId":"17","url":"https://todoist.com/_next/static/css/styles.0f6e09ec.chunk.css","reference":"http://msdn.microsoft.com/en-us/library/ie/gg622941%28v=vs.85%29.aspx\nhttps://owasp.org/www-community/Security_Headers","solution":"Ensure that the application/web server sets the Content-Type header appropriately, and that it sets the X-Content-Type-Options header to 'nosniff' for all web pages.\nIf possible, ensure that the end user uses a standards-compliant and modern web browser that does not perform MIME-sniffing at all, or that can be directed by the web application/web server to not perform MIME-sniffing.","alert":"X-Content-Type-Options Header Missing","param":"X-Content-Type-Options","attack":"","name":"X-Content-Type-Options Header Missing","risk":"Low","id":"74","alertRef":"10021"},{"sourceid":"3","other":"The following pattern was used: \\bUSER\\b and was detected in the element starting with: \"(window.webpackJsonp_N_E=window.webpackJsonp_N_E||[]).push([[5],{\"2SVd\":function(e,t,n){\"use strict\";e.exports=function(e){retur\", see evidence field for the suspicious comment/snippet.","method":"GET","evidence":"user","pluginId":"10027","cweid":"200","confidence":"Low","wascid":"13","description":"The response appears to contain suspicious comments which may help an attacker. Note: Matches made within script blocks or files are against the entire content not only comments.","messageId":"18","url":"https://todoist.com/_next/static/chunks/98618d58f2d1dd3f4c8f42b4970db65e004fbfe5.6c003068d2db4fbc855f.js","reference":"","solution":"Remove all comments that return information that may help an attacker and fix any underlying problems they refer to.","alert":"Information Disclosure - Suspicious Comments","param":"","attack":"","name":"Information Disclosure - Suspicious Comments","risk":"Informational","id":"75","alertRef":"10027"},{"sourceid":"3","other":"This issue still applies to error type pages (401, 403, 500, etc.) as those pages are often still affected by injection issues, in which case there is still concern for browsers sniffing pages away from their actual content type.\nAt \"High\" threshold this scan rule will not alert on client or server error responses.","method":"GET","evidence":"","pluginId":"10021","cweid":"16","confidence":"Medium","wascid":"15","description":"The Anti-MIME-Sniffing header X-Content-Type-Options was not set to 'nosniff'. This allows older versions of Internet Explorer and Chrome to perform MIME-sniffing on the response body, potentially causing the response body to be interpreted and displayed as a content type other than the declared content type. Current (early 2014) and legacy versions of Firefox will use the declared content type (if one is set), rather than performing MIME-sniffing.","messageId":"18","url":"https://todoist.com/_next/static/chunks/98618d58f2d1dd3f4c8f42b4970db65e004fbfe5.6c003068d2db4fbc855f.js","reference":"http://msdn.microsoft.com/en-us/library/ie/gg622941%28v=vs.85%29.aspx\nhttps://owasp.org/www-community/Security_Headers","solution":"Ensure that the application/web server sets the Content-Type header appropriately, and that it sets the X-Content-Type-Options header to 'nosniff' for all web pages.\nIf possible, ensure that the end user uses a standards-compliant and modern web browser that does not perform MIME-sniffing at all, or that can be directed by the web application/web server to not perform MIME-sniffing.","alert":"X-Content-Type-Options Header Missing","param":"X-Content-Type-Options","attack":"","name":"X-Content-Type-Options Header Missing","risk":"Low","id":"76","alertRef":"10021"},{"sourceid":"3","other":"The following pattern was used: \\bSELECT\\b and was detected in the element starting with: \"(window.webpackJsonp_N_E=window.webpackJsonp_N_E||[]).push([[3],{\"+ipW\":function(e,t,r){\"use strict\";r.d(t,\"a\",(function(){retur\", see evidence field for the suspicious comment/snippet.","method":"GET","evidence":"SELECT","pluginId":"10027","cweid":"200","confidence":"Low","wascid":"13","description":"The response appears to contain suspicious comments which may help an attacker. Note: Matches made within script blocks or files are against the entire content not only comments.","messageId":"19","url":"https://todoist.com/_next/static/chunks/0e8f85b20ed9ab0a6102c8b8298bac1d6cb4c89b.0fe8d2aa3a66f036f1d2.js","reference":"","solution":"Remove all comments that return information that may help an attacker and fix any underlying problems they refer to.","alert":"Information Disclosure - Suspicious Comments","param":"","attack":"","name":"Information Disclosure - Suspicious Comments","risk":"Informational","id":"77","alertRef":"10027"},{"sourceid":"3","other":"268435455, which evaluates to: 1978-07-04 16:24:15","method":"GET","evidence":"268435455","pluginId":"10096","cweid":"200","confidence":"Low","wascid":"13","description":"A timestamp was disclosed by the application/web server - Unix","messageId":"19","url":"https://todoist.com/_next/static/chunks/0e8f85b20ed9ab0a6102c8b8298bac1d6cb4c89b.0fe8d2aa3a66f036f1d2.js","reference":"http://projects.webappsec.org/w/page/13246936/Information%20Leakage","solution":"Manually confirm that the timestamp data is not sensitive, and that the data cannot be aggregated to disclose exploitable patterns.","alert":"Timestamp Disclosure - Unix","param":"","attack":"","name":"Timestamp Disclosure - Unix","risk":"Informational","id":"78","alertRef":"10096"},{"sourceid":"3","other":"1732584193, which evaluates to: 2024-11-25 20:23:13","method":"GET","evidence":"1732584193","pluginId":"10096","cweid":"200","confidence":"Low","wascid":"13","description":"A timestamp was disclosed by the application/web server - Unix","messageId":"19","url":"https://todoist.com/_next/static/chunks/0e8f85b20ed9ab0a6102c8b8298bac1d6cb4c89b.0fe8d2aa3a66f036f1d2.js","reference":"http://projects.webappsec.org/w/page/13246936/Information%20Leakage","solution":"Manually confirm that the timestamp data is not sensitive, and that the data cannot be aggregated to disclose exploitable patterns.","alert":"Timestamp Disclosure - Unix","param":"","attack":"","name":"Timestamp Disclosure - Unix","risk":"Informational","id":"80","alertRef":"10096"},{"sourceid":"3","other":"271733879, which evaluates to: 1978-08-11 20:37:59","method":"GET","evidence":"271733879","pluginId":"10096","cweid":"200","confidence":"Low","wascid":"13","description":"A timestamp was disclosed by the application/web server - Unix","messageId":"19","url":"https://todoist.com/_next/static/chunks/0e8f85b20ed9ab0a6102c8b8298bac1d6cb4c89b.0fe8d2aa3a66f036f1d2.js","reference":"http://projects.webappsec.org/w/page/13246936/Information%20Leakage","solution":"Manually confirm that the timestamp data is not sensitive, and that the data cannot be aggregated to disclose exploitable patterns.","alert":"Timestamp Disclosure - Unix","param":"","attack":"","name":"Timestamp Disclosure - Unix","risk":"Informational","id":"81","alertRef":"10096"},{"sourceid":"3","other":"1732584194, which evaluates to: 2024-11-25 20:23:14","method":"GET","evidence":"1732584194","pluginId":"10096","cweid":"200","confidence":"Low","wascid":"13","description":"A timestamp was disclosed by the application/web server - Unix","messageId":"19","url":"https://todoist.com/_next/static/chunks/0e8f85b20ed9ab0a6102c8b8298bac1d6cb4c89b.0fe8d2aa3a66f036f1d2.js","reference":"http://projects.webappsec.org/w/page/13246936/Information%20Leakage","solution":"Manually confirm that the timestamp data is not sensitive, and that the data cannot be aggregated to disclose exploitable patterns.","alert":"Timestamp Disclosure - Unix","param":"","attack":"","name":"Timestamp Disclosure - Unix","risk":"Informational","id":"82","alertRef":"10096"},{"sourceid":"3","other":"271733878, which evaluates to: 1978-08-11 20:37:58","method":"GET","evidence":"271733878","pluginId":"10096","cweid":"200","confidence":"Low","wascid":"13","description":"A timestamp was disclosed by the application/web server - Unix","messageId":"19","url":"https://todoist.com/_next/static/chunks/0e8f85b20ed9ab0a6102c8b8298bac1d6cb4c89b.0fe8d2aa3a66f036f1d2.js","reference":"http://projects.webappsec.org/w/page/13246936/Information%20Leakage","solution":"Manually confirm that the timestamp data is not sensitive, and that the data cannot be aggregated to disclose exploitable patterns.","alert":"Timestamp Disclosure - Unix","param":"","attack":"","name":"Timestamp Disclosure - Unix","risk":"Informational","id":"83","alertRef":"10096"},{"sourceid":"3","other":"680876936, which evaluates to: 1991-07-30 07:28:56","method":"GET","evidence":"680876936","pluginId":"10096","cweid":"200","confidence":"Low","wascid":"13","description":"A timestamp was disclosed by the application/web server - Unix","messageId":"19","url":"https://todoist.com/_next/static/chunks/0e8f85b20ed9ab0a6102c8b8298bac1d6cb4c89b.0fe8d2aa3a66f036f1d2.js","reference":"http://projects.webappsec.org/w/page/13246936/Information%20Leakage","solution":"Manually confirm that the timestamp data is not sensitive, and that the data cannot be aggregated to disclose exploitable patterns.","alert":"Timestamp Disclosure - Unix","param":"","attack":"","name":"Timestamp Disclosure - Unix","risk":"Informational","id":"84","alertRef":"10096"},{"sourceid":"3","other":"389564586, which evaluates to: 1982-05-06 15:23:06","method":"GET","evidence":"389564586","pluginId":"10096","cweid":"200","confidence":"Low","wascid":"13","description":"A timestamp was disclosed by the application/web server - Unix","messageId":"19","url":"https://todoist.com/_next/static/chunks/0e8f85b20ed9ab0a6102c8b8298bac1d6cb4c89b.0fe8d2aa3a66f036f1d2.js","reference":"http://projects.webappsec.org/w/page/13246936/Information%20Leakage","solution":"Manually confirm that the timestamp data is not sensitive, and that the data cannot be aggregated to disclose exploitable patterns.","alert":"Timestamp Disclosure - Unix","param":"","attack":"","name":"Timestamp Disclosure - Unix","risk":"Informational","id":"85","alertRef":"10096"},{"sourceid":"3","other":"606105819, which evaluates to: 1989-03-16 21:43:39","method":"GET","evidence":"606105819","pluginId":"10096","cweid":"200","confidence":"Low","wascid":"13","description":"A timestamp was disclosed by the application/web server - Unix","messageId":"19","url":"https://todoist.com/_next/static/chunks/0e8f85b20ed9ab0a6102c8b8298bac1d6cb4c89b.0fe8d2aa3a66f036f1d2.js","reference":"http://projects.webappsec.org/w/page/13246936/Information%20Leakage","solution":"Manually confirm that the timestamp data is not sensitive, and that the data cannot be aggregated to disclose exploitable patterns.","alert":"Timestamp Disclosure - Unix","param":"","attack":"","name":"Timestamp Disclosure - Unix","risk":"Informational","id":"86","alertRef":"10096"},{"sourceid":"3","other":"1044525330, which evaluates to: 2003-02-06 04:55:30","method":"GET","evidence":"1044525330","pluginId":"10096","cweid":"200","confidence":"Low","wascid":"13","description":"A timestamp was disclosed by the application/web server - Unix","messageId":"19","url":"https://todoist.com/_next/static/chunks/0e8f85b20ed9ab0a6102c8b8298bac1d6cb4c89b.0fe8d2aa3a66f036f1d2.js","reference":"http://projects.webappsec.org/w/page/13246936/Information%20Leakage","solution":"Manually confirm that the timestamp data is not sensitive, and that the data cannot be aggregated to disclose exploitable patterns.","alert":"Timestamp Disclosure - Unix","param":"","attack":"","name":"Timestamp Disclosure - Unix","risk":"Informational","id":"87","alertRef":"10096"},{"sourceid":"3","other":"176418897, which evaluates to: 1975-08-04 16:14:57","method":"GET","evidence":"176418897","pluginId":"10096","cweid":"200","confidence":"Low","wascid":"13","description":"A timestamp was disclosed by the application/web server - Unix","messageId":"19","url":"https://todoist.com/_next/static/chunks/0e8f85b20ed9ab0a6102c8b8298bac1d6cb4c89b.0fe8d2aa3a66f036f1d2.js","reference":"http://projects.webappsec.org/w/page/13246936/Information%20Leakage","solution":"Manually confirm that the timestamp data is not sensitive, and that the data cannot be aggregated to disclose exploitable patterns.","alert":"Timestamp Disclosure - Unix","param":"","attack":"","name":"Timestamp Disclosure - Unix","risk":"Informational","id":"88","alertRef":"10096"},{"sourceid":"3","other":"1200080426, which evaluates to: 2008-01-11 14:40:26","method":"GET","evidence":"1200080426","pluginId":"10096","cweid":"200","confidence":"Low","wascid":"13","description":"A timestamp was disclosed by the application/web server - Unix","messageId":"19","url":"https://todoist.com/_next/static/chunks/0e8f85b20ed9ab0a6102c8b8298bac1d6cb4c89b.0fe8d2aa3a66f036f1d2.js","reference":"http://projects.webappsec.org/w/page/13246936/Information%20Leakage","solution":"Manually confirm that the timestamp data is not sensitive, and that the data cannot be aggregated to disclose exploitable patterns.","alert":"Timestamp Disclosure - Unix","param":"","attack":"","name":"Timestamp Disclosure - Unix","risk":"Informational","id":"89","alertRef":"10096"},{"sourceid":"3","other":"1473231341, which evaluates to: 2016-09-07 01:55:41","method":"GET","evidence":"1473231341","pluginId":"10096","cweid":"200","confidence":"Low","wascid":"13","description":"A timestamp was disclosed by the application/web server - Unix","messageId":"19","url":"https://todoist.com/_next/static/chunks/0e8f85b20ed9ab0a6102c8b8298bac1d6cb4c89b.0fe8d2aa3a66f036f1d2.js","reference":"http://projects.webappsec.org/w/page/13246936/Information%20Leakage","solution":"Manually confirm that the timestamp data is not sensitive, and that the data cannot be aggregated to disclose exploitable patterns.","alert":"Timestamp Disclosure - Unix","param":"","attack":"","name":"Timestamp Disclosure - Unix","risk":"Informational","id":"90","alertRef":"10096"},{"sourceid":"3","other":"45705983, which evaluates to: 1971-06-13 19:06:23","method":"GET","evidence":"45705983","pluginId":"10096","cweid":"200","confidence":"Low","wascid":"13","description":"A timestamp was disclosed by the application/web server - Unix","messageId":"19","url":"https://todoist.com/_next/static/chunks/0e8f85b20ed9ab0a6102c8b8298bac1d6cb4c89b.0fe8d2aa3a66f036f1d2.js","reference":"http://projects.webappsec.org/w/page/13246936/Information%20Leakage","solution":"Manually confirm that the timestamp data is not sensitive, and that the data cannot be aggregated to disclose exploitable patterns.","alert":"Timestamp Disclosure - Unix","param":"","attack":"","name":"Timestamp Disclosure - Unix","risk":"Informational","id":"91","alertRef":"10096"},{"sourceid":"3","other":"1770035416, which evaluates to: 2026-02-02 07:30:16","method":"GET","evidence":"1770035416","pluginId":"10096","cweid":"200","confidence":"Low","wascid":"13","description":"A timestamp was disclosed by the application/web server - Unix","messageId":"19","url":"https://todoist.com/_next/static/chunks/0e8f85b20ed9ab0a6102c8b8298bac1d6cb4c89b.0fe8d2aa3a66f036f1d2.js","reference":"http://projects.webappsec.org/w/page/13246936/Information%20Leakage","solution":"Manually confirm that the timestamp data is not sensitive, and that the data cannot be aggregated to disclose exploitable patterns.","alert":"Timestamp Disclosure - Unix","param":"","attack":"","name":"Timestamp Disclosure - Unix","risk":"Informational","id":"92","alertRef":"10096"},{"sourceid":"3","other":"1958414417, which evaluates to: 2032-01-22 15:00:17","method":"GET","evidence":"1958414417","pluginId":"10096","cweid":"200","confidence":"Low","wascid":"13","description":"A timestamp was disclosed by the application/web server - Unix","messageId":"19","url":"https://todoist.com/_next/static/chunks/0e8f85b20ed9ab0a6102c8b8298bac1d6cb4c89b.0fe8d2aa3a66f036f1d2.js","reference":"http://projects.webappsec.org/w/page/13246936/Information%20Leakage","solution":"Manually confirm that the timestamp data is not sensitive, and that the data cannot be aggregated to disclose exploitable patterns.","alert":"Timestamp Disclosure - Unix","param":"","attack":"","name":"Timestamp Disclosure - Unix","risk":"Informational","id":"93","alertRef":"10096"},{"sourceid":"3","other":"1990404162, which evaluates to: 2033-01-26 21:02:42","method":"GET","evidence":"1990404162","pluginId":"10096","cweid":"200","confidence":"Low","wascid":"13","description":"A timestamp was disclosed by the application/web server - Unix","messageId":"19","url":"https://todoist.com/_next/static/chunks/0e8f85b20ed9ab0a6102c8b8298bac1d6cb4c89b.0fe8d2aa3a66f036f1d2.js","reference":"http://projects.webappsec.org/w/page/13246936/Information%20Leakage","solution":"Manually confirm that the timestamp data is not sensitive, and that the data cannot be aggregated to disclose exploitable patterns.","alert":"Timestamp Disclosure - Unix","param":"","attack":"","name":"Timestamp Disclosure - Unix","risk":"Informational","id":"94","alertRef":"10096"},{"sourceid":"3","other":"1804603682, which evaluates to: 2027-03-09 09:48:02","method":"GET","evidence":"1804603682","pluginId":"10096","cweid":"200","confidence":"Low","wascid":"13","description":"A timestamp was disclosed by the application/web server - Unix","messageId":"19","url":"https://todoist.com/_next/static/chunks/0e8f85b20ed9ab0a6102c8b8298bac1d6cb4c89b.0fe8d2aa3a66f036f1d2.js","reference":"http://projects.webappsec.org/w/page/13246936/Information%20Leakage","solution":"Manually confirm that the timestamp data is not sensitive, and that the data cannot be aggregated to disclose exploitable patterns.","alert":"Timestamp Disclosure - Unix","param":"","attack":"","name":"Timestamp Disclosure - Unix","risk":"Informational","id":"95","alertRef":"10096"},{"sourceid":"3","other":"40341101, which evaluates to: 1971-04-12 16:51:41","method":"GET","evidence":"40341101","pluginId":"10096","cweid":"200","confidence":"Low","wascid":"13","description":"A timestamp was disclosed by the application/web server - Unix","messageId":"19","url":"https://todoist.com/_next/static/chunks/0e8f85b20ed9ab0a6102c8b8298bac1d6cb4c89b.0fe8d2aa3a66f036f1d2.js","reference":"http://projects.webappsec.org/w/page/13246936/Information%20Leakage","solution":"Manually confirm that the timestamp data is not sensitive, and that the data cannot be aggregated to disclose exploitable patterns.","alert":"Timestamp Disclosure - Unix","param":"","attack":"","name":"Timestamp Disclosure - Unix","risk":"Informational","id":"96","alertRef":"10096"},{"sourceid":"3","other":"1502002290, which evaluates to: 2017-08-06 01:51:30","method":"GET","evidence":"1502002290","pluginId":"10096","cweid":"200","confidence":"Low","wascid":"13","description":"A timestamp was disclosed by the application/web server - Unix","messageId":"19","url":"https://todoist.com/_next/static/chunks/0e8f85b20ed9ab0a6102c8b8298bac1d6cb4c89b.0fe8d2aa3a66f036f1d2.js","reference":"http://projects.webappsec.org/w/page/13246936/Information%20Leakage","solution":"Manually confirm that the timestamp data is not sensitive, and that the data cannot be aggregated to disclose exploitable patterns.","alert":"Timestamp Disclosure - Unix","param":"","attack":"","name":"Timestamp Disclosure - Unix","risk":"Informational","id":"97","alertRef":"10096"},{"sourceid":"3","other":"1236535329, which evaluates to: 2009-03-08 13:02:09","method":"GET","evidence":"1236535329","pluginId":"10096","cweid":"200","confidence":"Low","wascid":"13","description":"A timestamp was disclosed by the application/web server - Unix","messageId":"19","url":"https://todoist.com/_next/static/chunks/0e8f85b20ed9ab0a6102c8b8298bac1d6cb4c89b.0fe8d2aa3a66f036f1d2.js","reference":"http://projects.webappsec.org/w/page/13246936/Information%20Leakage","solution":"Manually confirm that the timestamp data is not sensitive, and that the data cannot be aggregated to disclose exploitable patterns.","alert":"Timestamp Disclosure - Unix","param":"","attack":"","name":"Timestamp Disclosure - Unix","risk":"Informational","id":"98","alertRef":"10096"},{"sourceid":"3","other":"165796510, which evaluates to: 1975-04-03 17:35:10","method":"GET","evidence":"165796510","pluginId":"10096","cweid":"200","confidence":"Low","wascid":"13","description":"A timestamp was disclosed by the application/web server - Unix","messageId":"19","url":"https://todoist.com/_next/static/chunks/0e8f85b20ed9ab0a6102c8b8298bac1d6cb4c89b.0fe8d2aa3a66f036f1d2.js","reference":"http://projects.webappsec.org/w/page/13246936/Information%20Leakage","solution":"Manually confirm that the timestamp data is not sensitive, and that the data cannot be aggregated to disclose exploitable patterns.","alert":"Timestamp Disclosure - Unix","param":"","attack":"","name":"Timestamp Disclosure - Unix","risk":"Informational","id":"99","alertRef":"10096"},{"sourceid":"3","other":"1069501632, which evaluates to: 2003-11-22 06:47:12","method":"GET","evidence":"1069501632","pluginId":"10096","cweid":"200","confidence":"Low","wascid":"13","description":"A timestamp was disclosed by the application/web server - Unix","messageId":"19","url":"https://todoist.com/_next/static/chunks/0e8f85b20ed9ab0a6102c8b8298bac1d6cb4c89b.0fe8d2aa3a66f036f1d2.js","reference":"http://projects.webappsec.org/w/page/13246936/Information%20Leakage","solution":"Manually confirm that the timestamp data is not sensitive, and that the data cannot be aggregated to disclose exploitable patterns.","alert":"Timestamp Disclosure - Unix","param":"","attack":"","name":"Timestamp Disclosure - Unix","risk":"Informational","id":"100","alertRef":"10096"},{"sourceid":"3","other":"643717713, which evaluates to: 1990-05-26 05:28:33","method":"GET","evidence":"643717713","pluginId":"10096","cweid":"200","confidence":"Low","wascid":"13","description":"A timestamp was disclosed by the application/web server - Unix","messageId":"19","url":"https://todoist.com/_next/static/chunks/0e8f85b20ed9ab0a6102c8b8298bac1d6cb4c89b.0fe8d2aa3a66f036f1d2.js","reference":"http://projects.webappsec.org/w/page/13246936/Information%20Leakage","solution":"Manually confirm that the timestamp data is not sensitive, and that the data cannot be aggregated to disclose exploitable patterns.","alert":"Timestamp Disclosure - Unix","param":"","attack":"","name":"Timestamp Disclosure - Unix","risk":"Informational","id":"101","alertRef":"10096"},{"sourceid":"3","other":"373897302, which evaluates to: 1981-11-06 07:21:42","method":"GET","evidence":"373897302","pluginId":"10096","cweid":"200","confidence":"Low","wascid":"13","description":"A timestamp was disclosed by the application/web server - Unix","messageId":"19","url":"https://todoist.com/_next/static/chunks/0e8f85b20ed9ab0a6102c8b8298bac1d6cb4c89b.0fe8d2aa3a66f036f1d2.js","reference":"http://projects.webappsec.org/w/page/13246936/Information%20Leakage","solution":"Manually confirm that the timestamp data is not sensitive, and that the data cannot be aggregated to disclose exploitable patterns.","alert":"Timestamp Disclosure - Unix","param":"","attack":"","name":"Timestamp Disclosure - Unix","risk":"Informational","id":"102","alertRef":"10096"},{"sourceid":"3","other":"701558691, which evaluates to: 1992-03-25 16:24:51","method":"GET","evidence":"701558691","pluginId":"10096","cweid":"200","confidence":"Low","wascid":"13","description":"A timestamp was disclosed by the application/web server - Unix","messageId":"19","url":"https://todoist.com/_next/static/chunks/0e8f85b20ed9ab0a6102c8b8298bac1d6cb4c89b.0fe8d2aa3a66f036f1d2.js","reference":"http://projects.webappsec.org/w/page/13246936/Information%20Leakage","solution":"Manually confirm that the timestamp data is not sensitive, and that the data cannot be aggregated to disclose exploitable patterns.","alert":"Timestamp Disclosure - Unix","param":"","attack":"","name":"Timestamp Disclosure - Unix","risk":"Informational","id":"103","alertRef":"10096"},{"sourceid":"3","other":"38016083, which evaluates to: 1971-03-16 19:01:23","method":"GET","evidence":"38016083","pluginId":"10096","cweid":"200","confidence":"Low","wascid":"13","description":"A timestamp was disclosed by the application/web server - Unix","messageId":"19","url":"https://todoist.com/_next/static/chunks/0e8f85b20ed9ab0a6102c8b8298bac1d6cb4c89b.0fe8d2aa3a66f036f1d2.js","reference":"http://projects.webappsec.org/w/page/13246936/Information%20Leakage","solution":"Manually confirm that the timestamp data is not sensitive, and that the data cannot be aggregated to disclose exploitable patterns.","alert":"Timestamp Disclosure - Unix","param":"","attack":"","name":"Timestamp Disclosure - Unix","risk":"Informational","id":"104","alertRef":"10096"},{"sourceid":"3","other":"660478335, which evaluates to: 1990-12-06 05:12:15","method":"GET","evidence":"660478335","pluginId":"10096","cweid":"200","confidence":"Low","wascid":"13","description":"A timestamp was disclosed by the application/web server - Unix","messageId":"19","url":"https://todoist.com/_next/static/chunks/0e8f85b20ed9ab0a6102c8b8298bac1d6cb4c89b.0fe8d2aa3a66f036f1d2.js","reference":"http://projects.webappsec.org/w/page/13246936/Information%20Leakage","solution":"Manually confirm that the timestamp data is not sensitive, and that the data cannot be aggregated to disclose exploitable patterns.","alert":"Timestamp Disclosure - Unix","param":"","attack":"","name":"Timestamp Disclosure - Unix","risk":"Informational","id":"105","alertRef":"10096"},{"sourceid":"3","other":"405537848, which evaluates to: 1982-11-07 12:24:08","method":"GET","evidence":"405537848","pluginId":"10096","cweid":"200","confidence":"Low","wascid":"13","description":"A timestamp was disclosed by the application/web server - Unix","messageId":"19","url":"https://todoist.com/_next/static/chunks/0e8f85b20ed9ab0a6102c8b8298bac1d6cb4c89b.0fe8d2aa3a66f036f1d2.js","reference":"http://projects.webappsec.org/w/page/13246936/Information%20Leakage","solution":"Manually confirm that the timestamp data is not sensitive, and that the data cannot be aggregated to disclose exploitable patterns.","alert":"Timestamp Disclosure - Unix","param":"","attack":"","name":"Timestamp Disclosure - Unix","risk":"Informational","id":"106","alertRef":"10096"},{"sourceid":"3","other":"568446438, which evaluates to: 1988-01-06 00:47:18","method":"GET","evidence":"568446438","pluginId":"10096","cweid":"200","confidence":"Low","wascid":"13","description":"A timestamp was disclosed by the application/web server - Unix","messageId":"19","url":"https://todoist.com/_next/static/chunks/0e8f85b20ed9ab0a6102c8b8298bac1d6cb4c89b.0fe8d2aa3a66f036f1d2.js","reference":"http://projects.webappsec.org/w/page/13246936/Information%20Leakage","solution":"Manually confirm that the timestamp data is not sensitive, and that the data cannot be aggregated to disclose exploitable patterns.","alert":"Timestamp Disclosure - Unix","param":"","attack":"","name":"Timestamp Disclosure - Unix","risk":"Informational","id":"107","alertRef":"10096"},{"sourceid":"3","other":"1019803690, which evaluates to: 2002-04-26 01:48:10","method":"GET","evidence":"1019803690","pluginId":"10096","cweid":"200","confidence":"Low","wascid":"13","description":"A timestamp was disclosed by the application/web server - Unix","messageId":"19","url":"https://todoist.com/_next/static/chunks/0e8f85b20ed9ab0a6102c8b8298bac1d6cb4c89b.0fe8d2aa3a66f036f1d2.js","reference":"http://projects.webappsec.org/w/page/13246936/Information%20Leakage","solution":"Manually confirm that the timestamp data is not sensitive, and that the data cannot be aggregated to disclose exploitable patterns.","alert":"Timestamp Disclosure - Unix","param":"","attack":"","name":"Timestamp Disclosure - Unix","risk":"Informational","id":"108","alertRef":"10096"},{"sourceid":"3","other":"187363961, which evaluates to: 1975-12-09 08:32:41","method":"GET","evidence":"187363961","pluginId":"10096","cweid":"200","confidence":"Low","wascid":"13","description":"A timestamp was disclosed by the application/web server - Unix","messageId":"19","url":"https://todoist.com/_next/static/chunks/0e8f85b20ed9ab0a6102c8b8298bac1d6cb4c89b.0fe8d2aa3a66f036f1d2.js","reference":"http://projects.webappsec.org/w/page/13246936/Information%20Leakage","solution":"Manually confirm that the timestamp data is not sensitive, and that the data cannot be aggregated to disclose exploitable patterns.","alert":"Timestamp Disclosure - Unix","param":"","attack":"","name":"Timestamp Disclosure - Unix","risk":"Informational","id":"109","alertRef":"10096"},{"sourceid":"3","other":"1163531501, which evaluates to: 2006-11-14 14:11:41","method":"GET","evidence":"1163531501","pluginId":"10096","cweid":"200","confidence":"Low","wascid":"13","description":"A timestamp was disclosed by the application/web server - Unix","messageId":"19","url":"https://todoist.com/_next/static/chunks/0e8f85b20ed9ab0a6102c8b8298bac1d6cb4c89b.0fe8d2aa3a66f036f1d2.js","reference":"http://projects.webappsec.org/w/page/13246936/Information%20Leakage","solution":"Manually confirm that the timestamp data is not sensitive, and that the data cannot be aggregated to disclose exploitable patterns.","alert":"Timestamp Disclosure - Unix","param":"","attack":"","name":"Timestamp Disclosure - Unix","risk":"Informational","id":"110","alertRef":"10096"},{"sourceid":"3","other":"1444681467, which evaluates to: 2015-10-12 15:24:27","method":"GET","evidence":"1444681467","pluginId":"10096","cweid":"200","confidence":"Low","wascid":"13","description":"A timestamp was disclosed by the application/web server - Unix","messageId":"19","url":"https://todoist.com/_next/static/chunks/0e8f85b20ed9ab0a6102c8b8298bac1d6cb4c89b.0fe8d2aa3a66f036f1d2.js","reference":"http://projects.webappsec.org/w/page/13246936/Information%20Leakage","solution":"Manually confirm that the timestamp data is not sensitive, and that the data cannot be aggregated to disclose exploitable patterns.","alert":"Timestamp Disclosure - Unix","param":"","attack":"","name":"Timestamp Disclosure - Unix","risk":"Informational","id":"111","alertRef":"10096"},{"sourceid":"3","other":"51403784, which evaluates to: 1971-08-18 17:49:44","method":"GET","evidence":"51403784","pluginId":"10096","cweid":"200","confidence":"Low","wascid":"13","description":"A timestamp was disclosed by the application/web server - Unix","messageId":"19","url":"https://todoist.com/_next/static/chunks/0e8f85b20ed9ab0a6102c8b8298bac1d6cb4c89b.0fe8d2aa3a66f036f1d2.js","reference":"http://projects.webappsec.org/w/page/13246936/Information%20Leakage","solution":"Manually confirm that the timestamp data is not sensitive, and that the data cannot be aggregated to disclose exploitable patterns.","alert":"Timestamp Disclosure - Unix","param":"","attack":"","name":"Timestamp Disclosure - Unix","risk":"Informational","id":"112","alertRef":"10096"},{"sourceid":"3","other":"1735328473, which evaluates to: 2024-12-27 14:41:13","method":"GET","evidence":"1735328473","pluginId":"10096","cweid":"200","confidence":"Low","wascid":"13","description":"A timestamp was disclosed by the application/web server - Unix","messageId":"19","url":"https://todoist.com/_next/static/chunks/0e8f85b20ed9ab0a6102c8b8298bac1d6cb4c89b.0fe8d2aa3a66f036f1d2.js","reference":"http://projects.webappsec.org/w/page/13246936/Information%20Leakage","solution":"Manually confirm that the timestamp data is not sensitive, and that the data cannot be aggregated to disclose exploitable patterns.","alert":"Timestamp Disclosure - Unix","param":"","attack":"","name":"Timestamp Disclosure - Unix","risk":"Informational","id":"113","alertRef":"10096"},{"sourceid":"3","other":"1926607734, which evaluates to: 2031-01-19 11:48:54","method":"GET","evidence":"1926607734","pluginId":"10096","cweid":"200","confidence":"Low","wascid":"13","description":"A timestamp was disclosed by the application/web server - Unix","messageId":"19","url":"https://todoist.com/_next/static/chunks/0e8f85b20ed9ab0a6102c8b8298bac1d6cb4c89b.0fe8d2aa3a66f036f1d2.js","reference":"http://projects.webappsec.org/w/page/13246936/Information%20Leakage","solution":"Manually confirm that the timestamp data is not sensitive, and that the data cannot be aggregated to disclose exploitable patterns.","alert":"Timestamp Disclosure - Unix","param":"","attack":"","name":"Timestamp Disclosure - Unix","risk":"Informational","id":"114","alertRef":"10096"},{"sourceid":"3","other":"2022574463, which evaluates to: 2034-02-03 05:14:23","method":"GET","evidence":"2022574463","pluginId":"10096","cweid":"200","confidence":"Low","wascid":"13","description":"A timestamp was disclosed by the application/web server - Unix","messageId":"19","url":"https://todoist.com/_next/static/chunks/0e8f85b20ed9ab0a6102c8b8298bac1d6cb4c89b.0fe8d2aa3a66f036f1d2.js","reference":"http://projects.webappsec.org/w/page/13246936/Information%20Leakage","solution":"Manually confirm that the timestamp data is not sensitive, and that the data cannot be aggregated to disclose exploitable patterns.","alert":"Timestamp Disclosure - Unix","param":"","attack":"","name":"Timestamp Disclosure - Unix","risk":"Informational","id":"115","alertRef":"10096"},{"sourceid":"3","other":"1839030562, which evaluates to: 2028-04-10 20:49:22","method":"GET","evidence":"1839030562","pluginId":"10096","cweid":"200","confidence":"Low","wascid":"13","description":"A timestamp was disclosed by the application/web server - Unix","messageId":"19","url":"https://todoist.com/_next/static/chunks/0e8f85b20ed9ab0a6102c8b8298bac1d6cb4c89b.0fe8d2aa3a66f036f1d2.js","reference":"http://projects.webappsec.org/w/page/13246936/Information%20Leakage","solution":"Manually confirm that the timestamp data is not sensitive, and that the data cannot be aggregated to disclose exploitable patterns.","alert":"Timestamp Disclosure - Unix","param":"","attack":"","name":"Timestamp Disclosure - Unix","risk":"Informational","id":"116","alertRef":"10096"},{"sourceid":"3","other":"35309556, which evaluates to: 1971-02-13 11:12:36","method":"GET","evidence":"35309556","pluginId":"10096","cweid":"200","confidence":"Low","wascid":"13","description":"A timestamp was disclosed by the application/web server - Unix","messageId":"19","url":"https://todoist.com/_next/static/chunks/0e8f85b20ed9ab0a6102c8b8298bac1d6cb4c89b.0fe8d2aa3a66f036f1d2.js","reference":"http://projects.webappsec.org/w/page/13246936/Information%20Leakage","solution":"Manually confirm that the timestamp data is not sensitive, and that the data cannot be aggregated to disclose exploitable patterns.","alert":"Timestamp Disclosure - Unix","param":"","attack":"","name":"Timestamp Disclosure - Unix","risk":"Informational","id":"117","alertRef":"10096"},{"sourceid":"3","other":"1530992060, which evaluates to: 2018-07-07 14:34:20","method":"GET","evidence":"1530992060","pluginId":"10096","cweid":"200","confidence":"Low","wascid":"13","description":"A timestamp was disclosed by the application/web server - Unix","messageId":"19","url":"https://todoist.com/_next/static/chunks/0e8f85b20ed9ab0a6102c8b8298bac1d6cb4c89b.0fe8d2aa3a66f036f1d2.js","reference":"http://projects.webappsec.org/w/page/13246936/Information%20Leakage","solution":"Manually confirm that the timestamp data is not sensitive, and that the data cannot be aggregated to disclose exploitable patterns.","alert":"Timestamp Disclosure - Unix","param":"","attack":"","name":"Timestamp Disclosure - Unix","risk":"Informational","id":"118","alertRef":"10096"},{"sourceid":"3","other":"1272893353, which evaluates to: 2010-05-03 08:29:13","method":"GET","evidence":"1272893353","pluginId":"10096","cweid":"200","confidence":"Low","wascid":"13","description":"A timestamp was disclosed by the application/web server - Unix","messageId":"19","url":"https://todoist.com/_next/static/chunks/0e8f85b20ed9ab0a6102c8b8298bac1d6cb4c89b.0fe8d2aa3a66f036f1d2.js","reference":"http://projects.webappsec.org/w/page/13246936/Information%20Leakage","solution":"Manually confirm that the timestamp data is not sensitive, and that the data cannot be aggregated to disclose exploitable patterns.","alert":"Timestamp Disclosure - Unix","param":"","attack":"","name":"Timestamp Disclosure - Unix","risk":"Informational","id":"119","alertRef":"10096"},{"sourceid":"3","other":"155497632, which evaluates to: 1974-12-05 12:47:12","method":"GET","evidence":"155497632","pluginId":"10096","cweid":"200","confidence":"Low","wascid":"13","description":"A timestamp was disclosed by the application/web server - Unix","messageId":"19","url":"https://todoist.com/_next/static/chunks/0e8f85b20ed9ab0a6102c8b8298bac1d6cb4c89b.0fe8d2aa3a66f036f1d2.js","reference":"http://projects.webappsec.org/w/page/13246936/Information%20Leakage","solution":"Manually confirm that the timestamp data is not sensitive, and that the data cannot be aggregated to disclose exploitable patterns.","alert":"Timestamp Disclosure - Unix","param":"","attack":"","name":"Timestamp Disclosure - Unix","risk":"Informational","id":"120","alertRef":"10096"},{"sourceid":"3","other":"1094730640, which evaluates to: 2004-09-09 06:50:40","method":"GET","evidence":"1094730640","pluginId":"10096","cweid":"200","confidence":"Low","wascid":"13","description":"A timestamp was disclosed by the application/web server - Unix","messageId":"19","url":"https://todoist.com/_next/static/chunks/0e8f85b20ed9ab0a6102c8b8298bac1d6cb4c89b.0fe8d2aa3a66f036f1d2.js","reference":"http://projects.webappsec.org/w/page/13246936/Information%20Leakage","solution":"Manually confirm that the timestamp data is not sensitive, and that the data cannot be aggregated to disclose exploitable patterns.","alert":"Timestamp Disclosure - Unix","param":"","attack":"","name":"Timestamp Disclosure - Unix","risk":"Informational","id":"121","alertRef":"10096"},{"sourceid":"3","other":"681279174, which evaluates to: 1991-08-03 23:12:54","method":"GET","evidence":"681279174","pluginId":"10096","cweid":"200","confidence":"Low","wascid":"13","description":"A timestamp was disclosed by the application/web server - Unix","messageId":"19","url":"https://todoist.com/_next/static/chunks/0e8f85b20ed9ab0a6102c8b8298bac1d6cb4c89b.0fe8d2aa3a66f036f1d2.js","reference":"http://projects.webappsec.org/w/page/13246936/Information%20Leakage","solution":"Manually confirm that the timestamp data is not sensitive, and that the data cannot be aggregated to disclose exploitable patterns.","alert":"Timestamp Disclosure - Unix","param":"","attack":"","name":"Timestamp Disclosure - Unix","risk":"Informational","id":"122","alertRef":"10096"},{"sourceid":"3","other":"358537222, which evaluates to: 1981-05-12 12:40:22","method":"GET","evidence":"358537222","pluginId":"10096","cweid":"200","confidence":"Low","wascid":"13","description":"A timestamp was disclosed by the application/web server - Unix","messageId":"19","url":"https://todoist.com/_next/static/chunks/0e8f85b20ed9ab0a6102c8b8298bac1d6cb4c89b.0fe8d2aa3a66f036f1d2.js","reference":"http://projects.webappsec.org/w/page/13246936/Information%20Leakage","solution":"Manually confirm that the timestamp data is not sensitive, and that the data cannot be aggregated to disclose exploitable patterns.","alert":"Timestamp Disclosure - Unix","param":"","attack":"","name":"Timestamp Disclosure - Unix","risk":"Informational","id":"123","alertRef":"10096"},{"sourceid":"3","other":"722521979, which evaluates to: 1992-11-23 08:32:59","method":"GET","evidence":"722521979","pluginId":"10096","cweid":"200","confidence":"Low","wascid":"13","description":"A timestamp was disclosed by the application/web server - Unix","messageId":"19","url":"https://todoist.com/_next/static/chunks/0e8f85b20ed9ab0a6102c8b8298bac1d6cb4c89b.0fe8d2aa3a66f036f1d2.js","reference":"http://projects.webappsec.org/w/page/13246936/Information%20Leakage","solution":"Manually confirm that the timestamp data is not sensitive, and that the data cannot be aggregated to disclose exploitable patterns.","alert":"Timestamp Disclosure - Unix","param":"","attack":"","name":"Timestamp Disclosure - Unix","risk":"Informational","id":"124","alertRef":"10096"},{"sourceid":"3","other":"76029189, which evaluates to: 1972-05-29 18:13:09","method":"GET","evidence":"76029189","pluginId":"10096","cweid":"200","confidence":"Low","wascid":"13","description":"A timestamp was disclosed by the application/web server - Unix","messageId":"19","url":"https://todoist.com/_next/static/chunks/0e8f85b20ed9ab0a6102c8b8298bac1d6cb4c89b.0fe8d2aa3a66f036f1d2.js","reference":"http://projects.webappsec.org/w/page/13246936/Information%20Leakage","solution":"Manually confirm that the timestamp data is not sensitive, and that the data cannot be aggregated to disclose exploitable patterns.","alert":"Timestamp Disclosure - Unix","param":"","attack":"","name":"Timestamp Disclosure - Unix","risk":"Informational","id":"125","alertRef":"10096"},{"sourceid":"3","other":"640364487, which evaluates to: 1990-04-17 10:01:27","method":"GET","evidence":"640364487","pluginId":"10096","cweid":"200","confidence":"Low","wascid":"13","description":"A timestamp was disclosed by the application/web server - Unix","messageId":"19","url":"https://todoist.com/_next/static/chunks/0e8f85b20ed9ab0a6102c8b8298bac1d6cb4c89b.0fe8d2aa3a66f036f1d2.js","reference":"http://projects.webappsec.org/w/page/13246936/Information%20Leakage","solution":"Manually confirm that the timestamp data is not sensitive, and that the data cannot be aggregated to disclose exploitable patterns.","alert":"Timestamp Disclosure - Unix","param":"","attack":"","name":"Timestamp Disclosure - Unix","risk":"Informational","id":"126","alertRef":"10096"},{"sourceid":"3","other":"421815835, which evaluates to: 1983-05-14 22:03:55","method":"GET","evidence":"421815835","pluginId":"10096","cweid":"200","confidence":"Low","wascid":"13","description":"A timestamp was disclosed by the application/web server - Unix","messageId":"19","url":"https://todoist.com/_next/static/chunks/0e8f85b20ed9ab0a6102c8b8298bac1d6cb4c89b.0fe8d2aa3a66f036f1d2.js","reference":"http://projects.webappsec.org/w/page/13246936/Information%20Leakage","solution":"Manually confirm that the timestamp data is not sensitive, and that the data cannot be aggregated to disclose exploitable patterns.","alert":"Timestamp Disclosure - Unix","param":"","attack":"","name":"Timestamp Disclosure - Unix","risk":"Informational","id":"127","alertRef":"10096"},{"sourceid":"3","other":"530742520, which evaluates to: 1986-10-26 15:28:40","method":"GET","evidence":"530742520","pluginId":"10096","cweid":"200","confidence":"Low","wascid":"13","description":"A timestamp was disclosed by the application/web server - Unix","messageId":"19","url":"https://todoist.com/_next/static/chunks/0e8f85b20ed9ab0a6102c8b8298bac1d6cb4c89b.0fe8d2aa3a66f036f1d2.js","reference":"http://projects.webappsec.org/w/page/13246936/Information%20Leakage","solution":"Manually confirm that the timestamp data is not sensitive, and that the data cannot be aggregated to disclose exploitable patterns.","alert":"Timestamp Disclosure - Unix","param":"","attack":"","name":"Timestamp Disclosure - Unix","risk":"Informational","id":"128","alertRef":"10096"},{"sourceid":"3","other":"995338651, which evaluates to: 2001-07-16 21:57:31","method":"GET","evidence":"995338651","pluginId":"10096","cweid":"200","confidence":"Low","wascid":"13","description":"A timestamp was disclosed by the application/web server - Unix","messageId":"19","url":"https://todoist.com/_next/static/chunks/0e8f85b20ed9ab0a6102c8b8298bac1d6cb4c89b.0fe8d2aa3a66f036f1d2.js","reference":"http://projects.webappsec.org/w/page/13246936/Information%20Leakage","solution":"Manually confirm that the timestamp data is not sensitive, and that the data cannot be aggregated to disclose exploitable patterns.","alert":"Timestamp Disclosure - Unix","param":"","attack":"","name":"Timestamp Disclosure - Unix","risk":"Informational","id":"129","alertRef":"10096"},{"sourceid":"3","other":"198630844, which evaluates to: 1976-04-17 18:14:04","method":"GET","evidence":"198630844","pluginId":"10096","cweid":"200","confidence":"Low","wascid":"13","description":"A timestamp was disclosed by the application/web server - Unix","messageId":"19","url":"https://todoist.com/_next/static/chunks/0e8f85b20ed9ab0a6102c8b8298bac1d6cb4c89b.0fe8d2aa3a66f036f1d2.js","reference":"http://projects.webappsec.org/w/page/13246936/Information%20Leakage","solution":"Manually confirm that the timestamp data is not sensitive, and that the data cannot be aggregated to disclose exploitable patterns.","alert":"Timestamp Disclosure - Unix","param":"","attack":"","name":"Timestamp Disclosure - Unix","risk":"Informational","id":"130","alertRef":"10096"},{"sourceid":"3","other":"1126891415, which evaluates to: 2005-09-16 12:23:35","method":"GET","evidence":"1126891415","pluginId":"10096","cweid":"200","confidence":"Low","wascid":"13","description":"A timestamp was disclosed by the application/web server - Unix","messageId":"19","url":"https://todoist.com/_next/static/chunks/0e8f85b20ed9ab0a6102c8b8298bac1d6cb4c89b.0fe8d2aa3a66f036f1d2.js","reference":"http://projects.webappsec.org/w/page/13246936/Information%20Leakage","solution":"Manually confirm that the timestamp data is not sensitive, and that the data cannot be aggregated to disclose exploitable patterns.","alert":"Timestamp Disclosure - Unix","param":"","attack":"","name":"Timestamp Disclosure - Unix","risk":"Informational","id":"131","alertRef":"10096"},{"sourceid":"3","other":"1416354905, which evaluates to: 2014-11-18 18:55:05","method":"GET","evidence":"1416354905","pluginId":"10096","cweid":"200","confidence":"Low","wascid":"13","description":"A timestamp was disclosed by the application/web server - Unix","messageId":"19","url":"https://todoist.com/_next/static/chunks/0e8f85b20ed9ab0a6102c8b8298bac1d6cb4c89b.0fe8d2aa3a66f036f1d2.js","reference":"http://projects.webappsec.org/w/page/13246936/Information%20Leakage","solution":"Manually confirm that the timestamp data is not sensitive, and that the data cannot be aggregated to disclose exploitable patterns.","alert":"Timestamp Disclosure - Unix","param":"","attack":"","name":"Timestamp Disclosure - Unix","risk":"Informational","id":"132","alertRef":"10096"},{"sourceid":"3","other":"57434055, which evaluates to: 1971-10-27 12:54:15","method":"GET","evidence":"57434055","pluginId":"10096","cweid":"200","confidence":"Low","wascid":"13","description":"A timestamp was disclosed by the application/web server - Unix","messageId":"19","url":"https://todoist.com/_next/static/chunks/0e8f85b20ed9ab0a6102c8b8298bac1d6cb4c89b.0fe8d2aa3a66f036f1d2.js","reference":"http://projects.webappsec.org/w/page/13246936/Information%20Leakage","solution":"Manually confirm that the timestamp data is not sensitive, and that the data cannot be aggregated to disclose exploitable patterns.","alert":"Timestamp Disclosure - Unix","param":"","attack":"","name":"Timestamp Disclosure - Unix","risk":"Informational","id":"133","alertRef":"10096"},{"sourceid":"3","other":"1700485571, which evaluates to: 2023-11-20 08:06:11","method":"GET","evidence":"1700485571","pluginId":"10096","cweid":"200","confidence":"Low","wascid":"13","description":"A timestamp was disclosed by the application/web server - Unix","messageId":"19","url":"https://todoist.com/_next/static/chunks/0e8f85b20ed9ab0a6102c8b8298bac1d6cb4c89b.0fe8d2aa3a66f036f1d2.js","reference":"http://projects.webappsec.org/w/page/13246936/Information%20Leakage","solution":"Manually confirm that the timestamp data is not sensitive, and that the data cannot be aggregated to disclose exploitable patterns.","alert":"Timestamp Disclosure - Unix","param":"","attack":"","name":"Timestamp Disclosure - Unix","risk":"Informational","id":"134","alertRef":"10096"},{"sourceid":"3","other":"1894986606, which evaluates to: 2030-01-18 12:10:06","method":"GET","evidence":"1894986606","pluginId":"10096","cweid":"200","confidence":"Low","wascid":"13","description":"A timestamp was disclosed by the application/web server - Unix","messageId":"19","url":"https://todoist.com/_next/static/chunks/0e8f85b20ed9ab0a6102c8b8298bac1d6cb4c89b.0fe8d2aa3a66f036f1d2.js","reference":"http://projects.webappsec.org/w/page/13246936/Information%20Leakage","solution":"Manually confirm that the timestamp data is not sensitive, and that the data cannot be aggregated to disclose exploitable patterns.","alert":"Timestamp Disclosure - Unix","param":"","attack":"","name":"Timestamp Disclosure - Unix","risk":"Informational","id":"135","alertRef":"10096"},{"sourceid":"3","other":"2054922799, which evaluates to: 2035-02-12 14:53:19","method":"GET","evidence":"2054922799","pluginId":"10096","cweid":"200","confidence":"Low","wascid":"13","description":"A timestamp was disclosed by the application/web server - Unix","messageId":"19","url":"https://todoist.com/_next/static/chunks/0e8f85b20ed9ab0a6102c8b8298bac1d6cb4c89b.0fe8d2aa3a66f036f1d2.js","reference":"http://projects.webappsec.org/w/page/13246936/Information%20Leakage","solution":"Manually confirm that the timestamp data is not sensitive, and that the data cannot be aggregated to disclose exploitable patterns.","alert":"Timestamp Disclosure - Unix","param":"","attack":"","name":"Timestamp Disclosure - Unix","risk":"Informational","id":"136","alertRef":"10096"},{"sourceid":"3","other":"1873313359, which evaluates to: 2029-05-12 15:49:19","method":"GET","evidence":"1873313359","pluginId":"10096","cweid":"200","confidence":"Low","wascid":"13","description":"A timestamp was disclosed by the application/web server - Unix","messageId":"19","url":"https://todoist.com/_next/static/chunks/0e8f85b20ed9ab0a6102c8b8298bac1d6cb4c89b.0fe8d2aa3a66f036f1d2.js","reference":"http://projects.webappsec.org/w/page/13246936/Information%20Leakage","solution":"Manually confirm that the timestamp data is not sensitive, and that the data cannot be aggregated to disclose exploitable patterns.","alert":"Timestamp Disclosure - Unix","param":"","attack":"","name":"Timestamp Disclosure - Unix","risk":"Informational","id":"137","alertRef":"10096"},{"sourceid":"3","other":"30611744, which evaluates to: 1970-12-21 02:15:44","method":"GET","evidence":"30611744","pluginId":"10096","cweid":"200","confidence":"Low","wascid":"13","description":"A timestamp was disclosed by the application/web server - Unix","messageId":"19","url":"https://todoist.com/_next/static/chunks/0e8f85b20ed9ab0a6102c8b8298bac1d6cb4c89b.0fe8d2aa3a66f036f1d2.js","reference":"http://projects.webappsec.org/w/page/13246936/Information%20Leakage","solution":"Manually confirm that the timestamp data is not sensitive, and that the data cannot be aggregated to disclose exploitable patterns.","alert":"Timestamp Disclosure - Unix","param":"","attack":"","name":"Timestamp Disclosure - Unix","risk":"Informational","id":"138","alertRef":"10096"},{"sourceid":"3","other":"1560198380, which evaluates to: 2019-06-10 15:26:20","method":"GET","evidence":"1560198380","pluginId":"10096","cweid":"200","confidence":"Low","wascid":"13","description":"A timestamp was disclosed by the application/web server - Unix","messageId":"19","url":"https://todoist.com/_next/static/chunks/0e8f85b20ed9ab0a6102c8b8298bac1d6cb4c89b.0fe8d2aa3a66f036f1d2.js","reference":"http://projects.webappsec.org/w/page/13246936/Information%20Leakage","solution":"Manually confirm that the timestamp data is not sensitive, and that the data cannot be aggregated to disclose exploitable patterns.","alert":"Timestamp Disclosure - Unix","param":"","attack":"","name":"Timestamp Disclosure - Unix","risk":"Informational","id":"139","alertRef":"10096"},{"sourceid":"3","other":"1309151649, which evaluates to: 2011-06-27 00:14:09","method":"GET","evidence":"1309151649","pluginId":"10096","cweid":"200","confidence":"Low","wascid":"13","description":"A timestamp was disclosed by the application/web server - Unix","messageId":"19","url":"https://todoist.com/_next/static/chunks/0e8f85b20ed9ab0a6102c8b8298bac1d6cb4c89b.0fe8d2aa3a66f036f1d2.js","reference":"http://projects.webappsec.org/w/page/13246936/Information%20Leakage","solution":"Manually confirm that the timestamp data is not sensitive, and that the data cannot be aggregated to disclose exploitable patterns.","alert":"Timestamp Disclosure - Unix","param":"","attack":"","name":"Timestamp Disclosure - Unix","risk":"Informational","id":"140","alertRef":"10096"},{"sourceid":"3","other":"145523070, which evaluates to: 1974-08-12 02:04:30","method":"GET","evidence":"145523070","pluginId":"10096","cweid":"200","confidence":"Low","wascid":"13","description":"A timestamp was disclosed by the application/web server - Unix","messageId":"19","url":"https://todoist.com/_next/static/chunks/0e8f85b20ed9ab0a6102c8b8298bac1d6cb4c89b.0fe8d2aa3a66f036f1d2.js","reference":"http://projects.webappsec.org/w/page/13246936/Information%20Leakage","solution":"Manually confirm that the timestamp data is not sensitive, and that the data cannot be aggregated to disclose exploitable patterns.","alert":"Timestamp Disclosure - Unix","param":"","attack":"","name":"Timestamp Disclosure - Unix","risk":"Informational","id":"141","alertRef":"10096"},{"sourceid":"3","other":"1120210379, which evaluates to: 2005-07-01 04:32:59","method":"GET","evidence":"1120210379","pluginId":"10096","cweid":"200","confidence":"Low","wascid":"13","description":"A timestamp was disclosed by the application/web server - Unix","messageId":"19","url":"https://todoist.com/_next/static/chunks/0e8f85b20ed9ab0a6102c8b8298bac1d6cb4c89b.0fe8d2aa3a66f036f1d2.js","reference":"http://projects.webappsec.org/w/page/13246936/Information%20Leakage","solution":"Manually confirm that the timestamp data is not sensitive, and that the data cannot be aggregated to disclose exploitable patterns.","alert":"Timestamp Disclosure - Unix","param":"","attack":"","name":"Timestamp Disclosure - Unix","risk":"Informational","id":"142","alertRef":"10096"},{"sourceid":"3","other":"718787259, which evaluates to: 1992-10-11 03:07:39","method":"GET","evidence":"718787259","pluginId":"10096","cweid":"200","confidence":"Low","wascid":"13","description":"A timestamp was disclosed by the application/web server - Unix","messageId":"19","url":"https://todoist.com/_next/static/chunks/0e8f85b20ed9ab0a6102c8b8298bac1d6cb4c89b.0fe8d2aa3a66f036f1d2.js","reference":"http://projects.webappsec.org/w/page/13246936/Information%20Leakage","solution":"Manually confirm that the timestamp data is not sensitive, and that the data cannot be aggregated to disclose exploitable patterns.","alert":"Timestamp Disclosure - Unix","param":"","attack":"","name":"Timestamp Disclosure - Unix","risk":"Informational","id":"143","alertRef":"10096"},{"sourceid":"3","other":"343485551, which evaluates to: 1980-11-19 07:39:11","method":"GET","evidence":"343485551","pluginId":"10096","cweid":"200","confidence":"Low","wascid":"13","description":"A timestamp was disclosed by the application/web server - Unix","messageId":"19","url":"https://todoist.com/_next/static/chunks/0e8f85b20ed9ab0a6102c8b8298bac1d6cb4c89b.0fe8d2aa3a66f036f1d2.js","reference":"http://projects.webappsec.org/w/page/13246936/Information%20Leakage","solution":"Manually confirm that the timestamp data is not sensitive, and that the data cannot be aggregated to disclose exploitable patterns.","alert":"Timestamp Disclosure - Unix","param":"","attack":"","name":"Timestamp Disclosure - Unix","risk":"Informational","id":"144","alertRef":"10096"},{"sourceid":"3","other":"1518500249, which evaluates to: 2018-02-13 00:37:29","method":"GET","evidence":"1518500249","pluginId":"10096","cweid":"200","confidence":"Low","wascid":"13","description":"A timestamp was disclosed by the application/web server - Unix","messageId":"19","url":"https://todoist.com/_next/static/chunks/0e8f85b20ed9ab0a6102c8b8298bac1d6cb4c89b.0fe8d2aa3a66f036f1d2.js","reference":"http://projects.webappsec.org/w/page/13246936/Information%20Leakage","solution":"Manually confirm that the timestamp data is not sensitive, and that the data cannot be aggregated to disclose exploitable patterns.","alert":"Timestamp Disclosure - Unix","param":"","attack":"","name":"Timestamp Disclosure - Unix","risk":"Informational","id":"145","alertRef":"10096"},{"sourceid":"3","other":"1859775393, which evaluates to: 2028-12-06 23:16:33","method":"GET","evidence":"1859775393","pluginId":"10096","cweid":"200","confidence":"Low","wascid":"13","description":"A timestamp was disclosed by the application/web server - Unix","messageId":"19","url":"https://todoist.com/_next/static/chunks/0e8f85b20ed9ab0a6102c8b8298bac1d6cb4c89b.0fe8d2aa3a66f036f1d2.js","reference":"http://projects.webappsec.org/w/page/13246936/Information%20Leakage","solution":"Manually confirm that the timestamp data is not sensitive, and that the data cannot be aggregated to disclose exploitable patterns.","alert":"Timestamp Disclosure - Unix","param":"","attack":"","name":"Timestamp Disclosure - Unix","risk":"Informational","id":"146","alertRef":"10096"},{"sourceid":"3","other":"00000000, which evaluates to: 1969-12-31 19:00:00","method":"GET","evidence":"00000000","pluginId":"10096","cweid":"200","confidence":"Low","wascid":"13","description":"A timestamp was disclosed by the application/web server - Unix","messageId":"19","url":"https://todoist.com/_next/static/chunks/0e8f85b20ed9ab0a6102c8b8298bac1d6cb4c89b.0fe8d2aa3a66f036f1d2.js","reference":"http://projects.webappsec.org/w/page/13246936/Information%20Leakage","solution":"Manually confirm that the timestamp data is not sensitive, and that the data cannot be aggregated to disclose exploitable patterns.","alert":"Timestamp Disclosure - Unix","param":"","attack":"","name":"Timestamp Disclosure - Unix","risk":"Informational","id":"149","alertRef":"10096"},{"sourceid":"3","other":"This issue still applies to error type pages (401, 403, 500, etc.) as those pages are often still affected by injection issues, in which case there is still concern for browsers sniffing pages away from their actual content type.\nAt \"High\" threshold this scan rule will not alert on client or server error responses.","method":"GET","evidence":"","pluginId":"10021","cweid":"16","confidence":"Medium","wascid":"15","description":"The Anti-MIME-Sniffing header X-Content-Type-Options was not set to 'nosniff'. This allows older versions of Internet Explorer and Chrome to perform MIME-sniffing on the response body, potentially causing the response body to be interpreted and displayed as a content type other than the declared content type. Current (early 2014) and legacy versions of Firefox will use the declared content type (if one is set), rather than performing MIME-sniffing.","messageId":"19","url":"https://todoist.com/_next/static/chunks/0e8f85b20ed9ab0a6102c8b8298bac1d6cb4c89b.0fe8d2aa3a66f036f1d2.js","reference":"http://msdn.microsoft.com/en-us/library/ie/gg622941%28v=vs.85%29.aspx\nhttps://owasp.org/www-community/Security_Headers","solution":"Ensure that the application/web server sets the Content-Type header appropriately, and that it sets the X-Content-Type-Options header to 'nosniff' for all web pages.\nIf possible, ensure that the end user uses a standards-compliant and modern web browser that does not perform MIME-sniffing at all, or that can be directed by the web application/web server to not perform MIME-sniffing.","alert":"X-Content-Type-Options Header Missing","param":"X-Content-Type-Options","attack":"","name":"X-Content-Type-Options Header Missing","risk":"Low","id":"151","alertRef":"10021"},{"sourceid":"3","other":"The following pattern was used: \\bDB\\b and was detected in the element starting with: \"(window.webpackJsonp_N_E=window.webpackJsonp_N_E||[]).push([[4],{WNiU:function(e,t,r){!function(e,t){for(var r in t)e[r]=t[r]}(t\", see evidence field for the suspicious comment/snippet.","method":"GET","evidence":"Db","pluginId":"10027","cweid":"200","confidence":"Low","wascid":"13","description":"The response appears to contain suspicious comments which may help an attacker. Note: Matches made within script blocks or files are against the entire content not only comments.","messageId":"20","url":"https://todoist.com/_next/static/chunks/4af5f773.1851fbd0845d20ef7104.js","reference":"","solution":"Remove all comments that return information that may help an attacker and fix any underlying problems they refer to.","alert":"Information Disclosure - Suspicious Comments","param":"","attack":"","name":"Information Disclosure - Suspicious Comments","risk":"Informational","id":"152","alertRef":"10027"},{"sourceid":"3","other":"This issue still applies to error type pages (401, 403, 500, etc.) as those pages are often still affected by injection issues, in which case there is still concern for browsers sniffing pages away from their actual content type.\nAt \"High\" threshold this scan rule will not alert on client or server error responses.","method":"GET","evidence":"","pluginId":"10021","cweid":"16","confidence":"Medium","wascid":"15","description":"The Anti-MIME-Sniffing header X-Content-Type-Options was not set to 'nosniff'. This allows older versions of Internet Explorer and Chrome to perform MIME-sniffing on the response body, potentially causing the response body to be interpreted and displayed as a content type other than the declared content type. Current (early 2014) and legacy versions of Firefox will use the declared content type (if one is set), rather than performing MIME-sniffing.","messageId":"20","url":"https://todoist.com/_next/static/chunks/4af5f773.1851fbd0845d20ef7104.js","reference":"http://msdn.microsoft.com/en-us/library/ie/gg622941%28v=vs.85%29.aspx\nhttps://owasp.org/www-community/Security_Headers","solution":"Ensure that the application/web server sets the Content-Type header appropriately, and that it sets the X-Content-Type-Options header to 'nosniff' for all web pages.\nIf possible, ensure that the end user uses a standards-compliant and modern web browser that does not perform MIME-sniffing at all, or that can be directed by the web application/web server to not perform MIME-sniffing.","alert":"X-Content-Type-Options Header Missing","param":"X-Content-Type-Options","attack":"","name":"X-Content-Type-Options Header Missing","risk":"Low","id":"153","alertRef":"10021"},{"sourceid":"3","other":"The following pattern was used: \\bQUERY\\b and was detected in the element starting with: \"(window.webpackJsonp_N_E=window.webpackJsonp_N_E||[]).push([[6],{\"+90V\":function(e,t,n){\"use strict\";var r=n(\"TqRt\");n(\"HAE/\"),O\", see evidence field for the suspicious comment/snippet.","method":"GET","evidence":"query","pluginId":"10027","cweid":"200","confidence":"Low","wascid":"13","description":"The response appears to contain suspicious comments which may help an attacker. Note: Matches made within script blocks or files are against the entire content not only comments.","messageId":"21","url":"https://todoist.com/_next/static/chunks/46300902bf7c6e1374dd592a461ea5a5a6d02de9.dcfb80a6e6abd69835ad.js","reference":"","solution":"Remove all comments that return information that may help an attacker and fix any underlying problems they refer to.","alert":"Information Disclosure - Suspicious Comments","param":"","attack":"","name":"Information Disclosure - Suspicious Comments","risk":"Informational","id":"154","alertRef":"10027"},{"sourceid":"3","other":"This issue still applies to error type pages (401, 403, 500, etc.) as those pages are often still affected by injection issues, in which case there is still concern for browsers sniffing pages away from their actual content type.\nAt \"High\" threshold this scan rule will not alert on client or server error responses.","method":"GET","evidence":"","pluginId":"10021","cweid":"16","confidence":"Medium","wascid":"15","description":"The Anti-MIME-Sniffing header X-Content-Type-Options was not set to 'nosniff'. This allows older versions of Internet Explorer and Chrome to perform MIME-sniffing on the response body, potentially causing the response body to be interpreted and displayed as a content type other than the declared content type. Current (early 2014) and legacy versions of Firefox will use the declared content type (if one is set), rather than performing MIME-sniffing.","messageId":"21","url":"https://todoist.com/_next/static/chunks/46300902bf7c6e1374dd592a461ea5a5a6d02de9.dcfb80a6e6abd69835ad.js","reference":"http://msdn.microsoft.com/en-us/library/ie/gg622941%28v=vs.85%29.aspx\nhttps://owasp.org/www-community/Security_Headers","solution":"Ensure that the application/web server sets the Content-Type header appropriately, and that it sets the X-Content-Type-Options header to 'nosniff' for all web pages.\nIf possible, ensure that the end user uses a standards-compliant and modern web browser that does not perform MIME-sniffing at all, or that can be directed by the web application/web server to not perform MIME-sniffing.","alert":"X-Content-Type-Options Header Missing","param":"X-Content-Type-Options","attack":"","name":"X-Content-Type-Options Header Missing","risk":"Low","id":"155","alertRef":"10021"},{"sourceid":"3","other":"The following pattern was used: \\bQUERY\\b and was detected in the element starting with: \"_N_E=(window.webpackJsonp_N_E=window.webpackJsonp_N_E||[]).push([[29],{\"1TCz\":function(t,e,n){\"use strict\";n.r(e);var r=n(\"o0o1\"\", see evidence field for the suspicious comment/snippet.","method":"GET","evidence":"query","pluginId":"10027","cweid":"200","confidence":"Low","wascid":"13","description":"The response appears to contain suspicious comments which may help an attacker. Note: Matches made within script blocks or files are against the entire content not only comments.","messageId":"22","url":"https://todoist.com/_next/static/chunks/pages/_app-3b4743dbd65bee2727de.js","reference":"","solution":"Remove all comments that return information that may help an attacker and fix any underlying problems they refer to.","alert":"Information Disclosure - Suspicious Comments","param":"","attack":"","name":"Information Disclosure - Suspicious Comments","risk":"Informational","id":"156","alertRef":"10027"},{"sourceid":"3","other":"This issue still applies to error type pages (401, 403, 500, etc.) as those pages are often still affected by injection issues, in which case there is still concern for browsers sniffing pages away from their actual content type.\nAt \"High\" threshold this scan rule will not alert on client or server error responses.","method":"GET","evidence":"","pluginId":"10021","cweid":"16","confidence":"Medium","wascid":"15","description":"The Anti-MIME-Sniffing header X-Content-Type-Options was not set to 'nosniff'. This allows older versions of Internet Explorer and Chrome to perform MIME-sniffing on the response body, potentially causing the response body to be interpreted and displayed as a content type other than the declared content type. Current (early 2014) and legacy versions of Firefox will use the declared content type (if one is set), rather than performing MIME-sniffing.","messageId":"22","url":"https://todoist.com/_next/static/chunks/pages/_app-3b4743dbd65bee2727de.js","reference":"http://msdn.microsoft.com/en-us/library/ie/gg622941%28v=vs.85%29.aspx\nhttps://owasp.org/www-community/Security_Headers","solution":"Ensure that the application/web server sets the Content-Type header appropriately, and that it sets the X-Content-Type-Options header to 'nosniff' for all web pages.\nIf possible, ensure that the end user uses a standards-compliant and modern web browser that does not perform MIME-sniffing at all, or that can be directed by the web application/web server to not perform MIME-sniffing.","alert":"X-Content-Type-Options Header Missing","param":"X-Content-Type-Options","attack":"","name":"X-Content-Type-Options Header Missing","risk":"Low","id":"157","alertRef":"10021"},{"sourceid":"3","other":"The following pattern was used: \\bBUG\\b and was detected in the element starting with: \"(window.webpackJsonp_N_E=window.webpackJsonp_N_E||[]).push([[7],{\"+924\":function(e,t,n){\"use strict\";n.d(t,\"d\",(function(){retur\", see evidence field for the suspicious comment/snippet.","method":"GET","evidence":"bug","pluginId":"10027","cweid":"200","confidence":"Low","wascid":"13","description":"The response appears to contain suspicious comments which may help an attacker. Note: Matches made within script blocks or files are against the entire content not only comments.","messageId":"23","url":"https://todoist.com/_next/static/chunks/a7d9d3dc563f80f9bceeaf1fc394c88e9b2ce764.dc5ca8c774eddce1e0d7.js","reference":"","solution":"Remove all comments that return information that may help an attacker and fix any underlying problems they refer to.","alert":"Information Disclosure - Suspicious Comments","param":"","attack":"","name":"Information Disclosure - Suspicious Comments","risk":"Informational","id":"158","alertRef":"10027"},{"sourceid":"3","other":"123456789, which evaluates to: 1973-11-29 16:33:09","method":"GET","evidence":"123456789","pluginId":"10096","cweid":"200","confidence":"Low","wascid":"13","description":"A timestamp was disclosed by the application/web server - Unix","messageId":"23","url":"https://todoist.com/_next/static/chunks/a7d9d3dc563f80f9bceeaf1fc394c88e9b2ce764.dc5ca8c774eddce1e0d7.js","reference":"http://projects.webappsec.org/w/page/13246936/Information%20Leakage","solution":"Manually confirm that the timestamp data is not sensitive, and that the data cannot be aggregated to disclose exploitable patterns.","alert":"Timestamp Disclosure - Unix","param":"","attack":"","name":"Timestamp Disclosure - Unix","risk":"Informational","id":"159","alertRef":"10096"},{"sourceid":"3","other":"This issue still applies to error type pages (401, 403, 500, etc.) as those pages are often still affected by injection issues, in which case there is still concern for browsers sniffing pages away from their actual content type.\nAt \"High\" threshold this scan rule will not alert on client or server error responses.","method":"GET","evidence":"","pluginId":"10021","cweid":"16","confidence":"Medium","wascid":"15","description":"The Anti-MIME-Sniffing header X-Content-Type-Options was not set to 'nosniff'. This allows older versions of Internet Explorer and Chrome to perform MIME-sniffing on the response body, potentially causing the response body to be interpreted and displayed as a content type other than the declared content type. Current (early 2014) and legacy versions of Firefox will use the declared content type (if one is set), rather than performing MIME-sniffing.","messageId":"23","url":"https://todoist.com/_next/static/chunks/a7d9d3dc563f80f9bceeaf1fc394c88e9b2ce764.dc5ca8c774eddce1e0d7.js","reference":"http://msdn.microsoft.com/en-us/library/ie/gg622941%28v=vs.85%29.aspx\nhttps://owasp.org/www-community/Security_Headers","solution":"Ensure that the application/web server sets the Content-Type header appropriately, and that it sets the X-Content-Type-Options header to 'nosniff' for all web pages.\nIf possible, ensure that the end user uses a standards-compliant and modern web browser that does not perform MIME-sniffing at all, or that can be directed by the web application/web server to not perform MIME-sniffing.","alert":"X-Content-Type-Options Header Missing","param":"X-Content-Type-Options","attack":"","name":"X-Content-Type-Options Header Missing","risk":"Low","id":"165","alertRef":"10021"},{"sourceid":"3","other":"This issue still applies to error type pages (401, 403, 500, etc.) as those pages are often still affected by injection issues, in which case there is still concern for browsers sniffing pages away from their actual content type.\nAt \"High\" threshold this scan rule will not alert on client or server error responses.","method":"GET","evidence":"","pluginId":"10021","cweid":"16","confidence":"Medium","wascid":"15","description":"The Anti-MIME-Sniffing header X-Content-Type-Options was not set to 'nosniff'. This allows older versions of Internet Explorer and Chrome to perform MIME-sniffing on the response body, potentially causing the response body to be interpreted and displayed as a content type other than the declared content type. Current (early 2014) and legacy versions of Firefox will use the declared content type (if one is set), rather than performing MIME-sniffing.","messageId":"25","url":"https://todoist.com/_next/static/chunks/a5174a254d143c3d3d02321814728bdd71b6ab95_CSS.d6f2610c02ca1f2f8023.js","reference":"http://msdn.microsoft.com/en-us/library/ie/gg622941%28v=vs.85%29.aspx\nhttps://owasp.org/www-community/Security_Headers","solution":"Ensure that the application/web server sets the Content-Type header appropriately, and that it sets the X-Content-Type-Options header to 'nosniff' for all web pages.\nIf possible, ensure that the end user uses a standards-compliant and modern web browser that does not perform MIME-sniffing at all, or that can be directed by the web application/web server to not perform MIME-sniffing.","alert":"X-Content-Type-Options Header Missing","param":"X-Content-Type-Options","attack":"","name":"X-Content-Type-Options Header Missing","risk":"Low","id":"166","alertRef":"10021"},{"sourceid":"3","other":"This issue still applies to error type pages (401, 403, 500, etc.) as those pages are often still affected by injection issues, in which case there is still concern for browsers sniffing pages away from their actual content type.\nAt \"High\" threshold this scan rule will not alert on client or server error responses.","method":"GET","evidence":"","pluginId":"10021","cweid":"16","confidence":"Medium","wascid":"15","description":"The Anti-MIME-Sniffing header X-Content-Type-Options was not set to 'nosniff'. This allows older versions of Internet Explorer and Chrome to perform MIME-sniffing on the response body, potentially causing the response body to be interpreted and displayed as a content type other than the declared content type. Current (early 2014) and legacy versions of Firefox will use the declared content type (if one is set), rather than performing MIME-sniffing.","messageId":"26","url":"https://todoist.com/_next/static/chunks/styles.4b2dc012361942f5cf6e.js","reference":"http://msdn.microsoft.com/en-us/library/ie/gg622941%28v=vs.85%29.aspx\nhttps://owasp.org/www-community/Security_Headers","solution":"Ensure that the application/web server sets the Content-Type header appropriately, and that it sets the X-Content-Type-Options header to 'nosniff' for all web pages.\nIf possible, ensure that the end user uses a standards-compliant and modern web browser that does not perform MIME-sniffing at all, or that can be directed by the web application/web server to not perform MIME-sniffing.","alert":"X-Content-Type-Options Header Missing","param":"X-Content-Type-Options","attack":"","name":"X-Content-Type-Options Header Missing","risk":"Low","id":"167","alertRef":"10021"},{"sourceid":"3","other":"The following pattern was used: \\bDB\\b and was detected in the element starting with: \"_N_E=(window.webpackJsonp_N_E=window.webpackJsonp_N_E||[]).push([[44],{\"+RON\":function(e,t){e.exports=\"/_next/static/images/free\", see evidence field for the suspicious comment/snippet.","method":"GET","evidence":"DB","pluginId":"10027","cweid":"200","confidence":"Low","wascid":"13","description":"The response appears to contain suspicious comments which may help an attacker. Note: Matches made within script blocks or files are against the entire content not only comments.","messageId":"27","url":"https://todoist.com/_next/static/chunks/pages/index-50325ffabee779bfc84a.js","reference":"","solution":"Remove all comments that return information that may help an attacker and fix any underlying problems they refer to.","alert":"Information Disclosure - Suspicious Comments","param":"","attack":"","name":"Information Disclosure - Suspicious Comments","risk":"Informational","id":"168","alertRef":"10027"},{"sourceid":"3","other":"This issue still applies to error type pages (401, 403, 500, etc.) as those pages are often still affected by injection issues, in which case there is still concern for browsers sniffing pages away from their actual content type.\nAt \"High\" threshold this scan rule will not alert on client or server error responses.","method":"GET","evidence":"","pluginId":"10021","cweid":"16","confidence":"Medium","wascid":"15","description":"The Anti-MIME-Sniffing header X-Content-Type-Options was not set to 'nosniff'. This allows older versions of Internet Explorer and Chrome to perform MIME-sniffing on the response body, potentially causing the response body to be interpreted and displayed as a content type other than the declared content type. Current (early 2014) and legacy versions of Firefox will use the declared content type (if one is set), rather than performing MIME-sniffing.","messageId":"27","url":"https://todoist.com/_next/static/chunks/pages/index-50325ffabee779bfc84a.js","reference":"http://msdn.microsoft.com/en-us/library/ie/gg622941%28v=vs.85%29.aspx\nhttps://owasp.org/www-community/Security_Headers","solution":"Ensure that the application/web server sets the Content-Type header appropriately, and that it sets the X-Content-Type-Options header to 'nosniff' for all web pages.\nIf possible, ensure that the end user uses a standards-compliant and modern web browser that does not perform MIME-sniffing at all, or that can be directed by the web application/web server to not perform MIME-sniffing.","alert":"X-Content-Type-Options Header Missing","param":"X-Content-Type-Options","attack":"","name":"X-Content-Type-Options Header Missing","risk":"Low","id":"169","alertRef":"10021"},{"sourceid":"3","other":"The following pattern was used: \\bQUERY\\b and was detected in the element starting with: \"(window.webpackJsonp_N_E=window.webpackJsonp_N_E||[]).push([[8],{\"+9U2\":function(e,t,r){\"use strict\";let n,i,o,{isClean:s}=r(\"zo\", see evidence field for the suspicious comment/snippet.","method":"GET","evidence":"query","pluginId":"10027","cweid":"200","confidence":"Low","wascid":"13","description":"The response appears to contain suspicious comments which may help an attacker. Note: Matches made within script blocks or files are against the entire content not only comments.","messageId":"28","url":"https://todoist.com/_next/static/chunks/a5174a254d143c3d3d02321814728bdd71b6ab95.8aeeecc87435cd012b41.js","reference":"","solution":"Remove all comments that return information that may help an attacker and fix any underlying problems they refer to.","alert":"Information Disclosure - Suspicious Comments","param":"","attack":"","name":"Information Disclosure - Suspicious Comments","risk":"Informational","id":"170","alertRef":"10027"},{"sourceid":"3","other":"16711680, which evaluates to: 1970-07-13 05:08:00","method":"GET","evidence":"16711680","pluginId":"10096","cweid":"200","confidence":"Low","wascid":"13","description":"A timestamp was disclosed by the application/web server - Unix","messageId":"28","url":"https://todoist.com/_next/static/chunks/a5174a254d143c3d3d02321814728bdd71b6ab95.8aeeecc87435cd012b41.js","reference":"http://projects.webappsec.org/w/page/13246936/Information%20Leakage","solution":"Manually confirm that the timestamp data is not sensitive, and that the data cannot be aggregated to disclose exploitable patterns.","alert":"Timestamp Disclosure - Unix","param":"","attack":"","name":"Timestamp Disclosure - Unix","risk":"Informational","id":"171","alertRef":"10096"},{"sourceid":"3","other":"2147483647, which evaluates to: 2038-01-18 22:14:07","method":"GET","evidence":"2147483647","pluginId":"10096","cweid":"200","confidence":"Low","wascid":"13","description":"A timestamp was disclosed by the application/web server - Unix","messageId":"28","url":"https://todoist.com/_next/static/chunks/a5174a254d143c3d3d02321814728bdd71b6ab95.8aeeecc87435cd012b41.js","reference":"http://projects.webappsec.org/w/page/13246936/Information%20Leakage","solution":"Manually confirm that the timestamp data is not sensitive, and that the data cannot be aggregated to disclose exploitable patterns.","alert":"Timestamp Disclosure - Unix","param":"","attack":"","name":"Timestamp Disclosure - Unix","risk":"Informational","id":"172","alertRef":"10096"},{"sourceid":"3","other":"1073741823, which evaluates to: 2004-01-10 08:37:03","method":"GET","evidence":"1073741823","pluginId":"10096","cweid":"200","confidence":"Low","wascid":"13","description":"A timestamp was disclosed by the application/web server - Unix","messageId":"28","url":"https://todoist.com/_next/static/chunks/a5174a254d143c3d3d02321814728bdd71b6ab95.8aeeecc87435cd012b41.js","reference":"http://projects.webappsec.org/w/page/13246936/Information%20Leakage","solution":"Manually confirm that the timestamp data is not sensitive, and that the data cannot be aggregated to disclose exploitable patterns.","alert":"Timestamp Disclosure - Unix","param":"","attack":"","name":"Timestamp Disclosure - Unix","risk":"Informational","id":"173","alertRef":"10096"},{"sourceid":"3","other":"16777216, which evaluates to: 1970-07-13 23:20:16","method":"GET","evidence":"16777216","pluginId":"10096","cweid":"200","confidence":"Low","wascid":"13","description":"A timestamp was disclosed by the application/web server - Unix","messageId":"28","url":"https://todoist.com/_next/static/chunks/a5174a254d143c3d3d02321814728bdd71b6ab95.8aeeecc87435cd012b41.js","reference":"http://projects.webappsec.org/w/page/13246936/Information%20Leakage","solution":"Manually confirm that the timestamp data is not sensitive, and that the data cannot be aggregated to disclose exploitable patterns.","alert":"Timestamp Disclosure - Unix","param":"","attack":"","name":"Timestamp Disclosure - Unix","risk":"Informational","id":"176","alertRef":"10096"},{"sourceid":"3","other":"This issue still applies to error type pages (401, 403, 500, etc.) as those pages are often still affected by injection issues, in which case there is still concern for browsers sniffing pages away from their actual content type.\nAt \"High\" threshold this scan rule will not alert on client or server error responses.","method":"GET","evidence":"","pluginId":"10021","cweid":"16","confidence":"Medium","wascid":"15","description":"The Anti-MIME-Sniffing header X-Content-Type-Options was not set to 'nosniff'. This allows older versions of Internet Explorer and Chrome to perform MIME-sniffing on the response body, potentially causing the response body to be interpreted and displayed as a content type other than the declared content type. Current (early 2014) and legacy versions of Firefox will use the declared content type (if one is set), rather than performing MIME-sniffing.","messageId":"28","url":"https://todoist.com/_next/static/chunks/a5174a254d143c3d3d02321814728bdd71b6ab95.8aeeecc87435cd012b41.js","reference":"http://msdn.microsoft.com/en-us/library/ie/gg622941%28v=vs.85%29.aspx\nhttps://owasp.org/www-community/Security_Headers","solution":"Ensure that the application/web server sets the Content-Type header appropriately, and that it sets the X-Content-Type-Options header to 'nosniff' for all web pages.\nIf possible, ensure that the end user uses a standards-compliant and modern web browser that does not perform MIME-sniffing at all, or that can be directed by the web application/web server to not perform MIME-sniffing.","alert":"X-Content-Type-Options Header Missing","param":"X-Content-Type-Options","attack":"","name":"X-Content-Type-Options Header Missing","risk":"Low","id":"180","alertRef":"10021"},{"sourceid":"3","other":"The following pattern was used: \\bUSER\\b and was detected in the element starting with: \"self.__BUILD_MANIFEST = (function(a,b,c,d,e,f,g,h,i,j,k,l,m,n,o,p,q,r,s,t){return {__rewrites:[],\"/\":[\"static\\u002Fcss\\u002Fpage\", see evidence field for the suspicious comment/snippet.","method":"GET","evidence":"user","pluginId":"10027","cweid":"200","confidence":"Low","wascid":"13","description":"The response appears to contain suspicious comments which may help an attacker. Note: Matches made within script blocks or files are against the entire content not only comments.","messageId":"32","url":"https://todoist.com/_next/static/Su7XJ3Y1iReNK_fTNqchx/_buildManifest.js","reference":"","solution":"Remove all comments that return information that may help an attacker and fix any underlying problems they refer to.","alert":"Information Disclosure - Suspicious Comments","param":"","attack":"","name":"Information Disclosure - Suspicious Comments","risk":"Informational","id":"194","alertRef":"10027"},{"sourceid":"3","other":"This issue still applies to error type pages (401, 403, 500, etc.) as those pages are often still affected by injection issues, in which case there is still concern for browsers sniffing pages away from their actual content type.\nAt \"High\" threshold this scan rule will not alert on client or server error responses.","method":"GET","evidence":"","pluginId":"10021","cweid":"16","confidence":"Medium","wascid":"15","description":"The Anti-MIME-Sniffing header X-Content-Type-Options was not set to 'nosniff'. This allows older versions of Internet Explorer and Chrome to perform MIME-sniffing on the response body, potentially causing the response body to be interpreted and displayed as a content type other than the declared content type. Current (early 2014) and legacy versions of Firefox will use the declared content type (if one is set), rather than performing MIME-sniffing.","messageId":"32","url":"https://todoist.com/_next/static/Su7XJ3Y1iReNK_fTNqchx/_buildManifest.js","reference":"http://msdn.microsoft.com/en-us/library/ie/gg622941%28v=vs.85%29.aspx\nhttps://owasp.org/www-community/Security_Headers","solution":"Ensure that the application/web server sets the Content-Type header appropriately, and that it sets the X-Content-Type-Options header to 'nosniff' for all web pages.\nIf possible, ensure that the end user uses a standards-compliant and modern web browser that does not perform MIME-sniffing at all, or that can be directed by the web application/web server to not perform MIME-sniffing.","alert":"X-Content-Type-Options Header Missing","param":"X-Content-Type-Options","attack":"","name":"X-Content-Type-Options Header Missing","risk":"Low","id":"195","alertRef":"10021"},{"sourceid":"3","other":"This issue still applies to error type pages (401, 403, 500, etc.) as those pages are often still affected by injection issues, in which case there is still concern for browsers sniffing pages away from their actual content type.\nAt \"High\" threshold this scan rule will not alert on client or server error responses.","method":"GET","evidence":"","pluginId":"10021","cweid":"16","confidence":"Medium","wascid":"15","description":"The Anti-MIME-Sniffing header X-Content-Type-Options was not set to 'nosniff'. This allows older versions of Internet Explorer and Chrome to perform MIME-sniffing on the response body, potentially causing the response body to be interpreted and displayed as a content type other than the declared content type. Current (early 2014) and legacy versions of Firefox will use the declared content type (if one is set), rather than performing MIME-sniffing.","messageId":"35","url":"https://todoist.com/_next/static/Su7XJ3Y1iReNK_fTNqchx/_ssgManifest.js","reference":"http://msdn.microsoft.com/en-us/library/ie/gg622941%28v=vs.85%29.aspx\nhttps://owasp.org/www-community/Security_Headers","solution":"Ensure that the application/web server sets the Content-Type header appropriately, and that it sets the X-Content-Type-Options header to 'nosniff' for all web pages.\nIf possible, ensure that the end user uses a standards-compliant and modern web browser that does not perform MIME-sniffing at all, or that can be directed by the web application/web server to not perform MIME-sniffing.","alert":"X-Content-Type-Options Header Missing","param":"X-Content-Type-Options","attack":"","name":"X-Content-Type-Options Header Missing","risk":"Low","id":"196","alertRef":"10021"},{"sourceid":"3","other":"This issue still applies to error type pages (401, 403, 500, etc.) as those pages are often still affected by injection issues, in which case there is still concern for browsers sniffing pages away from their actual content type.\nAt \"High\" threshold this scan rule will not alert on client or server error responses.","method":"GET","evidence":"","pluginId":"10021","cweid":"16","confidence":"Medium","wascid":"15","description":"The Anti-MIME-Sniffing header X-Content-Type-Options was not set to 'nosniff'. This allows older versions of Internet Explorer and Chrome to perform MIME-sniffing on the response body, potentially causing the response body to be interpreted and displayed as a content type other than the declared content type. Current (early 2014) and legacy versions of Firefox will use the declared content type (if one is set), rather than performing MIME-sniffing.","messageId":"47","url":"https://todoist.com/static/fonts/Graphik-Regular-Web.woff","reference":"http://msdn.microsoft.com/en-us/library/ie/gg622941%28v=vs.85%29.aspx\nhttps://owasp.org/www-community/Security_Headers","solution":"Ensure that the application/web server sets the Content-Type header appropriately, and that it sets the X-Content-Type-Options header to 'nosniff' for all web pages.\nIf possible, ensure that the end user uses a standards-compliant and modern web browser that does not perform MIME-sniffing at all, or that can be directed by the web application/web server to not perform MIME-sniffing.","alert":"X-Content-Type-Options Header Missing","param":"X-Content-Type-Options","attack":"","name":"X-Content-Type-Options Header Missing","risk":"Low","id":"239","alertRef":"10021"},{"sourceid":"3","other":"This issue still applies to error type pages (401, 403, 500, etc.) as those pages are often still affected by injection issues, in which case there is still concern for browsers sniffing pages away from their actual content type.\nAt \"High\" threshold this scan rule will not alert on client or server error responses.","method":"GET","evidence":"","pluginId":"10021","cweid":"16","confidence":"Medium","wascid":"15","description":"The Anti-MIME-Sniffing header X-Content-Type-Options was not set to 'nosniff'. This allows older versions of Internet Explorer and Chrome to perform MIME-sniffing on the response body, potentially causing the response body to be interpreted and displayed as a content type other than the declared content type. Current (early 2014) and legacy versions of Firefox will use the declared content type (if one is set), rather than performing MIME-sniffing.","messageId":"48","url":"https://todoist.com/static/fonts/Graphik-Semibold-Web.woff","reference":"http://msdn.microsoft.com/en-us/library/ie/gg622941%28v=vs.85%29.aspx\nhttps://owasp.org/www-community/Security_Headers","solution":"Ensure that the application/web server sets the Content-Type header appropriately, and that it sets the X-Content-Type-Options header to 'nosniff' for all web pages.\nIf possible, ensure that the end user uses a standards-compliant and modern web browser that does not perform MIME-sniffing at all, or that can be directed by the web application/web server to not perform MIME-sniffing.","alert":"X-Content-Type-Options Header Missing","param":"X-Content-Type-Options","attack":"","name":"X-Content-Type-Options Header Missing","risk":"Low","id":"240","alertRef":"10021"},{"sourceid":"3","other":"This issue still applies to error type pages (401, 403, 500, etc.) as those pages are often still affected by injection issues, in which case there is still concern for browsers sniffing pages away from their actual content type.\nAt \"High\" threshold this scan rule will not alert on client or server error responses.","method":"GET","evidence":"","pluginId":"10021","cweid":"16","confidence":"Medium","wascid":"15","description":"The Anti-MIME-Sniffing header X-Content-Type-Options was not set to 'nosniff'. This allows older versions of Internet Explorer and Chrome to perform MIME-sniffing on the response body, potentially causing the response body to be interpreted and displayed as a content type other than the declared content type. Current (early 2014) and legacy versions of Firefox will use the declared content type (if one is set), rather than performing MIME-sniffing.","messageId":"51","url":"https://todoist.com/static/fonts/Caecilia-RegularItalic-Web.woff","reference":"http://msdn.microsoft.com/en-us/library/ie/gg622941%28v=vs.85%29.aspx\nhttps://owasp.org/www-community/Security_Headers","solution":"Ensure that the application/web server sets the Content-Type header appropriately, and that it sets the X-Content-Type-Options header to 'nosniff' for all web pages.\nIf possible, ensure that the end user uses a standards-compliant and modern web browser that does not perform MIME-sniffing at all, or that can be directed by the web application/web server to not perform MIME-sniffing.","alert":"X-Content-Type-Options Header Missing","param":"X-Content-Type-Options","attack":"","name":"X-Content-Type-Options Header Missing","risk":"Low","id":"241","alertRef":"10021"},{"sourceid":"3","other":"","method":"GET","evidence":"public, max-age=31536000, immutable","pluginId":"10015","cweid":"525","confidence":"Medium","wascid":"13","description":"The cache-control and pragma HTTP header have not been set properly or are missing allowing the browser and proxies to cache content.","messageId":"55","url":"https://todoist.com/static/locales/es/common.json","reference":"https://cheatsheetseries.owasp.org/cheatsheets/Session_Management_Cheat_Sheet.html#web-content-caching","solution":"Whenever possible ensure the cache-control HTTP header is set with no-cache, no-store, must-revalidate; and that the pragma HTTP header is set with no-cache.","alert":"Incomplete or No Cache-control and Pragma HTTP Header Set","param":"Cache-Control","attack":"","name":"Incomplete or No Cache-control and Pragma HTTP Header Set","risk":"Low","id":"244","alertRef":"10015"},{"sourceid":"3","other":"This issue still applies to error type pages (401, 403, 500, etc.) as those pages are often still affected by injection issues, in which case there is still concern for browsers sniffing pages away from their actual content type.\nAt \"High\" threshold this scan rule will not alert on client or server error responses.","method":"GET","evidence":"","pluginId":"10021","cweid":"16","confidence":"Medium","wascid":"15","description":"The Anti-MIME-Sniffing header X-Content-Type-Options was not set to 'nosniff'. This allows older versions of Internet Explorer and Chrome to perform MIME-sniffing on the response body, potentially causing the response body to be interpreted and displayed as a content type other than the declared content type. Current (early 2014) and legacy versions of Firefox will use the declared content type (if one is set), rather than performing MIME-sniffing.","messageId":"55","url":"https://todoist.com/static/locales/es/common.json","reference":"http://msdn.microsoft.com/en-us/library/ie/gg622941%28v=vs.85%29.aspx\nhttps://owasp.org/www-community/Security_Headers","solution":"Ensure that the application/web server sets the Content-Type header appropriately, and that it sets the X-Content-Type-Options header to 'nosniff' for all web pages.\nIf possible, ensure that the end user uses a standards-compliant and modern web browser that does not perform MIME-sniffing at all, or that can be directed by the web application/web server to not perform MIME-sniffing.","alert":"X-Content-Type-Options Header Missing","param":"X-Content-Type-Options","attack":"","name":"X-Content-Type-Options Header Missing","risk":"Low","id":"245","alertRef":"10021"},{"sourceid":"3","other":"","method":"GET","evidence":"public, max-age=31536000, immutable","pluginId":"10015","cweid":"525","confidence":"Medium","wascid":"13","description":"The cache-control and pragma HTTP header have not been set properly or are missing allowing the browser and proxies to cache content.","messageId":"58","url":"https://todoist.com/static/locales/en/common.json","reference":"https://cheatsheetseries.owasp.org/cheatsheets/Session_Management_Cheat_Sheet.html#web-content-caching","solution":"Whenever possible ensure the cache-control HTTP header is set with no-cache, no-store, must-revalidate; and that the pragma HTTP header is set with no-cache.","alert":"Incomplete or No Cache-control and Pragma HTTP Header Set","param":"Cache-Control","attack":"","name":"Incomplete or No Cache-control and Pragma HTTP Header Set","risk":"Low","id":"246","alertRef":"10015"},{"sourceid":"3","other":"This issue still applies to error type pages (401, 403, 500, etc.) as those pages are often still affected by injection issues, in which case there is still concern for browsers sniffing pages away from their actual content type.\nAt \"High\" threshold this scan rule will not alert on client or server error responses.","method":"GET","evidence":"","pluginId":"10021","cweid":"16","confidence":"Medium","wascid":"15","description":"The Anti-MIME-Sniffing header X-Content-Type-Options was not set to 'nosniff'. This allows older versions of Internet Explorer and Chrome to perform MIME-sniffing on the response body, potentially causing the response body to be interpreted and displayed as a content type other than the declared content type. Current (early 2014) and legacy versions of Firefox will use the declared content type (if one is set), rather than performing MIME-sniffing.","messageId":"58","url":"https://todoist.com/static/locales/en/common.json","reference":"http://msdn.microsoft.com/en-us/library/ie/gg622941%28v=vs.85%29.aspx\nhttps://owasp.org/www-community/Security_Headers","solution":"Ensure that the application/web server sets the Content-Type header appropriately, and that it sets the X-Content-Type-Options header to 'nosniff' for all web pages.\nIf possible, ensure that the end user uses a standards-compliant and modern web browser that does not perform MIME-sniffing at all, or that can be directed by the web application/web server to not perform MIME-sniffing.","alert":"X-Content-Type-Options Header Missing","param":"X-Content-Type-Options","attack":"","name":"X-Content-Type-Options Header Missing","risk":"Low","id":"247","alertRef":"10021"},{"sourceid":"3","other":"","method":"GET","evidence":"","pluginId":"10015","cweid":"525","confidence":"Medium","wascid":"13","description":"The cache-control and pragma HTTP header have not been set properly or are missing allowing the browser and proxies to cache content.","messageId":"132","url":"https://todoist.com/users/showlogin","reference":"https://cheatsheetseries.owasp.org/cheatsheets/Session_Management_Cheat_Sheet.html#web-content-caching","solution":"Whenever possible ensure the cache-control HTTP header is set with no-cache, no-store, must-revalidate; and that the pragma HTTP header is set with no-cache.","alert":"Incomplete or No Cache-control and Pragma HTTP Header Set","param":"Cache-Control","attack":"","name":"Incomplete or No Cache-control and Pragma HTTP Header Set","risk":"Low","id":"314","alertRef":"10015"},{"sourceid":"3","other":"","method":"GET","evidence":"Set-Cookie: csrf","pluginId":"10010","cweid":"16","confidence":"Medium","wascid":"13","description":"A cookie has been set without the HttpOnly flag, which means that the cookie can be accessed by JavaScript. If a malicious script can be run on this page then the cookie will be accessible and can be transmitted to another site. If this is a session cookie then session hijacking may be possible.","messageId":"132","url":"https://todoist.com/users/showlogin","reference":"https://owasp.org/www-community/HttpOnly","solution":"Ensure that the HttpOnly flag is set for all cookies.","alert":"Cookie No HttpOnly Flag","param":"csrf","attack":"","name":"Cookie No HttpOnly Flag","risk":"Low","id":"315","alertRef":"10010"},{"sourceid":"3","other":"","method":"GET","evidence":"Set-Cookie: csrf","pluginId":"10054","cweid":"16","confidence":"Medium","wascid":"13","description":"A cookie has been set with an invalid SameSite attribute value, which means that the cookie can be sent as a result of a 'cross-site' request. The SameSite attribute is an effective counter measure to cross-site request forgery, cross-site script inclusion, and timing attacks.","messageId":"132","url":"https://todoist.com/users/showlogin","reference":"https://tools.ietf.org/html/draft-ietf-httpbis-cookie-same-site","solution":"Ensure that the SameSite attribute is set to either 'lax' or ideally 'strict' for all cookies.","alert":"Cookie Without SameSite Attribute","param":"csrf","attack":"","name":"Cookie Without SameSite Attribute","risk":"Low","id":"316","alertRef":"10054"},{"sourceid":"3","other":"","method":"GET","evidence":"<script type=\"text/javascript\" src=\"https://d3ptyyxy2at9ui.cloudfront.net/es-ab54e0.js\"><\/script>","pluginId":"10017","cweid":"829","confidence":"Medium","wascid":"15","description":"The page includes one or more script files from a third-party domain.","messageId":"132","url":"https://todoist.com/users/showlogin","reference":"","solution":"Ensure JavaScript source files are loaded from only trusted sources, and the sources can't be controlled by end users of the application.","alert":"Cross-Domain JavaScript Source File Inclusion","param":"https://d3ptyyxy2at9ui.cloudfront.net/es-ab54e0.js","attack":"","name":"Cross-Domain JavaScript Source File Inclusion","risk":"Low","id":"317","alertRef":"10017"},{"sourceid":"3","other":"","method":"GET","evidence":"<script type=\"text/javascript\" src=\"https://d3ptyyxy2at9ui.cloudfront.net/Col_ICECollection-8b8f90.js\" ><\/script>","pluginId":"10017","cweid":"829","confidence":"Medium","wascid":"15","description":"The page includes one or more script files from a third-party domain.","messageId":"132","url":"https://todoist.com/users/showlogin","reference":"","solution":"Ensure JavaScript source files are loaded from only trusted sources, and the sources can't be controlled by end users of the application.","alert":"Cross-Domain JavaScript Source File Inclusion","param":"https://d3ptyyxy2at9ui.cloudfront.net/Col_ICECollection-8b8f90.js","attack":"","name":"Cross-Domain JavaScript Source File Inclusion","risk":"Low","id":"318","alertRef":"10017"},{"sourceid":"3","other":"","method":"GET","evidence":"<script type=\"text/javascript\" src=\"https://d3ptyyxy2at9ui.cloudfront.net/GreyBox-b6bb57.js\" ><\/script>","pluginId":"10017","cweid":"829","confidence":"Medium","wascid":"15","description":"The page includes one or more script files from a third-party domain.","messageId":"132","url":"https://todoist.com/users/showlogin","reference":"","solution":"Ensure JavaScript source files are loaded from only trusted sources, and the sources can't be controlled by end users of the application.","alert":"Cross-Domain JavaScript Source File Inclusion","param":"https://d3ptyyxy2at9ui.cloudfront.net/GreyBox-b6bb57.js","attack":"","name":"Cross-Domain JavaScript Source File Inclusion","risk":"Low","id":"319","alertRef":"10017"},{"sourceid":"3","other":"","method":"GET","evidence":"<script type=\"text/javascript\" src=\"https://d3ptyyxy2at9ui.cloudfront.net/Col_StandalonePageCollection-d72ac1.js\" ><\/script>","pluginId":"10017","cweid":"829","confidence":"Medium","wascid":"15","description":"The page includes one or more script files from a third-party domain.","messageId":"132","url":"https://todoist.com/users/showlogin","reference":"","solution":"Ensure JavaScript source files are loaded from only trusted sources, and the sources can't be controlled by end users of the application.","alert":"Cross-Domain JavaScript Source File Inclusion","param":"https://d3ptyyxy2at9ui.cloudfront.net/Col_StandalonePageCollection-d72ac1.js","attack":"","name":"Cross-Domain JavaScript Source File Inclusion","risk":"Low","id":"320","alertRef":"10017"},{"sourceid":"3","other":"","method":"GET","evidence":"<script type=\"text/javascript\" src=\"https://d3ptyyxy2at9ui.cloudfront.net/Col_PluginCollection-f907f0.js\" ><\/script>","pluginId":"10017","cweid":"829","confidence":"Medium","wascid":"15","description":"The page includes one or more script files from a third-party domain.","messageId":"132","url":"https://todoist.com/users/showlogin","reference":"","solution":"Ensure JavaScript source files are loaded from only trusted sources, and the sources can't be controlled by end users of the application.","alert":"Cross-Domain JavaScript Source File Inclusion","param":"https://d3ptyyxy2at9ui.cloudfront.net/Col_PluginCollection-f907f0.js","attack":"","name":"Cross-Domain JavaScript Source File Inclusion","risk":"Low","id":"322","alertRef":"10017"},{"sourceid":"3","other":"","method":"GET","evidence":"<script type=\"text/javascript\" src=\"https://d3ptyyxy2at9ui.cloudfront.net/ist_button-56a55c.js\" ><\/script>","pluginId":"10017","cweid":"829","confidence":"Medium","wascid":"15","description":"The page includes one or more script files from a third-party domain.","messageId":"132","url":"https://todoist.com/users/showlogin","reference":"","solution":"Ensure JavaScript source files are loaded from only trusted sources, and the sources can't be controlled by end users of the application.","alert":"Cross-Domain JavaScript Source File Inclusion","param":"https://d3ptyyxy2at9ui.cloudfront.net/ist_button-56a55c.js","attack":"","name":"Cross-Domain JavaScript Source File Inclusion","risk":"Low","id":"323","alertRef":"10017"},{"sourceid":"3","other":"","method":"GET","evidence":"<script type=\"text/javascript\" src=\"https://d3ptyyxy2at9ui.cloudfront.net/Col_LoginSignupCollection-976c4c.js\" ><\/script>","pluginId":"10017","cweid":"829","confidence":"Medium","wascid":"15","description":"The page includes one or more script files from a third-party domain.","messageId":"132","url":"https://todoist.com/users/showlogin","reference":"","solution":"Ensure JavaScript source files are loaded from only trusted sources, and the sources can't be controlled by end users of the application.","alert":"Cross-Domain JavaScript Source File Inclusion","param":"https://d3ptyyxy2at9ui.cloudfront.net/Col_LoginSignupCollection-976c4c.js","attack":"","name":"Cross-Domain JavaScript Source File Inclusion","risk":"Low","id":"324","alertRef":"10017"},{"sourceid":"3","other":"This issue still applies to error type pages (401, 403, 500, etc.) as those pages are often still affected by injection issues, in which case there is still concern for browsers sniffing pages away from their actual content type.\nAt \"High\" threshold this scan rule will not alert on client or server error responses.","method":"GET","evidence":"","pluginId":"10021","cweid":"16","confidence":"Medium","wascid":"15","description":"The Anti-MIME-Sniffing header X-Content-Type-Options was not set to 'nosniff'. This allows older versions of Internet Explorer and Chrome to perform MIME-sniffing on the response body, potentially causing the response body to be interpreted and displayed as a content type other than the declared content type. Current (early 2014) and legacy versions of Firefox will use the declared content type (if one is set), rather than performing MIME-sniffing.","messageId":"132","url":"https://todoist.com/users/showlogin","reference":"http://msdn.microsoft.com/en-us/library/ie/gg622941%28v=vs.85%29.aspx\nhttps://owasp.org/www-community/Security_Headers","solution":"Ensure that the application/web server sets the Content-Type header appropriately, and that it sets the X-Content-Type-Options header to 'nosniff' for all web pages.\nIf possible, ensure that the end user uses a standards-compliant and modern web browser that does not perform MIME-sniffing at all, or that can be directed by the web application/web server to not perform MIME-sniffing.","alert":"X-Content-Type-Options Header Missing","param":"X-Content-Type-Options","attack":"","name":"X-Content-Type-Options Header Missing","risk":"Low","id":"325","alertRef":"10021"},{"sourceid":"3","other":"","method":"GET","evidence":"","pluginId":"10020","cweid":"16","confidence":"Medium","wascid":"15","description":"X-Frame-Options header is not included in the HTTP response to protect against 'ClickJacking' attacks.","messageId":"132","url":"https://todoist.com/users/showlogin","reference":"https://developer.mozilla.org/en-US/docs/Web/HTTP/Headers/X-Frame-Options","solution":"Most modern Web browsers support the X-Frame-Options HTTP header. Ensure it's set on all web pages returned by your site (if you expect the page to be framed only by pages on your server (e.g. it's part of a FRAMESET) then you'll want to use SAMEORIGIN, otherwise if you never expect the page to be framed, you should use DENY. Alternatively consider implementing Content Security Policy's \"frame-ancestors\" directive. ","alert":"X-Frame-Options Header Not Set","param":"X-Frame-Options","attack":"","name":"X-Frame-Options Header Not Set","risk":"Medium","id":"326","alertRef":"10020"},{"sourceid":"3","other":"","method":"POST","evidence":"Set-Cookie: todoistd","pluginId":"10054","cweid":"16","confidence":"Medium","wascid":"13","description":"A cookie has been set with an invalid SameSite attribute value, which means that the cookie can be sent as a result of a 'cross-site' request. The SameSite attribute is an effective counter measure to cross-site request forgery, cross-site script inclusion, and timing attacks.","messageId":"156","url":"https://todoist.com/Users/login","reference":"https://tools.ietf.org/html/draft-ietf-httpbis-cookie-same-site","solution":"Ensure that the SameSite attribute is set to either 'lax' or ideally 'strict' for all cookies.","alert":"Cookie Without SameSite Attribute","param":"todoistd","attack":"","name":"Cookie Without SameSite Attribute","risk":"Low","id":"371","alertRef":"10054"},{"sourceid":"3","other":"31536000, which evaluates to: 1970-12-31 19:00:00","method":"POST","evidence":"31536000","pluginId":"10096","cweid":"200","confidence":"Low","wascid":"13","description":"A timestamp was disclosed by the application/web server - Unix","messageId":"156","url":"https://todoist.com/Users/login","reference":"http://projects.webappsec.org/w/page/13246936/Information%20Leakage","solution":"Manually confirm that the timestamp data is not sensitive, and that the data cannot be aggregated to disclose exploitable patterns.","alert":"Timestamp Disclosure - Unix","param":"","attack":"","name":"Timestamp Disclosure - Unix","risk":"Informational","id":"372","alertRef":"10096"},{"sourceid":"3","other":"The response contained multiple CSP headers, one or more of them contained a report-uri directive and therefore they could not be merged. The first identified header/policy was analyzed.","method":"GET","evidence":"default-src 'self' wss://*.todoist.com https://www.google-analytics.com https://o476415.ingest.sentry.io https://d3ptyyxy2at9ui.cloudfront.net https://dcff1xvirvpfp.cloudfront.net https://d266vjxpnndrqi.cloudfront.net https://x-api.rollout.io https://statestore.rollout.io https://conf.rollout.io https://push.rollout.io https://analytic.rollout.io https://browser.sentry-cdn.com https://www.dropbox.com/static/api/2/dropins.js https://apis.google.com https://*.todoist.com https://todoist.com https://maps.googleapis.com https://fonts.gstatic.com; style-src 'self' wss://*.todoist.com https://www.google-analytics.com https://o476415.ingest.sentry.io https://d3ptyyxy2at9ui.cloudfront.net https://dcff1xvirvpfp.cloudfront.net https://d266vjxpnndrqi.cloudfront.net https://x-api.rollout.io https://statestore.rollout.io https://conf.rollout.io https://push.rollout.io https://analytic.rollout.io https://browser.sentry-cdn.com https://www.dropbox.com/static/api/2/dropins.js https://apis.google.com https://*.todoist.com https://todoist.com https://maps.googleapis.com https://fonts.gstatic.com 'unsafe-inline' https://fonts.googleapis.com; img-src 'self' data:  https://d3ptyyxy2at9ui.cloudfront.net https://dcff1xvirvpfp.cloudfront.net https://d266vjxpnndrqi.cloudfront.net https://d1x0mwiac2rqwt.cloudfront.net https://avatars.doist.com https://image-resize.todoist.com https://maps.gstatic.com https://*.googleapis.com https://*.ggpht https://twemoji.maxcdn.com https://www.google-analytics.com; media-src 'self' https://d1ysz50cxb9zwl.cloudfront.net https://d3ptyyxy2at9ui.cloudfront.net https://files.todoist.com; frame-src 'self' https://www.dropbox.com https://accounts.google.com https://docs.google.com; report-uri /csp_report","pluginId":"10055","cweid":"16","confidence":"Medium","wascid":"15","description":"Info Items:\n1:1715: A draft of the next version of CSP deprecates report-uri in favour of a new report-to directive.\n","messageId":"158","url":"https://todoist.com/app/","reference":"http://www.w3.org/TR/CSP2/\nhttp://www.w3.org/TR/CSP/\nhttp://caniuse.com/#search=content+security+policy\nhttp://content-security-policy.com/\nhttps://github.com/shapesecurity/salvation\nhttps://developers.google.com/web/fundamentals/security/csp#policy_applies_to_a_wide_variety_of_resources","solution":"Ensure that your web server, application server, load balancer, etc. is properly configured to set the Content-Security-Policy header.","alert":"CSP: Notices","param":"Content-Security-Policy","attack":"","name":"CSP: Notices","risk":"Informational","id":"373","alertRef":"10055"},{"sourceid":"3","other":"The response contained multiple CSP headers, one or more of them contained a report-uri directive and therefore they could not be merged. The first identified header/policy was analyzed.","method":"GET","evidence":"default-src 'self' wss://*.todoist.com https://www.google-analytics.com https://o476415.ingest.sentry.io https://d3ptyyxy2at9ui.cloudfront.net https://dcff1xvirvpfp.cloudfront.net https://d266vjxpnndrqi.cloudfront.net https://x-api.rollout.io https://statestore.rollout.io https://conf.rollout.io https://push.rollout.io https://analytic.rollout.io https://browser.sentry-cdn.com https://www.dropbox.com/static/api/2/dropins.js https://apis.google.com https://*.todoist.com https://todoist.com https://maps.googleapis.com https://fonts.gstatic.com; style-src 'self' wss://*.todoist.com https://www.google-analytics.com https://o476415.ingest.sentry.io https://d3ptyyxy2at9ui.cloudfront.net https://dcff1xvirvpfp.cloudfront.net https://d266vjxpnndrqi.cloudfront.net https://x-api.rollout.io https://statestore.rollout.io https://conf.rollout.io https://push.rollout.io https://analytic.rollout.io https://browser.sentry-cdn.com https://www.dropbox.com/static/api/2/dropins.js https://apis.google.com https://*.todoist.com https://todoist.com https://maps.googleapis.com https://fonts.gstatic.com 'unsafe-inline' https://fonts.googleapis.com; img-src 'self' data:  https://d3ptyyxy2at9ui.cloudfront.net https://dcff1xvirvpfp.cloudfront.net https://d266vjxpnndrqi.cloudfront.net https://d1x0mwiac2rqwt.cloudfront.net https://avatars.doist.com https://image-resize.todoist.com https://maps.gstatic.com https://*.googleapis.com https://*.ggpht https://twemoji.maxcdn.com https://www.google-analytics.com; media-src 'self' https://d1ysz50cxb9zwl.cloudfront.net https://d3ptyyxy2at9ui.cloudfront.net https://files.todoist.com; frame-src 'self' https://www.dropbox.com https://accounts.google.com https://docs.google.com; report-uri /csp_report","pluginId":"10055","cweid":"16","confidence":"Medium","wascid":"15","description":"The following directives either allow wildcard sources (or ancestors), are not defined, or are overly broadly defined: \nframe-ancestors, form-action\n\nThe directive(s): frame-ancestors, form-action are among the directives that do not fallback to default-src, missing/excluding them is the same as allowing anything.","messageId":"158","url":"https://todoist.com/app/","reference":"http://www.w3.org/TR/CSP2/\nhttp://www.w3.org/TR/CSP/\nhttp://caniuse.com/#search=content+security+policy\nhttp://content-security-policy.com/\nhttps://github.com/shapesecurity/salvation\nhttps://developers.google.com/web/fundamentals/security/csp#policy_applies_to_a_wide_variety_of_resources","solution":"Ensure that your web server, application server, load balancer, etc. is properly configured to set the Content-Security-Policy header.","alert":"CSP: Wildcard Directive","param":"Content-Security-Policy","attack":"","name":"CSP: Wildcard Directive","risk":"Medium","id":"374","alertRef":"10055"},{"sourceid":"3","other":"The response contained multiple CSP headers, one or more of them contained a report-uri directive and therefore they could not be merged. The first identified header/policy was analyzed.","method":"GET","evidence":"default-src 'self' wss://*.todoist.com https://www.google-analytics.com https://o476415.ingest.sentry.io https://d3ptyyxy2at9ui.cloudfront.net https://dcff1xvirvpfp.cloudfront.net https://d266vjxpnndrqi.cloudfront.net https://x-api.rollout.io https://statestore.rollout.io https://conf.rollout.io https://push.rollout.io https://analytic.rollout.io https://browser.sentry-cdn.com https://www.dropbox.com/static/api/2/dropins.js https://apis.google.com https://*.todoist.com https://todoist.com https://maps.googleapis.com https://fonts.gstatic.com; style-src 'self' wss://*.todoist.com https://www.google-analytics.com https://o476415.ingest.sentry.io https://d3ptyyxy2at9ui.cloudfront.net https://dcff1xvirvpfp.cloudfront.net https://d266vjxpnndrqi.cloudfront.net https://x-api.rollout.io https://statestore.rollout.io https://conf.rollout.io https://push.rollout.io https://analytic.rollout.io https://browser.sentry-cdn.com https://www.dropbox.com/static/api/2/dropins.js https://apis.google.com https://*.todoist.com https://todoist.com https://maps.googleapis.com https://fonts.gstatic.com 'unsafe-inline' https://fonts.googleapis.com; img-src 'self' data:  https://d3ptyyxy2at9ui.cloudfront.net https://dcff1xvirvpfp.cloudfront.net https://d266vjxpnndrqi.cloudfront.net https://d1x0mwiac2rqwt.cloudfront.net https://avatars.doist.com https://image-resize.todoist.com https://maps.gstatic.com https://*.googleapis.com https://*.ggpht https://twemoji.maxcdn.com https://www.google-analytics.com; media-src 'self' https://d1ysz50cxb9zwl.cloudfront.net https://d3ptyyxy2at9ui.cloudfront.net https://files.todoist.com; frame-src 'self' https://www.dropbox.com https://accounts.google.com https://docs.google.com; report-uri /csp_report","pluginId":"10055","cweid":"16","confidence":"Medium","wascid":"15","description":"style-src includes unsafe-inline.","messageId":"158","url":"https://todoist.com/app/","reference":"http://www.w3.org/TR/CSP2/\nhttp://www.w3.org/TR/CSP/\nhttp://caniuse.com/#search=content+security+policy\nhttp://content-security-policy.com/\nhttps://github.com/shapesecurity/salvation\nhttps://developers.google.com/web/fundamentals/security/csp#policy_applies_to_a_wide_variety_of_resources","solution":"Ensure that your web server, application server, load balancer, etc. is properly configured to set the Content-Security-Policy header.","alert":"CSP: style-src unsafe-inline","param":"Content-Security-Policy","attack":"","name":"CSP: style-src unsafe-inline","risk":"Medium","id":"375","alertRef":"10055"},{"sourceid":"3","other":"","method":"GET","evidence":"<script src=\"https://d3ptyyxy2at9ui.cloudfront.net/assets/initTheme.b1a12b68f418d0aa0577144c7364b8ab.js\"><\/script>","pluginId":"10017","cweid":"829","confidence":"Medium","wascid":"15","description":"The page includes one or more script files from a third-party domain.","messageId":"158","url":"https://todoist.com/app/","reference":"","solution":"Ensure JavaScript source files are loaded from only trusted sources, and the sources can't be controlled by end users of the application.","alert":"Cross-Domain JavaScript Source File Inclusion","param":"https://d3ptyyxy2at9ui.cloudfront.net/assets/initTheme.b1a12b68f418d0aa0577144c7364b8ab.js","attack":"","name":"Cross-Domain JavaScript Source File Inclusion","risk":"Low","id":"376","alertRef":"10017"},{"sourceid":"3","other":"","method":"GET","evidence":"<script async src=\"https://www.google-analytics.com/analytics.js\"><\/script>","pluginId":"10017","cweid":"829","confidence":"Medium","wascid":"15","description":"The page includes one or more script files from a third-party domain.","messageId":"158","url":"https://todoist.com/app/","reference":"","solution":"Ensure JavaScript source files are loaded from only trusted sources, and the sources can't be controlled by end users of the application.","alert":"Cross-Domain JavaScript Source File Inclusion","param":"https://www.google-analytics.com/analytics.js","attack":"","name":"Cross-Domain JavaScript Source File Inclusion","risk":"Low","id":"377","alertRef":"10017"},{"sourceid":"3","other":"","method":"GET","evidence":"<script src=\"https://d3ptyyxy2at9ui.cloudfront.net/assets/vendor.c9e825411fdc24f1ec7a.js\"><\/script>","pluginId":"10017","cweid":"829","confidence":"Medium","wascid":"15","description":"The page includes one or more script files from a third-party domain.","messageId":"158","url":"https://todoist.com/app/","reference":"","solution":"Ensure JavaScript source files are loaded from only trusted sources, and the sources can't be controlled by end users of the application.","alert":"Cross-Domain JavaScript Source File Inclusion","param":"https://d3ptyyxy2at9ui.cloudfront.net/assets/vendor.c9e825411fdc24f1ec7a.js","attack":"","name":"Cross-Domain JavaScript Source File Inclusion","risk":"Low","id":"378","alertRef":"10017"},{"sourceid":"3","other":"","method":"GET","evidence":"<script src=\"https://d3ptyyxy2at9ui.cloudfront.net/assets/app.1cf113e26f9d2c0630ec.js\"><\/script>","pluginId":"10017","cweid":"829","confidence":"Medium","wascid":"15","description":"The page includes one or more script files from a third-party domain.","messageId":"158","url":"https://todoist.com/app/","reference":"","solution":"Ensure JavaScript source files are loaded from only trusted sources, and the sources can't be controlled by end users of the application.","alert":"Cross-Domain JavaScript Source File Inclusion","param":"https://d3ptyyxy2at9ui.cloudfront.net/assets/app.1cf113e26f9d2c0630ec.js","attack":"","name":"Cross-Domain JavaScript Source File Inclusion","risk":"Low","id":"379","alertRef":"10017"},{"sourceid":"3","other":"572688855, which evaluates to: 1988-02-24 03:14:15","method":"GET","evidence":"572688855","pluginId":"10096","cweid":"200","confidence":"Low","wascid":"13","description":"A timestamp was disclosed by the application/web server - Unix","messageId":"158","url":"https://todoist.com/app/","reference":"http://projects.webappsec.org/w/page/13246936/Information%20Leakage","solution":"Manually confirm that the timestamp data is not sensitive, and that the data cannot be aggregated to disclose exploitable patterns.","alert":"Timestamp Disclosure - Unix","param":"","attack":"","name":"Timestamp Disclosure - Unix","risk":"Informational","id":"380","alertRef":"10096"},{"sourceid":"3","other":"This issue still applies to error type pages (401, 403, 500, etc.) as those pages are often still affected by injection issues, in which case there is still concern for browsers sniffing pages away from their actual content type.\nAt \"High\" threshold this scan rule will not alert on client or server error responses.","method":"GET","evidence":"","pluginId":"10021","cweid":"16","confidence":"Medium","wascid":"15","description":"The Anti-MIME-Sniffing header X-Content-Type-Options was not set to 'nosniff'. This allows older versions of Internet Explorer and Chrome to perform MIME-sniffing on the response body, potentially causing the response body to be interpreted and displayed as a content type other than the declared content type. Current (early 2014) and legacy versions of Firefox will use the declared content type (if one is set), rather than performing MIME-sniffing.","messageId":"158","url":"https://todoist.com/app/","reference":"http://msdn.microsoft.com/en-us/library/ie/gg622941%28v=vs.85%29.aspx\nhttps://owasp.org/www-community/Security_Headers","solution":"Ensure that the application/web server sets the Content-Type header appropriately, and that it sets the X-Content-Type-Options header to 'nosniff' for all web pages.\nIf possible, ensure that the end user uses a standards-compliant and modern web browser that does not perform MIME-sniffing at all, or that can be directed by the web application/web server to not perform MIME-sniffing.","alert":"X-Content-Type-Options Header Missing","param":"X-Content-Type-Options","attack":"","name":"X-Content-Type-Options Header Missing","risk":"Low","id":"381","alertRef":"10021"},{"sourceid":"3","other":"","method":"GET","evidence":"","pluginId":"10020","cweid":"16","confidence":"Medium","wascid":"15","description":"X-Frame-Options header is not included in the HTTP response to protect against 'ClickJacking' attacks.","messageId":"158","url":"https://todoist.com/app/","reference":"https://developer.mozilla.org/en-US/docs/Web/HTTP/Headers/X-Frame-Options","solution":"Most modern Web browsers support the X-Frame-Options HTTP header. Ensure it's set on all web pages returned by your site (if you expect the page to be framed only by pages on your server (e.g. it's part of a FRAMESET) then you'll want to use SAMEORIGIN, otherwise if you never expect the page to be framed, you should use DENY. Alternatively consider implementing Content Security Policy's \"frame-ancestors\" directive. ","alert":"X-Frame-Options Header Not Set","param":"X-Frame-Options","attack":"","name":"X-Frame-Options Header Not Set","risk":"Medium","id":"382","alertRef":"10020"},{"sourceid":"3","other":"","method":"POST","evidence":"no-cache","pluginId":"10015","cweid":"525","confidence":"Medium","wascid":"13","description":"The cache-control and pragma HTTP header have not been set properly or are missing allowing the browser and proxies to cache content.","messageId":"166","url":"https://todoist.com/API/v8.7/sync","reference":"https://cheatsheetseries.owasp.org/cheatsheets/Session_Management_Cheat_Sheet.html#web-content-caching","solution":"Whenever possible ensure the cache-control HTTP header is set with no-cache, no-store, must-revalidate; and that the pragma HTTP header is set with no-cache.","alert":"Incomplete or No Cache-control and Pragma HTTP Header Set","param":"Cache-Control","attack":"","name":"Incomplete or No Cache-control and Pragma HTTP Header Set","risk":"Low","id":"656","alertRef":"10015"},{"sourceid":"3","other":"1344642991, which evaluates to: 2012-08-10 18:56:31","method":"POST","evidence":"1344642991","pluginId":"10096","cweid":"200","confidence":"Low","wascid":"13","description":"A timestamp was disclosed by the application/web server - Unix","messageId":"166","url":"https://todoist.com/API/v8.7/sync","reference":"http://projects.webappsec.org/w/page/13246936/Information%20Leakage","solution":"Manually confirm that the timestamp data is not sensitive, and that the data cannot be aggregated to disclose exploitable patterns.","alert":"Timestamp Disclosure - Unix","param":"","attack":"","name":"Timestamp Disclosure - Unix","risk":"Informational","id":"657","alertRef":"10096"},{"sourceid":"3","other":"33304136, which evaluates to: 1971-01-21 06:08:56","method":"POST","evidence":"33304136","pluginId":"10096","cweid":"200","confidence":"Low","wascid":"13","description":"A timestamp was disclosed by the application/web server - Unix","messageId":"166","url":"https://todoist.com/API/v8.7/sync","reference":"http://projects.webappsec.org/w/page/13246936/Information%20Leakage","solution":"Manually confirm that the timestamp data is not sensitive, and that the data cannot be aggregated to disclose exploitable patterns.","alert":"Timestamp Disclosure - Unix","param":"","attack":"","name":"Timestamp Disclosure - Unix","risk":"Informational","id":"658","alertRef":"10096"},{"sourceid":"3","other":"43476449, which evaluates to: 1971-05-18 23:47:29","method":"POST","evidence":"43476449","pluginId":"10096","cweid":"200","confidence":"Low","wascid":"13","description":"A timestamp was disclosed by the application/web server - Unix","messageId":"166","url":"https://todoist.com/API/v8.7/sync","reference":"http://projects.webappsec.org/w/page/13246936/Information%20Leakage","solution":"Manually confirm that the timestamp data is not sensitive, and that the data cannot be aggregated to disclose exploitable patterns.","alert":"Timestamp Disclosure - Unix","param":"","attack":"","name":"Timestamp Disclosure - Unix","risk":"Informational","id":"659","alertRef":"10096"},{"sourceid":"3","other":"43476450, which evaluates to: 1971-05-18 23:47:30","method":"POST","evidence":"43476450","pluginId":"10096","cweid":"200","confidence":"Low","wascid":"13","description":"A timestamp was disclosed by the application/web server - Unix","messageId":"166","url":"https://todoist.com/API/v8.7/sync","reference":"http://projects.webappsec.org/w/page/13246936/Information%20Leakage","solution":"Manually confirm that the timestamp data is not sensitive, and that the data cannot be aggregated to disclose exploitable patterns.","alert":"Timestamp Disclosure - Unix","param":"","attack":"","name":"Timestamp Disclosure - Unix","risk":"Informational","id":"674","alertRef":"10096"},{"sourceid":"3","other":"43476451, which evaluates to: 1971-05-18 23:47:31","method":"POST","evidence":"43476451","pluginId":"10096","cweid":"200","confidence":"Low","wascid":"13","description":"A timestamp was disclosed by the application/web server - Unix","messageId":"166","url":"https://todoist.com/API/v8.7/sync","reference":"http://projects.webappsec.org/w/page/13246936/Information%20Leakage","solution":"Manually confirm that the timestamp data is not sensitive, and that the data cannot be aggregated to disclose exploitable patterns.","alert":"Timestamp Disclosure - Unix","param":"","attack":"","name":"Timestamp Disclosure - Unix","risk":"Informational","id":"680","alertRef":"10096"},{"sourceid":"3","other":"43476452, which evaluates to: 1971-05-18 23:47:32","method":"POST","evidence":"43476452","pluginId":"10096","cweid":"200","confidence":"Low","wascid":"13","description":"A timestamp was disclosed by the application/web server - Unix","messageId":"166","url":"https://todoist.com/API/v8.7/sync","reference":"http://projects.webappsec.org/w/page/13246936/Information%20Leakage","solution":"Manually confirm that the timestamp data is not sensitive, and that the data cannot be aggregated to disclose exploitable patterns.","alert":"Timestamp Disclosure - Unix","param":"","attack":"","name":"Timestamp Disclosure - Unix","risk":"Informational","id":"686","alertRef":"10096"},{"sourceid":"3","other":"205325931, which evaluates to: 1976-07-04 05:58:51","method":"POST","evidence":"205325931","pluginId":"10096","cweid":"200","confidence":"Low","wascid":"13","description":"A timestamp was disclosed by the application/web server - Unix","messageId":"166","url":"https://todoist.com/API/v8.7/sync","reference":"http://projects.webappsec.org/w/page/13246936/Information%20Leakage","solution":"Manually confirm that the timestamp data is not sensitive, and that the data cannot be aggregated to disclose exploitable patterns.","alert":"Timestamp Disclosure - Unix","param":"","attack":"","name":"Timestamp Disclosure - Unix","risk":"Informational","id":"697","alertRef":"10096"},{"sourceid":"3","other":"This issue still applies to error type pages (401, 403, 500, etc.) as those pages are often still affected by injection issues, in which case there is still concern for browsers sniffing pages away from their actual content type.\nAt \"High\" threshold this scan rule will not alert on client or server error responses.","method":"POST","evidence":"","pluginId":"10021","cweid":"16","confidence":"Medium","wascid":"15","description":"The Anti-MIME-Sniffing header X-Content-Type-Options was not set to 'nosniff'. This allows older versions of Internet Explorer and Chrome to perform MIME-sniffing on the response body, potentially causing the response body to be interpreted and displayed as a content type other than the declared content type. Current (early 2014) and legacy versions of Firefox will use the declared content type (if one is set), rather than performing MIME-sniffing.","messageId":"166","url":"https://todoist.com/API/v8.7/sync","reference":"http://msdn.microsoft.com/en-us/library/ie/gg622941%28v=vs.85%29.aspx\nhttps://owasp.org/www-community/Security_Headers","solution":"Ensure that the application/web server sets the Content-Type header appropriately, and that it sets the X-Content-Type-Options header to 'nosniff' for all web pages.\nIf possible, ensure that the end user uses a standards-compliant and modern web browser that does not perform MIME-sniffing at all, or that can be directed by the web application/web server to not perform MIME-sniffing.","alert":"X-Content-Type-Options Header Missing","param":"X-Content-Type-Options","attack":"","name":"X-Content-Type-Options Header Missing","risk":"Low","id":"708","alertRef":"10021"}]}
{"alerts":[{"sourceid":"3","other":"","method":"GET","evidence":"Set-Cookie: AWSALB","pluginId":"10010","cweid":"16","confidence":"Medium","wascid":"13","description":"A cookie has been set without the HttpOnly flag, which means that the cookie can be accessed by JavaScript. If a malicious script can be run on this page then the cookie will be accessible and can be transmitted to another site. If this is a session cookie then session hijacking may be possible.","messageId":"3","url":"https://todoist.com/","reference":"https://owasp.org/www-community/HttpOnly","solution":"Ensure that the HttpOnly flag is set for all cookies.","alert":"Cookie No HttpOnly Flag","param":"AWSALB","attack":"","name":"Cookie No HttpOnly Flag","risk":"Low","id":"0","alertRef":"10010"},{"sourceid":"3","other":"","method":"GET","evidence":"Set-Cookie: AWSALBCORS","pluginId":"10010","cweid":"16","confidence":"Medium","wascid":"13","description":"A cookie has been set without the HttpOnly flag, which means that the cookie can be accessed by JavaScript. If a malicious script can be run on this page then the cookie will be accessible and can be transmitted to another site. If this is a session cookie then session hijacking may be possible.","messageId":"3","url":"https://todoist.com/","reference":"https://owasp.org/www-community/HttpOnly","solution":"Ensure that the HttpOnly flag is set for all cookies.","alert":"Cookie No HttpOnly Flag","param":"AWSALBCORS","attack":"","name":"Cookie No HttpOnly Flag","risk":"Low","id":"1","alertRef":"10010"},{"sourceid":"3","other":"","method":"GET","evidence":"Set-Cookie: _csrf","pluginId":"10010","cweid":"16","confidence":"Medium","wascid":"13","description":"A cookie has been set without the HttpOnly flag, which means that the cookie can be accessed by JavaScript. If a malicious script can be run on this page then the cookie will be accessible and can be transmitted to another site. If this is a session cookie then session hijacking may be possible.","messageId":"3","url":"https://todoist.com/","reference":"https://owasp.org/www-community/HttpOnly","solution":"Ensure that the HttpOnly flag is set for all cookies.","alert":"Cookie No HttpOnly Flag","param":"_csrf","attack":"","name":"Cookie No HttpOnly Flag","risk":"Low","id":"2","alertRef":"10010"},{"sourceid":"3","other":"","method":"GET","evidence":"Set-Cookie: next-i18next","pluginId":"10010","cweid":"16","confidence":"Medium","wascid":"13","description":"A cookie has been set without the HttpOnly flag, which means that the cookie can be accessed by JavaScript. If a malicious script can be run on this page then the cookie will be accessible and can be transmitted to another site. If this is a session cookie then session hijacking may be possible.","messageId":"3","url":"https://todoist.com/","reference":"https://owasp.org/www-community/HttpOnly","solution":"Ensure that the HttpOnly flag is set for all cookies.","alert":"Cookie No HttpOnly Flag","param":"next-i18next","attack":"","name":"Cookie No HttpOnly Flag","risk":"Low","id":"3","alertRef":"10010"},{"sourceid":"3","other":"","method":"GET","evidence":"Set-Cookie: AWSALB","pluginId":"10054","cweid":"16","confidence":"Medium","wascid":"13","description":"A cookie has been set without the SameSite attribute, which means that the cookie can be sent as a result of a 'cross-site' request. The SameSite attribute is an effective counter measure to cross-site request forgery, cross-site script inclusion, and timing attacks.","messageId":"3","url":"https://todoist.com/","reference":"https://tools.ietf.org/html/draft-ietf-httpbis-cookie-same-site","solution":"Ensure that the SameSite attribute is set to either 'lax' or ideally 'strict' for all cookies.","alert":"Cookie Without SameSite Attribute","param":"AWSALB","attack":"","name":"Cookie Without SameSite Attribute","risk":"Low","id":"4","alertRef":"10054"},{"sourceid":"3","other":"","method":"GET","evidence":"Set-Cookie: AWSALBCORS","pluginId":"10054","cweid":"16","confidence":"Medium","wascid":"13","description":"A cookie has been set with an invalid SameSite attribute value, which means that the cookie can be sent as a result of a 'cross-site' request. The SameSite attribute is an effective counter measure to cross-site request forgery, cross-site script inclusion, and timing attacks.","messageId":"3","url":"https://todoist.com/","reference":"https://tools.ietf.org/html/draft-ietf-httpbis-cookie-same-site","solution":"Ensure that the SameSite attribute is set to either 'lax' or ideally 'strict' for all cookies.","alert":"Cookie Without SameSite Attribute","param":"AWSALBCORS","attack":"","name":"Cookie Without SameSite Attribute","risk":"Low","id":"5","alertRef":"10054"},{"sourceid":"3","other":"","method":"GET","evidence":"Set-Cookie: _csrf","pluginId":"10054","cweid":"16","confidence":"Medium","wascid":"13","description":"A cookie has been set without the SameSite attribute, which means that the cookie can be sent as a result of a 'cross-site' request. The SameSite attribute is an effective counter measure to cross-site request forgery, cross-site script inclusion, and timing attacks.","messageId":"3","url":"https://todoist.com/","reference":"https://tools.ietf.org/html/draft-ietf-httpbis-cookie-same-site","solution":"Ensure that the SameSite attribute is set to either 'lax' or ideally 'strict' for all cookies.","alert":"Cookie Without SameSite Attribute","param":"_csrf","attack":"","name":"Cookie Without SameSite Attribute","risk":"Low","id":"6","alertRef":"10054"},{"sourceid":"3","other":"","method":"GET","evidence":"Set-Cookie: AWSALB","pluginId":"10011","cweid":"614","confidence":"Medium","wascid":"13","description":"A cookie has been set without the secure flag, which means that the cookie can be accessed via unencrypted connections.","messageId":"3","url":"https://todoist.com/","reference":"https://owasp.org/www-project-web-security-testing-guide/v41/4-Web_Application_Security_Testing/06-Session_Management_Testing/02-Testing_for_Cookies_Attributes.html","solution":"Whenever a cookie contains sensitive information or is a session token, then it should always be passed using an encrypted channel. Ensure that the secure flag is set for cookies containing such sensitive information.","alert":"Cookie Without Secure Flag","param":"AWSALB","attack":"","name":"Cookie Without Secure Flag","risk":"Low","id":"7","alertRef":"10011"},{"sourceid":"3","other":"","method":"GET","evidence":"Set-Cookie: _csrf","pluginId":"10011","cweid":"614","confidence":"Medium","wascid":"13","description":"A cookie has been set without the secure flag, which means that the cookie can be accessed via unencrypted connections.","messageId":"3","url":"https://todoist.com/","reference":"https://owasp.org/www-project-web-security-testing-guide/v41/4-Web_Application_Security_Testing/06-Session_Management_Testing/02-Testing_for_Cookies_Attributes.html","solution":"Whenever a cookie contains sensitive information or is a session token, then it should always be passed using an encrypted channel. Ensure that the secure flag is set for cookies containing such sensitive information.","alert":"Cookie Without Secure Flag","param":"_csrf","attack":"","name":"Cookie Without Secure Flag","risk":"Low","id":"8","alertRef":"10011"},{"sourceid":"3","other":"","method":"GET","evidence":"Set-Cookie: next-i18next","pluginId":"10011","cweid":"614","confidence":"Medium","wascid":"13","description":"A cookie has been set without the secure flag, which means that the cookie can be accessed via unencrypted connections.","messageId":"3","url":"https://todoist.com/","reference":"https://owasp.org/www-project-web-security-testing-guide/v41/4-Web_Application_Security_Testing/06-Session_Management_Testing/02-Testing_for_Cookies_Attributes.html","solution":"Whenever a cookie contains sensitive information or is a session token, then it should always be passed using an encrypted channel. Ensure that the secure flag is set for cookies containing such sensitive information.","alert":"Cookie Without Secure Flag","param":"next-i18next","attack":"","name":"Cookie Without Secure Flag","risk":"Low","id":"9","alertRef":"10011"},{"sourceid":"3","other":"","method":"GET","evidence":"","pluginId":"10015","cweid":"525","confidence":"Medium","wascid":"13","description":"The cache-control and pragma HTTP header have not been set properly or are missing allowing the browser and proxies to cache content.","messageId":"5","url":"https://todoist.com/es","reference":"https://cheatsheetseries.owasp.org/cheatsheets/Session_Management_Cheat_Sheet.html#web-content-caching","solution":"Whenever possible ensure the cache-control HTTP header is set with no-cache, no-store, must-revalidate; and that the pragma HTTP header is set with no-cache.","alert":"Incomplete or No Cache-control and Pragma HTTP Header Set","param":"Cache-Control","attack":"","name":"Incomplete or No Cache-control and Pragma HTTP Header Set","risk":"Low","id":"10","alertRef":"10015"},{"sourceid":"3","other":"","method":"GET","evidence":"Set-Cookie: AWSALB","pluginId":"10010","cweid":"16","confidence":"Medium","wascid":"13","description":"A cookie has been set without the HttpOnly flag, which means that the cookie can be accessed by JavaScript. If a malicious script can be run on this page then the cookie will be accessible and can be transmitted to another site. If this is a session cookie then session hijacking may be possible.","messageId":"5","url":"https://todoist.com/es","reference":"https://owasp.org/www-community/HttpOnly","solution":"Ensure that the HttpOnly flag is set for all cookies.","alert":"Cookie No HttpOnly Flag","param":"AWSALB","attack":"","name":"Cookie No HttpOnly Flag","risk":"Low","id":"11","alertRef":"10010"},{"sourceid":"3","other":"","method":"GET","evidence":"Set-Cookie: AWSALBCORS","pluginId":"10010","cweid":"16","confidence":"Medium","wascid":"13","description":"A cookie has been set without the HttpOnly flag, which means that the cookie can be accessed by JavaScript. If a malicious script can be run on this page then the cookie will be accessible and can be transmitted to another site. If this is a session cookie then session hijacking may be possible.","messageId":"5","url":"https://todoist.com/es","reference":"https://owasp.org/www-community/HttpOnly","solution":"Ensure that the HttpOnly flag is set for all cookies.","alert":"Cookie No HttpOnly Flag","param":"AWSALBCORS","attack":"","name":"Cookie No HttpOnly Flag","risk":"Low","id":"12","alertRef":"10010"},{"sourceid":"3","other":"","method":"GET","evidence":"Set-Cookie: next-i18next","pluginId":"10010","cweid":"16","confidence":"Medium","wascid":"13","description":"A cookie has been set without the HttpOnly flag, which means that the cookie can be accessed by JavaScript. If a malicious script can be run on this page then the cookie will be accessible and can be transmitted to another site. If this is a session cookie then session hijacking may be possible.","messageId":"5","url":"https://todoist.com/es","reference":"https://owasp.org/www-community/HttpOnly","solution":"Ensure that the HttpOnly flag is set for all cookies.","alert":"Cookie No HttpOnly Flag","param":"next-i18next","attack":"","name":"Cookie No HttpOnly Flag","risk":"Low","id":"13","alertRef":"10010"},{"sourceid":"3","other":"","method":"GET","evidence":"Set-Cookie: AWSALB","pluginId":"10054","cweid":"16","confidence":"Medium","wascid":"13","description":"A cookie has been set without the SameSite attribute, which means that the cookie can be sent as a result of a 'cross-site' request. The SameSite attribute is an effective counter measure to cross-site request forgery, cross-site script inclusion, and timing attacks.","messageId":"5","url":"https://todoist.com/es","reference":"https://tools.ietf.org/html/draft-ietf-httpbis-cookie-same-site","solution":"Ensure that the SameSite attribute is set to either 'lax' or ideally 'strict' for all cookies.","alert":"Cookie Without SameSite Attribute","param":"AWSALB","attack":"","name":"Cookie Without SameSite Attribute","risk":"Low","id":"14","alertRef":"10054"},{"sourceid":"3","other":"","method":"GET","evidence":"Set-Cookie: AWSALBCORS","pluginId":"10054","cweid":"16","confidence":"Medium","wascid":"13","description":"A cookie has been set with an invalid SameSite attribute value, which means that the cookie can be sent as a result of a 'cross-site' request. The SameSite attribute is an effective counter measure to cross-site request forgery, cross-site script inclusion, and timing attacks.","messageId":"5","url":"https://todoist.com/es","reference":"https://tools.ietf.org/html/draft-ietf-httpbis-cookie-same-site","solution":"Ensure that the SameSite attribute is set to either 'lax' or ideally 'strict' for all cookies.","alert":"Cookie Without SameSite Attribute","param":"AWSALBCORS","attack":"","name":"Cookie Without SameSite Attribute","risk":"Low","id":"15","alertRef":"10054"},{"sourceid":"3","other":"","method":"GET","evidence":"Set-Cookie: AWSALB","pluginId":"10011","cweid":"614","confidence":"Medium","wascid":"13","description":"A cookie has been set without the secure flag, which means that the cookie can be accessed via unencrypted connections.","messageId":"5","url":"https://todoist.com/es","reference":"https://owasp.org/www-project-web-security-testing-guide/v41/4-Web_Application_Security_Testing/06-Session_Management_Testing/02-Testing_for_Cookies_Attributes.html","solution":"Whenever a cookie contains sensitive information or is a session token, then it should always be passed using an encrypted channel. Ensure that the secure flag is set for cookies containing such sensitive information.","alert":"Cookie Without Secure Flag","param":"AWSALB","attack":"","name":"Cookie Without Secure Flag","risk":"Low","id":"16","alertRef":"10011"},{"sourceid":"3","other":"","method":"GET","evidence":"Set-Cookie: next-i18next","pluginId":"10011","cweid":"614","confidence":"Medium","wascid":"13","description":"A cookie has been set without the secure flag, which means that the cookie can be accessed via unencrypted connections.","messageId":"5","url":"https://todoist.com/es","reference":"https://owasp.org/www-project-web-security-testing-guide/v41/4-Web_Application_Security_Testing/06-Session_Management_Testing/02-Testing_for_Cookies_Attributes.html","solution":"Whenever a cookie contains sensitive information or is a session token, then it should always be passed using an encrypted channel. Ensure that the secure flag is set for cookies containing such sensitive information.","alert":"Cookie Without Secure Flag","param":"next-i18next","attack":"","name":"Cookie Without Secure Flag","risk":"Low","id":"17","alertRef":"10011"},{"sourceid":"3","other":"","method":"GET","evidence":"<script src=\"https://www.googleoptimize.com/optimize.js?id=OPT-PNP389R\"><\/script>","pluginId":"10017","cweid":"829","confidence":"Medium","wascid":"15","description":"The page includes one or more script files from a third-party domain.","messageId":"5","url":"https://todoist.com/es","reference":"","solution":"Ensure JavaScript source files are loaded from only trusted sources, and the sources can't be controlled by end users of the application.","alert":"Cross-Domain JavaScript Source File Inclusion","param":"https://www.googleoptimize.com/optimize.js?id=OPT-PNP389R","attack":"","name":"Cross-Domain JavaScript Source File Inclusion","risk":"Low","id":"18","alertRef":"10017"},{"sourceid":"3","other":"The following pattern was used: \\bTODO\\b and was detected in the element starting with: \"<script id=\"__NEXT_DATA__\" type=\"application/json\">{\"props\":{\"initialI18nStore\":{\"es\":{\"index\":{\"seoTitle\":\"Todoist: La \\\"to do \", see evidence field for the suspicious comment/snippet.","method":"GET","evidence":"todo","pluginId":"10027","cweid":"200","confidence":"Low","wascid":"13","description":"The response appears to contain suspicious comments which may help an attacker. Note: Matches made within script blocks or files are against the entire content not only comments.","messageId":"5","url":"https://todoist.com/es","reference":"","solution":"Remove all comments that return information that may help an attacker and fix any underlying problems they refer to.","alert":"Information Disclosure - Suspicious Comments","param":"","attack":"","name":"Information Disclosure - Suspicious Comments","risk":"Informational","id":"19","alertRef":"10027"},{"sourceid":"3","other":"This issue still applies to error type pages (401, 403, 500, etc.) as those pages are often still affected by injection issues, in which case there is still concern for browsers sniffing pages away from their actual content type.\nAt \"High\" threshold this scan rule will not alert on client or server error responses.","method":"GET","evidence":"","pluginId":"10021","cweid":"16","confidence":"Medium","wascid":"15","description":"The Anti-MIME-Sniffing header X-Content-Type-Options was not set to 'nosniff'. This allows older versions of Internet Explorer and Chrome to perform MIME-sniffing on the response body, potentially causing the response body to be interpreted and displayed as a content type other than the declared content type. Current (early 2014) and legacy versions of Firefox will use the declared content type (if one is set), rather than performing MIME-sniffing.","messageId":"5","url":"https://todoist.com/es","reference":"http://msdn.microsoft.com/en-us/library/ie/gg622941%28v=vs.85%29.aspx\nhttps://owasp.org/www-community/Security_Headers","solution":"Ensure that the application/web server sets the Content-Type header appropriately, and that it sets the X-Content-Type-Options header to 'nosniff' for all web pages.\nIf possible, ensure that the end user uses a standards-compliant and modern web browser that does not perform MIME-sniffing at all, or that can be directed by the web application/web server to not perform MIME-sniffing.","alert":"X-Content-Type-Options Header Missing","param":"X-Content-Type-Options","attack":"","name":"X-Content-Type-Options Header Missing","risk":"Low","id":"20","alertRef":"10021"},{"sourceid":"3","other":"","method":"GET","evidence":"public, max-age=31536000, immutable","pluginId":"10015","cweid":"525","confidence":"Medium","wascid":"13","description":"The cache-control and pragma HTTP header have not been set properly or are missing allowing the browser and proxies to cache content.","messageId":"6","url":"https://todoist.com/_next/static/css/a5174a254d143c3d3d02321814728bdd71b6ab95_CSS.d9deec97.chunk.css","reference":"https://cheatsheetseries.owasp.org/cheatsheets/Session_Management_Cheat_Sheet.html#web-content-caching","solution":"Whenever possible ensure the cache-control HTTP header is set with no-cache, no-store, must-revalidate; and that the pragma HTTP header is set with no-cache.","alert":"Incomplete or No Cache-control and Pragma HTTP Header Set","param":"Cache-Control","attack":"","name":"Incomplete or No Cache-control and Pragma HTTP Header Set","risk":"Low","id":"21","alertRef":"10015"},{"sourceid":"3","other":"This issue still applies to error type pages (401, 403, 500, etc.) as those pages are often still affected by injection issues, in which case there is still concern for browsers sniffing pages away from their actual content type.\nAt \"High\" threshold this scan rule will not alert on client or server error responses.","method":"GET","evidence":"","pluginId":"10021","cweid":"16","confidence":"Medium","wascid":"15","description":"The Anti-MIME-Sniffing header X-Content-Type-Options was not set to 'nosniff'. This allows older versions of Internet Explorer and Chrome to perform MIME-sniffing on the response body, potentially causing the response body to be interpreted and displayed as a content type other than the declared content type. Current (early 2014) and legacy versions of Firefox will use the declared content type (if one is set), rather than performing MIME-sniffing.","messageId":"6","url":"https://todoist.com/_next/static/css/a5174a254d143c3d3d02321814728bdd71b6ab95_CSS.d9deec97.chunk.css","reference":"http://msdn.microsoft.com/en-us/library/ie/gg622941%28v=vs.85%29.aspx\nhttps://owasp.org/www-community/Security_Headers","solution":"Ensure that the application/web server sets the Content-Type header appropriately, and that it sets the X-Content-Type-Options header to 'nosniff' for all web pages.\nIf possible, ensure that the end user uses a standards-compliant and modern web browser that does not perform MIME-sniffing at all, or that can be directed by the web application/web server to not perform MIME-sniffing.","alert":"X-Content-Type-Options Header Missing","param":"X-Content-Type-Options","attack":"","name":"X-Content-Type-Options Header Missing","risk":"Low","id":"22","alertRef":"10021"},{"sourceid":"3","other":"This issue still applies to error type pages (401, 403, 500, etc.) as those pages are often still affected by injection issues, in which case there is still concern for browsers sniffing pages away from their actual content type.\nAt \"High\" threshold this scan rule will not alert on client or server error responses.","method":"GET","evidence":"","pluginId":"10021","cweid":"16","confidence":"Medium","wascid":"15","description":"The Anti-MIME-Sniffing header X-Content-Type-Options was not set to 'nosniff'. This allows older versions of Internet Explorer and Chrome to perform MIME-sniffing on the response body, potentially causing the response body to be interpreted and displayed as a content type other than the declared content type. Current (early 2014) and legacy versions of Firefox will use the declared content type (if one is set), rather than performing MIME-sniffing.","messageId":"10","url":"https://todoist.com/_next/static/chunks/webpack-3bde8603facc0c807a2b.js","reference":"http://msdn.microsoft.com/en-us/library/ie/gg622941%28v=vs.85%29.aspx\nhttps://owasp.org/www-community/Security_Headers","solution":"Ensure that the application/web server sets the Content-Type header appropriately, and that it sets the X-Content-Type-Options header to 'nosniff' for all web pages.\nIf possible, ensure that the end user uses a standards-compliant and modern web browser that does not perform MIME-sniffing at all, or that can be directed by the web application/web server to not perform MIME-sniffing.","alert":"X-Content-Type-Options Header Missing","param":"X-Content-Type-Options","attack":"","name":"X-Content-Type-Options Header Missing","risk":"Low","id":"23","alertRef":"10021"},{"sourceid":"3","other":"","method":"GET","evidence":"public, max-age=31536000, immutable","pluginId":"10015","cweid":"525","confidence":"Medium","wascid":"13","description":"The cache-control and pragma HTTP header have not been set properly or are missing allowing the browser and proxies to cache content.","messageId":"12","url":"https://todoist.com/_next/static/css/pages/index.e740e94c.chunk.css","reference":"https://cheatsheetseries.owasp.org/cheatsheets/Session_Management_Cheat_Sheet.html#web-content-caching","solution":"Whenever possible ensure the cache-control HTTP header is set with no-cache, no-store, must-revalidate; and that the pragma HTTP header is set with no-cache.","alert":"Incomplete or No Cache-control and Pragma HTTP Header Set","param":"Cache-Control","attack":"","name":"Incomplete or No Cache-control and Pragma HTTP Header Set","risk":"Low","id":"24","alertRef":"10015"},{"sourceid":"3","other":"This issue still applies to error type pages (401, 403, 500, etc.) as those pages are often still affected by injection issues, in which case there is still concern for browsers sniffing pages away from their actual content type.\nAt \"High\" threshold this scan rule will not alert on client or server error responses.","method":"GET","evidence":"","pluginId":"10021","cweid":"16","confidence":"Medium","wascid":"15","description":"The Anti-MIME-Sniffing header X-Content-Type-Options was not set to 'nosniff'. This allows older versions of Internet Explorer and Chrome to perform MIME-sniffing on the response body, potentially causing the response body to be interpreted and displayed as a content type other than the declared content type. Current (early 2014) and legacy versions of Firefox will use the declared content type (if one is set), rather than performing MIME-sniffing.","messageId":"12","url":"https://todoist.com/_next/static/css/pages/index.e740e94c.chunk.css","reference":"http://msdn.microsoft.com/en-us/library/ie/gg622941%28v=vs.85%29.aspx\nhttps://owasp.org/www-community/Security_Headers","solution":"Ensure that the application/web server sets the Content-Type header appropriately, and that it sets the X-Content-Type-Options header to 'nosniff' for all web pages.\nIf possible, ensure that the end user uses a standards-compliant and modern web browser that does not perform MIME-sniffing at all, or that can be directed by the web application/web server to not perform MIME-sniffing.","alert":"X-Content-Type-Options Header Missing","param":"X-Content-Type-Options","attack":"","name":"X-Content-Type-Options Header Missing","risk":"Low","id":"25","alertRef":"10021"},{"sourceid":"3","other":"The following pattern was used: \\bQUERY\\b and was detected in the element starting with: \"_N_E=(window.webpackJsonp_N_E=window.webpackJsonp_N_E||[]).push([[28],{\"0sNQ\":function(e,t){\"trimStart\"in String.prototype||(Str\", see evidence field for the suspicious comment/snippet.","method":"GET","evidence":"query","pluginId":"10027","cweid":"200","confidence":"Low","wascid":"13","description":"The response appears to contain suspicious comments which may help an attacker. Note: Matches made within script blocks or files are against the entire content not only comments.","messageId":"13","url":"https://todoist.com/_next/static/chunks/main-1ca0aabf0fb4e4d9fa88.js","reference":"","solution":"Remove all comments that return information that may help an attacker and fix any underlying problems they refer to.","alert":"Information Disclosure - Suspicious Comments","param":"","attack":"","name":"Information Disclosure - Suspicious Comments","risk":"Informational","id":"26","alertRef":"10027"},{"sourceid":"3","other":"This issue still applies to error type pages (401, 403, 500, etc.) as those pages are often still affected by injection issues, in which case there is still concern for browsers sniffing pages away from their actual content type.\nAt \"High\" threshold this scan rule will not alert on client or server error responses.","method":"GET","evidence":"","pluginId":"10021","cweid":"16","confidence":"Medium","wascid":"15","description":"The Anti-MIME-Sniffing header X-Content-Type-Options was not set to 'nosniff'. This allows older versions of Internet Explorer and Chrome to perform MIME-sniffing on the response body, potentially causing the response body to be interpreted and displayed as a content type other than the declared content type. Current (early 2014) and legacy versions of Firefox will use the declared content type (if one is set), rather than performing MIME-sniffing.","messageId":"13","url":"https://todoist.com/_next/static/chunks/main-1ca0aabf0fb4e4d9fa88.js","reference":"http://msdn.microsoft.com/en-us/library/ie/gg622941%28v=vs.85%29.aspx\nhttps://owasp.org/www-community/Security_Headers","solution":"Ensure that the application/web server sets the Content-Type header appropriately, and that it sets the X-Content-Type-Options header to 'nosniff' for all web pages.\nIf possible, ensure that the end user uses a standards-compliant and modern web browser that does not perform MIME-sniffing at all, or that can be directed by the web application/web server to not perform MIME-sniffing.","alert":"X-Content-Type-Options Header Missing","param":"X-Content-Type-Options","attack":"","name":"X-Content-Type-Options Header Missing","risk":"Low","id":"27","alertRef":"10021"},{"sourceid":"3","other":"The following pattern was used: \\bSELECT\\b and was detected in the element starting with: \"(window.webpackJsonp_N_E=window.webpackJsonp_N_E||[]).push([[2],{\"+wdc\":function(e,t,n){\"use strict\";var r,l,i,a,o;if(\"undefined\", see evidence field for the suspicious comment/snippet.","method":"GET","evidence":"select","pluginId":"10027","cweid":"200","confidence":"Low","wascid":"13","description":"The response appears to contain suspicious comments which may help an attacker. Note: Matches made within script blocks or files are against the entire content not only comments.","messageId":"15","url":"https://todoist.com/_next/static/chunks/framework.dc73b2df61134dea1baf.js","reference":"","solution":"Remove all comments that return information that may help an attacker and fix any underlying problems they refer to.","alert":"Information Disclosure - Suspicious Comments","param":"","attack":"","name":"Information Disclosure - Suspicious Comments","risk":"Informational","id":"28","alertRef":"10027"},{"sourceid":"3","other":"1073741823, which evaluates to: 2004-01-10 08:37:03","method":"GET","evidence":"1073741823","pluginId":"10096","cweid":"200","confidence":"Low","wascid":"13","description":"A timestamp was disclosed by the application/web server - Unix","messageId":"15","url":"https://todoist.com/_next/static/chunks/framework.dc73b2df61134dea1baf.js","reference":"http://projects.webappsec.org/w/page/13246936/Information%20Leakage","solution":"Manually confirm that the timestamp data is not sensitive, and that the data cannot be aggregated to disclose exploitable patterns.","alert":"Timestamp Disclosure - Unix","param":"","attack":"","name":"Timestamp Disclosure - Unix","risk":"Informational","id":"29","alertRef":"10096"},{"sourceid":"3","other":"1073741821, which evaluates to: 2004-01-10 08:37:01","method":"GET","evidence":"1073741821","pluginId":"10096","cweid":"200","confidence":"Low","wascid":"13","description":"A timestamp was disclosed by the application/web server - Unix","messageId":"15","url":"https://todoist.com/_next/static/chunks/framework.dc73b2df61134dea1baf.js","reference":"http://projects.webappsec.org/w/page/13246936/Information%20Leakage","solution":"Manually confirm that the timestamp data is not sensitive, and that the data cannot be aggregated to disclose exploitable patterns.","alert":"Timestamp Disclosure - Unix","param":"","attack":"","name":"Timestamp Disclosure - Unix","risk":"Informational","id":"30","alertRef":"10096"},{"sourceid":"3","other":"1073741822, which evaluates to: 2004-01-10 08:37:02","method":"GET","evidence":"1073741822","pluginId":"10096","cweid":"200","confidence":"Low","wascid":"13","description":"A timestamp was disclosed by the application/web server - Unix","messageId":"15","url":"https://todoist.com/_next/static/chunks/framework.dc73b2df61134dea1baf.js","reference":"http://projects.webappsec.org/w/page/13246936/Information%20Leakage","solution":"Manually confirm that the timestamp data is not sensitive, and that the data cannot be aggregated to disclose exploitable patterns.","alert":"Timestamp Disclosure - Unix","param":"","attack":"","name":"Timestamp Disclosure - Unix","risk":"Informational","id":"42","alertRef":"10096"},{"sourceid":"3","other":"This issue still applies to error type pages (401, 403, 500, etc.) as those pages are often still affected by injection issues, in which case there is still concern for browsers sniffing pages away from their actual content type.\nAt \"High\" threshold this scan rule will not alert on client or server error responses.","method":"GET","evidence":"","pluginId":"10021","cweid":"16","confidence":"Medium","wascid":"15","description":"The Anti-MIME-Sniffing header X-Content-Type-Options was not set to 'nosniff'. This allows older versions of Internet Explorer and Chrome to perform MIME-sniffing on the response body, potentially causing the response body to be interpreted and displayed as a content type other than the declared content type. Current (early 2014) and legacy versions of Firefox will use the declared content type (if one is set), rather than performing MIME-sniffing.","messageId":"15","url":"https://todoist.com/_next/static/chunks/framework.dc73b2df61134dea1baf.js","reference":"http://msdn.microsoft.com/en-us/library/ie/gg622941%28v=vs.85%29.aspx\nhttps://owasp.org/www-community/Security_Headers","solution":"Ensure that the application/web server sets the Content-Type header appropriately, and that it sets the X-Content-Type-Options header to 'nosniff' for all web pages.\nIf possible, ensure that the end user uses a standards-compliant and modern web browser that does not perform MIME-sniffing at all, or that can be directed by the web application/web server to not perform MIME-sniffing.","alert":"X-Content-Type-Options Header Missing","param":"X-Content-Type-Options","attack":"","name":"X-Content-Type-Options Header Missing","risk":"Low","id":"70","alertRef":"10021"},{"sourceid":"3","other":"The following pattern was used: \\bQUERY\\b and was detected in the element starting with: \"(window.webpackJsonp_N_E=window.webpackJsonp_N_E||[]).push([[0],{\"/GRZ\":function(e,t){e.exports=function(e,t){if(!(e instanceof \", see evidence field for the suspicious comment/snippet.","method":"GET","evidence":"query","pluginId":"10027","cweid":"200","confidence":"Low","wascid":"13","description":"The response appears to contain suspicious comments which may help an attacker. Note: Matches made within script blocks or files are against the entire content not only comments.","messageId":"16","url":"https://todoist.com/_next/static/chunks/commons.7f9eaa719ef400edb831.js","reference":"","solution":"Remove all comments that return information that may help an attacker and fix any underlying problems they refer to.","alert":"Information Disclosure - Suspicious Comments","param":"","attack":"","name":"Information Disclosure - Suspicious Comments","risk":"Informational","id":"71","alertRef":"10027"},{"sourceid":"3","other":"This issue still applies to error type pages (401, 403, 500, etc.) as those pages are often still affected by injection issues, in which case there is still concern for browsers sniffing pages away from their actual content type.\nAt \"High\" threshold this scan rule will not alert on client or server error responses.","method":"GET","evidence":"","pluginId":"10021","cweid":"16","confidence":"Medium","wascid":"15","description":"The Anti-MIME-Sniffing header X-Content-Type-Options was not set to 'nosniff'. This allows older versions of Internet Explorer and Chrome to perform MIME-sniffing on the response body, potentially causing the response body to be interpreted and displayed as a content type other than the declared content type. Current (early 2014) and legacy versions of Firefox will use the declared content type (if one is set), rather than performing MIME-sniffing.","messageId":"16","url":"https://todoist.com/_next/static/chunks/commons.7f9eaa719ef400edb831.js","reference":"http://msdn.microsoft.com/en-us/library/ie/gg622941%28v=vs.85%29.aspx\nhttps://owasp.org/www-community/Security_Headers","solution":"Ensure that the application/web server sets the Content-Type header appropriately, and that it sets the X-Content-Type-Options header to 'nosniff' for all web pages.\nIf possible, ensure that the end user uses a standards-compliant and modern web browser that does not perform MIME-sniffing at all, or that can be directed by the web application/web server to not perform MIME-sniffing.","alert":"X-Content-Type-Options Header Missing","param":"X-Content-Type-Options","attack":"","name":"X-Content-Type-Options Header Missing","risk":"Low","id":"72","alertRef":"10021"},{"sourceid":"3","other":"","method":"GET","evidence":"public, max-age=31536000, immutable","pluginId":"10015","cweid":"525","confidence":"Medium","wascid":"13","description":"The cache-control and pragma HTTP header have not been set properly or are missing allowing the browser and proxies to cache content.","messageId":"17","url":"https://todoist.com/_next/static/css/styles.0f6e09ec.chunk.css","reference":"https://cheatsheetseries.owasp.org/cheatsheets/Session_Management_Cheat_Sheet.html#web-content-caching","solution":"Whenever possible ensure the cache-control HTTP header is set with no-cache, no-store, must-revalidate; and that the pragma HTTP header is set with no-cache.","alert":"Incomplete or No Cache-control and Pragma HTTP Header Set","param":"Cache-Control","attack":"","name":"Incomplete or No Cache-control and Pragma HTTP Header Set","risk":"Low","id":"73","alertRef":"10015"},{"sourceid":"3","other":"This issue still applies to error type pages (401, 403, 500, etc.) as those pages are often still affected by injection issues, in which case there is still concern for browsers sniffing pages away from their actual content type.\nAt \"High\" threshold this scan rule will not alert on client or server error responses.","method":"GET","evidence":"","pluginId":"10021","cweid":"16","confidence":"Medium","wascid":"15","description":"The Anti-MIME-Sniffing header X-Content-Type-Options was not set to 'nosniff'. This allows older versions of Internet Explorer and Chrome to perform MIME-sniffing on the response body, potentially causing the response body to be interpreted and displayed as a content type other than the declared content type. Current (early 2014) and legacy versions of Firefox will use the declared content type (if one is set), rather than performing MIME-sniffing.","messageId":"17","url":"https://todoist.com/_next/static/css/styles.0f6e09ec.chunk.css","reference":"http://msdn.microsoft.com/en-us/library/ie/gg622941%28v=vs.85%29.aspx\nhttps://owasp.org/www-community/Security_Headers","solution":"Ensure that the application/web server sets the Content-Type header appropriately, and that it sets the X-Content-Type-Options header to 'nosniff' for all web pages.\nIf possible, ensure that the end user uses a standards-compliant and modern web browser that does not perform MIME-sniffing at all, or that can be directed by the web application/web server to not perform MIME-sniffing.","alert":"X-Content-Type-Options Header Missing","param":"X-Content-Type-Options","attack":"","name":"X-Content-Type-Options Header Missing","risk":"Low","id":"74","alertRef":"10021"},{"sourceid":"3","other":"The following pattern was used: \\bUSER\\b and was detected in the element starting with: \"(window.webpackJsonp_N_E=window.webpackJsonp_N_E||[]).push([[5],{\"2SVd\":function(e,t,n){\"use strict\";e.exports=function(e){retur\", see evidence field for the suspicious comment/snippet.","method":"GET","evidence":"user","pluginId":"10027","cweid":"200","confidence":"Low","wascid":"13","description":"The response appears to contain suspicious comments which may help an attacker. Note: Matches made within script blocks or files are against the entire content not only comments.","messageId":"18","url":"https://todoist.com/_next/static/chunks/98618d58f2d1dd3f4c8f42b4970db65e004fbfe5.6c003068d2db4fbc855f.js","reference":"","solution":"Remove all comments that return information that may help an attacker and fix any underlying problems they refer to.","alert":"Information Disclosure - Suspicious Comments","param":"","attack":"","name":"Information Disclosure - Suspicious Comments","risk":"Informational","id":"75","alertRef":"10027"},{"sourceid":"3","other":"This issue still applies to error type pages (401, 403, 500, etc.) as those pages are often still affected by injection issues, in which case there is still concern for browsers sniffing pages away from their actual content type.\nAt \"High\" threshold this scan rule will not alert on client or server error responses.","method":"GET","evidence":"","pluginId":"10021","cweid":"16","confidence":"Medium","wascid":"15","description":"The Anti-MIME-Sniffing header X-Content-Type-Options was not set to 'nosniff'. This allows older versions of Internet Explorer and Chrome to perform MIME-sniffing on the response body, potentially causing the response body to be interpreted and displayed as a content type other than the declared content type. Current (early 2014) and legacy versions of Firefox will use the declared content type (if one is set), rather than performing MIME-sniffing.","messageId":"18","url":"https://todoist.com/_next/static/chunks/98618d58f2d1dd3f4c8f42b4970db65e004fbfe5.6c003068d2db4fbc855f.js","reference":"http://msdn.microsoft.com/en-us/library/ie/gg622941%28v=vs.85%29.aspx\nhttps://owasp.org/www-community/Security_Headers","solution":"Ensure that the application/web server sets the Content-Type header appropriately, and that it sets the X-Content-Type-Options header to 'nosniff' for all web pages.\nIf possible, ensure that the end user uses a standards-compliant and modern web browser that does not perform MIME-sniffing at all, or that can be directed by the web application/web server to not perform MIME-sniffing.","alert":"X-Content-Type-Options Header Missing","param":"X-Content-Type-Options","attack":"","name":"X-Content-Type-Options Header Missing","risk":"Low","id":"76","alertRef":"10021"},{"sourceid":"3","other":"The following pattern was used: \\bSELECT\\b and was detected in the element starting with: \"(window.webpackJsonp_N_E=window.webpackJsonp_N_E||[]).push([[3],{\"+ipW\":function(e,t,r){\"use strict\";r.d(t,\"a\",(function(){retur\", see evidence field for the suspicious comment/snippet.","method":"GET","evidence":"SELECT","pluginId":"10027","cweid":"200","confidence":"Low","wascid":"13","description":"The response appears to contain suspicious comments which may help an attacker. Note: Matches made within script blocks or files are against the entire content not only comments.","messageId":"19","url":"https://todoist.com/_next/static/chunks/0e8f85b20ed9ab0a6102c8b8298bac1d6cb4c89b.0fe8d2aa3a66f036f1d2.js","reference":"","solution":"Remove all comments that return information that may help an attacker and fix any underlying problems they refer to.","alert":"Information Disclosure - Suspicious Comments","param":"","attack":"","name":"Information Disclosure - Suspicious Comments","risk":"Informational","id":"77","alertRef":"10027"},{"sourceid":"3","other":"268435455, which evaluates to: 1978-07-04 16:24:15","method":"GET","evidence":"268435455","pluginId":"10096","cweid":"200","confidence":"Low","wascid":"13","description":"A timestamp was disclosed by the application/web server - Unix","messageId":"19","url":"https://todoist.com/_next/static/chunks/0e8f85b20ed9ab0a6102c8b8298bac1d6cb4c89b.0fe8d2aa3a66f036f1d2.js","reference":"http://projects.webappsec.org/w/page/13246936/Information%20Leakage","solution":"Manually confirm that the timestamp data is not sensitive, and that the data cannot be aggregated to disclose exploitable patterns.","alert":"Timestamp Disclosure - Unix","param":"","attack":"","name":"Timestamp Disclosure - Unix","risk":"Informational","id":"78","alertRef":"10096"},{"sourceid":"3","other":"1732584193, which evaluates to: 2024-11-25 20:23:13","method":"GET","evidence":"1732584193","pluginId":"10096","cweid":"200","confidence":"Low","wascid":"13","description":"A timestamp was disclosed by the application/web server - Unix","messageId":"19","url":"https://todoist.com/_next/static/chunks/0e8f85b20ed9ab0a6102c8b8298bac1d6cb4c89b.0fe8d2aa3a66f036f1d2.js","reference":"http://projects.webappsec.org/w/page/13246936/Information%20Leakage","solution":"Manually confirm that the timestamp data is not sensitive, and that the data cannot be aggregated to disclose exploitable patterns.","alert":"Timestamp Disclosure - Unix","param":"","attack":"","name":"Timestamp Disclosure - Unix","risk":"Informational","id":"80","alertRef":"10096"},{"sourceid":"3","other":"271733879, which evaluates to: 1978-08-11 20:37:59","method":"GET","evidence":"271733879","pluginId":"10096","cweid":"200","confidence":"Low","wascid":"13","description":"A timestamp was disclosed by the application/web server - Unix","messageId":"19","url":"https://todoist.com/_next/static/chunks/0e8f85b20ed9ab0a6102c8b8298bac1d6cb4c89b.0fe8d2aa3a66f036f1d2.js","reference":"http://projects.webappsec.org/w/page/13246936/Information%20Leakage","solution":"Manually confirm that the timestamp data is not sensitive, and that the data cannot be aggregated to disclose exploitable patterns.","alert":"Timestamp Disclosure - Unix","param":"","attack":"","name":"Timestamp Disclosure - Unix","risk":"Informational","id":"81","alertRef":"10096"},{"sourceid":"3","other":"1732584194, which evaluates to: 2024-11-25 20:23:14","method":"GET","evidence":"1732584194","pluginId":"10096","cweid":"200","confidence":"Low","wascid":"13","description":"A timestamp was disclosed by the application/web server - Unix","messageId":"19","url":"https://todoist.com/_next/static/chunks/0e8f85b20ed9ab0a6102c8b8298bac1d6cb4c89b.0fe8d2aa3a66f036f1d2.js","reference":"http://projects.webappsec.org/w/page/13246936/Information%20Leakage","solution":"Manually confirm that the timestamp data is not sensitive, and that the data cannot be aggregated to disclose exploitable patterns.","alert":"Timestamp Disclosure - Unix","param":"","attack":"","name":"Timestamp Disclosure - Unix","risk":"Informational","id":"82","alertRef":"10096"},{"sourceid":"3","other":"271733878, which evaluates to: 1978-08-11 20:37:58","method":"GET","evidence":"271733878","pluginId":"10096","cweid":"200","confidence":"Low","wascid":"13","description":"A timestamp was disclosed by the application/web server - Unix","messageId":"19","url":"https://todoist.com/_next/static/chunks/0e8f85b20ed9ab0a6102c8b8298bac1d6cb4c89b.0fe8d2aa3a66f036f1d2.js","reference":"http://projects.webappsec.org/w/page/13246936/Information%20Leakage","solution":"Manually confirm that the timestamp data is not sensitive, and that the data cannot be aggregated to disclose exploitable patterns.","alert":"Timestamp Disclosure - Unix","param":"","attack":"","name":"Timestamp Disclosure - Unix","risk":"Informational","id":"83","alertRef":"10096"},{"sourceid":"3","other":"680876936, which evaluates to: 1991-07-30 07:28:56","method":"GET","evidence":"680876936","pluginId":"10096","cweid":"200","confidence":"Low","wascid":"13","description":"A timestamp was disclosed by the application/web server - Unix","messageId":"19","url":"https://todoist.com/_next/static/chunks/0e8f85b20ed9ab0a6102c8b8298bac1d6cb4c89b.0fe8d2aa3a66f036f1d2.js","reference":"http://projects.webappsec.org/w/page/13246936/Information%20Leakage","solution":"Manually confirm that the timestamp data is not sensitive, and that the data cannot be aggregated to disclose exploitable patterns.","alert":"Timestamp Disclosure - Unix","param":"","attack":"","name":"Timestamp Disclosure - Unix","risk":"Informational","id":"84","alertRef":"10096"},{"sourceid":"3","other":"389564586, which evaluates to: 1982-05-06 15:23:06","method":"GET","evidence":"389564586","pluginId":"10096","cweid":"200","confidence":"Low","wascid":"13","description":"A timestamp was disclosed by the application/web server - Unix","messageId":"19","url":"https://todoist.com/_next/static/chunks/0e8f85b20ed9ab0a6102c8b8298bac1d6cb4c89b.0fe8d2aa3a66f036f1d2.js","reference":"http://projects.webappsec.org/w/page/13246936/Information%20Leakage","solution":"Manually confirm that the timestamp data is not sensitive, and that the data cannot be aggregated to disclose exploitable patterns.","alert":"Timestamp Disclosure - Unix","param":"","attack":"","name":"Timestamp Disclosure - Unix","risk":"Informational","id":"85","alertRef":"10096"},{"sourceid":"3","other":"606105819, which evaluates to: 1989-03-16 21:43:39","method":"GET","evidence":"606105819","pluginId":"10096","cweid":"200","confidence":"Low","wascid":"13","description":"A timestamp was disclosed by the application/web server - Unix","messageId":"19","url":"https://todoist.com/_next/static/chunks/0e8f85b20ed9ab0a6102c8b8298bac1d6cb4c89b.0fe8d2aa3a66f036f1d2.js","reference":"http://projects.webappsec.org/w/page/13246936/Information%20Leakage","solution":"Manually confirm that the timestamp data is not sensitive, and that the data cannot be aggregated to disclose exploitable patterns.","alert":"Timestamp Disclosure - Unix","param":"","attack":"","name":"Timestamp Disclosure - Unix","risk":"Informational","id":"86","alertRef":"10096"},{"sourceid":"3","other":"1044525330, which evaluates to: 2003-02-06 04:55:30","method":"GET","evidence":"1044525330","pluginId":"10096","cweid":"200","confidence":"Low","wascid":"13","description":"A timestamp was disclosed by the application/web server - Unix","messageId":"19","url":"https://todoist.com/_next/static/chunks/0e8f85b20ed9ab0a6102c8b8298bac1d6cb4c89b.0fe8d2aa3a66f036f1d2.js","reference":"http://projects.webappsec.org/w/page/13246936/Information%20Leakage","solution":"Manually confirm that the timestamp data is not sensitive, and that the data cannot be aggregated to disclose exploitable patterns.","alert":"Timestamp Disclosure - Unix","param":"","attack":"","name":"Timestamp Disclosure - Unix","risk":"Informational","id":"87","alertRef":"10096"},{"sourceid":"3","other":"176418897, which evaluates to: 1975-08-04 16:14:57","method":"GET","evidence":"176418897","pluginId":"10096","cweid":"200","confidence":"Low","wascid":"13","description":"A timestamp was disclosed by the application/web server - Unix","messageId":"19","url":"https://todoist.com/_next/static/chunks/0e8f85b20ed9ab0a6102c8b8298bac1d6cb4c89b.0fe8d2aa3a66f036f1d2.js","reference":"http://projects.webappsec.org/w/page/13246936/Information%20Leakage","solution":"Manually confirm that the timestamp data is not sensitive, and that the data cannot be aggregated to disclose exploitable patterns.","alert":"Timestamp Disclosure - Unix","param":"","attack":"","name":"Timestamp Disclosure - Unix","risk":"Informational","id":"88","alertRef":"10096"},{"sourceid":"3","other":"1200080426, which evaluates to: 2008-01-11 14:40:26","method":"GET","evidence":"1200080426","pluginId":"10096","cweid":"200","confidence":"Low","wascid":"13","description":"A timestamp was disclosed by the application/web server - Unix","messageId":"19","url":"https://todoist.com/_next/static/chunks/0e8f85b20ed9ab0a6102c8b8298bac1d6cb4c89b.0fe8d2aa3a66f036f1d2.js","reference":"http://projects.webappsec.org/w/page/13246936/Information%20Leakage","solution":"Manually confirm that the timestamp data is not sensitive, and that the data cannot be aggregated to disclose exploitable patterns.","alert":"Timestamp Disclosure - Unix","param":"","attack":"","name":"Timestamp Disclosure - Unix","risk":"Informational","id":"89","alertRef":"10096"},{"sourceid":"3","other":"1473231341, which evaluates to: 2016-09-07 01:55:41","method":"GET","evidence":"1473231341","pluginId":"10096","cweid":"200","confidence":"Low","wascid":"13","description":"A timestamp was disclosed by the application/web server - Unix","messageId":"19","url":"https://todoist.com/_next/static/chunks/0e8f85b20ed9ab0a6102c8b8298bac1d6cb4c89b.0fe8d2aa3a66f036f1d2.js","reference":"http://projects.webappsec.org/w/page/13246936/Information%20Leakage","solution":"Manually confirm that the timestamp data is not sensitive, and that the data cannot be aggregated to disclose exploitable patterns.","alert":"Timestamp Disclosure - Unix","param":"","attack":"","name":"Timestamp Disclosure - Unix","risk":"Informational","id":"90","alertRef":"10096"},{"sourceid":"3","other":"45705983, which evaluates to: 1971-06-13 19:06:23","method":"GET","evidence":"45705983","pluginId":"10096","cweid":"200","confidence":"Low","wascid":"13","description":"A timestamp was disclosed by the application/web server - Unix","messageId":"19","url":"https://todoist.com/_next/static/chunks/0e8f85b20ed9ab0a6102c8b8298bac1d6cb4c89b.0fe8d2aa3a66f036f1d2.js","reference":"http://projects.webappsec.org/w/page/13246936/Information%20Leakage","solution":"Manually confirm that the timestamp data is not sensitive, and that the data cannot be aggregated to disclose exploitable patterns.","alert":"Timestamp Disclosure - Unix","param":"","attack":"","name":"Timestamp Disclosure - Unix","risk":"Informational","id":"91","alertRef":"10096"},{"sourceid":"3","other":"1770035416, which evaluates to: 2026-02-02 07:30:16","method":"GET","evidence":"1770035416","pluginId":"10096","cweid":"200","confidence":"Low","wascid":"13","description":"A timestamp was disclosed by the application/web server - Unix","messageId":"19","url":"https://todoist.com/_next/static/chunks/0e8f85b20ed9ab0a6102c8b8298bac1d6cb4c89b.0fe8d2aa3a66f036f1d2.js","reference":"http://projects.webappsec.org/w/page/13246936/Information%20Leakage","solution":"Manually confirm that the timestamp data is not sensitive, and that the data cannot be aggregated to disclose exploitable patterns.","alert":"Timestamp Disclosure - Unix","param":"","attack":"","name":"Timestamp Disclosure - Unix","risk":"Informational","id":"92","alertRef":"10096"},{"sourceid":"3","other":"1958414417, which evaluates to: 2032-01-22 15:00:17","method":"GET","evidence":"1958414417","pluginId":"10096","cweid":"200","confidence":"Low","wascid":"13","description":"A timestamp was disclosed by the application/web server - Unix","messageId":"19","url":"https://todoist.com/_next/static/chunks/0e8f85b20ed9ab0a6102c8b8298bac1d6cb4c89b.0fe8d2aa3a66f036f1d2.js","reference":"http://projects.webappsec.org/w/page/13246936/Information%20Leakage","solution":"Manually confirm that the timestamp data is not sensitive, and that the data cannot be aggregated to disclose exploitable patterns.","alert":"Timestamp Disclosure - Unix","param":"","attack":"","name":"Timestamp Disclosure - Unix","risk":"Informational","id":"93","alertRef":"10096"},{"sourceid":"3","other":"1990404162, which evaluates to: 2033-01-26 21:02:42","method":"GET","evidence":"1990404162","pluginId":"10096","cweid":"200","confidence":"Low","wascid":"13","description":"A timestamp was disclosed by the application/web server - Unix","messageId":"19","url":"https://todoist.com/_next/static/chunks/0e8f85b20ed9ab0a6102c8b8298bac1d6cb4c89b.0fe8d2aa3a66f036f1d2.js","reference":"http://projects.webappsec.org/w/page/13246936/Information%20Leakage","solution":"Manually confirm that the timestamp data is not sensitive, and that the data cannot be aggregated to disclose exploitable patterns.","alert":"Timestamp Disclosure - Unix","param":"","attack":"","name":"Timestamp Disclosure - Unix","risk":"Informational","id":"94","alertRef":"10096"},{"sourceid":"3","other":"1804603682, which evaluates to: 2027-03-09 09:48:02","method":"GET","evidence":"1804603682","pluginId":"10096","cweid":"200","confidence":"Low","wascid":"13","description":"A timestamp was disclosed by the application/web server - Unix","messageId":"19","url":"https://todoist.com/_next/static/chunks/0e8f85b20ed9ab0a6102c8b8298bac1d6cb4c89b.0fe8d2aa3a66f036f1d2.js","reference":"http://projects.webappsec.org/w/page/13246936/Information%20Leakage","solution":"Manually confirm that the timestamp data is not sensitive, and that the data cannot be aggregated to disclose exploitable patterns.","alert":"Timestamp Disclosure - Unix","param":"","attack":"","name":"Timestamp Disclosure - Unix","risk":"Informational","id":"95","alertRef":"10096"},{"sourceid":"3","other":"40341101, which evaluates to: 1971-04-12 16:51:41","method":"GET","evidence":"40341101","pluginId":"10096","cweid":"200","confidence":"Low","wascid":"13","description":"A timestamp was disclosed by the application/web server - Unix","messageId":"19","url":"https://todoist.com/_next/static/chunks/0e8f85b20ed9ab0a6102c8b8298bac1d6cb4c89b.0fe8d2aa3a66f036f1d2.js","reference":"http://projects.webappsec.org/w/page/13246936/Information%20Leakage","solution":"Manually confirm that the timestamp data is not sensitive, and that the data cannot be aggregated to disclose exploitable patterns.","alert":"Timestamp Disclosure - Unix","param":"","attack":"","name":"Timestamp Disclosure - Unix","risk":"Informational","id":"96","alertRef":"10096"},{"sourceid":"3","other":"1502002290, which evaluates to: 2017-08-06 01:51:30","method":"GET","evidence":"1502002290","pluginId":"10096","cweid":"200","confidence":"Low","wascid":"13","description":"A timestamp was disclosed by the application/web server - Unix","messageId":"19","url":"https://todoist.com/_next/static/chunks/0e8f85b20ed9ab0a6102c8b8298bac1d6cb4c89b.0fe8d2aa3a66f036f1d2.js","reference":"http://projects.webappsec.org/w/page/13246936/Information%20Leakage","solution":"Manually confirm that the timestamp data is not sensitive, and that the data cannot be aggregated to disclose exploitable patterns.","alert":"Timestamp Disclosure - Unix","param":"","attack":"","name":"Timestamp Disclosure - Unix","risk":"Informational","id":"97","alertRef":"10096"},{"sourceid":"3","other":"1236535329, which evaluates to: 2009-03-08 13:02:09","method":"GET","evidence":"1236535329","pluginId":"10096","cweid":"200","confidence":"Low","wascid":"13","description":"A timestamp was disclosed by the application/web server - Unix","messageId":"19","url":"https://todoist.com/_next/static/chunks/0e8f85b20ed9ab0a6102c8b8298bac1d6cb4c89b.0fe8d2aa3a66f036f1d2.js","reference":"http://projects.webappsec.org/w/page/13246936/Information%20Leakage","solution":"Manually confirm that the timestamp data is not sensitive, and that the data cannot be aggregated to disclose exploitable patterns.","alert":"Timestamp Disclosure - Unix","param":"","attack":"","name":"Timestamp Disclosure - Unix","risk":"Informational","id":"98","alertRef":"10096"},{"sourceid":"3","other":"165796510, which evaluates to: 1975-04-03 17:35:10","method":"GET","evidence":"165796510","pluginId":"10096","cweid":"200","confidence":"Low","wascid":"13","description":"A timestamp was disclosed by the application/web server - Unix","messageId":"19","url":"https://todoist.com/_next/static/chunks/0e8f85b20ed9ab0a6102c8b8298bac1d6cb4c89b.0fe8d2aa3a66f036f1d2.js","reference":"http://projects.webappsec.org/w/page/13246936/Information%20Leakage","solution":"Manually confirm that the timestamp data is not sensitive, and that the data cannot be aggregated to disclose exploitable patterns.","alert":"Timestamp Disclosure - Unix","param":"","attack":"","name":"Timestamp Disclosure - Unix","risk":"Informational","id":"99","alertRef":"10096"},{"sourceid":"3","other":"1069501632, which evaluates to: 2003-11-22 06:47:12","method":"GET","evidence":"1069501632","pluginId":"10096","cweid":"200","confidence":"Low","wascid":"13","description":"A timestamp was disclosed by the application/web server - Unix","messageId":"19","url":"https://todoist.com/_next/static/chunks/0e8f85b20ed9ab0a6102c8b8298bac1d6cb4c89b.0fe8d2aa3a66f036f1d2.js","reference":"http://projects.webappsec.org/w/page/13246936/Information%20Leakage","solution":"Manually confirm that the timestamp data is not sensitive, and that the data cannot be aggregated to disclose exploitable patterns.","alert":"Timestamp Disclosure - Unix","param":"","attack":"","name":"Timestamp Disclosure - Unix","risk":"Informational","id":"100","alertRef":"10096"},{"sourceid":"3","other":"643717713, which evaluates to: 1990-05-26 05:28:33","method":"GET","evidence":"643717713","pluginId":"10096","cweid":"200","confidence":"Low","wascid":"13","description":"A timestamp was disclosed by the application/web server - Unix","messageId":"19","url":"https://todoist.com/_next/static/chunks/0e8f85b20ed9ab0a6102c8b8298bac1d6cb4c89b.0fe8d2aa3a66f036f1d2.js","reference":"http://projects.webappsec.org/w/page/13246936/Information%20Leakage","solution":"Manually confirm that the timestamp data is not sensitive, and that the data cannot be aggregated to disclose exploitable patterns.","alert":"Timestamp Disclosure - Unix","param":"","attack":"","name":"Timestamp Disclosure - Unix","risk":"Informational","id":"101","alertRef":"10096"},{"sourceid":"3","other":"373897302, which evaluates to: 1981-11-06 07:21:42","method":"GET","evidence":"373897302","pluginId":"10096","cweid":"200","confidence":"Low","wascid":"13","description":"A timestamp was disclosed by the application/web server - Unix","messageId":"19","url":"https://todoist.com/_next/static/chunks/0e8f85b20ed9ab0a6102c8b8298bac1d6cb4c89b.0fe8d2aa3a66f036f1d2.js","reference":"http://projects.webappsec.org/w/page/13246936/Information%20Leakage","solution":"Manually confirm that the timestamp data is not sensitive, and that the data cannot be aggregated to disclose exploitable patterns.","alert":"Timestamp Disclosure - Unix","param":"","attack":"","name":"Timestamp Disclosure - Unix","risk":"Informational","id":"102","alertRef":"10096"},{"sourceid":"3","other":"701558691, which evaluates to: 1992-03-25 16:24:51","method":"GET","evidence":"701558691","pluginId":"10096","cweid":"200","confidence":"Low","wascid":"13","description":"A timestamp was disclosed by the application/web server - Unix","messageId":"19","url":"https://todoist.com/_next/static/chunks/0e8f85b20ed9ab0a6102c8b8298bac1d6cb4c89b.0fe8d2aa3a66f036f1d2.js","reference":"http://projects.webappsec.org/w/page/13246936/Information%20Leakage","solution":"Manually confirm that the timestamp data is not sensitive, and that the data cannot be aggregated to disclose exploitable patterns.","alert":"Timestamp Disclosure - Unix","param":"","attack":"","name":"Timestamp Disclosure - Unix","risk":"Informational","id":"103","alertRef":"10096"},{"sourceid":"3","other":"38016083, which evaluates to: 1971-03-16 19:01:23","method":"GET","evidence":"38016083","pluginId":"10096","cweid":"200","confidence":"Low","wascid":"13","description":"A timestamp was disclosed by the application/web server - Unix","messageId":"19","url":"https://todoist.com/_next/static/chunks/0e8f85b20ed9ab0a6102c8b8298bac1d6cb4c89b.0fe8d2aa3a66f036f1d2.js","reference":"http://projects.webappsec.org/w/page/13246936/Information%20Leakage","solution":"Manually confirm that the timestamp data is not sensitive, and that the data cannot be aggregated to disclose exploitable patterns.","alert":"Timestamp Disclosure - Unix","param":"","attack":"","name":"Timestamp Disclosure - Unix","risk":"Informational","id":"104","alertRef":"10096"},{"sourceid":"3","other":"660478335, which evaluates to: 1990-12-06 05:12:15","method":"GET","evidence":"660478335","pluginId":"10096","cweid":"200","confidence":"Low","wascid":"13","description":"A timestamp was disclosed by the application/web server - Unix","messageId":"19","url":"https://todoist.com/_next/static/chunks/0e8f85b20ed9ab0a6102c8b8298bac1d6cb4c89b.0fe8d2aa3a66f036f1d2.js","reference":"http://projects.webappsec.org/w/page/13246936/Information%20Leakage","solution":"Manually confirm that the timestamp data is not sensitive, and that the data cannot be aggregated to disclose exploitable patterns.","alert":"Timestamp Disclosure - Unix","param":"","attack":"","name":"Timestamp Disclosure - Unix","risk":"Informational","id":"105","alertRef":"10096"},{"sourceid":"3","other":"405537848, which evaluates to: 1982-11-07 12:24:08","method":"GET","evidence":"405537848","pluginId":"10096","cweid":"200","confidence":"Low","wascid":"13","description":"A timestamp was disclosed by the application/web server - Unix","messageId":"19","url":"https://todoist.com/_next/static/chunks/0e8f85b20ed9ab0a6102c8b8298bac1d6cb4c89b.0fe8d2aa3a66f036f1d2.js","reference":"http://projects.webappsec.org/w/page/13246936/Information%20Leakage","solution":"Manually confirm that the timestamp data is not sensitive, and that the data cannot be aggregated to disclose exploitable patterns.","alert":"Timestamp Disclosure - Unix","param":"","attack":"","name":"Timestamp Disclosure - Unix","risk":"Informational","id":"106","alertRef":"10096"},{"sourceid":"3","other":"568446438, which evaluates to: 1988-01-06 00:47:18","method":"GET","evidence":"568446438","pluginId":"10096","cweid":"200","confidence":"Low","wascid":"13","description":"A timestamp was disclosed by the application/web server - Unix","messageId":"19","url":"https://todoist.com/_next/static/chunks/0e8f85b20ed9ab0a6102c8b8298bac1d6cb4c89b.0fe8d2aa3a66f036f1d2.js","reference":"http://projects.webappsec.org/w/page/13246936/Information%20Leakage","solution":"Manually confirm that the timestamp data is not sensitive, and that the data cannot be aggregated to disclose exploitable patterns.","alert":"Timestamp Disclosure - Unix","param":"","attack":"","name":"Timestamp Disclosure - Unix","risk":"Informational","id":"107","alertRef":"10096"},{"sourceid":"3","other":"1019803690, which evaluates to: 2002-04-26 01:48:10","method":"GET","evidence":"1019803690","pluginId":"10096","cweid":"200","confidence":"Low","wascid":"13","description":"A timestamp was disclosed by the application/web server - Unix","messageId":"19","url":"https://todoist.com/_next/static/chunks/0e8f85b20ed9ab0a6102c8b8298bac1d6cb4c89b.0fe8d2aa3a66f036f1d2.js","reference":"http://projects.webappsec.org/w/page/13246936/Information%20Leakage","solution":"Manually confirm that the timestamp data is not sensitive, and that the data cannot be aggregated to disclose exploitable patterns.","alert":"Timestamp Disclosure - Unix","param":"","attack":"","name":"Timestamp Disclosure - Unix","risk":"Informational","id":"108","alertRef":"10096"},{"sourceid":"3","other":"187363961, which evaluates to: 1975-12-09 08:32:41","method":"GET","evidence":"187363961","pluginId":"10096","cweid":"200","confidence":"Low","wascid":"13","description":"A timestamp was disclosed by the application/web server - Unix","messageId":"19","url":"https://todoist.com/_next/static/chunks/0e8f85b20ed9ab0a6102c8b8298bac1d6cb4c89b.0fe8d2aa3a66f036f1d2.js","reference":"http://projects.webappsec.org/w/page/13246936/Information%20Leakage","solution":"Manually confirm that the timestamp data is not sensitive, and that the data cannot be aggregated to disclose exploitable patterns.","alert":"Timestamp Disclosure - Unix","param":"","attack":"","name":"Timestamp Disclosure - Unix","risk":"Informational","id":"109","alertRef":"10096"},{"sourceid":"3","other":"1163531501, which evaluates to: 2006-11-14 14:11:41","method":"GET","evidence":"1163531501","pluginId":"10096","cweid":"200","confidence":"Low","wascid":"13","description":"A timestamp was disclosed by the application/web server - Unix","messageId":"19","url":"https://todoist.com/_next/static/chunks/0e8f85b20ed9ab0a6102c8b8298bac1d6cb4c89b.0fe8d2aa3a66f036f1d2.js","reference":"http://projects.webappsec.org/w/page/13246936/Information%20Leakage","solution":"Manually confirm that the timestamp data is not sensitive, and that the data cannot be aggregated to disclose exploitable patterns.","alert":"Timestamp Disclosure - Unix","param":"","attack":"","name":"Timestamp Disclosure - Unix","risk":"Informational","id":"110","alertRef":"10096"},{"sourceid":"3","other":"1444681467, which evaluates to: 2015-10-12 15:24:27","method":"GET","evidence":"1444681467","pluginId":"10096","cweid":"200","confidence":"Low","wascid":"13","description":"A timestamp was disclosed by the application/web server - Unix","messageId":"19","url":"https://todoist.com/_next/static/chunks/0e8f85b20ed9ab0a6102c8b8298bac1d6cb4c89b.0fe8d2aa3a66f036f1d2.js","reference":"http://projects.webappsec.org/w/page/13246936/Information%20Leakage","solution":"Manually confirm that the timestamp data is not sensitive, and that the data cannot be aggregated to disclose exploitable patterns.","alert":"Timestamp Disclosure - Unix","param":"","attack":"","name":"Timestamp Disclosure - Unix","risk":"Informational","id":"111","alertRef":"10096"},{"sourceid":"3","other":"51403784, which evaluates to: 1971-08-18 17:49:44","method":"GET","evidence":"51403784","pluginId":"10096","cweid":"200","confidence":"Low","wascid":"13","description":"A timestamp was disclosed by the application/web server - Unix","messageId":"19","url":"https://todoist.com/_next/static/chunks/0e8f85b20ed9ab0a6102c8b8298bac1d6cb4c89b.0fe8d2aa3a66f036f1d2.js","reference":"http://projects.webappsec.org/w/page/13246936/Information%20Leakage","solution":"Manually confirm that the timestamp data is not sensitive, and that the data cannot be aggregated to disclose exploitable patterns.","alert":"Timestamp Disclosure - Unix","param":"","attack":"","name":"Timestamp Disclosure - Unix","risk":"Informational","id":"112","alertRef":"10096"},{"sourceid":"3","other":"1735328473, which evaluates to: 2024-12-27 14:41:13","method":"GET","evidence":"1735328473","pluginId":"10096","cweid":"200","confidence":"Low","wascid":"13","description":"A timestamp was disclosed by the application/web server - Unix","messageId":"19","url":"https://todoist.com/_next/static/chunks/0e8f85b20ed9ab0a6102c8b8298bac1d6cb4c89b.0fe8d2aa3a66f036f1d2.js","reference":"http://projects.webappsec.org/w/page/13246936/Information%20Leakage","solution":"Manually confirm that the timestamp data is not sensitive, and that the data cannot be aggregated to disclose exploitable patterns.","alert":"Timestamp Disclosure - Unix","param":"","attack":"","name":"Timestamp Disclosure - Unix","risk":"Informational","id":"113","alertRef":"10096"},{"sourceid":"3","other":"1926607734, which evaluates to: 2031-01-19 11:48:54","method":"GET","evidence":"1926607734","pluginId":"10096","cweid":"200","confidence":"Low","wascid":"13","description":"A timestamp was disclosed by the application/web server - Unix","messageId":"19","url":"https://todoist.com/_next/static/chunks/0e8f85b20ed9ab0a6102c8b8298bac1d6cb4c89b.0fe8d2aa3a66f036f1d2.js","reference":"http://projects.webappsec.org/w/page/13246936/Information%20Leakage","solution":"Manually confirm that the timestamp data is not sensitive, and that the data cannot be aggregated to disclose exploitable patterns.","alert":"Timestamp Disclosure - Unix","param":"","attack":"","name":"Timestamp Disclosure - Unix","risk":"Informational","id":"114","alertRef":"10096"},{"sourceid":"3","other":"2022574463, which evaluates to: 2034-02-03 05:14:23","method":"GET","evidence":"2022574463","pluginId":"10096","cweid":"200","confidence":"Low","wascid":"13","description":"A timestamp was disclosed by the application/web server - Unix","messageId":"19","url":"https://todoist.com/_next/static/chunks/0e8f85b20ed9ab0a6102c8b8298bac1d6cb4c89b.0fe8d2aa3a66f036f1d2.js","reference":"http://projects.webappsec.org/w/page/13246936/Information%20Leakage","solution":"Manually confirm that the timestamp data is not sensitive, and that the data cannot be aggregated to disclose exploitable patterns.","alert":"Timestamp Disclosure - Unix","param":"","attack":"","name":"Timestamp Disclosure - Unix","risk":"Informational","id":"115","alertRef":"10096"},{"sourceid":"3","other":"1839030562, which evaluates to: 2028-04-10 20:49:22","method":"GET","evidence":"1839030562","pluginId":"10096","cweid":"200","confidence":"Low","wascid":"13","description":"A timestamp was disclosed by the application/web server - Unix","messageId":"19","url":"https://todoist.com/_next/static/chunks/0e8f85b20ed9ab0a6102c8b8298bac1d6cb4c89b.0fe8d2aa3a66f036f1d2.js","reference":"http://projects.webappsec.org/w/page/13246936/Information%20Leakage","solution":"Manually confirm that the timestamp data is not sensitive, and that the data cannot be aggregated to disclose exploitable patterns.","alert":"Timestamp Disclosure - Unix","param":"","attack":"","name":"Timestamp Disclosure - Unix","risk":"Informational","id":"116","alertRef":"10096"},{"sourceid":"3","other":"35309556, which evaluates to: 1971-02-13 11:12:36","method":"GET","evidence":"35309556","pluginId":"10096","cweid":"200","confidence":"Low","wascid":"13","description":"A timestamp was disclosed by the application/web server - Unix","messageId":"19","url":"https://todoist.com/_next/static/chunks/0e8f85b20ed9ab0a6102c8b8298bac1d6cb4c89b.0fe8d2aa3a66f036f1d2.js","reference":"http://projects.webappsec.org/w/page/13246936/Information%20Leakage","solution":"Manually confirm that the timestamp data is not sensitive, and that the data cannot be aggregated to disclose exploitable patterns.","alert":"Timestamp Disclosure - Unix","param":"","attack":"","name":"Timestamp Disclosure - Unix","risk":"Informational","id":"117","alertRef":"10096"},{"sourceid":"3","other":"1530992060, which evaluates to: 2018-07-07 14:34:20","method":"GET","evidence":"1530992060","pluginId":"10096","cweid":"200","confidence":"Low","wascid":"13","description":"A timestamp was disclosed by the application/web server - Unix","messageId":"19","url":"https://todoist.com/_next/static/chunks/0e8f85b20ed9ab0a6102c8b8298bac1d6cb4c89b.0fe8d2aa3a66f036f1d2.js","reference":"http://projects.webappsec.org/w/page/13246936/Information%20Leakage","solution":"Manually confirm that the timestamp data is not sensitive, and that the data cannot be aggregated to disclose exploitable patterns.","alert":"Timestamp Disclosure - Unix","param":"","attack":"","name":"Timestamp Disclosure - Unix","risk":"Informational","id":"118","alertRef":"10096"},{"sourceid":"3","other":"1272893353, which evaluates to: 2010-05-03 08:29:13","method":"GET","evidence":"1272893353","pluginId":"10096","cweid":"200","confidence":"Low","wascid":"13","description":"A timestamp was disclosed by the application/web server - Unix","messageId":"19","url":"https://todoist.com/_next/static/chunks/0e8f85b20ed9ab0a6102c8b8298bac1d6cb4c89b.0fe8d2aa3a66f036f1d2.js","reference":"http://projects.webappsec.org/w/page/13246936/Information%20Leakage","solution":"Manually confirm that the timestamp data is not sensitive, and that the data cannot be aggregated to disclose exploitable patterns.","alert":"Timestamp Disclosure - Unix","param":"","attack":"","name":"Timestamp Disclosure - Unix","risk":"Informational","id":"119","alertRef":"10096"},{"sourceid":"3","other":"155497632, which evaluates to: 1974-12-05 12:47:12","method":"GET","evidence":"155497632","pluginId":"10096","cweid":"200","confidence":"Low","wascid":"13","description":"A timestamp was disclosed by the application/web server - Unix","messageId":"19","url":"https://todoist.com/_next/static/chunks/0e8f85b20ed9ab0a6102c8b8298bac1d6cb4c89b.0fe8d2aa3a66f036f1d2.js","reference":"http://projects.webappsec.org/w/page/13246936/Information%20Leakage","solution":"Manually confirm that the timestamp data is not sensitive, and that the data cannot be aggregated to disclose exploitable patterns.","alert":"Timestamp Disclosure - Unix","param":"","attack":"","name":"Timestamp Disclosure - Unix","risk":"Informational","id":"120","alertRef":"10096"},{"sourceid":"3","other":"1094730640, which evaluates to: 2004-09-09 06:50:40","method":"GET","evidence":"1094730640","pluginId":"10096","cweid":"200","confidence":"Low","wascid":"13","description":"A timestamp was disclosed by the application/web server - Unix","messageId":"19","url":"https://todoist.com/_next/static/chunks/0e8f85b20ed9ab0a6102c8b8298bac1d6cb4c89b.0fe8d2aa3a66f036f1d2.js","reference":"http://projects.webappsec.org/w/page/13246936/Information%20Leakage","solution":"Manually confirm that the timestamp data is not sensitive, and that the data cannot be aggregated to disclose exploitable patterns.","alert":"Timestamp Disclosure - Unix","param":"","attack":"","name":"Timestamp Disclosure - Unix","risk":"Informational","id":"121","alertRef":"10096"},{"sourceid":"3","other":"681279174, which evaluates to: 1991-08-03 23:12:54","method":"GET","evidence":"681279174","pluginId":"10096","cweid":"200","confidence":"Low","wascid":"13","description":"A timestamp was disclosed by the application/web server - Unix","messageId":"19","url":"https://todoist.com/_next/static/chunks/0e8f85b20ed9ab0a6102c8b8298bac1d6cb4c89b.0fe8d2aa3a66f036f1d2.js","reference":"http://projects.webappsec.org/w/page/13246936/Information%20Leakage","solution":"Manually confirm that the timestamp data is not sensitive, and that the data cannot be aggregated to disclose exploitable patterns.","alert":"Timestamp Disclosure - Unix","param":"","attack":"","name":"Timestamp Disclosure - Unix","risk":"Informational","id":"122","alertRef":"10096"},{"sourceid":"3","other":"358537222, which evaluates to: 1981-05-12 12:40:22","method":"GET","evidence":"358537222","pluginId":"10096","cweid":"200","confidence":"Low","wascid":"13","description":"A timestamp was disclosed by the application/web server - Unix","messageId":"19","url":"https://todoist.com/_next/static/chunks/0e8f85b20ed9ab0a6102c8b8298bac1d6cb4c89b.0fe8d2aa3a66f036f1d2.js","reference":"http://projects.webappsec.org/w/page/13246936/Information%20Leakage","solution":"Manually confirm that the timestamp data is not sensitive, and that the data cannot be aggregated to disclose exploitable patterns.","alert":"Timestamp Disclosure - Unix","param":"","attack":"","name":"Timestamp Disclosure - Unix","risk":"Informational","id":"123","alertRef":"10096"},{"sourceid":"3","other":"722521979, which evaluates to: 1992-11-23 08:32:59","method":"GET","evidence":"722521979","pluginId":"10096","cweid":"200","confidence":"Low","wascid":"13","description":"A timestamp was disclosed by the application/web server - Unix","messageId":"19","url":"https://todoist.com/_next/static/chunks/0e8f85b20ed9ab0a6102c8b8298bac1d6cb4c89b.0fe8d2aa3a66f036f1d2.js","reference":"http://projects.webappsec.org/w/page/13246936/Information%20Leakage","solution":"Manually confirm that the timestamp data is not sensitive, and that the data cannot be aggregated to disclose exploitable patterns.","alert":"Timestamp Disclosure - Unix","param":"","attack":"","name":"Timestamp Disclosure - Unix","risk":"Informational","id":"124","alertRef":"10096"},{"sourceid":"3","other":"76029189, which evaluates to: 1972-05-29 18:13:09","method":"GET","evidence":"76029189","pluginId":"10096","cweid":"200","confidence":"Low","wascid":"13","description":"A timestamp was disclosed by the application/web server - Unix","messageId":"19","url":"https://todoist.com/_next/static/chunks/0e8f85b20ed9ab0a6102c8b8298bac1d6cb4c89b.0fe8d2aa3a66f036f1d2.js","reference":"http://projects.webappsec.org/w/page/13246936/Information%20Leakage","solution":"Manually confirm that the timestamp data is not sensitive, and that the data cannot be aggregated to disclose exploitable patterns.","alert":"Timestamp Disclosure - Unix","param":"","attack":"","name":"Timestamp Disclosure - Unix","risk":"Informational","id":"125","alertRef":"10096"},{"sourceid":"3","other":"640364487, which evaluates to: 1990-04-17 10:01:27","method":"GET","evidence":"640364487","pluginId":"10096","cweid":"200","confidence":"Low","wascid":"13","description":"A timestamp was disclosed by the application/web server - Unix","messageId":"19","url":"https://todoist.com/_next/static/chunks/0e8f85b20ed9ab0a6102c8b8298bac1d6cb4c89b.0fe8d2aa3a66f036f1d2.js","reference":"http://projects.webappsec.org/w/page/13246936/Information%20Leakage","solution":"Manually confirm that the timestamp data is not sensitive, and that the data cannot be aggregated to disclose exploitable patterns.","alert":"Timestamp Disclosure - Unix","param":"","attack":"","name":"Timestamp Disclosure - Unix","risk":"Informational","id":"126","alertRef":"10096"},{"sourceid":"3","other":"421815835, which evaluates to: 1983-05-14 22:03:55","method":"GET","evidence":"421815835","pluginId":"10096","cweid":"200","confidence":"Low","wascid":"13","description":"A timestamp was disclosed by the application/web server - Unix","messageId":"19","url":"https://todoist.com/_next/static/chunks/0e8f85b20ed9ab0a6102c8b8298bac1d6cb4c89b.0fe8d2aa3a66f036f1d2.js","reference":"http://projects.webappsec.org/w/page/13246936/Information%20Leakage","solution":"Manually confirm that the timestamp data is not sensitive, and that the data cannot be aggregated to disclose exploitable patterns.","alert":"Timestamp Disclosure - Unix","param":"","attack":"","name":"Timestamp Disclosure - Unix","risk":"Informational","id":"127","alertRef":"10096"},{"sourceid":"3","other":"530742520, which evaluates to: 1986-10-26 15:28:40","method":"GET","evidence":"530742520","pluginId":"10096","cweid":"200","confidence":"Low","wascid":"13","description":"A timestamp was disclosed by the application/web server - Unix","messageId":"19","url":"https://todoist.com/_next/static/chunks/0e8f85b20ed9ab0a6102c8b8298bac1d6cb4c89b.0fe8d2aa3a66f036f1d2.js","reference":"http://projects.webappsec.org/w/page/13246936/Information%20Leakage","solution":"Manually confirm that the timestamp data is not sensitive, and that the data cannot be aggregated to disclose exploitable patterns.","alert":"Timestamp Disclosure - Unix","param":"","attack":"","name":"Timestamp Disclosure - Unix","risk":"Informational","id":"128","alertRef":"10096"},{"sourceid":"3","other":"995338651, which evaluates to: 2001-07-16 21:57:31","method":"GET","evidence":"995338651","pluginId":"10096","cweid":"200","confidence":"Low","wascid":"13","description":"A timestamp was disclosed by the application/web server - Unix","messageId":"19","url":"https://todoist.com/_next/static/chunks/0e8f85b20ed9ab0a6102c8b8298bac1d6cb4c89b.0fe8d2aa3a66f036f1d2.js","reference":"http://projects.webappsec.org/w/page/13246936/Information%20Leakage","solution":"Manually confirm that the timestamp data is not sensitive, and that the data cannot be aggregated to disclose exploitable patterns.","alert":"Timestamp Disclosure - Unix","param":"","attack":"","name":"Timestamp Disclosure - Unix","risk":"Informational","id":"129","alertRef":"10096"},{"sourceid":"3","other":"198630844, which evaluates to: 1976-04-17 18:14:04","method":"GET","evidence":"198630844","pluginId":"10096","cweid":"200","confidence":"Low","wascid":"13","description":"A timestamp was disclosed by the application/web server - Unix","messageId":"19","url":"https://todoist.com/_next/static/chunks/0e8f85b20ed9ab0a6102c8b8298bac1d6cb4c89b.0fe8d2aa3a66f036f1d2.js","reference":"http://projects.webappsec.org/w/page/13246936/Information%20Leakage","solution":"Manually confirm that the timestamp data is not sensitive, and that the data cannot be aggregated to disclose exploitable patterns.","alert":"Timestamp Disclosure - Unix","param":"","attack":"","name":"Timestamp Disclosure - Unix","risk":"Informational","id":"130","alertRef":"10096"},{"sourceid":"3","other":"1126891415, which evaluates to: 2005-09-16 12:23:35","method":"GET","evidence":"1126891415","pluginId":"10096","cweid":"200","confidence":"Low","wascid":"13","description":"A timestamp was disclosed by the application/web server - Unix","messageId":"19","url":"https://todoist.com/_next/static/chunks/0e8f85b20ed9ab0a6102c8b8298bac1d6cb4c89b.0fe8d2aa3a66f036f1d2.js","reference":"http://projects.webappsec.org/w/page/13246936/Information%20Leakage","solution":"Manually confirm that the timestamp data is not sensitive, and that the data cannot be aggregated to disclose exploitable patterns.","alert":"Timestamp Disclosure - Unix","param":"","attack":"","name":"Timestamp Disclosure - Unix","risk":"Informational","id":"131","alertRef":"10096"},{"sourceid":"3","other":"1416354905, which evaluates to: 2014-11-18 18:55:05","method":"GET","evidence":"1416354905","pluginId":"10096","cweid":"200","confidence":"Low","wascid":"13","description":"A timestamp was disclosed by the application/web server - Unix","messageId":"19","url":"https://todoist.com/_next/static/chunks/0e8f85b20ed9ab0a6102c8b8298bac1d6cb4c89b.0fe8d2aa3a66f036f1d2.js","reference":"http://projects.webappsec.org/w/page/13246936/Information%20Leakage","solution":"Manually confirm that the timestamp data is not sensitive, and that the data cannot be aggregated to disclose exploitable patterns.","alert":"Timestamp Disclosure - Unix","param":"","attack":"","name":"Timestamp Disclosure - Unix","risk":"Informational","id":"132","alertRef":"10096"},{"sourceid":"3","other":"57434055, which evaluates to: 1971-10-27 12:54:15","method":"GET","evidence":"57434055","pluginId":"10096","cweid":"200","confidence":"Low","wascid":"13","description":"A timestamp was disclosed by the application/web server - Unix","messageId":"19","url":"https://todoist.com/_next/static/chunks/0e8f85b20ed9ab0a6102c8b8298bac1d6cb4c89b.0fe8d2aa3a66f036f1d2.js","reference":"http://projects.webappsec.org/w/page/13246936/Information%20Leakage","solution":"Manually confirm that the timestamp data is not sensitive, and that the data cannot be aggregated to disclose exploitable patterns.","alert":"Timestamp Disclosure - Unix","param":"","attack":"","name":"Timestamp Disclosure - Unix","risk":"Informational","id":"133","alertRef":"10096"},{"sourceid":"3","other":"1700485571, which evaluates to: 2023-11-20 08:06:11","method":"GET","evidence":"1700485571","pluginId":"10096","cweid":"200","confidence":"Low","wascid":"13","description":"A timestamp was disclosed by the application/web server - Unix","messageId":"19","url":"https://todoist.com/_next/static/chunks/0e8f85b20ed9ab0a6102c8b8298bac1d6cb4c89b.0fe8d2aa3a66f036f1d2.js","reference":"http://projects.webappsec.org/w/page/13246936/Information%20Leakage","solution":"Manually confirm that the timestamp data is not sensitive, and that the data cannot be aggregated to disclose exploitable patterns.","alert":"Timestamp Disclosure - Unix","param":"","attack":"","name":"Timestamp Disclosure - Unix","risk":"Informational","id":"134","alertRef":"10096"},{"sourceid":"3","other":"1894986606, which evaluates to: 2030-01-18 12:10:06","method":"GET","evidence":"1894986606","pluginId":"10096","cweid":"200","confidence":"Low","wascid":"13","description":"A timestamp was disclosed by the application/web server - Unix","messageId":"19","url":"https://todoist.com/_next/static/chunks/0e8f85b20ed9ab0a6102c8b8298bac1d6cb4c89b.0fe8d2aa3a66f036f1d2.js","reference":"http://projects.webappsec.org/w/page/13246936/Information%20Leakage","solution":"Manually confirm that the timestamp data is not sensitive, and that the data cannot be aggregated to disclose exploitable patterns.","alert":"Timestamp Disclosure - Unix","param":"","attack":"","name":"Timestamp Disclosure - Unix","risk":"Informational","id":"135","alertRef":"10096"},{"sourceid":"3","other":"2054922799, which evaluates to: 2035-02-12 14:53:19","method":"GET","evidence":"2054922799","pluginId":"10096","cweid":"200","confidence":"Low","wascid":"13","description":"A timestamp was disclosed by the application/web server - Unix","messageId":"19","url":"https://todoist.com/_next/static/chunks/0e8f85b20ed9ab0a6102c8b8298bac1d6cb4c89b.0fe8d2aa3a66f036f1d2.js","reference":"http://projects.webappsec.org/w/page/13246936/Information%20Leakage","solution":"Manually confirm that the timestamp data is not sensitive, and that the data cannot be aggregated to disclose exploitable patterns.","alert":"Timestamp Disclosure - Unix","param":"","attack":"","name":"Timestamp Disclosure - Unix","risk":"Informational","id":"136","alertRef":"10096"},{"sourceid":"3","other":"1873313359, which evaluates to: 2029-05-12 15:49:19","method":"GET","evidence":"1873313359","pluginId":"10096","cweid":"200","confidence":"Low","wascid":"13","description":"A timestamp was disclosed by the application/web server - Unix","messageId":"19","url":"https://todoist.com/_next/static/chunks/0e8f85b20ed9ab0a6102c8b8298bac1d6cb4c89b.0fe8d2aa3a66f036f1d2.js","reference":"http://projects.webappsec.org/w/page/13246936/Information%20Leakage","solution":"Manually confirm that the timestamp data is not sensitive, and that the data cannot be aggregated to disclose exploitable patterns.","alert":"Timestamp Disclosure - Unix","param":"","attack":"","name":"Timestamp Disclosure - Unix","risk":"Informational","id":"137","alertRef":"10096"},{"sourceid":"3","other":"30611744, which evaluates to: 1970-12-21 02:15:44","method":"GET","evidence":"30611744","pluginId":"10096","cweid":"200","confidence":"Low","wascid":"13","description":"A timestamp was disclosed by the application/web server - Unix","messageId":"19","url":"https://todoist.com/_next/static/chunks/0e8f85b20ed9ab0a6102c8b8298bac1d6cb4c89b.0fe8d2aa3a66f036f1d2.js","reference":"http://projects.webappsec.org/w/page/13246936/Information%20Leakage","solution":"Manually confirm that the timestamp data is not sensitive, and that the data cannot be aggregated to disclose exploitable patterns.","alert":"Timestamp Disclosure - Unix","param":"","attack":"","name":"Timestamp Disclosure - Unix","risk":"Informational","id":"138","alertRef":"10096"},{"sourceid":"3","other":"1560198380, which evaluates to: 2019-06-10 15:26:20","method":"GET","evidence":"1560198380","pluginId":"10096","cweid":"200","confidence":"Low","wascid":"13","description":"A timestamp was disclosed by the application/web server - Unix","messageId":"19","url":"https://todoist.com/_next/static/chunks/0e8f85b20ed9ab0a6102c8b8298bac1d6cb4c89b.0fe8d2aa3a66f036f1d2.js","reference":"http://projects.webappsec.org/w/page/13246936/Information%20Leakage","solution":"Manually confirm that the timestamp data is not sensitive, and that the data cannot be aggregated to disclose exploitable patterns.","alert":"Timestamp Disclosure - Unix","param":"","attack":"","name":"Timestamp Disclosure - Unix","risk":"Informational","id":"139","alertRef":"10096"},{"sourceid":"3","other":"1309151649, which evaluates to: 2011-06-27 00:14:09","method":"GET","evidence":"1309151649","pluginId":"10096","cweid":"200","confidence":"Low","wascid":"13","description":"A timestamp was disclosed by the application/web server - Unix","messageId":"19","url":"https://todoist.com/_next/static/chunks/0e8f85b20ed9ab0a6102c8b8298bac1d6cb4c89b.0fe8d2aa3a66f036f1d2.js","reference":"http://projects.webappsec.org/w/page/13246936/Information%20Leakage","solution":"Manually confirm that the timestamp data is not sensitive, and that the data cannot be aggregated to disclose exploitable patterns.","alert":"Timestamp Disclosure - Unix","param":"","attack":"","name":"Timestamp Disclosure - Unix","risk":"Informational","id":"140","alertRef":"10096"},{"sourceid":"3","other":"145523070, which evaluates to: 1974-08-12 02:04:30","method":"GET","evidence":"145523070","pluginId":"10096","cweid":"200","confidence":"Low","wascid":"13","description":"A timestamp was disclosed by the application/web server - Unix","messageId":"19","url":"https://todoist.com/_next/static/chunks/0e8f85b20ed9ab0a6102c8b8298bac1d6cb4c89b.0fe8d2aa3a66f036f1d2.js","reference":"http://projects.webappsec.org/w/page/13246936/Information%20Leakage","solution":"Manually confirm that the timestamp data is not sensitive, and that the data cannot be aggregated to disclose exploitable patterns.","alert":"Timestamp Disclosure - Unix","param":"","attack":"","name":"Timestamp Disclosure - Unix","risk":"Informational","id":"141","alertRef":"10096"},{"sourceid":"3","other":"1120210379, which evaluates to: 2005-07-01 04:32:59","method":"GET","evidence":"1120210379","pluginId":"10096","cweid":"200","confidence":"Low","wascid":"13","description":"A timestamp was disclosed by the application/web server - Unix","messageId":"19","url":"https://todoist.com/_next/static/chunks/0e8f85b20ed9ab0a6102c8b8298bac1d6cb4c89b.0fe8d2aa3a66f036f1d2.js","reference":"http://projects.webappsec.org/w/page/13246936/Information%20Leakage","solution":"Manually confirm that the timestamp data is not sensitive, and that the data cannot be aggregated to disclose exploitable patterns.","alert":"Timestamp Disclosure - Unix","param":"","attack":"","name":"Timestamp Disclosure - Unix","risk":"Informational","id":"142","alertRef":"10096"},{"sourceid":"3","other":"718787259, which evaluates to: 1992-10-11 03:07:39","method":"GET","evidence":"718787259","pluginId":"10096","cweid":"200","confidence":"Low","wascid":"13","description":"A timestamp was disclosed by the application/web server - Unix","messageId":"19","url":"https://todoist.com/_next/static/chunks/0e8f85b20ed9ab0a6102c8b8298bac1d6cb4c89b.0fe8d2aa3a66f036f1d2.js","reference":"http://projects.webappsec.org/w/page/13246936/Information%20Leakage","solution":"Manually confirm that the timestamp data is not sensitive, and that the data cannot be aggregated to disclose exploitable patterns.","alert":"Timestamp Disclosure - Unix","param":"","attack":"","name":"Timestamp Disclosure - Unix","risk":"Informational","id":"143","alertRef":"10096"},{"sourceid":"3","other":"343485551, which evaluates to: 1980-11-19 07:39:11","method":"GET","evidence":"343485551","pluginId":"10096","cweid":"200","confidence":"Low","wascid":"13","description":"A timestamp was disclosed by the application/web server - Unix","messageId":"19","url":"https://todoist.com/_next/static/chunks/0e8f85b20ed9ab0a6102c8b8298bac1d6cb4c89b.0fe8d2aa3a66f036f1d2.js","reference":"http://projects.webappsec.org/w/page/13246936/Information%20Leakage","solution":"Manually confirm that the timestamp data is not sensitive, and that the data cannot be aggregated to disclose exploitable patterns.","alert":"Timestamp Disclosure - Unix","param":"","attack":"","name":"Timestamp Disclosure - Unix","risk":"Informational","id":"144","alertRef":"10096"},{"sourceid":"3","other":"1518500249, which evaluates to: 2018-02-13 00:37:29","method":"GET","evidence":"1518500249","pluginId":"10096","cweid":"200","confidence":"Low","wascid":"13","description":"A timestamp was disclosed by the application/web server - Unix","messageId":"19","url":"https://todoist.com/_next/static/chunks/0e8f85b20ed9ab0a6102c8b8298bac1d6cb4c89b.0fe8d2aa3a66f036f1d2.js","reference":"http://projects.webappsec.org/w/page/13246936/Information%20Leakage","solution":"Manually confirm that the timestamp data is not sensitive, and that the data cannot be aggregated to disclose exploitable patterns.","alert":"Timestamp Disclosure - Unix","param":"","attack":"","name":"Timestamp Disclosure - Unix","risk":"Informational","id":"145","alertRef":"10096"},{"sourceid":"3","other":"1859775393, which evaluates to: 2028-12-06 23:16:33","method":"GET","evidence":"1859775393","pluginId":"10096","cweid":"200","confidence":"Low","wascid":"13","description":"A timestamp was disclosed by the application/web server - Unix","messageId":"19","url":"https://todoist.com/_next/static/chunks/0e8f85b20ed9ab0a6102c8b8298bac1d6cb4c89b.0fe8d2aa3a66f036f1d2.js","reference":"http://projects.webappsec.org/w/page/13246936/Information%20Leakage","solution":"Manually confirm that the timestamp data is not sensitive, and that the data cannot be aggregated to disclose exploitable patterns.","alert":"Timestamp Disclosure - Unix","param":"","attack":"","name":"Timestamp Disclosure - Unix","risk":"Informational","id":"146","alertRef":"10096"},{"sourceid":"3","other":"00000000, which evaluates to: 1969-12-31 19:00:00","method":"GET","evidence":"00000000","pluginId":"10096","cweid":"200","confidence":"Low","wascid":"13","description":"A timestamp was disclosed by the application/web server - Unix","messageId":"19","url":"https://todoist.com/_next/static/chunks/0e8f85b20ed9ab0a6102c8b8298bac1d6cb4c89b.0fe8d2aa3a66f036f1d2.js","reference":"http://projects.webappsec.org/w/page/13246936/Information%20Leakage","solution":"Manually confirm that the timestamp data is not sensitive, and that the data cannot be aggregated to disclose exploitable patterns.","alert":"Timestamp Disclosure - Unix","param":"","attack":"","name":"Timestamp Disclosure - Unix","risk":"Informational","id":"149","alertRef":"10096"},{"sourceid":"3","other":"This issue still applies to error type pages (401, 403, 500, etc.) as those pages are often still affected by injection issues, in which case there is still concern for browsers sniffing pages away from their actual content type.\nAt \"High\" threshold this scan rule will not alert on client or server error responses.","method":"GET","evidence":"","pluginId":"10021","cweid":"16","confidence":"Medium","wascid":"15","description":"The Anti-MIME-Sniffing header X-Content-Type-Options was not set to 'nosniff'. This allows older versions of Internet Explorer and Chrome to perform MIME-sniffing on the response body, potentially causing the response body to be interpreted and displayed as a content type other than the declared content type. Current (early 2014) and legacy versions of Firefox will use the declared content type (if one is set), rather than performing MIME-sniffing.","messageId":"19","url":"https://todoist.com/_next/static/chunks/0e8f85b20ed9ab0a6102c8b8298bac1d6cb4c89b.0fe8d2aa3a66f036f1d2.js","reference":"http://msdn.microsoft.com/en-us/library/ie/gg622941%28v=vs.85%29.aspx\nhttps://owasp.org/www-community/Security_Headers","solution":"Ensure that the application/web server sets the Content-Type header appropriately, and that it sets the X-Content-Type-Options header to 'nosniff' for all web pages.\nIf possible, ensure that the end user uses a standards-compliant and modern web browser that does not perform MIME-sniffing at all, or that can be directed by the web application/web server to not perform MIME-sniffing.","alert":"X-Content-Type-Options Header Missing","param":"X-Content-Type-Options","attack":"","name":"X-Content-Type-Options Header Missing","risk":"Low","id":"151","alertRef":"10021"},{"sourceid":"3","other":"The following pattern was used: \\bDB\\b and was detected in the element starting with: \"(window.webpackJsonp_N_E=window.webpackJsonp_N_E||[]).push([[4],{WNiU:function(e,t,r){!function(e,t){for(var r in t)e[r]=t[r]}(t\", see evidence field for the suspicious comment/snippet.","method":"GET","evidence":"Db","pluginId":"10027","cweid":"200","confidence":"Low","wascid":"13","description":"The response appears to contain suspicious comments which may help an attacker. Note: Matches made within script blocks or files are against the entire content not only comments.","messageId":"20","url":"https://todoist.com/_next/static/chunks/4af5f773.1851fbd0845d20ef7104.js","reference":"","solution":"Remove all comments that return information that may help an attacker and fix any underlying problems they refer to.","alert":"Information Disclosure - Suspicious Comments","param":"","attack":"","name":"Information Disclosure - Suspicious Comments","risk":"Informational","id":"152","alertRef":"10027"},{"sourceid":"3","other":"This issue still applies to error type pages (401, 403, 500, etc.) as those pages are often still affected by injection issues, in which case there is still concern for browsers sniffing pages away from their actual content type.\nAt \"High\" threshold this scan rule will not alert on client or server error responses.","method":"GET","evidence":"","pluginId":"10021","cweid":"16","confidence":"Medium","wascid":"15","description":"The Anti-MIME-Sniffing header X-Content-Type-Options was not set to 'nosniff'. This allows older versions of Internet Explorer and Chrome to perform MIME-sniffing on the response body, potentially causing the response body to be interpreted and displayed as a content type other than the declared content type. Current (early 2014) and legacy versions of Firefox will use the declared content type (if one is set), rather than performing MIME-sniffing.","messageId":"20","url":"https://todoist.com/_next/static/chunks/4af5f773.1851fbd0845d20ef7104.js","reference":"http://msdn.microsoft.com/en-us/library/ie/gg622941%28v=vs.85%29.aspx\nhttps://owasp.org/www-community/Security_Headers","solution":"Ensure that the application/web server sets the Content-Type header appropriately, and that it sets the X-Content-Type-Options header to 'nosniff' for all web pages.\nIf possible, ensure that the end user uses a standards-compliant and modern web browser that does not perform MIME-sniffing at all, or that can be directed by the web application/web server to not perform MIME-sniffing.","alert":"X-Content-Type-Options Header Missing","param":"X-Content-Type-Options","attack":"","name":"X-Content-Type-Options Header Missing","risk":"Low","id":"153","alertRef":"10021"},{"sourceid":"3","other":"The following pattern was used: \\bQUERY\\b and was detected in the element starting with: \"(window.webpackJsonp_N_E=window.webpackJsonp_N_E||[]).push([[6],{\"+90V\":function(e,t,n){\"use strict\";var r=n(\"TqRt\");n(\"HAE/\"),O\", see evidence field for the suspicious comment/snippet.","method":"GET","evidence":"query","pluginId":"10027","cweid":"200","confidence":"Low","wascid":"13","description":"The response appears to contain suspicious comments which may help an attacker. Note: Matches made within script blocks or files are against the entire content not only comments.","messageId":"21","url":"https://todoist.com/_next/static/chunks/46300902bf7c6e1374dd592a461ea5a5a6d02de9.dcfb80a6e6abd69835ad.js","reference":"","solution":"Remove all comments that return information that may help an attacker and fix any underlying problems they refer to.","alert":"Information Disclosure - Suspicious Comments","param":"","attack":"","name":"Information Disclosure - Suspicious Comments","risk":"Informational","id":"154","alertRef":"10027"},{"sourceid":"3","other":"This issue still applies to error type pages (401, 403, 500, etc.) as those pages are often still affected by injection issues, in which case there is still concern for browsers sniffing pages away from their actual content type.\nAt \"High\" threshold this scan rule will not alert on client or server error responses.","method":"GET","evidence":"","pluginId":"10021","cweid":"16","confidence":"Medium","wascid":"15","description":"The Anti-MIME-Sniffing header X-Content-Type-Options was not set to 'nosniff'. This allows older versions of Internet Explorer and Chrome to perform MIME-sniffing on the response body, potentially causing the response body to be interpreted and displayed as a content type other than the declared content type. Current (early 2014) and legacy versions of Firefox will use the declared content type (if one is set), rather than performing MIME-sniffing.","messageId":"21","url":"https://todoist.com/_next/static/chunks/46300902bf7c6e1374dd592a461ea5a5a6d02de9.dcfb80a6e6abd69835ad.js","reference":"http://msdn.microsoft.com/en-us/library/ie/gg622941%28v=vs.85%29.aspx\nhttps://owasp.org/www-community/Security_Headers","solution":"Ensure that the application/web server sets the Content-Type header appropriately, and that it sets the X-Content-Type-Options header to 'nosniff' for all web pages.\nIf possible, ensure that the end user uses a standards-compliant and modern web browser that does not perform MIME-sniffing at all, or that can be directed by the web application/web server to not perform MIME-sniffing.","alert":"X-Content-Type-Options Header Missing","param":"X-Content-Type-Options","attack":"","name":"X-Content-Type-Options Header Missing","risk":"Low","id":"155","alertRef":"10021"},{"sourceid":"3","other":"The following pattern was used: \\bQUERY\\b and was detected in the element starting with: \"_N_E=(window.webpackJsonp_N_E=window.webpackJsonp_N_E||[]).push([[29],{\"1TCz\":function(t,e,n){\"use strict\";n.r(e);var r=n(\"o0o1\"\", see evidence field for the suspicious comment/snippet.","method":"GET","evidence":"query","pluginId":"10027","cweid":"200","confidence":"Low","wascid":"13","description":"The response appears to contain suspicious comments which may help an attacker. Note: Matches made within script blocks or files are against the entire content not only comments.","messageId":"22","url":"https://todoist.com/_next/static/chunks/pages/_app-3b4743dbd65bee2727de.js","reference":"","solution":"Remove all comments that return information that may help an attacker and fix any underlying problems they refer to.","alert":"Information Disclosure - Suspicious Comments","param":"","attack":"","name":"Information Disclosure - Suspicious Comments","risk":"Informational","id":"156","alertRef":"10027"},{"sourceid":"3","other":"This issue still applies to error type pages (401, 403, 500, etc.) as those pages are often still affected by injection issues, in which case there is still concern for browsers sniffing pages away from their actual content type.\nAt \"High\" threshold this scan rule will not alert on client or server error responses.","method":"GET","evidence":"","pluginId":"10021","cweid":"16","confidence":"Medium","wascid":"15","description":"The Anti-MIME-Sniffing header X-Content-Type-Options was not set to 'nosniff'. This allows older versions of Internet Explorer and Chrome to perform MIME-sniffing on the response body, potentially causing the response body to be interpreted and displayed as a content type other than the declared content type. Current (early 2014) and legacy versions of Firefox will use the declared content type (if one is set), rather than performing MIME-sniffing.","messageId":"22","url":"https://todoist.com/_next/static/chunks/pages/_app-3b4743dbd65bee2727de.js","reference":"http://msdn.microsoft.com/en-us/library/ie/gg622941%28v=vs.85%29.aspx\nhttps://owasp.org/www-community/Security_Headers","solution":"Ensure that the application/web server sets the Content-Type header appropriately, and that it sets the X-Content-Type-Options header to 'nosniff' for all web pages.\nIf possible, ensure that the end user uses a standards-compliant and modern web browser that does not perform MIME-sniffing at all, or that can be directed by the web application/web server to not perform MIME-sniffing.","alert":"X-Content-Type-Options Header Missing","param":"X-Content-Type-Options","attack":"","name":"X-Content-Type-Options Header Missing","risk":"Low","id":"157","alertRef":"10021"},{"sourceid":"3","other":"The following pattern was used: \\bBUG\\b and was detected in the element starting with: \"(window.webpackJsonp_N_E=window.webpackJsonp_N_E||[]).push([[7],{\"+924\":function(e,t,n){\"use strict\";n.d(t,\"d\",(function(){retur\", see evidence field for the suspicious comment/snippet.","method":"GET","evidence":"bug","pluginId":"10027","cweid":"200","confidence":"Low","wascid":"13","description":"The response appears to contain suspicious comments which may help an attacker. Note: Matches made within script blocks or files are against the entire content not only comments.","messageId":"23","url":"https://todoist.com/_next/static/chunks/a7d9d3dc563f80f9bceeaf1fc394c88e9b2ce764.dc5ca8c774eddce1e0d7.js","reference":"","solution":"Remove all comments that return information that may help an attacker and fix any underlying problems they refer to.","alert":"Information Disclosure - Suspicious Comments","param":"","attack":"","name":"Information Disclosure - Suspicious Comments","risk":"Informational","id":"158","alertRef":"10027"},{"sourceid":"3","other":"123456789, which evaluates to: 1973-11-29 16:33:09","method":"GET","evidence":"123456789","pluginId":"10096","cweid":"200","confidence":"Low","wascid":"13","description":"A timestamp was disclosed by the application/web server - Unix","messageId":"23","url":"https://todoist.com/_next/static/chunks/a7d9d3dc563f80f9bceeaf1fc394c88e9b2ce764.dc5ca8c774eddce1e0d7.js","reference":"http://projects.webappsec.org/w/page/13246936/Information%20Leakage","solution":"Manually confirm that the timestamp data is not sensitive, and that the data cannot be aggregated to disclose exploitable patterns.","alert":"Timestamp Disclosure - Unix","param":"","attack":"","name":"Timestamp Disclosure - Unix","risk":"Informational","id":"159","alertRef":"10096"},{"sourceid":"3","other":"This issue still applies to error type pages (401, 403, 500, etc.) as those pages are often still affected by injection issues, in which case there is still concern for browsers sniffing pages away from their actual content type.\nAt \"High\" threshold this scan rule will not alert on client or server error responses.","method":"GET","evidence":"","pluginId":"10021","cweid":"16","confidence":"Medium","wascid":"15","description":"The Anti-MIME-Sniffing header X-Content-Type-Options was not set to 'nosniff'. This allows older versions of Internet Explorer and Chrome to perform MIME-sniffing on the response body, potentially causing the response body to be interpreted and displayed as a content type other than the declared content type. Current (early 2014) and legacy versions of Firefox will use the declared content type (if one is set), rather than performing MIME-sniffing.","messageId":"23","url":"https://todoist.com/_next/static/chunks/a7d9d3dc563f80f9bceeaf1fc394c88e9b2ce764.dc5ca8c774eddce1e0d7.js","reference":"http://msdn.microsoft.com/en-us/library/ie/gg622941%28v=vs.85%29.aspx\nhttps://owasp.org/www-community/Security_Headers","solution":"Ensure that the application/web server sets the Content-Type header appropriately, and that it sets the X-Content-Type-Options header to 'nosniff' for all web pages.\nIf possible, ensure that the end user uses a standards-compliant and modern web browser that does not perform MIME-sniffing at all, or that can be directed by the web application/web server to not perform MIME-sniffing.","alert":"X-Content-Type-Options Header Missing","param":"X-Content-Type-Options","attack":"","name":"X-Content-Type-Options Header Missing","risk":"Low","id":"165","alertRef":"10021"},{"sourceid":"3","other":"This issue still applies to error type pages (401, 403, 500, etc.) as those pages are often still affected by injection issues, in which case there is still concern for browsers sniffing pages away from their actual content type.\nAt \"High\" threshold this scan rule will not alert on client or server error responses.","method":"GET","evidence":"","pluginId":"10021","cweid":"16","confidence":"Medium","wascid":"15","description":"The Anti-MIME-Sniffing header X-Content-Type-Options was not set to 'nosniff'. This allows older versions of Internet Explorer and Chrome to perform MIME-sniffing on the response body, potentially causing the response body to be interpreted and displayed as a content type other than the declared content type. Current (early 2014) and legacy versions of Firefox will use the declared content type (if one is set), rather than performing MIME-sniffing.","messageId":"25","url":"https://todoist.com/_next/static/chunks/a5174a254d143c3d3d02321814728bdd71b6ab95_CSS.d6f2610c02ca1f2f8023.js","reference":"http://msdn.microsoft.com/en-us/library/ie/gg622941%28v=vs.85%29.aspx\nhttps://owasp.org/www-community/Security_Headers","solution":"Ensure that the application/web server sets the Content-Type header appropriately, and that it sets the X-Content-Type-Options header to 'nosniff' for all web pages.\nIf possible, ensure that the end user uses a standards-compliant and modern web browser that does not perform MIME-sniffing at all, or that can be directed by the web application/web server to not perform MIME-sniffing.","alert":"X-Content-Type-Options Header Missing","param":"X-Content-Type-Options","attack":"","name":"X-Content-Type-Options Header Missing","risk":"Low","id":"166","alertRef":"10021"},{"sourceid":"3","other":"This issue still applies to error type pages (401, 403, 500, etc.) as those pages are often still affected by injection issues, in which case there is still concern for browsers sniffing pages away from their actual content type.\nAt \"High\" threshold this scan rule will not alert on client or server error responses.","method":"GET","evidence":"","pluginId":"10021","cweid":"16","confidence":"Medium","wascid":"15","description":"The Anti-MIME-Sniffing header X-Content-Type-Options was not set to 'nosniff'. This allows older versions of Internet Explorer and Chrome to perform MIME-sniffing on the response body, potentially causing the response body to be interpreted and displayed as a content type other than the declared content type. Current (early 2014) and legacy versions of Firefox will use the declared content type (if one is set), rather than performing MIME-sniffing.","messageId":"26","url":"https://todoist.com/_next/static/chunks/styles.4b2dc012361942f5cf6e.js","reference":"http://msdn.microsoft.com/en-us/library/ie/gg622941%28v=vs.85%29.aspx\nhttps://owasp.org/www-community/Security_Headers","solution":"Ensure that the application/web server sets the Content-Type header appropriately, and that it sets the X-Content-Type-Options header to 'nosniff' for all web pages.\nIf possible, ensure that the end user uses a standards-compliant and modern web browser that does not perform MIME-sniffing at all, or that can be directed by the web application/web server to not perform MIME-sniffing.","alert":"X-Content-Type-Options Header Missing","param":"X-Content-Type-Options","attack":"","name":"X-Content-Type-Options Header Missing","risk":"Low","id":"167","alertRef":"10021"},{"sourceid":"3","other":"The following pattern was used: \\bDB\\b and was detected in the element starting with: \"_N_E=(window.webpackJsonp_N_E=window.webpackJsonp_N_E||[]).push([[44],{\"+RON\":function(e,t){e.exports=\"/_next/static/images/free\", see evidence field for the suspicious comment/snippet.","method":"GET","evidence":"DB","pluginId":"10027","cweid":"200","confidence":"Low","wascid":"13","description":"The response appears to contain suspicious comments which may help an attacker. Note: Matches made within script blocks or files are against the entire content not only comments.","messageId":"27","url":"https://todoist.com/_next/static/chunks/pages/index-50325ffabee779bfc84a.js","reference":"","solution":"Remove all comments that return information that may help an attacker and fix any underlying problems they refer to.","alert":"Information Disclosure - Suspicious Comments","param":"","attack":"","name":"Information Disclosure - Suspicious Comments","risk":"Informational","id":"168","alertRef":"10027"},{"sourceid":"3","other":"This issue still applies to error type pages (401, 403, 500, etc.) as those pages are often still affected by injection issues, in which case there is still concern for browsers sniffing pages away from their actual content type.\nAt \"High\" threshold this scan rule will not alert on client or server error responses.","method":"GET","evidence":"","pluginId":"10021","cweid":"16","confidence":"Medium","wascid":"15","description":"The Anti-MIME-Sniffing header X-Content-Type-Options was not set to 'nosniff'. This allows older versions of Internet Explorer and Chrome to perform MIME-sniffing on the response body, potentially causing the response body to be interpreted and displayed as a content type other than the declared content type. Current (early 2014) and legacy versions of Firefox will use the declared content type (if one is set), rather than performing MIME-sniffing.","messageId":"27","url":"https://todoist.com/_next/static/chunks/pages/index-50325ffabee779bfc84a.js","reference":"http://msdn.microsoft.com/en-us/library/ie/gg622941%28v=vs.85%29.aspx\nhttps://owasp.org/www-community/Security_Headers","solution":"Ensure that the application/web server sets the Content-Type header appropriately, and that it sets the X-Content-Type-Options header to 'nosniff' for all web pages.\nIf possible, ensure that the end user uses a standards-compliant and modern web browser that does not perform MIME-sniffing at all, or that can be directed by the web application/web server to not perform MIME-sniffing.","alert":"X-Content-Type-Options Header Missing","param":"X-Content-Type-Options","attack":"","name":"X-Content-Type-Options Header Missing","risk":"Low","id":"169","alertRef":"10021"},{"sourceid":"3","other":"The following pattern was used: \\bQUERY\\b and was detected in the element starting with: \"(window.webpackJsonp_N_E=window.webpackJsonp_N_E||[]).push([[8],{\"+9U2\":function(e,t,r){\"use strict\";let n,i,o,{isClean:s}=r(\"zo\", see evidence field for the suspicious comment/snippet.","method":"GET","evidence":"query","pluginId":"10027","cweid":"200","confidence":"Low","wascid":"13","description":"The response appears to contain suspicious comments which may help an attacker. Note: Matches made within script blocks or files are against the entire content not only comments.","messageId":"28","url":"https://todoist.com/_next/static/chunks/a5174a254d143c3d3d02321814728bdd71b6ab95.8aeeecc87435cd012b41.js","reference":"","solution":"Remove all comments that return information that may help an attacker and fix any underlying problems they refer to.","alert":"Information Disclosure - Suspicious Comments","param":"","attack":"","name":"Information Disclosure - Suspicious Comments","risk":"Informational","id":"170","alertRef":"10027"},{"sourceid":"3","other":"16711680, which evaluates to: 1970-07-13 05:08:00","method":"GET","evidence":"16711680","pluginId":"10096","cweid":"200","confidence":"Low","wascid":"13","description":"A timestamp was disclosed by the application/web server - Unix","messageId":"28","url":"https://todoist.com/_next/static/chunks/a5174a254d143c3d3d02321814728bdd71b6ab95.8aeeecc87435cd012b41.js","reference":"http://projects.webappsec.org/w/page/13246936/Information%20Leakage","solution":"Manually confirm that the timestamp data is not sensitive, and that the data cannot be aggregated to disclose exploitable patterns.","alert":"Timestamp Disclosure - Unix","param":"","attack":"","name":"Timestamp Disclosure - Unix","risk":"Informational","id":"171","alertRef":"10096"},{"sourceid":"3","other":"2147483647, which evaluates to: 2038-01-18 22:14:07","method":"GET","evidence":"2147483647","pluginId":"10096","cweid":"200","confidence":"Low","wascid":"13","description":"A timestamp was disclosed by the application/web server - Unix","messageId":"28","url":"https://todoist.com/_next/static/chunks/a5174a254d143c3d3d02321814728bdd71b6ab95.8aeeecc87435cd012b41.js","reference":"http://projects.webappsec.org/w/page/13246936/Information%20Leakage","solution":"Manually confirm that the timestamp data is not sensitive, and that the data cannot be aggregated to disclose exploitable patterns.","alert":"Timestamp Disclosure - Unix","param":"","attack":"","name":"Timestamp Disclosure - Unix","risk":"Informational","id":"172","alertRef":"10096"},{"sourceid":"3","other":"1073741823, which evaluates to: 2004-01-10 08:37:03","method":"GET","evidence":"1073741823","pluginId":"10096","cweid":"200","confidence":"Low","wascid":"13","description":"A timestamp was disclosed by the application/web server - Unix","messageId":"28","url":"https://todoist.com/_next/static/chunks/a5174a254d143c3d3d02321814728bdd71b6ab95.8aeeecc87435cd012b41.js","reference":"http://projects.webappsec.org/w/page/13246936/Information%20Leakage","solution":"Manually confirm that the timestamp data is not sensitive, and that the data cannot be aggregated to disclose exploitable patterns.","alert":"Timestamp Disclosure - Unix","param":"","attack":"","name":"Timestamp Disclosure - Unix","risk":"Informational","id":"173","alertRef":"10096"},{"sourceid":"3","other":"16777216, which evaluates to: 1970-07-13 23:20:16","method":"GET","evidence":"16777216","pluginId":"10096","cweid":"200","confidence":"Low","wascid":"13","description":"A timestamp was disclosed by the application/web server - Unix","messageId":"28","url":"https://todoist.com/_next/static/chunks/a5174a254d143c3d3d02321814728bdd71b6ab95.8aeeecc87435cd012b41.js","reference":"http://projects.webappsec.org/w/page/13246936/Information%20Leakage","solution":"Manually confirm that the timestamp data is not sensitive, and that the data cannot be aggregated to disclose exploitable patterns.","alert":"Timestamp Disclosure - Unix","param":"","attack":"","name":"Timestamp Disclosure - Unix","risk":"Informational","id":"176","alertRef":"10096"},{"sourceid":"3","other":"This issue still applies to error type pages (401, 403, 500, etc.) as those pages are often still affected by injection issues, in which case there is still concern for browsers sniffing pages away from their actual content type.\nAt \"High\" threshold this scan rule will not alert on client or server error responses.","method":"GET","evidence":"","pluginId":"10021","cweid":"16","confidence":"Medium","wascid":"15","description":"The Anti-MIME-Sniffing header X-Content-Type-Options was not set to 'nosniff'. This allows older versions of Internet Explorer and Chrome to perform MIME-sniffing on the response body, potentially causing the response body to be interpreted and displayed as a content type other than the declared content type. Current (early 2014) and legacy versions of Firefox will use the declared content type (if one is set), rather than performing MIME-sniffing.","messageId":"28","url":"https://todoist.com/_next/static/chunks/a5174a254d143c3d3d02321814728bdd71b6ab95.8aeeecc87435cd012b41.js","reference":"http://msdn.microsoft.com/en-us/library/ie/gg622941%28v=vs.85%29.aspx\nhttps://owasp.org/www-community/Security_Headers","solution":"Ensure that the application/web server sets the Content-Type header appropriately, and that it sets the X-Content-Type-Options header to 'nosniff' for all web pages.\nIf possible, ensure that the end user uses a standards-compliant and modern web browser that does not perform MIME-sniffing at all, or that can be directed by the web application/web server to not perform MIME-sniffing.","alert":"X-Content-Type-Options Header Missing","param":"X-Content-Type-Options","attack":"","name":"X-Content-Type-Options Header Missing","risk":"Low","id":"180","alertRef":"10021"},{"sourceid":"3","other":"The following pattern was used: \\bUSER\\b and was detected in the element starting with: \"self.__BUILD_MANIFEST = (function(a,b,c,d,e,f,g,h,i,j,k,l,m,n,o,p,q,r,s,t){return {__rewrites:[],\"/\":[\"static\\u002Fcss\\u002Fpage\", see evidence field for the suspicious comment/snippet.","method":"GET","evidence":"user","pluginId":"10027","cweid":"200","confidence":"Low","wascid":"13","description":"The response appears to contain suspicious comments which may help an attacker. Note: Matches made within script blocks or files are against the entire content not only comments.","messageId":"32","url":"https://todoist.com/_next/static/Su7XJ3Y1iReNK_fTNqchx/_buildManifest.js","reference":"","solution":"Remove all comments that return information that may help an attacker and fix any underlying problems they refer to.","alert":"Information Disclosure - Suspicious Comments","param":"","attack":"","name":"Information Disclosure - Suspicious Comments","risk":"Informational","id":"194","alertRef":"10027"},{"sourceid":"3","other":"This issue still applies to error type pages (401, 403, 500, etc.) as those pages are often still affected by injection issues, in which case there is still concern for browsers sniffing pages away from their actual content type.\nAt \"High\" threshold this scan rule will not alert on client or server error responses.","method":"GET","evidence":"","pluginId":"10021","cweid":"16","confidence":"Medium","wascid":"15","description":"The Anti-MIME-Sniffing header X-Content-Type-Options was not set to 'nosniff'. This allows older versions of Internet Explorer and Chrome to perform MIME-sniffing on the response body, potentially causing the response body to be interpreted and displayed as a content type other than the declared content type. Current (early 2014) and legacy versions of Firefox will use the declared content type (if one is set), rather than performing MIME-sniffing.","messageId":"32","url":"https://todoist.com/_next/static/Su7XJ3Y1iReNK_fTNqchx/_buildManifest.js","reference":"http://msdn.microsoft.com/en-us/library/ie/gg622941%28v=vs.85%29.aspx\nhttps://owasp.org/www-community/Security_Headers","solution":"Ensure that the application/web server sets the Content-Type header appropriately, and that it sets the X-Content-Type-Options header to 'nosniff' for all web pages.\nIf possible, ensure that the end user uses a standards-compliant and modern web browser that does not perform MIME-sniffing at all, or that can be directed by the web application/web server to not perform MIME-sniffing.","alert":"X-Content-Type-Options Header Missing","param":"X-Content-Type-Options","attack":"","name":"X-Content-Type-Options Header Missing","risk":"Low","id":"195","alertRef":"10021"},{"sourceid":"3","other":"This issue still applies to error type pages (401, 403, 500, etc.) as those pages are often still affected by injection issues, in which case there is still concern for browsers sniffing pages away from their actual content type.\nAt \"High\" threshold this scan rule will not alert on client or server error responses.","method":"GET","evidence":"","pluginId":"10021","cweid":"16","confidence":"Medium","wascid":"15","description":"The Anti-MIME-Sniffing header X-Content-Type-Options was not set to 'nosniff'. This allows older versions of Internet Explorer and Chrome to perform MIME-sniffing on the response body, potentially causing the response body to be interpreted and displayed as a content type other than the declared content type. Current (early 2014) and legacy versions of Firefox will use the declared content type (if one is set), rather than performing MIME-sniffing.","messageId":"35","url":"https://todoist.com/_next/static/Su7XJ3Y1iReNK_fTNqchx/_ssgManifest.js","reference":"http://msdn.microsoft.com/en-us/library/ie/gg622941%28v=vs.85%29.aspx\nhttps://owasp.org/www-community/Security_Headers","solution":"Ensure that the application/web server sets the Content-Type header appropriately, and that it sets the X-Content-Type-Options header to 'nosniff' for all web pages.\nIf possible, ensure that the end user uses a standards-compliant and modern web browser that does not perform MIME-sniffing at all, or that can be directed by the web application/web server to not perform MIME-sniffing.","alert":"X-Content-Type-Options Header Missing","param":"X-Content-Type-Options","attack":"","name":"X-Content-Type-Options Header Missing","risk":"Low","id":"196","alertRef":"10021"},{"sourceid":"3","other":"This issue still applies to error type pages (401, 403, 500, etc.) as those pages are often still affected by injection issues, in which case there is still concern for browsers sniffing pages away from their actual content type.\nAt \"High\" threshold this scan rule will not alert on client or server error responses.","method":"GET","evidence":"","pluginId":"10021","cweid":"16","confidence":"Medium","wascid":"15","description":"The Anti-MIME-Sniffing header X-Content-Type-Options was not set to 'nosniff'. This allows older versions of Internet Explorer and Chrome to perform MIME-sniffing on the response body, potentially causing the response body to be interpreted and displayed as a content type other than the declared content type. Current (early 2014) and legacy versions of Firefox will use the declared content type (if one is set), rather than performing MIME-sniffing.","messageId":"47","url":"https://todoist.com/static/fonts/Graphik-Regular-Web.woff","reference":"http://msdn.microsoft.com/en-us/library/ie/gg622941%28v=vs.85%29.aspx\nhttps://owasp.org/www-community/Security_Headers","solution":"Ensure that the application/web server sets the Content-Type header appropriately, and that it sets the X-Content-Type-Options header to 'nosniff' for all web pages.\nIf possible, ensure that the end user uses a standards-compliant and modern web browser that does not perform MIME-sniffing at all, or that can be directed by the web application/web server to not perform MIME-sniffing.","alert":"X-Content-Type-Options Header Missing","param":"X-Content-Type-Options","attack":"","name":"X-Content-Type-Options Header Missing","risk":"Low","id":"239","alertRef":"10021"},{"sourceid":"3","other":"This issue still applies to error type pages (401, 403, 500, etc.) as those pages are often still affected by injection issues, in which case there is still concern for browsers sniffing pages away from their actual content type.\nAt \"High\" threshold this scan rule will not alert on client or server error responses.","method":"GET","evidence":"","pluginId":"10021","cweid":"16","confidence":"Medium","wascid":"15","description":"The Anti-MIME-Sniffing header X-Content-Type-Options was not set to 'nosniff'. This allows older versions of Internet Explorer and Chrome to perform MIME-sniffing on the response body, potentially causing the response body to be interpreted and displayed as a content type other than the declared content type. Current (early 2014) and legacy versions of Firefox will use the declared content type (if one is set), rather than performing MIME-sniffing.","messageId":"48","url":"https://todoist.com/static/fonts/Graphik-Semibold-Web.woff","reference":"http://msdn.microsoft.com/en-us/library/ie/gg622941%28v=vs.85%29.aspx\nhttps://owasp.org/www-community/Security_Headers","solution":"Ensure that the application/web server sets the Content-Type header appropriately, and that it sets the X-Content-Type-Options header to 'nosniff' for all web pages.\nIf possible, ensure that the end user uses a standards-compliant and modern web browser that does not perform MIME-sniffing at all, or that can be directed by the web application/web server to not perform MIME-sniffing.","alert":"X-Content-Type-Options Header Missing","param":"X-Content-Type-Options","attack":"","name":"X-Content-Type-Options Header Missing","risk":"Low","id":"240","alertRef":"10021"},{"sourceid":"3","other":"This issue still applies to error type pages (401, 403, 500, etc.) as those pages are often still affected by injection issues, in which case there is still concern for browsers sniffing pages away from their actual content type.\nAt \"High\" threshold this scan rule will not alert on client or server error responses.","method":"GET","evidence":"","pluginId":"10021","cweid":"16","confidence":"Medium","wascid":"15","description":"The Anti-MIME-Sniffing header X-Content-Type-Options was not set to 'nosniff'. This allows older versions of Internet Explorer and Chrome to perform MIME-sniffing on the response body, potentially causing the response body to be interpreted and displayed as a content type other than the declared content type. Current (early 2014) and legacy versions of Firefox will use the declared content type (if one is set), rather than performing MIME-sniffing.","messageId":"51","url":"https://todoist.com/static/fonts/Caecilia-RegularItalic-Web.woff","reference":"http://msdn.microsoft.com/en-us/library/ie/gg622941%28v=vs.85%29.aspx\nhttps://owasp.org/www-community/Security_Headers","solution":"Ensure that the application/web server sets the Content-Type header appropriately, and that it sets the X-Content-Type-Options header to 'nosniff' for all web pages.\nIf possible, ensure that the end user uses a standards-compliant and modern web browser that does not perform MIME-sniffing at all, or that can be directed by the web application/web server to not perform MIME-sniffing.","alert":"X-Content-Type-Options Header Missing","param":"X-Content-Type-Options","attack":"","name":"X-Content-Type-Options Header Missing","risk":"Low","id":"241","alertRef":"10021"},{"sourceid":"3","other":"","method":"GET","evidence":"public, max-age=31536000, immutable","pluginId":"10015","cweid":"525","confidence":"Medium","wascid":"13","description":"The cache-control and pragma HTTP header have not been set properly or are missing allowing the browser and proxies to cache content.","messageId":"55","url":"https://todoist.com/static/locales/es/common.json","reference":"https://cheatsheetseries.owasp.org/cheatsheets/Session_Management_Cheat_Sheet.html#web-content-caching","solution":"Whenever possible ensure the cache-control HTTP header is set with no-cache, no-store, must-revalidate; and that the pragma HTTP header is set with no-cache.","alert":"Incomplete or No Cache-control and Pragma HTTP Header Set","param":"Cache-Control","attack":"","name":"Incomplete or No Cache-control and Pragma HTTP Header Set","risk":"Low","id":"244","alertRef":"10015"},{"sourceid":"3","other":"This issue still applies to error type pages (401, 403, 500, etc.) as those pages are often still affected by injection issues, in which case there is still concern for browsers sniffing pages away from their actual content type.\nAt \"High\" threshold this scan rule will not alert on client or server error responses.","method":"GET","evidence":"","pluginId":"10021","cweid":"16","confidence":"Medium","wascid":"15","description":"The Anti-MIME-Sniffing header X-Content-Type-Options was not set to 'nosniff'. This allows older versions of Internet Explorer and Chrome to perform MIME-sniffing on the response body, potentially causing the response body to be interpreted and displayed as a content type other than the declared content type. Current (early 2014) and legacy versions of Firefox will use the declared content type (if one is set), rather than performing MIME-sniffing.","messageId":"55","url":"https://todoist.com/static/locales/es/common.json","reference":"http://msdn.microsoft.com/en-us/library/ie/gg622941%28v=vs.85%29.aspx\nhttps://owasp.org/www-community/Security_Headers","solution":"Ensure that the application/web server sets the Content-Type header appropriately, and that it sets the X-Content-Type-Options header to 'nosniff' for all web pages.\nIf possible, ensure that the end user uses a standards-compliant and modern web browser that does not perform MIME-sniffing at all, or that can be directed by the web application/web server to not perform MIME-sniffing.","alert":"X-Content-Type-Options Header Missing","param":"X-Content-Type-Options","attack":"","name":"X-Content-Type-Options Header Missing","risk":"Low","id":"245","alertRef":"10021"},{"sourceid":"3","other":"","method":"GET","evidence":"public, max-age=31536000, immutable","pluginId":"10015","cweid":"525","confidence":"Medium","wascid":"13","description":"The cache-control and pragma HTTP header have not been set properly or are missing allowing the browser and proxies to cache content.","messageId":"58","url":"https://todoist.com/static/locales/en/common.json","reference":"https://cheatsheetseries.owasp.org/cheatsheets/Session_Management_Cheat_Sheet.html#web-content-caching","solution":"Whenever possible ensure the cache-control HTTP header is set with no-cache, no-store, must-revalidate; and that the pragma HTTP header is set with no-cache.","alert":"Incomplete or No Cache-control and Pragma HTTP Header Set","param":"Cache-Control","attack":"","name":"Incomplete or No Cache-control and Pragma HTTP Header Set","risk":"Low","id":"246","alertRef":"10015"},{"sourceid":"3","other":"This issue still applies to error type pages (401, 403, 500, etc.) as those pages are often still affected by injection issues, in which case there is still concern for browsers sniffing pages away from their actual content type.\nAt \"High\" threshold this scan rule will not alert on client or server error responses.","method":"GET","evidence":"","pluginId":"10021","cweid":"16","confidence":"Medium","wascid":"15","description":"The Anti-MIME-Sniffing header X-Content-Type-Options was not set to 'nosniff'. This allows older versions of Internet Explorer and Chrome to perform MIME-sniffing on the response body, potentially causing the response body to be interpreted and displayed as a content type other than the declared content type. Current (early 2014) and legacy versions of Firefox will use the declared content type (if one is set), rather than performing MIME-sniffing.","messageId":"58","url":"https://todoist.com/static/locales/en/common.json","reference":"http://msdn.microsoft.com/en-us/library/ie/gg622941%28v=vs.85%29.aspx\nhttps://owasp.org/www-community/Security_Headers","solution":"Ensure that the application/web server sets the Content-Type header appropriately, and that it sets the X-Content-Type-Options header to 'nosniff' for all web pages.\nIf possible, ensure that the end user uses a standards-compliant and modern web browser that does not perform MIME-sniffing at all, or that can be directed by the web application/web server to not perform MIME-sniffing.","alert":"X-Content-Type-Options Header Missing","param":"X-Content-Type-Options","attack":"","name":"X-Content-Type-Options Header Missing","risk":"Low","id":"247","alertRef":"10021"},{"sourceid":"3","other":"","method":"GET","evidence":"","pluginId":"10015","cweid":"525","confidence":"Medium","wascid":"13","description":"The cache-control and pragma HTTP header have not been set properly or are missing allowing the browser and proxies to cache content.","messageId":"132","url":"https://todoist.com/users/showlogin","reference":"https://cheatsheetseries.owasp.org/cheatsheets/Session_Management_Cheat_Sheet.html#web-content-caching","solution":"Whenever possible ensure the cache-control HTTP header is set with no-cache, no-store, must-revalidate; and that the pragma HTTP header is set with no-cache.","alert":"Incomplete or No Cache-control and Pragma HTTP Header Set","param":"Cache-Control","attack":"","name":"Incomplete or No Cache-control and Pragma HTTP Header Set","risk":"Low","id":"314","alertRef":"10015"},{"sourceid":"3","other":"","method":"GET","evidence":"Set-Cookie: csrf","pluginId":"10010","cweid":"16","confidence":"Medium","wascid":"13","description":"A cookie has been set without the HttpOnly flag, which means that the cookie can be accessed by JavaScript. If a malicious script can be run on this page then the cookie will be accessible and can be transmitted to another site. If this is a session cookie then session hijacking may be possible.","messageId":"132","url":"https://todoist.com/users/showlogin","reference":"https://owasp.org/www-community/HttpOnly","solution":"Ensure that the HttpOnly flag is set for all cookies.","alert":"Cookie No HttpOnly Flag","param":"csrf","attack":"","name":"Cookie No HttpOnly Flag","risk":"Low","id":"315","alertRef":"10010"},{"sourceid":"3","other":"","method":"GET","evidence":"Set-Cookie: csrf","pluginId":"10054","cweid":"16","confidence":"Medium","wascid":"13","description":"A cookie has been set with an invalid SameSite attribute value, which means that the cookie can be sent as a result of a 'cross-site' request. The SameSite attribute is an effective counter measure to cross-site request forgery, cross-site script inclusion, and timing attacks.","messageId":"132","url":"https://todoist.com/users/showlogin","reference":"https://tools.ietf.org/html/draft-ietf-httpbis-cookie-same-site","solution":"Ensure that the SameSite attribute is set to either 'lax' or ideally 'strict' for all cookies.","alert":"Cookie Without SameSite Attribute","param":"csrf","attack":"","name":"Cookie Without SameSite Attribute","risk":"Low","id":"316","alertRef":"10054"},{"sourceid":"3","other":"","method":"GET","evidence":"<script type=\"text/javascript\" src=\"https://d3ptyyxy2at9ui.cloudfront.net/es-ab54e0.js\"><\/script>","pluginId":"10017","cweid":"829","confidence":"Medium","wascid":"15","description":"The page includes one or more script files from a third-party domain.","messageId":"132","url":"https://todoist.com/users/showlogin","reference":"","solution":"Ensure JavaScript source files are loaded from only trusted sources, and the sources can't be controlled by end users of the application.","alert":"Cross-Domain JavaScript Source File Inclusion","param":"https://d3ptyyxy2at9ui.cloudfront.net/es-ab54e0.js","attack":"","name":"Cross-Domain JavaScript Source File Inclusion","risk":"Low","id":"317","alertRef":"10017"},{"sourceid":"3","other":"","method":"GET","evidence":"<script type=\"text/javascript\" src=\"https://d3ptyyxy2at9ui.cloudfront.net/Col_ICECollection-8b8f90.js\" ><\/script>","pluginId":"10017","cweid":"829","confidence":"Medium","wascid":"15","description":"The page includes one or more script files from a third-party domain.","messageId":"132","url":"https://todoist.com/users/showlogin","reference":"","solution":"Ensure JavaScript source files are loaded from only trusted sources, and the sources can't be controlled by end users of the application.","alert":"Cross-Domain JavaScript Source File Inclusion","param":"https://d3ptyyxy2at9ui.cloudfront.net/Col_ICECollection-8b8f90.js","attack":"","name":"Cross-Domain JavaScript Source File Inclusion","risk":"Low","id":"318","alertRef":"10017"},{"sourceid":"3","other":"","method":"GET","evidence":"<script type=\"text/javascript\" src=\"https://d3ptyyxy2at9ui.cloudfront.net/GreyBox-b6bb57.js\" ><\/script>","pluginId":"10017","cweid":"829","confidence":"Medium","wascid":"15","description":"The page includes one or more script files from a third-party domain.","messageId":"132","url":"https://todoist.com/users/showlogin","reference":"","solution":"Ensure JavaScript source files are loaded from only trusted sources, and the sources can't be controlled by end users of the application.","alert":"Cross-Domain JavaScript Source File Inclusion","param":"https://d3ptyyxy2at9ui.cloudfront.net/GreyBox-b6bb57.js","attack":"","name":"Cross-Domain JavaScript Source File Inclusion","risk":"Low","id":"319","alertRef":"10017"},{"sourceid":"3","other":"","method":"GET","evidence":"<script type=\"text/javascript\" src=\"https://d3ptyyxy2at9ui.cloudfront.net/Col_StandalonePageCollection-d72ac1.js\" ><\/script>","pluginId":"10017","cweid":"829","confidence":"Medium","wascid":"15","description":"The page includes one or more script files from a third-party domain.","messageId":"132","url":"https://todoist.com/users/showlogin","reference":"","solution":"Ensure JavaScript source files are loaded from only trusted sources, and the sources can't be controlled by end users of the application.","alert":"Cross-Domain JavaScript Source File Inclusion","param":"https://d3ptyyxy2at9ui.cloudfront.net/Col_StandalonePageCollection-d72ac1.js","attack":"","name":"Cross-Domain JavaScript Source File Inclusion","risk":"Low","id":"320","alertRef":"10017"},{"sourceid":"3","other":"","method":"GET","evidence":"<script type=\"text/javascript\" src=\"https://d3ptyyxy2at9ui.cloudfront.net/Col_PluginCollection-f907f0.js\" ><\/script>","pluginId":"10017","cweid":"829","confidence":"Medium","wascid":"15","description":"The page includes one or more script files from a third-party domain.","messageId":"132","url":"https://todoist.com/users/showlogin","reference":"","solution":"Ensure JavaScript source files are loaded from only trusted sources, and the sources can't be controlled by end users of the application.","alert":"Cross-Domain JavaScript Source File Inclusion","param":"https://d3ptyyxy2at9ui.cloudfront.net/Col_PluginCollection-f907f0.js","attack":"","name":"Cross-Domain JavaScript Source File Inclusion","risk":"Low","id":"322","alertRef":"10017"},{"sourceid":"3","other":"","method":"GET","evidence":"<script type=\"text/javascript\" src=\"https://d3ptyyxy2at9ui.cloudfront.net/ist_button-56a55c.js\" ><\/script>","pluginId":"10017","cweid":"829","confidence":"Medium","wascid":"15","description":"The page includes one or more script files from a third-party domain.","messageId":"132","url":"https://todoist.com/users/showlogin","reference":"","solution":"Ensure JavaScript source files are loaded from only trusted sources, and the sources can't be controlled by end users of the application.","alert":"Cross-Domain JavaScript Source File Inclusion","param":"https://d3ptyyxy2at9ui.cloudfront.net/ist_button-56a55c.js","attack":"","name":"Cross-Domain JavaScript Source File Inclusion","risk":"Low","id":"323","alertRef":"10017"},{"sourceid":"3","other":"","method":"GET","evidence":"<script type=\"text/javascript\" src=\"https://d3ptyyxy2at9ui.cloudfront.net/Col_LoginSignupCollection-976c4c.js\" ><\/script>","pluginId":"10017","cweid":"829","confidence":"Medium","wascid":"15","description":"The page includes one or more script files from a third-party domain.","messageId":"132","url":"https://todoist.com/users/showlogin","reference":"","solution":"Ensure JavaScript source files are loaded from only trusted sources, and the sources can't be controlled by end users of the application.","alert":"Cross-Domain JavaScript Source File Inclusion","param":"https://d3ptyyxy2at9ui.cloudfront.net/Col_LoginSignupCollection-976c4c.js","attack":"","name":"Cross-Domain JavaScript Source File Inclusion","risk":"Low","id":"324","alertRef":"10017"},{"sourceid":"3","other":"This issue still applies to error type pages (401, 403, 500, etc.) as those pages are often still affected by injection issues, in which case there is still concern for browsers sniffing pages away from their actual content type.\nAt \"High\" threshold this scan rule will not alert on client or server error responses.","method":"GET","evidence":"","pluginId":"10021","cweid":"16","confidence":"Medium","wascid":"15","description":"The Anti-MIME-Sniffing header X-Content-Type-Options was not set to 'nosniff'. This allows older versions of Internet Explorer and Chrome to perform MIME-sniffing on the response body, potentially causing the response body to be interpreted and displayed as a content type other than the declared content type. Current (early 2014) and legacy versions of Firefox will use the declared content type (if one is set), rather than performing MIME-sniffing.","messageId":"132","url":"https://todoist.com/users/showlogin","reference":"http://msdn.microsoft.com/en-us/library/ie/gg622941%28v=vs.85%29.aspx\nhttps://owasp.org/www-community/Security_Headers","solution":"Ensure that the application/web server sets the Content-Type header appropriately, and that it sets the X-Content-Type-Options header to 'nosniff' for all web pages.\nIf possible, ensure that the end user uses a standards-compliant and modern web browser that does not perform MIME-sniffing at all, or that can be directed by the web application/web server to not perform MIME-sniffing.","alert":"X-Content-Type-Options Header Missing","param":"X-Content-Type-Options","attack":"","name":"X-Content-Type-Options Header Missing","risk":"Low","id":"325","alertRef":"10021"},{"sourceid":"3","other":"","method":"GET","evidence":"","pluginId":"10020","cweid":"16","confidence":"Medium","wascid":"15","description":"X-Frame-Options header is not included in the HTTP response to protect against 'ClickJacking' attacks.","messageId":"132","url":"https://todoist.com/users/showlogin","reference":"https://developer.mozilla.org/en-US/docs/Web/HTTP/Headers/X-Frame-Options","solution":"Most modern Web browsers support the X-Frame-Options HTTP header. Ensure it's set on all web pages returned by your site (if you expect the page to be framed only by pages on your server (e.g. it's part of a FRAMESET) then you'll want to use SAMEORIGIN, otherwise if you never expect the page to be framed, you should use DENY. Alternatively consider implementing Content Security Policy's \"frame-ancestors\" directive. ","alert":"X-Frame-Options Header Not Set","param":"X-Frame-Options","attack":"","name":"X-Frame-Options Header Not Set","risk":"Medium","id":"326","alertRef":"10020"},{"sourceid":"3","other":"","method":"POST","evidence":"Set-Cookie: todoistd","pluginId":"10054","cweid":"16","confidence":"Medium","wascid":"13","description":"A cookie has been set with an invalid SameSite attribute value, which means that the cookie can be sent as a result of a 'cross-site' request. The SameSite attribute is an effective counter measure to cross-site request forgery, cross-site script inclusion, and timing attacks.","messageId":"156","url":"https://todoist.com/Users/login","reference":"https://tools.ietf.org/html/draft-ietf-httpbis-cookie-same-site","solution":"Ensure that the SameSite attribute is set to either 'lax' or ideally 'strict' for all cookies.","alert":"Cookie Without SameSite Attribute","param":"todoistd","attack":"","name":"Cookie Without SameSite Attribute","risk":"Low","id":"371","alertRef":"10054"},{"sourceid":"3","other":"31536000, which evaluates to: 1970-12-31 19:00:00","method":"POST","evidence":"31536000","pluginId":"10096","cweid":"200","confidence":"Low","wascid":"13","description":"A timestamp was disclosed by the application/web server - Unix","messageId":"156","url":"https://todoist.com/Users/login","reference":"http://projects.webappsec.org/w/page/13246936/Information%20Leakage","solution":"Manually confirm that the timestamp data is not sensitive, and that the data cannot be aggregated to disclose exploitable patterns.","alert":"Timestamp Disclosure - Unix","param":"","attack":"","name":"Timestamp Disclosure - Unix","risk":"Informational","id":"372","alertRef":"10096"},{"sourceid":"3","other":"The response contained multiple CSP headers, one or more of them contained a report-uri directive and therefore they could not be merged. The first identified header/policy was analyzed.","method":"GET","evidence":"default-src 'self' wss://*.todoist.com https://www.google-analytics.com https://o476415.ingest.sentry.io https://d3ptyyxy2at9ui.cloudfront.net https://dcff1xvirvpfp.cloudfront.net https://d266vjxpnndrqi.cloudfront.net https://x-api.rollout.io https://statestore.rollout.io https://conf.rollout.io https://push.rollout.io https://analytic.rollout.io https://browser.sentry-cdn.com https://www.dropbox.com/static/api/2/dropins.js https://apis.google.com https://*.todoist.com https://todoist.com https://maps.googleapis.com https://fonts.gstatic.com; style-src 'self' wss://*.todoist.com https://www.google-analytics.com https://o476415.ingest.sentry.io https://d3ptyyxy2at9ui.cloudfront.net https://dcff1xvirvpfp.cloudfront.net https://d266vjxpnndrqi.cloudfront.net https://x-api.rollout.io https://statestore.rollout.io https://conf.rollout.io https://push.rollout.io https://analytic.rollout.io https://browser.sentry-cdn.com https://www.dropbox.com/static/api/2/dropins.js https://apis.google.com https://*.todoist.com https://todoist.com https://maps.googleapis.com https://fonts.gstatic.com 'unsafe-inline' https://fonts.googleapis.com; img-src 'self' data:  https://d3ptyyxy2at9ui.cloudfront.net https://dcff1xvirvpfp.cloudfront.net https://d266vjxpnndrqi.cloudfront.net https://d1x0mwiac2rqwt.cloudfront.net https://avatars.doist.com https://image-resize.todoist.com https://maps.gstatic.com https://*.googleapis.com https://*.ggpht https://twemoji.maxcdn.com https://www.google-analytics.com; media-src 'self' https://d1ysz50cxb9zwl.cloudfront.net https://d3ptyyxy2at9ui.cloudfront.net https://files.todoist.com; frame-src 'self' https://www.dropbox.com https://accounts.google.com https://docs.google.com; report-uri /csp_report","pluginId":"10055","cweid":"16","confidence":"Medium","wascid":"15","description":"Info Items:\n1:1715: A draft of the next version of CSP deprecates report-uri in favour of a new report-to directive.\n","messageId":"158","url":"https://todoist.com/app/","reference":"http://www.w3.org/TR/CSP2/\nhttp://www.w3.org/TR/CSP/\nhttp://caniuse.com/#search=content+security+policy\nhttp://content-security-policy.com/\nhttps://github.com/shapesecurity/salvation\nhttps://developers.google.com/web/fundamentals/security/csp#policy_applies_to_a_wide_variety_of_resources","solution":"Ensure that your web server, application server, load balancer, etc. is properly configured to set the Content-Security-Policy header.","alert":"CSP: Notices","param":"Content-Security-Policy","attack":"","name":"CSP: Notices","risk":"Informational","id":"373","alertRef":"10055"},{"sourceid":"3","other":"The response contained multiple CSP headers, one or more of them contained a report-uri directive and therefore they could not be merged. The first identified header/policy was analyzed.","method":"GET","evidence":"default-src 'self' wss://*.todoist.com https://www.google-analytics.com https://o476415.ingest.sentry.io https://d3ptyyxy2at9ui.cloudfront.net https://dcff1xvirvpfp.cloudfront.net https://d266vjxpnndrqi.cloudfront.net https://x-api.rollout.io https://statestore.rollout.io https://conf.rollout.io https://push.rollout.io https://analytic.rollout.io https://browser.sentry-cdn.com https://www.dropbox.com/static/api/2/dropins.js https://apis.google.com https://*.todoist.com https://todoist.com https://maps.googleapis.com https://fonts.gstatic.com; style-src 'self' wss://*.todoist.com https://www.google-analytics.com https://o476415.ingest.sentry.io https://d3ptyyxy2at9ui.cloudfront.net https://dcff1xvirvpfp.cloudfront.net https://d266vjxpnndrqi.cloudfront.net https://x-api.rollout.io https://statestore.rollout.io https://conf.rollout.io https://push.rollout.io https://analytic.rollout.io https://browser.sentry-cdn.com https://www.dropbox.com/static/api/2/dropins.js https://apis.google.com https://*.todoist.com https://todoist.com https://maps.googleapis.com https://fonts.gstatic.com 'unsafe-inline' https://fonts.googleapis.com; img-src 'self' data:  https://d3ptyyxy2at9ui.cloudfront.net https://dcff1xvirvpfp.cloudfront.net https://d266vjxpnndrqi.cloudfront.net https://d1x0mwiac2rqwt.cloudfront.net https://avatars.doist.com https://image-resize.todoist.com https://maps.gstatic.com https://*.googleapis.com https://*.ggpht https://twemoji.maxcdn.com https://www.google-analytics.com; media-src 'self' https://d1ysz50cxb9zwl.cloudfront.net https://d3ptyyxy2at9ui.cloudfront.net https://files.todoist.com; frame-src 'self' https://www.dropbox.com https://accounts.google.com https://docs.google.com; report-uri /csp_report","pluginId":"10055","cweid":"16","confidence":"Medium","wascid":"15","description":"The following directives either allow wildcard sources (or ancestors), are not defined, or are overly broadly defined: \nframe-ancestors, form-action\n\nThe directive(s): frame-ancestors, form-action are among the directives that do not fallback to default-src, missing/excluding them is the same as allowing anything.","messageId":"158","url":"https://todoist.com/app/","reference":"http://www.w3.org/TR/CSP2/\nhttp://www.w3.org/TR/CSP/\nhttp://caniuse.com/#search=content+security+policy\nhttp://content-security-policy.com/\nhttps://github.com/shapesecurity/salvation\nhttps://developers.google.com/web/fundamentals/security/csp#policy_applies_to_a_wide_variety_of_resources","solution":"Ensure that your web server, application server, load balancer, etc. is properly configured to set the Content-Security-Policy header.","alert":"CSP: Wildcard Directive","param":"Content-Security-Policy","attack":"","name":"CSP: Wildcard Directive","risk":"Medium","id":"374","alertRef":"10055"},{"sourceid":"3","other":"The response contained multiple CSP headers, one or more of them contained a report-uri directive and therefore they could not be merged. The first identified header/policy was analyzed.","method":"GET","evidence":"default-src 'self' wss://*.todoist.com https://www.google-analytics.com https://o476415.ingest.sentry.io https://d3ptyyxy2at9ui.cloudfront.net https://dcff1xvirvpfp.cloudfront.net https://d266vjxpnndrqi.cloudfront.net https://x-api.rollout.io https://statestore.rollout.io https://conf.rollout.io https://push.rollout.io https://analytic.rollout.io https://browser.sentry-cdn.com https://www.dropbox.com/static/api/2/dropins.js https://apis.google.com https://*.todoist.com https://todoist.com https://maps.googleapis.com https://fonts.gstatic.com; style-src 'self' wss://*.todoist.com https://www.google-analytics.com https://o476415.ingest.sentry.io https://d3ptyyxy2at9ui.cloudfront.net https://dcff1xvirvpfp.cloudfront.net https://d266vjxpnndrqi.cloudfront.net https://x-api.rollout.io https://statestore.rollout.io https://conf.rollout.io https://push.rollout.io https://analytic.rollout.io https://browser.sentry-cdn.com https://www.dropbox.com/static/api/2/dropins.js https://apis.google.com https://*.todoist.com https://todoist.com https://maps.googleapis.com https://fonts.gstatic.com 'unsafe-inline' https://fonts.googleapis.com; img-src 'self' data:  https://d3ptyyxy2at9ui.cloudfront.net https://dcff1xvirvpfp.cloudfront.net https://d266vjxpnndrqi.cloudfront.net https://d1x0mwiac2rqwt.cloudfront.net https://avatars.doist.com https://image-resize.todoist.com https://maps.gstatic.com https://*.googleapis.com https://*.ggpht https://twemoji.maxcdn.com https://www.google-analytics.com; media-src 'self' https://d1ysz50cxb9zwl.cloudfront.net https://d3ptyyxy2at9ui.cloudfront.net https://files.todoist.com; frame-src 'self' https://www.dropbox.com https://accounts.google.com https://docs.google.com; report-uri /csp_report","pluginId":"10055","cweid":"16","confidence":"Medium","wascid":"15","description":"style-src includes unsafe-inline.","messageId":"158","url":"https://todoist.com/app/","reference":"http://www.w3.org/TR/CSP2/\nhttp://www.w3.org/TR/CSP/\nhttp://caniuse.com/#search=content+security+policy\nhttp://content-security-policy.com/\nhttps://github.com/shapesecurity/salvation\nhttps://developers.google.com/web/fundamentals/security/csp#policy_applies_to_a_wide_variety_of_resources","solution":"Ensure that your web server, application server, load balancer, etc. is properly configured to set the Content-Security-Policy header.","alert":"CSP: style-src unsafe-inline","param":"Content-Security-Policy","attack":"","name":"CSP: style-src unsafe-inline","risk":"Medium","id":"375","alertRef":"10055"},{"sourceid":"3","other":"","method":"GET","evidence":"<script src=\"https://d3ptyyxy2at9ui.cloudfront.net/assets/initTheme.b1a12b68f418d0aa0577144c7364b8ab.js\"><\/script>","pluginId":"10017","cweid":"829","confidence":"Medium","wascid":"15","description":"The page includes one or more script files from a third-party domain.","messageId":"158","url":"https://todoist.com/app/","reference":"","solution":"Ensure JavaScript source files are loaded from only trusted sources, and the sources can't be controlled by end users of the application.","alert":"Cross-Domain JavaScript Source File Inclusion","param":"https://d3ptyyxy2at9ui.cloudfront.net/assets/initTheme.b1a12b68f418d0aa0577144c7364b8ab.js","attack":"","name":"Cross-Domain JavaScript Source File Inclusion","risk":"Low","id":"376","alertRef":"10017"},{"sourceid":"3","other":"","method":"GET","evidence":"<script async src=\"https://www.google-analytics.com/analytics.js\"><\/script>","pluginId":"10017","cweid":"829","confidence":"Medium","wascid":"15","description":"The page includes one or more script files from a third-party domain.","messageId":"158","url":"https://todoist.com/app/","reference":"","solution":"Ensure JavaScript source files are loaded from only trusted sources, and the sources can't be controlled by end users of the application.","alert":"Cross-Domain JavaScript Source File Inclusion","param":"https://www.google-analytics.com/analytics.js","attack":"","name":"Cross-Domain JavaScript Source File Inclusion","risk":"Low","id":"377","alertRef":"10017"},{"sourceid":"3","other":"","method":"GET","evidence":"<script src=\"https://d3ptyyxy2at9ui.cloudfront.net/assets/vendor.c9e825411fdc24f1ec7a.js\"><\/script>","pluginId":"10017","cweid":"829","confidence":"Medium","wascid":"15","description":"The page includes one or more script files from a third-party domain.","messageId":"158","url":"https://todoist.com/app/","reference":"","solution":"Ensure JavaScript source files are loaded from only trusted sources, and the sources can't be controlled by end users of the application.","alert":"Cross-Domain JavaScript Source File Inclusion","param":"https://d3ptyyxy2at9ui.cloudfront.net/assets/vendor.c9e825411fdc24f1ec7a.js","attack":"","name":"Cross-Domain JavaScript Source File Inclusion","risk":"Low","id":"378","alertRef":"10017"},{"sourceid":"3","other":"","method":"GET","evidence":"<script src=\"https://d3ptyyxy2at9ui.cloudfront.net/assets/app.1cf113e26f9d2c0630ec.js\"><\/script>","pluginId":"10017","cweid":"829","confidence":"Medium","wascid":"15","description":"The page includes one or more script files from a third-party domain.","messageId":"158","url":"https://todoist.com/app/","reference":"","solution":"Ensure JavaScript source files are loaded from only trusted sources, and the sources can't be controlled by end users of the application.","alert":"Cross-Domain JavaScript Source File Inclusion","param":"https://d3ptyyxy2at9ui.cloudfront.net/assets/app.1cf113e26f9d2c0630ec.js","attack":"","name":"Cross-Domain JavaScript Source File Inclusion","risk":"Low","id":"379","alertRef":"10017"},{"sourceid":"3","other":"572688855, which evaluates to: 1988-02-24 03:14:15","method":"GET","evidence":"572688855","pluginId":"10096","cweid":"200","confidence":"Low","wascid":"13","description":"A timestamp was disclosed by the application/web server - Unix","messageId":"158","url":"https://todoist.com/app/","reference":"http://projects.webappsec.org/w/page/13246936/Information%20Leakage","solution":"Manually confirm that the timestamp data is not sensitive, and that the data cannot be aggregated to disclose exploitable patterns.","alert":"Timestamp Disclosure - Unix","param":"","attack":"","name":"Timestamp Disclosure - Unix","risk":"Informational","id":"380","alertRef":"10096"},{"sourceid":"3","other":"This issue still applies to error type pages (401, 403, 500, etc.) as those pages are often still affected by injection issues, in which case there is still concern for browsers sniffing pages away from their actual content type.\nAt \"High\" threshold this scan rule will not alert on client or server error responses.","method":"GET","evidence":"","pluginId":"10021","cweid":"16","confidence":"Medium","wascid":"15","description":"The Anti-MIME-Sniffing header X-Content-Type-Options was not set to 'nosniff'. This allows older versions of Internet Explorer and Chrome to perform MIME-sniffing on the response body, potentially causing the response body to be interpreted and displayed as a content type other than the declared content type. Current (early 2014) and legacy versions of Firefox will use the declared content type (if one is set), rather than performing MIME-sniffing.","messageId":"158","url":"https://todoist.com/app/","reference":"http://msdn.microsoft.com/en-us/library/ie/gg622941%28v=vs.85%29.aspx\nhttps://owasp.org/www-community/Security_Headers","solution":"Ensure that the application/web server sets the Content-Type header appropriately, and that it sets the X-Content-Type-Options header to 'nosniff' for all web pages.\nIf possible, ensure that the end user uses a standards-compliant and modern web browser that does not perform MIME-sniffing at all, or that can be directed by the web application/web server to not perform MIME-sniffing.","alert":"X-Content-Type-Options Header Missing","param":"X-Content-Type-Options","attack":"","name":"X-Content-Type-Options Header Missing","risk":"Low","id":"381","alertRef":"10021"},{"sourceid":"3","other":"","method":"GET","evidence":"","pluginId":"10020","cweid":"16","confidence":"Medium","wascid":"15","description":"X-Frame-Options header is not included in the HTTP response to protect against 'ClickJacking' attacks.","messageId":"158","url":"https://todoist.com/app/","reference":"https://developer.mozilla.org/en-US/docs/Web/HTTP/Headers/X-Frame-Options","solution":"Most modern Web browsers support the X-Frame-Options HTTP header. Ensure it's set on all web pages returned by your site (if you expect the page to be framed only by pages on your server (e.g. it's part of a FRAMESET) then you'll want to use SAMEORIGIN, otherwise if you never expect the page to be framed, you should use DENY. Alternatively consider implementing Content Security Policy's \"frame-ancestors\" directive. ","alert":"X-Frame-Options Header Not Set","param":"X-Frame-Options","attack":"","name":"X-Frame-Options Header Not Set","risk":"Medium","id":"382","alertRef":"10020"},{"sourceid":"3","other":"","method":"POST","evidence":"no-cache","pluginId":"10015","cweid":"525","confidence":"Medium","wascid":"13","description":"The cache-control and pragma HTTP header have not been set properly or are missing allowing the browser and proxies to cache content.","messageId":"166","url":"https://todoist.com/API/v8.7/sync","reference":"https://cheatsheetseries.owasp.org/cheatsheets/Session_Management_Cheat_Sheet.html#web-content-caching","solution":"Whenever possible ensure the cache-control HTTP header is set with no-cache, no-store, must-revalidate; and that the pragma HTTP header is set with no-cache.","alert":"Incomplete or No Cache-control and Pragma HTTP Header Set","param":"Cache-Control","attack":"","name":"Incomplete or No Cache-control and Pragma HTTP Header Set","risk":"Low","id":"656","alertRef":"10015"},{"sourceid":"3","other":"1344642991, which evaluates to: 2012-08-10 18:56:31","method":"POST","evidence":"1344642991","pluginId":"10096","cweid":"200","confidence":"Low","wascid":"13","description":"A timestamp was disclosed by the application/web server - Unix","messageId":"166","url":"https://todoist.com/API/v8.7/sync","reference":"http://projects.webappsec.org/w/page/13246936/Information%20Leakage","solution":"Manually confirm that the timestamp data is not sensitive, and that the data cannot be aggregated to disclose exploitable patterns.","alert":"Timestamp Disclosure - Unix","param":"","attack":"","name":"Timestamp Disclosure - Unix","risk":"Informational","id":"657","alertRef":"10096"},{"sourceid":"3","other":"33304136, which evaluates to: 1971-01-21 06:08:56","method":"POST","evidence":"33304136","pluginId":"10096","cweid":"200","confidence":"Low","wascid":"13","description":"A timestamp was disclosed by the application/web server - Unix","messageId":"166","url":"https://todoist.com/API/v8.7/sync","reference":"http://projects.webappsec.org/w/page/13246936/Information%20Leakage","solution":"Manually confirm that the timestamp data is not sensitive, and that the data cannot be aggregated to disclose exploitable patterns.","alert":"Timestamp Disclosure - Unix","param":"","attack":"","name":"Timestamp Disclosure - Unix","risk":"Informational","id":"658","alertRef":"10096"},{"sourceid":"3","other":"43476449, which evaluates to: 1971-05-18 23:47:29","method":"POST","evidence":"43476449","pluginId":"10096","cweid":"200","confidence":"Low","wascid":"13","description":"A timestamp was disclosed by the application/web server - Unix","messageId":"166","url":"https://todoist.com/API/v8.7/sync","reference":"http://projects.webappsec.org/w/page/13246936/Information%20Leakage","solution":"Manually confirm that the timestamp data is not sensitive, and that the data cannot be aggregated to disclose exploitable patterns.","alert":"Timestamp Disclosure - Unix","param":"","attack":"","name":"Timestamp Disclosure - Unix","risk":"Informational","id":"659","alertRef":"10096"},{"sourceid":"3","other":"43476450, which evaluates to: 1971-05-18 23:47:30","method":"POST","evidence":"43476450","pluginId":"10096","cweid":"200","confidence":"Low","wascid":"13","description":"A timestamp was disclosed by the application/web server - Unix","messageId":"166","url":"https://todoist.com/API/v8.7/sync","reference":"http://projects.webappsec.org/w/page/13246936/Information%20Leakage","solution":"Manually confirm that the timestamp data is not sensitive, and that the data cannot be aggregated to disclose exploitable patterns.","alert":"Timestamp Disclosure - Unix","param":"","attack":"","name":"Timestamp Disclosure - Unix","risk":"Informational","id":"674","alertRef":"10096"},{"sourceid":"3","other":"43476451, which evaluates to: 1971-05-18 23:47:31","method":"POST","evidence":"43476451","pluginId":"10096","cweid":"200","confidence":"Low","wascid":"13","description":"A timestamp was disclosed by the application/web server - Unix","messageId":"166","url":"https://todoist.com/API/v8.7/sync","reference":"http://projects.webappsec.org/w/page/13246936/Information%20Leakage","solution":"Manually confirm that the timestamp data is not sensitive, and that the data cannot be aggregated to disclose exploitable patterns.","alert":"Timestamp Disclosure - Unix","param":"","attack":"","name":"Timestamp Disclosure - Unix","risk":"Informational","id":"680","alertRef":"10096"},{"sourceid":"3","other":"43476452, which evaluates to: 1971-05-18 23:47:32","method":"POST","evidence":"43476452","pluginId":"10096","cweid":"200","confidence":"Low","wascid":"13","description":"A timestamp was disclosed by the application/web server - Unix","messageId":"166","url":"https://todoist.com/API/v8.7/sync","reference":"http://projects.webappsec.org/w/page/13246936/Information%20Leakage","solution":"Manually confirm that the timestamp data is not sensitive, and that the data cannot be aggregated to disclose exploitable patterns.","alert":"Timestamp Disclosure - Unix","param":"","attack":"","name":"Timestamp Disclosure - Unix","risk":"Informational","id":"686","alertRef":"10096"},{"sourceid":"3","other":"205325931, which evaluates to: 1976-07-04 05:58:51","method":"POST","evidence":"205325931","pluginId":"10096","cweid":"200","confidence":"Low","wascid":"13","description":"A timestamp was disclosed by the application/web server - Unix","messageId":"166","url":"https://todoist.com/API/v8.7/sync","reference":"http://projects.webappsec.org/w/page/13246936/Information%20Leakage","solution":"Manually confirm that the timestamp data is not sensitive, and that the data cannot be aggregated to disclose exploitable patterns.","alert":"Timestamp Disclosure - Unix","param":"","attack":"","name":"Timestamp Disclosure - Unix","risk":"Informational","id":"697","alertRef":"10096"},{"sourceid":"3","other":"This issue still applies to error type pages (401, 403, 500, etc.) as those pages are often still affected by injection issues, in which case there is still concern for browsers sniffing pages away from their actual content type.\nAt \"High\" threshold this scan rule will not alert on client or server error responses.","method":"POST","evidence":"","pluginId":"10021","cweid":"16","confidence":"Medium","wascid":"15","description":"The Anti-MIME-Sniffing header X-Content-Type-Options was not set to 'nosniff'. This allows older versions of Internet Explorer and Chrome to perform MIME-sniffing on the response body, potentially causing the response body to be interpreted and displayed as a content type other than the declared content type. Current (early 2014) and legacy versions of Firefox will use the declared content type (if one is set), rather than performing MIME-sniffing.","messageId":"166","url":"https://todoist.com/API/v8.7/sync","reference":"http://msdn.microsoft.com/en-us/library/ie/gg622941%28v=vs.85%29.aspx\nhttps://owasp.org/www-community/Security_Headers","solution":"Ensure that the application/web server sets the Content-Type header appropriately, and that it sets the X-Content-Type-Options header to 'nosniff' for all web pages.\nIf possible, ensure that the end user uses a standards-compliant and modern web browser that does not perform MIME-sniffing at all, or that can be directed by the web application/web server to not perform MIME-sniffing.","alert":"X-Content-Type-Options Header Missing","param":"X-Content-Type-Options","attack":"","name":"X-Content-Type-Options Header Missing","risk":"Low","id":"708","alertRef":"10021"}]}
Request URL: http://localhost:8080/JSON/ascan/view/status/?scanId=0
Request BODY: null
Response CODE: 200
Response BODY: {"status":"100"}
* Percentage Status: 100%
Request URL: http://localhost:8080/JSON/alert/view/alerts/?baseurl=https://todoist.com/
Request BODY: null
Response CODE: 200
Response BODY: {"alerts":[{"sourceid":"3","other":"","method":"GET","evidence":"Set-Cookie: AWSALB","pluginId":"10010","cweid":"16","confidence":"Medium","wascid":"13","description":"A cookie has been set without the HttpOnly flag, which means that the cookie can be accessed by JavaScript. If a malicious script can be run on this page then the cookie will be accessible and can be transmitted to another site. If this is a session cookie then session hijacking may be possible.","messageId":"3","url":"https://todoist.com/","reference":"https://owasp.org/www-community/HttpOnly","solution":"Ensure that the HttpOnly flag is set for all cookies.","alert":"Cookie No HttpOnly Flag","param":"AWSALB","attack":"","name":"Cookie No HttpOnly Flag","risk":"Low","id":"0","alertRef":"10010"},{"sourceid":"3","other":"","method":"GET","evidence":"Set-Cookie: AWSALBCORS","pluginId":"10010","cweid":"16","confidence":"Medium","wascid":"13","description":"A cookie has been set without the HttpOnly flag, which means that the cookie can be accessed by JavaScript. If a malicious script can be run on this page then the cookie will be accessible and can be transmitted to another site. If this is a session cookie then session hijacking may be possible.","messageId":"3","url":"https://todoist.com/","reference":"https://owasp.org/www-community/HttpOnly","solution":"Ensure that the HttpOnly flag is set for all cookies.","alert":"Cookie No HttpOnly Flag","param":"AWSALBCORS","attack":"","name":"Cookie No HttpOnly Flag","risk":"Low","id":"1","alertRef":"10010"},{"sourceid":"3","other":"","method":"GET","evidence":"Set-Cookie: _csrf","pluginId":"10010","cweid":"16","confidence":"Medium","wascid":"13","description":"A cookie has been set without the HttpOnly flag, which means that the cookie can be accessed by JavaScript. If a malicious script can be run on this page then the cookie will be accessible and can be transmitted to another site. If this is a session cookie then session hijacking may be possible.","messageId":"3","url":"https://todoist.com/","reference":"https://owasp.org/www-community/HttpOnly","solution":"Ensure that the HttpOnly flag is set for all cookies.","alert":"Cookie No HttpOnly Flag","param":"_csrf","attack":"","name":"Cookie No HttpOnly Flag","risk":"Low","id":"2","alertRef":"10010"},{"sourceid":"3","other":"","method":"GET","evidence":"Set-Cookie: next-i18next","pluginId":"10010","cweid":"16","confidence":"Medium","wascid":"13","description":"A cookie has been set without the HttpOnly flag, which means that the cookie can be accessed by JavaScript. If a malicious script can be run on this page then the cookie will be accessible and can be transmitted to another site. If this is a session cookie then session hijacking may be possible.","messageId":"3","url":"https://todoist.com/","reference":"https://owasp.org/www-community/HttpOnly","solution":"Ensure that the HttpOnly flag is set for all cookies.","alert":"Cookie No HttpOnly Flag","param":"next-i18next","attack":"","name":"Cookie No HttpOnly Flag","risk":"Low","id":"3","alertRef":"10010"},{"sourceid":"3","other":"","method":"GET","evidence":"Set-Cookie: AWSALB","pluginId":"10054","cweid":"16","confidence":"Medium","wascid":"13","description":"A cookie has been set without the SameSite attribute, which means that the cookie can be sent as a result of a 'cross-site' request. The SameSite attribute is an effective counter measure to cross-site request forgery, cross-site script inclusion, and timing attacks.","messageId":"3","url":"https://todoist.com/","reference":"https://tools.ietf.org/html/draft-ietf-httpbis-cookie-same-site","solution":"Ensure that the SameSite attribute is set to either 'lax' or ideally 'strict' for all cookies.","alert":"Cookie Without SameSite Attribute","param":"AWSALB","attack":"","name":"Cookie Without SameSite Attribute","risk":"Low","id":"4","alertRef":"10054"},{"sourceid":"3","other":"","method":"GET","evidence":"Set-Cookie: AWSALBCORS","pluginId":"10054","cweid":"16","confidence":"Medium","wascid":"13","description":"A cookie has been set with an invalid SameSite attribute value, which means that the cookie can be sent as a result of a 'cross-site' request. The SameSite attribute is an effective counter measure to cross-site request forgery, cross-site script inclusion, and timing attacks.","messageId":"3","url":"https://todoist.com/","reference":"https://tools.ietf.org/html/draft-ietf-httpbis-cookie-same-site","solution":"Ensure that the SameSite attribute is set to either 'lax' or ideally 'strict' for all cookies.","alert":"Cookie Without SameSite Attribute","param":"AWSALBCORS","attack":"","name":"Cookie Without SameSite Attribute","risk":"Low","id":"5","alertRef":"10054"},{"sourceid":"3","other":"","method":"GET","evidence":"Set-Cookie: _csrf","pluginId":"10054","cweid":"16","confidence":"Medium","wascid":"13","description":"A cookie has been set without the SameSite attribute, which means that the cookie can be sent as a result of a 'cross-site' request. The SameSite attribute is an effective counter measure to cross-site request forgery, cross-site script inclusion, and timing attacks.","messageId":"3","url":"https://todoist.com/","reference":"https://tools.ietf.org/html/draft-ietf-httpbis-cookie-same-site","solution":"Ensure that the SameSite attribute is set to either 'lax' or ideally 'strict' for all cookies.","alert":"Cookie Without SameSite Attribute","param":"_csrf","attack":"","name":"Cookie Without SameSite Attribute","risk":"Low","id":"6","alertRef":"10054"},{"sourceid":"3","other":"","method":"GET","evidence":"Set-Cookie: AWSALB","pluginId":"10011","cweid":"614","confidence":"Medium","wascid":"13","description":"A cookie has been set without the secure flag, which means that the cookie can be accessed via unencrypted connections.","messageId":"3","url":"https://todoist.com/","reference":"https://owasp.org/www-project-web-security-testing-guide/v41/4-Web_Application_Security_Testing/06-Session_Management_Testing/02-Testing_for_Cookies_Attributes.html","solution":"Whenever a cookie contains sensitive information or is a session token, then it should always be passed using an encrypted channel. Ensure that the secure flag is set for cookies containing such sensitive information.","alert":"Cookie Without Secure Flag","param":"AWSALB","attack":"","name":"Cookie Without Secure Flag","risk":"Low","id":"7","alertRef":"10011"},{"sourceid":"3","other":"","method":"GET","evidence":"Set-Cookie: _csrf","pluginId":"10011","cweid":"614","confidence":"Medium","wascid":"13","description":"A cookie has been set without the secure flag, which means that the cookie can be accessed via unencrypted connections.","messageId":"3","url":"https://todoist.com/","reference":"https://owasp.org/www-project-web-security-testing-guide/v41/4-Web_Application_Security_Testing/06-Session_Management_Testing/02-Testing_for_Cookies_Attributes.html","solution":"Whenever a cookie contains sensitive information or is a session token, then it should always be passed using an encrypted channel. Ensure that the secure flag is set for cookies containing such sensitive information.","alert":"Cookie Without Secure Flag","param":"_csrf","attack":"","name":"Cookie Without Secure Flag","risk":"Low","id":"8","alertRef":"10011"},{"sourceid":"3","other":"","method":"GET","evidence":"Set-Cookie: next-i18next","pluginId":"10011","cweid":"614","confidence":"Medium","wascid":"13","description":"A cookie has been set without the secure flag, which means that the cookie can be accessed via unencrypted connections.","messageId":"3","url":"https://todoist.com/","reference":"https://owasp.org/www-project-web-security-testing-guide/v41/4-Web_Application_Security_Testing/06-Session_Management_Testing/02-Testing_for_Cookies_Attributes.html","solution":"Whenever a cookie contains sensitive information or is a session token, then it should always be passed using an encrypted channel. Ensure that the secure flag is set for cookies containing such sensitive information.","alert":"Cookie Without Secure Flag","param":"next-i18next","attack":"","name":"Cookie Without Secure Flag","risk":"Low","id":"9","alertRef":"10011"},{"sourceid":"3","other":"","method":"GET","evidence":"","pluginId":"10015","cweid":"525","confidence":"Medium","wascid":"13","description":"The cache-control and pragma HTTP header have not been set properly or are missing allowing the browser and proxies to cache content.","messageId":"5","url":"https://todoist.com/es","reference":"https://cheatsheetseries.owasp.org/cheatsheets/Session_Management_Cheat_Sheet.html#web-content-caching","solution":"Whenever possible ensure the cache-control HTTP header is set with no-cache, no-store, must-revalidate; and that the pragma HTTP header is set with no-cache.","alert":"Incomplete or No Cache-control and Pragma HTTP Header Set","param":"Cache-Control","attack":"","name":"Incomplete or No Cache-control and Pragma HTTP Header Set","risk":"Low","id":"10","alertRef":"10015"},{"sourceid":"3","other":"","method":"GET","evidence":"Set-Cookie: AWSALB","pluginId":"10010","cweid":"16","confidence":"Medium","wascid":"13","description":"A cookie has been set without the HttpOnly flag, which means that the cookie can be accessed by JavaScript. If a malicious script can be run on this page then the cookie will be accessible and can be transmitted to another site. If this is a session cookie then session hijacking may be possible.","messageId":"5","url":"https://todoist.com/es","reference":"https://owasp.org/www-community/HttpOnly","solution":"Ensure that the HttpOnly flag is set for all cookies.","alert":"Cookie No HttpOnly Flag","param":"AWSALB","attack":"","name":"Cookie No HttpOnly Flag","risk":"Low","id":"11","alertRef":"10010"},{"sourceid":"3","other":"","method":"GET","evidence":"Set-Cookie: AWSALBCORS","pluginId":"10010","cweid":"16","confidence":"Medium","wascid":"13","description":"A cookie has been set without the HttpOnly flag, which means that the cookie can be accessed by JavaScript. If a malicious script can be run on this page then the cookie will be accessible and can be transmitted to another site. If this is a session cookie then session hijacking may be possible.","messageId":"5","url":"https://todoist.com/es","reference":"https://owasp.org/www-community/HttpOnly","solution":"Ensure that the HttpOnly flag is set for all cookies.","alert":"Cookie No HttpOnly Flag","param":"AWSALBCORS","attack":"","name":"Cookie No HttpOnly Flag","risk":"Low","id":"12","alertRef":"10010"},{"sourceid":"3","other":"","method":"GET","evidence":"Set-Cookie: next-i18next","pluginId":"10010","cweid":"16","confidence":"Medium","wascid":"13","description":"A cookie has been set without the HttpOnly flag, which means that the cookie can be accessed by JavaScript. If a malicious script can be run on this page then the cookie will be accessible and can be transmitted to another site. If this is a session cookie then session hijacking may be possible.","messageId":"5","url":"https://todoist.com/es","reference":"https://owasp.org/www-community/HttpOnly","solution":"Ensure that the HttpOnly flag is set for all cookies.","alert":"Cookie No HttpOnly Flag","param":"next-i18next","attack":"","name":"Cookie No HttpOnly Flag","risk":"Low","id":"13","alertRef":"10010"},{"sourceid":"3","other":"","method":"GET","evidence":"Set-Cookie: AWSALB","pluginId":"10054","cweid":"16","confidence":"Medium","wascid":"13","description":"A cookie has been set without the SameSite attribute, which means that the cookie can be sent as a result of a 'cross-site' request. The SameSite attribute is an effective counter measure to cross-site request forgery, cross-site script inclusion, and timing attacks.","messageId":"5","url":"https://todoist.com/es","reference":"https://tools.ietf.org/html/draft-ietf-httpbis-cookie-same-site","solution":"Ensure that the SameSite attribute is set to either 'lax' or ideally 'strict' for all cookies.","alert":"Cookie Without SameSite Attribute","param":"AWSALB","attack":"","name":"Cookie Without SameSite Attribute","risk":"Low","id":"14","alertRef":"10054"},{"sourceid":"3","other":"","method":"GET","evidence":"Set-Cookie: AWSALBCORS","pluginId":"10054","cweid":"16","confidence":"Medium","wascid":"13","description":"A cookie has been set with an invalid SameSite attribute value, which means that the cookie can be sent as a result of a 'cross-site' request. The SameSite attribute is an effective counter measure to cross-site request forgery, cross-site script inclusion, and timing attacks.","messageId":"5","url":"https://todoist.com/es","reference":"https://tools.ietf.org/html/draft-ietf-httpbis-cookie-same-site","solution":"Ensure that the SameSite attribute is set to either 'lax' or ideally 'strict' for all cookies.","alert":"Cookie Without SameSite Attribute","param":"AWSALBCORS","attack":"","name":"Cookie Without SameSite Attribute","risk":"Low","id":"15","alertRef":"10054"},{"sourceid":"3","other":"","method":"GET","evidence":"Set-Cookie: AWSALB","pluginId":"10011","cweid":"614","confidence":"Medium","wascid":"13","description":"A cookie has been set without the secure flag, which means that the cookie can be accessed via unencrypted connections.","messageId":"5","url":"https://todoist.com/es","reference":"https://owasp.org/www-project-web-security-testing-guide/v41/4-Web_Application_Security_Testing/06-Session_Management_Testing/02-Testing_for_Cookies_Attributes.html","solution":"Whenever a cookie contains sensitive information or is a session token, then it should always be passed using an encrypted channel. Ensure that the secure flag is set for cookies containing such sensitive information.","alert":"Cookie Without Secure Flag","param":"AWSALB","attack":"","name":"Cookie Without Secure Flag","risk":"Low","id":"16","alertRef":"10011"},{"sourceid":"3","other":"","method":"GET","evidence":"Set-Cookie: next-i18next","pluginId":"10011","cweid":"614","confidence":"Medium","wascid":"13","description":"A cookie has been set without the secure flag, which means that the cookie can be accessed via unencrypted connections.","messageId":"5","url":"https://todoist.com/es","reference":"https://owasp.org/www-project-web-security-testing-guide/v41/4-Web_Application_Security_Testing/06-Session_Management_Testing/02-Testing_for_Cookies_Attributes.html","solution":"Whenever a cookie contains sensitive information or is a session token, then it should always be passed using an encrypted channel. Ensure that the secure flag is set for cookies containing such sensitive information.","alert":"Cookie Without Secure Flag","param":"next-i18next","attack":"","name":"Cookie Without Secure Flag","risk":"Low","id":"17","alertRef":"10011"},{"sourceid":"3","other":"","method":"GET","evidence":"<script src=\"https://www.googleoptimize.com/optimize.js?id=OPT-PNP389R\"><\/script>","pluginId":"10017","cweid":"829","confidence":"Medium","wascid":"15","description":"The page includes one or more script files from a third-party domain.","messageId":"5","url":"https://todoist.com/es","reference":"","solution":"Ensure JavaScript source files are loaded from only trusted sources, and the sources can't be controlled by end users of the application.","alert":"Cross-Domain JavaScript Source File Inclusion","param":"https://www.googleoptimize.com/optimize.js?id=OPT-PNP389R","attack":"","name":"Cross-Domain JavaScript Source File Inclusion","risk":"Low","id":"18","alertRef":"10017"},{"sourceid":"3","other":"The following pattern was used: \\bTODO\\b and was detected in the element starting with: \"<script id=\"__NEXT_DATA__\" type=\"application/json\">{\"props\":{\"initialI18nStore\":{\"es\":{\"index\":{\"seoTitle\":\"Todoist: La \\\"to do \", see evidence field for the suspicious comment/snippet.","method":"GET","evidence":"todo","pluginId":"10027","cweid":"200","confidence":"Low","wascid":"13","description":"The response appears to contain suspicious comments which may help an attacker. Note: Matches made within script blocks or files are against the entire content not only comments.","messageId":"5","url":"https://todoist.com/es","reference":"","solution":"Remove all comments that return information that may help an attacker and fix any underlying problems they refer to.","alert":"Information Disclosure - Suspicious Comments","param":"","attack":"","name":"Information Disclosure - Suspicious Comments","risk":"Informational","id":"19","alertRef":"10027"},{"sourceid":"3","other":"This issue still applies to error type pages (401, 403, 500, etc.) as those pages are often still affected by injection issues, in which case there is still concern for browsers sniffing pages away from their actual content type.\nAt \"High\" threshold this scan rule will not alert on client or server error responses.","method":"GET","evidence":"","pluginId":"10021","cweid":"16","confidence":"Medium","wascid":"15","description":"The Anti-MIME-Sniffing header X-Content-Type-Options was not set to 'nosniff'. This allows older versions of Internet Explorer and Chrome to perform MIME-sniffing on the response body, potentially causing the response body to be interpreted and displayed as a content type other than the declared content type. Current (early 2014) and legacy versions of Firefox will use the declared content type (if one is set), rather than performing MIME-sniffing.","messageId":"5","url":"https://todoist.com/es","reference":"http://msdn.microsoft.com/en-us/library/ie/gg622941%28v=vs.85%29.aspx\nhttps://owasp.org/www-community/Security_Headers","solution":"Ensure that the application/web server sets the Content-Type header appropriately, and that it sets the X-Content-Type-Options header to 'nosniff' for all web pages.\nIf possible, ensure that the end user uses a standards-compliant and modern web browser that does not perform MIME-sniffing at all, or that can be directed by the web application/web server to not perform MIME-sniffing.","alert":"X-Content-Type-Options Header Missing","param":"X-Content-Type-Options","attack":"","name":"X-Content-Type-Options Header Missing","risk":"Low","id":"20","alertRef":"10021"},{"sourceid":"3","other":"","method":"GET","evidence":"public, max-age=31536000, immutable","pluginId":"10015","cweid":"525","confidence":"Medium","wascid":"13","description":"The cache-control and pragma HTTP header have not been set properly or are missing allowing the browser and proxies to cache content.","messageId":"6","url":"https://todoist.com/_next/static/css/a5174a254d143c3d3d02321814728bdd71b6ab95_CSS.d9deec97.chunk.css","reference":"https://cheatsheetseries.owasp.org/cheatsheets/Session_Management_Cheat_Sheet.html#web-content-caching","solution":"Whenever possible ensure the cache-control HTTP header is set with no-cache, no-store, must-revalidate; and that the pragma HTTP header is set with no-cache.","alert":"Incomplete or No Cache-control and Pragma HTTP Header Set","param":"Cache-Control","attack":"","name":"Incomplete or No Cache-control and Pragma HTTP Header Set","risk":"Low","id":"21","alertRef":"10015"},{"sourceid":"3","other":"This issue still applies to error type pages (401, 403, 500, etc.) as those pages are often still affected by injection issues, in which case there is still concern for browsers sniffing pages away from their actual content type.\nAt \"High\" threshold this scan rule will not alert on client or server error responses.","method":"GET","evidence":"","pluginId":"10021","cweid":"16","confidence":"Medium","wascid":"15","description":"The Anti-MIME-Sniffing header X-Content-Type-Options was not set to 'nosniff'. This allows older versions of Internet Explorer and Chrome to perform MIME-sniffing on the response body, potentially causing the response body to be interpreted and displayed as a content type other than the declared content type. Current (early 2014) and legacy versions of Firefox will use the declared content type (if one is set), rather than performing MIME-sniffing.","messageId":"6","url":"https://todoist.com/_next/static/css/a5174a254d143c3d3d02321814728bdd71b6ab95_CSS.d9deec97.chunk.css","reference":"http://msdn.microsoft.com/en-us/library/ie/gg622941%28v=vs.85%29.aspx\nhttps://owasp.org/www-community/Security_Headers","solution":"Ensure that the application/web server sets the Content-Type header appropriately, and that it sets the X-Content-Type-Options header to 'nosniff' for all web pages.\nIf possible, ensure that the end user uses a standards-compliant and modern web browser that does not perform MIME-sniffing at all, or that can be directed by the web application/web server to not perform MIME-sniffing.","alert":"X-Content-Type-Options Header Missing","param":"X-Content-Type-Options","attack":"","name":"X-Content-Type-Options Header Missing","risk":"Low","id":"22","alertRef":"10021"},{"sourceid":"3","other":"This issue still applies to error type pages (401, 403, 500, etc.) as those pages are often still affected by injection issues, in which case there is still concern for browsers sniffing pages away from their actual content type.\nAt \"High\" threshold this scan rule will not alert on client or server error responses.","method":"GET","evidence":"","pluginId":"10021","cweid":"16","confidence":"Medium","wascid":"15","description":"The Anti-MIME-Sniffing header X-Content-Type-Options was not set to 'nosniff'. This allows older versions of Internet Explorer and Chrome to perform MIME-sniffing on the response body, potentially causing the response body to be interpreted and displayed as a content type other than the declared content type. Current (early 2014) and legacy versions of Firefox will use the declared content type (if one is set), rather than performing MIME-sniffing.","messageId":"10","url":"https://todoist.com/_next/static/chunks/webpack-3bde8603facc0c807a2b.js","reference":"http://msdn.microsoft.com/en-us/library/ie/gg622941%28v=vs.85%29.aspx\nhttps://owasp.org/www-community/Security_Headers","solution":"Ensure that the application/web server sets the Content-Type header appropriately, and that it sets the X-Content-Type-Options header to 'nosniff' for all web pages.\nIf possible, ensure that the end user uses a standards-compliant and modern web browser that does not perform MIME-sniffing at all, or that can be directed by the web application/web server to not perform MIME-sniffing.","alert":"X-Content-Type-Options Header Missing","param":"X-Content-Type-Options","attack":"","name":"X-Content-Type-Options Header Missing","risk":"Low","id":"23","alertRef":"10021"},{"sourceid":"3","other":"","method":"GET","evidence":"public, max-age=31536000, immutable","pluginId":"10015","cweid":"525","confidence":"Medium","wascid":"13","description":"The cache-control and pragma HTTP header have not been set properly or are missing allowing the browser and proxies to cache content.","messageId":"12","url":"https://todoist.com/_next/static/css/pages/index.e740e94c.chunk.css","reference":"https://cheatsheetseries.owasp.org/cheatsheets/Session_Management_Cheat_Sheet.html#web-content-caching","solution":"Whenever possible ensure the cache-control HTTP header is set with no-cache, no-store, must-revalidate; and that the pragma HTTP header is set with no-cache.","alert":"Incomplete or No Cache-control and Pragma HTTP Header Set","param":"Cache-Control","attack":"","name":"Incomplete or No Cache-control and Pragma HTTP Header Set","risk":"Low","id":"24","alertRef":"10015"},{"sourceid":"3","other":"This issue still applies to error type pages (401, 403, 500, etc.) as those pages are often still affected by injection issues, in which case there is still concern for browsers sniffing pages away from their actual content type.\nAt \"High\" threshold this scan rule will not alert on client or server error responses.","method":"GET","evidence":"","pluginId":"10021","cweid":"16","confidence":"Medium","wascid":"15","description":"The Anti-MIME-Sniffing header X-Content-Type-Options was not set to 'nosniff'. This allows older versions of Internet Explorer and Chrome to perform MIME-sniffing on the response body, potentially causing the response body to be interpreted and displayed as a content type other than the declared content type. Current (early 2014) and legacy versions of Firefox will use the declared content type (if one is set), rather than performing MIME-sniffing.","messageId":"12","url":"https://todoist.com/_next/static/css/pages/index.e740e94c.chunk.css","reference":"http://msdn.microsoft.com/en-us/library/ie/gg622941%28v=vs.85%29.aspx\nhttps://owasp.org/www-community/Security_Headers","solution":"Ensure that the application/web server sets the Content-Type header appropriately, and that it sets the X-Content-Type-Options header to 'nosniff' for all web pages.\nIf possible, ensure that the end user uses a standards-compliant and modern web browser that does not perform MIME-sniffing at all, or that can be directed by the web application/web server to not perform MIME-sniffing.","alert":"X-Content-Type-Options Header Missing","param":"X-Content-Type-Options","attack":"","name":"X-Content-Type-Options Header Missing","risk":"Low","id":"25","alertRef":"10021"},{"sourceid":"3","other":"The following pattern was used: \\bQUERY\\b and was detected in the element starting with: \"_N_E=(window.webpackJsonp_N_E=window.webpackJsonp_N_E||[]).push([[28],{\"0sNQ\":function(e,t){\"trimStart\"in String.prototype||(Str\", see evidence field for the suspicious comment/snippet.","method":"GET","evidence":"query","pluginId":"10027","cweid":"200","confidence":"Low","wascid":"13","description":"The response appears to contain suspicious comments which may help an attacker. Note: Matches made within script blocks or files are against the entire content not only comments.","messageId":"13","url":"https://todoist.com/_next/static/chunks/main-1ca0aabf0fb4e4d9fa88.js","reference":"","solution":"Remove all comments that return information that may help an attacker and fix any underlying problems they refer to.","alert":"Information Disclosure - Suspicious Comments","param":"","attack":"","name":"Information Disclosure - Suspicious Comments","risk":"Informational","id":"26","alertRef":"10027"},{"sourceid":"3","other":"This issue still applies to error type pages (401, 403, 500, etc.) as those pages are often still affected by injection issues, in which case there is still concern for browsers sniffing pages away from their actual content type.\nAt \"High\" threshold this scan rule will not alert on client or server error responses.","method":"GET","evidence":"","pluginId":"10021","cweid":"16","confidence":"Medium","wascid":"15","description":"The Anti-MIME-Sniffing header X-Content-Type-Options was not set to 'nosniff'. This allows older versions of Internet Explorer and Chrome to perform MIME-sniffing on the response body, potentially causing the response body to be interpreted and displayed as a content type other than the declared content type. Current (early 2014) and legacy versions of Firefox will use the declared content type (if one is set), rather than performing MIME-sniffing.","messageId":"13","url":"https://todoist.com/_next/static/chunks/main-1ca0aabf0fb4e4d9fa88.js","reference":"http://msdn.microsoft.com/en-us/library/ie/gg622941%28v=vs.85%29.aspx\nhttps://owasp.org/www-community/Security_Headers","solution":"Ensure that the application/web server sets the Content-Type header appropriately, and that it sets the X-Content-Type-Options header to 'nosniff' for all web pages.\nIf possible, ensure that the end user uses a standards-compliant and modern web browser that does not perform MIME-sniffing at all, or that can be directed by the web application/web server to not perform MIME-sniffing.","alert":"X-Content-Type-Options Header Missing","param":"X-Content-Type-Options","attack":"","name":"X-Content-Type-Options Header Missing","risk":"Low","id":"27","alertRef":"10021"},{"sourceid":"3","other":"The following pattern was used: \\bSELECT\\b and was detected in the element starting with: \"(window.webpackJsonp_N_E=window.webpackJsonp_N_E||[]).push([[2],{\"+wdc\":function(e,t,n){\"use strict\";var r,l,i,a,o;if(\"undefined\", see evidence field for the suspicious comment/snippet.","method":"GET","evidence":"select","pluginId":"10027","cweid":"200","confidence":"Low","wascid":"13","description":"The response appears to contain suspicious comments which may help an attacker. Note: Matches made within script blocks or files are against the entire content not only comments.","messageId":"15","url":"https://todoist.com/_next/static/chunks/framework.dc73b2df61134dea1baf.js","reference":"","solution":"Remove all comments that return information that may help an attacker and fix any underlying problems they refer to.","alert":"Information Disclosure - Suspicious Comments","param":"","attack":"","name":"Information Disclosure - Suspicious Comments","risk":"Informational","id":"28","alertRef":"10027"},{"sourceid":"3","other":"1073741823, which evaluates to: 2004-01-10 08:37:03","method":"GET","evidence":"1073741823","pluginId":"10096","cweid":"200","confidence":"Low","wascid":"13","description":"A timestamp was disclosed by the application/web server - Unix","messageId":"15","url":"https://todoist.com/_next/static/chunks/framework.dc73b2df61134dea1baf.js","reference":"http://projects.webappsec.org/w/page/13246936/Information%20Leakage","solution":"Manually confirm that the timestamp data is not sensitive, and that the data cannot be aggregated to disclose exploitable patterns.","alert":"Timestamp Disclosure - Unix","param":"","attack":"","name":"Timestamp Disclosure - Unix","risk":"Informational","id":"29","alertRef":"10096"},{"sourceid":"3","other":"1073741821, which evaluates to: 2004-01-10 08:37:01","method":"GET","evidence":"1073741821","pluginId":"10096","cweid":"200","confidence":"Low","wascid":"13","description":"A timestamp was disclosed by the application/web server - Unix","messageId":"15","url":"https://todoist.com/_next/static/chunks/framework.dc73b2df61134dea1baf.js","reference":"http://projects.webappsec.org/w/page/13246936/Information%20Leakage","solution":"Manually confirm that the timestamp data is not sensitive, and that the data cannot be aggregated to disclose exploitable patterns.","alert":"Timestamp Disclosure - Unix","param":"","attack":"","name":"Timestamp Disclosure - Unix","risk":"Informational","id":"30","alertRef":"10096"},{"sourceid":"3","other":"1073741822, which evaluates to: 2004-01-10 08:37:02","method":"GET","evidence":"1073741822","pluginId":"10096","cweid":"200","confidence":"Low","wascid":"13","description":"A timestamp was disclosed by the application/web server - Unix","messageId":"15","url":"https://todoist.com/_next/static/chunks/framework.dc73b2df61134dea1baf.js","reference":"http://projects.webappsec.org/w/page/13246936/Information%20Leakage","solution":"Manually confirm that the timestamp data is not sensitive, and that the data cannot be aggregated to disclose exploitable patterns.","alert":"Timestamp Disclosure - Unix","param":"","attack":"","name":"Timestamp Disclosure - Unix","risk":"Informational","id":"42","alertRef":"10096"},{"sourceid":"3","other":"This issue still applies to error type pages (401, 403, 500, etc.) as those pages are often still affected by injection issues, in which case there is still concern for browsers sniffing pages away from their actual content type.\nAt \"High\" threshold this scan rule will not alert on client or server error responses.","method":"GET","evidence":"","pluginId":"10021","cweid":"16","confidence":"Medium","wascid":"15","description":"The Anti-MIME-Sniffing header X-Content-Type-Options was not set to 'nosniff'. This allows older versions of Internet Explorer and Chrome to perform MIME-sniffing on the response body, potentially causing the response body to be interpreted and displayed as a content type other than the declared content type. Current (early 2014) and legacy versions of Firefox will use the declared content type (if one is set), rather than performing MIME-sniffing.","messageId":"15","url":"https://todoist.com/_next/static/chunks/framework.dc73b2df61134dea1baf.js","reference":"http://msdn.microsoft.com/en-us/library/ie/gg622941%28v=vs.85%29.aspx\nhttps://owasp.org/www-community/Security_Headers","solution":"Ensure that the application/web server sets the Content-Type header appropriately, and that it sets the X-Content-Type-Options header to 'nosniff' for all web pages.\nIf possible, ensure that the end user uses a standards-compliant and modern web browser that does not perform MIME-sniffing at all, or that can be directed by the web application/web server to not perform MIME-sniffing.","alert":"X-Content-Type-Options Header Missing","param":"X-Content-Type-Options","attack":"","name":"X-Content-Type-Options Header Missing","risk":"Low","id":"70","alertRef":"10021"},{"sourceid":"3","other":"The following pattern was used: \\bQUERY\\b and was detected in the element starting with: \"(window.webpackJsonp_N_E=window.webpackJsonp_N_E||[]).push([[0],{\"/GRZ\":function(e,t){e.exports=function(e,t){if(!(e instanceof \", see evidence field for the suspicious comment/snippet.","method":"GET","evidence":"query","pluginId":"10027","cweid":"200","confidence":"Low","wascid":"13","description":"The response appears to contain suspicious comments which may help an attacker. Note: Matches made within script blocks or files are against the entire content not only comments.","messageId":"16","url":"https://todoist.com/_next/static/chunks/commons.7f9eaa719ef400edb831.js","reference":"","solution":"Remove all comments that return information that may help an attacker and fix any underlying problems they refer to.","alert":"Information Disclosure - Suspicious Comments","param":"","attack":"","name":"Information Disclosure - Suspicious Comments","risk":"Informational","id":"71","alertRef":"10027"},{"sourceid":"3","other":"This issue still applies to error type pages (401, 403, 500, etc.) as those pages are often still affected by injection issues, in which case there is still concern for browsers sniffing pages away from their actual content type.\nAt \"High\" threshold this scan rule will not alert on client or server error responses.","method":"GET","evidence":"","pluginId":"10021","cweid":"16","confidence":"Medium","wascid":"15","description":"The Anti-MIME-Sniffing header X-Content-Type-Options was not set to 'nosniff'. This allows older versions of Internet Explorer and Chrome to perform MIME-sniffing on the response body, potentially causing the response body to be interpreted and displayed as a content type other than the declared content type. Current (early 2014) and legacy versions of Firefox will use the declared content type (if one is set), rather than performing MIME-sniffing.","messageId":"16","url":"https://todoist.com/_next/static/chunks/commons.7f9eaa719ef400edb831.js","reference":"http://msdn.microsoft.com/en-us/library/ie/gg622941%28v=vs.85%29.aspx\nhttps://owasp.org/www-community/Security_Headers","solution":"Ensure that the application/web server sets the Content-Type header appropriately, and that it sets the X-Content-Type-Options header to 'nosniff' for all web pages.\nIf possible, ensure that the end user uses a standards-compliant and modern web browser that does not perform MIME-sniffing at all, or that can be directed by the web application/web server to not perform MIME-sniffing.","alert":"X-Content-Type-Options Header Missing","param":"X-Content-Type-Options","attack":"","name":"X-Content-Type-Options Header Missing","risk":"Low","id":"72","alertRef":"10021"},{"sourceid":"3","other":"","method":"GET","evidence":"public, max-age=31536000, immutable","pluginId":"10015","cweid":"525","confidence":"Medium","wascid":"13","description":"The cache-control and pragma HTTP header have not been set properly or are missing allowing the browser and proxies to cache content.","messageId":"17","url":"https://todoist.com/_next/static/css/styles.0f6e09ec.chunk.css","reference":"https://cheatsheetseries.owasp.org/cheatsheets/Session_Management_Cheat_Sheet.html#web-content-caching","solution":"Whenever possible ensure the cache-control HTTP header is set with no-cache, no-store, must-revalidate; and that the pragma HTTP header is set with no-cache.","alert":"Incomplete or No Cache-control and Pragma HTTP Header Set","param":"Cache-Control","attack":"","name":"Incomplete or No Cache-control and Pragma HTTP Header Set","risk":"Low","id":"73","alertRef":"10015"},{"sourceid":"3","other":"This issue still applies to error type pages (401, 403, 500, etc.) as those pages are often still affected by injection issues, in which case there is still concern for browsers sniffing pages away from their actual content type.\nAt \"High\" threshold this scan rule will not alert on client or server error responses.","method":"GET","evidence":"","pluginId":"10021","cweid":"16","confidence":"Medium","wascid":"15","description":"The Anti-MIME-Sniffing header X-Content-Type-Options was not set to 'nosniff'. This allows older versions of Internet Explorer and Chrome to perform MIME-sniffing on the response body, potentially causing the response body to be interpreted and displayed as a content type other than the declared content type. Current (early 2014) and legacy versions of Firefox will use the declared content type (if one is set), rather than performing MIME-sniffing.","messageId":"17","url":"https://todoist.com/_next/static/css/styles.0f6e09ec.chunk.css","reference":"http://msdn.microsoft.com/en-us/library/ie/gg622941%28v=vs.85%29.aspx\nhttps://owasp.org/www-community/Security_Headers","solution":"Ensure that the application/web server sets the Content-Type header appropriately, and that it sets the X-Content-Type-Options header to 'nosniff' for all web pages.\nIf possible, ensure that the end user uses a standards-compliant and modern web browser that does not perform MIME-sniffing at all, or that can be directed by the web application/web server to not perform MIME-sniffing.","alert":"X-Content-Type-Options Header Missing","param":"X-Content-Type-Options","attack":"","name":"X-Content-Type-Options Header Missing","risk":"Low","id":"74","alertRef":"10021"},{"sourceid":"3","other":"The following pattern was used: \\bUSER\\b and was detected in the element starting with: \"(window.webpackJsonp_N_E=window.webpackJsonp_N_E||[]).push([[5],{\"2SVd\":function(e,t,n){\"use strict\";e.exports=function(e){retur\", see evidence field for the suspicious comment/snippet.","method":"GET","evidence":"user","pluginId":"10027","cweid":"200","confidence":"Low","wascid":"13","description":"The response appears to contain suspicious comments which may help an attacker. Note: Matches made within script blocks or files are against the entire content not only comments.","messageId":"18","url":"https://todoist.com/_next/static/chunks/98618d58f2d1dd3f4c8f42b4970db65e004fbfe5.6c003068d2db4fbc855f.js","reference":"","solution":"Remove all comments that return information that may help an attacker and fix any underlying problems they refer to.","alert":"Information Disclosure - Suspicious Comments","param":"","attack":"","name":"Information Disclosure - Suspicious Comments","risk":"Informational","id":"75","alertRef":"10027"},{"sourceid":"3","other":"This issue still applies to error type pages (401, 403, 500, etc.) as those pages are often still affected by injection issues, in which case there is still concern for browsers sniffing pages away from their actual content type.\nAt \"High\" threshold this scan rule will not alert on client or server error responses.","method":"GET","evidence":"","pluginId":"10021","cweid":"16","confidence":"Medium","wascid":"15","description":"The Anti-MIME-Sniffing header X-Content-Type-Options was not set to 'nosniff'. This allows older versions of Internet Explorer and Chrome to perform MIME-sniffing on the response body, potentially causing the response body to be interpreted and displayed as a content type other than the declared content type. Current (early 2014) and legacy versions of Firefox will use the declared content type (if one is set), rather than performing MIME-sniffing.","messageId":"18","url":"https://todoist.com/_next/static/chunks/98618d58f2d1dd3f4c8f42b4970db65e004fbfe5.6c003068d2db4fbc855f.js","reference":"http://msdn.microsoft.com/en-us/library/ie/gg622941%28v=vs.85%29.aspx\nhttps://owasp.org/www-community/Security_Headers","solution":"Ensure that the application/web server sets the Content-Type header appropriately, and that it sets the X-Content-Type-Options header to 'nosniff' for all web pages.\nIf possible, ensure that the end user uses a standards-compliant and modern web browser that does not perform MIME-sniffing at all, or that can be directed by the web application/web server to not perform MIME-sniffing.","alert":"X-Content-Type-Options Header Missing","param":"X-Content-Type-Options","attack":"","name":"X-Content-Type-Options Header Missing","risk":"Low","id":"76","alertRef":"10021"},{"sourceid":"3","other":"The following pattern was used: \\bSELECT\\b and was detected in the element starting with: \"(window.webpackJsonp_N_E=window.webpackJsonp_N_E||[]).push([[3],{\"+ipW\":function(e,t,r){\"use strict\";r.d(t,\"a\",(function(){retur\", see evidence field for the suspicious comment/snippet.","method":"GET","evidence":"SELECT","pluginId":"10027","cweid":"200","confidence":"Low","wascid":"13","description":"The response appears to contain suspicious comments which may help an attacker. Note: Matches made within script blocks or files are against the entire content not only comments.","messageId":"19","url":"https://todoist.com/_next/static/chunks/0e8f85b20ed9ab0a6102c8b8298bac1d6cb4c89b.0fe8d2aa3a66f036f1d2.js","reference":"","solution":"Remove all comments that return information that may help an attacker and fix any underlying problems they refer to.","alert":"Information Disclosure - Suspicious Comments","param":"","attack":"","name":"Information Disclosure - Suspicious Comments","risk":"Informational","id":"77","alertRef":"10027"},{"sourceid":"3","other":"268435455, which evaluates to: 1978-07-04 16:24:15","method":"GET","evidence":"268435455","pluginId":"10096","cweid":"200","confidence":"Low","wascid":"13","description":"A timestamp was disclosed by the application/web server - Unix","messageId":"19","url":"https://todoist.com/_next/static/chunks/0e8f85b20ed9ab0a6102c8b8298bac1d6cb4c89b.0fe8d2aa3a66f036f1d2.js","reference":"http://projects.webappsec.org/w/page/13246936/Information%20Leakage","solution":"Manually confirm that the timestamp data is not sensitive, and that the data cannot be aggregated to disclose exploitable patterns.","alert":"Timestamp Disclosure - Unix","param":"","attack":"","name":"Timestamp Disclosure - Unix","risk":"Informational","id":"78","alertRef":"10096"},{"sourceid":"3","other":"1732584193, which evaluates to: 2024-11-25 20:23:13","method":"GET","evidence":"1732584193","pluginId":"10096","cweid":"200","confidence":"Low","wascid":"13","description":"A timestamp was disclosed by the application/web server - Unix","messageId":"19","url":"https://todoist.com/_next/static/chunks/0e8f85b20ed9ab0a6102c8b8298bac1d6cb4c89b.0fe8d2aa3a66f036f1d2.js","reference":"http://projects.webappsec.org/w/page/13246936/Information%20Leakage","solution":"Manually confirm that the timestamp data is not sensitive, and that the data cannot be aggregated to disclose exploitable patterns.","alert":"Timestamp Disclosure - Unix","param":"","attack":"","name":"Timestamp Disclosure - Unix","risk":"Informational","id":"80","alertRef":"10096"},{"sourceid":"3","other":"271733879, which evaluates to: 1978-08-11 20:37:59","method":"GET","evidence":"271733879","pluginId":"10096","cweid":"200","confidence":"Low","wascid":"13","description":"A timestamp was disclosed by the application/web server - Unix","messageId":"19","url":"https://todoist.com/_next/static/chunks/0e8f85b20ed9ab0a6102c8b8298bac1d6cb4c89b.0fe8d2aa3a66f036f1d2.js","reference":"http://projects.webappsec.org/w/page/13246936/Information%20Leakage","solution":"Manually confirm that the timestamp data is not sensitive, and that the data cannot be aggregated to disclose exploitable patterns.","alert":"Timestamp Disclosure - Unix","param":"","attack":"","name":"Timestamp Disclosure - Unix","risk":"Informational","id":"81","alertRef":"10096"},{"sourceid":"3","other":"1732584194, which evaluates to: 2024-11-25 20:23:14","method":"GET","evidence":"1732584194","pluginId":"10096","cweid":"200","confidence":"Low","wascid":"13","description":"A timestamp was disclosed by the application/web server - Unix","messageId":"19","url":"https://todoist.com/_next/static/chunks/0e8f85b20ed9ab0a6102c8b8298bac1d6cb4c89b.0fe8d2aa3a66f036f1d2.js","reference":"http://projects.webappsec.org/w/page/13246936/Information%20Leakage","solution":"Manually confirm that the timestamp data is not sensitive, and that the data cannot be aggregated to disclose exploitable patterns.","alert":"Timestamp Disclosure - Unix","param":"","attack":"","name":"Timestamp Disclosure - Unix","risk":"Informational","id":"82","alertRef":"10096"},{"sourceid":"3","other":"271733878, which evaluates to: 1978-08-11 20:37:58","method":"GET","evidence":"271733878","pluginId":"10096","cweid":"200","confidence":"Low","wascid":"13","description":"A timestamp was disclosed by the application/web server - Unix","messageId":"19","url":"https://todoist.com/_next/static/chunks/0e8f85b20ed9ab0a6102c8b8298bac1d6cb4c89b.0fe8d2aa3a66f036f1d2.js","reference":"http://projects.webappsec.org/w/page/13246936/Information%20Leakage","solution":"Manually confirm that the timestamp data is not sensitive, and that the data cannot be aggregated to disclose exploitable patterns.","alert":"Timestamp Disclosure - Unix","param":"","attack":"","name":"Timestamp Disclosure - Unix","risk":"Informational","id":"83","alertRef":"10096"},{"sourceid":"3","other":"680876936, which evaluates to: 1991-07-30 07:28:56","method":"GET","evidence":"680876936","pluginId":"10096","cweid":"200","confidence":"Low","wascid":"13","description":"A timestamp was disclosed by the application/web server - Unix","messageId":"19","url":"https://todoist.com/_next/static/chunks/0e8f85b20ed9ab0a6102c8b8298bac1d6cb4c89b.0fe8d2aa3a66f036f1d2.js","reference":"http://projects.webappsec.org/w/page/13246936/Information%20Leakage","solution":"Manually confirm that the timestamp data is not sensitive, and that the data cannot be aggregated to disclose exploitable patterns.","alert":"Timestamp Disclosure - Unix","param":"","attack":"","name":"Timestamp Disclosure - Unix","risk":"Informational","id":"84","alertRef":"10096"},{"sourceid":"3","other":"389564586, which evaluates to: 1982-05-06 15:23:06","method":"GET","evidence":"389564586","pluginId":"10096","cweid":"200","confidence":"Low","wascid":"13","description":"A timestamp was disclosed by the application/web server - Unix","messageId":"19","url":"https://todoist.com/_next/static/chunks/0e8f85b20ed9ab0a6102c8b8298bac1d6cb4c89b.0fe8d2aa3a66f036f1d2.js","reference":"http://projects.webappsec.org/w/page/13246936/Information%20Leakage","solution":"Manually confirm that the timestamp data is not sensitive, and that the data cannot be aggregated to disclose exploitable patterns.","alert":"Timestamp Disclosure - Unix","param":"","attack":"","name":"Timestamp Disclosure - Unix","risk":"Informational","id":"85","alertRef":"10096"},{"sourceid":"3","other":"606105819, which evaluates to: 1989-03-16 21:43:39","method":"GET","evidence":"606105819","pluginId":"10096","cweid":"200","confidence":"Low","wascid":"13","description":"A timestamp was disclosed by the application/web server - Unix","messageId":"19","url":"https://todoist.com/_next/static/chunks/0e8f85b20ed9ab0a6102c8b8298bac1d6cb4c89b.0fe8d2aa3a66f036f1d2.js","reference":"http://projects.webappsec.org/w/page/13246936/Information%20Leakage","solution":"Manually confirm that the timestamp data is not sensitive, and that the data cannot be aggregated to disclose exploitable patterns.","alert":"Timestamp Disclosure - Unix","param":"","attack":"","name":"Timestamp Disclosure - Unix","risk":"Informational","id":"86","alertRef":"10096"},{"sourceid":"3","other":"1044525330, which evaluates to: 2003-02-06 04:55:30","method":"GET","evidence":"1044525330","pluginId":"10096","cweid":"200","confidence":"Low","wascid":"13","description":"A timestamp was disclosed by the application/web server - Unix","messageId":"19","url":"https://todoist.com/_next/static/chunks/0e8f85b20ed9ab0a6102c8b8298bac1d6cb4c89b.0fe8d2aa3a66f036f1d2.js","reference":"http://projects.webappsec.org/w/page/13246936/Information%20Leakage","solution":"Manually confirm that the timestamp data is not sensitive, and that the data cannot be aggregated to disclose exploitable patterns.","alert":"Timestamp Disclosure - Unix","param":"","attack":"","name":"Timestamp Disclosure - Unix","risk":"Informational","id":"87","alertRef":"10096"},{"sourceid":"3","other":"176418897, which evaluates to: 1975-08-04 16:14:57","method":"GET","evidence":"176418897","pluginId":"10096","cweid":"200","confidence":"Low","wascid":"13","description":"A timestamp was disclosed by the application/web server - Unix","messageId":"19","url":"https://todoist.com/_next/static/chunks/0e8f85b20ed9ab0a6102c8b8298bac1d6cb4c89b.0fe8d2aa3a66f036f1d2.js","reference":"http://projects.webappsec.org/w/page/13246936/Information%20Leakage","solution":"Manually confirm that the timestamp data is not sensitive, and that the data cannot be aggregated to disclose exploitable patterns.","alert":"Timestamp Disclosure - Unix","param":"","attack":"","name":"Timestamp Disclosure - Unix","risk":"Informational","id":"88","alertRef":"10096"},{"sourceid":"3","other":"1200080426, which evaluates to: 2008-01-11 14:40:26","method":"GET","evidence":"1200080426","pluginId":"10096","cweid":"200","confidence":"Low","wascid":"13","description":"A timestamp was disclosed by the application/web server - Unix","messageId":"19","url":"https://todoist.com/_next/static/chunks/0e8f85b20ed9ab0a6102c8b8298bac1d6cb4c89b.0fe8d2aa3a66f036f1d2.js","reference":"http://projects.webappsec.org/w/page/13246936/Information%20Leakage","solution":"Manually confirm that the timestamp data is not sensitive, and that the data cannot be aggregated to disclose exploitable patterns.","alert":"Timestamp Disclosure - Unix","param":"","attack":"","name":"Timestamp Disclosure - Unix","risk":"Informational","id":"89","alertRef":"10096"},{"sourceid":"3","other":"1473231341, which evaluates to: 2016-09-07 01:55:41","method":"GET","evidence":"1473231341","pluginId":"10096","cweid":"200","confidence":"Low","wascid":"13","description":"A timestamp was disclosed by the application/web server - Unix","messageId":"19","url":"https://todoist.com/_next/static/chunks/0e8f85b20ed9ab0a6102c8b8298bac1d6cb4c89b.0fe8d2aa3a66f036f1d2.js","reference":"http://projects.webappsec.org/w/page/13246936/Information%20Leakage","solution":"Manually confirm that the timestamp data is not sensitive, and that the data cannot be aggregated to disclose exploitable patterns.","alert":"Timestamp Disclosure - Unix","param":"","attack":"","name":"Timestamp Disclosure - Unix","risk":"Informational","id":"90","alertRef":"10096"},{"sourceid":"3","other":"45705983, which evaluates to: 1971-06-13 19:06:23","method":"GET","evidence":"45705983","pluginId":"10096","cweid":"200","confidence":"Low","wascid":"13","description":"A timestamp was disclosed by the application/web server - Unix","messageId":"19","url":"https://todoist.com/_next/static/chunks/0e8f85b20ed9ab0a6102c8b8298bac1d6cb4c89b.0fe8d2aa3a66f036f1d2.js","reference":"http://projects.webappsec.org/w/page/13246936/Information%20Leakage","solution":"Manually confirm that the timestamp data is not sensitive, and that the data cannot be aggregated to disclose exploitable patterns.","alert":"Timestamp Disclosure - Unix","param":"","attack":"","name":"Timestamp Disclosure - Unix","risk":"Informational","id":"91","alertRef":"10096"},{"sourceid":"3","other":"1770035416, which evaluates to: 2026-02-02 07:30:16","method":"GET","evidence":"1770035416","pluginId":"10096","cweid":"200","confidence":"Low","wascid":"13","description":"A timestamp was disclosed by the application/web server - Unix","messageId":"19","url":"https://todoist.com/_next/static/chunks/0e8f85b20ed9ab0a6102c8b8298bac1d6cb4c89b.0fe8d2aa3a66f036f1d2.js","reference":"http://projects.webappsec.org/w/page/13246936/Information%20Leakage","solution":"Manually confirm that the timestamp data is not sensitive, and that the data cannot be aggregated to disclose exploitable patterns.","alert":"Timestamp Disclosure - Unix","param":"","attack":"","name":"Timestamp Disclosure - Unix","risk":"Informational","id":"92","alertRef":"10096"},{"sourceid":"3","other":"1958414417, which evaluates to: 2032-01-22 15:00:17","method":"GET","evidence":"1958414417","pluginId":"10096","cweid":"200","confidence":"Low","wascid":"13","description":"A timestamp was disclosed by the application/web server - Unix","messageId":"19","url":"https://todoist.com/_next/static/chunks/0e8f85b20ed9ab0a6102c8b8298bac1d6cb4c89b.0fe8d2aa3a66f036f1d2.js","reference":"http://projects.webappsec.org/w/page/13246936/Information%20Leakage","solution":"Manually confirm that the timestamp data is not sensitive, and that the data cannot be aggregated to disclose exploitable patterns.","alert":"Timestamp Disclosure - Unix","param":"","attack":"","name":"Timestamp Disclosure - Unix","risk":"Informational","id":"93","alertRef":"10096"},{"sourceid":"3","other":"1990404162, which evaluates to: 2033-01-26 21:02:42","method":"GET","evidence":"1990404162","pluginId":"10096","cweid":"200","confidence":"Low","wascid":"13","description":"A timestamp was disclosed by the application/web server - Unix","messageId":"19","url":"https://todoist.com/_next/static/chunks/0e8f85b20ed9ab0a6102c8b8298bac1d6cb4c89b.0fe8d2aa3a66f036f1d2.js","reference":"http://projects.webappsec.org/w/page/13246936/Information%20Leakage","solution":"Manually confirm that the timestamp data is not sensitive, and that the data cannot be aggregated to disclose exploitable patterns.","alert":"Timestamp Disclosure - Unix","param":"","attack":"","name":"Timestamp Disclosure - Unix","risk":"Informational","id":"94","alertRef":"10096"},{"sourceid":"3","other":"1804603682, which evaluates to: 2027-03-09 09:48:02","method":"GET","evidence":"1804603682","pluginId":"10096","cweid":"200","confidence":"Low","wascid":"13","description":"A timestamp was disclosed by the application/web server - Unix","messageId":"19","url":"https://todoist.com/_next/static/chunks/0e8f85b20ed9ab0a6102c8b8298bac1d6cb4c89b.0fe8d2aa3a66f036f1d2.js","reference":"http://projects.webappsec.org/w/page/13246936/Information%20Leakage","solution":"Manually confirm that the timestamp data is not sensitive, and that the data cannot be aggregated to disclose exploitable patterns.","alert":"Timestamp Disclosure - Unix","param":"","attack":"","name":"Timestamp Disclosure - Unix","risk":"Informational","id":"95","alertRef":"10096"},{"sourceid":"3","other":"40341101, which evaluates to: 1971-04-12 16:51:41","method":"GET","evidence":"40341101","pluginId":"10096","cweid":"200","confidence":"Low","wascid":"13","description":"A timestamp was disclosed by the application/web server - Unix","messageId":"19","url":"https://todoist.com/_next/static/chunks/0e8f85b20ed9ab0a6102c8b8298bac1d6cb4c89b.0fe8d2aa3a66f036f1d2.js","reference":"http://projects.webappsec.org/w/page/13246936/Information%20Leakage","solution":"Manually confirm that the timestamp data is not sensitive, and that the data cannot be aggregated to disclose exploitable patterns.","alert":"Timestamp Disclosure - Unix","param":"","attack":"","name":"Timestamp Disclosure - Unix","risk":"Informational","id":"96","alertRef":"10096"},{"sourceid":"3","other":"1502002290, which evaluates to: 2017-08-06 01:51:30","method":"GET","evidence":"1502002290","pluginId":"10096","cweid":"200","confidence":"Low","wascid":"13","description":"A timestamp was disclosed by the application/web server - Unix","messageId":"19","url":"https://todoist.com/_next/static/chunks/0e8f85b20ed9ab0a6102c8b8298bac1d6cb4c89b.0fe8d2aa3a66f036f1d2.js","reference":"http://projects.webappsec.org/w/page/13246936/Information%20Leakage","solution":"Manually confirm that the timestamp data is not sensitive, and that the data cannot be aggregated to disclose exploitable patterns.","alert":"Timestamp Disclosure - Unix","param":"","attack":"","name":"Timestamp Disclosure - Unix","risk":"Informational","id":"97","alertRef":"10096"},{"sourceid":"3","other":"1236535329, which evaluates to: 2009-03-08 13:02:09","method":"GET","evidence":"1236535329","pluginId":"10096","cweid":"200","confidence":"Low","wascid":"13","description":"A timestamp was disclosed by the application/web server - Unix","messageId":"19","url":"https://todoist.com/_next/static/chunks/0e8f85b20ed9ab0a6102c8b8298bac1d6cb4c89b.0fe8d2aa3a66f036f1d2.js","reference":"http://projects.webappsec.org/w/page/13246936/Information%20Leakage","solution":"Manually confirm that the timestamp data is not sensitive, and that the data cannot be aggregated to disclose exploitable patterns.","alert":"Timestamp Disclosure - Unix","param":"","attack":"","name":"Timestamp Disclosure - Unix","risk":"Informational","id":"98","alertRef":"10096"},{"sourceid":"3","other":"165796510, which evaluates to: 1975-04-03 17:35:10","method":"GET","evidence":"165796510","pluginId":"10096","cweid":"200","confidence":"Low","wascid":"13","description":"A timestamp was disclosed by the application/web server - Unix","messageId":"19","url":"https://todoist.com/_next/static/chunks/0e8f85b20ed9ab0a6102c8b8298bac1d6cb4c89b.0fe8d2aa3a66f036f1d2.js","reference":"http://projects.webappsec.org/w/page/13246936/Information%20Leakage","solution":"Manually confirm that the timestamp data is not sensitive, and that the data cannot be aggregated to disclose exploitable patterns.","alert":"Timestamp Disclosure - Unix","param":"","attack":"","name":"Timestamp Disclosure - Unix","risk":"Informational","id":"99","alertRef":"10096"},{"sourceid":"3","other":"1069501632, which evaluates to: 2003-11-22 06:47:12","method":"GET","evidence":"1069501632","pluginId":"10096","cweid":"200","confidence":"Low","wascid":"13","description":"A timestamp was disclosed by the application/web server - Unix","messageId":"19","url":"https://todoist.com/_next/static/chunks/0e8f85b20ed9ab0a6102c8b8298bac1d6cb4c89b.0fe8d2aa3a66f036f1d2.js","reference":"http://projects.webappsec.org/w/page/13246936/Information%20Leakage","solution":"Manually confirm that the timestamp data is not sensitive, and that the data cannot be aggregated to disclose exploitable patterns.","alert":"Timestamp Disclosure - Unix","param":"","attack":"","name":"Timestamp Disclosure - Unix","risk":"Informational","id":"100","alertRef":"10096"},{"sourceid":"3","other":"643717713, which evaluates to: 1990-05-26 05:28:33","method":"GET","evidence":"643717713","pluginId":"10096","cweid":"200","confidence":"Low","wascid":"13","description":"A timestamp was disclosed by the application/web server - Unix","messageId":"19","url":"https://todoist.com/_next/static/chunks/0e8f85b20ed9ab0a6102c8b8298bac1d6cb4c89b.0fe8d2aa3a66f036f1d2.js","reference":"http://projects.webappsec.org/w/page/13246936/Information%20Leakage","solution":"Manually confirm that the timestamp data is not sensitive, and that the data cannot be aggregated to disclose exploitable patterns.","alert":"Timestamp Disclosure - Unix","param":"","attack":"","name":"Timestamp Disclosure - Unix","risk":"Informational","id":"101","alertRef":"10096"},{"sourceid":"3","other":"373897302, which evaluates to: 1981-11-06 07:21:42","method":"GET","evidence":"373897302","pluginId":"10096","cweid":"200","confidence":"Low","wascid":"13","description":"A timestamp was disclosed by the application/web server - Unix","messageId":"19","url":"https://todoist.com/_next/static/chunks/0e8f85b20ed9ab0a6102c8b8298bac1d6cb4c89b.0fe8d2aa3a66f036f1d2.js","reference":"http://projects.webappsec.org/w/page/13246936/Information%20Leakage","solution":"Manually confirm that the timestamp data is not sensitive, and that the data cannot be aggregated to disclose exploitable patterns.","alert":"Timestamp Disclosure - Unix","param":"","attack":"","name":"Timestamp Disclosure - Unix","risk":"Informational","id":"102","alertRef":"10096"},{"sourceid":"3","other":"701558691, which evaluates to: 1992-03-25 16:24:51","method":"GET","evidence":"701558691","pluginId":"10096","cweid":"200","confidence":"Low","wascid":"13","description":"A timestamp was disclosed by the application/web server - Unix","messageId":"19","url":"https://todoist.com/_next/static/chunks/0e8f85b20ed9ab0a6102c8b8298bac1d6cb4c89b.0fe8d2aa3a66f036f1d2.js","reference":"http://projects.webappsec.org/w/page/13246936/Information%20Leakage","solution":"Manually confirm that the timestamp data is not sensitive, and that the data cannot be aggregated to disclose exploitable patterns.","alert":"Timestamp Disclosure - Unix","param":"","attack":"","name":"Timestamp Disclosure - Unix","risk":"Informational","id":"103","alertRef":"10096"},{"sourceid":"3","other":"38016083, which evaluates to: 1971-03-16 19:01:23","method":"GET","evidence":"38016083","pluginId":"10096","cweid":"200","confidence":"Low","wascid":"13","description":"A timestamp was disclosed by the application/web server - Unix","messageId":"19","url":"https://todoist.com/_next/static/chunks/0e8f85b20ed9ab0a6102c8b8298bac1d6cb4c89b.0fe8d2aa3a66f036f1d2.js","reference":"http://projects.webappsec.org/w/page/13246936/Information%20Leakage","solution":"Manually confirm that the timestamp data is not sensitive, and that the data cannot be aggregated to disclose exploitable patterns.","alert":"Timestamp Disclosure - Unix","param":"","attack":"","name":"Timestamp Disclosure - Unix","risk":"Informational","id":"104","alertRef":"10096"},{"sourceid":"3","other":"660478335, which evaluates to: 1990-12-06 05:12:15","method":"GET","evidence":"660478335","pluginId":"10096","cweid":"200","confidence":"Low","wascid":"13","description":"A timestamp was disclosed by the application/web server - Unix","messageId":"19","url":"https://todoist.com/_next/static/chunks/0e8f85b20ed9ab0a6102c8b8298bac1d6cb4c89b.0fe8d2aa3a66f036f1d2.js","reference":"http://projects.webappsec.org/w/page/13246936/Information%20Leakage","solution":"Manually confirm that the timestamp data is not sensitive, and that the data cannot be aggregated to disclose exploitable patterns.","alert":"Timestamp Disclosure - Unix","param":"","attack":"","name":"Timestamp Disclosure - Unix","risk":"Informational","id":"105","alertRef":"10096"},{"sourceid":"3","other":"405537848, which evaluates to: 1982-11-07 12:24:08","method":"GET","evidence":"405537848","pluginId":"10096","cweid":"200","confidence":"Low","wascid":"13","description":"A timestamp was disclosed by the application/web server - Unix","messageId":"19","url":"https://todoist.com/_next/static/chunks/0e8f85b20ed9ab0a6102c8b8298bac1d6cb4c89b.0fe8d2aa3a66f036f1d2.js","reference":"http://projects.webappsec.org/w/page/13246936/Information%20Leakage","solution":"Manually confirm that the timestamp data is not sensitive, and that the data cannot be aggregated to disclose exploitable patterns.","alert":"Timestamp Disclosure - Unix","param":"","attack":"","name":"Timestamp Disclosure - Unix","risk":"Informational","id":"106","alertRef":"10096"},{"sourceid":"3","other":"568446438, which evaluates to: 1988-01-06 00:47:18","method":"GET","evidence":"568446438","pluginId":"10096","cweid":"200","confidence":"Low","wascid":"13","description":"A timestamp was disclosed by the application/web server - Unix","messageId":"19","url":"https://todoist.com/_next/static/chunks/0e8f85b20ed9ab0a6102c8b8298bac1d6cb4c89b.0fe8d2aa3a66f036f1d2.js","reference":"http://projects.webappsec.org/w/page/13246936/Information%20Leakage","solution":"Manually confirm that the timestamp data is not sensitive, and that the data cannot be aggregated to disclose exploitable patterns.","alert":"Timestamp Disclosure - Unix","param":"","attack":"","name":"Timestamp Disclosure - Unix","risk":"Informational","id":"107","alertRef":"10096"},{"sourceid":"3","other":"1019803690, which evaluates to: 2002-04-26 01:48:10","method":"GET","evidence":"1019803690","pluginId":"10096","cweid":"200","confidence":"Low","wascid":"13","description":"A timestamp was disclosed by the application/web server - Unix","messageId":"19","url":"https://todoist.com/_next/static/chunks/0e8f85b20ed9ab0a6102c8b8298bac1d6cb4c89b.0fe8d2aa3a66f036f1d2.js","reference":"http://projects.webappsec.org/w/page/13246936/Information%20Leakage","solution":"Manually confirm that the timestamp data is not sensitive, and that the data cannot be aggregated to disclose exploitable patterns.","alert":"Timestamp Disclosure - Unix","param":"","attack":"","name":"Timestamp Disclosure - Unix","risk":"Informational","id":"108","alertRef":"10096"},{"sourceid":"3","other":"187363961, which evaluates to: 1975-12-09 08:32:41","method":"GET","evidence":"187363961","pluginId":"10096","cweid":"200","confidence":"Low","wascid":"13","description":"A timestamp was disclosed by the application/web server - Unix","messageId":"19","url":"https://todoist.com/_next/static/chunks/0e8f85b20ed9ab0a6102c8b8298bac1d6cb4c89b.0fe8d2aa3a66f036f1d2.js","reference":"http://projects.webappsec.org/w/page/13246936/Information%20Leakage","solution":"Manually confirm that the timestamp data is not sensitive, and that the data cannot be aggregated to disclose exploitable patterns.","alert":"Timestamp Disclosure - Unix","param":"","attack":"","name":"Timestamp Disclosure - Unix","risk":"Informational","id":"109","alertRef":"10096"},{"sourceid":"3","other":"1163531501, which evaluates to: 2006-11-14 14:11:41","method":"GET","evidence":"1163531501","pluginId":"10096","cweid":"200","confidence":"Low","wascid":"13","description":"A timestamp was disclosed by the application/web server - Unix","messageId":"19","url":"https://todoist.com/_next/static/chunks/0e8f85b20ed9ab0a6102c8b8298bac1d6cb4c89b.0fe8d2aa3a66f036f1d2.js","reference":"http://projects.webappsec.org/w/page/13246936/Information%20Leakage","solution":"Manually confirm that the timestamp data is not sensitive, and that the data cannot be aggregated to disclose exploitable patterns.","alert":"Timestamp Disclosure - Unix","param":"","attack":"","name":"Timestamp Disclosure - Unix","risk":"Informational","id":"110","alertRef":"10096"},{"sourceid":"3","other":"1444681467, which evaluates to: 2015-10-12 15:24:27","method":"GET","evidence":"1444681467","pluginId":"10096","cweid":"200","confidence":"Low","wascid":"13","description":"A timestamp was disclosed by the application/web server - Unix","messageId":"19","url":"https://todoist.com/_next/static/chunks/0e8f85b20ed9ab0a6102c8b8298bac1d6cb4c89b.0fe8d2aa3a66f036f1d2.js","reference":"http://projects.webappsec.org/w/page/13246936/Information%20Leakage","solution":"Manually confirm that the timestamp data is not sensitive, and that the data cannot be aggregated to disclose exploitable patterns.","alert":"Timestamp Disclosure - Unix","param":"","attack":"","name":"Timestamp Disclosure - Unix","risk":"Informational","id":"111","alertRef":"10096"},{"sourceid":"3","other":"51403784, which evaluates to: 1971-08-18 17:49:44","method":"GET","evidence":"51403784","pluginId":"10096","cweid":"200","confidence":"Low","wascid":"13","description":"A timestamp was disclosed by the application/web server - Unix","messageId":"19","url":"https://todoist.com/_next/static/chunks/0e8f85b20ed9ab0a6102c8b8298bac1d6cb4c89b.0fe8d2aa3a66f036f1d2.js","reference":"http://projects.webappsec.org/w/page/13246936/Information%20Leakage","solution":"Manually confirm that the timestamp data is not sensitive, and that the data cannot be aggregated to disclose exploitable patterns.","alert":"Timestamp Disclosure - Unix","param":"","attack":"","name":"Timestamp Disclosure - Unix","risk":"Informational","id":"112","alertRef":"10096"},{"sourceid":"3","other":"1735328473, which evaluates to: 2024-12-27 14:41:13","method":"GET","evidence":"1735328473","pluginId":"10096","cweid":"200","confidence":"Low","wascid":"13","description":"A timestamp was disclosed by the application/web server - Unix","messageId":"19","url":"https://todoist.com/_next/static/chunks/0e8f85b20ed9ab0a6102c8b8298bac1d6cb4c89b.0fe8d2aa3a66f036f1d2.js","reference":"http://projects.webappsec.org/w/page/13246936/Information%20Leakage","solution":"Manually confirm that the timestamp data is not sensitive, and that the data cannot be aggregated to disclose exploitable patterns.","alert":"Timestamp Disclosure - Unix","param":"","attack":"","name":"Timestamp Disclosure - Unix","risk":"Informational","id":"113","alertRef":"10096"},{"sourceid":"3","other":"1926607734, which evaluates to: 2031-01-19 11:48:54","method":"GET","evidence":"1926607734","pluginId":"10096","cweid":"200","confidence":"Low","wascid":"13","description":"A timestamp was disclosed by the application/web server - Unix","messageId":"19","url":"https://todoist.com/_next/static/chunks/0e8f85b20ed9ab0a6102c8b8298bac1d6cb4c89b.0fe8d2aa3a66f036f1d2.js","reference":"http://projects.webappsec.org/w/page/13246936/Information%20Leakage","solution":"Manually confirm that the timestamp data is not sensitive, and that the data cannot be aggregated to disclose exploitable patterns.","alert":"Timestamp Disclosure - Unix","param":"","attack":"","name":"Timestamp Disclosure - Unix","risk":"Informational","id":"114","alertRef":"10096"},{"sourceid":"3","other":"2022574463, which evaluates to: 2034-02-03 05:14:23","method":"GET","evidence":"2022574463","pluginId":"10096","cweid":"200","confidence":"Low","wascid":"13","description":"A timestamp was disclosed by the application/web server - Unix","messageId":"19","url":"https://todoist.com/_next/static/chunks/0e8f85b20ed9ab0a6102c8b8298bac1d6cb4c89b.0fe8d2aa3a66f036f1d2.js","reference":"http://projects.webappsec.org/w/page/13246936/Information%20Leakage","solution":"Manually confirm that the timestamp data is not sensitive, and that the data cannot be aggregated to disclose exploitable patterns.","alert":"Timestamp Disclosure - Unix","param":"","attack":"","name":"Timestamp Disclosure - Unix","risk":"Informational","id":"115","alertRef":"10096"},{"sourceid":"3","other":"1839030562, which evaluates to: 2028-04-10 20:49:22","method":"GET","evidence":"1839030562","pluginId":"10096","cweid":"200","confidence":"Low","wascid":"13","description":"A timestamp was disclosed by the application/web server - Unix","messageId":"19","url":"https://todoist.com/_next/static/chunks/0e8f85b20ed9ab0a6102c8b8298bac1d6cb4c89b.0fe8d2aa3a66f036f1d2.js","reference":"http://projects.webappsec.org/w/page/13246936/Information%20Leakage","solution":"Manually confirm that the timestamp data is not sensitive, and that the data cannot be aggregated to disclose exploitable patterns.","alert":"Timestamp Disclosure - Unix","param":"","attack":"","name":"Timestamp Disclosure - Unix","risk":"Informational","id":"116","alertRef":"10096"},{"sourceid":"3","other":"35309556, which evaluates to: 1971-02-13 11:12:36","method":"GET","evidence":"35309556","pluginId":"10096","cweid":"200","confidence":"Low","wascid":"13","description":"A timestamp was disclosed by the application/web server - Unix","messageId":"19","url":"https://todoist.com/_next/static/chunks/0e8f85b20ed9ab0a6102c8b8298bac1d6cb4c89b.0fe8d2aa3a66f036f1d2.js","reference":"http://projects.webappsec.org/w/page/13246936/Information%20Leakage","solution":"Manually confirm that the timestamp data is not sensitive, and that the data cannot be aggregated to disclose exploitable patterns.","alert":"Timestamp Disclosure - Unix","param":"","attack":"","name":"Timestamp Disclosure - Unix","risk":"Informational","id":"117","alertRef":"10096"},{"sourceid":"3","other":"1530992060, which evaluates to: 2018-07-07 14:34:20","method":"GET","evidence":"1530992060","pluginId":"10096","cweid":"200","confidence":"Low","wascid":"13","description":"A timestamp was disclosed by the application/web server - Unix","messageId":"19","url":"https://todoist.com/_next/static/chunks/0e8f85b20ed9ab0a6102c8b8298bac1d6cb4c89b.0fe8d2aa3a66f036f1d2.js","reference":"http://projects.webappsec.org/w/page/13246936/Information%20Leakage","solution":"Manually confirm that the timestamp data is not sensitive, and that the data cannot be aggregated to disclose exploitable patterns.","alert":"Timestamp Disclosure - Unix","param":"","attack":"","name":"Timestamp Disclosure - Unix","risk":"Informational","id":"118","alertRef":"10096"},{"sourceid":"3","other":"1272893353, which evaluates to: 2010-05-03 08:29:13","method":"GET","evidence":"1272893353","pluginId":"10096","cweid":"200","confidence":"Low","wascid":"13","description":"A timestamp was disclosed by the application/web server - Unix","messageId":"19","url":"https://todoist.com/_next/static/chunks/0e8f85b20ed9ab0a6102c8b8298bac1d6cb4c89b.0fe8d2aa3a66f036f1d2.js","reference":"http://projects.webappsec.org/w/page/13246936/Information%20Leakage","solution":"Manually confirm that the timestamp data is not sensitive, and that the data cannot be aggregated to disclose exploitable patterns.","alert":"Timestamp Disclosure - Unix","param":"","attack":"","name":"Timestamp Disclosure - Unix","risk":"Informational","id":"119","alertRef":"10096"},{"sourceid":"3","other":"155497632, which evaluates to: 1974-12-05 12:47:12","method":"GET","evidence":"155497632","pluginId":"10096","cweid":"200","confidence":"Low","wascid":"13","description":"A timestamp was disclosed by the application/web server - Unix","messageId":"19","url":"https://todoist.com/_next/static/chunks/0e8f85b20ed9ab0a6102c8b8298bac1d6cb4c89b.0fe8d2aa3a66f036f1d2.js","reference":"http://projects.webappsec.org/w/page/13246936/Information%20Leakage","solution":"Manually confirm that the timestamp data is not sensitive, and that the data cannot be aggregated to disclose exploitable patterns.","alert":"Timestamp Disclosure - Unix","param":"","attack":"","name":"Timestamp Disclosure - Unix","risk":"Informational","id":"120","alertRef":"10096"},{"sourceid":"3","other":"1094730640, which evaluates to: 2004-09-09 06:50:40","method":"GET","evidence":"1094730640","pluginId":"10096","cweid":"200","confidence":"Low","wascid":"13","description":"A timestamp was disclosed by the application/web server - Unix","messageId":"19","url":"https://todoist.com/_next/static/chunks/0e8f85b20ed9ab0a6102c8b8298bac1d6cb4c89b.0fe8d2aa3a66f036f1d2.js","reference":"http://projects.webappsec.org/w/page/13246936/Information%20Leakage","solution":"Manually confirm that the timestamp data is not sensitive, and that the data cannot be aggregated to disclose exploitable patterns.","alert":"Timestamp Disclosure - Unix","param":"","attack":"","name":"Timestamp Disclosure - Unix","risk":"Informational","id":"121","alertRef":"10096"},{"sourceid":"3","other":"681279174, which evaluates to: 1991-08-03 23:12:54","method":"GET","evidence":"681279174","pluginId":"10096","cweid":"200","confidence":"Low","wascid":"13","description":"A timestamp was disclosed by the application/web server - Unix","messageId":"19","url":"https://todoist.com/_next/static/chunks/0e8f85b20ed9ab0a6102c8b8298bac1d6cb4c89b.0fe8d2aa3a66f036f1d2.js","reference":"http://projects.webappsec.org/w/page/13246936/Information%20Leakage","solution":"Manually confirm that the timestamp data is not sensitive, and that the data cannot be aggregated to disclose exploitable patterns.","alert":"Timestamp Disclosure - Unix","param":"","attack":"","name":"Timestamp Disclosure - Unix","risk":"Informational","id":"122","alertRef":"10096"},{"sourceid":"3","other":"358537222, which evaluates to: 1981-05-12 12:40:22","method":"GET","evidence":"358537222","pluginId":"10096","cweid":"200","confidence":"Low","wascid":"13","description":"A timestamp was disclosed by the application/web server - Unix","messageId":"19","url":"https://todoist.com/_next/static/chunks/0e8f85b20ed9ab0a6102c8b8298bac1d6cb4c89b.0fe8d2aa3a66f036f1d2.js","reference":"http://projects.webappsec.org/w/page/13246936/Information%20Leakage","solution":"Manually confirm that the timestamp data is not sensitive, and that the data cannot be aggregated to disclose exploitable patterns.","alert":"Timestamp Disclosure - Unix","param":"","attack":"","name":"Timestamp Disclosure - Unix","risk":"Informational","id":"123","alertRef":"10096"},{"sourceid":"3","other":"722521979, which evaluates to: 1992-11-23 08:32:59","method":"GET","evidence":"722521979","pluginId":"10096","cweid":"200","confidence":"Low","wascid":"13","description":"A timestamp was disclosed by the application/web server - Unix","messageId":"19","url":"https://todoist.com/_next/static/chunks/0e8f85b20ed9ab0a6102c8b8298bac1d6cb4c89b.0fe8d2aa3a66f036f1d2.js","reference":"http://projects.webappsec.org/w/page/13246936/Information%20Leakage","solution":"Manually confirm that the timestamp data is not sensitive, and that the data cannot be aggregated to disclose exploitable patterns.","alert":"Timestamp Disclosure - Unix","param":"","attack":"","name":"Timestamp Disclosure - Unix","risk":"Informational","id":"124","alertRef":"10096"},{"sourceid":"3","other":"76029189, which evaluates to: 1972-05-29 18:13:09","method":"GET","evidence":"76029189","pluginId":"10096","cweid":"200","confidence":"Low","wascid":"13","description":"A timestamp was disclosed by the application/web server - Unix","messageId":"19","url":"https://todoist.com/_next/static/chunks/0e8f85b20ed9ab0a6102c8b8298bac1d6cb4c89b.0fe8d2aa3a66f036f1d2.js","reference":"http://projects.webappsec.org/w/page/13246936/Information%20Leakage","solution":"Manually confirm that the timestamp data is not sensitive, and that the data cannot be aggregated to disclose exploitable patterns.","alert":"Timestamp Disclosure - Unix","param":"","attack":"","name":"Timestamp Disclosure - Unix","risk":"Informational","id":"125","alertRef":"10096"},{"sourceid":"3","other":"640364487, which evaluates to: 1990-04-17 10:01:27","method":"GET","evidence":"640364487","pluginId":"10096","cweid":"200","confidence":"Low","wascid":"13","description":"A timestamp was disclosed by the application/web server - Unix","messageId":"19","url":"https://todoist.com/_next/static/chunks/0e8f85b20ed9ab0a6102c8b8298bac1d6cb4c89b.0fe8d2aa3a66f036f1d2.js","reference":"http://projects.webappsec.org/w/page/13246936/Information%20Leakage","solution":"Manually confirm that the timestamp data is not sensitive, and that the data cannot be aggregated to disclose exploitable patterns.","alert":"Timestamp Disclosure - Unix","param":"","attack":"","name":"Timestamp Disclosure - Unix","risk":"Informational","id":"126","alertRef":"10096"},{"sourceid":"3","other":"421815835, which evaluates to: 1983-05-14 22:03:55","method":"GET","evidence":"421815835","pluginId":"10096","cweid":"200","confidence":"Low","wascid":"13","description":"A timestamp was disclosed by the application/web server - Unix","messageId":"19","url":"https://todoist.com/_next/static/chunks/0e8f85b20ed9ab0a6102c8b8298bac1d6cb4c89b.0fe8d2aa3a66f036f1d2.js","reference":"http://projects.webappsec.org/w/page/13246936/Information%20Leakage","solution":"Manually confirm that the timestamp data is not sensitive, and that the data cannot be aggregated to disclose exploitable patterns.","alert":"Timestamp Disclosure - Unix","param":"","attack":"","name":"Timestamp Disclosure - Unix","risk":"Informational","id":"127","alertRef":"10096"},{"sourceid":"3","other":"530742520, which evaluates to: 1986-10-26 15:28:40","method":"GET","evidence":"530742520","pluginId":"10096","cweid":"200","confidence":"Low","wascid":"13","description":"A timestamp was disclosed by the application/web server - Unix","messageId":"19","url":"https://todoist.com/_next/static/chunks/0e8f85b20ed9ab0a6102c8b8298bac1d6cb4c89b.0fe8d2aa3a66f036f1d2.js","reference":"http://projects.webappsec.org/w/page/13246936/Information%20Leakage","solution":"Manually confirm that the timestamp data is not sensitive, and that the data cannot be aggregated to disclose exploitable patterns.","alert":"Timestamp Disclosure - Unix","param":"","attack":"","name":"Timestamp Disclosure - Unix","risk":"Informational","id":"128","alertRef":"10096"},{"sourceid":"3","other":"995338651, which evaluates to: 2001-07-16 21:57:31","method":"GET","evidence":"995338651","pluginId":"10096","cweid":"200","confidence":"Low","wascid":"13","description":"A timestamp was disclosed by the application/web server - Unix","messageId":"19","url":"https://todoist.com/_next/static/chunks/0e8f85b20ed9ab0a6102c8b8298bac1d6cb4c89b.0fe8d2aa3a66f036f1d2.js","reference":"http://projects.webappsec.org/w/page/13246936/Information%20Leakage","solution":"Manually confirm that the timestamp data is not sensitive, and that the data cannot be aggregated to disclose exploitable patterns.","alert":"Timestamp Disclosure - Unix","param":"","attack":"","name":"Timestamp Disclosure - Unix","risk":"Informational","id":"129","alertRef":"10096"},{"sourceid":"3","other":"198630844, which evaluates to: 1976-04-17 18:14:04","method":"GET","evidence":"198630844","pluginId":"10096","cweid":"200","confidence":"Low","wascid":"13","description":"A timestamp was disclosed by the application/web server - Unix","messageId":"19","url":"https://todoist.com/_next/static/chunks/0e8f85b20ed9ab0a6102c8b8298bac1d6cb4c89b.0fe8d2aa3a66f036f1d2.js","reference":"http://projects.webappsec.org/w/page/13246936/Information%20Leakage","solution":"Manually confirm that the timestamp data is not sensitive, and that the data cannot be aggregated to disclose exploitable patterns.","alert":"Timestamp Disclosure - Unix","param":"","attack":"","name":"Timestamp Disclosure - Unix","risk":"Informational","id":"130","alertRef":"10096"},{"sourceid":"3","other":"1126891415, which evaluates to: 2005-09-16 12:23:35","method":"GET","evidence":"1126891415","pluginId":"10096","cweid":"200","confidence":"Low","wascid":"13","description":"A timestamp was disclosed by the application/web server - Unix","messageId":"19","url":"https://todoist.com/_next/static/chunks/0e8f85b20ed9ab0a6102c8b8298bac1d6cb4c89b.0fe8d2aa3a66f036f1d2.js","reference":"http://projects.webappsec.org/w/page/13246936/Information%20Leakage","solution":"Manually confirm that the timestamp data is not sensitive, and that the data cannot be aggregated to disclose exploitable patterns.","alert":"Timestamp Disclosure - Unix","param":"","attack":"","name":"Timestamp Disclosure - Unix","risk":"Informational","id":"131","alertRef":"10096"},{"sourceid":"3","other":"1416354905, which evaluates to: 2014-11-18 18:55:05","method":"GET","evidence":"1416354905","pluginId":"10096","cweid":"200","confidence":"Low","wascid":"13","description":"A timestamp was disclosed by the application/web server - Unix","messageId":"19","url":"https://todoist.com/_next/static/chunks/0e8f85b20ed9ab0a6102c8b8298bac1d6cb4c89b.0fe8d2aa3a66f036f1d2.js","reference":"http://projects.webappsec.org/w/page/13246936/Information%20Leakage","solution":"Manually confirm that the timestamp data is not sensitive, and that the data cannot be aggregated to disclose exploitable patterns.","alert":"Timestamp Disclosure - Unix","param":"","attack":"","name":"Timestamp Disclosure - Unix","risk":"Informational","id":"132","alertRef":"10096"},{"sourceid":"3","other":"57434055, which evaluates to: 1971-10-27 12:54:15","method":"GET","evidence":"57434055","pluginId":"10096","cweid":"200","confidence":"Low","wascid":"13","description":"A timestamp was disclosed by the application/web server - Unix","messageId":"19","url":"https://todoist.com/_next/static/chunks/0e8f85b20ed9ab0a6102c8b8298bac1d6cb4c89b.0fe8d2aa3a66f036f1d2.js","reference":"http://projects.webappsec.org/w/page/13246936/Information%20Leakage","solution":"Manually confirm that the timestamp data is not sensitive, and that the data cannot be aggregated to disclose exploitable patterns.","alert":"Timestamp Disclosure - Unix","param":"","attack":"","name":"Timestamp Disclosure - Unix","risk":"Informational","id":"133","alertRef":"10096"},{"sourceid":"3","other":"1700485571, which evaluates to: 2023-11-20 08:06:11","method":"GET","evidence":"1700485571","pluginId":"10096","cweid":"200","confidence":"Low","wascid":"13","description":"A timestamp was disclosed by the application/web server - Unix","messageId":"19","url":"https://todoist.com/_next/static/chunks/0e8f85b20ed9ab0a6102c8b8298bac1d6cb4c89b.0fe8d2aa3a66f036f1d2.js","reference":"http://projects.webappsec.org/w/page/13246936/Information%20Leakage","solution":"Manually confirm that the timestamp data is not sensitive, and that the data cannot be aggregated to disclose exploitable patterns.","alert":"Timestamp Disclosure - Unix","param":"","attack":"","name":"Timestamp Disclosure - Unix","risk":"Informational","id":"134","alertRef":"10096"},{"sourceid":"3","other":"1894986606, which evaluates to: 2030-01-18 12:10:06","method":"GET","evidence":"1894986606","pluginId":"10096","cweid":"200","confidence":"Low","wascid":"13","description":"A timestamp was disclosed by the application/web server - Unix","messageId":"19","url":"https://todoist.com/_next/static/chunks/0e8f85b20ed9ab0a6102c8b8298bac1d6cb4c89b.0fe8d2aa3a66f036f1d2.js","reference":"http://projects.webappsec.org/w/page/13246936/Information%20Leakage","solution":"Manually confirm that the timestamp data is not sensitive, and that the data cannot be aggregated to disclose exploitable patterns.","alert":"Timestamp Disclosure - Unix","param":"","attack":"","name":"Timestamp Disclosure - Unix","risk":"Informational","id":"135","alertRef":"10096"},{"sourceid":"3","other":"2054922799, which evaluates to: 2035-02-12 14:53:19","method":"GET","evidence":"2054922799","pluginId":"10096","cweid":"200","confidence":"Low","wascid":"13","description":"A timestamp was disclosed by the application/web server - Unix","messageId":"19","url":"https://todoist.com/_next/static/chunks/0e8f85b20ed9ab0a6102c8b8298bac1d6cb4c89b.0fe8d2aa3a66f036f1d2.js","reference":"http://projects.webappsec.org/w/page/13246936/Information%20Leakage","solution":"Manually confirm that the timestamp data is not sensitive, and that the data cannot be aggregated to disclose exploitable patterns.","alert":"Timestamp Disclosure - Unix","param":"","attack":"","name":"Timestamp Disclosure - Unix","risk":"Informational","id":"136","alertRef":"10096"},{"sourceid":"3","other":"1873313359, which evaluates to: 2029-05-12 15:49:19","method":"GET","evidence":"1873313359","pluginId":"10096","cweid":"200","confidence":"Low","wascid":"13","description":"A timestamp was disclosed by the application/web server - Unix","messageId":"19","url":"https://todoist.com/_next/static/chunks/0e8f85b20ed9ab0a6102c8b8298bac1d6cb4c89b.0fe8d2aa3a66f036f1d2.js","reference":"http://projects.webappsec.org/w/page/13246936/Information%20Leakage","solution":"Manually confirm that the timestamp data is not sensitive, and that the data cannot be aggregated to disclose exploitable patterns.","alert":"Timestamp Disclosure - Unix","param":"","attack":"","name":"Timestamp Disclosure - Unix","risk":"Informational","id":"137","alertRef":"10096"},{"sourceid":"3","other":"30611744, which evaluates to: 1970-12-21 02:15:44","method":"GET","evidence":"30611744","pluginId":"10096","cweid":"200","confidence":"Low","wascid":"13","description":"A timestamp was disclosed by the application/web server - Unix","messageId":"19","url":"https://todoist.com/_next/static/chunks/0e8f85b20ed9ab0a6102c8b8298bac1d6cb4c89b.0fe8d2aa3a66f036f1d2.js","reference":"http://projects.webappsec.org/w/page/13246936/Information%20Leakage","solution":"Manually confirm that the timestamp data is not sensitive, and that the data cannot be aggregated to disclose exploitable patterns.","alert":"Timestamp Disclosure - Unix","param":"","attack":"","name":"Timestamp Disclosure - Unix","risk":"Informational","id":"138","alertRef":"10096"},{"sourceid":"3","other":"1560198380, which evaluates to: 2019-06-10 15:26:20","method":"GET","evidence":"1560198380","pluginId":"10096","cweid":"200","confidence":"Low","wascid":"13","description":"A timestamp was disclosed by the application/web server - Unix","messageId":"19","url":"https://todoist.com/_next/static/chunks/0e8f85b20ed9ab0a6102c8b8298bac1d6cb4c89b.0fe8d2aa3a66f036f1d2.js","reference":"http://projects.webappsec.org/w/page/13246936/Information%20Leakage","solution":"Manually confirm that the timestamp data is not sensitive, and that the data cannot be aggregated to disclose exploitable patterns.","alert":"Timestamp Disclosure - Unix","param":"","attack":"","name":"Timestamp Disclosure - Unix","risk":"Informational","id":"139","alertRef":"10096"},{"sourceid":"3","other":"1309151649, which evaluates to: 2011-06-27 00:14:09","method":"GET","evidence":"1309151649","pluginId":"10096","cweid":"200","confidence":"Low","wascid":"13","description":"A timestamp was disclosed by the application/web server - Unix","messageId":"19","url":"https://todoist.com/_next/static/chunks/0e8f85b20ed9ab0a6102c8b8298bac1d6cb4c89b.0fe8d2aa3a66f036f1d2.js","reference":"http://projects.webappsec.org/w/page/13246936/Information%20Leakage","solution":"Manually confirm that the timestamp data is not sensitive, and that the data cannot be aggregated to disclose exploitable patterns.","alert":"Timestamp Disclosure - Unix","param":"","attack":"","name":"Timestamp Disclosure - Unix","risk":"Informational","id":"140","alertRef":"10096"},{"sourceid":"3","other":"145523070, which evaluates to: 1974-08-12 02:04:30","method":"GET","evidence":"145523070","pluginId":"10096","cweid":"200","confidence":"Low","wascid":"13","description":"A timestamp was disclosed by the application/web server - Unix","messageId":"19","url":"https://todoist.com/_next/static/chunks/0e8f85b20ed9ab0a6102c8b8298bac1d6cb4c89b.0fe8d2aa3a66f036f1d2.js","reference":"http://projects.webappsec.org/w/page/13246936/Information%20Leakage","solution":"Manually confirm that the timestamp data is not sensitive, and that the data cannot be aggregated to disclose exploitable patterns.","alert":"Timestamp Disclosure - Unix","param":"","attack":"","name":"Timestamp Disclosure - Unix","risk":"Informational","id":"141","alertRef":"10096"},{"sourceid":"3","other":"1120210379, which evaluates to: 2005-07-01 04:32:59","method":"GET","evidence":"1120210379","pluginId":"10096","cweid":"200","confidence":"Low","wascid":"13","description":"A timestamp was disclosed by the application/web server - Unix","messageId":"19","url":"https://todoist.com/_next/static/chunks/0e8f85b20ed9ab0a6102c8b8298bac1d6cb4c89b.0fe8d2aa3a66f036f1d2.js","reference":"http://projects.webappsec.org/w/page/13246936/Information%20Leakage","solution":"Manually confirm that the timestamp data is not sensitive, and that the data cannot be aggregated to disclose exploitable patterns.","alert":"Timestamp Disclosure - Unix","param":"","attack":"","name":"Timestamp Disclosure - Unix","risk":"Informational","id":"142","alertRef":"10096"},{"sourceid":"3","other":"718787259, which evaluates to: 1992-10-11 03:07:39","method":"GET","evidence":"718787259","pluginId":"10096","cweid":"200","confidence":"Low","wascid":"13","description":"A timestamp was disclosed by the application/web server - Unix","messageId":"19","url":"https://todoist.com/_next/static/chunks/0e8f85b20ed9ab0a6102c8b8298bac1d6cb4c89b.0fe8d2aa3a66f036f1d2.js","reference":"http://projects.webappsec.org/w/page/13246936/Information%20Leakage","solution":"Manually confirm that the timestamp data is not sensitive, and that the data cannot be aggregated to disclose exploitable patterns.","alert":"Timestamp Disclosure - Unix","param":"","attack":"","name":"Timestamp Disclosure - Unix","risk":"Informational","id":"143","alertRef":"10096"},{"sourceid":"3","other":"343485551, which evaluates to: 1980-11-19 07:39:11","method":"GET","evidence":"343485551","pluginId":"10096","cweid":"200","confidence":"Low","wascid":"13","description":"A timestamp was disclosed by the application/web server - Unix","messageId":"19","url":"https://todoist.com/_next/static/chunks/0e8f85b20ed9ab0a6102c8b8298bac1d6cb4c89b.0fe8d2aa3a66f036f1d2.js","reference":"http://projects.webappsec.org/w/page/13246936/Information%20Leakage","solution":"Manually confirm that the timestamp data is not sensitive, and that the data cannot be aggregated to disclose exploitable patterns.","alert":"Timestamp Disclosure - Unix","param":"","attack":"","name":"Timestamp Disclosure - Unix","risk":"Informational","id":"144","alertRef":"10096"},{"sourceid":"3","other":"1518500249, which evaluates to: 2018-02-13 00:37:29","method":"GET","evidence":"1518500249","pluginId":"10096","cweid":"200","confidence":"Low","wascid":"13","description":"A timestamp was disclosed by the application/web server - Unix","messageId":"19","url":"https://todoist.com/_next/static/chunks/0e8f85b20ed9ab0a6102c8b8298bac1d6cb4c89b.0fe8d2aa3a66f036f1d2.js","reference":"http://projects.webappsec.org/w/page/13246936/Information%20Leakage","solution":"Manually confirm that the timestamp data is not sensitive, and that the data cannot be aggregated to disclose exploitable patterns.","alert":"Timestamp Disclosure - Unix","param":"","attack":"","name":"Timestamp Disclosure - Unix","risk":"Informational","id":"145","alertRef":"10096"},{"sourceid":"3","other":"1859775393, which evaluates to: 2028-12-06 23:16:33","method":"GET","evidence":"1859775393","pluginId":"10096","cweid":"200","confidence":"Low","wascid":"13","description":"A timestamp was disclosed by the application/web server - Unix","messageId":"19","url":"https://todoist.com/_next/static/chunks/0e8f85b20ed9ab0a6102c8b8298bac1d6cb4c89b.0fe8d2aa3a66f036f1d2.js","reference":"http://projects.webappsec.org/w/page/13246936/Information%20Leakage","solution":"Manually confirm that the timestamp data is not sensitive, and that the data cannot be aggregated to disclose exploitable patterns.","alert":"Timestamp Disclosure - Unix","param":"","attack":"","name":"Timestamp Disclosure - Unix","risk":"Informational","id":"146","alertRef":"10096"},{"sourceid":"3","other":"00000000, which evaluates to: 1969-12-31 19:00:00","method":"GET","evidence":"00000000","pluginId":"10096","cweid":"200","confidence":"Low","wascid":"13","description":"A timestamp was disclosed by the application/web server - Unix","messageId":"19","url":"https://todoist.com/_next/static/chunks/0e8f85b20ed9ab0a6102c8b8298bac1d6cb4c89b.0fe8d2aa3a66f036f1d2.js","reference":"http://projects.webappsec.org/w/page/13246936/Information%20Leakage","solution":"Manually confirm that the timestamp data is not sensitive, and that the data cannot be aggregated to disclose exploitable patterns.","alert":"Timestamp Disclosure - Unix","param":"","attack":"","name":"Timestamp Disclosure - Unix","risk":"Informational","id":"149","alertRef":"10096"},{"sourceid":"3","other":"This issue still applies to error type pages (401, 403, 500, etc.) as those pages are often still affected by injection issues, in which case there is still concern for browsers sniffing pages away from their actual content type.\nAt \"High\" threshold this scan rule will not alert on client or server error responses.","method":"GET","evidence":"","pluginId":"10021","cweid":"16","confidence":"Medium","wascid":"15","description":"The Anti-MIME-Sniffing header X-Content-Type-Options was not set to 'nosniff'. This allows older versions of Internet Explorer and Chrome to perform MIME-sniffing on the response body, potentially causing the response body to be interpreted and displayed as a content type other than the declared content type. Current (early 2014) and legacy versions of Firefox will use the declared content type (if one is set), rather than performing MIME-sniffing.","messageId":"19","url":"https://todoist.com/_next/static/chunks/0e8f85b20ed9ab0a6102c8b8298bac1d6cb4c89b.0fe8d2aa3a66f036f1d2.js","reference":"http://msdn.microsoft.com/en-us/library/ie/gg622941%28v=vs.85%29.aspx\nhttps://owasp.org/www-community/Security_Headers","solution":"Ensure that the application/web server sets the Content-Type header appropriately, and that it sets the X-Content-Type-Options header to 'nosniff' for all web pages.\nIf possible, ensure that the end user uses a standards-compliant and modern web browser that does not perform MIME-sniffing at all, or that can be directed by the web application/web server to not perform MIME-sniffing.","alert":"X-Content-Type-Options Header Missing","param":"X-Content-Type-Options","attack":"","name":"X-Content-Type-Options Header Missing","risk":"Low","id":"151","alertRef":"10021"},{"sourceid":"3","other":"The following pattern was used: \\bDB\\b and was detected in the element starting with: \"(window.webpackJsonp_N_E=window.webpackJsonp_N_E||[]).push([[4],{WNiU:function(e,t,r){!function(e,t){for(var r in t)e[r]=t[r]}(t\", see evidence field for the suspicious comment/snippet.","method":"GET","evidence":"Db","pluginId":"10027","cweid":"200","confidence":"Low","wascid":"13","description":"The response appears to contain suspicious comments which may help an attacker. Note: Matches made within script blocks or files are against the entire content not only comments.","messageId":"20","url":"https://todoist.com/_next/static/chunks/4af5f773.1851fbd0845d20ef7104.js","reference":"","solution":"Remove all comments that return information that may help an attacker and fix any underlying problems they refer to.","alert":"Information Disclosure - Suspicious Comments","param":"","attack":"","name":"Information Disclosure - Suspicious Comments","risk":"Informational","id":"152","alertRef":"10027"},{"sourceid":"3","other":"This issue still applies to error type pages (401, 403, 500, etc.) as those pages are often still affected by injection issues, in which case there is still concern for browsers sniffing pages away from their actual content type.\nAt \"High\" threshold this scan rule will not alert on client or server error responses.","method":"GET","evidence":"","pluginId":"10021","cweid":"16","confidence":"Medium","wascid":"15","description":"The Anti-MIME-Sniffing header X-Content-Type-Options was not set to 'nosniff'. This allows older versions of Internet Explorer and Chrome to perform MIME-sniffing on the response body, potentially causing the response body to be interpreted and displayed as a content type other than the declared content type. Current (early 2014) and legacy versions of Firefox will use the declared content type (if one is set), rather than performing MIME-sniffing.","messageId":"20","url":"https://todoist.com/_next/static/chunks/4af5f773.1851fbd0845d20ef7104.js","reference":"http://msdn.microsoft.com/en-us/library/ie/gg622941%28v=vs.85%29.aspx\nhttps://owasp.org/www-community/Security_Headers","solution":"Ensure that the application/web server sets the Content-Type header appropriately, and that it sets the X-Content-Type-Options header to 'nosniff' for all web pages.\nIf possible, ensure that the end user uses a standards-compliant and modern web browser that does not perform MIME-sniffing at all, or that can be directed by the web application/web server to not perform MIME-sniffing.","alert":"X-Content-Type-Options Header Missing","param":"X-Content-Type-Options","attack":"","name":"X-Content-Type-Options Header Missing","risk":"Low","id":"153","alertRef":"10021"},{"sourceid":"3","other":"The following pattern was used: \\bQUERY\\b and was detected in the element starting with: \"(window.webpackJsonp_N_E=window.webpackJsonp_N_E||[]).push([[6],{\"+90V\":function(e,t,n){\"use strict\";var r=n(\"TqRt\");n(\"HAE/\"),O\", see evidence field for the suspicious comment/snippet.","method":"GET","evidence":"query","pluginId":"10027","cweid":"200","confidence":"Low","wascid":"13","description":"The response appears to contain suspicious comments which may help an attacker. Note: Matches made within script blocks or files are against the entire content not only comments.","messageId":"21","url":"https://todoist.com/_next/static/chunks/46300902bf7c6e1374dd592a461ea5a5a6d02de9.dcfb80a6e6abd69835ad.js","reference":"","solution":"Remove all comments that return information that may help an attacker and fix any underlying problems they refer to.","alert":"Information Disclosure - Suspicious Comments","param":"","attack":"","name":"Information Disclosure - Suspicious Comments","risk":"Informational","id":"154","alertRef":"10027"},{"sourceid":"3","other":"This issue still applies to error type pages (401, 403, 500, etc.) as those pages are often still affected by injection issues, in which case there is still concern for browsers sniffing pages away from their actual content type.\nAt \"High\" threshold this scan rule will not alert on client or server error responses.","method":"GET","evidence":"","pluginId":"10021","cweid":"16","confidence":"Medium","wascid":"15","description":"The Anti-MIME-Sniffing header X-Content-Type-Options was not set to 'nosniff'. This allows older versions of Internet Explorer and Chrome to perform MIME-sniffing on the response body, potentially causing the response body to be interpreted and displayed as a content type other than the declared content type. Current (early 2014) and legacy versions of Firefox will use the declared content type (if one is set), rather than performing MIME-sniffing.","messageId":"21","url":"https://todoist.com/_next/static/chunks/46300902bf7c6e1374dd592a461ea5a5a6d02de9.dcfb80a6e6abd69835ad.js","reference":"http://msdn.microsoft.com/en-us/library/ie/gg622941%28v=vs.85%29.aspx\nhttps://owasp.org/www-community/Security_Headers","solution":"Ensure that the application/web server sets the Content-Type header appropriately, and that it sets the X-Content-Type-Options header to 'nosniff' for all web pages.\nIf possible, ensure that the end user uses a standards-compliant and modern web browser that does not perform MIME-sniffing at all, or that can be directed by the web application/web server to not perform MIME-sniffing.","alert":"X-Content-Type-Options Header Missing","param":"X-Content-Type-Options","attack":"","name":"X-Content-Type-Options Header Missing","risk":"Low","id":"155","alertRef":"10021"},{"sourceid":"3","other":"The following pattern was used: \\bQUERY\\b and was detected in the element starting with: \"_N_E=(window.webpackJsonp_N_E=window.webpackJsonp_N_E||[]).push([[29],{\"1TCz\":function(t,e,n){\"use strict\";n.r(e);var r=n(\"o0o1\"\", see evidence field for the suspicious comment/snippet.","method":"GET","evidence":"query","pluginId":"10027","cweid":"200","confidence":"Low","wascid":"13","description":"The response appears to contain suspicious comments which may help an attacker. Note: Matches made within script blocks or files are against the entire content not only comments.","messageId":"22","url":"https://todoist.com/_next/static/chunks/pages/_app-3b4743dbd65bee2727de.js","reference":"","solution":"Remove all comments that return information that may help an attacker and fix any underlying problems they refer to.","alert":"Information Disclosure - Suspicious Comments","param":"","attack":"","name":"Information Disclosure - Suspicious Comments","risk":"Informational","id":"156","alertRef":"10027"},{"sourceid":"3","other":"This issue still applies to error type pages (401, 403, 500, etc.) as those pages are often still affected by injection issues, in which case there is still concern for browsers sniffing pages away from their actual content type.\nAt \"High\" threshold this scan rule will not alert on client or server error responses.","method":"GET","evidence":"","pluginId":"10021","cweid":"16","confidence":"Medium","wascid":"15","description":"The Anti-MIME-Sniffing header X-Content-Type-Options was not set to 'nosniff'. This allows older versions of Internet Explorer and Chrome to perform MIME-sniffing on the response body, potentially causing the response body to be interpreted and displayed as a content type other than the declared content type. Current (early 2014) and legacy versions of Firefox will use the declared content type (if one is set), rather than performing MIME-sniffing.","messageId":"22","url":"https://todoist.com/_next/static/chunks/pages/_app-3b4743dbd65bee2727de.js","reference":"http://msdn.microsoft.com/en-us/library/ie/gg622941%28v=vs.85%29.aspx\nhttps://owasp.org/www-community/Security_Headers","solution":"Ensure that the application/web server sets the Content-Type header appropriately, and that it sets the X-Content-Type-Options header to 'nosniff' for all web pages.\nIf possible, ensure that the end user uses a standards-compliant and modern web browser that does not perform MIME-sniffing at all, or that can be directed by the web application/web server to not perform MIME-sniffing.","alert":"X-Content-Type-Options Header Missing","param":"X-Content-Type-Options","attack":"","name":"X-Content-Type-Options Header Missing","risk":"Low","id":"157","alertRef":"10021"},{"sourceid":"3","other":"The following pattern was used: \\bBUG\\b and was detected in the element starting with: \"(window.webpackJsonp_N_E=window.webpackJsonp_N_E||[]).push([[7],{\"+924\":function(e,t,n){\"use strict\";n.d(t,\"d\",(function(){retur\", see evidence field for the suspicious comment/snippet.","method":"GET","evidence":"bug","pluginId":"10027","cweid":"200","confidence":"Low","wascid":"13","description":"The response appears to contain suspicious comments which may help an attacker. Note: Matches made within script blocks or files are against the entire content not only comments.","messageId":"23","url":"https://todoist.com/_next/static/chunks/a7d9d3dc563f80f9bceeaf1fc394c88e9b2ce764.dc5ca8c774eddce1e0d7.js","reference":"","solution":"Remove all comments that return information that may help an attacker and fix any underlying problems they refer to.","alert":"Information Disclosure - Suspicious Comments","param":"","attack":"","name":"Information Disclosure - Suspicious Comments","risk":"Informational","id":"158","alertRef":"10027"},{"sourceid":"3","other":"123456789, which evaluates to: 1973-11-29 16:33:09","method":"GET","evidence":"123456789","pluginId":"10096","cweid":"200","confidence":"Low","wascid":"13","description":"A timestamp was disclosed by the application/web server - Unix","messageId":"23","url":"https://todoist.com/_next/static/chunks/a7d9d3dc563f80f9bceeaf1fc394c88e9b2ce764.dc5ca8c774eddce1e0d7.js","reference":"http://projects.webappsec.org/w/page/13246936/Information%20Leakage","solution":"Manually confirm that the timestamp data is not sensitive, and that the data cannot be aggregated to disclose exploitable patterns.","alert":"Timestamp Disclosure - Unix","param":"","attack":"","name":"Timestamp Disclosure - Unix","risk":"Informational","id":"159","alertRef":"10096"},{"sourceid":"3","other":"This issue still applies to error type pages (401, 403, 500, etc.) as those pages are often still affected by injection issues, in which case there is still concern for browsers sniffing pages away from their actual content type.\nAt \"High\" threshold this scan rule will not alert on client or server error responses.","method":"GET","evidence":"","pluginId":"10021","cweid":"16","confidence":"Medium","wascid":"15","description":"The Anti-MIME-Sniffing header X-Content-Type-Options was not set to 'nosniff'. This allows older versions of Internet Explorer and Chrome to perform MIME-sniffing on the response body, potentially causing the response body to be interpreted and displayed as a content type other than the declared content type. Current (early 2014) and legacy versions of Firefox will use the declared content type (if one is set), rather than performing MIME-sniffing.","messageId":"23","url":"https://todoist.com/_next/static/chunks/a7d9d3dc563f80f9bceeaf1fc394c88e9b2ce764.dc5ca8c774eddce1e0d7.js","reference":"http://msdn.microsoft.com/en-us/library/ie/gg622941%28v=vs.85%29.aspx\nhttps://owasp.org/www-community/Security_Headers","solution":"Ensure that the application/web server sets the Content-Type header appropriately, and that it sets the X-Content-Type-Options header to 'nosniff' for all web pages.\nIf possible, ensure that the end user uses a standards-compliant and modern web browser that does not perform MIME-sniffing at all, or that can be directed by the web application/web server to not perform MIME-sniffing.","alert":"X-Content-Type-Options Header Missing","param":"X-Content-Type-Options","attack":"","name":"X-Content-Type-Options Header Missing","risk":"Low","id":"165","alertRef":"10021"},{"sourceid":"3","other":"This issue still applies to error type pages (401, 403, 500, etc.) as those pages are often still affected by injection issues, in which case there is still concern for browsers sniffing pages away from their actual content type.\nAt \"High\" threshold this scan rule will not alert on client or server error responses.","method":"GET","evidence":"","pluginId":"10021","cweid":"16","confidence":"Medium","wascid":"15","description":"The Anti-MIME-Sniffing header X-Content-Type-Options was not set to 'nosniff'. This allows older versions of Internet Explorer and Chrome to perform MIME-sniffing on the response body, potentially causing the response body to be interpreted and displayed as a content type other than the declared content type. Current (early 2014) and legacy versions of Firefox will use the declared content type (if one is set), rather than performing MIME-sniffing.","messageId":"25","url":"https://todoist.com/_next/static/chunks/a5174a254d143c3d3d02321814728bdd71b6ab95_CSS.d6f2610c02ca1f2f8023.js","reference":"http://msdn.microsoft.com/en-us/library/ie/gg622941%28v=vs.85%29.aspx\nhttps://owasp.org/www-community/Security_Headers","solution":"Ensure that the application/web server sets the Content-Type header appropriately, and that it sets the X-Content-Type-Options header to 'nosniff' for all web pages.\nIf possible, ensure that the end user uses a standards-compliant and modern web browser that does not perform MIME-sniffing at all, or that can be directed by the web application/web server to not perform MIME-sniffing.","alert":"X-Content-Type-Options Header Missing","param":"X-Content-Type-Options","attack":"","name":"X-Content-Type-Options Header Missing","risk":"Low","id":"166","alertRef":"10021"},{"sourceid":"3","other":"This issue still applies to error type pages (401, 403, 500, etc.) as those pages are often still affected by injection issues, in which case there is still concern for browsers sniffing pages away from their actual content type.\nAt \"High\" threshold this scan rule will not alert on client or server error responses.","method":"GET","evidence":"","pluginId":"10021","cweid":"16","confidence":"Medium","wascid":"15","description":"The Anti-MIME-Sniffing header X-Content-Type-Options was not set to 'nosniff'. This allows older versions of Internet Explorer and Chrome to perform MIME-sniffing on the response body, potentially causing the response body to be interpreted and displayed as a content type other than the declared content type. Current (early 2014) and legacy versions of Firefox will use the declared content type (if one is set), rather than performing MIME-sniffing.","messageId":"26","url":"https://todoist.com/_next/static/chunks/styles.4b2dc012361942f5cf6e.js","reference":"http://msdn.microsoft.com/en-us/library/ie/gg622941%28v=vs.85%29.aspx\nhttps://owasp.org/www-community/Security_Headers","solution":"Ensure that the application/web server sets the Content-Type header appropriately, and that it sets the X-Content-Type-Options header to 'nosniff' for all web pages.\nIf possible, ensure that the end user uses a standards-compliant and modern web browser that does not perform MIME-sniffing at all, or that can be directed by the web application/web server to not perform MIME-sniffing.","alert":"X-Content-Type-Options Header Missing","param":"X-Content-Type-Options","attack":"","name":"X-Content-Type-Options Header Missing","risk":"Low","id":"167","alertRef":"10021"},{"sourceid":"3","other":"The following pattern was used: \\bDB\\b and was detected in the element starting with: \"_N_E=(window.webpackJsonp_N_E=window.webpackJsonp_N_E||[]).push([[44],{\"+RON\":function(e,t){e.exports=\"/_next/static/images/free\", see evidence field for the suspicious comment/snippet.","method":"GET","evidence":"DB","pluginId":"10027","cweid":"200","confidence":"Low","wascid":"13","description":"The response appears to contain suspicious comments which may help an attacker. Note: Matches made within script blocks or files are against the entire content not only comments.","messageId":"27","url":"https://todoist.com/_next/static/chunks/pages/index-50325ffabee779bfc84a.js","reference":"","solution":"Remove all comments that return information that may help an attacker and fix any underlying problems they refer to.","alert":"Information Disclosure - Suspicious Comments","param":"","attack":"","name":"Information Disclosure - Suspicious Comments","risk":"Informational","id":"168","alertRef":"10027"},{"sourceid":"3","other":"This issue still applies to error type pages (401, 403, 500, etc.) as those pages are often still affected by injection issues, in which case there is still concern for browsers sniffing pages away from their actual content type.\nAt \"High\" threshold this scan rule will not alert on client or server error responses.","method":"GET","evidence":"","pluginId":"10021","cweid":"16","confidence":"Medium","wascid":"15","description":"The Anti-MIME-Sniffing header X-Content-Type-Options was not set to 'nosniff'. This allows older versions of Internet Explorer and Chrome to perform MIME-sniffing on the response body, potentially causing the response body to be interpreted and displayed as a content type other than the declared content type. Current (early 2014) and legacy versions of Firefox will use the declared content type (if one is set), rather than performing MIME-sniffing.","messageId":"27","url":"https://todoist.com/_next/static/chunks/pages/index-50325ffabee779bfc84a.js","reference":"http://msdn.microsoft.com/en-us/library/ie/gg622941%28v=vs.85%29.aspx\nhttps://owasp.org/www-community/Security_Headers","solution":"Ensure that the application/web server sets the Content-Type header appropriately, and that it sets the X-Content-Type-Options header to 'nosniff' for all web pages.\nIf possible, ensure that the end user uses a standards-compliant and modern web browser that does not perform MIME-sniffing at all, or that can be directed by the web application/web server to not perform MIME-sniffing.","alert":"X-Content-Type-Options Header Missing","param":"X-Content-Type-Options","attack":"","name":"X-Content-Type-Options Header Missing","risk":"Low","id":"169","alertRef":"10021"},{"sourceid":"3","other":"The following pattern was used: \\bQUERY\\b and was detected in the element starting with: \"(window.webpackJsonp_N_E=window.webpackJsonp_N_E||[]).push([[8],{\"+9U2\":function(e,t,r){\"use strict\";let n,i,o,{isClean:s}=r(\"zo\", see evidence field for the suspicious comment/snippet.","method":"GET","evidence":"query","pluginId":"10027","cweid":"200","confidence":"Low","wascid":"13","description":"The response appears to contain suspicious comments which may help an attacker. Note: Matches made within script blocks or files are against the entire content not only comments.","messageId":"28","url":"https://todoist.com/_next/static/chunks/a5174a254d143c3d3d02321814728bdd71b6ab95.8aeeecc87435cd012b41.js","reference":"","solution":"Remove all comments that return information that may help an attacker and fix any underlying problems they refer to.","alert":"Information Disclosure - Suspicious Comments","param":"","attack":"","name":"Information Disclosure - Suspicious Comments","risk":"Informational","id":"170","alertRef":"10027"},{"sourceid":"3","other":"16711680, which evaluates to: 1970-07-13 05:08:00","method":"GET","evidence":"16711680","pluginId":"10096","cweid":"200","confidence":"Low","wascid":"13","description":"A timestamp was disclosed by the application/web server - Unix","messageId":"28","url":"https://todoist.com/_next/static/chunks/a5174a254d143c3d3d02321814728bdd71b6ab95.8aeeecc87435cd012b41.js","reference":"http://projects.webappsec.org/w/page/13246936/Information%20Leakage","solution":"Manually confirm that the timestamp data is not sensitive, and that the data cannot be aggregated to disclose exploitable patterns.","alert":"Timestamp Disclosure - Unix","param":"","attack":"","name":"Timestamp Disclosure - Unix","risk":"Informational","id":"171","alertRef":"10096"},{"sourceid":"3","other":"2147483647, which evaluates to: 2038-01-18 22:14:07","method":"GET","evidence":"2147483647","pluginId":"10096","cweid":"200","confidence":"Low","wascid":"13","description":"A timestamp was disclosed by the application/web server - Unix","messageId":"28","url":"https://todoist.com/_next/static/chunks/a5174a254d143c3d3d02321814728bdd71b6ab95.8aeeecc87435cd012b41.js","reference":"http://projects.webappsec.org/w/page/13246936/Information%20Leakage","solution":"Manually confirm that the timestamp data is not sensitive, and that the data cannot be aggregated to disclose exploitable patterns.","alert":"Timestamp Disclosure - Unix","param":"","attack":"","name":"Timestamp Disclosure - Unix","risk":"Informational","id":"172","alertRef":"10096"},{"sourceid":"3","other":"1073741823, which evaluates to: 2004-01-10 08:37:03","method":"GET","evidence":"1073741823","pluginId":"10096","cweid":"200","confidence":"Low","wascid":"13","description":"A timestamp was disclosed by the application/web server - Unix","messageId":"28","url":"https://todoist.com/_next/static/chunks/a5174a254d143c3d3d02321814728bdd71b6ab95.8aeeecc87435cd012b41.js","reference":"http://projects.webappsec.org/w/page/13246936/Information%20Leakage","solution":"Manually confirm that the timestamp data is not sensitive, and that the data cannot be aggregated to disclose exploitable patterns.","alert":"Timestamp Disclosure - Unix","param":"","attack":"","name":"Timestamp Disclosure - Unix","risk":"Informational","id":"173","alertRef":"10096"},{"sourceid":"3","other":"16777216, which evaluates to: 1970-07-13 23:20:16","method":"GET","evidence":"16777216","pluginId":"10096","cweid":"200","confidence":"Low","wascid":"13","description":"A timestamp was disclosed by the application/web server - Unix","messageId":"28","url":"https://todoist.com/_next/static/chunks/a5174a254d143c3d3d02321814728bdd71b6ab95.8aeeecc87435cd012b41.js","reference":"http://projects.webappsec.org/w/page/13246936/Information%20Leakage","solution":"Manually confirm that the timestamp data is not sensitive, and that the data cannot be aggregated to disclose exploitable patterns.","alert":"Timestamp Disclosure - Unix","param":"","attack":"","name":"Timestamp Disclosure - Unix","risk":"Informational","id":"176","alertRef":"10096"},{"sourceid":"3","other":"This issue still applies to error type pages (401, 403, 500, etc.) as those pages are often still affected by injection issues, in which case there is still concern for browsers sniffing pages away from their actual content type.\nAt \"High\" threshold this scan rule will not alert on client or server error responses.","method":"GET","evidence":"","pluginId":"10021","cweid":"16","confidence":"Medium","wascid":"15","description":"The Anti-MIME-Sniffing header X-Content-Type-Options was not set to 'nosniff'. This allows older versions of Internet Explorer and Chrome to perform MIME-sniffing on the response body, potentially causing the response body to be interpreted and displayed as a content type other than the declared content type. Current (early 2014) and legacy versions of Firefox will use the declared content type (if one is set), rather than performing MIME-sniffing.","messageId":"28","url":"https://todoist.com/_next/static/chunks/a5174a254d143c3d3d02321814728bdd71b6ab95.8aeeecc87435cd012b41.js","reference":"http://msdn.microsoft.com/en-us/library/ie/gg622941%28v=vs.85%29.aspx\nhttps://owasp.org/www-community/Security_Headers","solution":"Ensure that the application/web server sets the Content-Type header appropriately, and that it sets the X-Content-Type-Options header to 'nosniff' for all web pages.\nIf possible, ensure that the end user uses a standards-compliant and modern web browser that does not perform MIME-sniffing at all, or that can be directed by the web application/web server to not perform MIME-sniffing.","alert":"X-Content-Type-Options Header Missing","param":"X-Content-Type-Options","attack":"","name":"X-Content-Type-Options Header Missing","risk":"Low","id":"180","alertRef":"10021"},{"sourceid":"3","other":"The following pattern was used: \\bUSER\\b and was detected in the element starting with: \"self.__BUILD_MANIFEST = (function(a,b,c,d,e,f,g,h,i,j,k,l,m,n,o,p,q,r,s,t){return {__rewrites:[],\"/\":[\"static\\u002Fcss\\u002Fpage\", see evidence field for the suspicious comment/snippet.","method":"GET","evidence":"user","pluginId":"10027","cweid":"200","confidence":"Low","wascid":"13","description":"The response appears to contain suspicious comments which may help an attacker. Note: Matches made within script blocks or files are against the entire content not only comments.","messageId":"32","url":"https://todoist.com/_next/static/Su7XJ3Y1iReNK_fTNqchx/_buildManifest.js","reference":"","solution":"Remove all comments that return information that may help an attacker and fix any underlying problems they refer to.","alert":"Information Disclosure - Suspicious Comments","param":"","attack":"","name":"Information Disclosure - Suspicious Comments","risk":"Informational","id":"194","alertRef":"10027"},{"sourceid":"3","other":"This issue still applies to error type pages (401, 403, 500, etc.) as those pages are often still affected by injection issues, in which case there is still concern for browsers sniffing pages away from their actual content type.\nAt \"High\" threshold this scan rule will not alert on client or server error responses.","method":"GET","evidence":"","pluginId":"10021","cweid":"16","confidence":"Medium","wascid":"15","description":"The Anti-MIME-Sniffing header X-Content-Type-Options was not set to 'nosniff'. This allows older versions of Internet Explorer and Chrome to perform MIME-sniffing on the response body, potentially causing the response body to be interpreted and displayed as a content type other than the declared content type. Current (early 2014) and legacy versions of Firefox will use the declared content type (if one is set), rather than performing MIME-sniffing.","messageId":"32","url":"https://todoist.com/_next/static/Su7XJ3Y1iReNK_fTNqchx/_buildManifest.js","reference":"http://msdn.microsoft.com/en-us/library/ie/gg622941%28v=vs.85%29.aspx\nhttps://owasp.org/www-community/Security_Headers","solution":"Ensure that the application/web server sets the Content-Type header appropriately, and that it sets the X-Content-Type-Options header to 'nosniff' for all web pages.\nIf possible, ensure that the end user uses a standards-compliant and modern web browser that does not perform MIME-sniffing at all, or that can be directed by the web application/web server to not perform MIME-sniffing.","alert":"X-Content-Type-Options Header Missing","param":"X-Content-Type-Options","attack":"","name":"X-Content-Type-Options Header Missing","risk":"Low","id":"195","alertRef":"10021"},{"sourceid":"3","other":"This issue still applies to error type pages (401, 403, 500, etc.) as those pages are often still affected by injection issues, in which case there is still concern for browsers sniffing pages away from their actual content type.\nAt \"High\" threshold this scan rule will not alert on client or server error responses.","method":"GET","evidence":"","pluginId":"10021","cweid":"16","confidence":"Medium","wascid":"15","description":"The Anti-MIME-Sniffing header X-Content-Type-Options was not set to 'nosniff'. This allows older versions of Internet Explorer and Chrome to perform MIME-sniffing on the response body, potentially causing the response body to be interpreted and displayed as a content type other than the declared content type. Current (early 2014) and legacy versions of Firefox will use the declared content type (if one is set), rather than performing MIME-sniffing.","messageId":"35","url":"https://todoist.com/_next/static/Su7XJ3Y1iReNK_fTNqchx/_ssgManifest.js","reference":"http://msdn.microsoft.com/en-us/library/ie/gg622941%28v=vs.85%29.aspx\nhttps://owasp.org/www-community/Security_Headers","solution":"Ensure that the application/web server sets the Content-Type header appropriately, and that it sets the X-Content-Type-Options header to 'nosniff' for all web pages.\nIf possible, ensure that the end user uses a standards-compliant and modern web browser that does not perform MIME-sniffing at all, or that can be directed by the web application/web server to not perform MIME-sniffing.","alert":"X-Content-Type-Options Header Missing","param":"X-Content-Type-Options","attack":"","name":"X-Content-Type-Options Header Missing","risk":"Low","id":"196","alertRef":"10021"},{"sourceid":"3","other":"This issue still applies to error type pages (401, 403, 500, etc.) as those pages are often still affected by injection issues, in which case there is still concern for browsers sniffing pages away from their actual content type.\nAt \"High\" threshold this scan rule will not alert on client or server error responses.","method":"GET","evidence":"","pluginId":"10021","cweid":"16","confidence":"Medium","wascid":"15","description":"The Anti-MIME-Sniffing header X-Content-Type-Options was not set to 'nosniff'. This allows older versions of Internet Explorer and Chrome to perform MIME-sniffing on the response body, potentially causing the response body to be interpreted and displayed as a content type other than the declared content type. Current (early 2014) and legacy versions of Firefox will use the declared content type (if one is set), rather than performing MIME-sniffing.","messageId":"47","url":"https://todoist.com/static/fonts/Graphik-Regular-Web.woff","reference":"http://msdn.microsoft.com/en-us/library/ie/gg622941%28v=vs.85%29.aspx\nhttps://owasp.org/www-community/Security_Headers","solution":"Ensure that the application/web server sets the Content-Type header appropriately, and that it sets the X-Content-Type-Options header to 'nosniff' for all web pages.\nIf possible, ensure that the end user uses a standards-compliant and modern web browser that does not perform MIME-sniffing at all, or that can be directed by the web application/web server to not perform MIME-sniffing.","alert":"X-Content-Type-Options Header Missing","param":"X-Content-Type-Options","attack":"","name":"X-Content-Type-Options Header Missing","risk":"Low","id":"239","alertRef":"10021"},{"sourceid":"3","other":"This issue still applies to error type pages (401, 403, 500, etc.) as those pages are often still affected by injection issues, in which case there is still concern for browsers sniffing pages away from their actual content type.\nAt \"High\" threshold this scan rule will not alert on client or server error responses.","method":"GET","evidence":"","pluginId":"10021","cweid":"16","confidence":"Medium","wascid":"15","description":"The Anti-MIME-Sniffing header X-Content-Type-Options was not set to 'nosniff'. This allows older versions of Internet Explorer and Chrome to perform MIME-sniffing on the response body, potentially causing the response body to be interpreted and displayed as a content type other than the declared content type. Current (early 2014) and legacy versions of Firefox will use the declared content type (if one is set), rather than performing MIME-sniffing.","messageId":"48","url":"https://todoist.com/static/fonts/Graphik-Semibold-Web.woff","reference":"http://msdn.microsoft.com/en-us/library/ie/gg622941%28v=vs.85%29.aspx\nhttps://owasp.org/www-community/Security_Headers","solution":"Ensure that the application/web server sets the Content-Type header appropriately, and that it sets the X-Content-Type-Options header to 'nosniff' for all web pages.\nIf possible, ensure that the end user uses a standards-compliant and modern web browser that does not perform MIME-sniffing at all, or that can be directed by the web application/web server to not perform MIME-sniffing.","alert":"X-Content-Type-Options Header Missing","param":"X-Content-Type-Options","attack":"","name":"X-Content-Type-Options Header Missing","risk":"Low","id":"240","alertRef":"10021"},{"sourceid":"3","other":"This issue still applies to error type pages (401, 403, 500, etc.) as those pages are often still affected by injection issues, in which case there is still concern for browsers sniffing pages away from their actual content type.\nAt \"High\" threshold this scan rule will not alert on client or server error responses.","method":"GET","evidence":"","pluginId":"10021","cweid":"16","confidence":"Medium","wascid":"15","description":"The Anti-MIME-Sniffing header X-Content-Type-Options was not set to 'nosniff'. This allows older versions of Internet Explorer and Chrome to perform MIME-sniffing on the response body, potentially causing the response body to be interpreted and displayed as a content type other than the declared content type. Current (early 2014) and legacy versions of Firefox will use the declared content type (if one is set), rather than performing MIME-sniffing.","messageId":"51","url":"https://todoist.com/static/fonts/Caecilia-RegularItalic-Web.woff","reference":"http://msdn.microsoft.com/en-us/library/ie/gg622941%28v=vs.85%29.aspx\nhttps://owasp.org/www-community/Security_Headers","solution":"Ensure that the application/web server sets the Content-Type header appropriately, and that it sets the X-Content-Type-Options header to 'nosniff' for all web pages.\nIf possible, ensure that the end user uses a standards-compliant and modern web browser that does not perform MIME-sniffing at all, or that can be directed by the web application/web server to not perform MIME-sniffing.","alert":"X-Content-Type-Options Header Missing","param":"X-Content-Type-Options","attack":"","name":"X-Content-Type-Options Header Missing","risk":"Low","id":"241","alertRef":"10021"},{"sourceid":"3","other":"","method":"GET","evidence":"public, max-age=31536000, immutable","pluginId":"10015","cweid":"525","confidence":"Medium","wascid":"13","description":"The cache-control and pragma HTTP header have not been set properly or are missing allowing the browser and proxies to cache content.","messageId":"55","url":"https://todoist.com/static/locales/es/common.json","reference":"https://cheatsheetseries.owasp.org/cheatsheets/Session_Management_Cheat_Sheet.html#web-content-caching","solution":"Whenever possible ensure the cache-control HTTP header is set with no-cache, no-store, must-revalidate; and that the pragma HTTP header is set with no-cache.","alert":"Incomplete or No Cache-control and Pragma HTTP Header Set","param":"Cache-Control","attack":"","name":"Incomplete or No Cache-control and Pragma HTTP Header Set","risk":"Low","id":"244","alertRef":"10015"},{"sourceid":"3","other":"This issue still applies to error type pages (401, 403, 500, etc.) as those pages are often still affected by injection issues, in which case there is still concern for browsers sniffing pages away from their actual content type.\nAt \"High\" threshold this scan rule will not alert on client or server error responses.","method":"GET","evidence":"","pluginId":"10021","cweid":"16","confidence":"Medium","wascid":"15","description":"The Anti-MIME-Sniffing header X-Content-Type-Options was not set to 'nosniff'. This allows older versions of Internet Explorer and Chrome to perform MIME-sniffing on the response body, potentially causing the response body to be interpreted and displayed as a content type other than the declared content type. Current (early 2014) and legacy versions of Firefox will use the declared content type (if one is set), rather than performing MIME-sniffing.","messageId":"55","url":"https://todoist.com/static/locales/es/common.json","reference":"http://msdn.microsoft.com/en-us/library/ie/gg622941%28v=vs.85%29.aspx\nhttps://owasp.org/www-community/Security_Headers","solution":"Ensure that the application/web server sets the Content-Type header appropriately, and that it sets the X-Content-Type-Options header to 'nosniff' for all web pages.\nIf possible, ensure that the end user uses a standards-compliant and modern web browser that does not perform MIME-sniffing at all, or that can be directed by the web application/web server to not perform MIME-sniffing.","alert":"X-Content-Type-Options Header Missing","param":"X-Content-Type-Options","attack":"","name":"X-Content-Type-Options Header Missing","risk":"Low","id":"245","alertRef":"10021"},{"sourceid":"3","other":"","method":"GET","evidence":"public, max-age=31536000, immutable","pluginId":"10015","cweid":"525","confidence":"Medium","wascid":"13","description":"The cache-control and pragma HTTP header have not been set properly or are missing allowing the browser and proxies to cache content.","messageId":"58","url":"https://todoist.com/static/locales/en/common.json","reference":"https://cheatsheetseries.owasp.org/cheatsheets/Session_Management_Cheat_Sheet.html#web-content-caching","solution":"Whenever possible ensure the cache-control HTTP header is set with no-cache, no-store, must-revalidate; and that the pragma HTTP header is set with no-cache.","alert":"Incomplete or No Cache-control and Pragma HTTP Header Set","param":"Cache-Control","attack":"","name":"Incomplete or No Cache-control and Pragma HTTP Header Set","risk":"Low","id":"246","alertRef":"10015"},{"sourceid":"3","other":"This issue still applies to error type pages (401, 403, 500, etc.) as those pages are often still affected by injection issues, in which case there is still concern for browsers sniffing pages away from their actual content type.\nAt \"High\" threshold this scan rule will not alert on client or server error responses.","method":"GET","evidence":"","pluginId":"10021","cweid":"16","confidence":"Medium","wascid":"15","description":"The Anti-MIME-Sniffing header X-Content-Type-Options was not set to 'nosniff'. This allows older versions of Internet Explorer and Chrome to perform MIME-sniffing on the response body, potentially causing the response body to be interpreted and displayed as a content type other than the declared content type. Current (early 2014) and legacy versions of Firefox will use the declared content type (if one is set), rather than performing MIME-sniffing.","messageId":"58","url":"https://todoist.com/static/locales/en/common.json","reference":"http://msdn.microsoft.com/en-us/library/ie/gg622941%28v=vs.85%29.aspx\nhttps://owasp.org/www-community/Security_Headers","solution":"Ensure that the application/web server sets the Content-Type header appropriately, and that it sets the X-Content-Type-Options header to 'nosniff' for all web pages.\nIf possible, ensure that the end user uses a standards-compliant and modern web browser that does not perform MIME-sniffing at all, or that can be directed by the web application/web server to not perform MIME-sniffing.","alert":"X-Content-Type-Options Header Missing","param":"X-Content-Type-Options","attack":"","name":"X-Content-Type-Options Header Missing","risk":"Low","id":"247","alertRef":"10021"},{"sourceid":"3","other":"","method":"GET","evidence":"","pluginId":"10015","cweid":"525","confidence":"Medium","wascid":"13","description":"The cache-control and pragma HTTP header have not been set properly or are missing allowing the browser and proxies to cache content.","messageId":"132","url":"https://todoist.com/users/showlogin","reference":"https://cheatsheetseries.owasp.org/cheatsheets/Session_Management_Cheat_Sheet.html#web-content-caching","solution":"Whenever possible ensure the cache-control HTTP header is set with no-cache, no-store, must-revalidate; and that the pragma HTTP header is set with no-cache.","alert":"Incomplete or No Cache-control and Pragma HTTP Header Set","param":"Cache-Control","attack":"","name":"Incomplete or No Cache-control and Pragma HTTP Header Set","risk":"Low","id":"314","alertRef":"10015"},{"sourceid":"3","other":"","method":"GET","evidence":"Set-Cookie: csrf","pluginId":"10010","cweid":"16","confidence":"Medium","wascid":"13","description":"A cookie has been set without the HttpOnly flag, which means that the cookie can be accessed by JavaScript. If a malicious script can be run on this page then the cookie will be accessible and can be transmitted to another site. If this is a session cookie then session hijacking may be possible.","messageId":"132","url":"https://todoist.com/users/showlogin","reference":"https://owasp.org/www-community/HttpOnly","solution":"Ensure that the HttpOnly flag is set for all cookies.","alert":"Cookie No HttpOnly Flag","param":"csrf","attack":"","name":"Cookie No HttpOnly Flag","risk":"Low","id":"315","alertRef":"10010"},{"sourceid":"3","other":"","method":"GET","evidence":"Set-Cookie: csrf","pluginId":"10054","cweid":"16","confidence":"Medium","wascid":"13","description":"A cookie has been set with an invalid SameSite attribute value, which means that the cookie can be sent as a result of a 'cross-site' request. The SameSite attribute is an effective counter measure to cross-site request forgery, cross-site script inclusion, and timing attacks.","messageId":"132","url":"https://todoist.com/users/showlogin","reference":"https://tools.ietf.org/html/draft-ietf-httpbis-cookie-same-site","solution":"Ensure that the SameSite attribute is set to either 'lax' or ideally 'strict' for all cookies.","alert":"Cookie Without SameSite Attribute","param":"csrf","attack":"","name":"Cookie Without SameSite Attribute","risk":"Low","id":"316","alertRef":"10054"},{"sourceid":"3","other":"","method":"GET","evidence":"<script type=\"text/javascript\" src=\"https://d3ptyyxy2at9ui.cloudfront.net/es-ab54e0.js\"><\/script>","pluginId":"10017","cweid":"829","confidence":"Medium","wascid":"15","description":"The page includes one or more script files from a third-party domain.","messageId":"132","url":"https://todoist.com/users/showlogin","reference":"","solution":"Ensure JavaScript source files are loaded from only trusted sources, and the sources can't be controlled by end users of the application.","alert":"Cross-Domain JavaScript Source File Inclusion","param":"https://d3ptyyxy2at9ui.cloudfront.net/es-ab54e0.js","attack":"","name":"Cross-Domain JavaScript Source File Inclusion","risk":"Low","id":"317","alertRef":"10017"},{"sourceid":"3","other":"","method":"GET","evidence":"<script type=\"text/javascript\" src=\"https://d3ptyyxy2at9ui.cloudfront.net/Col_ICECollection-8b8f90.js\" ><\/script>","pluginId":"10017","cweid":"829","confidence":"Medium","wascid":"15","description":"The page includes one or more script files from a third-party domain.","messageId":"132","url":"https://todoist.com/users/showlogin","reference":"","solution":"Ensure JavaScript source files are loaded from only trusted sources, and the sources can't be controlled by end users of the application.","alert":"Cross-Domain JavaScript Source File Inclusion","param":"https://d3ptyyxy2at9ui.cloudfront.net/Col_ICECollection-8b8f90.js","attack":"","name":"Cross-Domain JavaScript Source File Inclusion","risk":"Low","id":"318","alertRef":"10017"},{"sourceid":"3","other":"","method":"GET","evidence":"<script type=\"text/javascript\" src=\"https://d3ptyyxy2at9ui.cloudfront.net/GreyBox-b6bb57.js\" ><\/script>","pluginId":"10017","cweid":"829","confidence":"Medium","wascid":"15","description":"The page includes one or more script files from a third-party domain.","messageId":"132","url":"https://todoist.com/users/showlogin","reference":"","solution":"Ensure JavaScript source files are loaded from only trusted sources, and the sources can't be controlled by end users of the application.","alert":"Cross-Domain JavaScript Source File Inclusion","param":"https://d3ptyyxy2at9ui.cloudfront.net/GreyBox-b6bb57.js","attack":"","name":"Cross-Domain JavaScript Source File Inclusion","risk":"Low","id":"319","alertRef":"10017"},{"sourceid":"3","other":"","method":"GET","evidence":"<script type=\"text/javascript\" src=\"https://d3ptyyxy2at9ui.cloudfront.net/Col_StandalonePageCollection-d72ac1.js\" ><\/script>","pluginId":"10017","cweid":"829","confidence":"Medium","wascid":"15","description":"The page includes one or more script files from a third-party domain.","messageId":"132","url":"https://todoist.com/users/showlogin","reference":"","solution":"Ensure JavaScript source files are loaded from only trusted sources, and the sources can't be controlled by end users of the application.","alert":"Cross-Domain JavaScript Source File Inclusion","param":"https://d3ptyyxy2at9ui.cloudfront.net/Col_StandalonePageCollection-d72ac1.js","attack":"","name":"Cross-Domain JavaScript Source File Inclusion","risk":"Low","id":"320","alertRef":"10017"},{"sourceid":"3","other":"","method":"GET","evidence":"<script type=\"text/javascript\" src=\"https://d3ptyyxy2at9ui.cloudfront.net/Col_PluginCollection-f907f0.js\" ><\/script>","pluginId":"10017","cweid":"829","confidence":"Medium","wascid":"15","description":"The page includes one or more script files from a third-party domain.","messageId":"132","url":"https://todoist.com/users/showlogin","reference":"","solution":"Ensure JavaScript source files are loaded from only trusted sources, and the sources can't be controlled by end users of the application.","alert":"Cross-Domain JavaScript Source File Inclusion","param":"https://d3ptyyxy2at9ui.cloudfront.net/Col_PluginCollection-f907f0.js","attack":"","name":"Cross-Domain JavaScript Source File Inclusion","risk":"Low","id":"322","alertRef":"10017"},{"sourceid":"3","other":"","method":"GET","evidence":"<script type=\"text/javascript\" src=\"https://d3ptyyxy2at9ui.cloudfront.net/ist_button-56a55c.js\" ><\/script>","pluginId":"10017","cweid":"829","confidence":"Medium","wascid":"15","description":"The page includes one or more script files from a third-party domain.","messageId":"132","url":"https://todoist.com/users/showlogin","reference":"","solution":"Ensure JavaScript source files are loaded from only trusted sources, and the sources can't be controlled by end users of the application.","alert":"Cross-Domain JavaScript Source File Inclusion","param":"https://d3ptyyxy2at9ui.cloudfront.net/ist_button-56a55c.js","attack":"","name":"Cross-Domain JavaScript Source File Inclusion","risk":"Low","id":"323","alertRef":"10017"},{"sourceid":"3","other":"","method":"GET","evidence":"<script type=\"text/javascript\" src=\"https://d3ptyyxy2at9ui.cloudfront.net/Col_LoginSignupCollection-976c4c.js\" ><\/script>","pluginId":"10017","cweid":"829","confidence":"Medium","wascid":"15","description":"The page includes one or more script files from a third-party domain.","messageId":"132","url":"https://todoist.com/users/showlogin","reference":"","solution":"Ensure JavaScript source files are loaded from only trusted sources, and the sources can't be controlled by end users of the application.","alert":"Cross-Domain JavaScript Source File Inclusion","param":"https://d3ptyyxy2at9ui.cloudfront.net/Col_LoginSignupCollection-976c4c.js","attack":"","name":"Cross-Domain JavaScript Source File Inclusion","risk":"Low","id":"324","alertRef":"10017"},{"sourceid":"3","other":"This issue still applies to error type pages (401, 403, 500, etc.) as those pages are often still affected by injection issues, in which case there is still concern for browsers sniffing pages away from their actual content type.\nAt \"High\" threshold this scan rule will not alert on client or server error responses.","method":"GET","evidence":"","pluginId":"10021","cweid":"16","confidence":"Medium","wascid":"15","description":"The Anti-MIME-Sniffing header X-Content-Type-Options was not set to 'nosniff'. This allows older versions of Internet Explorer and Chrome to perform MIME-sniffing on the response body, potentially causing the response body to be interpreted and displayed as a content type other than the declared content type. Current (early 2014) and legacy versions of Firefox will use the declared content type (if one is set), rather than performing MIME-sniffing.","messageId":"132","url":"https://todoist.com/users/showlogin","reference":"http://msdn.microsoft.com/en-us/library/ie/gg622941%28v=vs.85%29.aspx\nhttps://owasp.org/www-community/Security_Headers","solution":"Ensure that the application/web server sets the Content-Type header appropriately, and that it sets the X-Content-Type-Options header to 'nosniff' for all web pages.\nIf possible, ensure that the end user uses a standards-compliant and modern web browser that does not perform MIME-sniffing at all, or that can be directed by the web application/web server to not perform MIME-sniffing.","alert":"X-Content-Type-Options Header Missing","param":"X-Content-Type-Options","attack":"","name":"X-Content-Type-Options Header Missing","risk":"Low","id":"325","alertRef":"10021"},{"sourceid":"3","other":"","method":"GET","evidence":"","pluginId":"10020","cweid":"16","confidence":"Medium","wascid":"15","description":"X-Frame-Options header is not included in the HTTP response to protect against 'ClickJacking' attacks.","messageId":"132","url":"https://todoist.com/users/showlogin","reference":"https://developer.mozilla.org/en-US/docs/Web/HTTP/Headers/X-Frame-Options","solution":"Most modern Web browsers support the X-Frame-Options HTTP header. Ensure it's set on all web pages returned by your site (if you expect the page to be framed only by pages on your server (e.g. it's part of a FRAMESET) then you'll want to use SAMEORIGIN, otherwise if you never expect the page to be framed, you should use DENY. Alternatively consider implementing Content Security Policy's \"frame-ancestors\" directive. ","alert":"X-Frame-Options Header Not Set","param":"X-Frame-Options","attack":"","name":"X-Frame-Options Header Not Set","risk":"Medium","id":"326","alertRef":"10020"},{"sourceid":"3","other":"","method":"POST","evidence":"Set-Cookie: todoistd","pluginId":"10054","cweid":"16","confidence":"Medium","wascid":"13","description":"A cookie has been set with an invalid SameSite attribute value, which means that the cookie can be sent as a result of a 'cross-site' request. The SameSite attribute is an effective counter measure to cross-site request forgery, cross-site script inclusion, and timing attacks.","messageId":"156","url":"https://todoist.com/Users/login","reference":"https://tools.ietf.org/html/draft-ietf-httpbis-cookie-same-site","solution":"Ensure that the SameSite attribute is set to either 'lax' or ideally 'strict' for all cookies.","alert":"Cookie Without SameSite Attribute","param":"todoistd","attack":"","name":"Cookie Without SameSite Attribute","risk":"Low","id":"371","alertRef":"10054"},{"sourceid":"3","other":"31536000, which evaluates to: 1970-12-31 19:00:00","method":"POST","evidence":"31536000","pluginId":"10096","cweid":"200","confidence":"Low","wascid":"13","description":"A timestamp was disclosed by the application/web server - Unix","messageId":"156","url":"https://todoist.com/Users/login","reference":"http://projects.webappsec.org/w/page/13246936/Information%20Leakage","solution":"Manually confirm that the timestamp data is not sensitive, and that the data cannot be aggregated to disclose exploitable patterns.","alert":"Timestamp Disclosure - Unix","param":"","attack":"","name":"Timestamp Disclosure - Unix","risk":"Informational","id":"372","alertRef":"10096"},{"sourceid":"3","other":"The response contained multiple CSP headers, one or more of them contained a report-uri directive and therefore they could not be merged. The first identified header/policy was analyzed.","method":"GET","evidence":"default-src 'self' wss://*.todoist.com https://www.google-analytics.com https://o476415.ingest.sentry.io https://d3ptyyxy2at9ui.cloudfront.net https://dcff1xvirvpfp.cloudfront.net https://d266vjxpnndrqi.cloudfront.net https://x-api.rollout.io https://statestore.rollout.io https://conf.rollout.io https://push.rollout.io https://analytic.rollout.io https://browser.sentry-cdn.com https://www.dropbox.com/static/api/2/dropins.js https://apis.google.com https://*.todoist.com https://todoist.com https://maps.googleapis.com https://fonts.gstatic.com; style-src 'self' wss://*.todoist.com https://www.google-analytics.com https://o476415.ingest.sentry.io https://d3ptyyxy2at9ui.cloudfront.net https://dcff1xvirvpfp.cloudfront.net https://d266vjxpnndrqi.cloudfront.net https://x-api.rollout.io https://statestore.rollout.io https://conf.rollout.io https://push.rollout.io https://analytic.rollout.io https://browser.sentry-cdn.com https://www.dropbox.com/static/api/2/dropins.js https://apis.google.com https://*.todoist.com https://todoist.com https://maps.googleapis.com https://fonts.gstatic.com 'unsafe-inline' https://fonts.googleapis.com; img-src 'self' data:  https://d3ptyyxy2at9ui.cloudfront.net https://dcff1xvirvpfp.cloudfront.net https://d266vjxpnndrqi.cloudfront.net https://d1x0mwiac2rqwt.cloudfront.net https://avatars.doist.com https://image-resize.todoist.com https://maps.gstatic.com https://*.googleapis.com https://*.ggpht https://twemoji.maxcdn.com https://www.google-analytics.com; media-src 'self' https://d1ysz50cxb9zwl.cloudfront.net https://d3ptyyxy2at9ui.cloudfront.net https://files.todoist.com; frame-src 'self' https://www.dropbox.com https://accounts.google.com https://docs.google.com; report-uri /csp_report","pluginId":"10055","cweid":"16","confidence":"Medium","wascid":"15","description":"Info Items:\n1:1715: A draft of the next version of CSP deprecates report-uri in favour of a new report-to directive.\n","messageId":"158","url":"https://todoist.com/app/","reference":"http://www.w3.org/TR/CSP2/\nhttp://www.w3.org/TR/CSP/\nhttp://caniuse.com/#search=content+security+policy\nhttp://content-security-policy.com/\nhttps://github.com/shapesecurity/salvation\nhttps://developers.google.com/web/fundamentals/security/csp#policy_applies_to_a_wide_variety_of_resources","solution":"Ensure that your web server, application server, load balancer, etc. is properly configured to set the Content-Security-Policy header.","alert":"CSP: Notices","param":"Content-Security-Policy","attack":"","name":"CSP: Notices","risk":"Informational","id":"373","alertRef":"10055"},{"sourceid":"3","other":"The response contained multiple CSP headers, one or more of them contained a report-uri directive and therefore they could not be merged. The first identified header/policy was analyzed.","method":"GET","evidence":"default-src 'self' wss://*.todoist.com https://www.google-analytics.com https://o476415.ingest.sentry.io https://d3ptyyxy2at9ui.cloudfront.net https://dcff1xvirvpfp.cloudfront.net https://d266vjxpnndrqi.cloudfront.net https://x-api.rollout.io https://statestore.rollout.io https://conf.rollout.io https://push.rollout.io https://analytic.rollout.io https://browser.sentry-cdn.com https://www.dropbox.com/static/api/2/dropins.js https://apis.google.com https://*.todoist.com https://todoist.com https://maps.googleapis.com https://fonts.gstatic.com; style-src 'self' wss://*.todoist.com https://www.google-analytics.com https://o476415.ingest.sentry.io https://d3ptyyxy2at9ui.cloudfront.net https://dcff1xvirvpfp.cloudfront.net https://d266vjxpnndrqi.cloudfront.net https://x-api.rollout.io https://statestore.rollout.io https://conf.rollout.io https://push.rollout.io https://analytic.rollout.io https://browser.sentry-cdn.com https://www.dropbox.com/static/api/2/dropins.js https://apis.google.com https://*.todoist.com https://todoist.com https://maps.googleapis.com https://fonts.gstatic.com 'unsafe-inline' https://fonts.googleapis.com; img-src 'self' data:  https://d3ptyyxy2at9ui.cloudfront.net https://dcff1xvirvpfp.cloudfront.net https://d266vjxpnndrqi.cloudfront.net https://d1x0mwiac2rqwt.cloudfront.net https://avatars.doist.com https://image-resize.todoist.com https://maps.gstatic.com https://*.googleapis.com https://*.ggpht https://twemoji.maxcdn.com https://www.google-analytics.com; media-src 'self' https://d1ysz50cxb9zwl.cloudfront.net https://d3ptyyxy2at9ui.cloudfront.net https://files.todoist.com; frame-src 'self' https://www.dropbox.com https://accounts.google.com https://docs.google.com; report-uri /csp_report","pluginId":"10055","cweid":"16","confidence":"Medium","wascid":"15","description":"The following directives either allow wildcard sources (or ancestors), are not defined, or are overly broadly defined: \nframe-ancestors, form-action\n\nThe directive(s): frame-ancestors, form-action are among the directives that do not fallback to default-src, missing/excluding them is the same as allowing anything.","messageId":"158","url":"https://todoist.com/app/","reference":"http://www.w3.org/TR/CSP2/\nhttp://www.w3.org/TR/CSP/\nhttp://caniuse.com/#search=content+security+policy\nhttp://content-security-policy.com/\nhttps://github.com/shapesecurity/salvation\nhttps://developers.google.com/web/fundamentals/security/csp#policy_applies_to_a_wide_variety_of_resources","solution":"Ensure that your web server, application server, load balancer, etc. is properly configured to set the Content-Security-Policy header.","alert":"CSP: Wildcard Directive","param":"Content-Security-Policy","attack":"","name":"CSP: Wildcard Directive","risk":"Medium","id":"374","alertRef":"10055"},{"sourceid":"3","other":"The response contained multiple CSP headers, one or more of them contained a report-uri directive and therefore they could not be merged. The first identified header/policy was analyzed.","method":"GET","evidence":"default-src 'self' wss://*.todoist.com https://www.google-analytics.com https://o476415.ingest.sentry.io https://d3ptyyxy2at9ui.cloudfront.net https://dcff1xvirvpfp.cloudfront.net https://d266vjxpnndrqi.cloudfront.net https://x-api.rollout.io https://statestore.rollout.io https://conf.rollout.io https://push.rollout.io https://analytic.rollout.io https://browser.sentry-cdn.com https://www.dropbox.com/static/api/2/dropins.js https://apis.google.com https://*.todoist.com https://todoist.com https://maps.googleapis.com https://fonts.gstatic.com; style-src 'self' wss://*.todoist.com https://www.google-analytics.com https://o476415.ingest.sentry.io https://d3ptyyxy2at9ui.cloudfront.net https://dcff1xvirvpfp.cloudfront.net https://d266vjxpnndrqi.cloudfront.net https://x-api.rollout.io https://statestore.rollout.io https://conf.rollout.io https://push.rollout.io https://analytic.rollout.io https://browser.sentry-cdn.com https://www.dropbox.com/static/api/2/dropins.js https://apis.google.com https://*.todoist.com https://todoist.com https://maps.googleapis.com https://fonts.gstatic.com 'unsafe-inline' https://fonts.googleapis.com; img-src 'self' data:  https://d3ptyyxy2at9ui.cloudfront.net https://dcff1xvirvpfp.cloudfront.net https://d266vjxpnndrqi.cloudfront.net https://d1x0mwiac2rqwt.cloudfront.net https://avatars.doist.com https://image-resize.todoist.com https://maps.gstatic.com https://*.googleapis.com https://*.ggpht https://twemoji.maxcdn.com https://www.google-analytics.com; media-src 'self' https://d1ysz50cxb9zwl.cloudfront.net https://d3ptyyxy2at9ui.cloudfront.net https://files.todoist.com; frame-src 'self' https://www.dropbox.com https://accounts.google.com https://docs.google.com; report-uri /csp_report","pluginId":"10055","cweid":"16","confidence":"Medium","wascid":"15","description":"style-src includes unsafe-inline.","messageId":"158","url":"https://todoist.com/app/","reference":"http://www.w3.org/TR/CSP2/\nhttp://www.w3.org/TR/CSP/\nhttp://caniuse.com/#search=content+security+policy\nhttp://content-security-policy.com/\nhttps://github.com/shapesecurity/salvation\nhttps://developers.google.com/web/fundamentals/security/csp#policy_applies_to_a_wide_variety_of_resources","solution":"Ensure that your web server, application server, load balancer, etc. is properly configured to set the Content-Security-Policy header.","alert":"CSP: style-src unsafe-inline","param":"Content-Security-Policy","attack":"","name":"CSP: style-src unsafe-inline","risk":"Medium","id":"375","alertRef":"10055"},{"sourceid":"3","other":"","method":"GET","evidence":"<script src=\"https://d3ptyyxy2at9ui.cloudfront.net/assets/initTheme.b1a12b68f418d0aa0577144c7364b8ab.js\"><\/script>","pluginId":"10017","cweid":"829","confidence":"Medium","wascid":"15","description":"The page includes one or more script files from a third-party domain.","messageId":"158","url":"https://todoist.com/app/","reference":"","solution":"Ensure JavaScript source files are loaded from only trusted sources, and the sources can't be controlled by end users of the application.","alert":"Cross-Domain JavaScript Source File Inclusion","param":"https://d3ptyyxy2at9ui.cloudfront.net/assets/initTheme.b1a12b68f418d0aa0577144c7364b8ab.js","attack":"","name":"Cross-Domain JavaScript Source File Inclusion","risk":"Low","id":"376","alertRef":"10017"},{"sourceid":"3","other":"","method":"GET","evidence":"<script async src=\"https://www.google-analytics.com/analytics.js\"><\/script>","pluginId":"10017","cweid":"829","confidence":"Medium","wascid":"15","description":"The page includes one or more script files from a third-party domain.","messageId":"158","url":"https://todoist.com/app/","reference":"","solution":"Ensure JavaScript source files are loaded from only trusted sources, and the sources can't be controlled by end users of the application.","alert":"Cross-Domain JavaScript Source File Inclusion","param":"https://www.google-analytics.com/analytics.js","attack":"","name":"Cross-Domain JavaScript Source File Inclusion","risk":"Low","id":"377","alertRef":"10017"},{"sourceid":"3","other":"","method":"GET","evidence":"<script src=\"https://d3ptyyxy2at9ui.cloudfront.net/assets/vendor.c9e825411fdc24f1ec7a.js\"><\/script>","pluginId":"10017","cweid":"829","confidence":"Medium","wascid":"15","description":"The page includes one or more script files from a third-party domain.","messageId":"158","url":"https://todoist.com/app/","reference":"","solution":"Ensure JavaScript source files are loaded from only trusted sources, and the sources can't be controlled by end users of the application.","alert":"Cross-Domain JavaScript Source File Inclusion","param":"https://d3ptyyxy2at9ui.cloudfront.net/assets/vendor.c9e825411fdc24f1ec7a.js","attack":"","name":"Cross-Domain JavaScript Source File Inclusion","risk":"Low","id":"378","alertRef":"10017"},{"sourceid":"3","other":"","method":"GET","evidence":"<script src=\"https://d3ptyyxy2at9ui.cloudfront.net/assets/app.1cf113e26f9d2c0630ec.js\"><\/script>","pluginId":"10017","cweid":"829","confidence":"Medium","wascid":"15","description":"The page includes one or more script files from a third-party domain.","messageId":"158","url":"https://todoist.com/app/","reference":"","solution":"Ensure JavaScript source files are loaded from only trusted sources, and the sources can't be controlled by end users of the application.","alert":"Cross-Domain JavaScript Source File Inclusion","param":"https://d3ptyyxy2at9ui.cloudfront.net/assets/app.1cf113e26f9d2c0630ec.js","attack":"","name":"Cross-Domain JavaScript Source File Inclusion","risk":"Low","id":"379","alertRef":"10017"},{"sourceid":"3","other":"572688855, which evaluates to: 1988-02-24 03:14:15","method":"GET","evidence":"572688855","pluginId":"10096","cweid":"200","confidence":"Low","wascid":"13","description":"A timestamp was disclosed by the application/web server - Unix","messageId":"158","url":"https://todoist.com/app/","reference":"http://projects.webappsec.org/w/page/13246936/Information%20Leakage","solution":"Manually confirm that the timestamp data is not sensitive, and that the data cannot be aggregated to disclose exploitable patterns.","alert":"Timestamp Disclosure - Unix","param":"","attack":"","name":"Timestamp Disclosure - Unix","risk":"Informational","id":"380","alertRef":"10096"},{"sourceid":"3","other":"This issue still applies to error type pages (401, 403, 500, etc.) as those pages are often still affected by injection issues, in which case there is still concern for browsers sniffing pages away from their actual content type.\nAt \"High\" threshold this scan rule will not alert on client or server error responses.","method":"GET","evidence":"","pluginId":"10021","cweid":"16","confidence":"Medium","wascid":"15","description":"The Anti-MIME-Sniffing header X-Content-Type-Options was not set to 'nosniff'. This allows older versions of Internet Explorer and Chrome to perform MIME-sniffing on the response body, potentially causing the response body to be interpreted and displayed as a content type other than the declared content type. Current (early 2014) and legacy versions of Firefox will use the declared content type (if one is set), rather than performing MIME-sniffing.","messageId":"158","url":"https://todoist.com/app/","reference":"http://msdn.microsoft.com/en-us/library/ie/gg622941%28v=vs.85%29.aspx\nhttps://owasp.org/www-community/Security_Headers","solution":"Ensure that the application/web server sets the Content-Type header appropriately, and that it sets the X-Content-Type-Options header to 'nosniff' for all web pages.\nIf possible, ensure that the end user uses a standards-compliant and modern web browser that does not perform MIME-sniffing at all, or that can be directed by the web application/web server to not perform MIME-sniffing.","alert":"X-Content-Type-Options Header Missing","param":"X-Content-Type-Options","attack":"","name":"X-Content-Type-Options Header Missing","risk":"Low","id":"381","alertRef":"10021"},{"sourceid":"3","other":"","method":"GET","evidence":"","pluginId":"10020","cweid":"16","confidence":"Medium","wascid":"15","description":"X-Frame-Options header is not included in the HTTP response to protect against 'ClickJacking' attacks.","messageId":"158","url":"https://todoist.com/app/","reference":"https://developer.mozilla.org/en-US/docs/Web/HTTP/Headers/X-Frame-Options","solution":"Most modern Web browsers support the X-Frame-Options HTTP header. Ensure it's set on all web pages returned by your site (if you expect the page to be framed only by pages on your server (e.g. it's part of a FRAMESET) then you'll want to use SAMEORIGIN, otherwise if you never expect the page to be framed, you should use DENY. Alternatively consider implementing Content Security Policy's \"frame-ancestors\" directive. ","alert":"X-Frame-Options Header Not Set","param":"X-Frame-Options","attack":"","name":"X-Frame-Options Header Not Set","risk":"Medium","id":"382","alertRef":"10020"},{"sourceid":"3","other":"","method":"POST","evidence":"no-cache","pluginId":"10015","cweid":"525","confidence":"Medium","wascid":"13","description":"The cache-control and pragma HTTP header have not been set properly or are missing allowing the browser and proxies to cache content.","messageId":"166","url":"https://todoist.com/API/v8.7/sync","reference":"https://cheatsheetseries.owasp.org/cheatsheets/Session_Management_Cheat_Sheet.html#web-content-caching","solution":"Whenever possible ensure the cache-control HTTP header is set with no-cache, no-store, must-revalidate; and that the pragma HTTP header is set with no-cache.","alert":"Incomplete or No Cache-control and Pragma HTTP Header Set","param":"Cache-Control","attack":"","name":"Incomplete or No Cache-control and Pragma HTTP Header Set","risk":"Low","id":"656","alertRef":"10015"},{"sourceid":"3","other":"1344642991, which evaluates to: 2012-08-10 18:56:31","method":"POST","evidence":"1344642991","pluginId":"10096","cweid":"200","confidence":"Low","wascid":"13","description":"A timestamp was disclosed by the application/web server - Unix","messageId":"166","url":"https://todoist.com/API/v8.7/sync","reference":"http://projects.webappsec.org/w/page/13246936/Information%20Leakage","solution":"Manually confirm that the timestamp data is not sensitive, and that the data cannot be aggregated to disclose exploitable patterns.","alert":"Timestamp Disclosure - Unix","param":"","attack":"","name":"Timestamp Disclosure - Unix","risk":"Informational","id":"657","alertRef":"10096"},{"sourceid":"3","other":"33304136, which evaluates to: 1971-01-21 06:08:56","method":"POST","evidence":"33304136","pluginId":"10096","cweid":"200","confidence":"Low","wascid":"13","description":"A timestamp was disclosed by the application/web server - Unix","messageId":"166","url":"https://todoist.com/API/v8.7/sync","reference":"http://projects.webappsec.org/w/page/13246936/Information%20Leakage","solution":"Manually confirm that the timestamp data is not sensitive, and that the data cannot be aggregated to disclose exploitable patterns.","alert":"Timestamp Disclosure - Unix","param":"","attack":"","name":"Timestamp Disclosure - Unix","risk":"Informational","id":"658","alertRef":"10096"},{"sourceid":"3","other":"43476449, which evaluates to: 1971-05-18 23:47:29","method":"POST","evidence":"43476449","pluginId":"10096","cweid":"200","confidence":"Low","wascid":"13","description":"A timestamp was disclosed by the application/web server - Unix","messageId":"166","url":"https://todoist.com/API/v8.7/sync","reference":"http://projects.webappsec.org/w/page/13246936/Information%20Leakage","solution":"Manually confirm that the timestamp data is not sensitive, and that the data cannot be aggregated to disclose exploitable patterns.","alert":"Timestamp Disclosure - Unix","param":"","attack":"","name":"Timestamp Disclosure - Unix","risk":"Informational","id":"659","alertRef":"10096"},{"sourceid":"3","other":"43476450, which evaluates to: 1971-05-18 23:47:30","method":"POST","evidence":"43476450","pluginId":"10096","cweid":"200","confidence":"Low","wascid":"13","description":"A timestamp was disclosed by the application/web server - Unix","messageId":"166","url":"https://todoist.com/API/v8.7/sync","reference":"http://projects.webappsec.org/w/page/13246936/Information%20Leakage","solution":"Manually confirm that the timestamp data is not sensitive, and that the data cannot be aggregated to disclose exploitable patterns.","alert":"Timestamp Disclosure - Unix","param":"","attack":"","name":"Timestamp Disclosure - Unix","risk":"Informational","id":"674","alertRef":"10096"},{"sourceid":"3","other":"43476451, which evaluates to: 1971-05-18 23:47:31","method":"POST","evidence":"43476451","pluginId":"10096","cweid":"200","confidence":"Low","wascid":"13","description":"A timestamp was disclosed by the application/web server - Unix","messageId":"166","url":"https://todoist.com/API/v8.7/sync","reference":"http://projects.webappsec.org/w/page/13246936/Information%20Leakage","solution":"Manually confirm that the timestamp data is not sensitive, and that the data cannot be aggregated to disclose exploitable patterns.","alert":"Timestamp Disclosure - Unix","param":"","attack":"","name":"Timestamp Disclosure - Unix","risk":"Informational","id":"680","alertRef":"10096"},{"sourceid":"3","other":"43476452, which evaluates to: 1971-05-18 23:47:32","method":"POST","evidence":"43476452","pluginId":"10096","cweid":"200","confidence":"Low","wascid":"13","description":"A timestamp was disclosed by the application/web server - Unix","messageId":"166","url":"https://todoist.com/API/v8.7/sync","reference":"http://projects.webappsec.org/w/page/13246936/Information%20Leakage","solution":"Manually confirm that the timestamp data is not sensitive, and that the data cannot be aggregated to disclose exploitable patterns.","alert":"Timestamp Disclosure - Unix","param":"","attack":"","name":"Timestamp Disclosure - Unix","risk":"Informational","id":"686","alertRef":"10096"},{"sourceid":"3","other":"205325931, which evaluates to: 1976-07-04 05:58:51","method":"POST","evidence":"205325931","pluginId":"10096","cweid":"200","confidence":"Low","wascid":"13","description":"A timestamp was disclosed by the application/web server - Unix","messageId":"166","url":"https://todoist.com/API/v8.7/sync","reference":"http://projects.webappsec.org/w/page/13246936/Information%20Leakage","solution":"Manually confirm that the timestamp data is not sensitive, and that the data cannot be aggregated to disclose exploitable patterns.","alert":"Timestamp Disclosure - Unix","param":"","attack":"","name":"Timestamp Disclosure - Unix","risk":"Informational","id":"697","alertRef":"10096"},{"sourceid":"3","other":"This issue still applies to error type pages (401, 403, 500, etc.) as those pages are often still affected by injection issues, in which case there is still concern for browsers sniffing pages away from their actual content type.\nAt \"High\" threshold this scan rule will not alert on client or server error responses.","method":"POST","evidence":"","pluginId":"10021","cweid":"16","confidence":"Medium","wascid":"15","description":"The Anti-MIME-Sniffing header X-Content-Type-Options was not set to 'nosniff'. This allows older versions of Internet Explorer and Chrome to perform MIME-sniffing on the response body, potentially causing the response body to be interpreted and displayed as a content type other than the declared content type. Current (early 2014) and legacy versions of Firefox will use the declared content type (if one is set), rather than performing MIME-sniffing.","messageId":"166","url":"https://todoist.com/API/v8.7/sync","reference":"http://msdn.microsoft.com/en-us/library/ie/gg622941%28v=vs.85%29.aspx\nhttps://owasp.org/www-community/Security_Headers","solution":"Ensure that the application/web server sets the Content-Type header appropriately, and that it sets the X-Content-Type-Options header to 'nosniff' for all web pages.\nIf possible, ensure that the end user uses a standards-compliant and modern web browser that does not perform MIME-sniffing at all, or that can be directed by the web application/web server to not perform MIME-sniffing.","alert":"X-Content-Type-Options Header Missing","param":"X-Content-Type-Options","attack":"","name":"X-Content-Type-Options Header Missing","risk":"Low","id":"708","alertRef":"10021"}]}
{"alerts":[{"sourceid":"3","other":"","method":"GET","evidence":"Set-Cookie: AWSALB","pluginId":"10010","cweid":"16","confidence":"Medium","wascid":"13","description":"A cookie has been set without the HttpOnly flag, which means that the cookie can be accessed by JavaScript. If a malicious script can be run on this page then the cookie will be accessible and can be transmitted to another site. If this is a session cookie then session hijacking may be possible.","messageId":"3","url":"https://todoist.com/","reference":"https://owasp.org/www-community/HttpOnly","solution":"Ensure that the HttpOnly flag is set for all cookies.","alert":"Cookie No HttpOnly Flag","param":"AWSALB","attack":"","name":"Cookie No HttpOnly Flag","risk":"Low","id":"0","alertRef":"10010"},{"sourceid":"3","other":"","method":"GET","evidence":"Set-Cookie: AWSALBCORS","pluginId":"10010","cweid":"16","confidence":"Medium","wascid":"13","description":"A cookie has been set without the HttpOnly flag, which means that the cookie can be accessed by JavaScript. If a malicious script can be run on this page then the cookie will be accessible and can be transmitted to another site. If this is a session cookie then session hijacking may be possible.","messageId":"3","url":"https://todoist.com/","reference":"https://owasp.org/www-community/HttpOnly","solution":"Ensure that the HttpOnly flag is set for all cookies.","alert":"Cookie No HttpOnly Flag","param":"AWSALBCORS","attack":"","name":"Cookie No HttpOnly Flag","risk":"Low","id":"1","alertRef":"10010"},{"sourceid":"3","other":"","method":"GET","evidence":"Set-Cookie: _csrf","pluginId":"10010","cweid":"16","confidence":"Medium","wascid":"13","description":"A cookie has been set without the HttpOnly flag, which means that the cookie can be accessed by JavaScript. If a malicious script can be run on this page then the cookie will be accessible and can be transmitted to another site. If this is a session cookie then session hijacking may be possible.","messageId":"3","url":"https://todoist.com/","reference":"https://owasp.org/www-community/HttpOnly","solution":"Ensure that the HttpOnly flag is set for all cookies.","alert":"Cookie No HttpOnly Flag","param":"_csrf","attack":"","name":"Cookie No HttpOnly Flag","risk":"Low","id":"2","alertRef":"10010"},{"sourceid":"3","other":"","method":"GET","evidence":"Set-Cookie: next-i18next","pluginId":"10010","cweid":"16","confidence":"Medium","wascid":"13","description":"A cookie has been set without the HttpOnly flag, which means that the cookie can be accessed by JavaScript. If a malicious script can be run on this page then the cookie will be accessible and can be transmitted to another site. If this is a session cookie then session hijacking may be possible.","messageId":"3","url":"https://todoist.com/","reference":"https://owasp.org/www-community/HttpOnly","solution":"Ensure that the HttpOnly flag is set for all cookies.","alert":"Cookie No HttpOnly Flag","param":"next-i18next","attack":"","name":"Cookie No HttpOnly Flag","risk":"Low","id":"3","alertRef":"10010"},{"sourceid":"3","other":"","method":"GET","evidence":"Set-Cookie: AWSALB","pluginId":"10054","cweid":"16","confidence":"Medium","wascid":"13","description":"A cookie has been set without the SameSite attribute, which means that the cookie can be sent as a result of a 'cross-site' request. The SameSite attribute is an effective counter measure to cross-site request forgery, cross-site script inclusion, and timing attacks.","messageId":"3","url":"https://todoist.com/","reference":"https://tools.ietf.org/html/draft-ietf-httpbis-cookie-same-site","solution":"Ensure that the SameSite attribute is set to either 'lax' or ideally 'strict' for all cookies.","alert":"Cookie Without SameSite Attribute","param":"AWSALB","attack":"","name":"Cookie Without SameSite Attribute","risk":"Low","id":"4","alertRef":"10054"},{"sourceid":"3","other":"","method":"GET","evidence":"Set-Cookie: AWSALBCORS","pluginId":"10054","cweid":"16","confidence":"Medium","wascid":"13","description":"A cookie has been set with an invalid SameSite attribute value, which means that the cookie can be sent as a result of a 'cross-site' request. The SameSite attribute is an effective counter measure to cross-site request forgery, cross-site script inclusion, and timing attacks.","messageId":"3","url":"https://todoist.com/","reference":"https://tools.ietf.org/html/draft-ietf-httpbis-cookie-same-site","solution":"Ensure that the SameSite attribute is set to either 'lax' or ideally 'strict' for all cookies.","alert":"Cookie Without SameSite Attribute","param":"AWSALBCORS","attack":"","name":"Cookie Without SameSite Attribute","risk":"Low","id":"5","alertRef":"10054"},{"sourceid":"3","other":"","method":"GET","evidence":"Set-Cookie: _csrf","pluginId":"10054","cweid":"16","confidence":"Medium","wascid":"13","description":"A cookie has been set without the SameSite attribute, which means that the cookie can be sent as a result of a 'cross-site' request. The SameSite attribute is an effective counter measure to cross-site request forgery, cross-site script inclusion, and timing attacks.","messageId":"3","url":"https://todoist.com/","reference":"https://tools.ietf.org/html/draft-ietf-httpbis-cookie-same-site","solution":"Ensure that the SameSite attribute is set to either 'lax' or ideally 'strict' for all cookies.","alert":"Cookie Without SameSite Attribute","param":"_csrf","attack":"","name":"Cookie Without SameSite Attribute","risk":"Low","id":"6","alertRef":"10054"},{"sourceid":"3","other":"","method":"GET","evidence":"Set-Cookie: AWSALB","pluginId":"10011","cweid":"614","confidence":"Medium","wascid":"13","description":"A cookie has been set without the secure flag, which means that the cookie can be accessed via unencrypted connections.","messageId":"3","url":"https://todoist.com/","reference":"https://owasp.org/www-project-web-security-testing-guide/v41/4-Web_Application_Security_Testing/06-Session_Management_Testing/02-Testing_for_Cookies_Attributes.html","solution":"Whenever a cookie contains sensitive information or is a session token, then it should always be passed using an encrypted channel. Ensure that the secure flag is set for cookies containing such sensitive information.","alert":"Cookie Without Secure Flag","param":"AWSALB","attack":"","name":"Cookie Without Secure Flag","risk":"Low","id":"7","alertRef":"10011"},{"sourceid":"3","other":"","method":"GET","evidence":"Set-Cookie: _csrf","pluginId":"10011","cweid":"614","confidence":"Medium","wascid":"13","description":"A cookie has been set without the secure flag, which means that the cookie can be accessed via unencrypted connections.","messageId":"3","url":"https://todoist.com/","reference":"https://owasp.org/www-project-web-security-testing-guide/v41/4-Web_Application_Security_Testing/06-Session_Management_Testing/02-Testing_for_Cookies_Attributes.html","solution":"Whenever a cookie contains sensitive information or is a session token, then it should always be passed using an encrypted channel. Ensure that the secure flag is set for cookies containing such sensitive information.","alert":"Cookie Without Secure Flag","param":"_csrf","attack":"","name":"Cookie Without Secure Flag","risk":"Low","id":"8","alertRef":"10011"},{"sourceid":"3","other":"","method":"GET","evidence":"Set-Cookie: next-i18next","pluginId":"10011","cweid":"614","confidence":"Medium","wascid":"13","description":"A cookie has been set without the secure flag, which means that the cookie can be accessed via unencrypted connections.","messageId":"3","url":"https://todoist.com/","reference":"https://owasp.org/www-project-web-security-testing-guide/v41/4-Web_Application_Security_Testing/06-Session_Management_Testing/02-Testing_for_Cookies_Attributes.html","solution":"Whenever a cookie contains sensitive information or is a session token, then it should always be passed using an encrypted channel. Ensure that the secure flag is set for cookies containing such sensitive information.","alert":"Cookie Without Secure Flag","param":"next-i18next","attack":"","name":"Cookie Without Secure Flag","risk":"Low","id":"9","alertRef":"10011"},{"sourceid":"3","other":"","method":"GET","evidence":"","pluginId":"10015","cweid":"525","confidence":"Medium","wascid":"13","description":"The cache-control and pragma HTTP header have not been set properly or are missing allowing the browser and proxies to cache content.","messageId":"5","url":"https://todoist.com/es","reference":"https://cheatsheetseries.owasp.org/cheatsheets/Session_Management_Cheat_Sheet.html#web-content-caching","solution":"Whenever possible ensure the cache-control HTTP header is set with no-cache, no-store, must-revalidate; and that the pragma HTTP header is set with no-cache.","alert":"Incomplete or No Cache-control and Pragma HTTP Header Set","param":"Cache-Control","attack":"","name":"Incomplete or No Cache-control and Pragma HTTP Header Set","risk":"Low","id":"10","alertRef":"10015"},{"sourceid":"3","other":"","method":"GET","evidence":"Set-Cookie: AWSALB","pluginId":"10010","cweid":"16","confidence":"Medium","wascid":"13","description":"A cookie has been set without the HttpOnly flag, which means that the cookie can be accessed by JavaScript. If a malicious script can be run on this page then the cookie will be accessible and can be transmitted to another site. If this is a session cookie then session hijacking may be possible.","messageId":"5","url":"https://todoist.com/es","reference":"https://owasp.org/www-community/HttpOnly","solution":"Ensure that the HttpOnly flag is set for all cookies.","alert":"Cookie No HttpOnly Flag","param":"AWSALB","attack":"","name":"Cookie No HttpOnly Flag","risk":"Low","id":"11","alertRef":"10010"},{"sourceid":"3","other":"","method":"GET","evidence":"Set-Cookie: AWSALBCORS","pluginId":"10010","cweid":"16","confidence":"Medium","wascid":"13","description":"A cookie has been set without the HttpOnly flag, which means that the cookie can be accessed by JavaScript. If a malicious script can be run on this page then the cookie will be accessible and can be transmitted to another site. If this is a session cookie then session hijacking may be possible.","messageId":"5","url":"https://todoist.com/es","reference":"https://owasp.org/www-community/HttpOnly","solution":"Ensure that the HttpOnly flag is set for all cookies.","alert":"Cookie No HttpOnly Flag","param":"AWSALBCORS","attack":"","name":"Cookie No HttpOnly Flag","risk":"Low","id":"12","alertRef":"10010"},{"sourceid":"3","other":"","method":"GET","evidence":"Set-Cookie: next-i18next","pluginId":"10010","cweid":"16","confidence":"Medium","wascid":"13","description":"A cookie has been set without the HttpOnly flag, which means that the cookie can be accessed by JavaScript. If a malicious script can be run on this page then the cookie will be accessible and can be transmitted to another site. If this is a session cookie then session hijacking may be possible.","messageId":"5","url":"https://todoist.com/es","reference":"https://owasp.org/www-community/HttpOnly","solution":"Ensure that the HttpOnly flag is set for all cookies.","alert":"Cookie No HttpOnly Flag","param":"next-i18next","attack":"","name":"Cookie No HttpOnly Flag","risk":"Low","id":"13","alertRef":"10010"},{"sourceid":"3","other":"","method":"GET","evidence":"Set-Cookie: AWSALB","pluginId":"10054","cweid":"16","confidence":"Medium","wascid":"13","description":"A cookie has been set without the SameSite attribute, which means that the cookie can be sent as a result of a 'cross-site' request. The SameSite attribute is an effective counter measure to cross-site request forgery, cross-site script inclusion, and timing attacks.","messageId":"5","url":"https://todoist.com/es","reference":"https://tools.ietf.org/html/draft-ietf-httpbis-cookie-same-site","solution":"Ensure that the SameSite attribute is set to either 'lax' or ideally 'strict' for all cookies.","alert":"Cookie Without SameSite Attribute","param":"AWSALB","attack":"","name":"Cookie Without SameSite Attribute","risk":"Low","id":"14","alertRef":"10054"},{"sourceid":"3","other":"","method":"GET","evidence":"Set-Cookie: AWSALBCORS","pluginId":"10054","cweid":"16","confidence":"Medium","wascid":"13","description":"A cookie has been set with an invalid SameSite attribute value, which means that the cookie can be sent as a result of a 'cross-site' request. The SameSite attribute is an effective counter measure to cross-site request forgery, cross-site script inclusion, and timing attacks.","messageId":"5","url":"https://todoist.com/es","reference":"https://tools.ietf.org/html/draft-ietf-httpbis-cookie-same-site","solution":"Ensure that the SameSite attribute is set to either 'lax' or ideally 'strict' for all cookies.","alert":"Cookie Without SameSite Attribute","param":"AWSALBCORS","attack":"","name":"Cookie Without SameSite Attribute","risk":"Low","id":"15","alertRef":"10054"},{"sourceid":"3","other":"","method":"GET","evidence":"Set-Cookie: AWSALB","pluginId":"10011","cweid":"614","confidence":"Medium","wascid":"13","description":"A cookie has been set without the secure flag, which means that the cookie can be accessed via unencrypted connections.","messageId":"5","url":"https://todoist.com/es","reference":"https://owasp.org/www-project-web-security-testing-guide/v41/4-Web_Application_Security_Testing/06-Session_Management_Testing/02-Testing_for_Cookies_Attributes.html","solution":"Whenever a cookie contains sensitive information or is a session token, then it should always be passed using an encrypted channel. Ensure that the secure flag is set for cookies containing such sensitive information.","alert":"Cookie Without Secure Flag","param":"AWSALB","attack":"","name":"Cookie Without Secure Flag","risk":"Low","id":"16","alertRef":"10011"},{"sourceid":"3","other":"","method":"GET","evidence":"Set-Cookie: next-i18next","pluginId":"10011","cweid":"614","confidence":"Medium","wascid":"13","description":"A cookie has been set without the secure flag, which means that the cookie can be accessed via unencrypted connections.","messageId":"5","url":"https://todoist.com/es","reference":"https://owasp.org/www-project-web-security-testing-guide/v41/4-Web_Application_Security_Testing/06-Session_Management_Testing/02-Testing_for_Cookies_Attributes.html","solution":"Whenever a cookie contains sensitive information or is a session token, then it should always be passed using an encrypted channel. Ensure that the secure flag is set for cookies containing such sensitive information.","alert":"Cookie Without Secure Flag","param":"next-i18next","attack":"","name":"Cookie Without Secure Flag","risk":"Low","id":"17","alertRef":"10011"},{"sourceid":"3","other":"","method":"GET","evidence":"<script src=\"https://www.googleoptimize.com/optimize.js?id=OPT-PNP389R\"><\/script>","pluginId":"10017","cweid":"829","confidence":"Medium","wascid":"15","description":"The page includes one or more script files from a third-party domain.","messageId":"5","url":"https://todoist.com/es","reference":"","solution":"Ensure JavaScript source files are loaded from only trusted sources, and the sources can't be controlled by end users of the application.","alert":"Cross-Domain JavaScript Source File Inclusion","param":"https://www.googleoptimize.com/optimize.js?id=OPT-PNP389R","attack":"","name":"Cross-Domain JavaScript Source File Inclusion","risk":"Low","id":"18","alertRef":"10017"},{"sourceid":"3","other":"The following pattern was used: \\bTODO\\b and was detected in the element starting with: \"<script id=\"__NEXT_DATA__\" type=\"application/json\">{\"props\":{\"initialI18nStore\":{\"es\":{\"index\":{\"seoTitle\":\"Todoist: La \\\"to do \", see evidence field for the suspicious comment/snippet.","method":"GET","evidence":"todo","pluginId":"10027","cweid":"200","confidence":"Low","wascid":"13","description":"The response appears to contain suspicious comments which may help an attacker. Note: Matches made within script blocks or files are against the entire content not only comments.","messageId":"5","url":"https://todoist.com/es","reference":"","solution":"Remove all comments that return information that may help an attacker and fix any underlying problems they refer to.","alert":"Information Disclosure - Suspicious Comments","param":"","attack":"","name":"Information Disclosure - Suspicious Comments","risk":"Informational","id":"19","alertRef":"10027"},{"sourceid":"3","other":"This issue still applies to error type pages (401, 403, 500, etc.) as those pages are often still affected by injection issues, in which case there is still concern for browsers sniffing pages away from their actual content type.\nAt \"High\" threshold this scan rule will not alert on client or server error responses.","method":"GET","evidence":"","pluginId":"10021","cweid":"16","confidence":"Medium","wascid":"15","description":"The Anti-MIME-Sniffing header X-Content-Type-Options was not set to 'nosniff'. This allows older versions of Internet Explorer and Chrome to perform MIME-sniffing on the response body, potentially causing the response body to be interpreted and displayed as a content type other than the declared content type. Current (early 2014) and legacy versions of Firefox will use the declared content type (if one is set), rather than performing MIME-sniffing.","messageId":"5","url":"https://todoist.com/es","reference":"http://msdn.microsoft.com/en-us/library/ie/gg622941%28v=vs.85%29.aspx\nhttps://owasp.org/www-community/Security_Headers","solution":"Ensure that the application/web server sets the Content-Type header appropriately, and that it sets the X-Content-Type-Options header to 'nosniff' for all web pages.\nIf possible, ensure that the end user uses a standards-compliant and modern web browser that does not perform MIME-sniffing at all, or that can be directed by the web application/web server to not perform MIME-sniffing.","alert":"X-Content-Type-Options Header Missing","param":"X-Content-Type-Options","attack":"","name":"X-Content-Type-Options Header Missing","risk":"Low","id":"20","alertRef":"10021"},{"sourceid":"3","other":"","method":"GET","evidence":"public, max-age=31536000, immutable","pluginId":"10015","cweid":"525","confidence":"Medium","wascid":"13","description":"The cache-control and pragma HTTP header have not been set properly or are missing allowing the browser and proxies to cache content.","messageId":"6","url":"https://todoist.com/_next/static/css/a5174a254d143c3d3d02321814728bdd71b6ab95_CSS.d9deec97.chunk.css","reference":"https://cheatsheetseries.owasp.org/cheatsheets/Session_Management_Cheat_Sheet.html#web-content-caching","solution":"Whenever possible ensure the cache-control HTTP header is set with no-cache, no-store, must-revalidate; and that the pragma HTTP header is set with no-cache.","alert":"Incomplete or No Cache-control and Pragma HTTP Header Set","param":"Cache-Control","attack":"","name":"Incomplete or No Cache-control and Pragma HTTP Header Set","risk":"Low","id":"21","alertRef":"10015"},{"sourceid":"3","other":"This issue still applies to error type pages (401, 403, 500, etc.) as those pages are often still affected by injection issues, in which case there is still concern for browsers sniffing pages away from their actual content type.\nAt \"High\" threshold this scan rule will not alert on client or server error responses.","method":"GET","evidence":"","pluginId":"10021","cweid":"16","confidence":"Medium","wascid":"15","description":"The Anti-MIME-Sniffing header X-Content-Type-Options was not set to 'nosniff'. This allows older versions of Internet Explorer and Chrome to perform MIME-sniffing on the response body, potentially causing the response body to be interpreted and displayed as a content type other than the declared content type. Current (early 2014) and legacy versions of Firefox will use the declared content type (if one is set), rather than performing MIME-sniffing.","messageId":"6","url":"https://todoist.com/_next/static/css/a5174a254d143c3d3d02321814728bdd71b6ab95_CSS.d9deec97.chunk.css","reference":"http://msdn.microsoft.com/en-us/library/ie/gg622941%28v=vs.85%29.aspx\nhttps://owasp.org/www-community/Security_Headers","solution":"Ensure that the application/web server sets the Content-Type header appropriately, and that it sets the X-Content-Type-Options header to 'nosniff' for all web pages.\nIf possible, ensure that the end user uses a standards-compliant and modern web browser that does not perform MIME-sniffing at all, or that can be directed by the web application/web server to not perform MIME-sniffing.","alert":"X-Content-Type-Options Header Missing","param":"X-Content-Type-Options","attack":"","name":"X-Content-Type-Options Header Missing","risk":"Low","id":"22","alertRef":"10021"},{"sourceid":"3","other":"This issue still applies to error type pages (401, 403, 500, etc.) as those pages are often still affected by injection issues, in which case there is still concern for browsers sniffing pages away from their actual content type.\nAt \"High\" threshold this scan rule will not alert on client or server error responses.","method":"GET","evidence":"","pluginId":"10021","cweid":"16","confidence":"Medium","wascid":"15","description":"The Anti-MIME-Sniffing header X-Content-Type-Options was not set to 'nosniff'. This allows older versions of Internet Explorer and Chrome to perform MIME-sniffing on the response body, potentially causing the response body to be interpreted and displayed as a content type other than the declared content type. Current (early 2014) and legacy versions of Firefox will use the declared content type (if one is set), rather than performing MIME-sniffing.","messageId":"10","url":"https://todoist.com/_next/static/chunks/webpack-3bde8603facc0c807a2b.js","reference":"http://msdn.microsoft.com/en-us/library/ie/gg622941%28v=vs.85%29.aspx\nhttps://owasp.org/www-community/Security_Headers","solution":"Ensure that the application/web server sets the Content-Type header appropriately, and that it sets the X-Content-Type-Options header to 'nosniff' for all web pages.\nIf possible, ensure that the end user uses a standards-compliant and modern web browser that does not perform MIME-sniffing at all, or that can be directed by the web application/web server to not perform MIME-sniffing.","alert":"X-Content-Type-Options Header Missing","param":"X-Content-Type-Options","attack":"","name":"X-Content-Type-Options Header Missing","risk":"Low","id":"23","alertRef":"10021"},{"sourceid":"3","other":"","method":"GET","evidence":"public, max-age=31536000, immutable","pluginId":"10015","cweid":"525","confidence":"Medium","wascid":"13","description":"The cache-control and pragma HTTP header have not been set properly or are missing allowing the browser and proxies to cache content.","messageId":"12","url":"https://todoist.com/_next/static/css/pages/index.e740e94c.chunk.css","reference":"https://cheatsheetseries.owasp.org/cheatsheets/Session_Management_Cheat_Sheet.html#web-content-caching","solution":"Whenever possible ensure the cache-control HTTP header is set with no-cache, no-store, must-revalidate; and that the pragma HTTP header is set with no-cache.","alert":"Incomplete or No Cache-control and Pragma HTTP Header Set","param":"Cache-Control","attack":"","name":"Incomplete or No Cache-control and Pragma HTTP Header Set","risk":"Low","id":"24","alertRef":"10015"},{"sourceid":"3","other":"This issue still applies to error type pages (401, 403, 500, etc.) as those pages are often still affected by injection issues, in which case there is still concern for browsers sniffing pages away from their actual content type.\nAt \"High\" threshold this scan rule will not alert on client or server error responses.","method":"GET","evidence":"","pluginId":"10021","cweid":"16","confidence":"Medium","wascid":"15","description":"The Anti-MIME-Sniffing header X-Content-Type-Options was not set to 'nosniff'. This allows older versions of Internet Explorer and Chrome to perform MIME-sniffing on the response body, potentially causing the response body to be interpreted and displayed as a content type other than the declared content type. Current (early 2014) and legacy versions of Firefox will use the declared content type (if one is set), rather than performing MIME-sniffing.","messageId":"12","url":"https://todoist.com/_next/static/css/pages/index.e740e94c.chunk.css","reference":"http://msdn.microsoft.com/en-us/library/ie/gg622941%28v=vs.85%29.aspx\nhttps://owasp.org/www-community/Security_Headers","solution":"Ensure that the application/web server sets the Content-Type header appropriately, and that it sets the X-Content-Type-Options header to 'nosniff' for all web pages.\nIf possible, ensure that the end user uses a standards-compliant and modern web browser that does not perform MIME-sniffing at all, or that can be directed by the web application/web server to not perform MIME-sniffing.","alert":"X-Content-Type-Options Header Missing","param":"X-Content-Type-Options","attack":"","name":"X-Content-Type-Options Header Missing","risk":"Low","id":"25","alertRef":"10021"},{"sourceid":"3","other":"The following pattern was used: \\bQUERY\\b and was detected in the element starting with: \"_N_E=(window.webpackJsonp_N_E=window.webpackJsonp_N_E||[]).push([[28],{\"0sNQ\":function(e,t){\"trimStart\"in String.prototype||(Str\", see evidence field for the suspicious comment/snippet.","method":"GET","evidence":"query","pluginId":"10027","cweid":"200","confidence":"Low","wascid":"13","description":"The response appears to contain suspicious comments which may help an attacker. Note: Matches made within script blocks or files are against the entire content not only comments.","messageId":"13","url":"https://todoist.com/_next/static/chunks/main-1ca0aabf0fb4e4d9fa88.js","reference":"","solution":"Remove all comments that return information that may help an attacker and fix any underlying problems they refer to.","alert":"Information Disclosure - Suspicious Comments","param":"","attack":"","name":"Information Disclosure - Suspicious Comments","risk":"Informational","id":"26","alertRef":"10027"},{"sourceid":"3","other":"This issue still applies to error type pages (401, 403, 500, etc.) as those pages are often still affected by injection issues, in which case there is still concern for browsers sniffing pages away from their actual content type.\nAt \"High\" threshold this scan rule will not alert on client or server error responses.","method":"GET","evidence":"","pluginId":"10021","cweid":"16","confidence":"Medium","wascid":"15","description":"The Anti-MIME-Sniffing header X-Content-Type-Options was not set to 'nosniff'. This allows older versions of Internet Explorer and Chrome to perform MIME-sniffing on the response body, potentially causing the response body to be interpreted and displayed as a content type other than the declared content type. Current (early 2014) and legacy versions of Firefox will use the declared content type (if one is set), rather than performing MIME-sniffing.","messageId":"13","url":"https://todoist.com/_next/static/chunks/main-1ca0aabf0fb4e4d9fa88.js","reference":"http://msdn.microsoft.com/en-us/library/ie/gg622941%28v=vs.85%29.aspx\nhttps://owasp.org/www-community/Security_Headers","solution":"Ensure that the application/web server sets the Content-Type header appropriately, and that it sets the X-Content-Type-Options header to 'nosniff' for all web pages.\nIf possible, ensure that the end user uses a standards-compliant and modern web browser that does not perform MIME-sniffing at all, or that can be directed by the web application/web server to not perform MIME-sniffing.","alert":"X-Content-Type-Options Header Missing","param":"X-Content-Type-Options","attack":"","name":"X-Content-Type-Options Header Missing","risk":"Low","id":"27","alertRef":"10021"},{"sourceid":"3","other":"The following pattern was used: \\bSELECT\\b and was detected in the element starting with: \"(window.webpackJsonp_N_E=window.webpackJsonp_N_E||[]).push([[2],{\"+wdc\":function(e,t,n){\"use strict\";var r,l,i,a,o;if(\"undefined\", see evidence field for the suspicious comment/snippet.","method":"GET","evidence":"select","pluginId":"10027","cweid":"200","confidence":"Low","wascid":"13","description":"The response appears to contain suspicious comments which may help an attacker. Note: Matches made within script blocks or files are against the entire content not only comments.","messageId":"15","url":"https://todoist.com/_next/static/chunks/framework.dc73b2df61134dea1baf.js","reference":"","solution":"Remove all comments that return information that may help an attacker and fix any underlying problems they refer to.","alert":"Information Disclosure - Suspicious Comments","param":"","attack":"","name":"Information Disclosure - Suspicious Comments","risk":"Informational","id":"28","alertRef":"10027"},{"sourceid":"3","other":"1073741823, which evaluates to: 2004-01-10 08:37:03","method":"GET","evidence":"1073741823","pluginId":"10096","cweid":"200","confidence":"Low","wascid":"13","description":"A timestamp was disclosed by the application/web server - Unix","messageId":"15","url":"https://todoist.com/_next/static/chunks/framework.dc73b2df61134dea1baf.js","reference":"http://projects.webappsec.org/w/page/13246936/Information%20Leakage","solution":"Manually confirm that the timestamp data is not sensitive, and that the data cannot be aggregated to disclose exploitable patterns.","alert":"Timestamp Disclosure - Unix","param":"","attack":"","name":"Timestamp Disclosure - Unix","risk":"Informational","id":"29","alertRef":"10096"},{"sourceid":"3","other":"1073741821, which evaluates to: 2004-01-10 08:37:01","method":"GET","evidence":"1073741821","pluginId":"10096","cweid":"200","confidence":"Low","wascid":"13","description":"A timestamp was disclosed by the application/web server - Unix","messageId":"15","url":"https://todoist.com/_next/static/chunks/framework.dc73b2df61134dea1baf.js","reference":"http://projects.webappsec.org/w/page/13246936/Information%20Leakage","solution":"Manually confirm that the timestamp data is not sensitive, and that the data cannot be aggregated to disclose exploitable patterns.","alert":"Timestamp Disclosure - Unix","param":"","attack":"","name":"Timestamp Disclosure - Unix","risk":"Informational","id":"30","alertRef":"10096"},{"sourceid":"3","other":"1073741822, which evaluates to: 2004-01-10 08:37:02","method":"GET","evidence":"1073741822","pluginId":"10096","cweid":"200","confidence":"Low","wascid":"13","description":"A timestamp was disclosed by the application/web server - Unix","messageId":"15","url":"https://todoist.com/_next/static/chunks/framework.dc73b2df61134dea1baf.js","reference":"http://projects.webappsec.org/w/page/13246936/Information%20Leakage","solution":"Manually confirm that the timestamp data is not sensitive, and that the data cannot be aggregated to disclose exploitable patterns.","alert":"Timestamp Disclosure - Unix","param":"","attack":"","name":"Timestamp Disclosure - Unix","risk":"Informational","id":"42","alertRef":"10096"},{"sourceid":"3","other":"This issue still applies to error type pages (401, 403, 500, etc.) as those pages are often still affected by injection issues, in which case there is still concern for browsers sniffing pages away from their actual content type.\nAt \"High\" threshold this scan rule will not alert on client or server error responses.","method":"GET","evidence":"","pluginId":"10021","cweid":"16","confidence":"Medium","wascid":"15","description":"The Anti-MIME-Sniffing header X-Content-Type-Options was not set to 'nosniff'. This allows older versions of Internet Explorer and Chrome to perform MIME-sniffing on the response body, potentially causing the response body to be interpreted and displayed as a content type other than the declared content type. Current (early 2014) and legacy versions of Firefox will use the declared content type (if one is set), rather than performing MIME-sniffing.","messageId":"15","url":"https://todoist.com/_next/static/chunks/framework.dc73b2df61134dea1baf.js","reference":"http://msdn.microsoft.com/en-us/library/ie/gg622941%28v=vs.85%29.aspx\nhttps://owasp.org/www-community/Security_Headers","solution":"Ensure that the application/web server sets the Content-Type header appropriately, and that it sets the X-Content-Type-Options header to 'nosniff' for all web pages.\nIf possible, ensure that the end user uses a standards-compliant and modern web browser that does not perform MIME-sniffing at all, or that can be directed by the web application/web server to not perform MIME-sniffing.","alert":"X-Content-Type-Options Header Missing","param":"X-Content-Type-Options","attack":"","name":"X-Content-Type-Options Header Missing","risk":"Low","id":"70","alertRef":"10021"},{"sourceid":"3","other":"The following pattern was used: \\bQUERY\\b and was detected in the element starting with: \"(window.webpackJsonp_N_E=window.webpackJsonp_N_E||[]).push([[0],{\"/GRZ\":function(e,t){e.exports=function(e,t){if(!(e instanceof \", see evidence field for the suspicious comment/snippet.","method":"GET","evidence":"query","pluginId":"10027","cweid":"200","confidence":"Low","wascid":"13","description":"The response appears to contain suspicious comments which may help an attacker. Note: Matches made within script blocks or files are against the entire content not only comments.","messageId":"16","url":"https://todoist.com/_next/static/chunks/commons.7f9eaa719ef400edb831.js","reference":"","solution":"Remove all comments that return information that may help an attacker and fix any underlying problems they refer to.","alert":"Information Disclosure - Suspicious Comments","param":"","attack":"","name":"Information Disclosure - Suspicious Comments","risk":"Informational","id":"71","alertRef":"10027"},{"sourceid":"3","other":"This issue still applies to error type pages (401, 403, 500, etc.) as those pages are often still affected by injection issues, in which case there is still concern for browsers sniffing pages away from their actual content type.\nAt \"High\" threshold this scan rule will not alert on client or server error responses.","method":"GET","evidence":"","pluginId":"10021","cweid":"16","confidence":"Medium","wascid":"15","description":"The Anti-MIME-Sniffing header X-Content-Type-Options was not set to 'nosniff'. This allows older versions of Internet Explorer and Chrome to perform MIME-sniffing on the response body, potentially causing the response body to be interpreted and displayed as a content type other than the declared content type. Current (early 2014) and legacy versions of Firefox will use the declared content type (if one is set), rather than performing MIME-sniffing.","messageId":"16","url":"https://todoist.com/_next/static/chunks/commons.7f9eaa719ef400edb831.js","reference":"http://msdn.microsoft.com/en-us/library/ie/gg622941%28v=vs.85%29.aspx\nhttps://owasp.org/www-community/Security_Headers","solution":"Ensure that the application/web server sets the Content-Type header appropriately, and that it sets the X-Content-Type-Options header to 'nosniff' for all web pages.\nIf possible, ensure that the end user uses a standards-compliant and modern web browser that does not perform MIME-sniffing at all, or that can be directed by the web application/web server to not perform MIME-sniffing.","alert":"X-Content-Type-Options Header Missing","param":"X-Content-Type-Options","attack":"","name":"X-Content-Type-Options Header Missing","risk":"Low","id":"72","alertRef":"10021"},{"sourceid":"3","other":"","method":"GET","evidence":"public, max-age=31536000, immutable","pluginId":"10015","cweid":"525","confidence":"Medium","wascid":"13","description":"The cache-control and pragma HTTP header have not been set properly or are missing allowing the browser and proxies to cache content.","messageId":"17","url":"https://todoist.com/_next/static/css/styles.0f6e09ec.chunk.css","reference":"https://cheatsheetseries.owasp.org/cheatsheets/Session_Management_Cheat_Sheet.html#web-content-caching","solution":"Whenever possible ensure the cache-control HTTP header is set with no-cache, no-store, must-revalidate; and that the pragma HTTP header is set with no-cache.","alert":"Incomplete or No Cache-control and Pragma HTTP Header Set","param":"Cache-Control","attack":"","name":"Incomplete or No Cache-control and Pragma HTTP Header Set","risk":"Low","id":"73","alertRef":"10015"},{"sourceid":"3","other":"This issue still applies to error type pages (401, 403, 500, etc.) as those pages are often still affected by injection issues, in which case there is still concern for browsers sniffing pages away from their actual content type.\nAt \"High\" threshold this scan rule will not alert on client or server error responses.","method":"GET","evidence":"","pluginId":"10021","cweid":"16","confidence":"Medium","wascid":"15","description":"The Anti-MIME-Sniffing header X-Content-Type-Options was not set to 'nosniff'. This allows older versions of Internet Explorer and Chrome to perform MIME-sniffing on the response body, potentially causing the response body to be interpreted and displayed as a content type other than the declared content type. Current (early 2014) and legacy versions of Firefox will use the declared content type (if one is set), rather than performing MIME-sniffing.","messageId":"17","url":"https://todoist.com/_next/static/css/styles.0f6e09ec.chunk.css","reference":"http://msdn.microsoft.com/en-us/library/ie/gg622941%28v=vs.85%29.aspx\nhttps://owasp.org/www-community/Security_Headers","solution":"Ensure that the application/web server sets the Content-Type header appropriately, and that it sets the X-Content-Type-Options header to 'nosniff' for all web pages.\nIf possible, ensure that the end user uses a standards-compliant and modern web browser that does not perform MIME-sniffing at all, or that can be directed by the web application/web server to not perform MIME-sniffing.","alert":"X-Content-Type-Options Header Missing","param":"X-Content-Type-Options","attack":"","name":"X-Content-Type-Options Header Missing","risk":"Low","id":"74","alertRef":"10021"},{"sourceid":"3","other":"The following pattern was used: \\bUSER\\b and was detected in the element starting with: \"(window.webpackJsonp_N_E=window.webpackJsonp_N_E||[]).push([[5],{\"2SVd\":function(e,t,n){\"use strict\";e.exports=function(e){retur\", see evidence field for the suspicious comment/snippet.","method":"GET","evidence":"user","pluginId":"10027","cweid":"200","confidence":"Low","wascid":"13","description":"The response appears to contain suspicious comments which may help an attacker. Note: Matches made within script blocks or files are against the entire content not only comments.","messageId":"18","url":"https://todoist.com/_next/static/chunks/98618d58f2d1dd3f4c8f42b4970db65e004fbfe5.6c003068d2db4fbc855f.js","reference":"","solution":"Remove all comments that return information that may help an attacker and fix any underlying problems they refer to.","alert":"Information Disclosure - Suspicious Comments","param":"","attack":"","name":"Information Disclosure - Suspicious Comments","risk":"Informational","id":"75","alertRef":"10027"},{"sourceid":"3","other":"This issue still applies to error type pages (401, 403, 500, etc.) as those pages are often still affected by injection issues, in which case there is still concern for browsers sniffing pages away from their actual content type.\nAt \"High\" threshold this scan rule will not alert on client or server error responses.","method":"GET","evidence":"","pluginId":"10021","cweid":"16","confidence":"Medium","wascid":"15","description":"The Anti-MIME-Sniffing header X-Content-Type-Options was not set to 'nosniff'. This allows older versions of Internet Explorer and Chrome to perform MIME-sniffing on the response body, potentially causing the response body to be interpreted and displayed as a content type other than the declared content type. Current (early 2014) and legacy versions of Firefox will use the declared content type (if one is set), rather than performing MIME-sniffing.","messageId":"18","url":"https://todoist.com/_next/static/chunks/98618d58f2d1dd3f4c8f42b4970db65e004fbfe5.6c003068d2db4fbc855f.js","reference":"http://msdn.microsoft.com/en-us/library/ie/gg622941%28v=vs.85%29.aspx\nhttps://owasp.org/www-community/Security_Headers","solution":"Ensure that the application/web server sets the Content-Type header appropriately, and that it sets the X-Content-Type-Options header to 'nosniff' for all web pages.\nIf possible, ensure that the end user uses a standards-compliant and modern web browser that does not perform MIME-sniffing at all, or that can be directed by the web application/web server to not perform MIME-sniffing.","alert":"X-Content-Type-Options Header Missing","param":"X-Content-Type-Options","attack":"","name":"X-Content-Type-Options Header Missing","risk":"Low","id":"76","alertRef":"10021"},{"sourceid":"3","other":"The following pattern was used: \\bSELECT\\b and was detected in the element starting with: \"(window.webpackJsonp_N_E=window.webpackJsonp_N_E||[]).push([[3],{\"+ipW\":function(e,t,r){\"use strict\";r.d(t,\"a\",(function(){retur\", see evidence field for the suspicious comment/snippet.","method":"GET","evidence":"SELECT","pluginId":"10027","cweid":"200","confidence":"Low","wascid":"13","description":"The response appears to contain suspicious comments which may help an attacker. Note: Matches made within script blocks or files are against the entire content not only comments.","messageId":"19","url":"https://todoist.com/_next/static/chunks/0e8f85b20ed9ab0a6102c8b8298bac1d6cb4c89b.0fe8d2aa3a66f036f1d2.js","reference":"","solution":"Remove all comments that return information that may help an attacker and fix any underlying problems they refer to.","alert":"Information Disclosure - Suspicious Comments","param":"","attack":"","name":"Information Disclosure - Suspicious Comments","risk":"Informational","id":"77","alertRef":"10027"},{"sourceid":"3","other":"268435455, which evaluates to: 1978-07-04 16:24:15","method":"GET","evidence":"268435455","pluginId":"10096","cweid":"200","confidence":"Low","wascid":"13","description":"A timestamp was disclosed by the application/web server - Unix","messageId":"19","url":"https://todoist.com/_next/static/chunks/0e8f85b20ed9ab0a6102c8b8298bac1d6cb4c89b.0fe8d2aa3a66f036f1d2.js","reference":"http://projects.webappsec.org/w/page/13246936/Information%20Leakage","solution":"Manually confirm that the timestamp data is not sensitive, and that the data cannot be aggregated to disclose exploitable patterns.","alert":"Timestamp Disclosure - Unix","param":"","attack":"","name":"Timestamp Disclosure - Unix","risk":"Informational","id":"78","alertRef":"10096"},{"sourceid":"3","other":"1732584193, which evaluates to: 2024-11-25 20:23:13","method":"GET","evidence":"1732584193","pluginId":"10096","cweid":"200","confidence":"Low","wascid":"13","description":"A timestamp was disclosed by the application/web server - Unix","messageId":"19","url":"https://todoist.com/_next/static/chunks/0e8f85b20ed9ab0a6102c8b8298bac1d6cb4c89b.0fe8d2aa3a66f036f1d2.js","reference":"http://projects.webappsec.org/w/page/13246936/Information%20Leakage","solution":"Manually confirm that the timestamp data is not sensitive, and that the data cannot be aggregated to disclose exploitable patterns.","alert":"Timestamp Disclosure - Unix","param":"","attack":"","name":"Timestamp Disclosure - Unix","risk":"Informational","id":"80","alertRef":"10096"},{"sourceid":"3","other":"271733879, which evaluates to: 1978-08-11 20:37:59","method":"GET","evidence":"271733879","pluginId":"10096","cweid":"200","confidence":"Low","wascid":"13","description":"A timestamp was disclosed by the application/web server - Unix","messageId":"19","url":"https://todoist.com/_next/static/chunks/0e8f85b20ed9ab0a6102c8b8298bac1d6cb4c89b.0fe8d2aa3a66f036f1d2.js","reference":"http://projects.webappsec.org/w/page/13246936/Information%20Leakage","solution":"Manually confirm that the timestamp data is not sensitive, and that the data cannot be aggregated to disclose exploitable patterns.","alert":"Timestamp Disclosure - Unix","param":"","attack":"","name":"Timestamp Disclosure - Unix","risk":"Informational","id":"81","alertRef":"10096"},{"sourceid":"3","other":"1732584194, which evaluates to: 2024-11-25 20:23:14","method":"GET","evidence":"1732584194","pluginId":"10096","cweid":"200","confidence":"Low","wascid":"13","description":"A timestamp was disclosed by the application/web server - Unix","messageId":"19","url":"https://todoist.com/_next/static/chunks/0e8f85b20ed9ab0a6102c8b8298bac1d6cb4c89b.0fe8d2aa3a66f036f1d2.js","reference":"http://projects.webappsec.org/w/page/13246936/Information%20Leakage","solution":"Manually confirm that the timestamp data is not sensitive, and that the data cannot be aggregated to disclose exploitable patterns.","alert":"Timestamp Disclosure - Unix","param":"","attack":"","name":"Timestamp Disclosure - Unix","risk":"Informational","id":"82","alertRef":"10096"},{"sourceid":"3","other":"271733878, which evaluates to: 1978-08-11 20:37:58","method":"GET","evidence":"271733878","pluginId":"10096","cweid":"200","confidence":"Low","wascid":"13","description":"A timestamp was disclosed by the application/web server - Unix","messageId":"19","url":"https://todoist.com/_next/static/chunks/0e8f85b20ed9ab0a6102c8b8298bac1d6cb4c89b.0fe8d2aa3a66f036f1d2.js","reference":"http://projects.webappsec.org/w/page/13246936/Information%20Leakage","solution":"Manually confirm that the timestamp data is not sensitive, and that the data cannot be aggregated to disclose exploitable patterns.","alert":"Timestamp Disclosure - Unix","param":"","attack":"","name":"Timestamp Disclosure - Unix","risk":"Informational","id":"83","alertRef":"10096"},{"sourceid":"3","other":"680876936, which evaluates to: 1991-07-30 07:28:56","method":"GET","evidence":"680876936","pluginId":"10096","cweid":"200","confidence":"Low","wascid":"13","description":"A timestamp was disclosed by the application/web server - Unix","messageId":"19","url":"https://todoist.com/_next/static/chunks/0e8f85b20ed9ab0a6102c8b8298bac1d6cb4c89b.0fe8d2aa3a66f036f1d2.js","reference":"http://projects.webappsec.org/w/page/13246936/Information%20Leakage","solution":"Manually confirm that the timestamp data is not sensitive, and that the data cannot be aggregated to disclose exploitable patterns.","alert":"Timestamp Disclosure - Unix","param":"","attack":"","name":"Timestamp Disclosure - Unix","risk":"Informational","id":"84","alertRef":"10096"},{"sourceid":"3","other":"389564586, which evaluates to: 1982-05-06 15:23:06","method":"GET","evidence":"389564586","pluginId":"10096","cweid":"200","confidence":"Low","wascid":"13","description":"A timestamp was disclosed by the application/web server - Unix","messageId":"19","url":"https://todoist.com/_next/static/chunks/0e8f85b20ed9ab0a6102c8b8298bac1d6cb4c89b.0fe8d2aa3a66f036f1d2.js","reference":"http://projects.webappsec.org/w/page/13246936/Information%20Leakage","solution":"Manually confirm that the timestamp data is not sensitive, and that the data cannot be aggregated to disclose exploitable patterns.","alert":"Timestamp Disclosure - Unix","param":"","attack":"","name":"Timestamp Disclosure - Unix","risk":"Informational","id":"85","alertRef":"10096"},{"sourceid":"3","other":"606105819, which evaluates to: 1989-03-16 21:43:39","method":"GET","evidence":"606105819","pluginId":"10096","cweid":"200","confidence":"Low","wascid":"13","description":"A timestamp was disclosed by the application/web server - Unix","messageId":"19","url":"https://todoist.com/_next/static/chunks/0e8f85b20ed9ab0a6102c8b8298bac1d6cb4c89b.0fe8d2aa3a66f036f1d2.js","reference":"http://projects.webappsec.org/w/page/13246936/Information%20Leakage","solution":"Manually confirm that the timestamp data is not sensitive, and that the data cannot be aggregated to disclose exploitable patterns.","alert":"Timestamp Disclosure - Unix","param":"","attack":"","name":"Timestamp Disclosure - Unix","risk":"Informational","id":"86","alertRef":"10096"},{"sourceid":"3","other":"1044525330, which evaluates to: 2003-02-06 04:55:30","method":"GET","evidence":"1044525330","pluginId":"10096","cweid":"200","confidence":"Low","wascid":"13","description":"A timestamp was disclosed by the application/web server - Unix","messageId":"19","url":"https://todoist.com/_next/static/chunks/0e8f85b20ed9ab0a6102c8b8298bac1d6cb4c89b.0fe8d2aa3a66f036f1d2.js","reference":"http://projects.webappsec.org/w/page/13246936/Information%20Leakage","solution":"Manually confirm that the timestamp data is not sensitive, and that the data cannot be aggregated to disclose exploitable patterns.","alert":"Timestamp Disclosure - Unix","param":"","attack":"","name":"Timestamp Disclosure - Unix","risk":"Informational","id":"87","alertRef":"10096"},{"sourceid":"3","other":"176418897, which evaluates to: 1975-08-04 16:14:57","method":"GET","evidence":"176418897","pluginId":"10096","cweid":"200","confidence":"Low","wascid":"13","description":"A timestamp was disclosed by the application/web server - Unix","messageId":"19","url":"https://todoist.com/_next/static/chunks/0e8f85b20ed9ab0a6102c8b8298bac1d6cb4c89b.0fe8d2aa3a66f036f1d2.js","reference":"http://projects.webappsec.org/w/page/13246936/Information%20Leakage","solution":"Manually confirm that the timestamp data is not sensitive, and that the data cannot be aggregated to disclose exploitable patterns.","alert":"Timestamp Disclosure - Unix","param":"","attack":"","name":"Timestamp Disclosure - Unix","risk":"Informational","id":"88","alertRef":"10096"},{"sourceid":"3","other":"1200080426, which evaluates to: 2008-01-11 14:40:26","method":"GET","evidence":"1200080426","pluginId":"10096","cweid":"200","confidence":"Low","wascid":"13","description":"A timestamp was disclosed by the application/web server - Unix","messageId":"19","url":"https://todoist.com/_next/static/chunks/0e8f85b20ed9ab0a6102c8b8298bac1d6cb4c89b.0fe8d2aa3a66f036f1d2.js","reference":"http://projects.webappsec.org/w/page/13246936/Information%20Leakage","solution":"Manually confirm that the timestamp data is not sensitive, and that the data cannot be aggregated to disclose exploitable patterns.","alert":"Timestamp Disclosure - Unix","param":"","attack":"","name":"Timestamp Disclosure - Unix","risk":"Informational","id":"89","alertRef":"10096"},{"sourceid":"3","other":"1473231341, which evaluates to: 2016-09-07 01:55:41","method":"GET","evidence":"1473231341","pluginId":"10096","cweid":"200","confidence":"Low","wascid":"13","description":"A timestamp was disclosed by the application/web server - Unix","messageId":"19","url":"https://todoist.com/_next/static/chunks/0e8f85b20ed9ab0a6102c8b8298bac1d6cb4c89b.0fe8d2aa3a66f036f1d2.js","reference":"http://projects.webappsec.org/w/page/13246936/Information%20Leakage","solution":"Manually confirm that the timestamp data is not sensitive, and that the data cannot be aggregated to disclose exploitable patterns.","alert":"Timestamp Disclosure - Unix","param":"","attack":"","name":"Timestamp Disclosure - Unix","risk":"Informational","id":"90","alertRef":"10096"},{"sourceid":"3","other":"45705983, which evaluates to: 1971-06-13 19:06:23","method":"GET","evidence":"45705983","pluginId":"10096","cweid":"200","confidence":"Low","wascid":"13","description":"A timestamp was disclosed by the application/web server - Unix","messageId":"19","url":"https://todoist.com/_next/static/chunks/0e8f85b20ed9ab0a6102c8b8298bac1d6cb4c89b.0fe8d2aa3a66f036f1d2.js","reference":"http://projects.webappsec.org/w/page/13246936/Information%20Leakage","solution":"Manually confirm that the timestamp data is not sensitive, and that the data cannot be aggregated to disclose exploitable patterns.","alert":"Timestamp Disclosure - Unix","param":"","attack":"","name":"Timestamp Disclosure - Unix","risk":"Informational","id":"91","alertRef":"10096"},{"sourceid":"3","other":"1770035416, which evaluates to: 2026-02-02 07:30:16","method":"GET","evidence":"1770035416","pluginId":"10096","cweid":"200","confidence":"Low","wascid":"13","description":"A timestamp was disclosed by the application/web server - Unix","messageId":"19","url":"https://todoist.com/_next/static/chunks/0e8f85b20ed9ab0a6102c8b8298bac1d6cb4c89b.0fe8d2aa3a66f036f1d2.js","reference":"http://projects.webappsec.org/w/page/13246936/Information%20Leakage","solution":"Manually confirm that the timestamp data is not sensitive, and that the data cannot be aggregated to disclose exploitable patterns.","alert":"Timestamp Disclosure - Unix","param":"","attack":"","name":"Timestamp Disclosure - Unix","risk":"Informational","id":"92","alertRef":"10096"},{"sourceid":"3","other":"1958414417, which evaluates to: 2032-01-22 15:00:17","method":"GET","evidence":"1958414417","pluginId":"10096","cweid":"200","confidence":"Low","wascid":"13","description":"A timestamp was disclosed by the application/web server - Unix","messageId":"19","url":"https://todoist.com/_next/static/chunks/0e8f85b20ed9ab0a6102c8b8298bac1d6cb4c89b.0fe8d2aa3a66f036f1d2.js","reference":"http://projects.webappsec.org/w/page/13246936/Information%20Leakage","solution":"Manually confirm that the timestamp data is not sensitive, and that the data cannot be aggregated to disclose exploitable patterns.","alert":"Timestamp Disclosure - Unix","param":"","attack":"","name":"Timestamp Disclosure - Unix","risk":"Informational","id":"93","alertRef":"10096"},{"sourceid":"3","other":"1990404162, which evaluates to: 2033-01-26 21:02:42","method":"GET","evidence":"1990404162","pluginId":"10096","cweid":"200","confidence":"Low","wascid":"13","description":"A timestamp was disclosed by the application/web server - Unix","messageId":"19","url":"https://todoist.com/_next/static/chunks/0e8f85b20ed9ab0a6102c8b8298bac1d6cb4c89b.0fe8d2aa3a66f036f1d2.js","reference":"http://projects.webappsec.org/w/page/13246936/Information%20Leakage","solution":"Manually confirm that the timestamp data is not sensitive, and that the data cannot be aggregated to disclose exploitable patterns.","alert":"Timestamp Disclosure - Unix","param":"","attack":"","name":"Timestamp Disclosure - Unix","risk":"Informational","id":"94","alertRef":"10096"},{"sourceid":"3","other":"1804603682, which evaluates to: 2027-03-09 09:48:02","method":"GET","evidence":"1804603682","pluginId":"10096","cweid":"200","confidence":"Low","wascid":"13","description":"A timestamp was disclosed by the application/web server - Unix","messageId":"19","url":"https://todoist.com/_next/static/chunks/0e8f85b20ed9ab0a6102c8b8298bac1d6cb4c89b.0fe8d2aa3a66f036f1d2.js","reference":"http://projects.webappsec.org/w/page/13246936/Information%20Leakage","solution":"Manually confirm that the timestamp data is not sensitive, and that the data cannot be aggregated to disclose exploitable patterns.","alert":"Timestamp Disclosure - Unix","param":"","attack":"","name":"Timestamp Disclosure - Unix","risk":"Informational","id":"95","alertRef":"10096"},{"sourceid":"3","other":"40341101, which evaluates to: 1971-04-12 16:51:41","method":"GET","evidence":"40341101","pluginId":"10096","cweid":"200","confidence":"Low","wascid":"13","description":"A timestamp was disclosed by the application/web server - Unix","messageId":"19","url":"https://todoist.com/_next/static/chunks/0e8f85b20ed9ab0a6102c8b8298bac1d6cb4c89b.0fe8d2aa3a66f036f1d2.js","reference":"http://projects.webappsec.org/w/page/13246936/Information%20Leakage","solution":"Manually confirm that the timestamp data is not sensitive, and that the data cannot be aggregated to disclose exploitable patterns.","alert":"Timestamp Disclosure - Unix","param":"","attack":"","name":"Timestamp Disclosure - Unix","risk":"Informational","id":"96","alertRef":"10096"},{"sourceid":"3","other":"1502002290, which evaluates to: 2017-08-06 01:51:30","method":"GET","evidence":"1502002290","pluginId":"10096","cweid":"200","confidence":"Low","wascid":"13","description":"A timestamp was disclosed by the application/web server - Unix","messageId":"19","url":"https://todoist.com/_next/static/chunks/0e8f85b20ed9ab0a6102c8b8298bac1d6cb4c89b.0fe8d2aa3a66f036f1d2.js","reference":"http://projects.webappsec.org/w/page/13246936/Information%20Leakage","solution":"Manually confirm that the timestamp data is not sensitive, and that the data cannot be aggregated to disclose exploitable patterns.","alert":"Timestamp Disclosure - Unix","param":"","attack":"","name":"Timestamp Disclosure - Unix","risk":"Informational","id":"97","alertRef":"10096"},{"sourceid":"3","other":"1236535329, which evaluates to: 2009-03-08 13:02:09","method":"GET","evidence":"1236535329","pluginId":"10096","cweid":"200","confidence":"Low","wascid":"13","description":"A timestamp was disclosed by the application/web server - Unix","messageId":"19","url":"https://todoist.com/_next/static/chunks/0e8f85b20ed9ab0a6102c8b8298bac1d6cb4c89b.0fe8d2aa3a66f036f1d2.js","reference":"http://projects.webappsec.org/w/page/13246936/Information%20Leakage","solution":"Manually confirm that the timestamp data is not sensitive, and that the data cannot be aggregated to disclose exploitable patterns.","alert":"Timestamp Disclosure - Unix","param":"","attack":"","name":"Timestamp Disclosure - Unix","risk":"Informational","id":"98","alertRef":"10096"},{"sourceid":"3","other":"165796510, which evaluates to: 1975-04-03 17:35:10","method":"GET","evidence":"165796510","pluginId":"10096","cweid":"200","confidence":"Low","wascid":"13","description":"A timestamp was disclosed by the application/web server - Unix","messageId":"19","url":"https://todoist.com/_next/static/chunks/0e8f85b20ed9ab0a6102c8b8298bac1d6cb4c89b.0fe8d2aa3a66f036f1d2.js","reference":"http://projects.webappsec.org/w/page/13246936/Information%20Leakage","solution":"Manually confirm that the timestamp data is not sensitive, and that the data cannot be aggregated to disclose exploitable patterns.","alert":"Timestamp Disclosure - Unix","param":"","attack":"","name":"Timestamp Disclosure - Unix","risk":"Informational","id":"99","alertRef":"10096"},{"sourceid":"3","other":"1069501632, which evaluates to: 2003-11-22 06:47:12","method":"GET","evidence":"1069501632","pluginId":"10096","cweid":"200","confidence":"Low","wascid":"13","description":"A timestamp was disclosed by the application/web server - Unix","messageId":"19","url":"https://todoist.com/_next/static/chunks/0e8f85b20ed9ab0a6102c8b8298bac1d6cb4c89b.0fe8d2aa3a66f036f1d2.js","reference":"http://projects.webappsec.org/w/page/13246936/Information%20Leakage","solution":"Manually confirm that the timestamp data is not sensitive, and that the data cannot be aggregated to disclose exploitable patterns.","alert":"Timestamp Disclosure - Unix","param":"","attack":"","name":"Timestamp Disclosure - Unix","risk":"Informational","id":"100","alertRef":"10096"},{"sourceid":"3","other":"643717713, which evaluates to: 1990-05-26 05:28:33","method":"GET","evidence":"643717713","pluginId":"10096","cweid":"200","confidence":"Low","wascid":"13","description":"A timestamp was disclosed by the application/web server - Unix","messageId":"19","url":"https://todoist.com/_next/static/chunks/0e8f85b20ed9ab0a6102c8b8298bac1d6cb4c89b.0fe8d2aa3a66f036f1d2.js","reference":"http://projects.webappsec.org/w/page/13246936/Information%20Leakage","solution":"Manually confirm that the timestamp data is not sensitive, and that the data cannot be aggregated to disclose exploitable patterns.","alert":"Timestamp Disclosure - Unix","param":"","attack":"","name":"Timestamp Disclosure - Unix","risk":"Informational","id":"101","alertRef":"10096"},{"sourceid":"3","other":"373897302, which evaluates to: 1981-11-06 07:21:42","method":"GET","evidence":"373897302","pluginId":"10096","cweid":"200","confidence":"Low","wascid":"13","description":"A timestamp was disclosed by the application/web server - Unix","messageId":"19","url":"https://todoist.com/_next/static/chunks/0e8f85b20ed9ab0a6102c8b8298bac1d6cb4c89b.0fe8d2aa3a66f036f1d2.js","reference":"http://projects.webappsec.org/w/page/13246936/Information%20Leakage","solution":"Manually confirm that the timestamp data is not sensitive, and that the data cannot be aggregated to disclose exploitable patterns.","alert":"Timestamp Disclosure - Unix","param":"","attack":"","name":"Timestamp Disclosure - Unix","risk":"Informational","id":"102","alertRef":"10096"},{"sourceid":"3","other":"701558691, which evaluates to: 1992-03-25 16:24:51","method":"GET","evidence":"701558691","pluginId":"10096","cweid":"200","confidence":"Low","wascid":"13","description":"A timestamp was disclosed by the application/web server - Unix","messageId":"19","url":"https://todoist.com/_next/static/chunks/0e8f85b20ed9ab0a6102c8b8298bac1d6cb4c89b.0fe8d2aa3a66f036f1d2.js","reference":"http://projects.webappsec.org/w/page/13246936/Information%20Leakage","solution":"Manually confirm that the timestamp data is not sensitive, and that the data cannot be aggregated to disclose exploitable patterns.","alert":"Timestamp Disclosure - Unix","param":"","attack":"","name":"Timestamp Disclosure - Unix","risk":"Informational","id":"103","alertRef":"10096"},{"sourceid":"3","other":"38016083, which evaluates to: 1971-03-16 19:01:23","method":"GET","evidence":"38016083","pluginId":"10096","cweid":"200","confidence":"Low","wascid":"13","description":"A timestamp was disclosed by the application/web server - Unix","messageId":"19","url":"https://todoist.com/_next/static/chunks/0e8f85b20ed9ab0a6102c8b8298bac1d6cb4c89b.0fe8d2aa3a66f036f1d2.js","reference":"http://projects.webappsec.org/w/page/13246936/Information%20Leakage","solution":"Manually confirm that the timestamp data is not sensitive, and that the data cannot be aggregated to disclose exploitable patterns.","alert":"Timestamp Disclosure - Unix","param":"","attack":"","name":"Timestamp Disclosure - Unix","risk":"Informational","id":"104","alertRef":"10096"},{"sourceid":"3","other":"660478335, which evaluates to: 1990-12-06 05:12:15","method":"GET","evidence":"660478335","pluginId":"10096","cweid":"200","confidence":"Low","wascid":"13","description":"A timestamp was disclosed by the application/web server - Unix","messageId":"19","url":"https://todoist.com/_next/static/chunks/0e8f85b20ed9ab0a6102c8b8298bac1d6cb4c89b.0fe8d2aa3a66f036f1d2.js","reference":"http://projects.webappsec.org/w/page/13246936/Information%20Leakage","solution":"Manually confirm that the timestamp data is not sensitive, and that the data cannot be aggregated to disclose exploitable patterns.","alert":"Timestamp Disclosure - Unix","param":"","attack":"","name":"Timestamp Disclosure - Unix","risk":"Informational","id":"105","alertRef":"10096"},{"sourceid":"3","other":"405537848, which evaluates to: 1982-11-07 12:24:08","method":"GET","evidence":"405537848","pluginId":"10096","cweid":"200","confidence":"Low","wascid":"13","description":"A timestamp was disclosed by the application/web server - Unix","messageId":"19","url":"https://todoist.com/_next/static/chunks/0e8f85b20ed9ab0a6102c8b8298bac1d6cb4c89b.0fe8d2aa3a66f036f1d2.js","reference":"http://projects.webappsec.org/w/page/13246936/Information%20Leakage","solution":"Manually confirm that the timestamp data is not sensitive, and that the data cannot be aggregated to disclose exploitable patterns.","alert":"Timestamp Disclosure - Unix","param":"","attack":"","name":"Timestamp Disclosure - Unix","risk":"Informational","id":"106","alertRef":"10096"},{"sourceid":"3","other":"568446438, which evaluates to: 1988-01-06 00:47:18","method":"GET","evidence":"568446438","pluginId":"10096","cweid":"200","confidence":"Low","wascid":"13","description":"A timestamp was disclosed by the application/web server - Unix","messageId":"19","url":"https://todoist.com/_next/static/chunks/0e8f85b20ed9ab0a6102c8b8298bac1d6cb4c89b.0fe8d2aa3a66f036f1d2.js","reference":"http://projects.webappsec.org/w/page/13246936/Information%20Leakage","solution":"Manually confirm that the timestamp data is not sensitive, and that the data cannot be aggregated to disclose exploitable patterns.","alert":"Timestamp Disclosure - Unix","param":"","attack":"","name":"Timestamp Disclosure - Unix","risk":"Informational","id":"107","alertRef":"10096"},{"sourceid":"3","other":"1019803690, which evaluates to: 2002-04-26 01:48:10","method":"GET","evidence":"1019803690","pluginId":"10096","cweid":"200","confidence":"Low","wascid":"13","description":"A timestamp was disclosed by the application/web server - Unix","messageId":"19","url":"https://todoist.com/_next/static/chunks/0e8f85b20ed9ab0a6102c8b8298bac1d6cb4c89b.0fe8d2aa3a66f036f1d2.js","reference":"http://projects.webappsec.org/w/page/13246936/Information%20Leakage","solution":"Manually confirm that the timestamp data is not sensitive, and that the data cannot be aggregated to disclose exploitable patterns.","alert":"Timestamp Disclosure - Unix","param":"","attack":"","name":"Timestamp Disclosure - Unix","risk":"Informational","id":"108","alertRef":"10096"},{"sourceid":"3","other":"187363961, which evaluates to: 1975-12-09 08:32:41","method":"GET","evidence":"187363961","pluginId":"10096","cweid":"200","confidence":"Low","wascid":"13","description":"A timestamp was disclosed by the application/web server - Unix","messageId":"19","url":"https://todoist.com/_next/static/chunks/0e8f85b20ed9ab0a6102c8b8298bac1d6cb4c89b.0fe8d2aa3a66f036f1d2.js","reference":"http://projects.webappsec.org/w/page/13246936/Information%20Leakage","solution":"Manually confirm that the timestamp data is not sensitive, and that the data cannot be aggregated to disclose exploitable patterns.","alert":"Timestamp Disclosure - Unix","param":"","attack":"","name":"Timestamp Disclosure - Unix","risk":"Informational","id":"109","alertRef":"10096"},{"sourceid":"3","other":"1163531501, which evaluates to: 2006-11-14 14:11:41","method":"GET","evidence":"1163531501","pluginId":"10096","cweid":"200","confidence":"Low","wascid":"13","description":"A timestamp was disclosed by the application/web server - Unix","messageId":"19","url":"https://todoist.com/_next/static/chunks/0e8f85b20ed9ab0a6102c8b8298bac1d6cb4c89b.0fe8d2aa3a66f036f1d2.js","reference":"http://projects.webappsec.org/w/page/13246936/Information%20Leakage","solution":"Manually confirm that the timestamp data is not sensitive, and that the data cannot be aggregated to disclose exploitable patterns.","alert":"Timestamp Disclosure - Unix","param":"","attack":"","name":"Timestamp Disclosure - Unix","risk":"Informational","id":"110","alertRef":"10096"},{"sourceid":"3","other":"1444681467, which evaluates to: 2015-10-12 15:24:27","method":"GET","evidence":"1444681467","pluginId":"10096","cweid":"200","confidence":"Low","wascid":"13","description":"A timestamp was disclosed by the application/web server - Unix","messageId":"19","url":"https://todoist.com/_next/static/chunks/0e8f85b20ed9ab0a6102c8b8298bac1d6cb4c89b.0fe8d2aa3a66f036f1d2.js","reference":"http://projects.webappsec.org/w/page/13246936/Information%20Leakage","solution":"Manually confirm that the timestamp data is not sensitive, and that the data cannot be aggregated to disclose exploitable patterns.","alert":"Timestamp Disclosure - Unix","param":"","attack":"","name":"Timestamp Disclosure - Unix","risk":"Informational","id":"111","alertRef":"10096"},{"sourceid":"3","other":"51403784, which evaluates to: 1971-08-18 17:49:44","method":"GET","evidence":"51403784","pluginId":"10096","cweid":"200","confidence":"Low","wascid":"13","description":"A timestamp was disclosed by the application/web server - Unix","messageId":"19","url":"https://todoist.com/_next/static/chunks/0e8f85b20ed9ab0a6102c8b8298bac1d6cb4c89b.0fe8d2aa3a66f036f1d2.js","reference":"http://projects.webappsec.org/w/page/13246936/Information%20Leakage","solution":"Manually confirm that the timestamp data is not sensitive, and that the data cannot be aggregated to disclose exploitable patterns.","alert":"Timestamp Disclosure - Unix","param":"","attack":"","name":"Timestamp Disclosure - Unix","risk":"Informational","id":"112","alertRef":"10096"},{"sourceid":"3","other":"1735328473, which evaluates to: 2024-12-27 14:41:13","method":"GET","evidence":"1735328473","pluginId":"10096","cweid":"200","confidence":"Low","wascid":"13","description":"A timestamp was disclosed by the application/web server - Unix","messageId":"19","url":"https://todoist.com/_next/static/chunks/0e8f85b20ed9ab0a6102c8b8298bac1d6cb4c89b.0fe8d2aa3a66f036f1d2.js","reference":"http://projects.webappsec.org/w/page/13246936/Information%20Leakage","solution":"Manually confirm that the timestamp data is not sensitive, and that the data cannot be aggregated to disclose exploitable patterns.","alert":"Timestamp Disclosure - Unix","param":"","attack":"","name":"Timestamp Disclosure - Unix","risk":"Informational","id":"113","alertRef":"10096"},{"sourceid":"3","other":"1926607734, which evaluates to: 2031-01-19 11:48:54","method":"GET","evidence":"1926607734","pluginId":"10096","cweid":"200","confidence":"Low","wascid":"13","description":"A timestamp was disclosed by the application/web server - Unix","messageId":"19","url":"https://todoist.com/_next/static/chunks/0e8f85b20ed9ab0a6102c8b8298bac1d6cb4c89b.0fe8d2aa3a66f036f1d2.js","reference":"http://projects.webappsec.org/w/page/13246936/Information%20Leakage","solution":"Manually confirm that the timestamp data is not sensitive, and that the data cannot be aggregated to disclose exploitable patterns.","alert":"Timestamp Disclosure - Unix","param":"","attack":"","name":"Timestamp Disclosure - Unix","risk":"Informational","id":"114","alertRef":"10096"},{"sourceid":"3","other":"2022574463, which evaluates to: 2034-02-03 05:14:23","method":"GET","evidence":"2022574463","pluginId":"10096","cweid":"200","confidence":"Low","wascid":"13","description":"A timestamp was disclosed by the application/web server - Unix","messageId":"19","url":"https://todoist.com/_next/static/chunks/0e8f85b20ed9ab0a6102c8b8298bac1d6cb4c89b.0fe8d2aa3a66f036f1d2.js","reference":"http://projects.webappsec.org/w/page/13246936/Information%20Leakage","solution":"Manually confirm that the timestamp data is not sensitive, and that the data cannot be aggregated to disclose exploitable patterns.","alert":"Timestamp Disclosure - Unix","param":"","attack":"","name":"Timestamp Disclosure - Unix","risk":"Informational","id":"115","alertRef":"10096"},{"sourceid":"3","other":"1839030562, which evaluates to: 2028-04-10 20:49:22","method":"GET","evidence":"1839030562","pluginId":"10096","cweid":"200","confidence":"Low","wascid":"13","description":"A timestamp was disclosed by the application/web server - Unix","messageId":"19","url":"https://todoist.com/_next/static/chunks/0e8f85b20ed9ab0a6102c8b8298bac1d6cb4c89b.0fe8d2aa3a66f036f1d2.js","reference":"http://projects.webappsec.org/w/page/13246936/Information%20Leakage","solution":"Manually confirm that the timestamp data is not sensitive, and that the data cannot be aggregated to disclose exploitable patterns.","alert":"Timestamp Disclosure - Unix","param":"","attack":"","name":"Timestamp Disclosure - Unix","risk":"Informational","id":"116","alertRef":"10096"},{"sourceid":"3","other":"35309556, which evaluates to: 1971-02-13 11:12:36","method":"GET","evidence":"35309556","pluginId":"10096","cweid":"200","confidence":"Low","wascid":"13","description":"A timestamp was disclosed by the application/web server - Unix","messageId":"19","url":"https://todoist.com/_next/static/chunks/0e8f85b20ed9ab0a6102c8b8298bac1d6cb4c89b.0fe8d2aa3a66f036f1d2.js","reference":"http://projects.webappsec.org/w/page/13246936/Information%20Leakage","solution":"Manually confirm that the timestamp data is not sensitive, and that the data cannot be aggregated to disclose exploitable patterns.","alert":"Timestamp Disclosure - Unix","param":"","attack":"","name":"Timestamp Disclosure - Unix","risk":"Informational","id":"117","alertRef":"10096"},{"sourceid":"3","other":"1530992060, which evaluates to: 2018-07-07 14:34:20","method":"GET","evidence":"1530992060","pluginId":"10096","cweid":"200","confidence":"Low","wascid":"13","description":"A timestamp was disclosed by the application/web server - Unix","messageId":"19","url":"https://todoist.com/_next/static/chunks/0e8f85b20ed9ab0a6102c8b8298bac1d6cb4c89b.0fe8d2aa3a66f036f1d2.js","reference":"http://projects.webappsec.org/w/page/13246936/Information%20Leakage","solution":"Manually confirm that the timestamp data is not sensitive, and that the data cannot be aggregated to disclose exploitable patterns.","alert":"Timestamp Disclosure - Unix","param":"","attack":"","name":"Timestamp Disclosure - Unix","risk":"Informational","id":"118","alertRef":"10096"},{"sourceid":"3","other":"1272893353, which evaluates to: 2010-05-03 08:29:13","method":"GET","evidence":"1272893353","pluginId":"10096","cweid":"200","confidence":"Low","wascid":"13","description":"A timestamp was disclosed by the application/web server - Unix","messageId":"19","url":"https://todoist.com/_next/static/chunks/0e8f85b20ed9ab0a6102c8b8298bac1d6cb4c89b.0fe8d2aa3a66f036f1d2.js","reference":"http://projects.webappsec.org/w/page/13246936/Information%20Leakage","solution":"Manually confirm that the timestamp data is not sensitive, and that the data cannot be aggregated to disclose exploitable patterns.","alert":"Timestamp Disclosure - Unix","param":"","attack":"","name":"Timestamp Disclosure - Unix","risk":"Informational","id":"119","alertRef":"10096"},{"sourceid":"3","other":"155497632, which evaluates to: 1974-12-05 12:47:12","method":"GET","evidence":"155497632","pluginId":"10096","cweid":"200","confidence":"Low","wascid":"13","description":"A timestamp was disclosed by the application/web server - Unix","messageId":"19","url":"https://todoist.com/_next/static/chunks/0e8f85b20ed9ab0a6102c8b8298bac1d6cb4c89b.0fe8d2aa3a66f036f1d2.js","reference":"http://projects.webappsec.org/w/page/13246936/Information%20Leakage","solution":"Manually confirm that the timestamp data is not sensitive, and that the data cannot be aggregated to disclose exploitable patterns.","alert":"Timestamp Disclosure - Unix","param":"","attack":"","name":"Timestamp Disclosure - Unix","risk":"Informational","id":"120","alertRef":"10096"},{"sourceid":"3","other":"1094730640, which evaluates to: 2004-09-09 06:50:40","method":"GET","evidence":"1094730640","pluginId":"10096","cweid":"200","confidence":"Low","wascid":"13","description":"A timestamp was disclosed by the application/web server - Unix","messageId":"19","url":"https://todoist.com/_next/static/chunks/0e8f85b20ed9ab0a6102c8b8298bac1d6cb4c89b.0fe8d2aa3a66f036f1d2.js","reference":"http://projects.webappsec.org/w/page/13246936/Information%20Leakage","solution":"Manually confirm that the timestamp data is not sensitive, and that the data cannot be aggregated to disclose exploitable patterns.","alert":"Timestamp Disclosure - Unix","param":"","attack":"","name":"Timestamp Disclosure - Unix","risk":"Informational","id":"121","alertRef":"10096"},{"sourceid":"3","other":"681279174, which evaluates to: 1991-08-03 23:12:54","method":"GET","evidence":"681279174","pluginId":"10096","cweid":"200","confidence":"Low","wascid":"13","description":"A timestamp was disclosed by the application/web server - Unix","messageId":"19","url":"https://todoist.com/_next/static/chunks/0e8f85b20ed9ab0a6102c8b8298bac1d6cb4c89b.0fe8d2aa3a66f036f1d2.js","reference":"http://projects.webappsec.org/w/page/13246936/Information%20Leakage","solution":"Manually confirm that the timestamp data is not sensitive, and that the data cannot be aggregated to disclose exploitable patterns.","alert":"Timestamp Disclosure - Unix","param":"","attack":"","name":"Timestamp Disclosure - Unix","risk":"Informational","id":"122","alertRef":"10096"},{"sourceid":"3","other":"358537222, which evaluates to: 1981-05-12 12:40:22","method":"GET","evidence":"358537222","pluginId":"10096","cweid":"200","confidence":"Low","wascid":"13","description":"A timestamp was disclosed by the application/web server - Unix","messageId":"19","url":"https://todoist.com/_next/static/chunks/0e8f85b20ed9ab0a6102c8b8298bac1d6cb4c89b.0fe8d2aa3a66f036f1d2.js","reference":"http://projects.webappsec.org/w/page/13246936/Information%20Leakage","solution":"Manually confirm that the timestamp data is not sensitive, and that the data cannot be aggregated to disclose exploitable patterns.","alert":"Timestamp Disclosure - Unix","param":"","attack":"","name":"Timestamp Disclosure - Unix","risk":"Informational","id":"123","alertRef":"10096"},{"sourceid":"3","other":"722521979, which evaluates to: 1992-11-23 08:32:59","method":"GET","evidence":"722521979","pluginId":"10096","cweid":"200","confidence":"Low","wascid":"13","description":"A timestamp was disclosed by the application/web server - Unix","messageId":"19","url":"https://todoist.com/_next/static/chunks/0e8f85b20ed9ab0a6102c8b8298bac1d6cb4c89b.0fe8d2aa3a66f036f1d2.js","reference":"http://projects.webappsec.org/w/page/13246936/Information%20Leakage","solution":"Manually confirm that the timestamp data is not sensitive, and that the data cannot be aggregated to disclose exploitable patterns.","alert":"Timestamp Disclosure - Unix","param":"","attack":"","name":"Timestamp Disclosure - Unix","risk":"Informational","id":"124","alertRef":"10096"},{"sourceid":"3","other":"76029189, which evaluates to: 1972-05-29 18:13:09","method":"GET","evidence":"76029189","pluginId":"10096","cweid":"200","confidence":"Low","wascid":"13","description":"A timestamp was disclosed by the application/web server - Unix","messageId":"19","url":"https://todoist.com/_next/static/chunks/0e8f85b20ed9ab0a6102c8b8298bac1d6cb4c89b.0fe8d2aa3a66f036f1d2.js","reference":"http://projects.webappsec.org/w/page/13246936/Information%20Leakage","solution":"Manually confirm that the timestamp data is not sensitive, and that the data cannot be aggregated to disclose exploitable patterns.","alert":"Timestamp Disclosure - Unix","param":"","attack":"","name":"Timestamp Disclosure - Unix","risk":"Informational","id":"125","alertRef":"10096"},{"sourceid":"3","other":"640364487, which evaluates to: 1990-04-17 10:01:27","method":"GET","evidence":"640364487","pluginId":"10096","cweid":"200","confidence":"Low","wascid":"13","description":"A timestamp was disclosed by the application/web server - Unix","messageId":"19","url":"https://todoist.com/_next/static/chunks/0e8f85b20ed9ab0a6102c8b8298bac1d6cb4c89b.0fe8d2aa3a66f036f1d2.js","reference":"http://projects.webappsec.org/w/page/13246936/Information%20Leakage","solution":"Manually confirm that the timestamp data is not sensitive, and that the data cannot be aggregated to disclose exploitable patterns.","alert":"Timestamp Disclosure - Unix","param":"","attack":"","name":"Timestamp Disclosure - Unix","risk":"Informational","id":"126","alertRef":"10096"},{"sourceid":"3","other":"421815835, which evaluates to: 1983-05-14 22:03:55","method":"GET","evidence":"421815835","pluginId":"10096","cweid":"200","confidence":"Low","wascid":"13","description":"A timestamp was disclosed by the application/web server - Unix","messageId":"19","url":"https://todoist.com/_next/static/chunks/0e8f85b20ed9ab0a6102c8b8298bac1d6cb4c89b.0fe8d2aa3a66f036f1d2.js","reference":"http://projects.webappsec.org/w/page/13246936/Information%20Leakage","solution":"Manually confirm that the timestamp data is not sensitive, and that the data cannot be aggregated to disclose exploitable patterns.","alert":"Timestamp Disclosure - Unix","param":"","attack":"","name":"Timestamp Disclosure - Unix","risk":"Informational","id":"127","alertRef":"10096"},{"sourceid":"3","other":"530742520, which evaluates to: 1986-10-26 15:28:40","method":"GET","evidence":"530742520","pluginId":"10096","cweid":"200","confidence":"Low","wascid":"13","description":"A timestamp was disclosed by the application/web server - Unix","messageId":"19","url":"https://todoist.com/_next/static/chunks/0e8f85b20ed9ab0a6102c8b8298bac1d6cb4c89b.0fe8d2aa3a66f036f1d2.js","reference":"http://projects.webappsec.org/w/page/13246936/Information%20Leakage","solution":"Manually confirm that the timestamp data is not sensitive, and that the data cannot be aggregated to disclose exploitable patterns.","alert":"Timestamp Disclosure - Unix","param":"","attack":"","name":"Timestamp Disclosure - Unix","risk":"Informational","id":"128","alertRef":"10096"},{"sourceid":"3","other":"995338651, which evaluates to: 2001-07-16 21:57:31","method":"GET","evidence":"995338651","pluginId":"10096","cweid":"200","confidence":"Low","wascid":"13","description":"A timestamp was disclosed by the application/web server - Unix","messageId":"19","url":"https://todoist.com/_next/static/chunks/0e8f85b20ed9ab0a6102c8b8298bac1d6cb4c89b.0fe8d2aa3a66f036f1d2.js","reference":"http://projects.webappsec.org/w/page/13246936/Information%20Leakage","solution":"Manually confirm that the timestamp data is not sensitive, and that the data cannot be aggregated to disclose exploitable patterns.","alert":"Timestamp Disclosure - Unix","param":"","attack":"","name":"Timestamp Disclosure - Unix","risk":"Informational","id":"129","alertRef":"10096"},{"sourceid":"3","other":"198630844, which evaluates to: 1976-04-17 18:14:04","method":"GET","evidence":"198630844","pluginId":"10096","cweid":"200","confidence":"Low","wascid":"13","description":"A timestamp was disclosed by the application/web server - Unix","messageId":"19","url":"https://todoist.com/_next/static/chunks/0e8f85b20ed9ab0a6102c8b8298bac1d6cb4c89b.0fe8d2aa3a66f036f1d2.js","reference":"http://projects.webappsec.org/w/page/13246936/Information%20Leakage","solution":"Manually confirm that the timestamp data is not sensitive, and that the data cannot be aggregated to disclose exploitable patterns.","alert":"Timestamp Disclosure - Unix","param":"","attack":"","name":"Timestamp Disclosure - Unix","risk":"Informational","id":"130","alertRef":"10096"},{"sourceid":"3","other":"1126891415, which evaluates to: 2005-09-16 12:23:35","method":"GET","evidence":"1126891415","pluginId":"10096","cweid":"200","confidence":"Low","wascid":"13","description":"A timestamp was disclosed by the application/web server - Unix","messageId":"19","url":"https://todoist.com/_next/static/chunks/0e8f85b20ed9ab0a6102c8b8298bac1d6cb4c89b.0fe8d2aa3a66f036f1d2.js","reference":"http://projects.webappsec.org/w/page/13246936/Information%20Leakage","solution":"Manually confirm that the timestamp data is not sensitive, and that the data cannot be aggregated to disclose exploitable patterns.","alert":"Timestamp Disclosure - Unix","param":"","attack":"","name":"Timestamp Disclosure - Unix","risk":"Informational","id":"131","alertRef":"10096"},{"sourceid":"3","other":"1416354905, which evaluates to: 2014-11-18 18:55:05","method":"GET","evidence":"1416354905","pluginId":"10096","cweid":"200","confidence":"Low","wascid":"13","description":"A timestamp was disclosed by the application/web server - Unix","messageId":"19","url":"https://todoist.com/_next/static/chunks/0e8f85b20ed9ab0a6102c8b8298bac1d6cb4c89b.0fe8d2aa3a66f036f1d2.js","reference":"http://projects.webappsec.org/w/page/13246936/Information%20Leakage","solution":"Manually confirm that the timestamp data is not sensitive, and that the data cannot be aggregated to disclose exploitable patterns.","alert":"Timestamp Disclosure - Unix","param":"","attack":"","name":"Timestamp Disclosure - Unix","risk":"Informational","id":"132","alertRef":"10096"},{"sourceid":"3","other":"57434055, which evaluates to: 1971-10-27 12:54:15","method":"GET","evidence":"57434055","pluginId":"10096","cweid":"200","confidence":"Low","wascid":"13","description":"A timestamp was disclosed by the application/web server - Unix","messageId":"19","url":"https://todoist.com/_next/static/chunks/0e8f85b20ed9ab0a6102c8b8298bac1d6cb4c89b.0fe8d2aa3a66f036f1d2.js","reference":"http://projects.webappsec.org/w/page/13246936/Information%20Leakage","solution":"Manually confirm that the timestamp data is not sensitive, and that the data cannot be aggregated to disclose exploitable patterns.","alert":"Timestamp Disclosure - Unix","param":"","attack":"","name":"Timestamp Disclosure - Unix","risk":"Informational","id":"133","alertRef":"10096"},{"sourceid":"3","other":"1700485571, which evaluates to: 2023-11-20 08:06:11","method":"GET","evidence":"1700485571","pluginId":"10096","cweid":"200","confidence":"Low","wascid":"13","description":"A timestamp was disclosed by the application/web server - Unix","messageId":"19","url":"https://todoist.com/_next/static/chunks/0e8f85b20ed9ab0a6102c8b8298bac1d6cb4c89b.0fe8d2aa3a66f036f1d2.js","reference":"http://projects.webappsec.org/w/page/13246936/Information%20Leakage","solution":"Manually confirm that the timestamp data is not sensitive, and that the data cannot be aggregated to disclose exploitable patterns.","alert":"Timestamp Disclosure - Unix","param":"","attack":"","name":"Timestamp Disclosure - Unix","risk":"Informational","id":"134","alertRef":"10096"},{"sourceid":"3","other":"1894986606, which evaluates to: 2030-01-18 12:10:06","method":"GET","evidence":"1894986606","pluginId":"10096","cweid":"200","confidence":"Low","wascid":"13","description":"A timestamp was disclosed by the application/web server - Unix","messageId":"19","url":"https://todoist.com/_next/static/chunks/0e8f85b20ed9ab0a6102c8b8298bac1d6cb4c89b.0fe8d2aa3a66f036f1d2.js","reference":"http://projects.webappsec.org/w/page/13246936/Information%20Leakage","solution":"Manually confirm that the timestamp data is not sensitive, and that the data cannot be aggregated to disclose exploitable patterns.","alert":"Timestamp Disclosure - Unix","param":"","attack":"","name":"Timestamp Disclosure - Unix","risk":"Informational","id":"135","alertRef":"10096"},{"sourceid":"3","other":"2054922799, which evaluates to: 2035-02-12 14:53:19","method":"GET","evidence":"2054922799","pluginId":"10096","cweid":"200","confidence":"Low","wascid":"13","description":"A timestamp was disclosed by the application/web server - Unix","messageId":"19","url":"https://todoist.com/_next/static/chunks/0e8f85b20ed9ab0a6102c8b8298bac1d6cb4c89b.0fe8d2aa3a66f036f1d2.js","reference":"http://projects.webappsec.org/w/page/13246936/Information%20Leakage","solution":"Manually confirm that the timestamp data is not sensitive, and that the data cannot be aggregated to disclose exploitable patterns.","alert":"Timestamp Disclosure - Unix","param":"","attack":"","name":"Timestamp Disclosure - Unix","risk":"Informational","id":"136","alertRef":"10096"},{"sourceid":"3","other":"1873313359, which evaluates to: 2029-05-12 15:49:19","method":"GET","evidence":"1873313359","pluginId":"10096","cweid":"200","confidence":"Low","wascid":"13","description":"A timestamp was disclosed by the application/web server - Unix","messageId":"19","url":"https://todoist.com/_next/static/chunks/0e8f85b20ed9ab0a6102c8b8298bac1d6cb4c89b.0fe8d2aa3a66f036f1d2.js","reference":"http://projects.webappsec.org/w/page/13246936/Information%20Leakage","solution":"Manually confirm that the timestamp data is not sensitive, and that the data cannot be aggregated to disclose exploitable patterns.","alert":"Timestamp Disclosure - Unix","param":"","attack":"","name":"Timestamp Disclosure - Unix","risk":"Informational","id":"137","alertRef":"10096"},{"sourceid":"3","other":"30611744, which evaluates to: 1970-12-21 02:15:44","method":"GET","evidence":"30611744","pluginId":"10096","cweid":"200","confidence":"Low","wascid":"13","description":"A timestamp was disclosed by the application/web server - Unix","messageId":"19","url":"https://todoist.com/_next/static/chunks/0e8f85b20ed9ab0a6102c8b8298bac1d6cb4c89b.0fe8d2aa3a66f036f1d2.js","reference":"http://projects.webappsec.org/w/page/13246936/Information%20Leakage","solution":"Manually confirm that the timestamp data is not sensitive, and that the data cannot be aggregated to disclose exploitable patterns.","alert":"Timestamp Disclosure - Unix","param":"","attack":"","name":"Timestamp Disclosure - Unix","risk":"Informational","id":"138","alertRef":"10096"},{"sourceid":"3","other":"1560198380, which evaluates to: 2019-06-10 15:26:20","method":"GET","evidence":"1560198380","pluginId":"10096","cweid":"200","confidence":"Low","wascid":"13","description":"A timestamp was disclosed by the application/web server - Unix","messageId":"19","url":"https://todoist.com/_next/static/chunks/0e8f85b20ed9ab0a6102c8b8298bac1d6cb4c89b.0fe8d2aa3a66f036f1d2.js","reference":"http://projects.webappsec.org/w/page/13246936/Information%20Leakage","solution":"Manually confirm that the timestamp data is not sensitive, and that the data cannot be aggregated to disclose exploitable patterns.","alert":"Timestamp Disclosure - Unix","param":"","attack":"","name":"Timestamp Disclosure - Unix","risk":"Informational","id":"139","alertRef":"10096"},{"sourceid":"3","other":"1309151649, which evaluates to: 2011-06-27 00:14:09","method":"GET","evidence":"1309151649","pluginId":"10096","cweid":"200","confidence":"Low","wascid":"13","description":"A timestamp was disclosed by the application/web server - Unix","messageId":"19","url":"https://todoist.com/_next/static/chunks/0e8f85b20ed9ab0a6102c8b8298bac1d6cb4c89b.0fe8d2aa3a66f036f1d2.js","reference":"http://projects.webappsec.org/w/page/13246936/Information%20Leakage","solution":"Manually confirm that the timestamp data is not sensitive, and that the data cannot be aggregated to disclose exploitable patterns.","alert":"Timestamp Disclosure - Unix","param":"","attack":"","name":"Timestamp Disclosure - Unix","risk":"Informational","id":"140","alertRef":"10096"},{"sourceid":"3","other":"145523070, which evaluates to: 1974-08-12 02:04:30","method":"GET","evidence":"145523070","pluginId":"10096","cweid":"200","confidence":"Low","wascid":"13","description":"A timestamp was disclosed by the application/web server - Unix","messageId":"19","url":"https://todoist.com/_next/static/chunks/0e8f85b20ed9ab0a6102c8b8298bac1d6cb4c89b.0fe8d2aa3a66f036f1d2.js","reference":"http://projects.webappsec.org/w/page/13246936/Information%20Leakage","solution":"Manually confirm that the timestamp data is not sensitive, and that the data cannot be aggregated to disclose exploitable patterns.","alert":"Timestamp Disclosure - Unix","param":"","attack":"","name":"Timestamp Disclosure - Unix","risk":"Informational","id":"141","alertRef":"10096"},{"sourceid":"3","other":"1120210379, which evaluates to: 2005-07-01 04:32:59","method":"GET","evidence":"1120210379","pluginId":"10096","cweid":"200","confidence":"Low","wascid":"13","description":"A timestamp was disclosed by the application/web server - Unix","messageId":"19","url":"https://todoist.com/_next/static/chunks/0e8f85b20ed9ab0a6102c8b8298bac1d6cb4c89b.0fe8d2aa3a66f036f1d2.js","reference":"http://projects.webappsec.org/w/page/13246936/Information%20Leakage","solution":"Manually confirm that the timestamp data is not sensitive, and that the data cannot be aggregated to disclose exploitable patterns.","alert":"Timestamp Disclosure - Unix","param":"","attack":"","name":"Timestamp Disclosure - Unix","risk":"Informational","id":"142","alertRef":"10096"},{"sourceid":"3","other":"718787259, which evaluates to: 1992-10-11 03:07:39","method":"GET","evidence":"718787259","pluginId":"10096","cweid":"200","confidence":"Low","wascid":"13","description":"A timestamp was disclosed by the application/web server - Unix","messageId":"19","url":"https://todoist.com/_next/static/chunks/0e8f85b20ed9ab0a6102c8b8298bac1d6cb4c89b.0fe8d2aa3a66f036f1d2.js","reference":"http://projects.webappsec.org/w/page/13246936/Information%20Leakage","solution":"Manually confirm that the timestamp data is not sensitive, and that the data cannot be aggregated to disclose exploitable patterns.","alert":"Timestamp Disclosure - Unix","param":"","attack":"","name":"Timestamp Disclosure - Unix","risk":"Informational","id":"143","alertRef":"10096"},{"sourceid":"3","other":"343485551, which evaluates to: 1980-11-19 07:39:11","method":"GET","evidence":"343485551","pluginId":"10096","cweid":"200","confidence":"Low","wascid":"13","description":"A timestamp was disclosed by the application/web server - Unix","messageId":"19","url":"https://todoist.com/_next/static/chunks/0e8f85b20ed9ab0a6102c8b8298bac1d6cb4c89b.0fe8d2aa3a66f036f1d2.js","reference":"http://projects.webappsec.org/w/page/13246936/Information%20Leakage","solution":"Manually confirm that the timestamp data is not sensitive, and that the data cannot be aggregated to disclose exploitable patterns.","alert":"Timestamp Disclosure - Unix","param":"","attack":"","name":"Timestamp Disclosure - Unix","risk":"Informational","id":"144","alertRef":"10096"},{"sourceid":"3","other":"1518500249, which evaluates to: 2018-02-13 00:37:29","method":"GET","evidence":"1518500249","pluginId":"10096","cweid":"200","confidence":"Low","wascid":"13","description":"A timestamp was disclosed by the application/web server - Unix","messageId":"19","url":"https://todoist.com/_next/static/chunks/0e8f85b20ed9ab0a6102c8b8298bac1d6cb4c89b.0fe8d2aa3a66f036f1d2.js","reference":"http://projects.webappsec.org/w/page/13246936/Information%20Leakage","solution":"Manually confirm that the timestamp data is not sensitive, and that the data cannot be aggregated to disclose exploitable patterns.","alert":"Timestamp Disclosure - Unix","param":"","attack":"","name":"Timestamp Disclosure - Unix","risk":"Informational","id":"145","alertRef":"10096"},{"sourceid":"3","other":"1859775393, which evaluates to: 2028-12-06 23:16:33","method":"GET","evidence":"1859775393","pluginId":"10096","cweid":"200","confidence":"Low","wascid":"13","description":"A timestamp was disclosed by the application/web server - Unix","messageId":"19","url":"https://todoist.com/_next/static/chunks/0e8f85b20ed9ab0a6102c8b8298bac1d6cb4c89b.0fe8d2aa3a66f036f1d2.js","reference":"http://projects.webappsec.org/w/page/13246936/Information%20Leakage","solution":"Manually confirm that the timestamp data is not sensitive, and that the data cannot be aggregated to disclose exploitable patterns.","alert":"Timestamp Disclosure - Unix","param":"","attack":"","name":"Timestamp Disclosure - Unix","risk":"Informational","id":"146","alertRef":"10096"},{"sourceid":"3","other":"00000000, which evaluates to: 1969-12-31 19:00:00","method":"GET","evidence":"00000000","pluginId":"10096","cweid":"200","confidence":"Low","wascid":"13","description":"A timestamp was disclosed by the application/web server - Unix","messageId":"19","url":"https://todoist.com/_next/static/chunks/0e8f85b20ed9ab0a6102c8b8298bac1d6cb4c89b.0fe8d2aa3a66f036f1d2.js","reference":"http://projects.webappsec.org/w/page/13246936/Information%20Leakage","solution":"Manually confirm that the timestamp data is not sensitive, and that the data cannot be aggregated to disclose exploitable patterns.","alert":"Timestamp Disclosure - Unix","param":"","attack":"","name":"Timestamp Disclosure - Unix","risk":"Informational","id":"149","alertRef":"10096"},{"sourceid":"3","other":"This issue still applies to error type pages (401, 403, 500, etc.) as those pages are often still affected by injection issues, in which case there is still concern for browsers sniffing pages away from their actual content type.\nAt \"High\" threshold this scan rule will not alert on client or server error responses.","method":"GET","evidence":"","pluginId":"10021","cweid":"16","confidence":"Medium","wascid":"15","description":"The Anti-MIME-Sniffing header X-Content-Type-Options was not set to 'nosniff'. This allows older versions of Internet Explorer and Chrome to perform MIME-sniffing on the response body, potentially causing the response body to be interpreted and displayed as a content type other than the declared content type. Current (early 2014) and legacy versions of Firefox will use the declared content type (if one is set), rather than performing MIME-sniffing.","messageId":"19","url":"https://todoist.com/_next/static/chunks/0e8f85b20ed9ab0a6102c8b8298bac1d6cb4c89b.0fe8d2aa3a66f036f1d2.js","reference":"http://msdn.microsoft.com/en-us/library/ie/gg622941%28v=vs.85%29.aspx\nhttps://owasp.org/www-community/Security_Headers","solution":"Ensure that the application/web server sets the Content-Type header appropriately, and that it sets the X-Content-Type-Options header to 'nosniff' for all web pages.\nIf possible, ensure that the end user uses a standards-compliant and modern web browser that does not perform MIME-sniffing at all, or that can be directed by the web application/web server to not perform MIME-sniffing.","alert":"X-Content-Type-Options Header Missing","param":"X-Content-Type-Options","attack":"","name":"X-Content-Type-Options Header Missing","risk":"Low","id":"151","alertRef":"10021"},{"sourceid":"3","other":"The following pattern was used: \\bDB\\b and was detected in the element starting with: \"(window.webpackJsonp_N_E=window.webpackJsonp_N_E||[]).push([[4],{WNiU:function(e,t,r){!function(e,t){for(var r in t)e[r]=t[r]}(t\", see evidence field for the suspicious comment/snippet.","method":"GET","evidence":"Db","pluginId":"10027","cweid":"200","confidence":"Low","wascid":"13","description":"The response appears to contain suspicious comments which may help an attacker. Note: Matches made within script blocks or files are against the entire content not only comments.","messageId":"20","url":"https://todoist.com/_next/static/chunks/4af5f773.1851fbd0845d20ef7104.js","reference":"","solution":"Remove all comments that return information that may help an attacker and fix any underlying problems they refer to.","alert":"Information Disclosure - Suspicious Comments","param":"","attack":"","name":"Information Disclosure - Suspicious Comments","risk":"Informational","id":"152","alertRef":"10027"},{"sourceid":"3","other":"This issue still applies to error type pages (401, 403, 500, etc.) as those pages are often still affected by injection issues, in which case there is still concern for browsers sniffing pages away from their actual content type.\nAt \"High\" threshold this scan rule will not alert on client or server error responses.","method":"GET","evidence":"","pluginId":"10021","cweid":"16","confidence":"Medium","wascid":"15","description":"The Anti-MIME-Sniffing header X-Content-Type-Options was not set to 'nosniff'. This allows older versions of Internet Explorer and Chrome to perform MIME-sniffing on the response body, potentially causing the response body to be interpreted and displayed as a content type other than the declared content type. Current (early 2014) and legacy versions of Firefox will use the declared content type (if one is set), rather than performing MIME-sniffing.","messageId":"20","url":"https://todoist.com/_next/static/chunks/4af5f773.1851fbd0845d20ef7104.js","reference":"http://msdn.microsoft.com/en-us/library/ie/gg622941%28v=vs.85%29.aspx\nhttps://owasp.org/www-community/Security_Headers","solution":"Ensure that the application/web server sets the Content-Type header appropriately, and that it sets the X-Content-Type-Options header to 'nosniff' for all web pages.\nIf possible, ensure that the end user uses a standards-compliant and modern web browser that does not perform MIME-sniffing at all, or that can be directed by the web application/web server to not perform MIME-sniffing.","alert":"X-Content-Type-Options Header Missing","param":"X-Content-Type-Options","attack":"","name":"X-Content-Type-Options Header Missing","risk":"Low","id":"153","alertRef":"10021"},{"sourceid":"3","other":"The following pattern was used: \\bQUERY\\b and was detected in the element starting with: \"(window.webpackJsonp_N_E=window.webpackJsonp_N_E||[]).push([[6],{\"+90V\":function(e,t,n){\"use strict\";var r=n(\"TqRt\");n(\"HAE/\"),O\", see evidence field for the suspicious comment/snippet.","method":"GET","evidence":"query","pluginId":"10027","cweid":"200","confidence":"Low","wascid":"13","description":"The response appears to contain suspicious comments which may help an attacker. Note: Matches made within script blocks or files are against the entire content not only comments.","messageId":"21","url":"https://todoist.com/_next/static/chunks/46300902bf7c6e1374dd592a461ea5a5a6d02de9.dcfb80a6e6abd69835ad.js","reference":"","solution":"Remove all comments that return information that may help an attacker and fix any underlying problems they refer to.","alert":"Information Disclosure - Suspicious Comments","param":"","attack":"","name":"Information Disclosure - Suspicious Comments","risk":"Informational","id":"154","alertRef":"10027"},{"sourceid":"3","other":"This issue still applies to error type pages (401, 403, 500, etc.) as those pages are often still affected by injection issues, in which case there is still concern for browsers sniffing pages away from their actual content type.\nAt \"High\" threshold this scan rule will not alert on client or server error responses.","method":"GET","evidence":"","pluginId":"10021","cweid":"16","confidence":"Medium","wascid":"15","description":"The Anti-MIME-Sniffing header X-Content-Type-Options was not set to 'nosniff'. This allows older versions of Internet Explorer and Chrome to perform MIME-sniffing on the response body, potentially causing the response body to be interpreted and displayed as a content type other than the declared content type. Current (early 2014) and legacy versions of Firefox will use the declared content type (if one is set), rather than performing MIME-sniffing.","messageId":"21","url":"https://todoist.com/_next/static/chunks/46300902bf7c6e1374dd592a461ea5a5a6d02de9.dcfb80a6e6abd69835ad.js","reference":"http://msdn.microsoft.com/en-us/library/ie/gg622941%28v=vs.85%29.aspx\nhttps://owasp.org/www-community/Security_Headers","solution":"Ensure that the application/web server sets the Content-Type header appropriately, and that it sets the X-Content-Type-Options header to 'nosniff' for all web pages.\nIf possible, ensure that the end user uses a standards-compliant and modern web browser that does not perform MIME-sniffing at all, or that can be directed by the web application/web server to not perform MIME-sniffing.","alert":"X-Content-Type-Options Header Missing","param":"X-Content-Type-Options","attack":"","name":"X-Content-Type-Options Header Missing","risk":"Low","id":"155","alertRef":"10021"},{"sourceid":"3","other":"The following pattern was used: \\bQUERY\\b and was detected in the element starting with: \"_N_E=(window.webpackJsonp_N_E=window.webpackJsonp_N_E||[]).push([[29],{\"1TCz\":function(t,e,n){\"use strict\";n.r(e);var r=n(\"o0o1\"\", see evidence field for the suspicious comment/snippet.","method":"GET","evidence":"query","pluginId":"10027","cweid":"200","confidence":"Low","wascid":"13","description":"The response appears to contain suspicious comments which may help an attacker. Note: Matches made within script blocks or files are against the entire content not only comments.","messageId":"22","url":"https://todoist.com/_next/static/chunks/pages/_app-3b4743dbd65bee2727de.js","reference":"","solution":"Remove all comments that return information that may help an attacker and fix any underlying problems they refer to.","alert":"Information Disclosure - Suspicious Comments","param":"","attack":"","name":"Information Disclosure - Suspicious Comments","risk":"Informational","id":"156","alertRef":"10027"},{"sourceid":"3","other":"This issue still applies to error type pages (401, 403, 500, etc.) as those pages are often still affected by injection issues, in which case there is still concern for browsers sniffing pages away from their actual content type.\nAt \"High\" threshold this scan rule will not alert on client or server error responses.","method":"GET","evidence":"","pluginId":"10021","cweid":"16","confidence":"Medium","wascid":"15","description":"The Anti-MIME-Sniffing header X-Content-Type-Options was not set to 'nosniff'. This allows older versions of Internet Explorer and Chrome to perform MIME-sniffing on the response body, potentially causing the response body to be interpreted and displayed as a content type other than the declared content type. Current (early 2014) and legacy versions of Firefox will use the declared content type (if one is set), rather than performing MIME-sniffing.","messageId":"22","url":"https://todoist.com/_next/static/chunks/pages/_app-3b4743dbd65bee2727de.js","reference":"http://msdn.microsoft.com/en-us/library/ie/gg622941%28v=vs.85%29.aspx\nhttps://owasp.org/www-community/Security_Headers","solution":"Ensure that the application/web server sets the Content-Type header appropriately, and that it sets the X-Content-Type-Options header to 'nosniff' for all web pages.\nIf possible, ensure that the end user uses a standards-compliant and modern web browser that does not perform MIME-sniffing at all, or that can be directed by the web application/web server to not perform MIME-sniffing.","alert":"X-Content-Type-Options Header Missing","param":"X-Content-Type-Options","attack":"","name":"X-Content-Type-Options Header Missing","risk":"Low","id":"157","alertRef":"10021"},{"sourceid":"3","other":"The following pattern was used: \\bBUG\\b and was detected in the element starting with: \"(window.webpackJsonp_N_E=window.webpackJsonp_N_E||[]).push([[7],{\"+924\":function(e,t,n){\"use strict\";n.d(t,\"d\",(function(){retur\", see evidence field for the suspicious comment/snippet.","method":"GET","evidence":"bug","pluginId":"10027","cweid":"200","confidence":"Low","wascid":"13","description":"The response appears to contain suspicious comments which may help an attacker. Note: Matches made within script blocks or files are against the entire content not only comments.","messageId":"23","url":"https://todoist.com/_next/static/chunks/a7d9d3dc563f80f9bceeaf1fc394c88e9b2ce764.dc5ca8c774eddce1e0d7.js","reference":"","solution":"Remove all comments that return information that may help an attacker and fix any underlying problems they refer to.","alert":"Information Disclosure - Suspicious Comments","param":"","attack":"","name":"Information Disclosure - Suspicious Comments","risk":"Informational","id":"158","alertRef":"10027"},{"sourceid":"3","other":"123456789, which evaluates to: 1973-11-29 16:33:09","method":"GET","evidence":"123456789","pluginId":"10096","cweid":"200","confidence":"Low","wascid":"13","description":"A timestamp was disclosed by the application/web server - Unix","messageId":"23","url":"https://todoist.com/_next/static/chunks/a7d9d3dc563f80f9bceeaf1fc394c88e9b2ce764.dc5ca8c774eddce1e0d7.js","reference":"http://projects.webappsec.org/w/page/13246936/Information%20Leakage","solution":"Manually confirm that the timestamp data is not sensitive, and that the data cannot be aggregated to disclose exploitable patterns.","alert":"Timestamp Disclosure - Unix","param":"","attack":"","name":"Timestamp Disclosure - Unix","risk":"Informational","id":"159","alertRef":"10096"},{"sourceid":"3","other":"This issue still applies to error type pages (401, 403, 500, etc.) as those pages are often still affected by injection issues, in which case there is still concern for browsers sniffing pages away from their actual content type.\nAt \"High\" threshold this scan rule will not alert on client or server error responses.","method":"GET","evidence":"","pluginId":"10021","cweid":"16","confidence":"Medium","wascid":"15","description":"The Anti-MIME-Sniffing header X-Content-Type-Options was not set to 'nosniff'. This allows older versions of Internet Explorer and Chrome to perform MIME-sniffing on the response body, potentially causing the response body to be interpreted and displayed as a content type other than the declared content type. Current (early 2014) and legacy versions of Firefox will use the declared content type (if one is set), rather than performing MIME-sniffing.","messageId":"23","url":"https://todoist.com/_next/static/chunks/a7d9d3dc563f80f9bceeaf1fc394c88e9b2ce764.dc5ca8c774eddce1e0d7.js","reference":"http://msdn.microsoft.com/en-us/library/ie/gg622941%28v=vs.85%29.aspx\nhttps://owasp.org/www-community/Security_Headers","solution":"Ensure that the application/web server sets the Content-Type header appropriately, and that it sets the X-Content-Type-Options header to 'nosniff' for all web pages.\nIf possible, ensure that the end user uses a standards-compliant and modern web browser that does not perform MIME-sniffing at all, or that can be directed by the web application/web server to not perform MIME-sniffing.","alert":"X-Content-Type-Options Header Missing","param":"X-Content-Type-Options","attack":"","name":"X-Content-Type-Options Header Missing","risk":"Low","id":"165","alertRef":"10021"},{"sourceid":"3","other":"This issue still applies to error type pages (401, 403, 500, etc.) as those pages are often still affected by injection issues, in which case there is still concern for browsers sniffing pages away from their actual content type.\nAt \"High\" threshold this scan rule will not alert on client or server error responses.","method":"GET","evidence":"","pluginId":"10021","cweid":"16","confidence":"Medium","wascid":"15","description":"The Anti-MIME-Sniffing header X-Content-Type-Options was not set to 'nosniff'. This allows older versions of Internet Explorer and Chrome to perform MIME-sniffing on the response body, potentially causing the response body to be interpreted and displayed as a content type other than the declared content type. Current (early 2014) and legacy versions of Firefox will use the declared content type (if one is set), rather than performing MIME-sniffing.","messageId":"25","url":"https://todoist.com/_next/static/chunks/a5174a254d143c3d3d02321814728bdd71b6ab95_CSS.d6f2610c02ca1f2f8023.js","reference":"http://msdn.microsoft.com/en-us/library/ie/gg622941%28v=vs.85%29.aspx\nhttps://owasp.org/www-community/Security_Headers","solution":"Ensure that the application/web server sets the Content-Type header appropriately, and that it sets the X-Content-Type-Options header to 'nosniff' for all web pages.\nIf possible, ensure that the end user uses a standards-compliant and modern web browser that does not perform MIME-sniffing at all, or that can be directed by the web application/web server to not perform MIME-sniffing.","alert":"X-Content-Type-Options Header Missing","param":"X-Content-Type-Options","attack":"","name":"X-Content-Type-Options Header Missing","risk":"Low","id":"166","alertRef":"10021"},{"sourceid":"3","other":"This issue still applies to error type pages (401, 403, 500, etc.) as those pages are often still affected by injection issues, in which case there is still concern for browsers sniffing pages away from their actual content type.\nAt \"High\" threshold this scan rule will not alert on client or server error responses.","method":"GET","evidence":"","pluginId":"10021","cweid":"16","confidence":"Medium","wascid":"15","description":"The Anti-MIME-Sniffing header X-Content-Type-Options was not set to 'nosniff'. This allows older versions of Internet Explorer and Chrome to perform MIME-sniffing on the response body, potentially causing the response body to be interpreted and displayed as a content type other than the declared content type. Current (early 2014) and legacy versions of Firefox will use the declared content type (if one is set), rather than performing MIME-sniffing.","messageId":"26","url":"https://todoist.com/_next/static/chunks/styles.4b2dc012361942f5cf6e.js","reference":"http://msdn.microsoft.com/en-us/library/ie/gg622941%28v=vs.85%29.aspx\nhttps://owasp.org/www-community/Security_Headers","solution":"Ensure that the application/web server sets the Content-Type header appropriately, and that it sets the X-Content-Type-Options header to 'nosniff' for all web pages.\nIf possible, ensure that the end user uses a standards-compliant and modern web browser that does not perform MIME-sniffing at all, or that can be directed by the web application/web server to not perform MIME-sniffing.","alert":"X-Content-Type-Options Header Missing","param":"X-Content-Type-Options","attack":"","name":"X-Content-Type-Options Header Missing","risk":"Low","id":"167","alertRef":"10021"},{"sourceid":"3","other":"The following pattern was used: \\bDB\\b and was detected in the element starting with: \"_N_E=(window.webpackJsonp_N_E=window.webpackJsonp_N_E||[]).push([[44],{\"+RON\":function(e,t){e.exports=\"/_next/static/images/free\", see evidence field for the suspicious comment/snippet.","method":"GET","evidence":"DB","pluginId":"10027","cweid":"200","confidence":"Low","wascid":"13","description":"The response appears to contain suspicious comments which may help an attacker. Note: Matches made within script blocks or files are against the entire content not only comments.","messageId":"27","url":"https://todoist.com/_next/static/chunks/pages/index-50325ffabee779bfc84a.js","reference":"","solution":"Remove all comments that return information that may help an attacker and fix any underlying problems they refer to.","alert":"Information Disclosure - Suspicious Comments","param":"","attack":"","name":"Information Disclosure - Suspicious Comments","risk":"Informational","id":"168","alertRef":"10027"},{"sourceid":"3","other":"This issue still applies to error type pages (401, 403, 500, etc.) as those pages are often still affected by injection issues, in which case there is still concern for browsers sniffing pages away from their actual content type.\nAt \"High\" threshold this scan rule will not alert on client or server error responses.","method":"GET","evidence":"","pluginId":"10021","cweid":"16","confidence":"Medium","wascid":"15","description":"The Anti-MIME-Sniffing header X-Content-Type-Options was not set to 'nosniff'. This allows older versions of Internet Explorer and Chrome to perform MIME-sniffing on the response body, potentially causing the response body to be interpreted and displayed as a content type other than the declared content type. Current (early 2014) and legacy versions of Firefox will use the declared content type (if one is set), rather than performing MIME-sniffing.","messageId":"27","url":"https://todoist.com/_next/static/chunks/pages/index-50325ffabee779bfc84a.js","reference":"http://msdn.microsoft.com/en-us/library/ie/gg622941%28v=vs.85%29.aspx\nhttps://owasp.org/www-community/Security_Headers","solution":"Ensure that the application/web server sets the Content-Type header appropriately, and that it sets the X-Content-Type-Options header to 'nosniff' for all web pages.\nIf possible, ensure that the end user uses a standards-compliant and modern web browser that does not perform MIME-sniffing at all, or that can be directed by the web application/web server to not perform MIME-sniffing.","alert":"X-Content-Type-Options Header Missing","param":"X-Content-Type-Options","attack":"","name":"X-Content-Type-Options Header Missing","risk":"Low","id":"169","alertRef":"10021"},{"sourceid":"3","other":"The following pattern was used: \\bQUERY\\b and was detected in the element starting with: \"(window.webpackJsonp_N_E=window.webpackJsonp_N_E||[]).push([[8],{\"+9U2\":function(e,t,r){\"use strict\";let n,i,o,{isClean:s}=r(\"zo\", see evidence field for the suspicious comment/snippet.","method":"GET","evidence":"query","pluginId":"10027","cweid":"200","confidence":"Low","wascid":"13","description":"The response appears to contain suspicious comments which may help an attacker. Note: Matches made within script blocks or files are against the entire content not only comments.","messageId":"28","url":"https://todoist.com/_next/static/chunks/a5174a254d143c3d3d02321814728bdd71b6ab95.8aeeecc87435cd012b41.js","reference":"","solution":"Remove all comments that return information that may help an attacker and fix any underlying problems they refer to.","alert":"Information Disclosure - Suspicious Comments","param":"","attack":"","name":"Information Disclosure - Suspicious Comments","risk":"Informational","id":"170","alertRef":"10027"},{"sourceid":"3","other":"16711680, which evaluates to: 1970-07-13 05:08:00","method":"GET","evidence":"16711680","pluginId":"10096","cweid":"200","confidence":"Low","wascid":"13","description":"A timestamp was disclosed by the application/web server - Unix","messageId":"28","url":"https://todoist.com/_next/static/chunks/a5174a254d143c3d3d02321814728bdd71b6ab95.8aeeecc87435cd012b41.js","reference":"http://projects.webappsec.org/w/page/13246936/Information%20Leakage","solution":"Manually confirm that the timestamp data is not sensitive, and that the data cannot be aggregated to disclose exploitable patterns.","alert":"Timestamp Disclosure - Unix","param":"","attack":"","name":"Timestamp Disclosure - Unix","risk":"Informational","id":"171","alertRef":"10096"},{"sourceid":"3","other":"2147483647, which evaluates to: 2038-01-18 22:14:07","method":"GET","evidence":"2147483647","pluginId":"10096","cweid":"200","confidence":"Low","wascid":"13","description":"A timestamp was disclosed by the application/web server - Unix","messageId":"28","url":"https://todoist.com/_next/static/chunks/a5174a254d143c3d3d02321814728bdd71b6ab95.8aeeecc87435cd012b41.js","reference":"http://projects.webappsec.org/w/page/13246936/Information%20Leakage","solution":"Manually confirm that the timestamp data is not sensitive, and that the data cannot be aggregated to disclose exploitable patterns.","alert":"Timestamp Disclosure - Unix","param":"","attack":"","name":"Timestamp Disclosure - Unix","risk":"Informational","id":"172","alertRef":"10096"},{"sourceid":"3","other":"1073741823, which evaluates to: 2004-01-10 08:37:03","method":"GET","evidence":"1073741823","pluginId":"10096","cweid":"200","confidence":"Low","wascid":"13","description":"A timestamp was disclosed by the application/web server - Unix","messageId":"28","url":"https://todoist.com/_next/static/chunks/a5174a254d143c3d3d02321814728bdd71b6ab95.8aeeecc87435cd012b41.js","reference":"http://projects.webappsec.org/w/page/13246936/Information%20Leakage","solution":"Manually confirm that the timestamp data is not sensitive, and that the data cannot be aggregated to disclose exploitable patterns.","alert":"Timestamp Disclosure - Unix","param":"","attack":"","name":"Timestamp Disclosure - Unix","risk":"Informational","id":"173","alertRef":"10096"},{"sourceid":"3","other":"16777216, which evaluates to: 1970-07-13 23:20:16","method":"GET","evidence":"16777216","pluginId":"10096","cweid":"200","confidence":"Low","wascid":"13","description":"A timestamp was disclosed by the application/web server - Unix","messageId":"28","url":"https://todoist.com/_next/static/chunks/a5174a254d143c3d3d02321814728bdd71b6ab95.8aeeecc87435cd012b41.js","reference":"http://projects.webappsec.org/w/page/13246936/Information%20Leakage","solution":"Manually confirm that the timestamp data is not sensitive, and that the data cannot be aggregated to disclose exploitable patterns.","alert":"Timestamp Disclosure - Unix","param":"","attack":"","name":"Timestamp Disclosure - Unix","risk":"Informational","id":"176","alertRef":"10096"},{"sourceid":"3","other":"This issue still applies to error type pages (401, 403, 500, etc.) as those pages are often still affected by injection issues, in which case there is still concern for browsers sniffing pages away from their actual content type.\nAt \"High\" threshold this scan rule will not alert on client or server error responses.","method":"GET","evidence":"","pluginId":"10021","cweid":"16","confidence":"Medium","wascid":"15","description":"The Anti-MIME-Sniffing header X-Content-Type-Options was not set to 'nosniff'. This allows older versions of Internet Explorer and Chrome to perform MIME-sniffing on the response body, potentially causing the response body to be interpreted and displayed as a content type other than the declared content type. Current (early 2014) and legacy versions of Firefox will use the declared content type (if one is set), rather than performing MIME-sniffing.","messageId":"28","url":"https://todoist.com/_next/static/chunks/a5174a254d143c3d3d02321814728bdd71b6ab95.8aeeecc87435cd012b41.js","reference":"http://msdn.microsoft.com/en-us/library/ie/gg622941%28v=vs.85%29.aspx\nhttps://owasp.org/www-community/Security_Headers","solution":"Ensure that the application/web server sets the Content-Type header appropriately, and that it sets the X-Content-Type-Options header to 'nosniff' for all web pages.\nIf possible, ensure that the end user uses a standards-compliant and modern web browser that does not perform MIME-sniffing at all, or that can be directed by the web application/web server to not perform MIME-sniffing.","alert":"X-Content-Type-Options Header Missing","param":"X-Content-Type-Options","attack":"","name":"X-Content-Type-Options Header Missing","risk":"Low","id":"180","alertRef":"10021"},{"sourceid":"3","other":"The following pattern was used: \\bUSER\\b and was detected in the element starting with: \"self.__BUILD_MANIFEST = (function(a,b,c,d,e,f,g,h,i,j,k,l,m,n,o,p,q,r,s,t){return {__rewrites:[],\"/\":[\"static\\u002Fcss\\u002Fpage\", see evidence field for the suspicious comment/snippet.","method":"GET","evidence":"user","pluginId":"10027","cweid":"200","confidence":"Low","wascid":"13","description":"The response appears to contain suspicious comments which may help an attacker. Note: Matches made within script blocks or files are against the entire content not only comments.","messageId":"32","url":"https://todoist.com/_next/static/Su7XJ3Y1iReNK_fTNqchx/_buildManifest.js","reference":"","solution":"Remove all comments that return information that may help an attacker and fix any underlying problems they refer to.","alert":"Information Disclosure - Suspicious Comments","param":"","attack":"","name":"Information Disclosure - Suspicious Comments","risk":"Informational","id":"194","alertRef":"10027"},{"sourceid":"3","other":"This issue still applies to error type pages (401, 403, 500, etc.) as those pages are often still affected by injection issues, in which case there is still concern for browsers sniffing pages away from their actual content type.\nAt \"High\" threshold this scan rule will not alert on client or server error responses.","method":"GET","evidence":"","pluginId":"10021","cweid":"16","confidence":"Medium","wascid":"15","description":"The Anti-MIME-Sniffing header X-Content-Type-Options was not set to 'nosniff'. This allows older versions of Internet Explorer and Chrome to perform MIME-sniffing on the response body, potentially causing the response body to be interpreted and displayed as a content type other than the declared content type. Current (early 2014) and legacy versions of Firefox will use the declared content type (if one is set), rather than performing MIME-sniffing.","messageId":"32","url":"https://todoist.com/_next/static/Su7XJ3Y1iReNK_fTNqchx/_buildManifest.js","reference":"http://msdn.microsoft.com/en-us/library/ie/gg622941%28v=vs.85%29.aspx\nhttps://owasp.org/www-community/Security_Headers","solution":"Ensure that the application/web server sets the Content-Type header appropriately, and that it sets the X-Content-Type-Options header to 'nosniff' for all web pages.\nIf possible, ensure that the end user uses a standards-compliant and modern web browser that does not perform MIME-sniffing at all, or that can be directed by the web application/web server to not perform MIME-sniffing.","alert":"X-Content-Type-Options Header Missing","param":"X-Content-Type-Options","attack":"","name":"X-Content-Type-Options Header Missing","risk":"Low","id":"195","alertRef":"10021"},{"sourceid":"3","other":"This issue still applies to error type pages (401, 403, 500, etc.) as those pages are often still affected by injection issues, in which case there is still concern for browsers sniffing pages away from their actual content type.\nAt \"High\" threshold this scan rule will not alert on client or server error responses.","method":"GET","evidence":"","pluginId":"10021","cweid":"16","confidence":"Medium","wascid":"15","description":"The Anti-MIME-Sniffing header X-Content-Type-Options was not set to 'nosniff'. This allows older versions of Internet Explorer and Chrome to perform MIME-sniffing on the response body, potentially causing the response body to be interpreted and displayed as a content type other than the declared content type. Current (early 2014) and legacy versions of Firefox will use the declared content type (if one is set), rather than performing MIME-sniffing.","messageId":"35","url":"https://todoist.com/_next/static/Su7XJ3Y1iReNK_fTNqchx/_ssgManifest.js","reference":"http://msdn.microsoft.com/en-us/library/ie/gg622941%28v=vs.85%29.aspx\nhttps://owasp.org/www-community/Security_Headers","solution":"Ensure that the application/web server sets the Content-Type header appropriately, and that it sets the X-Content-Type-Options header to 'nosniff' for all web pages.\nIf possible, ensure that the end user uses a standards-compliant and modern web browser that does not perform MIME-sniffing at all, or that can be directed by the web application/web server to not perform MIME-sniffing.","alert":"X-Content-Type-Options Header Missing","param":"X-Content-Type-Options","attack":"","name":"X-Content-Type-Options Header Missing","risk":"Low","id":"196","alertRef":"10021"},{"sourceid":"3","other":"This issue still applies to error type pages (401, 403, 500, etc.) as those pages are often still affected by injection issues, in which case there is still concern for browsers sniffing pages away from their actual content type.\nAt \"High\" threshold this scan rule will not alert on client or server error responses.","method":"GET","evidence":"","pluginId":"10021","cweid":"16","confidence":"Medium","wascid":"15","description":"The Anti-MIME-Sniffing header X-Content-Type-Options was not set to 'nosniff'. This allows older versions of Internet Explorer and Chrome to perform MIME-sniffing on the response body, potentially causing the response body to be interpreted and displayed as a content type other than the declared content type. Current (early 2014) and legacy versions of Firefox will use the declared content type (if one is set), rather than performing MIME-sniffing.","messageId":"47","url":"https://todoist.com/static/fonts/Graphik-Regular-Web.woff","reference":"http://msdn.microsoft.com/en-us/library/ie/gg622941%28v=vs.85%29.aspx\nhttps://owasp.org/www-community/Security_Headers","solution":"Ensure that the application/web server sets the Content-Type header appropriately, and that it sets the X-Content-Type-Options header to 'nosniff' for all web pages.\nIf possible, ensure that the end user uses a standards-compliant and modern web browser that does not perform MIME-sniffing at all, or that can be directed by the web application/web server to not perform MIME-sniffing.","alert":"X-Content-Type-Options Header Missing","param":"X-Content-Type-Options","attack":"","name":"X-Content-Type-Options Header Missing","risk":"Low","id":"239","alertRef":"10021"},{"sourceid":"3","other":"This issue still applies to error type pages (401, 403, 500, etc.) as those pages are often still affected by injection issues, in which case there is still concern for browsers sniffing pages away from their actual content type.\nAt \"High\" threshold this scan rule will not alert on client or server error responses.","method":"GET","evidence":"","pluginId":"10021","cweid":"16","confidence":"Medium","wascid":"15","description":"The Anti-MIME-Sniffing header X-Content-Type-Options was not set to 'nosniff'. This allows older versions of Internet Explorer and Chrome to perform MIME-sniffing on the response body, potentially causing the response body to be interpreted and displayed as a content type other than the declared content type. Current (early 2014) and legacy versions of Firefox will use the declared content type (if one is set), rather than performing MIME-sniffing.","messageId":"48","url":"https://todoist.com/static/fonts/Graphik-Semibold-Web.woff","reference":"http://msdn.microsoft.com/en-us/library/ie/gg622941%28v=vs.85%29.aspx\nhttps://owasp.org/www-community/Security_Headers","solution":"Ensure that the application/web server sets the Content-Type header appropriately, and that it sets the X-Content-Type-Options header to 'nosniff' for all web pages.\nIf possible, ensure that the end user uses a standards-compliant and modern web browser that does not perform MIME-sniffing at all, or that can be directed by the web application/web server to not perform MIME-sniffing.","alert":"X-Content-Type-Options Header Missing","param":"X-Content-Type-Options","attack":"","name":"X-Content-Type-Options Header Missing","risk":"Low","id":"240","alertRef":"10021"},{"sourceid":"3","other":"This issue still applies to error type pages (401, 403, 500, etc.) as those pages are often still affected by injection issues, in which case there is still concern for browsers sniffing pages away from their actual content type.\nAt \"High\" threshold this scan rule will not alert on client or server error responses.","method":"GET","evidence":"","pluginId":"10021","cweid":"16","confidence":"Medium","wascid":"15","description":"The Anti-MIME-Sniffing header X-Content-Type-Options was not set to 'nosniff'. This allows older versions of Internet Explorer and Chrome to perform MIME-sniffing on the response body, potentially causing the response body to be interpreted and displayed as a content type other than the declared content type. Current (early 2014) and legacy versions of Firefox will use the declared content type (if one is set), rather than performing MIME-sniffing.","messageId":"51","url":"https://todoist.com/static/fonts/Caecilia-RegularItalic-Web.woff","reference":"http://msdn.microsoft.com/en-us/library/ie/gg622941%28v=vs.85%29.aspx\nhttps://owasp.org/www-community/Security_Headers","solution":"Ensure that the application/web server sets the Content-Type header appropriately, and that it sets the X-Content-Type-Options header to 'nosniff' for all web pages.\nIf possible, ensure that the end user uses a standards-compliant and modern web browser that does not perform MIME-sniffing at all, or that can be directed by the web application/web server to not perform MIME-sniffing.","alert":"X-Content-Type-Options Header Missing","param":"X-Content-Type-Options","attack":"","name":"X-Content-Type-Options Header Missing","risk":"Low","id":"241","alertRef":"10021"},{"sourceid":"3","other":"","method":"GET","evidence":"public, max-age=31536000, immutable","pluginId":"10015","cweid":"525","confidence":"Medium","wascid":"13","description":"The cache-control and pragma HTTP header have not been set properly or are missing allowing the browser and proxies to cache content.","messageId":"55","url":"https://todoist.com/static/locales/es/common.json","reference":"https://cheatsheetseries.owasp.org/cheatsheets/Session_Management_Cheat_Sheet.html#web-content-caching","solution":"Whenever possible ensure the cache-control HTTP header is set with no-cache, no-store, must-revalidate; and that the pragma HTTP header is set with no-cache.","alert":"Incomplete or No Cache-control and Pragma HTTP Header Set","param":"Cache-Control","attack":"","name":"Incomplete or No Cache-control and Pragma HTTP Header Set","risk":"Low","id":"244","alertRef":"10015"},{"sourceid":"3","other":"This issue still applies to error type pages (401, 403, 500, etc.) as those pages are often still affected by injection issues, in which case there is still concern for browsers sniffing pages away from their actual content type.\nAt \"High\" threshold this scan rule will not alert on client or server error responses.","method":"GET","evidence":"","pluginId":"10021","cweid":"16","confidence":"Medium","wascid":"15","description":"The Anti-MIME-Sniffing header X-Content-Type-Options was not set to 'nosniff'. This allows older versions of Internet Explorer and Chrome to perform MIME-sniffing on the response body, potentially causing the response body to be interpreted and displayed as a content type other than the declared content type. Current (early 2014) and legacy versions of Firefox will use the declared content type (if one is set), rather than performing MIME-sniffing.","messageId":"55","url":"https://todoist.com/static/locales/es/common.json","reference":"http://msdn.microsoft.com/en-us/library/ie/gg622941%28v=vs.85%29.aspx\nhttps://owasp.org/www-community/Security_Headers","solution":"Ensure that the application/web server sets the Content-Type header appropriately, and that it sets the X-Content-Type-Options header to 'nosniff' for all web pages.\nIf possible, ensure that the end user uses a standards-compliant and modern web browser that does not perform MIME-sniffing at all, or that can be directed by the web application/web server to not perform MIME-sniffing.","alert":"X-Content-Type-Options Header Missing","param":"X-Content-Type-Options","attack":"","name":"X-Content-Type-Options Header Missing","risk":"Low","id":"245","alertRef":"10021"},{"sourceid":"3","other":"","method":"GET","evidence":"public, max-age=31536000, immutable","pluginId":"10015","cweid":"525","confidence":"Medium","wascid":"13","description":"The cache-control and pragma HTTP header have not been set properly or are missing allowing the browser and proxies to cache content.","messageId":"58","url":"https://todoist.com/static/locales/en/common.json","reference":"https://cheatsheetseries.owasp.org/cheatsheets/Session_Management_Cheat_Sheet.html#web-content-caching","solution":"Whenever possible ensure the cache-control HTTP header is set with no-cache, no-store, must-revalidate; and that the pragma HTTP header is set with no-cache.","alert":"Incomplete or No Cache-control and Pragma HTTP Header Set","param":"Cache-Control","attack":"","name":"Incomplete or No Cache-control and Pragma HTTP Header Set","risk":"Low","id":"246","alertRef":"10015"},{"sourceid":"3","other":"This issue still applies to error type pages (401, 403, 500, etc.) as those pages are often still affected by injection issues, in which case there is still concern for browsers sniffing pages away from their actual content type.\nAt \"High\" threshold this scan rule will not alert on client or server error responses.","method":"GET","evidence":"","pluginId":"10021","cweid":"16","confidence":"Medium","wascid":"15","description":"The Anti-MIME-Sniffing header X-Content-Type-Options was not set to 'nosniff'. This allows older versions of Internet Explorer and Chrome to perform MIME-sniffing on the response body, potentially causing the response body to be interpreted and displayed as a content type other than the declared content type. Current (early 2014) and legacy versions of Firefox will use the declared content type (if one is set), rather than performing MIME-sniffing.","messageId":"58","url":"https://todoist.com/static/locales/en/common.json","reference":"http://msdn.microsoft.com/en-us/library/ie/gg622941%28v=vs.85%29.aspx\nhttps://owasp.org/www-community/Security_Headers","solution":"Ensure that the application/web server sets the Content-Type header appropriately, and that it sets the X-Content-Type-Options header to 'nosniff' for all web pages.\nIf possible, ensure that the end user uses a standards-compliant and modern web browser that does not perform MIME-sniffing at all, or that can be directed by the web application/web server to not perform MIME-sniffing.","alert":"X-Content-Type-Options Header Missing","param":"X-Content-Type-Options","attack":"","name":"X-Content-Type-Options Header Missing","risk":"Low","id":"247","alertRef":"10021"},{"sourceid":"3","other":"","method":"GET","evidence":"","pluginId":"10015","cweid":"525","confidence":"Medium","wascid":"13","description":"The cache-control and pragma HTTP header have not been set properly or are missing allowing the browser and proxies to cache content.","messageId":"132","url":"https://todoist.com/users/showlogin","reference":"https://cheatsheetseries.owasp.org/cheatsheets/Session_Management_Cheat_Sheet.html#web-content-caching","solution":"Whenever possible ensure the cache-control HTTP header is set with no-cache, no-store, must-revalidate; and that the pragma HTTP header is set with no-cache.","alert":"Incomplete or No Cache-control and Pragma HTTP Header Set","param":"Cache-Control","attack":"","name":"Incomplete or No Cache-control and Pragma HTTP Header Set","risk":"Low","id":"314","alertRef":"10015"},{"sourceid":"3","other":"","method":"GET","evidence":"Set-Cookie: csrf","pluginId":"10010","cweid":"16","confidence":"Medium","wascid":"13","description":"A cookie has been set without the HttpOnly flag, which means that the cookie can be accessed by JavaScript. If a malicious script can be run on this page then the cookie will be accessible and can be transmitted to another site. If this is a session cookie then session hijacking may be possible.","messageId":"132","url":"https://todoist.com/users/showlogin","reference":"https://owasp.org/www-community/HttpOnly","solution":"Ensure that the HttpOnly flag is set for all cookies.","alert":"Cookie No HttpOnly Flag","param":"csrf","attack":"","name":"Cookie No HttpOnly Flag","risk":"Low","id":"315","alertRef":"10010"},{"sourceid":"3","other":"","method":"GET","evidence":"Set-Cookie: csrf","pluginId":"10054","cweid":"16","confidence":"Medium","wascid":"13","description":"A cookie has been set with an invalid SameSite attribute value, which means that the cookie can be sent as a result of a 'cross-site' request. The SameSite attribute is an effective counter measure to cross-site request forgery, cross-site script inclusion, and timing attacks.","messageId":"132","url":"https://todoist.com/users/showlogin","reference":"https://tools.ietf.org/html/draft-ietf-httpbis-cookie-same-site","solution":"Ensure that the SameSite attribute is set to either 'lax' or ideally 'strict' for all cookies.","alert":"Cookie Without SameSite Attribute","param":"csrf","attack":"","name":"Cookie Without SameSite Attribute","risk":"Low","id":"316","alertRef":"10054"},{"sourceid":"3","other":"","method":"GET","evidence":"<script type=\"text/javascript\" src=\"https://d3ptyyxy2at9ui.cloudfront.net/es-ab54e0.js\"><\/script>","pluginId":"10017","cweid":"829","confidence":"Medium","wascid":"15","description":"The page includes one or more script files from a third-party domain.","messageId":"132","url":"https://todoist.com/users/showlogin","reference":"","solution":"Ensure JavaScript source files are loaded from only trusted sources, and the sources can't be controlled by end users of the application.","alert":"Cross-Domain JavaScript Source File Inclusion","param":"https://d3ptyyxy2at9ui.cloudfront.net/es-ab54e0.js","attack":"","name":"Cross-Domain JavaScript Source File Inclusion","risk":"Low","id":"317","alertRef":"10017"},{"sourceid":"3","other":"","method":"GET","evidence":"<script type=\"text/javascript\" src=\"https://d3ptyyxy2at9ui.cloudfront.net/Col_ICECollection-8b8f90.js\" ><\/script>","pluginId":"10017","cweid":"829","confidence":"Medium","wascid":"15","description":"The page includes one or more script files from a third-party domain.","messageId":"132","url":"https://todoist.com/users/showlogin","reference":"","solution":"Ensure JavaScript source files are loaded from only trusted sources, and the sources can't be controlled by end users of the application.","alert":"Cross-Domain JavaScript Source File Inclusion","param":"https://d3ptyyxy2at9ui.cloudfront.net/Col_ICECollection-8b8f90.js","attack":"","name":"Cross-Domain JavaScript Source File Inclusion","risk":"Low","id":"318","alertRef":"10017"},{"sourceid":"3","other":"","method":"GET","evidence":"<script type=\"text/javascript\" src=\"https://d3ptyyxy2at9ui.cloudfront.net/GreyBox-b6bb57.js\" ><\/script>","pluginId":"10017","cweid":"829","confidence":"Medium","wascid":"15","description":"The page includes one or more script files from a third-party domain.","messageId":"132","url":"https://todoist.com/users/showlogin","reference":"","solution":"Ensure JavaScript source files are loaded from only trusted sources, and the sources can't be controlled by end users of the application.","alert":"Cross-Domain JavaScript Source File Inclusion","param":"https://d3ptyyxy2at9ui.cloudfront.net/GreyBox-b6bb57.js","attack":"","name":"Cross-Domain JavaScript Source File Inclusion","risk":"Low","id":"319","alertRef":"10017"},{"sourceid":"3","other":"","method":"GET","evidence":"<script type=\"text/javascript\" src=\"https://d3ptyyxy2at9ui.cloudfront.net/Col_StandalonePageCollection-d72ac1.js\" ><\/script>","pluginId":"10017","cweid":"829","confidence":"Medium","wascid":"15","description":"The page includes one or more script files from a third-party domain.","messageId":"132","url":"https://todoist.com/users/showlogin","reference":"","solution":"Ensure JavaScript source files are loaded from only trusted sources, and the sources can't be controlled by end users of the application.","alert":"Cross-Domain JavaScript Source File Inclusion","param":"https://d3ptyyxy2at9ui.cloudfront.net/Col_StandalonePageCollection-d72ac1.js","attack":"","name":"Cross-Domain JavaScript Source File Inclusion","risk":"Low","id":"320","alertRef":"10017"},{"sourceid":"3","other":"","method":"GET","evidence":"<script type=\"text/javascript\" src=\"https://d3ptyyxy2at9ui.cloudfront.net/Col_PluginCollection-f907f0.js\" ><\/script>","pluginId":"10017","cweid":"829","confidence":"Medium","wascid":"15","description":"The page includes one or more script files from a third-party domain.","messageId":"132","url":"https://todoist.com/users/showlogin","reference":"","solution":"Ensure JavaScript source files are loaded from only trusted sources, and the sources can't be controlled by end users of the application.","alert":"Cross-Domain JavaScript Source File Inclusion","param":"https://d3ptyyxy2at9ui.cloudfront.net/Col_PluginCollection-f907f0.js","attack":"","name":"Cross-Domain JavaScript Source File Inclusion","risk":"Low","id":"322","alertRef":"10017"},{"sourceid":"3","other":"","method":"GET","evidence":"<script type=\"text/javascript\" src=\"https://d3ptyyxy2at9ui.cloudfront.net/ist_button-56a55c.js\" ><\/script>","pluginId":"10017","cweid":"829","confidence":"Medium","wascid":"15","description":"The page includes one or more script files from a third-party domain.","messageId":"132","url":"https://todoist.com/users/showlogin","reference":"","solution":"Ensure JavaScript source files are loaded from only trusted sources, and the sources can't be controlled by end users of the application.","alert":"Cross-Domain JavaScript Source File Inclusion","param":"https://d3ptyyxy2at9ui.cloudfront.net/ist_button-56a55c.js","attack":"","name":"Cross-Domain JavaScript Source File Inclusion","risk":"Low","id":"323","alertRef":"10017"},{"sourceid":"3","other":"","method":"GET","evidence":"<script type=\"text/javascript\" src=\"https://d3ptyyxy2at9ui.cloudfront.net/Col_LoginSignupCollection-976c4c.js\" ><\/script>","pluginId":"10017","cweid":"829","confidence":"Medium","wascid":"15","description":"The page includes one or more script files from a third-party domain.","messageId":"132","url":"https://todoist.com/users/showlogin","reference":"","solution":"Ensure JavaScript source files are loaded from only trusted sources, and the sources can't be controlled by end users of the application.","alert":"Cross-Domain JavaScript Source File Inclusion","param":"https://d3ptyyxy2at9ui.cloudfront.net/Col_LoginSignupCollection-976c4c.js","attack":"","name":"Cross-Domain JavaScript Source File Inclusion","risk":"Low","id":"324","alertRef":"10017"},{"sourceid":"3","other":"This issue still applies to error type pages (401, 403, 500, etc.) as those pages are often still affected by injection issues, in which case there is still concern for browsers sniffing pages away from their actual content type.\nAt \"High\" threshold this scan rule will not alert on client or server error responses.","method":"GET","evidence":"","pluginId":"10021","cweid":"16","confidence":"Medium","wascid":"15","description":"The Anti-MIME-Sniffing header X-Content-Type-Options was not set to 'nosniff'. This allows older versions of Internet Explorer and Chrome to perform MIME-sniffing on the response body, potentially causing the response body to be interpreted and displayed as a content type other than the declared content type. Current (early 2014) and legacy versions of Firefox will use the declared content type (if one is set), rather than performing MIME-sniffing.","messageId":"132","url":"https://todoist.com/users/showlogin","reference":"http://msdn.microsoft.com/en-us/library/ie/gg622941%28v=vs.85%29.aspx\nhttps://owasp.org/www-community/Security_Headers","solution":"Ensure that the application/web server sets the Content-Type header appropriately, and that it sets the X-Content-Type-Options header to 'nosniff' for all web pages.\nIf possible, ensure that the end user uses a standards-compliant and modern web browser that does not perform MIME-sniffing at all, or that can be directed by the web application/web server to not perform MIME-sniffing.","alert":"X-Content-Type-Options Header Missing","param":"X-Content-Type-Options","attack":"","name":"X-Content-Type-Options Header Missing","risk":"Low","id":"325","alertRef":"10021"},{"sourceid":"3","other":"","method":"GET","evidence":"","pluginId":"10020","cweid":"16","confidence":"Medium","wascid":"15","description":"X-Frame-Options header is not included in the HTTP response to protect against 'ClickJacking' attacks.","messageId":"132","url":"https://todoist.com/users/showlogin","reference":"https://developer.mozilla.org/en-US/docs/Web/HTTP/Headers/X-Frame-Options","solution":"Most modern Web browsers support the X-Frame-Options HTTP header. Ensure it's set on all web pages returned by your site (if you expect the page to be framed only by pages on your server (e.g. it's part of a FRAMESET) then you'll want to use SAMEORIGIN, otherwise if you never expect the page to be framed, you should use DENY. Alternatively consider implementing Content Security Policy's \"frame-ancestors\" directive. ","alert":"X-Frame-Options Header Not Set","param":"X-Frame-Options","attack":"","name":"X-Frame-Options Header Not Set","risk":"Medium","id":"326","alertRef":"10020"},{"sourceid":"3","other":"","method":"POST","evidence":"Set-Cookie: todoistd","pluginId":"10054","cweid":"16","confidence":"Medium","wascid":"13","description":"A cookie has been set with an invalid SameSite attribute value, which means that the cookie can be sent as a result of a 'cross-site' request. The SameSite attribute is an effective counter measure to cross-site request forgery, cross-site script inclusion, and timing attacks.","messageId":"156","url":"https://todoist.com/Users/login","reference":"https://tools.ietf.org/html/draft-ietf-httpbis-cookie-same-site","solution":"Ensure that the SameSite attribute is set to either 'lax' or ideally 'strict' for all cookies.","alert":"Cookie Without SameSite Attribute","param":"todoistd","attack":"","name":"Cookie Without SameSite Attribute","risk":"Low","id":"371","alertRef":"10054"},{"sourceid":"3","other":"31536000, which evaluates to: 1970-12-31 19:00:00","method":"POST","evidence":"31536000","pluginId":"10096","cweid":"200","confidence":"Low","wascid":"13","description":"A timestamp was disclosed by the application/web server - Unix","messageId":"156","url":"https://todoist.com/Users/login","reference":"http://projects.webappsec.org/w/page/13246936/Information%20Leakage","solution":"Manually confirm that the timestamp data is not sensitive, and that the data cannot be aggregated to disclose exploitable patterns.","alert":"Timestamp Disclosure - Unix","param":"","attack":"","name":"Timestamp Disclosure - Unix","risk":"Informational","id":"372","alertRef":"10096"},{"sourceid":"3","other":"The response contained multiple CSP headers, one or more of them contained a report-uri directive and therefore they could not be merged. The first identified header/policy was analyzed.","method":"GET","evidence":"default-src 'self' wss://*.todoist.com https://www.google-analytics.com https://o476415.ingest.sentry.io https://d3ptyyxy2at9ui.cloudfront.net https://dcff1xvirvpfp.cloudfront.net https://d266vjxpnndrqi.cloudfront.net https://x-api.rollout.io https://statestore.rollout.io https://conf.rollout.io https://push.rollout.io https://analytic.rollout.io https://browser.sentry-cdn.com https://www.dropbox.com/static/api/2/dropins.js https://apis.google.com https://*.todoist.com https://todoist.com https://maps.googleapis.com https://fonts.gstatic.com; style-src 'self' wss://*.todoist.com https://www.google-analytics.com https://o476415.ingest.sentry.io https://d3ptyyxy2at9ui.cloudfront.net https://dcff1xvirvpfp.cloudfront.net https://d266vjxpnndrqi.cloudfront.net https://x-api.rollout.io https://statestore.rollout.io https://conf.rollout.io https://push.rollout.io https://analytic.rollout.io https://browser.sentry-cdn.com https://www.dropbox.com/static/api/2/dropins.js https://apis.google.com https://*.todoist.com https://todoist.com https://maps.googleapis.com https://fonts.gstatic.com 'unsafe-inline' https://fonts.googleapis.com; img-src 'self' data:  https://d3ptyyxy2at9ui.cloudfront.net https://dcff1xvirvpfp.cloudfront.net https://d266vjxpnndrqi.cloudfront.net https://d1x0mwiac2rqwt.cloudfront.net https://avatars.doist.com https://image-resize.todoist.com https://maps.gstatic.com https://*.googleapis.com https://*.ggpht https://twemoji.maxcdn.com https://www.google-analytics.com; media-src 'self' https://d1ysz50cxb9zwl.cloudfront.net https://d3ptyyxy2at9ui.cloudfront.net https://files.todoist.com; frame-src 'self' https://www.dropbox.com https://accounts.google.com https://docs.google.com; report-uri /csp_report","pluginId":"10055","cweid":"16","confidence":"Medium","wascid":"15","description":"Info Items:\n1:1715: A draft of the next version of CSP deprecates report-uri in favour of a new report-to directive.\n","messageId":"158","url":"https://todoist.com/app/","reference":"http://www.w3.org/TR/CSP2/\nhttp://www.w3.org/TR/CSP/\nhttp://caniuse.com/#search=content+security+policy\nhttp://content-security-policy.com/\nhttps://github.com/shapesecurity/salvation\nhttps://developers.google.com/web/fundamentals/security/csp#policy_applies_to_a_wide_variety_of_resources","solution":"Ensure that your web server, application server, load balancer, etc. is properly configured to set the Content-Security-Policy header.","alert":"CSP: Notices","param":"Content-Security-Policy","attack":"","name":"CSP: Notices","risk":"Informational","id":"373","alertRef":"10055"},{"sourceid":"3","other":"The response contained multiple CSP headers, one or more of them contained a report-uri directive and therefore they could not be merged. The first identified header/policy was analyzed.","method":"GET","evidence":"default-src 'self' wss://*.todoist.com https://www.google-analytics.com https://o476415.ingest.sentry.io https://d3ptyyxy2at9ui.cloudfront.net https://dcff1xvirvpfp.cloudfront.net https://d266vjxpnndrqi.cloudfront.net https://x-api.rollout.io https://statestore.rollout.io https://conf.rollout.io https://push.rollout.io https://analytic.rollout.io https://browser.sentry-cdn.com https://www.dropbox.com/static/api/2/dropins.js https://apis.google.com https://*.todoist.com https://todoist.com https://maps.googleapis.com https://fonts.gstatic.com; style-src 'self' wss://*.todoist.com https://www.google-analytics.com https://o476415.ingest.sentry.io https://d3ptyyxy2at9ui.cloudfront.net https://dcff1xvirvpfp.cloudfront.net https://d266vjxpnndrqi.cloudfront.net https://x-api.rollout.io https://statestore.rollout.io https://conf.rollout.io https://push.rollout.io https://analytic.rollout.io https://browser.sentry-cdn.com https://www.dropbox.com/static/api/2/dropins.js https://apis.google.com https://*.todoist.com https://todoist.com https://maps.googleapis.com https://fonts.gstatic.com 'unsafe-inline' https://fonts.googleapis.com; img-src 'self' data:  https://d3ptyyxy2at9ui.cloudfront.net https://dcff1xvirvpfp.cloudfront.net https://d266vjxpnndrqi.cloudfront.net https://d1x0mwiac2rqwt.cloudfront.net https://avatars.doist.com https://image-resize.todoist.com https://maps.gstatic.com https://*.googleapis.com https://*.ggpht https://twemoji.maxcdn.com https://www.google-analytics.com; media-src 'self' https://d1ysz50cxb9zwl.cloudfront.net https://d3ptyyxy2at9ui.cloudfront.net https://files.todoist.com; frame-src 'self' https://www.dropbox.com https://accounts.google.com https://docs.google.com; report-uri /csp_report","pluginId":"10055","cweid":"16","confidence":"Medium","wascid":"15","description":"The following directives either allow wildcard sources (or ancestors), are not defined, or are overly broadly defined: \nframe-ancestors, form-action\n\nThe directive(s): frame-ancestors, form-action are among the directives that do not fallback to default-src, missing/excluding them is the same as allowing anything.","messageId":"158","url":"https://todoist.com/app/","reference":"http://www.w3.org/TR/CSP2/\nhttp://www.w3.org/TR/CSP/\nhttp://caniuse.com/#search=content+security+policy\nhttp://content-security-policy.com/\nhttps://github.com/shapesecurity/salvation\nhttps://developers.google.com/web/fundamentals/security/csp#policy_applies_to_a_wide_variety_of_resources","solution":"Ensure that your web server, application server, load balancer, etc. is properly configured to set the Content-Security-Policy header.","alert":"CSP: Wildcard Directive","param":"Content-Security-Policy","attack":"","name":"CSP: Wildcard Directive","risk":"Medium","id":"374","alertRef":"10055"},{"sourceid":"3","other":"The response contained multiple CSP headers, one or more of them contained a report-uri directive and therefore they could not be merged. The first identified header/policy was analyzed.","method":"GET","evidence":"default-src 'self' wss://*.todoist.com https://www.google-analytics.com https://o476415.ingest.sentry.io https://d3ptyyxy2at9ui.cloudfront.net https://dcff1xvirvpfp.cloudfront.net https://d266vjxpnndrqi.cloudfront.net https://x-api.rollout.io https://statestore.rollout.io https://conf.rollout.io https://push.rollout.io https://analytic.rollout.io https://browser.sentry-cdn.com https://www.dropbox.com/static/api/2/dropins.js https://apis.google.com https://*.todoist.com https://todoist.com https://maps.googleapis.com https://fonts.gstatic.com; style-src 'self' wss://*.todoist.com https://www.google-analytics.com https://o476415.ingest.sentry.io https://d3ptyyxy2at9ui.cloudfront.net https://dcff1xvirvpfp.cloudfront.net https://d266vjxpnndrqi.cloudfront.net https://x-api.rollout.io https://statestore.rollout.io https://conf.rollout.io https://push.rollout.io https://analytic.rollout.io https://browser.sentry-cdn.com https://www.dropbox.com/static/api/2/dropins.js https://apis.google.com https://*.todoist.com https://todoist.com https://maps.googleapis.com https://fonts.gstatic.com 'unsafe-inline' https://fonts.googleapis.com; img-src 'self' data:  https://d3ptyyxy2at9ui.cloudfront.net https://dcff1xvirvpfp.cloudfront.net https://d266vjxpnndrqi.cloudfront.net https://d1x0mwiac2rqwt.cloudfront.net https://avatars.doist.com https://image-resize.todoist.com https://maps.gstatic.com https://*.googleapis.com https://*.ggpht https://twemoji.maxcdn.com https://www.google-analytics.com; media-src 'self' https://d1ysz50cxb9zwl.cloudfront.net https://d3ptyyxy2at9ui.cloudfront.net https://files.todoist.com; frame-src 'self' https://www.dropbox.com https://accounts.google.com https://docs.google.com; report-uri /csp_report","pluginId":"10055","cweid":"16","confidence":"Medium","wascid":"15","description":"style-src includes unsafe-inline.","messageId":"158","url":"https://todoist.com/app/","reference":"http://www.w3.org/TR/CSP2/\nhttp://www.w3.org/TR/CSP/\nhttp://caniuse.com/#search=content+security+policy\nhttp://content-security-policy.com/\nhttps://github.com/shapesecurity/salvation\nhttps://developers.google.com/web/fundamentals/security/csp#policy_applies_to_a_wide_variety_of_resources","solution":"Ensure that your web server, application server, load balancer, etc. is properly configured to set the Content-Security-Policy header.","alert":"CSP: style-src unsafe-inline","param":"Content-Security-Policy","attack":"","name":"CSP: style-src unsafe-inline","risk":"Medium","id":"375","alertRef":"10055"},{"sourceid":"3","other":"","method":"GET","evidence":"<script src=\"https://d3ptyyxy2at9ui.cloudfront.net/assets/initTheme.b1a12b68f418d0aa0577144c7364b8ab.js\"><\/script>","pluginId":"10017","cweid":"829","confidence":"Medium","wascid":"15","description":"The page includes one or more script files from a third-party domain.","messageId":"158","url":"https://todoist.com/app/","reference":"","solution":"Ensure JavaScript source files are loaded from only trusted sources, and the sources can't be controlled by end users of the application.","alert":"Cross-Domain JavaScript Source File Inclusion","param":"https://d3ptyyxy2at9ui.cloudfront.net/assets/initTheme.b1a12b68f418d0aa0577144c7364b8ab.js","attack":"","name":"Cross-Domain JavaScript Source File Inclusion","risk":"Low","id":"376","alertRef":"10017"},{"sourceid":"3","other":"","method":"GET","evidence":"<script async src=\"https://www.google-analytics.com/analytics.js\"><\/script>","pluginId":"10017","cweid":"829","confidence":"Medium","wascid":"15","description":"The page includes one or more script files from a third-party domain.","messageId":"158","url":"https://todoist.com/app/","reference":"","solution":"Ensure JavaScript source files are loaded from only trusted sources, and the sources can't be controlled by end users of the application.","alert":"Cross-Domain JavaScript Source File Inclusion","param":"https://www.google-analytics.com/analytics.js","attack":"","name":"Cross-Domain JavaScript Source File Inclusion","risk":"Low","id":"377","alertRef":"10017"},{"sourceid":"3","other":"","method":"GET","evidence":"<script src=\"https://d3ptyyxy2at9ui.cloudfront.net/assets/vendor.c9e825411fdc24f1ec7a.js\"><\/script>","pluginId":"10017","cweid":"829","confidence":"Medium","wascid":"15","description":"The page includes one or more script files from a third-party domain.","messageId":"158","url":"https://todoist.com/app/","reference":"","solution":"Ensure JavaScript source files are loaded from only trusted sources, and the sources can't be controlled by end users of the application.","alert":"Cross-Domain JavaScript Source File Inclusion","param":"https://d3ptyyxy2at9ui.cloudfront.net/assets/vendor.c9e825411fdc24f1ec7a.js","attack":"","name":"Cross-Domain JavaScript Source File Inclusion","risk":"Low","id":"378","alertRef":"10017"},{"sourceid":"3","other":"","method":"GET","evidence":"<script src=\"https://d3ptyyxy2at9ui.cloudfront.net/assets/app.1cf113e26f9d2c0630ec.js\"><\/script>","pluginId":"10017","cweid":"829","confidence":"Medium","wascid":"15","description":"The page includes one or more script files from a third-party domain.","messageId":"158","url":"https://todoist.com/app/","reference":"","solution":"Ensure JavaScript source files are loaded from only trusted sources, and the sources can't be controlled by end users of the application.","alert":"Cross-Domain JavaScript Source File Inclusion","param":"https://d3ptyyxy2at9ui.cloudfront.net/assets/app.1cf113e26f9d2c0630ec.js","attack":"","name":"Cross-Domain JavaScript Source File Inclusion","risk":"Low","id":"379","alertRef":"10017"},{"sourceid":"3","other":"572688855, which evaluates to: 1988-02-24 03:14:15","method":"GET","evidence":"572688855","pluginId":"10096","cweid":"200","confidence":"Low","wascid":"13","description":"A timestamp was disclosed by the application/web server - Unix","messageId":"158","url":"https://todoist.com/app/","reference":"http://projects.webappsec.org/w/page/13246936/Information%20Leakage","solution":"Manually confirm that the timestamp data is not sensitive, and that the data cannot be aggregated to disclose exploitable patterns.","alert":"Timestamp Disclosure - Unix","param":"","attack":"","name":"Timestamp Disclosure - Unix","risk":"Informational","id":"380","alertRef":"10096"},{"sourceid":"3","other":"This issue still applies to error type pages (401, 403, 500, etc.) as those pages are often still affected by injection issues, in which case there is still concern for browsers sniffing pages away from their actual content type.\nAt \"High\" threshold this scan rule will not alert on client or server error responses.","method":"GET","evidence":"","pluginId":"10021","cweid":"16","confidence":"Medium","wascid":"15","description":"The Anti-MIME-Sniffing header X-Content-Type-Options was not set to 'nosniff'. This allows older versions of Internet Explorer and Chrome to perform MIME-sniffing on the response body, potentially causing the response body to be interpreted and displayed as a content type other than the declared content type. Current (early 2014) and legacy versions of Firefox will use the declared content type (if one is set), rather than performing MIME-sniffing.","messageId":"158","url":"https://todoist.com/app/","reference":"http://msdn.microsoft.com/en-us/library/ie/gg622941%28v=vs.85%29.aspx\nhttps://owasp.org/www-community/Security_Headers","solution":"Ensure that the application/web server sets the Content-Type header appropriately, and that it sets the X-Content-Type-Options header to 'nosniff' for all web pages.\nIf possible, ensure that the end user uses a standards-compliant and modern web browser that does not perform MIME-sniffing at all, or that can be directed by the web application/web server to not perform MIME-sniffing.","alert":"X-Content-Type-Options Header Missing","param":"X-Content-Type-Options","attack":"","name":"X-Content-Type-Options Header Missing","risk":"Low","id":"381","alertRef":"10021"},{"sourceid":"3","other":"","method":"GET","evidence":"","pluginId":"10020","cweid":"16","confidence":"Medium","wascid":"15","description":"X-Frame-Options header is not included in the HTTP response to protect against 'ClickJacking' attacks.","messageId":"158","url":"https://todoist.com/app/","reference":"https://developer.mozilla.org/en-US/docs/Web/HTTP/Headers/X-Frame-Options","solution":"Most modern Web browsers support the X-Frame-Options HTTP header. Ensure it's set on all web pages returned by your site (if you expect the page to be framed only by pages on your server (e.g. it's part of a FRAMESET) then you'll want to use SAMEORIGIN, otherwise if you never expect the page to be framed, you should use DENY. Alternatively consider implementing Content Security Policy's \"frame-ancestors\" directive. ","alert":"X-Frame-Options Header Not Set","param":"X-Frame-Options","attack":"","name":"X-Frame-Options Header Not Set","risk":"Medium","id":"382","alertRef":"10020"},{"sourceid":"3","other":"","method":"POST","evidence":"no-cache","pluginId":"10015","cweid":"525","confidence":"Medium","wascid":"13","description":"The cache-control and pragma HTTP header have not been set properly or are missing allowing the browser and proxies to cache content.","messageId":"166","url":"https://todoist.com/API/v8.7/sync","reference":"https://cheatsheetseries.owasp.org/cheatsheets/Session_Management_Cheat_Sheet.html#web-content-caching","solution":"Whenever possible ensure the cache-control HTTP header is set with no-cache, no-store, must-revalidate; and that the pragma HTTP header is set with no-cache.","alert":"Incomplete or No Cache-control and Pragma HTTP Header Set","param":"Cache-Control","attack":"","name":"Incomplete or No Cache-control and Pragma HTTP Header Set","risk":"Low","id":"656","alertRef":"10015"},{"sourceid":"3","other":"1344642991, which evaluates to: 2012-08-10 18:56:31","method":"POST","evidence":"1344642991","pluginId":"10096","cweid":"200","confidence":"Low","wascid":"13","description":"A timestamp was disclosed by the application/web server - Unix","messageId":"166","url":"https://todoist.com/API/v8.7/sync","reference":"http://projects.webappsec.org/w/page/13246936/Information%20Leakage","solution":"Manually confirm that the timestamp data is not sensitive, and that the data cannot be aggregated to disclose exploitable patterns.","alert":"Timestamp Disclosure - Unix","param":"","attack":"","name":"Timestamp Disclosure - Unix","risk":"Informational","id":"657","alertRef":"10096"},{"sourceid":"3","other":"33304136, which evaluates to: 1971-01-21 06:08:56","method":"POST","evidence":"33304136","pluginId":"10096","cweid":"200","confidence":"Low","wascid":"13","description":"A timestamp was disclosed by the application/web server - Unix","messageId":"166","url":"https://todoist.com/API/v8.7/sync","reference":"http://projects.webappsec.org/w/page/13246936/Information%20Leakage","solution":"Manually confirm that the timestamp data is not sensitive, and that the data cannot be aggregated to disclose exploitable patterns.","alert":"Timestamp Disclosure - Unix","param":"","attack":"","name":"Timestamp Disclosure - Unix","risk":"Informational","id":"658","alertRef":"10096"},{"sourceid":"3","other":"43476449, which evaluates to: 1971-05-18 23:47:29","method":"POST","evidence":"43476449","pluginId":"10096","cweid":"200","confidence":"Low","wascid":"13","description":"A timestamp was disclosed by the application/web server - Unix","messageId":"166","url":"https://todoist.com/API/v8.7/sync","reference":"http://projects.webappsec.org/w/page/13246936/Information%20Leakage","solution":"Manually confirm that the timestamp data is not sensitive, and that the data cannot be aggregated to disclose exploitable patterns.","alert":"Timestamp Disclosure - Unix","param":"","attack":"","name":"Timestamp Disclosure - Unix","risk":"Informational","id":"659","alertRef":"10096"},{"sourceid":"3","other":"43476450, which evaluates to: 1971-05-18 23:47:30","method":"POST","evidence":"43476450","pluginId":"10096","cweid":"200","confidence":"Low","wascid":"13","description":"A timestamp was disclosed by the application/web server - Unix","messageId":"166","url":"https://todoist.com/API/v8.7/sync","reference":"http://projects.webappsec.org/w/page/13246936/Information%20Leakage","solution":"Manually confirm that the timestamp data is not sensitive, and that the data cannot be aggregated to disclose exploitable patterns.","alert":"Timestamp Disclosure - Unix","param":"","attack":"","name":"Timestamp Disclosure - Unix","risk":"Informational","id":"674","alertRef":"10096"},{"sourceid":"3","other":"43476451, which evaluates to: 1971-05-18 23:47:31","method":"POST","evidence":"43476451","pluginId":"10096","cweid":"200","confidence":"Low","wascid":"13","description":"A timestamp was disclosed by the application/web server - Unix","messageId":"166","url":"https://todoist.com/API/v8.7/sync","reference":"http://projects.webappsec.org/w/page/13246936/Information%20Leakage","solution":"Manually confirm that the timestamp data is not sensitive, and that the data cannot be aggregated to disclose exploitable patterns.","alert":"Timestamp Disclosure - Unix","param":"","attack":"","name":"Timestamp Disclosure - Unix","risk":"Informational","id":"680","alertRef":"10096"},{"sourceid":"3","other":"43476452, which evaluates to: 1971-05-18 23:47:32","method":"POST","evidence":"43476452","pluginId":"10096","cweid":"200","confidence":"Low","wascid":"13","description":"A timestamp was disclosed by the application/web server - Unix","messageId":"166","url":"https://todoist.com/API/v8.7/sync","reference":"http://projects.webappsec.org/w/page/13246936/Information%20Leakage","solution":"Manually confirm that the timestamp data is not sensitive, and that the data cannot be aggregated to disclose exploitable patterns.","alert":"Timestamp Disclosure - Unix","param":"","attack":"","name":"Timestamp Disclosure - Unix","risk":"Informational","id":"686","alertRef":"10096"},{"sourceid":"3","other":"205325931, which evaluates to: 1976-07-04 05:58:51","method":"POST","evidence":"205325931","pluginId":"10096","cweid":"200","confidence":"Low","wascid":"13","description":"A timestamp was disclosed by the application/web server - Unix","messageId":"166","url":"https://todoist.com/API/v8.7/sync","reference":"http://projects.webappsec.org/w/page/13246936/Information%20Leakage","solution":"Manually confirm that the timestamp data is not sensitive, and that the data cannot be aggregated to disclose exploitable patterns.","alert":"Timestamp Disclosure - Unix","param":"","attack":"","name":"Timestamp Disclosure - Unix","risk":"Informational","id":"697","alertRef":"10096"},{"sourceid":"3","other":"This issue still applies to error type pages (401, 403, 500, etc.) as those pages are often still affected by injection issues, in which case there is still concern for browsers sniffing pages away from their actual content type.\nAt \"High\" threshold this scan rule will not alert on client or server error responses.","method":"POST","evidence":"","pluginId":"10021","cweid":"16","confidence":"Medium","wascid":"15","description":"The Anti-MIME-Sniffing header X-Content-Type-Options was not set to 'nosniff'. This allows older versions of Internet Explorer and Chrome to perform MIME-sniffing on the response body, potentially causing the response body to be interpreted and displayed as a content type other than the declared content type. Current (early 2014) and legacy versions of Firefox will use the declared content type (if one is set), rather than performing MIME-sniffing.","messageId":"166","url":"https://todoist.com/API/v8.7/sync","reference":"http://msdn.microsoft.com/en-us/library/ie/gg622941%28v=vs.85%29.aspx\nhttps://owasp.org/www-community/Security_Headers","solution":"Ensure that the application/web server sets the Content-Type header appropriately, and that it sets the X-Content-Type-Options header to 'nosniff' for all web pages.\nIf possible, ensure that the end user uses a standards-compliant and modern web browser that does not perform MIME-sniffing at all, or that can be directed by the web application/web server to not perform MIME-sniffing.","alert":"X-Content-Type-Options Header Missing","param":"X-Content-Type-Options","attack":"","name":"X-Content-Type-Options Header Missing","risk":"Low","id":"708","alertRef":"10021"}]}
100% Scaneo Terminado
Request URL: http://localhost:8080/HTML/ascan/view/scanProgress/?scanId=0
Request BODY: null
Response CODE: 200
Response BODY: <head>
</head>
<body>
<h2>scanProgress</h2>
<table border="1">
<tr><td>
<table border="1">
<tr><td>
id</td><td>
https://todoist.com</td></tr>
</table>
</td></tr>
<tr><td>
<h2>HostProcess</h2>
<table border="1">
<tr><td>
<h2>Plugin</h2>
<table border="1">
<tr><td>
<table border="1">
<tr><td>
name</td><td>
Path Traversal</td></tr>
</table>
</td></tr>
<tr><td>
<table border="1">
<tr><td>
id</td><td>
6</td></tr>
</table>
</td></tr>
<tr><td>
<table border="1">
<tr><td>
quality</td><td>
release</td></tr>
</table>
</td></tr>
<tr><td>
<table border="1">
<tr><td>
status</td><td>
Complete</td></tr>
</table>
</td></tr>
<tr><td>
<table border="1">
<tr><td>
timeInMs</td><td>
70668</td></tr>
</table>
</td></tr>
<tr><td>
<table border="1">
<tr><td>
reqCount</td><td>
228</td></tr>
</table>
</td></tr>
<tr><td>
<table border="1">
<tr><td>
alertCount</td><td>
0</td></tr>
</table>
</td></tr>
</table>
</td></tr>
<tr><td>
<h2>Plugin</h2>
<table border="1">
<tr><td>
<table border="1">
<tr><td>
name</td><td>
Remote File Inclusion</td></tr>
</table>
</td></tr>
<tr><td>
<table border="1">
<tr><td>
id</td><td>
7</td></tr>
</table>
</td></tr>
<tr><td>
<table border="1">
<tr><td>
quality</td><td>
release</td></tr>
</table>
</td></tr>
<tr><td>
<table border="1">
<tr><td>
status</td><td>
Complete</td></tr>
</table>
</td></tr>
<tr><td>
<table border="1">
<tr><td>
timeInMs</td><td>
13252</td></tr>
</table>
</td></tr>
<tr><td>
<table border="1">
<tr><td>
reqCount</td><td>
61</td></tr>
</table>
</td></tr>
<tr><td>
<table border="1">
<tr><td>
alertCount</td><td>
0</td></tr>
</table>
</td></tr>
</table>
</td></tr>
<tr><td>
<h2>Plugin</h2>
<table border="1">
<tr><td>
<table border="1">
<tr><td>
name</td><td>
Source Code Disclosure - /WEB-INF folder</td></tr>
</table>
</td></tr>
<tr><td>
<table border="1">
<tr><td>
id</td><td>
10045</td></tr>
</table>
</td></tr>
<tr><td>
<table border="1">
<tr><td>
quality</td><td>
release</td></tr>
</table>
</td></tr>
<tr><td>
<table border="1">
<tr><td>
status</td><td>
Pending</td></tr>
</table>
</td></tr>
<tr><td>
<table border="1">
<tr><td>
timeInMs</td><td>
0</td></tr>
</table>
</td></tr>
<tr><td>
<table border="1">
<tr><td>
reqCount</td><td>
0</td></tr>
</table>
</td></tr>
<tr><td>
<table border="1">
<tr><td>
alertCount</td><td>
0</td></tr>
</table>
</td></tr>
</table>
</td></tr>
<tr><td>
<h2>Plugin</h2>
<table border="1">
<tr><td>
<table border="1">
<tr><td>
name</td><td>
External Redirect</td></tr>
</table>
</td></tr>
<tr><td>
<table border="1">
<tr><td>
id</td><td>
20019</td></tr>
</table>
</td></tr>
<tr><td>
<table border="1">
<tr><td>
quality</td><td>
release</td></tr>
</table>
</td></tr>
<tr><td>
<table border="1">
<tr><td>
status</td><td>
Pending</td></tr>
</table>
</td></tr>
<tr><td>
<table border="1">
<tr><td>
timeInMs</td><td>
0</td></tr>
</table>
</td></tr>
<tr><td>
<table border="1">
<tr><td>
reqCount</td><td>
0</td></tr>
</table>
</td></tr>
<tr><td>
<table border="1">
<tr><td>
alertCount</td><td>
0</td></tr>
</table>
</td></tr>
</table>
</td></tr>
<tr><td>
<h2>Plugin</h2>
<table border="1">
<tr><td>
<table border="1">
<tr><td>
name</td><td>
Server Side Include</td></tr>
</table>
</td></tr>
<tr><td>
<table border="1">
<tr><td>
id</td><td>
40009</td></tr>
</table>
</td></tr>
<tr><td>
<table border="1">
<tr><td>
quality</td><td>
release</td></tr>
</table>
</td></tr>
<tr><td>
<table border="1">
<tr><td>
status</td><td>
Pending</td></tr>
</table>
</td></tr>
<tr><td>
<table border="1">
<tr><td>
timeInMs</td><td>
0</td></tr>
</table>
</td></tr>
<tr><td>
<table border="1">
<tr><td>
reqCount</td><td>
0</td></tr>
</table>
</td></tr>
<tr><td>
<table border="1">
<tr><td>
alertCount</td><td>
0</td></tr>
</table>
</td></tr>
</table>
</td></tr>
<tr><td>
<h2>Plugin</h2>
<table border="1">
<tr><td>
<table border="1">
<tr><td>
name</td><td>
Cross Site Scripting (Reflected)</td></tr>
</table>
</td></tr>
<tr><td>
<table border="1">
<tr><td>
id</td><td>
40012</td></tr>
</table>
</td></tr>
<tr><td>
<table border="1">
<tr><td>
quality</td><td>
release</td></tr>
</table>
</td></tr>
<tr><td>
<table border="1">
<tr><td>
status</td><td>
Pending</td></tr>
</table>
</td></tr>
<tr><td>
<table border="1">
<tr><td>
timeInMs</td><td>
0</td></tr>
</table>
</td></tr>
<tr><td>
<table border="1">
<tr><td>
reqCount</td><td>
0</td></tr>
</table>
</td></tr>
<tr><td>
<table border="1">
<tr><td>
alertCount</td><td>
0</td></tr>
</table>
</td></tr>
</table>
</td></tr>
<tr><td>
<h2>Plugin</h2>
<table border="1">
<tr><td>
<table border="1">
<tr><td>
name</td><td>
Cross Site Scripting (Persistent) - Prime</td></tr>
</table>
</td></tr>
<tr><td>
<table border="1">
<tr><td>
id</td><td>
40016</td></tr>
</table>
</td></tr>
<tr><td>
<table border="1">
<tr><td>
quality</td><td>
release</td></tr>
</table>
</td></tr>
<tr><td>
<table border="1">
<tr><td>
status</td><td>
Pending</td></tr>
</table>
</td></tr>
<tr><td>
<table border="1">
<tr><td>
timeInMs</td><td>
0</td></tr>
</table>
</td></tr>
<tr><td>
<table border="1">
<tr><td>
reqCount</td><td>
0</td></tr>
</table>
</td></tr>
<tr><td>
<table border="1">
<tr><td>
alertCount</td><td>
0</td></tr>
</table>
</td></tr>
</table>
</td></tr>
<tr><td>
<h2>Plugin</h2>
<table border="1">
<tr><td>
<table border="1">
<tr><td>
name</td><td>
Cross Site Scripting (Persistent) - Spider</td></tr>
</table>
</td></tr>
<tr><td>
<table border="1">
<tr><td>
id</td><td>
40017</td></tr>
</table>
</td></tr>
<tr><td>
<table border="1">
<tr><td>
quality</td><td>
release</td></tr>
</table>
</td></tr>
<tr><td>
<table border="1">
<tr><td>
status</td><td>
Pending</td></tr>
</table>
</td></tr>
<tr><td>
<table border="1">
<tr><td>
timeInMs</td><td>
0</td></tr>
</table>
</td></tr>
<tr><td>
<table border="1">
<tr><td>
reqCount</td><td>
0</td></tr>
</table>
</td></tr>
<tr><td>
<table border="1">
<tr><td>
alertCount</td><td>
0</td></tr>
</table>
</td></tr>
</table>
</td></tr>
<tr><td>
<h2>Plugin</h2>
<table border="1">
<tr><td>
<table border="1">
<tr><td>
name</td><td>
Cross Site Scripting (Persistent)</td></tr>
</table>
</td></tr>
<tr><td>
<table border="1">
<tr><td>
id</td><td>
40014</td></tr>
</table>
</td></tr>
<tr><td>
<table border="1">
<tr><td>
quality</td><td>
release</td></tr>
</table>
</td></tr>
<tr><td>
<table border="1">
<tr><td>
status</td><td>
Pending</td></tr>
</table>
</td></tr>
<tr><td>
<table border="1">
<tr><td>
timeInMs</td><td>
0</td></tr>
</table>
</td></tr>
<tr><td>
<table border="1">
<tr><td>
reqCount</td><td>
0</td></tr>
</table>
</td></tr>
<tr><td>
<table border="1">
<tr><td>
alertCount</td><td>
0</td></tr>
</table>
</td></tr>
</table>
</td></tr>
<tr><td>
<h2>Plugin</h2>
<table border="1">
<tr><td>
<table border="1">
<tr><td>
name</td><td>
SQL Injection</td></tr>
</table>
</td></tr>
<tr><td>
<table border="1">
<tr><td>
id</td><td>
40018</td></tr>
</table>
</td></tr>
<tr><td>
<table border="1">
<tr><td>
quality</td><td>
release</td></tr>
</table>
</td></tr>
<tr><td>
<table border="1">
<tr><td>
status</td><td>
Pending</td></tr>
</table>
</td></tr>
<tr><td>
<table border="1">
<tr><td>
timeInMs</td><td>
0</td></tr>
</table>
</td></tr>
<tr><td>
<table border="1">
<tr><td>
reqCount</td><td>
0</td></tr>
</table>
</td></tr>
<tr><td>
<table border="1">
<tr><td>
alertCount</td><td>
0</td></tr>
</table>
</td></tr>
</table>
</td></tr>
<tr><td>
<h2>Plugin</h2>
<table border="1">
<tr><td>
<table border="1">
<tr><td>
name</td><td>
Server Side Code Injection</td></tr>
</table>
</td></tr>
<tr><td>
<table border="1">
<tr><td>
id</td><td>
90019</td></tr>
</table>
</td></tr>
<tr><td>
<table border="1">
<tr><td>
quality</td><td>
release</td></tr>
</table>
</td></tr>
<tr><td>
<table border="1">
<tr><td>
status</td><td>
Pending</td></tr>
</table>
</td></tr>
<tr><td>
<table border="1">
<tr><td>
timeInMs</td><td>
0</td></tr>
</table>
</td></tr>
<tr><td>
<table border="1">
<tr><td>
reqCount</td><td>
0</td></tr>
</table>
</td></tr>
<tr><td>
<table border="1">
<tr><td>
alertCount</td><td>
0</td></tr>
</table>
</td></tr>
</table>
</td></tr>
<tr><td>
<h2>Plugin</h2>
<table border="1">
<tr><td>
<table border="1">
<tr><td>
name</td><td>
Remote OS Command Injection</td></tr>
</table>
</td></tr>
<tr><td>
<table border="1">
<tr><td>
id</td><td>
90020</td></tr>
</table>
</td></tr>
<tr><td>
<table border="1">
<tr><td>
quality</td><td>
release</td></tr>
</table>
</td></tr>
<tr><td>
<table border="1">
<tr><td>
status</td><td>
Pending</td></tr>
</table>
</td></tr>
<tr><td>
<table border="1">
<tr><td>
timeInMs</td><td>
0</td></tr>
</table>
</td></tr>
<tr><td>
<table border="1">
<tr><td>
reqCount</td><td>
0</td></tr>
</table>
</td></tr>
<tr><td>
<table border="1">
<tr><td>
alertCount</td><td>
0</td></tr>
</table>
</td></tr>
</table>
</td></tr>
<tr><td>
<h2>Plugin</h2>
<table border="1">
<tr><td>
<table border="1">
<tr><td>
name</td><td>
Directory Browsing</td></tr>
</table>
</td></tr>
<tr><td>
<table border="1">
<tr><td>
id</td><td>
0</td></tr>
</table>
</td></tr>
<tr><td>
<table border="1">
<tr><td>
quality</td><td>
release</td></tr>
</table>
</td></tr>
<tr><td>
<table border="1">
<tr><td>
status</td><td>
Pending</td></tr>
</table>
</td></tr>
<tr><td>
<table border="1">
<tr><td>
timeInMs</td><td>
0</td></tr>
</table>
</td></tr>
<tr><td>
<table border="1">
<tr><td>
reqCount</td><td>
0</td></tr>
</table>
</td></tr>
<tr><td>
<table border="1">
<tr><td>
alertCount</td><td>
0</td></tr>
</table>
</td></tr>
</table>
</td></tr>
<tr><td>
<h2>Plugin</h2>
<table border="1">
<tr><td>
<table border="1">
<tr><td>
name</td><td>
Buffer Overflow</td></tr>
</table>
</td></tr>
<tr><td>
<table border="1">
<tr><td>
id</td><td>
30001</td></tr>
</table>
</td></tr>
<tr><td>
<table border="1">
<tr><td>
quality</td><td>
release</td></tr>
</table>
</td></tr>
<tr><td>
<table border="1">
<tr><td>
status</td><td>
Pending</td></tr>
</table>
</td></tr>
<tr><td>
<table border="1">
<tr><td>
timeInMs</td><td>
0</td></tr>
</table>
</td></tr>
<tr><td>
<table border="1">
<tr><td>
reqCount</td><td>
0</td></tr>
</table>
</td></tr>
<tr><td>
<table border="1">
<tr><td>
alertCount</td><td>
0</td></tr>
</table>
</td></tr>
</table>
</td></tr>
<tr><td>
<h2>Plugin</h2>
<table border="1">
<tr><td>
<table border="1">
<tr><td>
name</td><td>
Error de formato de cadena</td></tr>
</table>
</td></tr>
<tr><td>
<table border="1">
<tr><td>
id</td><td>
30002</td></tr>
</table>
</td></tr>
<tr><td>
<table border="1">
<tr><td>
quality</td><td>
release</td></tr>
</table>
</td></tr>
<tr><td>
<table border="1">
<tr><td>
status</td><td>
Pending</td></tr>
</table>
</td></tr>
<tr><td>
<table border="1">
<tr><td>
timeInMs</td><td>
0</td></tr>
</table>
</td></tr>
<tr><td>
<table border="1">
<tr><td>
reqCount</td><td>
0</td></tr>
</table>
</td></tr>
<tr><td>
<table border="1">
<tr><td>
alertCount</td><td>
0</td></tr>
</table>
</td></tr>
</table>
</td></tr>
<tr><td>
<h2>Plugin</h2>
<table border="1">
<tr><td>
<table border="1">
<tr><td>
name</td><td>
CRLF Injection</td></tr>
</table>
</td></tr>
<tr><td>
<table border="1">
<tr><td>
id</td><td>
40003</td></tr>
</table>
</td></tr>
<tr><td>
<table border="1">
<tr><td>
quality</td><td>
release</td></tr>
</table>
</td></tr>
<tr><td>
<table border="1">
<tr><td>
status</td><td>
Pending</td></tr>
</table>
</td></tr>
<tr><td>
<table border="1">
<tr><td>
timeInMs</td><td>
0</td></tr>
</table>
</td></tr>
<tr><td>
<table border="1">
<tr><td>
reqCount</td><td>
0</td></tr>
</table>
</td></tr>
<tr><td>
<table border="1">
<tr><td>
alertCount</td><td>
0</td></tr>
</table>
</td></tr>
</table>
</td></tr>
<tr><td>
<h2>Plugin</h2>
<table border="1">
<tr><td>
<table border="1">
<tr><td>
name</td><td>
Parameter Tampering</td></tr>
</table>
</td></tr>
<tr><td>
<table border="1">
<tr><td>
id</td><td>
40008</td></tr>
</table>
</td></tr>
<tr><td>
<table border="1">
<tr><td>
quality</td><td>
release</td></tr>
</table>
</td></tr>
<tr><td>
<table border="1">
<tr><td>
status</td><td>
Pending</td></tr>
</table>
</td></tr>
<tr><td>
<table border="1">
<tr><td>
timeInMs</td><td>
0</td></tr>
</table>
</td></tr>
<tr><td>
<table border="1">
<tr><td>
reqCount</td><td>
0</td></tr>
</table>
</td></tr>
<tr><td>
<table border="1">
<tr><td>
alertCount</td><td>
0</td></tr>
</table>
</td></tr>
</table>
</td></tr>
<tr><td>
<h2>Plugin</h2>
<table border="1">
<tr><td>
<table border="1">
<tr><td>
name</td><td>
ELMAH Information Leak</td></tr>
</table>
</td></tr>
<tr><td>
<table border="1">
<tr><td>
id</td><td>
40028</td></tr>
</table>
</td></tr>
<tr><td>
<table border="1">
<tr><td>
quality</td><td>
release</td></tr>
</table>
</td></tr>
<tr><td>
<table border="1">
<tr><td>
status</td><td>
Pending</td></tr>
</table>
</td></tr>
<tr><td>
<table border="1">
<tr><td>
timeInMs</td><td>
0</td></tr>
</table>
</td></tr>
<tr><td>
<table border="1">
<tr><td>
reqCount</td><td>
0</td></tr>
</table>
</td></tr>
<tr><td>
<table border="1">
<tr><td>
alertCount</td><td>
0</td></tr>
</table>
</td></tr>
</table>
</td></tr>
<tr><td>
<h2>Plugin</h2>
<table border="1">
<tr><td>
<table border="1">
<tr><td>
name</td><td>
.htaccess Information Leak</td></tr>
</table>
</td></tr>
<tr><td>
<table border="1">
<tr><td>
id</td><td>
40032</td></tr>
</table>
</td></tr>
<tr><td>
<table border="1">
<tr><td>
quality</td><td>
release</td></tr>
</table>
</td></tr>
<tr><td>
<table border="1">
<tr><td>
status</td><td>
Pending</td></tr>
</table>
</td></tr>
<tr><td>
<table border="1">
<tr><td>
timeInMs</td><td>
0</td></tr>
</table>
</td></tr>
<tr><td>
<table border="1">
<tr><td>
reqCount</td><td>
0</td></tr>
</table>
</td></tr>
<tr><td>
<table border="1">
<tr><td>
alertCount</td><td>
0</td></tr>
</table>
</td></tr>
</table>
</td></tr>
<tr><td>
<h2>Plugin</h2>
<table border="1">
<tr><td>
<table border="1">
<tr><td>
name</td><td>
Reglas de b&uacute;squeda activadas para el Script</td></tr>
</table>
</td></tr>
<tr><td>
<table border="1">
<tr><td>
id</td><td>
50000</td></tr>
</table>
</td></tr>
<tr><td>
<table border="1">
<tr><td>
quality</td><td>
release</td></tr>
</table>
</td></tr>
<tr><td>
<table border="1">
<tr><td>
status</td><td>
Pending</td></tr>
</table>
</td></tr>
<tr><td>
<table border="1">
<tr><td>
timeInMs</td><td>
0</td></tr>
</table>
</td></tr>
<tr><td>
<table border="1">
<tr><td>
reqCount</td><td>
0</td></tr>
</table>
</td></tr>
<tr><td>
<table border="1">
<tr><td>
alertCount</td><td>
0</td></tr>
</table>
</td></tr>
</table>
</td></tr>
<tr><td>
<h2>Plugin</h2>
<table border="1">
<tr><td>
<table border="1">
<tr><td>
name</td><td>
Sitio cruzado de Scripting (Basado en DOM)</td></tr>
</table>
</td></tr>
<tr><td>
<table border="1">
<tr><td>
id</td><td>
40026</td></tr>
</table>
</td></tr>
<tr><td>
<table border="1">
<tr><td>
quality</td><td>
beta</td></tr>
</table>
</td></tr>
<tr><td>
<table border="1">
<tr><td>
status</td><td>
Pending</td></tr>
</table>
</td></tr>
<tr><td>
<table border="1">
<tr><td>
timeInMs</td><td>
0</td></tr>
</table>
</td></tr>
<tr><td>
<table border="1">
<tr><td>
reqCount</td><td>
0</td></tr>
</table>
</td></tr>
<tr><td>
<table border="1">
<tr><td>
alertCount</td><td>
0</td></tr>
</table>
</td></tr>
</table>
</td></tr>
<tr><td>
<h2>Plugin</h2>
<table border="1">
<tr><td>
<table border="1">
<tr><td>
name</td><td>
SOAP Action Spoofing</td></tr>
</table>
</td></tr>
<tr><td>
<table border="1">
<tr><td>
id</td><td>
90026</td></tr>
</table>
</td></tr>
<tr><td>
<table border="1">
<tr><td>
quality</td><td>
alpha</td></tr>
</table>
</td></tr>
<tr><td>
<table border="1">
<tr><td>
status</td><td>
Pending</td></tr>
</table>
</td></tr>
<tr><td>
<table border="1">
<tr><td>
timeInMs</td><td>
0</td></tr>
</table>
</td></tr>
<tr><td>
<table border="1">
<tr><td>
reqCount</td><td>
0</td></tr>
</table>
</td></tr>
<tr><td>
<table border="1">
<tr><td>
alertCount</td><td>
0</td></tr>
</table>
</td></tr>
</table>
</td></tr>
<tr><td>
<h2>Plugin</h2>
<table border="1">
<tr><td>
<table border="1">
<tr><td>
name</td><td>
SOAP XML Injection</td></tr>
</table>
</td></tr>
<tr><td>
<table border="1">
<tr><td>
id</td><td>
90029</td></tr>
</table>
</td></tr>
<tr><td>
<table border="1">
<tr><td>
quality</td><td>
alpha</td></tr>
</table>
</td></tr>
<tr><td>
<table border="1">
<tr><td>
status</td><td>
Pending</td></tr>
</table>
</td></tr>
<tr><td>
<table border="1">
<tr><td>
timeInMs</td><td>
0</td></tr>
</table>
</td></tr>
<tr><td>
<table border="1">
<tr><td>
reqCount</td><td>
0</td></tr>
</table>
</td></tr>
<tr><td>
<table border="1">
<tr><td>
alertCount</td><td>
0</td></tr>
</table>
</td></tr>
</table>
</td></tr>
</table>
</td></tr>
</table>
</body>

Request URL: http://localhost:8080/OTHER/core/other/htmlreport/?
Request BODY: null
Response CODE: 200
Response BODY: <html>
<head>
<META http-equiv="Content-Type" content="text/html; charset=UTF-8">
<title>ZAP Scanning Report</title>
<style>
body{
  font-family: "Helvetica Neue",Helvetica,Arial,sans-serif;
  color: #000;
  font-size: 13px;
}
h1{
  text-align: center;
  font-weight: bold;
  font-size: 32px
}
h3{
  font-size: 16px;
}
table{
  border: none;
  font-size: 13px;
}
td, th {
  padding: 3px 4px;
  word-break: break-word;
}
th{
  font-weight: bold;
}
.results th{
  text-align: left;
}
.spacer{
  margin: 10px;
}
.spacer-lg{
  margin: 40px;
}
.indent1{
  padding: 4px 20px;
}
.indent2{
  padding: 4px 40px;
}
.risk-high{
  background-color: red;
  color: #FFF;
}
.risk-medium{
  background-color: orange;
  color: #FFF;
}
.risk-low{
  background-color: yellow;
  color: #000;
}
.risk-info{
  background-color: blue;
  color: #FFF;
}
.summary th{
  color: #FFF;
}
.alerts th{
  color: #FFF;
}
.left-header{
  display: inline-block;
}
.time-stamp{
  float: right;
}
</style>
</head>
<body>
<h1>
<img src="data:image/png;base64,iVBORw0KGgoAAAANSUhEUgAAACAAAAAgCAYAAABzenr0AAAABmJLR0QA/wD/AP+gvaeTAAAACXBIWXMAABqbAAAamwHdbkbTAAAAB3RJTUUH4QsKDDQPKy6k8AAABxpJREFUWMO9l31sVWcdxz+/55xzbwt9QddJExClvIzNxTKJDZi22oJSbFZpmRb4g8sfhpEIwXQNTKh0NYgiMKIwo5AsdIxdQldGNBN5W2OTFRVcIZE1YwExcXOdc1DK+nLvOc/PP87tC9CWsj98bp6ck3Ofc57v7+37/T3wYGMucBR4F/gK/8exAugAdPXq1bpx40YFekZdHYuP+8PuGP+lAc8CmzIyMtLq6uqora3FcRwAzp49m/7Wv5O95tsNEfyEKvwH9B1V2hT7GnB+PABkhGePAvVA9dy5c6mvr2fp0qX3LOru7iYrK4toSQ1OXhGKohpOiyVQe0NVn9PGFb8iFofGFSMCMMPulwEXgbdXrlxZ3dHRQXt7+4ibA2RmZtLc3Ex/y/O4fg8RMUSMS8RxiRiPqPE+4xrnl07syA3Q+aN5wADlwO1oNPpqQ0NDfl9fH4cPH2bOnDn3dV9VVRWVlVV88vsteNF0XCO4xuA6Bs9xiBgPz/EmueKcIxavHyk/BPjnli1bpm3btu1TZ2hmxkTk8aeYMK8aay1WFVWwqgSqBDYgqQFJGxygccWa4e86IhJpbW39Zk5ODgUFBZ8KwOLFZeyr/wHZs0vw0jMxIqFpAuFt+EOYZ/OrAi41t96dhF8HThcWFnpnzpwhGo0+MIhnamvZs+8AM55uIhn4+Cnrkza8Wqv4NiBhfXwNCgxy3jauuKMKPOCPrpHSU2fOUlJS8sAg8qZP50bGY0xeuIFk4JO0SnIYiMAqSRuQDPyPgsbqh++ugqSsPXGC+WsoLS1lzZqnHxhA40svcfPvfyDNjRARwTOCJ+E0IjgiOGIwRnIkFl97NwBMX9dPvEfLSC+t5cCB/eTk5Ix78ylTplBcXMxDjy3EweIZISKSqoxwcyOCYwRXHETkuSEAsTjE4kVGTLrjpdP7p33U1NTQ2dk5bgCbN28Ow7BoA8YmcVOWR1KWuyKIgEEwYjBiJhN75Ushr15qRp747g9dcRZ4RtCuf3HhdBMlpQuZNm3auAAUFBRw+fJlWl/dy9SCaqwGIBIyJGBTUwemWqzy/mAIRPmaEUGsJeNbz+IVfJ+ioiI2bNgwbi80NTUxJWciV47/GM9Lwwg4CA6CSblbBqYYRPjqEACRR8JaVcRPkPHlJ5m66kX27W8kL2/6uMPR3t7Ox+++yQcXjmLEIEYQA8YIkuIHSYVDkBnDk3DSEDwAi5c5mUfWNtGVPovc3FwOHTp0XwDZ2dm0nTvH9Td+zSedVxDVkIQAEQ1BoIgKCpnmflqpQcAXyjYxo6KeVatWUVZWRiKRGPO1+fPns2vXLjoOr7uvFA8HcHMoQ8IHmkqOINnH1d81kJeXR0VFRcqKkUcQBLS0tHD79u2QXHq7UmkIqgKqoIKKAnQPNiSqXFG0QFVCXbcGK4pVIdnTBcDOnTupqqoa06q2tjZKS0uZ8LmZzKiox5nwWXzfx9qBfmGgCkDRa4MeUNE3repg2QSEiwMFk5nDF8vrWLZsGTNnzqS9vX1UAEVFRezYsYOeD68y8fNPEFifAL2rDAfBnJdhGv0NzzgtoYYbHGOICkSMIWKEqBE8x+X91v18cKGJyspKDh48SFZW1ohAlixZQstfLzM99iK9iQQJqySsxVfFDyz9Nolv/fw7gumsPtIbMZE0zxhcR3DFEDVCZIDTjeA5Drb3Jv84sYOu639j69atNDQ0jAgiN3cyPQ/NJXvhM/QnEwRW8dWSDAL6bbLTHlyee0cVWNWfBhpgVbEWfFUSqiSGqVoyCCCaxayndjKn+nm2736BzIyJHDt27B4AFy9eovvtU3R3nA5DkFJEXwNUtWHEptSsPtIXNW7UMy4mJSLeMA+4IrhCKC6A46XR+VYz772xj/z8fJqampg1a9bg906ePElZWRlZy3+DZuSGPUGQ/G/QuDznHjVMeaEyaS2+WqxVbMryxMDVKv0W+qzSr0pPoo/Mx8uZs/51rgdTmD17NrFYbJArFi9ezKZNm7h1dD1B4JO0PgG23KR6QxnlYLHXM846z7i4oX4P6vmA9Q6ENMsQZyiGxK1OPjr5M5Kd77B7925qamoAWLBgAX+59jFU7tmivy3fPvq5INXDSyx+3DXOd1xx8YzBiGBMKCIDwmKMDLEWEnoMUDdK37U2bp/6BQ9PSueV+BEWLVpEdnYW3be6f67wo7EOJoMgiMX3uuKs84zBEQcjghjBMCAmhF1niskGCMaiqFWs8ehrj+Off5nCwkK2b99OcXExwFTgvdEB3AmizIi85oqTNgDCSKrPFWV4DFRD/beqWLX4YUXdst0ffk+b168CVqZWpwN9YwO4Wzhi8c1GpM6ISTcYREJPMOSAQYZLHc1upY5meyjfBq/XAUwGbgL9Y4dgrBGLFwtSITAPkekCk1L73wS9qsoFxR6nceWfx/O5/wGLCSMJ+zJrfwAAAABJRU5ErkJggg==">
ZAP Scanning Report
</h1>
<p>

</p>
<h3 class="left-header">Summary of Alerts</h3>
<h3 class="time-stamp">Generated on mar, 6 abr 2021 22:48:35</h3>
<table width="45%" class="summary">
<tr bgcolor="#666666">
<th width="45%" height="24">Risk 
      Level</th><th width="55%" align="center">Number 
      of Alerts</th>
</tr>
<tr bgcolor="#e8e8e8">
<td><a href="#high">High</a></td><td align="center">0</td>
</tr>
<tr bgcolor="#e8e8e8">
<td><a href="#medium">Medium</a></td><td align="center">4</td>
</tr>
<tr bgcolor="#e8e8e8">
<td><a href="#low">Low</a></td><td align="center">6</td>
</tr>
<tr bgcolor="#e8e8e8">
<td><a href="#info">Informational</a></td><td align="center">4</td>
</tr>
</table>
<div class="spacer-lg"></div>
<h3>Alerts</h3>
<table width="75%" class="alerts">
<tr bgcolor="#666666">
<th width="60%" height="24">Name</th><th width="20%" align="center">Risk Level</th><th width="20%" align="center">Number of Instances</th>
</tr>
<tr bgcolor="#e8e8e8">
<td>Cross-Domain Misconfiguration</td><td align="center">Medium</td><td align="center">1</td>
</tr>
<tr bgcolor="#e8e8e8">
<td>CSP: style-src unsafe-inline</td><td align="center">Medium</td><td align="center">1</td>
</tr>
<tr bgcolor="#e8e8e8">
<td>CSP: Wildcard Directive</td><td align="center">Medium</td><td align="center">1</td>
</tr>
<tr bgcolor="#e8e8e8">
<td>X-Frame-Options Header Not Set</td><td align="center">Medium</td><td align="center">2</td>
</tr>
<tr bgcolor="#e8e8e8">
<td>Cookie No HttpOnly Flag</td><td align="center">Low</td><td align="center">8</td>
</tr>
<tr bgcolor="#e8e8e8">
<td>Cookie Without SameSite Attribute</td><td align="center">Low</td><td align="center">7</td>
</tr>
<tr bgcolor="#e8e8e8">
<td>Cookie Without Secure Flag</td><td align="center">Low</td><td align="center">5</td>
</tr>
<tr bgcolor="#e8e8e8">
<td>Cross-Domain JavaScript Source File Inclusion</td><td align="center">Low</td><td align="center">12</td>
</tr>
<tr bgcolor="#e8e8e8">
<td>Incomplete or No Cache-control and Pragma HTTP Header Set</td><td align="center">Low</td><td align="center">8</td>
</tr>
<tr bgcolor="#e8e8e8">
<td>X-Content-Type-Options Header Missing</td><td align="center">Low</td><td align="center">28</td>
</tr>
<tr bgcolor="#e8e8e8">
<td>CSP: Notices</td><td align="center">Informational</td><td align="center">1</td>
</tr>
<tr bgcolor="#e8e8e8">
<td>Information Disclosure - Sensitive Information in URL</td><td align="center">Informational</td><td align="center">1</td>
</tr>
<tr bgcolor="#e8e8e8">
<td>Information Disclosure - Suspicious Comments</td><td align="center">Informational</td><td align="center">13</td>
</tr>
<tr bgcolor="#e8e8e8">
<td>Timestamp Disclosure - Unix</td><td align="center">Informational</td><td align="center">86</td>
</tr>
</table>
<div class="spacer-lg"></div>
<h3>Alert Detail</h3>
<div class="spacer"></div>
<table width="100%" class="results">
  
  
  
  
<tr height="24" class="risk-medium">
<th width="20%"><a name="medium"></a>Medium (Medium)</th><th width="80%">Cross-Domain Misconfiguration</th>
</tr>
  
  
  
  
<tr bgcolor="#e8e8e8">
<td width="20%">Description</td><td width="80%"><p>Web browser data loading may be possible, due to a Cross Origin Resource Sharing (CORS) misconfiguration on the web server</p></td>
</tr>
<TR vAlign="top">
<TD colspan="2"></TD>
</TR>
  
  
  
<tr bgcolor="#e8e8e8">
<td width="20%" class="indent1">URL</td><td width="80%">https://push.rollout.io/sse/5d5a503b2385ac15e39b6051</td>
</tr>
  
<tr bgcolor="#e8e8e8">
<td width="20%" class="indent2">Method</td><td width="80%">GET</td>
</tr>
  
<tr bgcolor="#e8e8e8">
<td width="20%" class="indent2">Evidence</td><td width="80%">Access-Control-Allow-Origin: *</td>
</tr>
  
  
  
<tr bgcolor="#e8e8e8">
<td width="20%">Instances</td><td width="80%">1</td>
</tr>
  
<tr bgcolor="#e8e8e8">
<td width="20%">Solution</td><td width="80%"><p>Ensure that sensitive data is not available in an unauthenticated manner (using IP address white-listing, for instance).</p><p>Configure the "Access-Control-Allow-Origin" HTTP header to a more restrictive set of domains, or remove all CORS headers entirely, to allow the web browser to enforce the Same Origin Policy (SOP) in a more restrictive manner.</p></td>
</tr>
  
<tr bgcolor="#e8e8e8">
<td width="20%">Other information</td><td width="80%"><p>The CORS misconfiguration on the web server permits cross-domain read requests from arbitrary third party domains, using unauthenticated APIs on this domain. Web browser implementations do not permit arbitrary third parties to read the response from authenticated APIs, however. This reduces the risk somewhat. This misconfiguration could be used by an attacker to access data that is available in an unauthenticated manner, but which uses some other form of security, such as IP address white-listing.</p></td>
</tr>
<TR vAlign="top">
<TD colspan="2"></TD>
</TR>
  
<tr bgcolor="#e8e8e8">
<td width="20%">Reference</td><td width="80%"><p>http://www.hpenterprisesecurity.com/vulncat/en/vulncat/vb/html5_overly_permissive_cors_policy.html</p></td>
</tr>
  
<tr bgcolor="#e8e8e8">
<td width="20%">CWE Id</td><td width="80%">264</td>
</tr>
  
<tr bgcolor="#e8e8e8">
<td width="20%">WASC Id</td><td width="80%">14</td>
</tr>
  
<tr bgcolor="#e8e8e8">
<td width="20%">Source ID</td><td width="80%">3</td>
</tr>

</table>
<div class="spacer"></div>
<table width="100%" class="results">
  
  
  
  
<tr height="24" class="risk-medium">
<th width="20%"><a name="medium"></a>Medium (Medium)</th><th width="80%">CSP: style-src unsafe-inline</th>
</tr>
  
  
  
  
<tr bgcolor="#e8e8e8">
<td width="20%">Description</td><td width="80%"><p>style-src includes unsafe-inline.</p></td>
</tr>
<TR vAlign="top">
<TD colspan="2"></TD>
</TR>
  
  
  
<tr bgcolor="#e8e8e8">
<td width="20%" class="indent1">URL</td><td width="80%">https://todoist.com/app/</td>
</tr>
  
<tr bgcolor="#e8e8e8">
<td width="20%" class="indent2">Method</td><td width="80%">GET</td>
</tr>
  
<tr bgcolor="#e8e8e8">
<td width="20%" class="indent2">Parameter</td><td width="80%">Content-Security-Policy</td>
</tr>
  
<tr bgcolor="#e8e8e8">
<td width="20%" class="indent2">Evidence</td><td width="80%">default-src 'self' wss://*.todoist.com https://www.google-analytics.com https://o476415.ingest.sentry.io https://d3ptyyxy2at9ui.cloudfront.net https://dcff1xvirvpfp.cloudfront.net https://d266vjxpnndrqi.cloudfront.net https://x-api.rollout.io https://statestore.rollout.io https://conf.rollout.io https://push.rollout.io https://analytic.rollout.io https://browser.sentry-cdn.com https://www.dropbox.com/static/api/2/dropins.js https://apis.google.com https://*.todoist.com https://todoist.com https://maps.googleapis.com https://fonts.gstatic.com; style-src 'self' wss://*.todoist.com https://www.google-analytics.com https://o476415.ingest.sentry.io https://d3ptyyxy2at9ui.cloudfront.net https://dcff1xvirvpfp.cloudfront.net https://d266vjxpnndrqi.cloudfront.net https://x-api.rollout.io https://statestore.rollout.io https://conf.rollout.io https://push.rollout.io https://analytic.rollout.io https://browser.sentry-cdn.com https://www.dropbox.com/static/api/2/dropins.js https://apis.google.com https://*.todoist.com https://todoist.com https://maps.googleapis.com https://fonts.gstatic.com 'unsafe-inline' https://fonts.googleapis.com; img-src 'self' data:  https://d3ptyyxy2at9ui.cloudfront.net https://dcff1xvirvpfp.cloudfront.net https://d266vjxpnndrqi.cloudfront.net https://d1x0mwiac2rqwt.cloudfront.net https://avatars.doist.com https://image-resize.todoist.com https://maps.gstatic.com https://*.googleapis.com https://*.ggpht https://twemoji.maxcdn.com https://www.google-analytics.com; media-src 'self' https://d1ysz50cxb9zwl.cloudfront.net https://d3ptyyxy2at9ui.cloudfront.net https://files.todoist.com; frame-src 'self' https://www.dropbox.com https://accounts.google.com https://docs.google.com; report-uri /csp_report</td>
</tr>
  
  
  
<tr bgcolor="#e8e8e8">
<td width="20%">Instances</td><td width="80%">1</td>
</tr>
  
<tr bgcolor="#e8e8e8">
<td width="20%">Solution</td><td width="80%"><p>Ensure that your web server, application server, load balancer, etc. is properly configured to set the Content-Security-Policy header.</p></td>
</tr>
  
<tr bgcolor="#e8e8e8">
<td width="20%">Other information</td><td width="80%"><p>The response contained multiple CSP headers, one or more of them contained a report-uri directive and therefore they could not be merged. The first identified header/policy was analyzed.</p></td>
</tr>
<TR vAlign="top">
<TD colspan="2"></TD>
</TR>
  
<tr bgcolor="#e8e8e8">
<td width="20%">Reference</td><td width="80%"><p>http://www.w3.org/TR/CSP2/</p><p>http://www.w3.org/TR/CSP/</p><p>http://caniuse.com/#search=content+security+policy</p><p>http://content-security-policy.com/</p><p>https://github.com/shapesecurity/salvation</p><p>https://developers.google.com/web/fundamentals/security/csp#policy_applies_to_a_wide_variety_of_resources</p></td>
</tr>
  
<tr bgcolor="#e8e8e8">
<td width="20%">CWE Id</td><td width="80%">16</td>
</tr>
  
<tr bgcolor="#e8e8e8">
<td width="20%">WASC Id</td><td width="80%">15</td>
</tr>
  
<tr bgcolor="#e8e8e8">
<td width="20%">Source ID</td><td width="80%">3</td>
</tr>

</table>
<div class="spacer"></div>
<table width="100%" class="results">
  
  
  
  
<tr height="24" class="risk-medium">
<th width="20%"><a name="medium"></a>Medium (Medium)</th><th width="80%">CSP: Wildcard Directive</th>
</tr>
  
  
  
  
<tr bgcolor="#e8e8e8">
<td width="20%">Description</td><td width="80%"><p>The following directives either allow wildcard sources (or ancestors), are not defined, or are overly broadly defined: </p><p>frame-ancestors, form-action</p><p></p><p>The directive(s): frame-ancestors, form-action are among the directives that do not fallback to default-src, missing/excluding them is the same as allowing anything.</p></td>
</tr>
<TR vAlign="top">
<TD colspan="2"></TD>
</TR>
  
  
  
<tr bgcolor="#e8e8e8">
<td width="20%" class="indent1">URL</td><td width="80%">https://todoist.com/app/</td>
</tr>
  
<tr bgcolor="#e8e8e8">
<td width="20%" class="indent2">Method</td><td width="80%">GET</td>
</tr>
  
<tr bgcolor="#e8e8e8">
<td width="20%" class="indent2">Parameter</td><td width="80%">Content-Security-Policy</td>
</tr>
  
<tr bgcolor="#e8e8e8">
<td width="20%" class="indent2">Evidence</td><td width="80%">default-src 'self' wss://*.todoist.com https://www.google-analytics.com https://o476415.ingest.sentry.io https://d3ptyyxy2at9ui.cloudfront.net https://dcff1xvirvpfp.cloudfront.net https://d266vjxpnndrqi.cloudfront.net https://x-api.rollout.io https://statestore.rollout.io https://conf.rollout.io https://push.rollout.io https://analytic.rollout.io https://browser.sentry-cdn.com https://www.dropbox.com/static/api/2/dropins.js https://apis.google.com https://*.todoist.com https://todoist.com https://maps.googleapis.com https://fonts.gstatic.com; style-src 'self' wss://*.todoist.com https://www.google-analytics.com https://o476415.ingest.sentry.io https://d3ptyyxy2at9ui.cloudfront.net https://dcff1xvirvpfp.cloudfront.net https://d266vjxpnndrqi.cloudfront.net https://x-api.rollout.io https://statestore.rollout.io https://conf.rollout.io https://push.rollout.io https://analytic.rollout.io https://browser.sentry-cdn.com https://www.dropbox.com/static/api/2/dropins.js https://apis.google.com https://*.todoist.com https://todoist.com https://maps.googleapis.com https://fonts.gstatic.com 'unsafe-inline' https://fonts.googleapis.com; img-src 'self' data:  https://d3ptyyxy2at9ui.cloudfront.net https://dcff1xvirvpfp.cloudfront.net https://d266vjxpnndrqi.cloudfront.net https://d1x0mwiac2rqwt.cloudfront.net https://avatars.doist.com https://image-resize.todoist.com https://maps.gstatic.com https://*.googleapis.com https://*.ggpht https://twemoji.maxcdn.com https://www.google-analytics.com; media-src 'self' https://d1ysz50cxb9zwl.cloudfront.net https://d3ptyyxy2at9ui.cloudfront.net https://files.todoist.com; frame-src 'self' https://www.dropbox.com https://accounts.google.com https://docs.google.com; report-uri /csp_report</td>
</tr>
  
  
  
<tr bgcolor="#e8e8e8">
<td width="20%">Instances</td><td width="80%">1</td>
</tr>
  
<tr bgcolor="#e8e8e8">
<td width="20%">Solution</td><td width="80%"><p>Ensure that your web server, application server, load balancer, etc. is properly configured to set the Content-Security-Policy header.</p></td>
</tr>
  
<tr bgcolor="#e8e8e8">
<td width="20%">Other information</td><td width="80%"><p>The response contained multiple CSP headers, one or more of them contained a report-uri directive and therefore they could not be merged. The first identified header/policy was analyzed.</p></td>
</tr>
<TR vAlign="top">
<TD colspan="2"></TD>
</TR>
  
<tr bgcolor="#e8e8e8">
<td width="20%">Reference</td><td width="80%"><p>http://www.w3.org/TR/CSP2/</p><p>http://www.w3.org/TR/CSP/</p><p>http://caniuse.com/#search=content+security+policy</p><p>http://content-security-policy.com/</p><p>https://github.com/shapesecurity/salvation</p><p>https://developers.google.com/web/fundamentals/security/csp#policy_applies_to_a_wide_variety_of_resources</p></td>
</tr>
  
<tr bgcolor="#e8e8e8">
<td width="20%">CWE Id</td><td width="80%">16</td>
</tr>
  
<tr bgcolor="#e8e8e8">
<td width="20%">WASC Id</td><td width="80%">15</td>
</tr>
  
<tr bgcolor="#e8e8e8">
<td width="20%">Source ID</td><td width="80%">3</td>
</tr>

</table>
<div class="spacer"></div>
<table width="100%" class="results">
  
  
  
  
<tr height="24" class="risk-medium">
<th width="20%"><a name="medium"></a>Medium (Medium)</th><th width="80%">X-Frame-Options Header Not Set</th>
</tr>
  
  
  
  
<tr bgcolor="#e8e8e8">
<td width="20%">Description</td><td width="80%"><p>X-Frame-Options header is not included in the HTTP response to protect against 'ClickJacking' attacks.</p></td>
</tr>
<TR vAlign="top">
<TD colspan="2"></TD>
</TR>
  
  
  
<tr bgcolor="#e8e8e8">
<td width="20%" class="indent1">URL</td><td width="80%">https://todoist.com/app/</td>
</tr>
  
<tr bgcolor="#e8e8e8">
<td width="20%" class="indent2">Method</td><td width="80%">GET</td>
</tr>
  
<tr bgcolor="#e8e8e8">
<td width="20%" class="indent2">Parameter</td><td width="80%">X-Frame-Options</td>
</tr>
  
  
  
<tr bgcolor="#e8e8e8">
<td width="20%" class="indent1">URL</td><td width="80%">https://todoist.com/users/showlogin</td>
</tr>
  
<tr bgcolor="#e8e8e8">
<td width="20%" class="indent2">Method</td><td width="80%">GET</td>
</tr>
  
<tr bgcolor="#e8e8e8">
<td width="20%" class="indent2">Parameter</td><td width="80%">X-Frame-Options</td>
</tr>
  
  
  
<tr bgcolor="#e8e8e8">
<td width="20%">Instances</td><td width="80%">2</td>
</tr>
  
<tr bgcolor="#e8e8e8">
<td width="20%">Solution</td><td width="80%"><p>Most modern Web browsers support the X-Frame-Options HTTP header. Ensure it's set on all web pages returned by your site (if you expect the page to be framed only by pages on your server (e.g. it's part of a FRAMESET) then you'll want to use SAMEORIGIN, otherwise if you never expect the page to be framed, you should use DENY. Alternatively consider implementing Content Security Policy's "frame-ancestors" directive. </p></td>
</tr>
  
<tr bgcolor="#e8e8e8">
<td width="20%">Reference</td><td width="80%"><p>https://developer.mozilla.org/en-US/docs/Web/HTTP/Headers/X-Frame-Options</p></td>
</tr>
  
<tr bgcolor="#e8e8e8">
<td width="20%">CWE Id</td><td width="80%">16</td>
</tr>
  
<tr bgcolor="#e8e8e8">
<td width="20%">WASC Id</td><td width="80%">15</td>
</tr>
  
<tr bgcolor="#e8e8e8">
<td width="20%">Source ID</td><td width="80%">3</td>
</tr>

</table>
<div class="spacer"></div>
<table width="100%" class="results">
  
  
  
  
<tr height="24" class="risk-low">
<a name="low"></a><th width="20%">Low (Medium)</th><th width="80%">Cookie No HttpOnly Flag</th>
</tr>
  
  
  
  
<tr bgcolor="#e8e8e8">
<td width="20%">Description</td><td width="80%"><p>A cookie has been set without the HttpOnly flag, which means that the cookie can be accessed by JavaScript. If a malicious script can be run on this page then the cookie will be accessible and can be transmitted to another site. If this is a session cookie then session hijacking may be possible.</p></td>
</tr>
<TR vAlign="top">
<TD colspan="2"></TD>
</TR>
  
  
  
<tr bgcolor="#e8e8e8">
<td width="20%" class="indent1">URL</td><td width="80%">https://todoist.com/es</td>
</tr>
  
<tr bgcolor="#e8e8e8">
<td width="20%" class="indent2">Method</td><td width="80%">GET</td>
</tr>
  
<tr bgcolor="#e8e8e8">
<td width="20%" class="indent2">Parameter</td><td width="80%">AWSALB</td>
</tr>
  
<tr bgcolor="#e8e8e8">
<td width="20%" class="indent2">Evidence</td><td width="80%">Set-Cookie: AWSALB</td>
</tr>
  
  
  
<tr bgcolor="#e8e8e8">
<td width="20%" class="indent1">URL</td><td width="80%">https://todoist.com/</td>
</tr>
  
<tr bgcolor="#e8e8e8">
<td width="20%" class="indent2">Method</td><td width="80%">GET</td>
</tr>
  
<tr bgcolor="#e8e8e8">
<td width="20%" class="indent2">Parameter</td><td width="80%">_csrf</td>
</tr>
  
<tr bgcolor="#e8e8e8">
<td width="20%" class="indent2">Evidence</td><td width="80%">Set-Cookie: _csrf</td>
</tr>
  
  
  
<tr bgcolor="#e8e8e8">
<td width="20%" class="indent1">URL</td><td width="80%">https://todoist.com/</td>
</tr>
  
<tr bgcolor="#e8e8e8">
<td width="20%" class="indent2">Method</td><td width="80%">GET</td>
</tr>
  
<tr bgcolor="#e8e8e8">
<td width="20%" class="indent2">Parameter</td><td width="80%">AWSALB</td>
</tr>
  
<tr bgcolor="#e8e8e8">
<td width="20%" class="indent2">Evidence</td><td width="80%">Set-Cookie: AWSALB</td>
</tr>
  
  
  
<tr bgcolor="#e8e8e8">
<td width="20%" class="indent1">URL</td><td width="80%">https://todoist.com/users/showlogin</td>
</tr>
  
<tr bgcolor="#e8e8e8">
<td width="20%" class="indent2">Method</td><td width="80%">GET</td>
</tr>
  
<tr bgcolor="#e8e8e8">
<td width="20%" class="indent2">Parameter</td><td width="80%">csrf</td>
</tr>
  
<tr bgcolor="#e8e8e8">
<td width="20%" class="indent2">Evidence</td><td width="80%">Set-Cookie: csrf</td>
</tr>
  
  
  
<tr bgcolor="#e8e8e8">
<td width="20%" class="indent1">URL</td><td width="80%">https://todoist.com/</td>
</tr>
  
<tr bgcolor="#e8e8e8">
<td width="20%" class="indent2">Method</td><td width="80%">GET</td>
</tr>
  
<tr bgcolor="#e8e8e8">
<td width="20%" class="indent2">Parameter</td><td width="80%">next-i18next</td>
</tr>
  
<tr bgcolor="#e8e8e8">
<td width="20%" class="indent2">Evidence</td><td width="80%">Set-Cookie: next-i18next</td>
</tr>
  
  
  
<tr bgcolor="#e8e8e8">
<td width="20%" class="indent1">URL</td><td width="80%">https://todoist.com/</td>
</tr>
  
<tr bgcolor="#e8e8e8">
<td width="20%" class="indent2">Method</td><td width="80%">GET</td>
</tr>
  
<tr bgcolor="#e8e8e8">
<td width="20%" class="indent2">Parameter</td><td width="80%">AWSALBCORS</td>
</tr>
  
<tr bgcolor="#e8e8e8">
<td width="20%" class="indent2">Evidence</td><td width="80%">Set-Cookie: AWSALBCORS</td>
</tr>
  
  
  
<tr bgcolor="#e8e8e8">
<td width="20%" class="indent1">URL</td><td width="80%">https://todoist.com/es</td>
</tr>
  
<tr bgcolor="#e8e8e8">
<td width="20%" class="indent2">Method</td><td width="80%">GET</td>
</tr>
  
<tr bgcolor="#e8e8e8">
<td width="20%" class="indent2">Parameter</td><td width="80%">next-i18next</td>
</tr>
  
<tr bgcolor="#e8e8e8">
<td width="20%" class="indent2">Evidence</td><td width="80%">Set-Cookie: next-i18next</td>
</tr>
  
  
  
<tr bgcolor="#e8e8e8">
<td width="20%" class="indent1">URL</td><td width="80%">https://todoist.com/es</td>
</tr>
  
<tr bgcolor="#e8e8e8">
<td width="20%" class="indent2">Method</td><td width="80%">GET</td>
</tr>
  
<tr bgcolor="#e8e8e8">
<td width="20%" class="indent2">Parameter</td><td width="80%">AWSALBCORS</td>
</tr>
  
<tr bgcolor="#e8e8e8">
<td width="20%" class="indent2">Evidence</td><td width="80%">Set-Cookie: AWSALBCORS</td>
</tr>
  
  
  
<tr bgcolor="#e8e8e8">
<td width="20%">Instances</td><td width="80%">8</td>
</tr>
  
<tr bgcolor="#e8e8e8">
<td width="20%">Solution</td><td width="80%"><p>Ensure that the HttpOnly flag is set for all cookies.</p></td>
</tr>
  
<tr bgcolor="#e8e8e8">
<td width="20%">Reference</td><td width="80%"><p>https://owasp.org/www-community/HttpOnly</p></td>
</tr>
  
<tr bgcolor="#e8e8e8">
<td width="20%">CWE Id</td><td width="80%">16</td>
</tr>
  
<tr bgcolor="#e8e8e8">
<td width="20%">WASC Id</td><td width="80%">13</td>
</tr>
  
<tr bgcolor="#e8e8e8">
<td width="20%">Source ID</td><td width="80%">3</td>
</tr>

</table>
<div class="spacer"></div>
<table width="100%" class="results">
  
  
  
  
<tr height="24" class="risk-low">
<a name="low"></a><th width="20%">Low (Medium)</th><th width="80%">Cookie Without SameSite Attribute</th>
</tr>
  
  
  
  
<tr bgcolor="#e8e8e8">
<td width="20%">Description</td><td width="80%"><p>A cookie has been set without the SameSite attribute, which means that the cookie can be sent as a result of a 'cross-site' request. The SameSite attribute is an effective counter measure to cross-site request forgery, cross-site script inclusion, and timing attacks.</p></td>
</tr>
<TR vAlign="top">
<TD colspan="2"></TD>
</TR>
  
  
  
<tr bgcolor="#e8e8e8">
<td width="20%" class="indent1">URL</td><td width="80%">https://todoist.com/es</td>
</tr>
  
<tr bgcolor="#e8e8e8">
<td width="20%" class="indent2">Method</td><td width="80%">GET</td>
</tr>
  
<tr bgcolor="#e8e8e8">
<td width="20%" class="indent2">Parameter</td><td width="80%">AWSALB</td>
</tr>
  
<tr bgcolor="#e8e8e8">
<td width="20%" class="indent2">Evidence</td><td width="80%">Set-Cookie: AWSALB</td>
</tr>
  
  
  
<tr bgcolor="#e8e8e8">
<td width="20%" class="indent1">URL</td><td width="80%">https://todoist.com/</td>
</tr>
  
<tr bgcolor="#e8e8e8">
<td width="20%" class="indent2">Method</td><td width="80%">GET</td>
</tr>
  
<tr bgcolor="#e8e8e8">
<td width="20%" class="indent2">Parameter</td><td width="80%">AWSALB</td>
</tr>
  
<tr bgcolor="#e8e8e8">
<td width="20%" class="indent2">Evidence</td><td width="80%">Set-Cookie: AWSALB</td>
</tr>
  
  
  
<tr bgcolor="#e8e8e8">
<td width="20%" class="indent1">URL</td><td width="80%">https://todoist.com/</td>
</tr>
  
<tr bgcolor="#e8e8e8">
<td width="20%" class="indent2">Method</td><td width="80%">GET</td>
</tr>
  
<tr bgcolor="#e8e8e8">
<td width="20%" class="indent2">Parameter</td><td width="80%">_csrf</td>
</tr>
  
<tr bgcolor="#e8e8e8">
<td width="20%" class="indent2">Evidence</td><td width="80%">Set-Cookie: _csrf</td>
</tr>
  
  
  
<tr bgcolor="#e8e8e8">
<td width="20%" class="indent1">URL</td><td width="80%">https://todoist.com/</td>
</tr>
  
<tr bgcolor="#e8e8e8">
<td width="20%" class="indent2">Method</td><td width="80%">GET</td>
</tr>
  
<tr bgcolor="#e8e8e8">
<td width="20%" class="indent2">Parameter</td><td width="80%">AWSALBCORS</td>
</tr>
  
<tr bgcolor="#e8e8e8">
<td width="20%" class="indent2">Evidence</td><td width="80%">Set-Cookie: AWSALBCORS</td>
</tr>
  
  
  
<tr bgcolor="#e8e8e8">
<td width="20%" class="indent1">URL</td><td width="80%">https://todoist.com/users/showlogin</td>
</tr>
  
<tr bgcolor="#e8e8e8">
<td width="20%" class="indent2">Method</td><td width="80%">GET</td>
</tr>
  
<tr bgcolor="#e8e8e8">
<td width="20%" class="indent2">Parameter</td><td width="80%">csrf</td>
</tr>
  
<tr bgcolor="#e8e8e8">
<td width="20%" class="indent2">Evidence</td><td width="80%">Set-Cookie: csrf</td>
</tr>
  
  
  
<tr bgcolor="#e8e8e8">
<td width="20%" class="indent1">URL</td><td width="80%">https://todoist.com/Users/login</td>
</tr>
  
<tr bgcolor="#e8e8e8">
<td width="20%" class="indent2">Method</td><td width="80%">POST</td>
</tr>
  
<tr bgcolor="#e8e8e8">
<td width="20%" class="indent2">Parameter</td><td width="80%">todoistd</td>
</tr>
  
<tr bgcolor="#e8e8e8">
<td width="20%" class="indent2">Evidence</td><td width="80%">Set-Cookie: todoistd</td>
</tr>
  
  
  
<tr bgcolor="#e8e8e8">
<td width="20%" class="indent1">URL</td><td width="80%">https://todoist.com/es</td>
</tr>
  
<tr bgcolor="#e8e8e8">
<td width="20%" class="indent2">Method</td><td width="80%">GET</td>
</tr>
  
<tr bgcolor="#e8e8e8">
<td width="20%" class="indent2">Parameter</td><td width="80%">AWSALBCORS</td>
</tr>
  
<tr bgcolor="#e8e8e8">
<td width="20%" class="indent2">Evidence</td><td width="80%">Set-Cookie: AWSALBCORS</td>
</tr>
  
  
  
<tr bgcolor="#e8e8e8">
<td width="20%">Instances</td><td width="80%">7</td>
</tr>
  
<tr bgcolor="#e8e8e8">
<td width="20%">Solution</td><td width="80%"><p>Ensure that the SameSite attribute is set to either 'lax' or ideally 'strict' for all cookies.</p></td>
</tr>
  
<tr bgcolor="#e8e8e8">
<td width="20%">Reference</td><td width="80%"><p>https://tools.ietf.org/html/draft-ietf-httpbis-cookie-same-site</p></td>
</tr>
  
<tr bgcolor="#e8e8e8">
<td width="20%">CWE Id</td><td width="80%">16</td>
</tr>
  
<tr bgcolor="#e8e8e8">
<td width="20%">WASC Id</td><td width="80%">13</td>
</tr>
  
<tr bgcolor="#e8e8e8">
<td width="20%">Source ID</td><td width="80%">3</td>
</tr>

</table>
<div class="spacer"></div>
<table width="100%" class="results">
  
  
  
  
<tr height="24" class="risk-low">
<a name="low"></a><th width="20%">Low (Medium)</th><th width="80%">Cookie Without Secure Flag</th>
</tr>
  
  
  
  
<tr bgcolor="#e8e8e8">
<td width="20%">Description</td><td width="80%"><p>A cookie has been set without the secure flag, which means that the cookie can be accessed via unencrypted connections.</p></td>
</tr>
<TR vAlign="top">
<TD colspan="2"></TD>
</TR>
  
  
  
<tr bgcolor="#e8e8e8">
<td width="20%" class="indent1">URL</td><td width="80%">https://todoist.com/es</td>
</tr>
  
<tr bgcolor="#e8e8e8">
<td width="20%" class="indent2">Method</td><td width="80%">GET</td>
</tr>
  
<tr bgcolor="#e8e8e8">
<td width="20%" class="indent2">Parameter</td><td width="80%">next-i18next</td>
</tr>
  
<tr bgcolor="#e8e8e8">
<td width="20%" class="indent2">Evidence</td><td width="80%">Set-Cookie: next-i18next</td>
</tr>
  
  
  
<tr bgcolor="#e8e8e8">
<td width="20%" class="indent1">URL</td><td width="80%">https://todoist.com/es</td>
</tr>
  
<tr bgcolor="#e8e8e8">
<td width="20%" class="indent2">Method</td><td width="80%">GET</td>
</tr>
  
<tr bgcolor="#e8e8e8">
<td width="20%" class="indent2">Parameter</td><td width="80%">AWSALB</td>
</tr>
  
<tr bgcolor="#e8e8e8">
<td width="20%" class="indent2">Evidence</td><td width="80%">Set-Cookie: AWSALB</td>
</tr>
  
  
  
<tr bgcolor="#e8e8e8">
<td width="20%" class="indent1">URL</td><td width="80%">https://todoist.com/</td>
</tr>
  
<tr bgcolor="#e8e8e8">
<td width="20%" class="indent2">Method</td><td width="80%">GET</td>
</tr>
  
<tr bgcolor="#e8e8e8">
<td width="20%" class="indent2">Parameter</td><td width="80%">next-i18next</td>
</tr>
  
<tr bgcolor="#e8e8e8">
<td width="20%" class="indent2">Evidence</td><td width="80%">Set-Cookie: next-i18next</td>
</tr>
  
  
  
<tr bgcolor="#e8e8e8">
<td width="20%" class="indent1">URL</td><td width="80%">https://todoist.com/</td>
</tr>
  
<tr bgcolor="#e8e8e8">
<td width="20%" class="indent2">Method</td><td width="80%">GET</td>
</tr>
  
<tr bgcolor="#e8e8e8">
<td width="20%" class="indent2">Parameter</td><td width="80%">AWSALB</td>
</tr>
  
<tr bgcolor="#e8e8e8">
<td width="20%" class="indent2">Evidence</td><td width="80%">Set-Cookie: AWSALB</td>
</tr>
  
  
  
<tr bgcolor="#e8e8e8">
<td width="20%" class="indent1">URL</td><td width="80%">https://todoist.com/</td>
</tr>
  
<tr bgcolor="#e8e8e8">
<td width="20%" class="indent2">Method</td><td width="80%">GET</td>
</tr>
  
<tr bgcolor="#e8e8e8">
<td width="20%" class="indent2">Parameter</td><td width="80%">_csrf</td>
</tr>
  
<tr bgcolor="#e8e8e8">
<td width="20%" class="indent2">Evidence</td><td width="80%">Set-Cookie: _csrf</td>
</tr>
  
  
  
<tr bgcolor="#e8e8e8">
<td width="20%">Instances</td><td width="80%">5</td>
</tr>
  
<tr bgcolor="#e8e8e8">
<td width="20%">Solution</td><td width="80%"><p>Whenever a cookie contains sensitive information or is a session token, then it should always be passed using an encrypted channel. Ensure that the secure flag is set for cookies containing such sensitive information.</p></td>
</tr>
  
<tr bgcolor="#e8e8e8">
<td width="20%">Reference</td><td width="80%"><p>https://owasp.org/www-project-web-security-testing-guide/v41/4-Web_Application_Security_Testing/06-Session_Management_Testing/02-Testing_for_Cookies_Attributes.html</p></td>
</tr>
  
<tr bgcolor="#e8e8e8">
<td width="20%">CWE Id</td><td width="80%">614</td>
</tr>
  
<tr bgcolor="#e8e8e8">
<td width="20%">WASC Id</td><td width="80%">13</td>
</tr>
  
<tr bgcolor="#e8e8e8">
<td width="20%">Source ID</td><td width="80%">3</td>
</tr>

</table>
<div class="spacer"></div>
<table width="100%" class="results">
  
  
  
  
<tr height="24" class="risk-low">
<a name="low"></a><th width="20%">Low (Medium)</th><th width="80%">Cross-Domain JavaScript Source File Inclusion</th>
</tr>
  
  
  
  
<tr bgcolor="#e8e8e8">
<td width="20%">Description</td><td width="80%"><p>The page includes one or more script files from a third-party domain.</p></td>
</tr>
<TR vAlign="top">
<TD colspan="2"></TD>
</TR>
  
  
  
<tr bgcolor="#e8e8e8">
<td width="20%" class="indent1">URL</td><td width="80%">https://todoist.com/users/showlogin</td>
</tr>
  
<tr bgcolor="#e8e8e8">
<td width="20%" class="indent2">Method</td><td width="80%">GET</td>
</tr>
  
<tr bgcolor="#e8e8e8">
<td width="20%" class="indent2">Parameter</td><td width="80%">https://d3ptyyxy2at9ui.cloudfront.net/es-ab54e0.js</td>
</tr>
  
<tr bgcolor="#e8e8e8">
<td width="20%" class="indent2">Evidence</td><td width="80%">&lt;script type="text/javascript" src="https://d3ptyyxy2at9ui.cloudfront.net/es-ab54e0.js"&gt;&lt;/script&gt;</td>
</tr>
  
  
  
<tr bgcolor="#e8e8e8">
<td width="20%" class="indent1">URL</td><td width="80%">https://todoist.com/users/showlogin</td>
</tr>
  
<tr bgcolor="#e8e8e8">
<td width="20%" class="indent2">Method</td><td width="80%">GET</td>
</tr>
  
<tr bgcolor="#e8e8e8">
<td width="20%" class="indent2">Parameter</td><td width="80%">https://d3ptyyxy2at9ui.cloudfront.net/GreyBox-b6bb57.js</td>
</tr>
  
<tr bgcolor="#e8e8e8">
<td width="20%" class="indent2">Evidence</td><td width="80%">&lt;script type="text/javascript" src="https://d3ptyyxy2at9ui.cloudfront.net/GreyBox-b6bb57.js" &gt;&lt;/script&gt;</td>
</tr>
  
  
  
<tr bgcolor="#e8e8e8">
<td width="20%" class="indent1">URL</td><td width="80%">https://todoist.com/users/showlogin</td>
</tr>
  
<tr bgcolor="#e8e8e8">
<td width="20%" class="indent2">Method</td><td width="80%">GET</td>
</tr>
  
<tr bgcolor="#e8e8e8">
<td width="20%" class="indent2">Parameter</td><td width="80%">https://d3ptyyxy2at9ui.cloudfront.net/Col_StandalonePageCollection-d72ac1.js</td>
</tr>
  
<tr bgcolor="#e8e8e8">
<td width="20%" class="indent2">Evidence</td><td width="80%">&lt;script type="text/javascript" src="https://d3ptyyxy2at9ui.cloudfront.net/Col_StandalonePageCollection-d72ac1.js" &gt;&lt;/script&gt;</td>
</tr>
  
  
  
<tr bgcolor="#e8e8e8">
<td width="20%" class="indent1">URL</td><td width="80%">https://todoist.com/app/</td>
</tr>
  
<tr bgcolor="#e8e8e8">
<td width="20%" class="indent2">Method</td><td width="80%">GET</td>
</tr>
  
<tr bgcolor="#e8e8e8">
<td width="20%" class="indent2">Parameter</td><td width="80%">https://d3ptyyxy2at9ui.cloudfront.net/assets/vendor.c9e825411fdc24f1ec7a.js</td>
</tr>
  
<tr bgcolor="#e8e8e8">
<td width="20%" class="indent2">Evidence</td><td width="80%">&lt;script src="https://d3ptyyxy2at9ui.cloudfront.net/assets/vendor.c9e825411fdc24f1ec7a.js"&gt;&lt;/script&gt;</td>
</tr>
  
  
  
<tr bgcolor="#e8e8e8">
<td width="20%" class="indent1">URL</td><td width="80%">https://todoist.com/users/showlogin</td>
</tr>
  
<tr bgcolor="#e8e8e8">
<td width="20%" class="indent2">Method</td><td width="80%">GET</td>
</tr>
  
<tr bgcolor="#e8e8e8">
<td width="20%" class="indent2">Parameter</td><td width="80%">https://d3ptyyxy2at9ui.cloudfront.net/Col_PluginCollection-f907f0.js</td>
</tr>
  
<tr bgcolor="#e8e8e8">
<td width="20%" class="indent2">Evidence</td><td width="80%">&lt;script type="text/javascript" src="https://d3ptyyxy2at9ui.cloudfront.net/Col_PluginCollection-f907f0.js" &gt;&lt;/script&gt;</td>
</tr>
  
  
  
<tr bgcolor="#e8e8e8">
<td width="20%" class="indent1">URL</td><td width="80%">https://todoist.com/app/</td>
</tr>
  
<tr bgcolor="#e8e8e8">
<td width="20%" class="indent2">Method</td><td width="80%">GET</td>
</tr>
  
<tr bgcolor="#e8e8e8">
<td width="20%" class="indent2">Parameter</td><td width="80%">https://www.google-analytics.com/analytics.js</td>
</tr>
  
<tr bgcolor="#e8e8e8">
<td width="20%" class="indent2">Evidence</td><td width="80%">&lt;script async src="https://www.google-analytics.com/analytics.js"&gt;&lt;/script&gt;</td>
</tr>
  
  
  
<tr bgcolor="#e8e8e8">
<td width="20%" class="indent1">URL</td><td width="80%">https://todoist.com/users/showlogin</td>
</tr>
  
<tr bgcolor="#e8e8e8">
<td width="20%" class="indent2">Method</td><td width="80%">GET</td>
</tr>
  
<tr bgcolor="#e8e8e8">
<td width="20%" class="indent2">Parameter</td><td width="80%">https://d3ptyyxy2at9ui.cloudfront.net/ist_button-56a55c.js</td>
</tr>
  
<tr bgcolor="#e8e8e8">
<td width="20%" class="indent2">Evidence</td><td width="80%">&lt;script type="text/javascript" src="https://d3ptyyxy2at9ui.cloudfront.net/ist_button-56a55c.js" &gt;&lt;/script&gt;</td>
</tr>
  
  
  
<tr bgcolor="#e8e8e8">
<td width="20%" class="indent1">URL</td><td width="80%">https://todoist.com/users/showlogin</td>
</tr>
  
<tr bgcolor="#e8e8e8">
<td width="20%" class="indent2">Method</td><td width="80%">GET</td>
</tr>
  
<tr bgcolor="#e8e8e8">
<td width="20%" class="indent2">Parameter</td><td width="80%">https://d3ptyyxy2at9ui.cloudfront.net/Col_LoginSignupCollection-976c4c.js</td>
</tr>
  
<tr bgcolor="#e8e8e8">
<td width="20%" class="indent2">Evidence</td><td width="80%">&lt;script type="text/javascript" src="https://d3ptyyxy2at9ui.cloudfront.net/Col_LoginSignupCollection-976c4c.js" &gt;&lt;/script&gt;</td>
</tr>
  
  
  
<tr bgcolor="#e8e8e8">
<td width="20%" class="indent1">URL</td><td width="80%">https://todoist.com/app/</td>
</tr>
  
<tr bgcolor="#e8e8e8">
<td width="20%" class="indent2">Method</td><td width="80%">GET</td>
</tr>
  
<tr bgcolor="#e8e8e8">
<td width="20%" class="indent2">Parameter</td><td width="80%">https://d3ptyyxy2at9ui.cloudfront.net/assets/initTheme.b1a12b68f418d0aa0577144c7364b8ab.js</td>
</tr>
  
<tr bgcolor="#e8e8e8">
<td width="20%" class="indent2">Evidence</td><td width="80%">&lt;script src="https://d3ptyyxy2at9ui.cloudfront.net/assets/initTheme.b1a12b68f418d0aa0577144c7364b8ab.js"&gt;&lt;/script&gt;</td>
</tr>
  
  
  
<tr bgcolor="#e8e8e8">
<td width="20%" class="indent1">URL</td><td width="80%">https://todoist.com/users/showlogin</td>
</tr>
  
<tr bgcolor="#e8e8e8">
<td width="20%" class="indent2">Method</td><td width="80%">GET</td>
</tr>
  
<tr bgcolor="#e8e8e8">
<td width="20%" class="indent2">Parameter</td><td width="80%">https://d3ptyyxy2at9ui.cloudfront.net/Col_ICECollection-8b8f90.js</td>
</tr>
  
<tr bgcolor="#e8e8e8">
<td width="20%" class="indent2">Evidence</td><td width="80%">&lt;script type="text/javascript" src="https://d3ptyyxy2at9ui.cloudfront.net/Col_ICECollection-8b8f90.js" &gt;&lt;/script&gt;</td>
</tr>
  
  
  
<tr bgcolor="#e8e8e8">
<td width="20%" class="indent1">URL</td><td width="80%">https://todoist.com/app/</td>
</tr>
  
<tr bgcolor="#e8e8e8">
<td width="20%" class="indent2">Method</td><td width="80%">GET</td>
</tr>
  
<tr bgcolor="#e8e8e8">
<td width="20%" class="indent2">Parameter</td><td width="80%">https://d3ptyyxy2at9ui.cloudfront.net/assets/app.1cf113e26f9d2c0630ec.js</td>
</tr>
  
<tr bgcolor="#e8e8e8">
<td width="20%" class="indent2">Evidence</td><td width="80%">&lt;script src="https://d3ptyyxy2at9ui.cloudfront.net/assets/app.1cf113e26f9d2c0630ec.js"&gt;&lt;/script&gt;</td>
</tr>
  
  
  
<tr bgcolor="#e8e8e8">
<td width="20%" class="indent1">URL</td><td width="80%">https://todoist.com/es</td>
</tr>
  
<tr bgcolor="#e8e8e8">
<td width="20%" class="indent2">Method</td><td width="80%">GET</td>
</tr>
  
<tr bgcolor="#e8e8e8">
<td width="20%" class="indent2">Parameter</td><td width="80%">https://www.googleoptimize.com/optimize.js?id=OPT-PNP389R</td>
</tr>
  
<tr bgcolor="#e8e8e8">
<td width="20%" class="indent2">Evidence</td><td width="80%">&lt;script src="https://www.googleoptimize.com/optimize.js?id=OPT-PNP389R"&gt;&lt;/script&gt;</td>
</tr>
  
  
  
<tr bgcolor="#e8e8e8">
<td width="20%">Instances</td><td width="80%">12</td>
</tr>
  
<tr bgcolor="#e8e8e8">
<td width="20%">Solution</td><td width="80%"><p>Ensure JavaScript source files are loaded from only trusted sources, and the sources can't be controlled by end users of the application.</p></td>
</tr>
  
<tr bgcolor="#e8e8e8">
<td width="20%">Reference</td><td width="80%"><p></p></td>
</tr>
  
<tr bgcolor="#e8e8e8">
<td width="20%">CWE Id</td><td width="80%">829</td>
</tr>
  
<tr bgcolor="#e8e8e8">
<td width="20%">WASC Id</td><td width="80%">15</td>
</tr>
  
<tr bgcolor="#e8e8e8">
<td width="20%">Source ID</td><td width="80%">3</td>
</tr>

</table>
<div class="spacer"></div>
<table width="100%" class="results">
  
  
  
  
<tr height="24" class="risk-low">
<a name="low"></a><th width="20%">Low (Medium)</th><th width="80%">Incomplete or No Cache-control and Pragma HTTP Header Set</th>
</tr>
  
  
  
  
<tr bgcolor="#e8e8e8">
<td width="20%">Description</td><td width="80%"><p>The cache-control and pragma HTTP header have not been set properly or are missing allowing the browser and proxies to cache content.</p></td>
</tr>
<TR vAlign="top">
<TD colspan="2"></TD>
</TR>
  
  
  
<tr bgcolor="#e8e8e8">
<td width="20%" class="indent1">URL</td><td width="80%">https://todoist.com/static/locales/es/common.json</td>
</tr>
  
<tr bgcolor="#e8e8e8">
<td width="20%" class="indent2">Method</td><td width="80%">GET</td>
</tr>
  
<tr bgcolor="#e8e8e8">
<td width="20%" class="indent2">Parameter</td><td width="80%">Cache-Control</td>
</tr>
  
<tr bgcolor="#e8e8e8">
<td width="20%" class="indent2">Evidence</td><td width="80%">public, max-age=31536000, immutable</td>
</tr>
  
  
  
<tr bgcolor="#e8e8e8">
<td width="20%" class="indent1">URL</td><td width="80%">https://todoist.com/es</td>
</tr>
  
<tr bgcolor="#e8e8e8">
<td width="20%" class="indent2">Method</td><td width="80%">GET</td>
</tr>
  
<tr bgcolor="#e8e8e8">
<td width="20%" class="indent2">Parameter</td><td width="80%">Cache-Control</td>
</tr>
  
  
  
<tr bgcolor="#e8e8e8">
<td width="20%" class="indent1">URL</td><td width="80%">https://todoist.com/_next/static/css/a5174a254d143c3d3d02321814728bdd71b6ab95_CSS.d9deec97.chunk.css</td>
</tr>
  
<tr bgcolor="#e8e8e8">
<td width="20%" class="indent2">Method</td><td width="80%">GET</td>
</tr>
  
<tr bgcolor="#e8e8e8">
<td width="20%" class="indent2">Parameter</td><td width="80%">Cache-Control</td>
</tr>
  
<tr bgcolor="#e8e8e8">
<td width="20%" class="indent2">Evidence</td><td width="80%">public, max-age=31536000, immutable</td>
</tr>
  
  
  
<tr bgcolor="#e8e8e8">
<td width="20%" class="indent1">URL</td><td width="80%">https://todoist.com/API/v8.7/sync</td>
</tr>
  
<tr bgcolor="#e8e8e8">
<td width="20%" class="indent2">Method</td><td width="80%">POST</td>
</tr>
  
<tr bgcolor="#e8e8e8">
<td width="20%" class="indent2">Parameter</td><td width="80%">Cache-Control</td>
</tr>
  
<tr bgcolor="#e8e8e8">
<td width="20%" class="indent2">Evidence</td><td width="80%">no-cache</td>
</tr>
  
  
  
<tr bgcolor="#e8e8e8">
<td width="20%" class="indent1">URL</td><td width="80%">https://todoist.com/users/showlogin</td>
</tr>
  
<tr bgcolor="#e8e8e8">
<td width="20%" class="indent2">Method</td><td width="80%">GET</td>
</tr>
  
<tr bgcolor="#e8e8e8">
<td width="20%" class="indent2">Parameter</td><td width="80%">Cache-Control</td>
</tr>
  
  
  
<tr bgcolor="#e8e8e8">
<td width="20%" class="indent1">URL</td><td width="80%">https://todoist.com/_next/static/css/pages/index.e740e94c.chunk.css</td>
</tr>
  
<tr bgcolor="#e8e8e8">
<td width="20%" class="indent2">Method</td><td width="80%">GET</td>
</tr>
  
<tr bgcolor="#e8e8e8">
<td width="20%" class="indent2">Parameter</td><td width="80%">Cache-Control</td>
</tr>
  
<tr bgcolor="#e8e8e8">
<td width="20%" class="indent2">Evidence</td><td width="80%">public, max-age=31536000, immutable</td>
</tr>
  
  
  
<tr bgcolor="#e8e8e8">
<td width="20%" class="indent1">URL</td><td width="80%">https://todoist.com/static/locales/en/common.json</td>
</tr>
  
<tr bgcolor="#e8e8e8">
<td width="20%" class="indent2">Method</td><td width="80%">GET</td>
</tr>
  
<tr bgcolor="#e8e8e8">
<td width="20%" class="indent2">Parameter</td><td width="80%">Cache-Control</td>
</tr>
  
<tr bgcolor="#e8e8e8">
<td width="20%" class="indent2">Evidence</td><td width="80%">public, max-age=31536000, immutable</td>
</tr>
  
  
  
<tr bgcolor="#e8e8e8">
<td width="20%" class="indent1">URL</td><td width="80%">https://todoist.com/_next/static/css/styles.0f6e09ec.chunk.css</td>
</tr>
  
<tr bgcolor="#e8e8e8">
<td width="20%" class="indent2">Method</td><td width="80%">GET</td>
</tr>
  
<tr bgcolor="#e8e8e8">
<td width="20%" class="indent2">Parameter</td><td width="80%">Cache-Control</td>
</tr>
  
<tr bgcolor="#e8e8e8">
<td width="20%" class="indent2">Evidence</td><td width="80%">public, max-age=31536000, immutable</td>
</tr>
  
  
  
<tr bgcolor="#e8e8e8">
<td width="20%">Instances</td><td width="80%">8</td>
</tr>
  
<tr bgcolor="#e8e8e8">
<td width="20%">Solution</td><td width="80%"><p>Whenever possible ensure the cache-control HTTP header is set with no-cache, no-store, must-revalidate; and that the pragma HTTP header is set with no-cache.</p></td>
</tr>
  
<tr bgcolor="#e8e8e8">
<td width="20%">Reference</td><td width="80%"><p>https://cheatsheetseries.owasp.org/cheatsheets/Session_Management_Cheat_Sheet.html#web-content-caching</p></td>
</tr>
  
<tr bgcolor="#e8e8e8">
<td width="20%">CWE Id</td><td width="80%">525</td>
</tr>
  
<tr bgcolor="#e8e8e8">
<td width="20%">WASC Id</td><td width="80%">13</td>
</tr>
  
<tr bgcolor="#e8e8e8">
<td width="20%">Source ID</td><td width="80%">3</td>
</tr>

</table>
<div class="spacer"></div>
<table width="100%" class="results">
  
  
  
  
<tr height="24" class="risk-low">
<a name="low"></a><th width="20%">Low (Medium)</th><th width="80%">X-Content-Type-Options Header Missing</th>
</tr>
  
  
  
  
<tr bgcolor="#e8e8e8">
<td width="20%">Description</td><td width="80%"><p>The Anti-MIME-Sniffing header X-Content-Type-Options was not set to 'nosniff'. This allows older versions of Internet Explorer and Chrome to perform MIME-sniffing on the response body, potentially causing the response body to be interpreted and displayed as a content type other than the declared content type. Current (early 2014) and legacy versions of Firefox will use the declared content type (if one is set), rather than performing MIME-sniffing.</p></td>
</tr>
<TR vAlign="top">
<TD colspan="2"></TD>
</TR>
  
  
  
<tr bgcolor="#e8e8e8">
<td width="20%" class="indent1">URL</td><td width="80%">https://todoist.com/_next/static/chunks/46300902bf7c6e1374dd592a461ea5a5a6d02de9.dcfb80a6e6abd69835ad.js</td>
</tr>
  
<tr bgcolor="#e8e8e8">
<td width="20%" class="indent2">Method</td><td width="80%">GET</td>
</tr>
  
<tr bgcolor="#e8e8e8">
<td width="20%" class="indent2">Parameter</td><td width="80%">X-Content-Type-Options</td>
</tr>
  
  
  
<tr bgcolor="#e8e8e8">
<td width="20%" class="indent1">URL</td><td width="80%">https://todoist.com/users/showlogin</td>
</tr>
  
<tr bgcolor="#e8e8e8">
<td width="20%" class="indent2">Method</td><td width="80%">GET</td>
</tr>
  
<tr bgcolor="#e8e8e8">
<td width="20%" class="indent2">Parameter</td><td width="80%">X-Content-Type-Options</td>
</tr>
  
  
  
<tr bgcolor="#e8e8e8">
<td width="20%" class="indent1">URL</td><td width="80%">https://todoist.com/_next/static/css/a5174a254d143c3d3d02321814728bdd71b6ab95_CSS.d9deec97.chunk.css</td>
</tr>
  
<tr bgcolor="#e8e8e8">
<td width="20%" class="indent2">Method</td><td width="80%">GET</td>
</tr>
  
<tr bgcolor="#e8e8e8">
<td width="20%" class="indent2">Parameter</td><td width="80%">X-Content-Type-Options</td>
</tr>
  
  
  
<tr bgcolor="#e8e8e8">
<td width="20%" class="indent1">URL</td><td width="80%">https://todoist.com/static/fonts/Graphik-Regular-Web.woff</td>
</tr>
  
<tr bgcolor="#e8e8e8">
<td width="20%" class="indent2">Method</td><td width="80%">GET</td>
</tr>
  
<tr bgcolor="#e8e8e8">
<td width="20%" class="indent2">Parameter</td><td width="80%">X-Content-Type-Options</td>
</tr>
  
  
  
<tr bgcolor="#e8e8e8">
<td width="20%" class="indent1">URL</td><td width="80%">https://todoist.com/_next/static/css/styles.0f6e09ec.chunk.css</td>
</tr>
  
<tr bgcolor="#e8e8e8">
<td width="20%" class="indent2">Method</td><td width="80%">GET</td>
</tr>
  
<tr bgcolor="#e8e8e8">
<td width="20%" class="indent2">Parameter</td><td width="80%">X-Content-Type-Options</td>
</tr>
  
  
  
<tr bgcolor="#e8e8e8">
<td width="20%" class="indent1">URL</td><td width="80%">https://todoist.com/_next/static/chunks/webpack-3bde8603facc0c807a2b.js</td>
</tr>
  
<tr bgcolor="#e8e8e8">
<td width="20%" class="indent2">Method</td><td width="80%">GET</td>
</tr>
  
<tr bgcolor="#e8e8e8">
<td width="20%" class="indent2">Parameter</td><td width="80%">X-Content-Type-Options</td>
</tr>
  
  
  
<tr bgcolor="#e8e8e8">
<td width="20%" class="indent1">URL</td><td width="80%">https://todoist.com/_next/static/chunks/0e8f85b20ed9ab0a6102c8b8298bac1d6cb4c89b.0fe8d2aa3a66f036f1d2.js</td>
</tr>
  
<tr bgcolor="#e8e8e8">
<td width="20%" class="indent2">Method</td><td width="80%">GET</td>
</tr>
  
<tr bgcolor="#e8e8e8">
<td width="20%" class="indent2">Parameter</td><td width="80%">X-Content-Type-Options</td>
</tr>
  
  
  
<tr bgcolor="#e8e8e8">
<td width="20%" class="indent1">URL</td><td width="80%">https://todoist.com/_next/static/chunks/main-1ca0aabf0fb4e4d9fa88.js</td>
</tr>
  
<tr bgcolor="#e8e8e8">
<td width="20%" class="indent2">Method</td><td width="80%">GET</td>
</tr>
  
<tr bgcolor="#e8e8e8">
<td width="20%" class="indent2">Parameter</td><td width="80%">X-Content-Type-Options</td>
</tr>
  
  
  
<tr bgcolor="#e8e8e8">
<td width="20%" class="indent1">URL</td><td width="80%">https://todoist.com/static/fonts/Graphik-Semibold-Web.woff</td>
</tr>
  
<tr bgcolor="#e8e8e8">
<td width="20%" class="indent2">Method</td><td width="80%">GET</td>
</tr>
  
<tr bgcolor="#e8e8e8">
<td width="20%" class="indent2">Parameter</td><td width="80%">X-Content-Type-Options</td>
</tr>
  
  
  
<tr bgcolor="#e8e8e8">
<td width="20%" class="indent1">URL</td><td width="80%">https://todoist.com/_next/static/chunks/styles.4b2dc012361942f5cf6e.js</td>
</tr>
  
<tr bgcolor="#e8e8e8">
<td width="20%" class="indent2">Method</td><td width="80%">GET</td>
</tr>
  
<tr bgcolor="#e8e8e8">
<td width="20%" class="indent2">Parameter</td><td width="80%">X-Content-Type-Options</td>
</tr>
  
  
  
<tr bgcolor="#e8e8e8">
<td width="20%" class="indent1">URL</td><td width="80%">https://todoist.com/static/fonts/Caecilia-RegularItalic-Web.woff</td>
</tr>
  
<tr bgcolor="#e8e8e8">
<td width="20%" class="indent2">Method</td><td width="80%">GET</td>
</tr>
  
<tr bgcolor="#e8e8e8">
<td width="20%" class="indent2">Parameter</td><td width="80%">X-Content-Type-Options</td>
</tr>
  
  
  
<tr bgcolor="#e8e8e8">
<td width="20%" class="indent1">URL</td><td width="80%">https://todoist.com/_next/static/chunks/a5174a254d143c3d3d02321814728bdd71b6ab95_CSS.d6f2610c02ca1f2f8023.js</td>
</tr>
  
<tr bgcolor="#e8e8e8">
<td width="20%" class="indent2">Method</td><td width="80%">GET</td>
</tr>
  
<tr bgcolor="#e8e8e8">
<td width="20%" class="indent2">Parameter</td><td width="80%">X-Content-Type-Options</td>
</tr>
  
  
  
<tr bgcolor="#e8e8e8">
<td width="20%" class="indent1">URL</td><td width="80%">https://todoist.com/static/locales/en/common.json</td>
</tr>
  
<tr bgcolor="#e8e8e8">
<td width="20%" class="indent2">Method</td><td width="80%">GET</td>
</tr>
  
<tr bgcolor="#e8e8e8">
<td width="20%" class="indent2">Parameter</td><td width="80%">X-Content-Type-Options</td>
</tr>
  
  
  
<tr bgcolor="#e8e8e8">
<td width="20%" class="indent1">URL</td><td width="80%">https://todoist.com/_next/static/Su7XJ3Y1iReNK_fTNqchx/_ssgManifest.js</td>
</tr>
  
<tr bgcolor="#e8e8e8">
<td width="20%" class="indent2">Method</td><td width="80%">GET</td>
</tr>
  
<tr bgcolor="#e8e8e8">
<td width="20%" class="indent2">Parameter</td><td width="80%">X-Content-Type-Options</td>
</tr>
  
  
  
<tr bgcolor="#e8e8e8">
<td width="20%" class="indent1">URL</td><td width="80%">https://todoist.com/_next/static/chunks/a7d9d3dc563f80f9bceeaf1fc394c88e9b2ce764.dc5ca8c774eddce1e0d7.js</td>
</tr>
  
<tr bgcolor="#e8e8e8">
<td width="20%" class="indent2">Method</td><td width="80%">GET</td>
</tr>
  
<tr bgcolor="#e8e8e8">
<td width="20%" class="indent2">Parameter</td><td width="80%">X-Content-Type-Options</td>
</tr>
  
  
  
<tr bgcolor="#e8e8e8">
<td width="20%" class="indent1">URL</td><td width="80%">https://todoist.com/es</td>
</tr>
  
<tr bgcolor="#e8e8e8">
<td width="20%" class="indent2">Method</td><td width="80%">GET</td>
</tr>
  
<tr bgcolor="#e8e8e8">
<td width="20%" class="indent2">Parameter</td><td width="80%">X-Content-Type-Options</td>
</tr>
  
  
  
<tr bgcolor="#e8e8e8">
<td width="20%" class="indent1">URL</td><td width="80%">https://todoist.com/_next/static/chunks/pages/index-50325ffabee779bfc84a.js</td>
</tr>
  
<tr bgcolor="#e8e8e8">
<td width="20%" class="indent2">Method</td><td width="80%">GET</td>
</tr>
  
<tr bgcolor="#e8e8e8">
<td width="20%" class="indent2">Parameter</td><td width="80%">X-Content-Type-Options</td>
</tr>
  
  
  
<tr bgcolor="#e8e8e8">
<td width="20%" class="indent1">URL</td><td width="80%">https://todoist.com/_next/static/chunks/commons.7f9eaa719ef400edb831.js</td>
</tr>
  
<tr bgcolor="#e8e8e8">
<td width="20%" class="indent2">Method</td><td width="80%">GET</td>
</tr>
  
<tr bgcolor="#e8e8e8">
<td width="20%" class="indent2">Parameter</td><td width="80%">X-Content-Type-Options</td>
</tr>
  
  
  
<tr bgcolor="#e8e8e8">
<td width="20%" class="indent1">URL</td><td width="80%">https://todoist.com/_next/static/css/pages/index.e740e94c.chunk.css</td>
</tr>
  
<tr bgcolor="#e8e8e8">
<td width="20%" class="indent2">Method</td><td width="80%">GET</td>
</tr>
  
<tr bgcolor="#e8e8e8">
<td width="20%" class="indent2">Parameter</td><td width="80%">X-Content-Type-Options</td>
</tr>
  
  
  
<tr bgcolor="#e8e8e8">
<td width="20%" class="indent1">URL</td><td width="80%">https://todoist.com/static/locales/es/common.json</td>
</tr>
  
<tr bgcolor="#e8e8e8">
<td width="20%" class="indent2">Method</td><td width="80%">GET</td>
</tr>
  
<tr bgcolor="#e8e8e8">
<td width="20%" class="indent2">Parameter</td><td width="80%">X-Content-Type-Options</td>
</tr>
  
  
  
<tr bgcolor="#e8e8e8">
<td width="20%">Instances</td><td width="80%">28</td>
</tr>
  
<tr bgcolor="#e8e8e8">
<td width="20%">Solution</td><td width="80%"><p>Ensure that the application/web server sets the Content-Type header appropriately, and that it sets the X-Content-Type-Options header to 'nosniff' for all web pages.</p><p>If possible, ensure that the end user uses a standards-compliant and modern web browser that does not perform MIME-sniffing at all, or that can be directed by the web application/web server to not perform MIME-sniffing.</p></td>
</tr>
  
<tr bgcolor="#e8e8e8">
<td width="20%">Other information</td><td width="80%"><p>This issue still applies to error type pages (401, 403, 500, etc.) as those pages are often still affected by injection issues, in which case there is still concern for browsers sniffing pages away from their actual content type.</p><p>At "High" threshold this scan rule will not alert on client or server error responses.</p></td>
</tr>
<TR vAlign="top">
<TD colspan="2"></TD>
</TR>
  
<tr bgcolor="#e8e8e8">
<td width="20%">Reference</td><td width="80%"><p>http://msdn.microsoft.com/en-us/library/ie/gg622941%28v=vs.85%29.aspx</p><p>https://owasp.org/www-community/Security_Headers</p></td>
</tr>
  
<tr bgcolor="#e8e8e8">
<td width="20%">CWE Id</td><td width="80%">16</td>
</tr>
  
<tr bgcolor="#e8e8e8">
<td width="20%">WASC Id</td><td width="80%">15</td>
</tr>
  
<tr bgcolor="#e8e8e8">
<td width="20%">Source ID</td><td width="80%">3</td>
</tr>

</table>
<div class="spacer"></div>
<table width="100%" class="results">
  
  
  
  
<tr height="24" class="risk-info">
<th width="20%"><a name="info"></a>Informational (Medium)</th><th width="80%">CSP: Notices</th>
</tr>
  
  
  
  
<tr bgcolor="#e8e8e8">
<td width="20%">Description</td><td width="80%"><p>Info Items:</p><p>1:1715: A draft of the next version of CSP deprecates report-uri in favour of a new report-to directive.</p><p></p></td>
</tr>
<TR vAlign="top">
<TD colspan="2"></TD>
</TR>
  
  
  
<tr bgcolor="#e8e8e8">
<td width="20%" class="indent1">URL</td><td width="80%">https://todoist.com/app/</td>
</tr>
  
<tr bgcolor="#e8e8e8">
<td width="20%" class="indent2">Method</td><td width="80%">GET</td>
</tr>
  
<tr bgcolor="#e8e8e8">
<td width="20%" class="indent2">Parameter</td><td width="80%">Content-Security-Policy</td>
</tr>
  
<tr bgcolor="#e8e8e8">
<td width="20%" class="indent2">Evidence</td><td width="80%">default-src 'self' wss://*.todoist.com https://www.google-analytics.com https://o476415.ingest.sentry.io https://d3ptyyxy2at9ui.cloudfront.net https://dcff1xvirvpfp.cloudfront.net https://d266vjxpnndrqi.cloudfront.net https://x-api.rollout.io https://statestore.rollout.io https://conf.rollout.io https://push.rollout.io https://analytic.rollout.io https://browser.sentry-cdn.com https://www.dropbox.com/static/api/2/dropins.js https://apis.google.com https://*.todoist.com https://todoist.com https://maps.googleapis.com https://fonts.gstatic.com; style-src 'self' wss://*.todoist.com https://www.google-analytics.com https://o476415.ingest.sentry.io https://d3ptyyxy2at9ui.cloudfront.net https://dcff1xvirvpfp.cloudfront.net https://d266vjxpnndrqi.cloudfront.net https://x-api.rollout.io https://statestore.rollout.io https://conf.rollout.io https://push.rollout.io https://analytic.rollout.io https://browser.sentry-cdn.com https://www.dropbox.com/static/api/2/dropins.js https://apis.google.com https://*.todoist.com https://todoist.com https://maps.googleapis.com https://fonts.gstatic.com 'unsafe-inline' https://fonts.googleapis.com; img-src 'self' data:  https://d3ptyyxy2at9ui.cloudfront.net https://dcff1xvirvpfp.cloudfront.net https://d266vjxpnndrqi.cloudfront.net https://d1x0mwiac2rqwt.cloudfront.net https://avatars.doist.com https://image-resize.todoist.com https://maps.gstatic.com https://*.googleapis.com https://*.ggpht https://twemoji.maxcdn.com https://www.google-analytics.com; media-src 'self' https://d1ysz50cxb9zwl.cloudfront.net https://d3ptyyxy2at9ui.cloudfront.net https://files.todoist.com; frame-src 'self' https://www.dropbox.com https://accounts.google.com https://docs.google.com; report-uri /csp_report</td>
</tr>
  
  
  
<tr bgcolor="#e8e8e8">
<td width="20%">Instances</td><td width="80%">1</td>
</tr>
  
<tr bgcolor="#e8e8e8">
<td width="20%">Solution</td><td width="80%"><p>Ensure that your web server, application server, load balancer, etc. is properly configured to set the Content-Security-Policy header.</p></td>
</tr>
  
<tr bgcolor="#e8e8e8">
<td width="20%">Other information</td><td width="80%"><p>The response contained multiple CSP headers, one or more of them contained a report-uri directive and therefore they could not be merged. The first identified header/policy was analyzed.</p></td>
</tr>
<TR vAlign="top">
<TD colspan="2"></TD>
</TR>
  
<tr bgcolor="#e8e8e8">
<td width="20%">Reference</td><td width="80%"><p>http://www.w3.org/TR/CSP2/</p><p>http://www.w3.org/TR/CSP/</p><p>http://caniuse.com/#search=content+security+policy</p><p>http://content-security-policy.com/</p><p>https://github.com/shapesecurity/salvation</p><p>https://developers.google.com/web/fundamentals/security/csp#policy_applies_to_a_wide_variety_of_resources</p></td>
</tr>
  
<tr bgcolor="#e8e8e8">
<td width="20%">CWE Id</td><td width="80%">16</td>
</tr>
  
<tr bgcolor="#e8e8e8">
<td width="20%">WASC Id</td><td width="80%">15</td>
</tr>
  
<tr bgcolor="#e8e8e8">
<td width="20%">Source ID</td><td width="80%">3</td>
</tr>

</table>
<div class="spacer"></div>
<table width="100%" class="results">
  
  
  
  
<tr height="24" class="risk-info">
<th width="20%"><a name="info"></a>Informational (Medium)</th><th width="80%">Information Disclosure - Sensitive Information in URL</th>
</tr>
  
  
  
  
<tr bgcolor="#e8e8e8">
<td width="20%">Description</td><td width="80%"><p>The request appeared to contain sensitive information leaked in the URL. This can violate PCI and most organizational compliance policies. You can configure the list of strings for this check to add or remove values specific to your environment.</p></td>
</tr>
<TR vAlign="top">
<TD colspan="2"></TD>
</TR>
  
  
  
<tr bgcolor="#e8e8e8">
<td width="20%" class="indent1">URL</td><td width="80%">https://ws.todoist.com/ws?token=5b532d5adc4485a6</td>
</tr>
  
<tr bgcolor="#e8e8e8">
<td width="20%" class="indent2">Method</td><td width="80%">GET</td>
</tr>
  
<tr bgcolor="#e8e8e8">
<td width="20%" class="indent2">Parameter</td><td width="80%">token</td>
</tr>
  
<tr bgcolor="#e8e8e8">
<td width="20%" class="indent2">Evidence</td><td width="80%">token</td>
</tr>
  
  
  
<tr bgcolor="#e8e8e8">
<td width="20%">Instances</td><td width="80%">1</td>
</tr>
  
<tr bgcolor="#e8e8e8">
<td width="20%">Solution</td><td width="80%"><p>Do not pass sensitive information in URIs.</p></td>
</tr>
  
<tr bgcolor="#e8e8e8">
<td width="20%">Other information</td><td width="80%"><p>The URL contains potentially sensitive information. The following string was found via the pattern: token</p><p>token</p></td>
</tr>
<TR vAlign="top">
<TD colspan="2"></TD>
</TR>
  
<tr bgcolor="#e8e8e8">
<td width="20%">Reference</td><td width="80%"><p></p></td>
</tr>
  
<tr bgcolor="#e8e8e8">
<td width="20%">CWE Id</td><td width="80%">200</td>
</tr>
  
<tr bgcolor="#e8e8e8">
<td width="20%">WASC Id</td><td width="80%">13</td>
</tr>
  
<tr bgcolor="#e8e8e8">
<td width="20%">Source ID</td><td width="80%">3</td>
</tr>

</table>
<div class="spacer"></div>
<table width="100%" class="results">
  
  
  
  
<tr height="24" class="risk-info">
<th width="20%"><a name="info"></a>Informational (Low)</th><th width="80%">Information Disclosure - Suspicious Comments</th>
</tr>
  
  
  
  
<tr bgcolor="#e8e8e8">
<td width="20%">Description</td><td width="80%"><p>The response appears to contain suspicious comments which may help an attacker. Note: Matches made within script blocks or files are against the entire content not only comments.</p></td>
</tr>
<TR vAlign="top">
<TD colspan="2"></TD>
</TR>
  
  
  
<tr bgcolor="#e8e8e8">
<td width="20%" class="indent1">URL</td><td width="80%">https://todoist.com/_next/static/chunks/commons.7f9eaa719ef400edb831.js</td>
</tr>
  
<tr bgcolor="#e8e8e8">
<td width="20%" class="indent2">Method</td><td width="80%">GET</td>
</tr>
  
<tr bgcolor="#e8e8e8">
<td width="20%" class="indent2">Evidence</td><td width="80%">query</td>
</tr>
  
  
  
<tr bgcolor="#e8e8e8">
<td width="20%" class="indent1">URL</td><td width="80%">https://todoist.com/_next/static/Su7XJ3Y1iReNK_fTNqchx/_buildManifest.js</td>
</tr>
  
<tr bgcolor="#e8e8e8">
<td width="20%" class="indent2">Method</td><td width="80%">GET</td>
</tr>
  
<tr bgcolor="#e8e8e8">
<td width="20%" class="indent2">Evidence</td><td width="80%">user</td>
</tr>
  
  
  
<tr bgcolor="#e8e8e8">
<td width="20%" class="indent1">URL</td><td width="80%">https://todoist.com/_next/static/chunks/a5174a254d143c3d3d02321814728bdd71b6ab95.8aeeecc87435cd012b41.js</td>
</tr>
  
<tr bgcolor="#e8e8e8">
<td width="20%" class="indent2">Method</td><td width="80%">GET</td>
</tr>
  
<tr bgcolor="#e8e8e8">
<td width="20%" class="indent2">Evidence</td><td width="80%">query</td>
</tr>
  
  
  
<tr bgcolor="#e8e8e8">
<td width="20%" class="indent1">URL</td><td width="80%">https://todoist.com/_next/static/chunks/0e8f85b20ed9ab0a6102c8b8298bac1d6cb4c89b.0fe8d2aa3a66f036f1d2.js</td>
</tr>
  
<tr bgcolor="#e8e8e8">
<td width="20%" class="indent2">Method</td><td width="80%">GET</td>
</tr>
  
<tr bgcolor="#e8e8e8">
<td width="20%" class="indent2">Evidence</td><td width="80%">SELECT</td>
</tr>
  
  
  
<tr bgcolor="#e8e8e8">
<td width="20%" class="indent1">URL</td><td width="80%">https://todoist.com/_next/static/chunks/a7d9d3dc563f80f9bceeaf1fc394c88e9b2ce764.dc5ca8c774eddce1e0d7.js</td>
</tr>
  
<tr bgcolor="#e8e8e8">
<td width="20%" class="indent2">Method</td><td width="80%">GET</td>
</tr>
  
<tr bgcolor="#e8e8e8">
<td width="20%" class="indent2">Evidence</td><td width="80%">bug</td>
</tr>
  
  
  
<tr bgcolor="#e8e8e8">
<td width="20%" class="indent1">URL</td><td width="80%">https://todoist.com/es</td>
</tr>
  
<tr bgcolor="#e8e8e8">
<td width="20%" class="indent2">Method</td><td width="80%">GET</td>
</tr>
  
<tr bgcolor="#e8e8e8">
<td width="20%" class="indent2">Evidence</td><td width="80%">todo</td>
</tr>
  
  
  
<tr bgcolor="#e8e8e8">
<td width="20%" class="indent1">URL</td><td width="80%">https://todoist.com/_next/static/chunks/pages/index-50325ffabee779bfc84a.js</td>
</tr>
  
<tr bgcolor="#e8e8e8">
<td width="20%" class="indent2">Method</td><td width="80%">GET</td>
</tr>
  
<tr bgcolor="#e8e8e8">
<td width="20%" class="indent2">Evidence</td><td width="80%">DB</td>
</tr>
  
  
  
<tr bgcolor="#e8e8e8">
<td width="20%" class="indent1">URL</td><td width="80%">https://todoist.com/_next/static/chunks/98618d58f2d1dd3f4c8f42b4970db65e004fbfe5.6c003068d2db4fbc855f.js</td>
</tr>
  
<tr bgcolor="#e8e8e8">
<td width="20%" class="indent2">Method</td><td width="80%">GET</td>
</tr>
  
<tr bgcolor="#e8e8e8">
<td width="20%" class="indent2">Evidence</td><td width="80%">user</td>
</tr>
  
  
  
<tr bgcolor="#e8e8e8">
<td width="20%" class="indent1">URL</td><td width="80%">https://todoist.com/_next/static/chunks/main-1ca0aabf0fb4e4d9fa88.js</td>
</tr>
  
<tr bgcolor="#e8e8e8">
<td width="20%" class="indent2">Method</td><td width="80%">GET</td>
</tr>
  
<tr bgcolor="#e8e8e8">
<td width="20%" class="indent2">Evidence</td><td width="80%">query</td>
</tr>
  
  
  
<tr bgcolor="#e8e8e8">
<td width="20%" class="indent1">URL</td><td width="80%">https://todoist.com/_next/static/chunks/4af5f773.1851fbd0845d20ef7104.js</td>
</tr>
  
<tr bgcolor="#e8e8e8">
<td width="20%" class="indent2">Method</td><td width="80%">GET</td>
</tr>
  
<tr bgcolor="#e8e8e8">
<td width="20%" class="indent2">Evidence</td><td width="80%">Db</td>
</tr>
  
  
  
<tr bgcolor="#e8e8e8">
<td width="20%" class="indent1">URL</td><td width="80%">https://todoist.com/_next/static/chunks/framework.dc73b2df61134dea1baf.js</td>
</tr>
  
<tr bgcolor="#e8e8e8">
<td width="20%" class="indent2">Method</td><td width="80%">GET</td>
</tr>
  
<tr bgcolor="#e8e8e8">
<td width="20%" class="indent2">Evidence</td><td width="80%">select</td>
</tr>
  
  
  
<tr bgcolor="#e8e8e8">
<td width="20%" class="indent1">URL</td><td width="80%">https://todoist.com/_next/static/chunks/46300902bf7c6e1374dd592a461ea5a5a6d02de9.dcfb80a6e6abd69835ad.js</td>
</tr>
  
<tr bgcolor="#e8e8e8">
<td width="20%" class="indent2">Method</td><td width="80%">GET</td>
</tr>
  
<tr bgcolor="#e8e8e8">
<td width="20%" class="indent2">Evidence</td><td width="80%">query</td>
</tr>
  
  
  
<tr bgcolor="#e8e8e8">
<td width="20%" class="indent1">URL</td><td width="80%">https://todoist.com/_next/static/chunks/pages/_app-3b4743dbd65bee2727de.js</td>
</tr>
  
<tr bgcolor="#e8e8e8">
<td width="20%" class="indent2">Method</td><td width="80%">GET</td>
</tr>
  
<tr bgcolor="#e8e8e8">
<td width="20%" class="indent2">Evidence</td><td width="80%">query</td>
</tr>
  
  
  
<tr bgcolor="#e8e8e8">
<td width="20%">Instances</td><td width="80%">13</td>
</tr>
  
<tr bgcolor="#e8e8e8">
<td width="20%">Solution</td><td width="80%"><p>Remove all comments that return information that may help an attacker and fix any underlying problems they refer to.</p></td>
</tr>
  
<tr bgcolor="#e8e8e8">
<td width="20%">Other information</td><td width="80%"><p>The following pattern was used: \bQUERY\b and was detected in the element starting with: "(window.webpackJsonp_N_E=window.webpackJsonp_N_E||[]).push([[0],{"/GRZ":function(e,t){e.exports=function(e,t){if(!(e instanceof ", see evidence field for the suspicious comment/snippet.</p></td>
</tr>
<TR vAlign="top">
<TD colspan="2"></TD>
</TR>
  
<tr bgcolor="#e8e8e8">
<td width="20%">Reference</td><td width="80%"><p></p></td>
</tr>
  
<tr bgcolor="#e8e8e8">
<td width="20%">CWE Id</td><td width="80%">200</td>
</tr>
  
<tr bgcolor="#e8e8e8">
<td width="20%">WASC Id</td><td width="80%">13</td>
</tr>
  
<tr bgcolor="#e8e8e8">
<td width="20%">Source ID</td><td width="80%">3</td>
</tr>

</table>
<div class="spacer"></div>
<table width="100%" class="results">
  
  
  
  
<tr height="24" class="risk-info">
<th width="20%"><a name="info"></a>Informational (Low)</th><th width="80%">Timestamp Disclosure - Unix</th>
</tr>
  
  
  
  
<tr bgcolor="#e8e8e8">
<td width="20%">Description</td><td width="80%"><p>A timestamp was disclosed by the application/web server - Unix</p></td>
</tr>
<TR vAlign="top">
<TD colspan="2"></TD>
</TR>
  
  
  
<tr bgcolor="#e8e8e8">
<td width="20%" class="indent1">URL</td><td width="80%">https://todoist.com/_next/static/chunks/0e8f85b20ed9ab0a6102c8b8298bac1d6cb4c89b.0fe8d2aa3a66f036f1d2.js</td>
</tr>
  
<tr bgcolor="#e8e8e8">
<td width="20%" class="indent2">Method</td><td width="80%">GET</td>
</tr>
  
<tr bgcolor="#e8e8e8">
<td width="20%" class="indent2">Evidence</td><td width="80%">1236535329</td>
</tr>
  
  
  
<tr bgcolor="#e8e8e8">
<td width="20%" class="indent1">URL</td><td width="80%">https://todoist.com/_next/static/chunks/framework.dc73b2df61134dea1baf.js</td>
</tr>
  
<tr bgcolor="#e8e8e8">
<td width="20%" class="indent2">Method</td><td width="80%">GET</td>
</tr>
  
<tr bgcolor="#e8e8e8">
<td width="20%" class="indent2">Evidence</td><td width="80%">1073741822</td>
</tr>
  
  
  
<tr bgcolor="#e8e8e8">
<td width="20%" class="indent1">URL</td><td width="80%">https://todoist.com/_next/static/chunks/0e8f85b20ed9ab0a6102c8b8298bac1d6cb4c89b.0fe8d2aa3a66f036f1d2.js</td>
</tr>
  
<tr bgcolor="#e8e8e8">
<td width="20%" class="indent2">Method</td><td width="80%">GET</td>
</tr>
  
<tr bgcolor="#e8e8e8">
<td width="20%" class="indent2">Evidence</td><td width="80%">1990404162</td>
</tr>
  
  
  
<tr bgcolor="#e8e8e8">
<td width="20%" class="indent1">URL</td><td width="80%">https://todoist.com/_next/static/chunks/0e8f85b20ed9ab0a6102c8b8298bac1d6cb4c89b.0fe8d2aa3a66f036f1d2.js</td>
</tr>
  
<tr bgcolor="#e8e8e8">
<td width="20%" class="indent2">Method</td><td width="80%">GET</td>
</tr>
  
<tr bgcolor="#e8e8e8">
<td width="20%" class="indent2">Evidence</td><td width="80%">1502002290</td>
</tr>
  
  
  
<tr bgcolor="#e8e8e8">
<td width="20%" class="indent1">URL</td><td width="80%">https://todoist.com/_next/static/chunks/0e8f85b20ed9ab0a6102c8b8298bac1d6cb4c89b.0fe8d2aa3a66f036f1d2.js</td>
</tr>
  
<tr bgcolor="#e8e8e8">
<td width="20%" class="indent2">Method</td><td width="80%">GET</td>
</tr>
  
<tr bgcolor="#e8e8e8">
<td width="20%" class="indent2">Evidence</td><td width="80%">00000000</td>
</tr>
  
  
  
<tr bgcolor="#e8e8e8">
<td width="20%" class="indent1">URL</td><td width="80%">https://todoist.com/_next/static/chunks/a5174a254d143c3d3d02321814728bdd71b6ab95.8aeeecc87435cd012b41.js</td>
</tr>
  
<tr bgcolor="#e8e8e8">
<td width="20%" class="indent2">Method</td><td width="80%">GET</td>
</tr>
  
<tr bgcolor="#e8e8e8">
<td width="20%" class="indent2">Evidence</td><td width="80%">1073741823</td>
</tr>
  
  
  
<tr bgcolor="#e8e8e8">
<td width="20%" class="indent1">URL</td><td width="80%">https://todoist.com/_next/static/chunks/0e8f85b20ed9ab0a6102c8b8298bac1d6cb4c89b.0fe8d2aa3a66f036f1d2.js</td>
</tr>
  
<tr bgcolor="#e8e8e8">
<td width="20%" class="indent2">Method</td><td width="80%">GET</td>
</tr>
  
<tr bgcolor="#e8e8e8">
<td width="20%" class="indent2">Evidence</td><td width="80%">1530992060</td>
</tr>
  
  
  
<tr bgcolor="#e8e8e8">
<td width="20%" class="indent1">URL</td><td width="80%">https://todoist.com/_next/static/chunks/0e8f85b20ed9ab0a6102c8b8298bac1d6cb4c89b.0fe8d2aa3a66f036f1d2.js</td>
</tr>
  
<tr bgcolor="#e8e8e8">
<td width="20%" class="indent2">Method</td><td width="80%">GET</td>
</tr>
  
<tr bgcolor="#e8e8e8">
<td width="20%" class="indent2">Evidence</td><td width="80%">1732584194</td>
</tr>
  
  
  
<tr bgcolor="#e8e8e8">
<td width="20%" class="indent1">URL</td><td width="80%">https://todoist.com/_next/static/chunks/0e8f85b20ed9ab0a6102c8b8298bac1d6cb4c89b.0fe8d2aa3a66f036f1d2.js</td>
</tr>
  
<tr bgcolor="#e8e8e8">
<td width="20%" class="indent2">Method</td><td width="80%">GET</td>
</tr>
  
<tr bgcolor="#e8e8e8">
<td width="20%" class="indent2">Evidence</td><td width="80%">1926607734</td>
</tr>
  
  
  
<tr bgcolor="#e8e8e8">
<td width="20%" class="indent1">URL</td><td width="80%">https://todoist.com/_next/static/chunks/0e8f85b20ed9ab0a6102c8b8298bac1d6cb4c89b.0fe8d2aa3a66f036f1d2.js</td>
</tr>
  
<tr bgcolor="#e8e8e8">
<td width="20%" class="indent2">Method</td><td width="80%">GET</td>
</tr>
  
<tr bgcolor="#e8e8e8">
<td width="20%" class="indent2">Evidence</td><td width="80%">198630844</td>
</tr>
  
  
  
<tr bgcolor="#e8e8e8">
<td width="20%" class="indent1">URL</td><td width="80%">https://todoist.com/_next/static/chunks/a5174a254d143c3d3d02321814728bdd71b6ab95.8aeeecc87435cd012b41.js</td>
</tr>
  
<tr bgcolor="#e8e8e8">
<td width="20%" class="indent2">Method</td><td width="80%">GET</td>
</tr>
  
<tr bgcolor="#e8e8e8">
<td width="20%" class="indent2">Evidence</td><td width="80%">16777216</td>
</tr>
  
  
  
<tr bgcolor="#e8e8e8">
<td width="20%" class="indent1">URL</td><td width="80%">https://todoist.com/_next/static/chunks/0e8f85b20ed9ab0a6102c8b8298bac1d6cb4c89b.0fe8d2aa3a66f036f1d2.js</td>
</tr>
  
<tr bgcolor="#e8e8e8">
<td width="20%" class="indent2">Method</td><td width="80%">GET</td>
</tr>
  
<tr bgcolor="#e8e8e8">
<td width="20%" class="indent2">Evidence</td><td width="80%">1069501632</td>
</tr>
  
  
  
<tr bgcolor="#e8e8e8">
<td width="20%" class="indent1">URL</td><td width="80%">https://todoist.com/_next/static/chunks/0e8f85b20ed9ab0a6102c8b8298bac1d6cb4c89b.0fe8d2aa3a66f036f1d2.js</td>
</tr>
  
<tr bgcolor="#e8e8e8">
<td width="20%" class="indent2">Method</td><td width="80%">GET</td>
</tr>
  
<tr bgcolor="#e8e8e8">
<td width="20%" class="indent2">Evidence</td><td width="80%">1700485571</td>
</tr>
  
  
  
<tr bgcolor="#e8e8e8">
<td width="20%" class="indent1">URL</td><td width="80%">https://todoist.com/_next/static/chunks/0e8f85b20ed9ab0a6102c8b8298bac1d6cb4c89b.0fe8d2aa3a66f036f1d2.js</td>
</tr>
  
<tr bgcolor="#e8e8e8">
<td width="20%" class="indent2">Method</td><td width="80%">GET</td>
</tr>
  
<tr bgcolor="#e8e8e8">
<td width="20%" class="indent2">Evidence</td><td width="80%">680876936</td>
</tr>
  
  
  
<tr bgcolor="#e8e8e8">
<td width="20%" class="indent1">URL</td><td width="80%">https://todoist.com/_next/static/chunks/0e8f85b20ed9ab0a6102c8b8298bac1d6cb4c89b.0fe8d2aa3a66f036f1d2.js</td>
</tr>
  
<tr bgcolor="#e8e8e8">
<td width="20%" class="indent2">Method</td><td width="80%">GET</td>
</tr>
  
<tr bgcolor="#e8e8e8">
<td width="20%" class="indent2">Evidence</td><td width="80%">1839030562</td>
</tr>
  
  
  
<tr bgcolor="#e8e8e8">
<td width="20%" class="indent1">URL</td><td width="80%">https://todoist.com/_next/static/chunks/0e8f85b20ed9ab0a6102c8b8298bac1d6cb4c89b.0fe8d2aa3a66f036f1d2.js</td>
</tr>
  
<tr bgcolor="#e8e8e8">
<td width="20%" class="indent2">Method</td><td width="80%">GET</td>
</tr>
  
<tr bgcolor="#e8e8e8">
<td width="20%" class="indent2">Evidence</td><td width="80%">40341101</td>
</tr>
  
  
  
<tr bgcolor="#e8e8e8">
<td width="20%" class="indent1">URL</td><td width="80%">https://todoist.com/_next/static/chunks/0e8f85b20ed9ab0a6102c8b8298bac1d6cb4c89b.0fe8d2aa3a66f036f1d2.js</td>
</tr>
  
<tr bgcolor="#e8e8e8">
<td width="20%" class="indent2">Method</td><td width="80%">GET</td>
</tr>
  
<tr bgcolor="#e8e8e8">
<td width="20%" class="indent2">Evidence</td><td width="80%">722521979</td>
</tr>
  
  
  
<tr bgcolor="#e8e8e8">
<td width="20%" class="indent1">URL</td><td width="80%">https://todoist.com/_next/static/chunks/0e8f85b20ed9ab0a6102c8b8298bac1d6cb4c89b.0fe8d2aa3a66f036f1d2.js</td>
</tr>
  
<tr bgcolor="#e8e8e8">
<td width="20%" class="indent2">Method</td><td width="80%">GET</td>
</tr>
  
<tr bgcolor="#e8e8e8">
<td width="20%" class="indent2">Evidence</td><td width="80%">1770035416</td>
</tr>
  
  
  
<tr bgcolor="#e8e8e8">
<td width="20%" class="indent1">URL</td><td width="80%">https://todoist.com/_next/static/chunks/a7d9d3dc563f80f9bceeaf1fc394c88e9b2ce764.dc5ca8c774eddce1e0d7.js</td>
</tr>
  
<tr bgcolor="#e8e8e8">
<td width="20%" class="indent2">Method</td><td width="80%">GET</td>
</tr>
  
<tr bgcolor="#e8e8e8">
<td width="20%" class="indent2">Evidence</td><td width="80%">123456789</td>
</tr>
  
  
  
<tr bgcolor="#e8e8e8">
<td width="20%" class="indent1">URL</td><td width="80%">https://todoist.com/_next/static/chunks/0e8f85b20ed9ab0a6102c8b8298bac1d6cb4c89b.0fe8d2aa3a66f036f1d2.js</td>
</tr>
  
<tr bgcolor="#e8e8e8">
<td width="20%" class="indent2">Method</td><td width="80%">GET</td>
</tr>
  
<tr bgcolor="#e8e8e8">
<td width="20%" class="indent2">Evidence</td><td width="80%">530742520</td>
</tr>
  
  
  
<tr bgcolor="#e8e8e8">
<td width="20%">Instances</td><td width="80%">86</td>
</tr>
  
<tr bgcolor="#e8e8e8">
<td width="20%">Solution</td><td width="80%"><p>Manually confirm that the timestamp data is not sensitive, and that the data cannot be aggregated to disclose exploitable patterns.</p></td>
</tr>
  
<tr bgcolor="#e8e8e8">
<td width="20%">Other information</td><td width="80%"><p>1236535329, which evaluates to: 2009-03-08 13:02:09</p></td>
</tr>
<TR vAlign="top">
<TD colspan="2"></TD>
</TR>
  
<tr bgcolor="#e8e8e8">
<td width="20%">Reference</td><td width="80%"><p>http://projects.webappsec.org/w/page/13246936/Information%20Leakage</p></td>
</tr>
  
<tr bgcolor="#e8e8e8">
<td width="20%">CWE Id</td><td width="80%">200</td>
</tr>
  
<tr bgcolor="#e8e8e8">
<td width="20%">WASC Id</td><td width="80%">13</td>
</tr>
  
<tr bgcolor="#e8e8e8">
<td width="20%">Source ID</td><td width="80%">3</td>
</tr>

</table>
</body>
</html>

]]></system-out>
  <system-err><![CDATA[]]></system-err>
</testsuite>
